Copyright 1986-2022 Xilinx, Inc. All Rights Reserved. Copyright 2022-2025 Advanced Micro Devices, Inc. All Rights Reserved.
---------------------------------------------------------------------------------------------------------------------------------------------
| Tool Version : Vivado v.2025.1 (win64) Build 6140274 Thu May 22 00:12:29 MDT 2025
| Date         : Sat Apr 11 10:41:13 2026
| Host         : DESKTOP-OKS7HGU running 64-bit major release  (build 9200)
| Command      : report_drc -file ecg_system_wrapper_drc_opted.rpt -pb ecg_system_wrapper_drc_opted.pb -rpx ecg_system_wrapper_drc_opted.rpx
| Design       : ecg_system_wrapper
| Device       : xc7z020clg400-1
| Speed File   : -1
| Design State : Synthesized
---------------------------------------------------------------------------------------------------------------------------------------------

Report DRC

Table of Contents
-----------------
1. REPORT SUMMARY
2. REPORT DETAILS

1. REPORT SUMMARY
-----------------
            Netlist: netlist
          Floorplan: design_1
      Design limits: <entire design considered>
           Ruledeck: default
             Max checks: <unlimited>
             Checks found: 76
+-----------+----------+-------------------------------------------------------------------+--------+
| Rule      | Severity | Description                                                       | Checks |
+-----------+----------+-------------------------------------------------------------------+--------+
| DPIP-1    | Warning  | Input pipelining                                                  | 33     |
| DPOP-1    | Warning  | PREG Output pipelining                                            | 15     |
| DPOP-2    | Warning  | MREG Output pipelining                                            | 6      |
| DPREG-4   | Warning  | DSP48E1_PregDynOpmodeZmuxP:                                       | 2      |
| AVAL-4    | Advisory | enum_USE_DPORT_FALSE_enum_DREG_ADREG_0_connects_CED_CEAD_RSTD_GND | 11     |
| AVAL-5    | Advisory | enum_USE_MULT_NONE_enum_DREG_ADREG_0_connects_CED_CEAD_RSTD_GND   | 7      |
| REQP-1725 | Advisory | DSP_Abus_sign_bit_alert                                           | 2      |
+-----------+----------+-------------------------------------------------------------------+--------+

2. REPORT DETAILS
-----------------
DPIP-1#1 Warning
Input pipelining  
DSP ecg_system_i/ecg_cnn_top_0/inst/fadd_32ns_32ns_32_4_full_dsp_1_U339/ecg_cnn_top_fadd_32ns_32ns_32_4_full_dsp_1_ip_u/U0/i_synth/ADDSUB_OP.ADDSUB/DSP.OP/DSP48E1_BODY.ALIGN_ADD/DSP2/i_no_versal_es1_workaround.DSP input ecg_system_i/ecg_cnn_top_0/inst/fadd_32ns_32ns_32_4_full_dsp_1_U339/ecg_cnn_top_fadd_32ns_32ns_32_4_full_dsp_1_ip_u/U0/i_synth/ADDSUB_OP.ADDSUB/DSP.OP/DSP48E1_BODY.ALIGN_ADD/DSP2/i_no_versal_es1_workaround.DSP/A[29:0] is not pipelined. Pipelining DSP48 input will improve performance.
Related violations: <none>

DPIP-1#2 Warning
Input pipelining  
DSP ecg_system_i/ecg_cnn_top_0/inst/fadd_32ns_32ns_32_4_full_dsp_1_U339/ecg_cnn_top_fadd_32ns_32ns_32_4_full_dsp_1_ip_u/U0/i_synth/ADDSUB_OP.ADDSUB/DSP.OP/DSP48E1_BODY.ALIGN_ADD/DSP2/i_no_versal_es1_workaround.DSP input ecg_system_i/ecg_cnn_top_0/inst/fadd_32ns_32ns_32_4_full_dsp_1_U339/ecg_cnn_top_fadd_32ns_32ns_32_4_full_dsp_1_ip_u/U0/i_synth/ADDSUB_OP.ADDSUB/DSP.OP/DSP48E1_BODY.ALIGN_ADD/DSP2/i_no_versal_es1_workaround.DSP/B[17:0] is not pipelined. Pipelining DSP48 input will improve performance.
Related violations: <none>

DPIP-1#3 Warning
Input pipelining  
DSP ecg_system_i/ecg_cnn_top_0/inst/fadd_32ns_32ns_32_4_full_dsp_1_U339/ecg_cnn_top_fadd_32ns_32ns_32_4_full_dsp_1_ip_u/U0/i_synth/ADDSUB_OP.ADDSUB/DSP.OP/DSP48E1_BODY.ALIGN_ADD/DSP2/i_no_versal_es1_workaround.DSP input ecg_system_i/ecg_cnn_top_0/inst/fadd_32ns_32ns_32_4_full_dsp_1_U339/ecg_cnn_top_fadd_32ns_32ns_32_4_full_dsp_1_ip_u/U0/i_synth/ADDSUB_OP.ADDSUB/DSP.OP/DSP48E1_BODY.ALIGN_ADD/DSP2/i_no_versal_es1_workaround.DSP/C[47:0] is not pipelined. Pipelining DSP48 input will improve performance.
Related violations: <none>

DPIP-1#4 Warning
Input pipelining  
DSP ecg_system_i/ecg_cnn_top_0/inst/fadd_32ns_32ns_32_4_full_dsp_1_U339/ecg_cnn_top_fadd_32ns_32ns_32_4_full_dsp_1_ip_u/U0/i_synth/ADDSUB_OP.ADDSUB/DSP.OP/DSP48E1_BODY.NORM_RND/FULL_USAGE_DSP.SHIFT_RND/i_no_versal_es1_workaround.DSP input ecg_system_i/ecg_cnn_top_0/inst/fadd_32ns_32ns_32_4_full_dsp_1_U339/ecg_cnn_top_fadd_32ns_32ns_32_4_full_dsp_1_ip_u/U0/i_synth/ADDSUB_OP.ADDSUB/DSP.OP/DSP48E1_BODY.NORM_RND/FULL_USAGE_DSP.SHIFT_RND/i_no_versal_es1_workaround.DSP/A[29:0] is not pipelined. Pipelining DSP48 input will improve performance.
Related violations: <none>

DPIP-1#5 Warning
Input pipelining  
DSP ecg_system_i/ecg_cnn_top_0/inst/fadd_32ns_32ns_32_4_full_dsp_1_U339/ecg_cnn_top_fadd_32ns_32ns_32_4_full_dsp_1_ip_u/U0/i_synth/ADDSUB_OP.ADDSUB/DSP.OP/DSP48E1_BODY.NORM_RND/FULL_USAGE_DSP.SHIFT_RND/i_no_versal_es1_workaround.DSP input ecg_system_i/ecg_cnn_top_0/inst/fadd_32ns_32ns_32_4_full_dsp_1_U339/ecg_cnn_top_fadd_32ns_32ns_32_4_full_dsp_1_ip_u/U0/i_synth/ADDSUB_OP.ADDSUB/DSP.OP/DSP48E1_BODY.NORM_RND/FULL_USAGE_DSP.SHIFT_RND/i_no_versal_es1_workaround.DSP/B[17:0] is not pipelined. Pipelining DSP48 input will improve performance.
Related violations: <none>

DPIP-1#6 Warning
Input pipelining  
DSP ecg_system_i/ecg_cnn_top_0/inst/fadd_32ns_32ns_32_4_full_dsp_1_U339/ecg_cnn_top_fadd_32ns_32ns_32_4_full_dsp_1_ip_u/U0/i_synth/ADDSUB_OP.ADDSUB/DSP.OP/DSP48E1_BODY.NORM_RND/FULL_USAGE_DSP.SHIFT_RND/i_no_versal_es1_workaround.DSP input ecg_system_i/ecg_cnn_top_0/inst/fadd_32ns_32ns_32_4_full_dsp_1_U339/ecg_cnn_top_fadd_32ns_32ns_32_4_full_dsp_1_ip_u/U0/i_synth/ADDSUB_OP.ADDSUB/DSP.OP/DSP48E1_BODY.NORM_RND/FULL_USAGE_DSP.SHIFT_RND/i_no_versal_es1_workaround.DSP/C[47:0] is not pipelined. Pipelining DSP48 input will improve performance.
Related violations: <none>

DPIP-1#7 Warning
Input pipelining  
DSP ecg_system_i/ecg_cnn_top_0/inst/faddfsub_32ns_32ns_32_4_full_dsp_1_U334/ecg_cnn_top_faddfsub_32ns_32ns_32_4_full_dsp_1_ip_u/U0/i_synth/ADDSUB_OP.ADDSUB/DSP.OP/DSP48E1_BODY.ALIGN_ADD/DSP2/i_no_versal_es1_workaround.DSP input ecg_system_i/ecg_cnn_top_0/inst/faddfsub_32ns_32ns_32_4_full_dsp_1_U334/ecg_cnn_top_faddfsub_32ns_32ns_32_4_full_dsp_1_ip_u/U0/i_synth/ADDSUB_OP.ADDSUB/DSP.OP/DSP48E1_BODY.ALIGN_ADD/DSP2/i_no_versal_es1_workaround.DSP/A[29:0] is not pipelined. Pipelining DSP48 input will improve performance.
Related violations: <none>

DPIP-1#8 Warning
Input pipelining  
DSP ecg_system_i/ecg_cnn_top_0/inst/faddfsub_32ns_32ns_32_4_full_dsp_1_U334/ecg_cnn_top_faddfsub_32ns_32ns_32_4_full_dsp_1_ip_u/U0/i_synth/ADDSUB_OP.ADDSUB/DSP.OP/DSP48E1_BODY.ALIGN_ADD/DSP2/i_no_versal_es1_workaround.DSP input ecg_system_i/ecg_cnn_top_0/inst/faddfsub_32ns_32ns_32_4_full_dsp_1_U334/ecg_cnn_top_faddfsub_32ns_32ns_32_4_full_dsp_1_ip_u/U0/i_synth/ADDSUB_OP.ADDSUB/DSP.OP/DSP48E1_BODY.ALIGN_ADD/DSP2/i_no_versal_es1_workaround.DSP/B[17:0] is not pipelined. Pipelining DSP48 input will improve performance.
Related violations: <none>

DPIP-1#9 Warning
Input pipelining  
DSP ecg_system_i/ecg_cnn_top_0/inst/faddfsub_32ns_32ns_32_4_full_dsp_1_U334/ecg_cnn_top_faddfsub_32ns_32ns_32_4_full_dsp_1_ip_u/U0/i_synth/ADDSUB_OP.ADDSUB/DSP.OP/DSP48E1_BODY.ALIGN_ADD/DSP2/i_no_versal_es1_workaround.DSP input ecg_system_i/ecg_cnn_top_0/inst/faddfsub_32ns_32ns_32_4_full_dsp_1_U334/ecg_cnn_top_faddfsub_32ns_32ns_32_4_full_dsp_1_ip_u/U0/i_synth/ADDSUB_OP.ADDSUB/DSP.OP/DSP48E1_BODY.ALIGN_ADD/DSP2/i_no_versal_es1_workaround.DSP/C[47:0] is not pipelined. Pipelining DSP48 input will improve performance.
Related violations: <none>

DPIP-1#10 Warning
Input pipelining  
DSP ecg_system_i/ecg_cnn_top_0/inst/faddfsub_32ns_32ns_32_4_full_dsp_1_U334/ecg_cnn_top_faddfsub_32ns_32ns_32_4_full_dsp_1_ip_u/U0/i_synth/ADDSUB_OP.ADDSUB/DSP.OP/DSP48E1_BODY.NORM_RND/FULL_USAGE_DSP.SHIFT_RND/i_no_versal_es1_workaround.DSP input ecg_system_i/ecg_cnn_top_0/inst/faddfsub_32ns_32ns_32_4_full_dsp_1_U334/ecg_cnn_top_faddfsub_32ns_32ns_32_4_full_dsp_1_ip_u/U0/i_synth/ADDSUB_OP.ADDSUB/DSP.OP/DSP48E1_BODY.NORM_RND/FULL_USAGE_DSP.SHIFT_RND/i_no_versal_es1_workaround.DSP/A[29:0] is not pipelined. Pipelining DSP48 input will improve performance.
Related violations: <none>

DPIP-1#11 Warning
Input pipelining  
DSP ecg_system_i/ecg_cnn_top_0/inst/faddfsub_32ns_32ns_32_4_full_dsp_1_U334/ecg_cnn_top_faddfsub_32ns_32ns_32_4_full_dsp_1_ip_u/U0/i_synth/ADDSUB_OP.ADDSUB/DSP.OP/DSP48E1_BODY.NORM_RND/FULL_USAGE_DSP.SHIFT_RND/i_no_versal_es1_workaround.DSP input ecg_system_i/ecg_cnn_top_0/inst/faddfsub_32ns_32ns_32_4_full_dsp_1_U334/ecg_cnn_top_faddfsub_32ns_32ns_32_4_full_dsp_1_ip_u/U0/i_synth/ADDSUB_OP.ADDSUB/DSP.OP/DSP48E1_BODY.NORM_RND/FULL_USAGE_DSP.SHIFT_RND/i_no_versal_es1_workaround.DSP/B[17:0] is not pipelined. Pipelining DSP48 input will improve performance.
Related violations: <none>

DPIP-1#12 Warning
Input pipelining  
DSP ecg_system_i/ecg_cnn_top_0/inst/faddfsub_32ns_32ns_32_4_full_dsp_1_U334/ecg_cnn_top_faddfsub_32ns_32ns_32_4_full_dsp_1_ip_u/U0/i_synth/ADDSUB_OP.ADDSUB/DSP.OP/DSP48E1_BODY.NORM_RND/FULL_USAGE_DSP.SHIFT_RND/i_no_versal_es1_workaround.DSP input ecg_system_i/ecg_cnn_top_0/inst/faddfsub_32ns_32ns_32_4_full_dsp_1_U334/ecg_cnn_top_faddfsub_32ns_32ns_32_4_full_dsp_1_ip_u/U0/i_synth/ADDSUB_OP.ADDSUB/DSP.OP/DSP48E1_BODY.NORM_RND/FULL_USAGE_DSP.SHIFT_RND/i_no_versal_es1_workaround.DSP/C[47:0] is not pipelined. Pipelining DSP48 input will improve performance.
Related violations: <none>

DPIP-1#13 Warning
Input pipelining  
DSP ecg_system_i/ecg_cnn_top_0/inst/fmul_32ns_32ns_32_3_max_dsp_1_U335/ecg_cnn_top_fmul_32ns_32ns_32_3_max_dsp_1_ip_u/U0/i_synth/MULT.OP/i_non_prim.MULT/DSP48E1_SPD_SGL_VARIANT.FIX_MULT/DSP1/i_no_versal_es1_workaround.DSP input ecg_system_i/ecg_cnn_top_0/inst/fmul_32ns_32ns_32_3_max_dsp_1_U335/ecg_cnn_top_fmul_32ns_32ns_32_3_max_dsp_1_ip_u/U0/i_synth/MULT.OP/i_non_prim.MULT/DSP48E1_SPD_SGL_VARIANT.FIX_MULT/DSP1/i_no_versal_es1_workaround.DSP/A[29:0] is not pipelined. Pipelining DSP48 input will improve performance.
Related violations: <none>

DPIP-1#14 Warning
Input pipelining  
DSP ecg_system_i/ecg_cnn_top_0/inst/fmul_32ns_32ns_32_3_max_dsp_1_U335/ecg_cnn_top_fmul_32ns_32ns_32_3_max_dsp_1_ip_u/U0/i_synth/MULT.OP/i_non_prim.MULT/DSP48E1_SPD_SGL_VARIANT.FIX_MULT/DSP1/i_no_versal_es1_workaround.DSP input ecg_system_i/ecg_cnn_top_0/inst/fmul_32ns_32ns_32_3_max_dsp_1_U335/ecg_cnn_top_fmul_32ns_32ns_32_3_max_dsp_1_ip_u/U0/i_synth/MULT.OP/i_non_prim.MULT/DSP48E1_SPD_SGL_VARIANT.FIX_MULT/DSP1/i_no_versal_es1_workaround.DSP/B[17:0] is not pipelined. Pipelining DSP48 input will improve performance.
Related violations: <none>

DPIP-1#15 Warning
Input pipelining  
DSP ecg_system_i/ecg_cnn_top_0/inst/fmul_32ns_32ns_32_3_max_dsp_1_U335/ecg_cnn_top_fmul_32ns_32ns_32_3_max_dsp_1_ip_u/U0/i_synth/MULT.OP/i_non_prim.MULT/DSP48E1_SPD_SGL_VARIANT.FIX_MULT/DSP2/i_no_versal_es1_workaround.DSP input ecg_system_i/ecg_cnn_top_0/inst/fmul_32ns_32ns_32_3_max_dsp_1_U335/ecg_cnn_top_fmul_32ns_32ns_32_3_max_dsp_1_ip_u/U0/i_synth/MULT.OP/i_non_prim.MULT/DSP48E1_SPD_SGL_VARIANT.FIX_MULT/DSP2/i_no_versal_es1_workaround.DSP/B[17:0] is not pipelined. Pipelining DSP48 input will improve performance.
Related violations: <none>

DPIP-1#16 Warning
Input pipelining  
DSP ecg_system_i/ecg_cnn_top_0/inst/fmul_32ns_32ns_32_3_max_dsp_1_U335/ecg_cnn_top_fmul_32ns_32ns_32_3_max_dsp_1_ip_u/U0/i_synth/MULT.OP/i_non_prim.R_AND_R/LAT_OPT.FULL.R_AND_R/DSP48E1_SGL_EXP_IP.OLD_ADD.ADD/i_no_versal_es1_workaround.DSP input ecg_system_i/ecg_cnn_top_0/inst/fmul_32ns_32ns_32_3_max_dsp_1_U335/ecg_cnn_top_fmul_32ns_32ns_32_3_max_dsp_1_ip_u/U0/i_synth/MULT.OP/i_non_prim.R_AND_R/LAT_OPT.FULL.R_AND_R/DSP48E1_SGL_EXP_IP.OLD_ADD.ADD/i_no_versal_es1_workaround.DSP/C[47:0] is not pipelined. Pipelining DSP48 input will improve performance.
Related violations: <none>

DPIP-1#17 Warning
Input pipelining  
DSP ecg_system_i/ecg_cnn_top_0/inst/grp_ecg_cnn_top_Pipeline_VITIS_LOOP_340_4_fu_2051/fexp_32ns_32ns_32_8_full_dsp_1_U308/ecg_cnn_top_fexp_32ns_32ns_32_8_full_dsp_1_ip_u/U0/i_synth/EXP_OP.i_sp_or_dp.OP/g_Fr_sp_dsp.i_calculate_Fr/i_no_versal_es1_workaround.DSP input ecg_system_i/ecg_cnn_top_0/inst/grp_ecg_cnn_top_Pipeline_VITIS_LOOP_340_4_fu_2051/fexp_32ns_32ns_32_8_full_dsp_1_U308/ecg_cnn_top_fexp_32ns_32ns_32_8_full_dsp_1_ip_u/U0/i_synth/EXP_OP.i_sp_or_dp.OP/g_Fr_sp_dsp.i_calculate_Fr/i_no_versal_es1_workaround.DSP/A[29:0] is not pipelined. Pipelining DSP48 input will improve performance.
Related violations: <none>

DPIP-1#18 Warning
Input pipelining  
DSP ecg_system_i/ecg_cnn_top_0/inst/grp_ecg_cnn_top_Pipeline_VITIS_LOOP_340_4_fu_2051/fexp_32ns_32ns_32_8_full_dsp_1_U308/ecg_cnn_top_fexp_32ns_32ns_32_8_full_dsp_1_ip_u/U0/i_synth/EXP_OP.i_sp_or_dp.OP/g_Fr_sp_dsp.i_calculate_Fr/i_no_versal_es1_workaround.DSP input ecg_system_i/ecg_cnn_top_0/inst/grp_ecg_cnn_top_Pipeline_VITIS_LOOP_340_4_fu_2051/fexp_32ns_32ns_32_8_full_dsp_1_U308/ecg_cnn_top_fexp_32ns_32ns_32_8_full_dsp_1_ip_u/U0/i_synth/EXP_OP.i_sp_or_dp.OP/g_Fr_sp_dsp.i_calculate_Fr/i_no_versal_es1_workaround.DSP/B[17:0] is not pipelined. Pipelining DSP48 input will improve performance.
Related violations: <none>

DPIP-1#19 Warning
Input pipelining  
DSP ecg_system_i/ecg_cnn_top_0/inst/grp_ecg_cnn_top_Pipeline_VITIS_LOOP_340_4_fu_2051/fexp_32ns_32ns_32_8_full_dsp_1_U308/ecg_cnn_top_fexp_32ns_32ns_32_8_full_dsp_1_ip_u/U0/i_synth/EXP_OP.i_sp_or_dp.OP/g_Fr_sp_dsp.i_calculate_Fr/i_no_versal_es1_workaround.DSP input ecg_system_i/ecg_cnn_top_0/inst/grp_ecg_cnn_top_Pipeline_VITIS_LOOP_340_4_fu_2051/fexp_32ns_32ns_32_8_full_dsp_1_U308/ecg_cnn_top_fexp_32ns_32ns_32_8_full_dsp_1_ip_u/U0/i_synth/EXP_OP.i_sp_or_dp.OP/g_Fr_sp_dsp.i_calculate_Fr/i_no_versal_es1_workaround.DSP/C[47:0] is not pipelined. Pipelining DSP48 input will improve performance.
Related violations: <none>

DPIP-1#20 Warning
Input pipelining  
DSP ecg_system_i/ecg_cnn_top_0/inst/grp_ecg_cnn_top_Pipeline_VITIS_LOOP_340_4_fu_2051/fexp_32ns_32ns_32_8_full_dsp_1_U308/ecg_cnn_top_fexp_32ns_32ns_32_8_full_dsp_1_ip_u/U0/i_synth/EXP_OP.i_sp_or_dp.OP/i_calculate_Xf/dsp.one.dsp48e1_add/i_no_versal_es1_workaround.DSP input ecg_system_i/ecg_cnn_top_0/inst/grp_ecg_cnn_top_Pipeline_VITIS_LOOP_340_4_fu_2051/fexp_32ns_32ns_32_8_full_dsp_1_U308/ecg_cnn_top_fexp_32ns_32ns_32_8_full_dsp_1_ip_u/U0/i_synth/EXP_OP.i_sp_or_dp.OP/i_calculate_Xf/dsp.one.dsp48e1_add/i_no_versal_es1_workaround.DSP/A[29:0] is not pipelined. Pipelining DSP48 input will improve performance.
Related violations: <none>

DPIP-1#21 Warning
Input pipelining  
DSP ecg_system_i/ecg_cnn_top_0/inst/grp_ecg_cnn_top_Pipeline_VITIS_LOOP_340_4_fu_2051/fexp_32ns_32ns_32_8_full_dsp_1_U308/ecg_cnn_top_fexp_32ns_32ns_32_8_full_dsp_1_ip_u/U0/i_synth/EXP_OP.i_sp_or_dp.OP/i_calculate_Xf/dsp.one.dsp48e1_add/i_no_versal_es1_workaround.DSP input ecg_system_i/ecg_cnn_top_0/inst/grp_ecg_cnn_top_Pipeline_VITIS_LOOP_340_4_fu_2051/fexp_32ns_32ns_32_8_full_dsp_1_U308/ecg_cnn_top_fexp_32ns_32ns_32_8_full_dsp_1_ip_u/U0/i_synth/EXP_OP.i_sp_or_dp.OP/i_calculate_Xf/dsp.one.dsp48e1_add/i_no_versal_es1_workaround.DSP/B[17:0] is not pipelined. Pipelining DSP48 input will improve performance.
Related violations: <none>

DPIP-1#22 Warning
Input pipelining  
DSP ecg_system_i/ecg_cnn_top_0/inst/grp_ecg_cnn_top_Pipeline_VITIS_LOOP_340_4_fu_2051/fexp_32ns_32ns_32_8_full_dsp_1_U308/ecg_cnn_top_fexp_32ns_32ns_32_8_full_dsp_1_ip_u/U0/i_synth/EXP_OP.i_sp_or_dp.OP/i_calculate_Xf/dsp.one.dsp48e1_add/i_no_versal_es1_workaround.DSP input ecg_system_i/ecg_cnn_top_0/inst/grp_ecg_cnn_top_Pipeline_VITIS_LOOP_340_4_fu_2051/fexp_32ns_32ns_32_8_full_dsp_1_U308/ecg_cnn_top_fexp_32ns_32ns_32_8_full_dsp_1_ip_u/U0/i_synth/EXP_OP.i_sp_or_dp.OP/i_calculate_Xf/dsp.one.dsp48e1_add/i_no_versal_es1_workaround.DSP/C[47:0] is not pipelined. Pipelining DSP48 input will improve performance.
Related violations: <none>

DPIP-1#23 Warning
Input pipelining  
DSP ecg_system_i/ecg_cnn_top_0/inst/grp_ecg_cnn_top_Pipeline_VITIS_LOOP_340_4_fu_2051/fexp_32ns_32ns_32_8_full_dsp_1_U308/ecg_cnn_top_fexp_32ns_32ns_32_8_full_dsp_1_ip_u/U0/i_synth/EXP_OP.i_sp_or_dp.OP/i_ccm_ln2/g_tables[0].i_addsub/dsp.one.dsp48e1_add/i_no_versal_es1_workaround.DSP input ecg_system_i/ecg_cnn_top_0/inst/grp_ecg_cnn_top_Pipeline_VITIS_LOOP_340_4_fu_2051/fexp_32ns_32ns_32_8_full_dsp_1_U308/ecg_cnn_top_fexp_32ns_32ns_32_8_full_dsp_1_ip_u/U0/i_synth/EXP_OP.i_sp_or_dp.OP/i_ccm_ln2/g_tables[0].i_addsub/dsp.one.dsp48e1_add/i_no_versal_es1_workaround.DSP/A[29:0] is not pipelined. Pipelining DSP48 input will improve performance.
Related violations: <none>

DPIP-1#24 Warning
Input pipelining  
DSP ecg_system_i/ecg_cnn_top_0/inst/grp_ecg_cnn_top_Pipeline_VITIS_LOOP_340_4_fu_2051/fexp_32ns_32ns_32_8_full_dsp_1_U308/ecg_cnn_top_fexp_32ns_32ns_32_8_full_dsp_1_ip_u/U0/i_synth/EXP_OP.i_sp_or_dp.OP/i_ccm_ln2/g_tables[0].i_addsub/dsp.one.dsp48e1_add/i_no_versal_es1_workaround.DSP input ecg_system_i/ecg_cnn_top_0/inst/grp_ecg_cnn_top_Pipeline_VITIS_LOOP_340_4_fu_2051/fexp_32ns_32ns_32_8_full_dsp_1_U308/ecg_cnn_top_fexp_32ns_32ns_32_8_full_dsp_1_ip_u/U0/i_synth/EXP_OP.i_sp_or_dp.OP/i_ccm_ln2/g_tables[0].i_addsub/dsp.one.dsp48e1_add/i_no_versal_es1_workaround.DSP/B[17:0] is not pipelined. Pipelining DSP48 input will improve performance.
Related violations: <none>

DPIP-1#25 Warning
Input pipelining  
DSP ecg_system_i/ecg_cnn_top_0/inst/grp_ecg_cnn_top_Pipeline_VITIS_LOOP_340_4_fu_2051/fexp_32ns_32ns_32_8_full_dsp_1_U308/ecg_cnn_top_fexp_32ns_32ns_32_8_full_dsp_1_ip_u/U0/i_synth/EXP_OP.i_sp_or_dp.OP/i_ccm_ln2/g_tables[1].i_addsub/dsp.one.dsp48e1_add/i_no_versal_es1_workaround.DSP input ecg_system_i/ecg_cnn_top_0/inst/grp_ecg_cnn_top_Pipeline_VITIS_LOOP_340_4_fu_2051/fexp_32ns_32ns_32_8_full_dsp_1_U308/ecg_cnn_top_fexp_32ns_32ns_32_8_full_dsp_1_ip_u/U0/i_synth/EXP_OP.i_sp_or_dp.OP/i_ccm_ln2/g_tables[1].i_addsub/dsp.one.dsp48e1_add/i_no_versal_es1_workaround.DSP/A[29:0] is not pipelined. Pipelining DSP48 input will improve performance.
Related violations: <none>

DPIP-1#26 Warning
Input pipelining  
DSP ecg_system_i/ecg_cnn_top_0/inst/grp_ecg_cnn_top_Pipeline_VITIS_LOOP_340_4_fu_2051/fexp_32ns_32ns_32_8_full_dsp_1_U308/ecg_cnn_top_fexp_32ns_32ns_32_8_full_dsp_1_ip_u/U0/i_synth/EXP_OP.i_sp_or_dp.OP/i_ccm_ln2/g_tables[1].i_addsub/dsp.one.dsp48e1_add/i_no_versal_es1_workaround.DSP input ecg_system_i/ecg_cnn_top_0/inst/grp_ecg_cnn_top_Pipeline_VITIS_LOOP_340_4_fu_2051/fexp_32ns_32ns_32_8_full_dsp_1_U308/ecg_cnn_top_fexp_32ns_32ns_32_8_full_dsp_1_ip_u/U0/i_synth/EXP_OP.i_sp_or_dp.OP/i_ccm_ln2/g_tables[1].i_addsub/dsp.one.dsp48e1_add/i_no_versal_es1_workaround.DSP/B[17:0] is not pipelined. Pipelining DSP48 input will improve performance.
Related violations: <none>

DPIP-1#27 Warning
Input pipelining  
DSP ecg_system_i/ecg_cnn_top_0/inst/grp_ecg_cnn_top_Pipeline_VITIS_LOOP_340_4_fu_2051/fexp_32ns_32ns_32_8_full_dsp_1_U308/ecg_cnn_top_fexp_32ns_32ns_32_8_full_dsp_1_ip_u/U0/i_synth/EXP_OP.i_sp_or_dp.OP/i_ccm_ln2/g_tables[1].i_addsub/dsp.one.dsp48e1_add/i_no_versal_es1_workaround.DSP input ecg_system_i/ecg_cnn_top_0/inst/grp_ecg_cnn_top_Pipeline_VITIS_LOOP_340_4_fu_2051/fexp_32ns_32ns_32_8_full_dsp_1_U308/ecg_cnn_top_fexp_32ns_32ns_32_8_full_dsp_1_ip_u/U0/i_synth/EXP_OP.i_sp_or_dp.OP/i_ccm_ln2/g_tables[1].i_addsub/dsp.one.dsp48e1_add/i_no_versal_es1_workaround.DSP/C[47:0] is not pipelined. Pipelining DSP48 input will improve performance.
Related violations: <none>

DPIP-1#28 Warning
Input pipelining  
DSP ecg_system_i/ecg_cnn_top_0/inst/grp_ecg_cnn_top_Pipeline_VITIS_LOOP_340_4_fu_2051/fexp_32ns_32ns_32_8_full_dsp_1_U308/ecg_cnn_top_fexp_32ns_32ns_32_8_full_dsp_1_ip_u/U0/i_synth/EXP_OP.i_sp_or_dp.OP/i_ccm_recip_ln2/g_tables[0].i_addsub/dsp.one.dsp48e1_add/i_no_versal_es1_workaround.DSP input ecg_system_i/ecg_cnn_top_0/inst/grp_ecg_cnn_top_Pipeline_VITIS_LOOP_340_4_fu_2051/fexp_32ns_32ns_32_8_full_dsp_1_U308/ecg_cnn_top_fexp_32ns_32ns_32_8_full_dsp_1_ip_u/U0/i_synth/EXP_OP.i_sp_or_dp.OP/i_ccm_recip_ln2/g_tables[0].i_addsub/dsp.one.dsp48e1_add/i_no_versal_es1_workaround.DSP/B[17:0] is not pipelined. Pipelining DSP48 input will improve performance.
Related violations: <none>

DPIP-1#29 Warning
Input pipelining  
DSP ecg_system_i/ecg_cnn_top_0/inst/grp_ecg_cnn_top_Pipeline_VITIS_LOOP_340_4_fu_2051/fexp_32ns_32ns_32_8_full_dsp_1_U308/ecg_cnn_top_fexp_32ns_32ns_32_8_full_dsp_1_ip_u/U0/i_synth/EXP_OP.i_sp_or_dp.OP/i_ccm_recip_ln2/g_tables[1].i_addsub/dsp.one.dsp48e1_add/i_no_versal_es1_workaround.DSP input ecg_system_i/ecg_cnn_top_0/inst/grp_ecg_cnn_top_Pipeline_VITIS_LOOP_340_4_fu_2051/fexp_32ns_32ns_32_8_full_dsp_1_U308/ecg_cnn_top_fexp_32ns_32ns_32_8_full_dsp_1_ip_u/U0/i_synth/EXP_OP.i_sp_or_dp.OP/i_ccm_recip_ln2/g_tables[1].i_addsub/dsp.one.dsp48e1_add/i_no_versal_es1_workaround.DSP/A[29:0] is not pipelined. Pipelining DSP48 input will improve performance.
Related violations: <none>

DPIP-1#30 Warning
Input pipelining  
DSP ecg_system_i/ecg_cnn_top_0/inst/grp_ecg_cnn_top_Pipeline_VITIS_LOOP_340_4_fu_2051/fexp_32ns_32ns_32_8_full_dsp_1_U308/ecg_cnn_top_fexp_32ns_32ns_32_8_full_dsp_1_ip_u/U0/i_synth/EXP_OP.i_sp_or_dp.OP/i_ccm_recip_ln2/g_tables[1].i_addsub/dsp.one.dsp48e1_add/i_no_versal_es1_workaround.DSP input ecg_system_i/ecg_cnn_top_0/inst/grp_ecg_cnn_top_Pipeline_VITIS_LOOP_340_4_fu_2051/fexp_32ns_32ns_32_8_full_dsp_1_U308/ecg_cnn_top_fexp_32ns_32ns_32_8_full_dsp_1_ip_u/U0/i_synth/EXP_OP.i_sp_or_dp.OP/i_ccm_recip_ln2/g_tables[1].i_addsub/dsp.one.dsp48e1_add/i_no_versal_es1_workaround.DSP/B[17:0] is not pipelined. Pipelining DSP48 input will improve performance.
Related violations: <none>

DPIP-1#31 Warning
Input pipelining  
DSP ecg_system_i/ecg_cnn_top_0/inst/grp_ecg_cnn_top_Pipeline_VITIS_LOOP_340_4_fu_2051/fexp_32ns_32ns_32_8_full_dsp_1_U308/ecg_cnn_top_fexp_32ns_32ns_32_8_full_dsp_1_ip_u/U0/i_synth/EXP_OP.i_sp_or_dp.OP/i_ccm_recip_ln2/g_tables[1].i_addsub/dsp.one.dsp48e1_add/i_no_versal_es1_workaround.DSP input ecg_system_i/ecg_cnn_top_0/inst/grp_ecg_cnn_top_Pipeline_VITIS_LOOP_340_4_fu_2051/fexp_32ns_32ns_32_8_full_dsp_1_U308/ecg_cnn_top_fexp_32ns_32ns_32_8_full_dsp_1_ip_u/U0/i_synth/EXP_OP.i_sp_or_dp.OP/i_ccm_recip_ln2/g_tables[1].i_addsub/dsp.one.dsp48e1_add/i_no_versal_es1_workaround.DSP/C[47:0] is not pipelined. Pipelining DSP48 input will improve performance.
Related violations: <none>

DPIP-1#32 Warning
Input pipelining  
DSP ecg_system_i/ecg_cnn_top_0/inst/grp_ecg_cnn_top_Pipeline_VITIS_LOOP_340_4_fu_2051/fexp_32ns_32ns_32_8_full_dsp_1_U308/ecg_cnn_top_fexp_32ns_32ns_32_8_full_dsp_1_ip_u/U0/i_synth/EXP_OP.i_sp_or_dp.OP/i_renorm_and_round/DSP48_E1.DSP48E1_ADD.DSP48E1_ADD/i_no_versal_es1_workaround.DSP input ecg_system_i/ecg_cnn_top_0/inst/grp_ecg_cnn_top_Pipeline_VITIS_LOOP_340_4_fu_2051/fexp_32ns_32ns_32_8_full_dsp_1_U308/ecg_cnn_top_fexp_32ns_32ns_32_8_full_dsp_1_ip_u/U0/i_synth/EXP_OP.i_sp_or_dp.OP/i_renorm_and_round/DSP48_E1.DSP48E1_ADD.DSP48E1_ADD/i_no_versal_es1_workaround.DSP/B[17:0] is not pipelined. Pipelining DSP48 input will improve performance.
Related violations: <none>

DPIP-1#33 Warning
Input pipelining  
DSP ecg_system_i/ecg_cnn_top_0/inst/grp_ecg_cnn_top_Pipeline_VITIS_LOOP_340_4_fu_2051/fexp_32ns_32ns_32_8_full_dsp_1_U308/ecg_cnn_top_fexp_32ns_32ns_32_8_full_dsp_1_ip_u/U0/i_synth/EXP_OP.i_sp_or_dp.OP/i_renorm_and_round/DSP48_E1.DSP48E1_ADD.DSP48E1_ADD/i_no_versal_es1_workaround.DSP input ecg_system_i/ecg_cnn_top_0/inst/grp_ecg_cnn_top_Pipeline_VITIS_LOOP_340_4_fu_2051/fexp_32ns_32ns_32_8_full_dsp_1_U308/ecg_cnn_top_fexp_32ns_32ns_32_8_full_dsp_1_ip_u/U0/i_synth/EXP_OP.i_sp_or_dp.OP/i_renorm_and_round/DSP48_E1.DSP48E1_ADD.DSP48E1_ADD/i_no_versal_es1_workaround.DSP/C[47:0] is not pipelined. Pipelining DSP48 input will improve performance.
Related violations: <none>

DPOP-1#1 Warning
PREG Output pipelining  
DSP ecg_system_i/ecg_cnn_top_0/inst/fadd_32ns_32ns_32_4_full_dsp_1_U339/ecg_cnn_top_fadd_32ns_32ns_32_4_full_dsp_1_ip_u/U0/i_synth/ADDSUB_OP.ADDSUB/DSP.OP/DSP48E1_BODY.ALIGN_ADD/DSP2/i_no_versal_es1_workaround.DSP output ecg_system_i/ecg_cnn_top_0/inst/fadd_32ns_32ns_32_4_full_dsp_1_U339/ecg_cnn_top_fadd_32ns_32ns_32_4_full_dsp_1_ip_u/U0/i_synth/ADDSUB_OP.ADDSUB/DSP.OP/DSP48E1_BODY.ALIGN_ADD/DSP2/i_no_versal_es1_workaround.DSP/PATTERNDETECT is not pipelined (PREG=0). Pipelining the DSP48 output will improve performance and often saves power so it is suggested whenever possible to fully pipeline this function.  If this DSP48 function was inferred, it is suggested to describe an additional register stage after this function.  If the DSP48 was instantiated in the design, it is suggested to set the PREG attribute to 1.
Related violations: <none>

DPOP-1#2 Warning
PREG Output pipelining  
DSP ecg_system_i/ecg_cnn_top_0/inst/fadd_32ns_32ns_32_4_full_dsp_1_U339/ecg_cnn_top_fadd_32ns_32ns_32_4_full_dsp_1_ip_u/U0/i_synth/ADDSUB_OP.ADDSUB/DSP.OP/DSP48E1_BODY.ALIGN_ADD/DSP2/i_no_versal_es1_workaround.DSP output ecg_system_i/ecg_cnn_top_0/inst/fadd_32ns_32ns_32_4_full_dsp_1_U339/ecg_cnn_top_fadd_32ns_32ns_32_4_full_dsp_1_ip_u/U0/i_synth/ADDSUB_OP.ADDSUB/DSP.OP/DSP48E1_BODY.ALIGN_ADD/DSP2/i_no_versal_es1_workaround.DSP/P[47:0] is not pipelined (PREG=0). Pipelining the DSP48 output will improve performance and often saves power so it is suggested whenever possible to fully pipeline this function.  If this DSP48 function was inferred, it is suggested to describe an additional register stage after this function.  If the DSP48 was instantiated in the design, it is suggested to set the PREG attribute to 1.
Related violations: <none>

DPOP-1#3 Warning
PREG Output pipelining  
DSP ecg_system_i/ecg_cnn_top_0/inst/fadd_32ns_32ns_32_4_full_dsp_1_U339/ecg_cnn_top_fadd_32ns_32ns_32_4_full_dsp_1_ip_u/U0/i_synth/ADDSUB_OP.ADDSUB/DSP.OP/DSP48E1_BODY.NORM_RND/FULL_USAGE_DSP.SHIFT_RND/i_no_versal_es1_workaround.DSP output ecg_system_i/ecg_cnn_top_0/inst/fadd_32ns_32ns_32_4_full_dsp_1_U339/ecg_cnn_top_fadd_32ns_32ns_32_4_full_dsp_1_ip_u/U0/i_synth/ADDSUB_OP.ADDSUB/DSP.OP/DSP48E1_BODY.NORM_RND/FULL_USAGE_DSP.SHIFT_RND/i_no_versal_es1_workaround.DSP/P[47:0] is not pipelined (PREG=0). Pipelining the DSP48 output will improve performance and often saves power so it is suggested whenever possible to fully pipeline this function.  If this DSP48 function was inferred, it is suggested to describe an additional register stage after this function.  If the DSP48 was instantiated in the design, it is suggested to set the PREG attribute to 1.
Related violations: <none>

DPOP-1#4 Warning
PREG Output pipelining  
DSP ecg_system_i/ecg_cnn_top_0/inst/faddfsub_32ns_32ns_32_4_full_dsp_1_U334/ecg_cnn_top_faddfsub_32ns_32ns_32_4_full_dsp_1_ip_u/U0/i_synth/ADDSUB_OP.ADDSUB/DSP.OP/DSP48E1_BODY.ALIGN_ADD/DSP2/i_no_versal_es1_workaround.DSP output ecg_system_i/ecg_cnn_top_0/inst/faddfsub_32ns_32ns_32_4_full_dsp_1_U334/ecg_cnn_top_faddfsub_32ns_32ns_32_4_full_dsp_1_ip_u/U0/i_synth/ADDSUB_OP.ADDSUB/DSP.OP/DSP48E1_BODY.ALIGN_ADD/DSP2/i_no_versal_es1_workaround.DSP/PATTERNDETECT is not pipelined (PREG=0). Pipelining the DSP48 output will improve performance and often saves power so it is suggested whenever possible to fully pipeline this function.  If this DSP48 function was inferred, it is suggested to describe an additional register stage after this function.  If the DSP48 was instantiated in the design, it is suggested to set the PREG attribute to 1.
Related violations: <none>

DPOP-1#5 Warning
PREG Output pipelining  
DSP ecg_system_i/ecg_cnn_top_0/inst/faddfsub_32ns_32ns_32_4_full_dsp_1_U334/ecg_cnn_top_faddfsub_32ns_32ns_32_4_full_dsp_1_ip_u/U0/i_synth/ADDSUB_OP.ADDSUB/DSP.OP/DSP48E1_BODY.ALIGN_ADD/DSP2/i_no_versal_es1_workaround.DSP output ecg_system_i/ecg_cnn_top_0/inst/faddfsub_32ns_32ns_32_4_full_dsp_1_U334/ecg_cnn_top_faddfsub_32ns_32ns_32_4_full_dsp_1_ip_u/U0/i_synth/ADDSUB_OP.ADDSUB/DSP.OP/DSP48E1_BODY.ALIGN_ADD/DSP2/i_no_versal_es1_workaround.DSP/P[47:0] is not pipelined (PREG=0). Pipelining the DSP48 output will improve performance and often saves power so it is suggested whenever possible to fully pipeline this function.  If this DSP48 function was inferred, it is suggested to describe an additional register stage after this function.  If the DSP48 was instantiated in the design, it is suggested to set the PREG attribute to 1.
Related violations: <none>

DPOP-1#6 Warning
PREG Output pipelining  
DSP ecg_system_i/ecg_cnn_top_0/inst/faddfsub_32ns_32ns_32_4_full_dsp_1_U334/ecg_cnn_top_faddfsub_32ns_32ns_32_4_full_dsp_1_ip_u/U0/i_synth/ADDSUB_OP.ADDSUB/DSP.OP/DSP48E1_BODY.NORM_RND/FULL_USAGE_DSP.SHIFT_RND/i_no_versal_es1_workaround.DSP output ecg_system_i/ecg_cnn_top_0/inst/faddfsub_32ns_32ns_32_4_full_dsp_1_U334/ecg_cnn_top_faddfsub_32ns_32ns_32_4_full_dsp_1_ip_u/U0/i_synth/ADDSUB_OP.ADDSUB/DSP.OP/DSP48E1_BODY.NORM_RND/FULL_USAGE_DSP.SHIFT_RND/i_no_versal_es1_workaround.DSP/P[47:0] is not pipelined (PREG=0). Pipelining the DSP48 output will improve performance and often saves power so it is suggested whenever possible to fully pipeline this function.  If this DSP48 function was inferred, it is suggested to describe an additional register stage after this function.  If the DSP48 was instantiated in the design, it is suggested to set the PREG attribute to 1.
Related violations: <none>

DPOP-1#7 Warning
PREG Output pipelining  
DSP ecg_system_i/ecg_cnn_top_0/inst/fmul_32ns_32ns_32_3_max_dsp_1_U335/ecg_cnn_top_fmul_32ns_32ns_32_3_max_dsp_1_ip_u/U0/i_synth/MULT.OP/i_non_prim.MULT/DSP48E1_SPD_SGL_VARIANT.FIX_MULT/DSP1/i_no_versal_es1_workaround.DSP output ecg_system_i/ecg_cnn_top_0/inst/fmul_32ns_32ns_32_3_max_dsp_1_U335/ecg_cnn_top_fmul_32ns_32ns_32_3_max_dsp_1_ip_u/U0/i_synth/MULT.OP/i_non_prim.MULT/DSP48E1_SPD_SGL_VARIANT.FIX_MULT/DSP1/i_no_versal_es1_workaround.DSP/PATTERNDETECT is not pipelined (PREG=0). Pipelining the DSP48 output will improve performance and often saves power so it is suggested whenever possible to fully pipeline this function.  If this DSP48 function was inferred, it is suggested to describe an additional register stage after this function.  If the DSP48 was instantiated in the design, it is suggested to set the PREG attribute to 1.
Related violations: <none>

DPOP-1#8 Warning
PREG Output pipelining  
DSP ecg_system_i/ecg_cnn_top_0/inst/fmul_32ns_32ns_32_3_max_dsp_1_U335/ecg_cnn_top_fmul_32ns_32ns_32_3_max_dsp_1_ip_u/U0/i_synth/MULT.OP/i_non_prim.MULT/DSP48E1_SPD_SGL_VARIANT.FIX_MULT/DSP2/i_no_versal_es1_workaround.DSP output ecg_system_i/ecg_cnn_top_0/inst/fmul_32ns_32ns_32_3_max_dsp_1_U335/ecg_cnn_top_fmul_32ns_32ns_32_3_max_dsp_1_ip_u/U0/i_synth/MULT.OP/i_non_prim.MULT/DSP48E1_SPD_SGL_VARIANT.FIX_MULT/DSP2/i_no_versal_es1_workaround.DSP/PATTERNDETECT is not pipelined (PREG=0). Pipelining the DSP48 output will improve performance and often saves power so it is suggested whenever possible to fully pipeline this function.  If this DSP48 function was inferred, it is suggested to describe an additional register stage after this function.  If the DSP48 was instantiated in the design, it is suggested to set the PREG attribute to 1.
Related violations: <none>

DPOP-1#9 Warning
PREG Output pipelining  
DSP ecg_system_i/ecg_cnn_top_0/inst/fmul_32ns_32ns_32_3_max_dsp_1_U335/ecg_cnn_top_fmul_32ns_32ns_32_3_max_dsp_1_ip_u/U0/i_synth/MULT.OP/i_non_prim.MULT/DSP48E1_SPD_SGL_VARIANT.FIX_MULT/DSP2/i_no_versal_es1_workaround.DSP output ecg_system_i/ecg_cnn_top_0/inst/fmul_32ns_32ns_32_3_max_dsp_1_U335/ecg_cnn_top_fmul_32ns_32ns_32_3_max_dsp_1_ip_u/U0/i_synth/MULT.OP/i_non_prim.MULT/DSP48E1_SPD_SGL_VARIANT.FIX_MULT/DSP2/i_no_versal_es1_workaround.DSP/P[47:0] is not pipelined (PREG=0). Pipelining the DSP48 output will improve performance and often saves power so it is suggested whenever possible to fully pipeline this function.  If this DSP48 function was inferred, it is suggested to describe an additional register stage after this function.  If the DSP48 was instantiated in the design, it is suggested to set the PREG attribute to 1.
Related violations: <none>

DPOP-1#10 Warning
PREG Output pipelining  
DSP ecg_system_i/ecg_cnn_top_0/inst/fmul_32ns_32ns_32_3_max_dsp_1_U335/ecg_cnn_top_fmul_32ns_32ns_32_3_max_dsp_1_ip_u/U0/i_synth/MULT.OP/i_non_prim.R_AND_R/LAT_OPT.FULL.R_AND_R/DSP48E1_SGL_EXP_IP.OLD_ADD.ADD/i_no_versal_es1_workaround.DSP output ecg_system_i/ecg_cnn_top_0/inst/fmul_32ns_32ns_32_3_max_dsp_1_U335/ecg_cnn_top_fmul_32ns_32ns_32_3_max_dsp_1_ip_u/U0/i_synth/MULT.OP/i_non_prim.R_AND_R/LAT_OPT.FULL.R_AND_R/DSP48E1_SGL_EXP_IP.OLD_ADD.ADD/i_no_versal_es1_workaround.DSP/CARRYOUT[3:0] is not pipelined (PREG=0). Pipelining the DSP48 output will improve performance and often saves power so it is suggested whenever possible to fully pipeline this function.  If this DSP48 function was inferred, it is suggested to describe an additional register stage after this function.  If the DSP48 was instantiated in the design, it is suggested to set the PREG attribute to 1.
Related violations: <none>

DPOP-1#11 Warning
PREG Output pipelining  
DSP ecg_system_i/ecg_cnn_top_0/inst/fmul_32ns_32ns_32_3_max_dsp_1_U335/ecg_cnn_top_fmul_32ns_32ns_32_3_max_dsp_1_ip_u/U0/i_synth/MULT.OP/i_non_prim.R_AND_R/LAT_OPT.FULL.R_AND_R/DSP48E1_SGL_EXP_IP.OLD_ADD.ADD/i_no_versal_es1_workaround.DSP output ecg_system_i/ecg_cnn_top_0/inst/fmul_32ns_32ns_32_3_max_dsp_1_U335/ecg_cnn_top_fmul_32ns_32ns_32_3_max_dsp_1_ip_u/U0/i_synth/MULT.OP/i_non_prim.R_AND_R/LAT_OPT.FULL.R_AND_R/DSP48E1_SGL_EXP_IP.OLD_ADD.ADD/i_no_versal_es1_workaround.DSP/P[47:0] is not pipelined (PREG=0). Pipelining the DSP48 output will improve performance and often saves power so it is suggested whenever possible to fully pipeline this function.  If this DSP48 function was inferred, it is suggested to describe an additional register stage after this function.  If the DSP48 was instantiated in the design, it is suggested to set the PREG attribute to 1.
Related violations: <none>

DPOP-1#12 Warning
PREG Output pipelining  
DSP ecg_system_i/ecg_cnn_top_0/inst/grp_ecg_cnn_top_Pipeline_VITIS_LOOP_340_4_fu_2051/fexp_32ns_32ns_32_8_full_dsp_1_U308/ecg_cnn_top_fexp_32ns_32ns_32_8_full_dsp_1_ip_u/U0/i_synth/EXP_OP.i_sp_or_dp.OP/i_calculate_Xf/dsp.one.dsp48e1_add/i_no_versal_es1_workaround.DSP output ecg_system_i/ecg_cnn_top_0/inst/grp_ecg_cnn_top_Pipeline_VITIS_LOOP_340_4_fu_2051/fexp_32ns_32ns_32_8_full_dsp_1_U308/ecg_cnn_top_fexp_32ns_32ns_32_8_full_dsp_1_ip_u/U0/i_synth/EXP_OP.i_sp_or_dp.OP/i_calculate_Xf/dsp.one.dsp48e1_add/i_no_versal_es1_workaround.DSP/P[47:0] is not pipelined (PREG=0). Pipelining the DSP48 output will improve performance and often saves power so it is suggested whenever possible to fully pipeline this function.  If this DSP48 function was inferred, it is suggested to describe an additional register stage after this function.  If the DSP48 was instantiated in the design, it is suggested to set the PREG attribute to 1.
Related violations: <none>

DPOP-1#13 Warning
PREG Output pipelining  
DSP ecg_system_i/ecg_cnn_top_0/inst/grp_ecg_cnn_top_Pipeline_VITIS_LOOP_340_4_fu_2051/fexp_32ns_32ns_32_8_full_dsp_1_U308/ecg_cnn_top_fexp_32ns_32ns_32_8_full_dsp_1_ip_u/U0/i_synth/EXP_OP.i_sp_or_dp.OP/i_ccm_ln2/g_tables[0].i_addsub/dsp.one.dsp48e1_add/i_no_versal_es1_workaround.DSP output ecg_system_i/ecg_cnn_top_0/inst/grp_ecg_cnn_top_Pipeline_VITIS_LOOP_340_4_fu_2051/fexp_32ns_32ns_32_8_full_dsp_1_U308/ecg_cnn_top_fexp_32ns_32ns_32_8_full_dsp_1_ip_u/U0/i_synth/EXP_OP.i_sp_or_dp.OP/i_ccm_ln2/g_tables[0].i_addsub/dsp.one.dsp48e1_add/i_no_versal_es1_workaround.DSP/P[47:0] is not pipelined (PREG=0). Pipelining the DSP48 output will improve performance and often saves power so it is suggested whenever possible to fully pipeline this function.  If this DSP48 function was inferred, it is suggested to describe an additional register stage after this function.  If the DSP48 was instantiated in the design, it is suggested to set the PREG attribute to 1.
Related violations: <none>

DPOP-1#14 Warning
PREG Output pipelining  
DSP ecg_system_i/ecg_cnn_top_0/inst/grp_ecg_cnn_top_Pipeline_VITIS_LOOP_340_4_fu_2051/fexp_32ns_32ns_32_8_full_dsp_1_U308/ecg_cnn_top_fexp_32ns_32ns_32_8_full_dsp_1_ip_u/U0/i_synth/EXP_OP.i_sp_or_dp.OP/i_ccm_recip_ln2/g_tables[0].i_addsub/dsp.one.dsp48e1_add/i_no_versal_es1_workaround.DSP output ecg_system_i/ecg_cnn_top_0/inst/grp_ecg_cnn_top_Pipeline_VITIS_LOOP_340_4_fu_2051/fexp_32ns_32ns_32_8_full_dsp_1_U308/ecg_cnn_top_fexp_32ns_32ns_32_8_full_dsp_1_ip_u/U0/i_synth/EXP_OP.i_sp_or_dp.OP/i_ccm_recip_ln2/g_tables[0].i_addsub/dsp.one.dsp48e1_add/i_no_versal_es1_workaround.DSP/P[47:0] is not pipelined (PREG=0). Pipelining the DSP48 output will improve performance and often saves power so it is suggested whenever possible to fully pipeline this function.  If this DSP48 function was inferred, it is suggested to describe an additional register stage after this function.  If the DSP48 was instantiated in the design, it is suggested to set the PREG attribute to 1.
Related violations: <none>

DPOP-1#15 Warning
PREG Output pipelining  
DSP ecg_system_i/ecg_cnn_top_0/inst/grp_ecg_cnn_top_Pipeline_VITIS_LOOP_340_4_fu_2051/fexp_32ns_32ns_32_8_full_dsp_1_U308/ecg_cnn_top_fexp_32ns_32ns_32_8_full_dsp_1_ip_u/U0/i_synth/EXP_OP.i_sp_or_dp.OP/i_renorm_and_round/DSP48_E1.DSP48E1_ADD.DSP48E1_ADD/i_no_versal_es1_workaround.DSP output ecg_system_i/ecg_cnn_top_0/inst/grp_ecg_cnn_top_Pipeline_VITIS_LOOP_340_4_fu_2051/fexp_32ns_32ns_32_8_full_dsp_1_U308/ecg_cnn_top_fexp_32ns_32ns_32_8_full_dsp_1_ip_u/U0/i_synth/EXP_OP.i_sp_or_dp.OP/i_renorm_and_round/DSP48_E1.DSP48E1_ADD.DSP48E1_ADD/i_no_versal_es1_workaround.DSP/P[47:0] is not pipelined (PREG=0). Pipelining the DSP48 output will improve performance and often saves power so it is suggested whenever possible to fully pipeline this function.  If this DSP48 function was inferred, it is suggested to describe an additional register stage after this function.  If the DSP48 was instantiated in the design, it is suggested to set the PREG attribute to 1.
Related violations: <none>

DPOP-2#1 Warning
MREG Output pipelining  
DSP ecg_system_i/ecg_cnn_top_0/inst/fadd_32ns_32ns_32_4_full_dsp_1_U339/ecg_cnn_top_fadd_32ns_32ns_32_4_full_dsp_1_ip_u/U0/i_synth/ADDSUB_OP.ADDSUB/DSP.OP/DSP48E1_BODY.NORM_RND/FULL_USAGE_DSP.SHIFT_RND/i_no_versal_es1_workaround.DSP multiplier stage ecg_system_i/ecg_cnn_top_0/inst/fadd_32ns_32ns_32_4_full_dsp_1_U339/ecg_cnn_top_fadd_32ns_32ns_32_4_full_dsp_1_ip_u/U0/i_synth/ADDSUB_OP.ADDSUB/DSP.OP/DSP48E1_BODY.NORM_RND/FULL_USAGE_DSP.SHIFT_RND/i_no_versal_es1_workaround.DSP/P[47:0] is not pipelined (MREG=0). Pipelining the multiplier function will improve performance and will save significant power so it is suggested whenever possible to fully pipeline this function.  If this multiplier was inferred, it is suggested to describe an additional register stage after this function.  If there is no registered adder/accumulator following the multiply function, two pipeline stages are suggested to allow both the MREG and PREG registers to be used.  If the DSP48 was instantiated in the design, it is suggested to set both the MREG and PREG attributes to 1 when performing multiply functions.
Related violations: <none>

DPOP-2#2 Warning
MREG Output pipelining  
DSP ecg_system_i/ecg_cnn_top_0/inst/faddfsub_32ns_32ns_32_4_full_dsp_1_U334/ecg_cnn_top_faddfsub_32ns_32ns_32_4_full_dsp_1_ip_u/U0/i_synth/ADDSUB_OP.ADDSUB/DSP.OP/DSP48E1_BODY.NORM_RND/FULL_USAGE_DSP.SHIFT_RND/i_no_versal_es1_workaround.DSP multiplier stage ecg_system_i/ecg_cnn_top_0/inst/faddfsub_32ns_32ns_32_4_full_dsp_1_U334/ecg_cnn_top_faddfsub_32ns_32ns_32_4_full_dsp_1_ip_u/U0/i_synth/ADDSUB_OP.ADDSUB/DSP.OP/DSP48E1_BODY.NORM_RND/FULL_USAGE_DSP.SHIFT_RND/i_no_versal_es1_workaround.DSP/P[47:0] is not pipelined (MREG=0). Pipelining the multiplier function will improve performance and will save significant power so it is suggested whenever possible to fully pipeline this function.  If this multiplier was inferred, it is suggested to describe an additional register stage after this function.  If there is no registered adder/accumulator following the multiply function, two pipeline stages are suggested to allow both the MREG and PREG registers to be used.  If the DSP48 was instantiated in the design, it is suggested to set both the MREG and PREG attributes to 1 when performing multiply functions.
Related violations: <none>

DPOP-2#3 Warning
MREG Output pipelining  
DSP ecg_system_i/ecg_cnn_top_0/inst/fmul_32ns_32ns_32_3_max_dsp_1_U335/ecg_cnn_top_fmul_32ns_32ns_32_3_max_dsp_1_ip_u/U0/i_synth/MULT.OP/i_non_prim.MULT/DSP48E1_SPD_SGL_VARIANT.FIX_MULT/DSP1/i_no_versal_es1_workaround.DSP multiplier stage ecg_system_i/ecg_cnn_top_0/inst/fmul_32ns_32ns_32_3_max_dsp_1_U335/ecg_cnn_top_fmul_32ns_32ns_32_3_max_dsp_1_ip_u/U0/i_synth/MULT.OP/i_non_prim.MULT/DSP48E1_SPD_SGL_VARIANT.FIX_MULT/DSP1/i_no_versal_es1_workaround.DSP/PATTERNDETECT is not pipelined (MREG=0). Pipelining the multiplier function will improve performance and will save significant power so it is suggested whenever possible to fully pipeline this function.  If this multiplier was inferred, it is suggested to describe an additional register stage after this function.  If there is no registered adder/accumulator following the multiply function, two pipeline stages are suggested to allow both the MREG and PREG registers to be used.  If the DSP48 was instantiated in the design, it is suggested to set both the MREG and PREG attributes to 1 when performing multiply functions.
Related violations: <none>

DPOP-2#4 Warning
MREG Output pipelining  
DSP ecg_system_i/ecg_cnn_top_0/inst/fmul_32ns_32ns_32_3_max_dsp_1_U335/ecg_cnn_top_fmul_32ns_32ns_32_3_max_dsp_1_ip_u/U0/i_synth/MULT.OP/i_non_prim.MULT/DSP48E1_SPD_SGL_VARIANT.FIX_MULT/DSP2/i_no_versal_es1_workaround.DSP multiplier stage ecg_system_i/ecg_cnn_top_0/inst/fmul_32ns_32ns_32_3_max_dsp_1_U335/ecg_cnn_top_fmul_32ns_32ns_32_3_max_dsp_1_ip_u/U0/i_synth/MULT.OP/i_non_prim.MULT/DSP48E1_SPD_SGL_VARIANT.FIX_MULT/DSP2/i_no_versal_es1_workaround.DSP/PATTERNDETECT is not pipelined (MREG=0). Pipelining the multiplier function will improve performance and will save significant power so it is suggested whenever possible to fully pipeline this function.  If this multiplier was inferred, it is suggested to describe an additional register stage after this function.  If there is no registered adder/accumulator following the multiply function, two pipeline stages are suggested to allow both the MREG and PREG registers to be used.  If the DSP48 was instantiated in the design, it is suggested to set both the MREG and PREG attributes to 1 when performing multiply functions.
Related violations: <none>

DPOP-2#5 Warning
MREG Output pipelining  
DSP ecg_system_i/ecg_cnn_top_0/inst/fmul_32ns_32ns_32_3_max_dsp_1_U335/ecg_cnn_top_fmul_32ns_32ns_32_3_max_dsp_1_ip_u/U0/i_synth/MULT.OP/i_non_prim.MULT/DSP48E1_SPD_SGL_VARIANT.FIX_MULT/DSP2/i_no_versal_es1_workaround.DSP multiplier stage ecg_system_i/ecg_cnn_top_0/inst/fmul_32ns_32ns_32_3_max_dsp_1_U335/ecg_cnn_top_fmul_32ns_32ns_32_3_max_dsp_1_ip_u/U0/i_synth/MULT.OP/i_non_prim.MULT/DSP48E1_SPD_SGL_VARIANT.FIX_MULT/DSP2/i_no_versal_es1_workaround.DSP/P[47:0] is not pipelined (MREG=0). Pipelining the multiplier function will improve performance and will save significant power so it is suggested whenever possible to fully pipeline this function.  If this multiplier was inferred, it is suggested to describe an additional register stage after this function.  If there is no registered adder/accumulator following the multiply function, two pipeline stages are suggested to allow both the MREG and PREG registers to be used.  If the DSP48 was instantiated in the design, it is suggested to set both the MREG and PREG attributes to 1 when performing multiply functions.
Related violations: <none>

DPOP-2#6 Warning
MREG Output pipelining  
DSP ecg_system_i/ecg_cnn_top_0/inst/grp_ecg_cnn_top_Pipeline_VITIS_LOOP_340_4_fu_2051/fexp_32ns_32ns_32_8_full_dsp_1_U308/ecg_cnn_top_fexp_32ns_32ns_32_8_full_dsp_1_ip_u/U0/i_synth/EXP_OP.i_sp_or_dp.OP/g_Fr_sp_dsp.i_calculate_Fr/i_no_versal_es1_workaround.DSP multiplier stage ecg_system_i/ecg_cnn_top_0/inst/grp_ecg_cnn_top_Pipeline_VITIS_LOOP_340_4_fu_2051/fexp_32ns_32ns_32_8_full_dsp_1_U308/ecg_cnn_top_fexp_32ns_32ns_32_8_full_dsp_1_ip_u/U0/i_synth/EXP_OP.i_sp_or_dp.OP/g_Fr_sp_dsp.i_calculate_Fr/i_no_versal_es1_workaround.DSP/P[47:0] is not pipelined (MREG=0). Pipelining the multiplier function will improve performance and will save significant power so it is suggested whenever possible to fully pipeline this function.  If this multiplier was inferred, it is suggested to describe an additional register stage after this function.  If there is no registered adder/accumulator following the multiply function, two pipeline stages are suggested to allow both the MREG and PREG registers to be used.  If the DSP48 was instantiated in the design, it is suggested to set both the MREG and PREG attributes to 1 when performing multiply functions.
Related violations: <none>

DPREG-4#1 Warning
DSP48E1_PregDynOpmodeZmuxP:  
The DSP48E1 cell ecg_system_i/ecg_cnn_top_0/inst/fadd_32ns_32ns_32_4_full_dsp_1_U339/ecg_cnn_top_fadd_32ns_32ns_32_4_full_dsp_1_ip_u/U0/i_synth/ADDSUB_OP.ADDSUB/DSP.OP/DSP48E1_BODY.ALIGN_ADD/DSP2/i_no_versal_es1_workaround.DSP with the given dynamic OPMODE[6:0] connections may lead to an unregistered asynchronous feedback path without the PREG attribute enabled. Please refer to the user guide and if one of the internal P feedback opmodes is possible for this design the PREG attribute must be set to 1, currently set to 0
Related violations: <none>

DPREG-4#2 Warning
DSP48E1_PregDynOpmodeZmuxP:  
The DSP48E1 cell ecg_system_i/ecg_cnn_top_0/inst/faddfsub_32ns_32ns_32_4_full_dsp_1_U334/ecg_cnn_top_faddfsub_32ns_32ns_32_4_full_dsp_1_ip_u/U0/i_synth/ADDSUB_OP.ADDSUB/DSP.OP/DSP48E1_BODY.ALIGN_ADD/DSP2/i_no_versal_es1_workaround.DSP with the given dynamic OPMODE[6:0] connections may lead to an unregistered asynchronous feedback path without the PREG attribute enabled. Please refer to the user guide and if one of the internal P feedback opmodes is possible for this design the PREG attribute must be set to 1, currently set to 0
Related violations: <none>

AVAL-4#1 Advisory
enum_USE_DPORT_FALSE_enum_DREG_ADREG_0_connects_CED_CEAD_RSTD_GND  
ecg_system_i/ecg_cnn_top_0/inst/fadd_32ns_32ns_32_4_full_dsp_1_U339/ecg_cnn_top_fadd_32ns_32ns_32_4_full_dsp_1_ip_u/U0/i_synth/ADDSUB_OP.ADDSUB/DSP.OP/DSP48E1_BODY.NORM_RND/FULL_USAGE_DSP.SHIFT_RND/i_no_versal_es1_workaround.DSP: DSP48E1 is not using the D port (USE_DPORT = FALSE). For improved power characteristics, set DREG and ADREG to '1', tie CED, CEAD, and RSTD to logic '0'.
Related violations: <none>

AVAL-4#2 Advisory
enum_USE_DPORT_FALSE_enum_DREG_ADREG_0_connects_CED_CEAD_RSTD_GND  
ecg_system_i/ecg_cnn_top_0/inst/faddfsub_32ns_32ns_32_4_full_dsp_1_U334/ecg_cnn_top_faddfsub_32ns_32ns_32_4_full_dsp_1_ip_u/U0/i_synth/ADDSUB_OP.ADDSUB/DSP.OP/DSP48E1_BODY.NORM_RND/FULL_USAGE_DSP.SHIFT_RND/i_no_versal_es1_workaround.DSP: DSP48E1 is not using the D port (USE_DPORT = FALSE). For improved power characteristics, set DREG and ADREG to '1', tie CED, CEAD, and RSTD to logic '0'.
Related violations: <none>

AVAL-4#3 Advisory
enum_USE_DPORT_FALSE_enum_DREG_ADREG_0_connects_CED_CEAD_RSTD_GND  
ecg_system_i/ecg_cnn_top_0/inst/fmul_32ns_32ns_32_3_max_dsp_1_U335/ecg_cnn_top_fmul_32ns_32ns_32_3_max_dsp_1_ip_u/U0/i_synth/MULT.OP/i_non_prim.MULT/DSP48E1_SPD_SGL_VARIANT.FIX_MULT/DSP1/i_no_versal_es1_workaround.DSP: DSP48E1 is not using the D port (USE_DPORT = FALSE). For improved power characteristics, set DREG and ADREG to '1', tie CED, CEAD, and RSTD to logic '0'.
Related violations: <none>

AVAL-4#4 Advisory
enum_USE_DPORT_FALSE_enum_DREG_ADREG_0_connects_CED_CEAD_RSTD_GND  
ecg_system_i/ecg_cnn_top_0/inst/fmul_32ns_32ns_32_3_max_dsp_1_U335/ecg_cnn_top_fmul_32ns_32ns_32_3_max_dsp_1_ip_u/U0/i_synth/MULT.OP/i_non_prim.MULT/DSP48E1_SPD_SGL_VARIANT.FIX_MULT/DSP2/i_no_versal_es1_workaround.DSP: DSP48E1 is not using the D port (USE_DPORT = FALSE). For improved power characteristics, set DREG and ADREG to '1', tie CED, CEAD, and RSTD to logic '0'.
Related violations: <none>

AVAL-4#5 Advisory
enum_USE_DPORT_FALSE_enum_DREG_ADREG_0_connects_CED_CEAD_RSTD_GND  
ecg_system_i/ecg_cnn_top_0/inst/fmul_32ns_32ns_32_3_max_dsp_1_U335/ecg_cnn_top_fmul_32ns_32ns_32_3_max_dsp_1_ip_u/U0/i_synth/MULT.OP/i_non_prim.R_AND_R/LAT_OPT.FULL.R_AND_R/DSP48E1_SGL_EXP_IP.OLD_ADD.ADD/i_no_versal_es1_workaround.DSP: DSP48E1 is not using the D port (USE_DPORT = FALSE). For improved power characteristics, set DREG and ADREG to '1', tie CED, CEAD, and RSTD to logic '0'.
Related violations: <none>

AVAL-4#6 Advisory
enum_USE_DPORT_FALSE_enum_DREG_ADREG_0_connects_CED_CEAD_RSTD_GND  
ecg_system_i/ecg_cnn_top_0/inst/grp_ecg_cnn_top_Pipeline_VITIS_LOOP_340_4_fu_2051/fexp_32ns_32ns_32_8_full_dsp_1_U308/ecg_cnn_top_fexp_32ns_32ns_32_8_full_dsp_1_ip_u/U0/i_synth/EXP_OP.i_sp_or_dp.OP/i_calculate_Xf/dsp.one.dsp48e1_add/i_no_versal_es1_workaround.DSP: DSP48E1 is not using the D port (USE_DPORT = FALSE). For improved power characteristics, set DREG and ADREG to '1', tie CED, CEAD, and RSTD to logic '0'.
Related violations: <none>

AVAL-4#7 Advisory
enum_USE_DPORT_FALSE_enum_DREG_ADREG_0_connects_CED_CEAD_RSTD_GND  
ecg_system_i/ecg_cnn_top_0/inst/grp_ecg_cnn_top_Pipeline_VITIS_LOOP_340_4_fu_2051/fexp_32ns_32ns_32_8_full_dsp_1_U308/ecg_cnn_top_fexp_32ns_32ns_32_8_full_dsp_1_ip_u/U0/i_synth/EXP_OP.i_sp_or_dp.OP/i_ccm_ln2/g_tables[0].i_addsub/dsp.one.dsp48e1_add/i_no_versal_es1_workaround.DSP: DSP48E1 is not using the D port (USE_DPORT = FALSE). For improved power characteristics, set DREG and ADREG to '1', tie CED, CEAD, and RSTD to logic '0'.
Related violations: <none>

AVAL-4#8 Advisory
enum_USE_DPORT_FALSE_enum_DREG_ADREG_0_connects_CED_CEAD_RSTD_GND  
ecg_system_i/ecg_cnn_top_0/inst/grp_ecg_cnn_top_Pipeline_VITIS_LOOP_340_4_fu_2051/fexp_32ns_32ns_32_8_full_dsp_1_U308/ecg_cnn_top_fexp_32ns_32ns_32_8_full_dsp_1_ip_u/U0/i_synth/EXP_OP.i_sp_or_dp.OP/i_ccm_ln2/g_tables[1].i_addsub/dsp.one.dsp48e1_add/i_no_versal_es1_workaround.DSP: DSP48E1 is not using the D port (USE_DPORT = FALSE). For improved power characteristics, set DREG and ADREG to '1', tie CED, CEAD, and RSTD to logic '0'.
Related violations: <none>

AVAL-4#9 Advisory
enum_USE_DPORT_FALSE_enum_DREG_ADREG_0_connects_CED_CEAD_RSTD_GND  
ecg_system_i/ecg_cnn_top_0/inst/grp_ecg_cnn_top_Pipeline_VITIS_LOOP_340_4_fu_2051/fexp_32ns_32ns_32_8_full_dsp_1_U308/ecg_cnn_top_fexp_32ns_32ns_32_8_full_dsp_1_ip_u/U0/i_synth/EXP_OP.i_sp_or_dp.OP/i_ccm_recip_ln2/g_tables[0].i_addsub/dsp.one.dsp48e1_add/i_no_versal_es1_workaround.DSP: DSP48E1 is not using the D port (USE_DPORT = FALSE). For improved power characteristics, set DREG and ADREG to '1', tie CED, CEAD, and RSTD to logic '0'.
Related violations: <none>

AVAL-4#10 Advisory
enum_USE_DPORT_FALSE_enum_DREG_ADREG_0_connects_CED_CEAD_RSTD_GND  
ecg_system_i/ecg_cnn_top_0/inst/grp_ecg_cnn_top_Pipeline_VITIS_LOOP_340_4_fu_2051/fexp_32ns_32ns_32_8_full_dsp_1_U308/ecg_cnn_top_fexp_32ns_32ns_32_8_full_dsp_1_ip_u/U0/i_synth/EXP_OP.i_sp_or_dp.OP/i_ccm_recip_ln2/g_tables[1].i_addsub/dsp.one.dsp48e1_add/i_no_versal_es1_workaround.DSP: DSP48E1 is not using the D port (USE_DPORT = FALSE). For improved power characteristics, set DREG and ADREG to '1', tie CED, CEAD, and RSTD to logic '0'.
Related violations: <none>

AVAL-4#11 Advisory
enum_USE_DPORT_FALSE_enum_DREG_ADREG_0_connects_CED_CEAD_RSTD_GND  
ecg_system_i/ecg_cnn_top_0/inst/grp_ecg_cnn_top_Pipeline_VITIS_LOOP_340_4_fu_2051/fexp_32ns_32ns_32_8_full_dsp_1_U308/ecg_cnn_top_fexp_32ns_32ns_32_8_full_dsp_1_ip_u/U0/i_synth/EXP_OP.i_sp_or_dp.OP/i_renorm_and_round/DSP48_E1.DSP48E1_ADD.DSP48E1_ADD/i_no_versal_es1_workaround.DSP: DSP48E1 is not using the D port (USE_DPORT = FALSE). For improved power characteristics, set DREG and ADREG to '1', tie CED, CEAD, and RSTD to logic '0'.
Related violations: <none>

AVAL-5#1 Advisory
enum_USE_MULT_NONE_enum_DREG_ADREG_0_connects_CED_CEAD_RSTD_GND  
ecg_system_i/ecg_cnn_top_0/inst/fmul_32ns_32ns_32_3_max_dsp_1_U335/ecg_cnn_top_fmul_32ns_32ns_32_3_max_dsp_1_ip_u/U0/i_synth/MULT.OP/i_non_prim.R_AND_R/LAT_OPT.FULL.R_AND_R/DSP48E1_SGL_EXP_IP.OLD_ADD.ADD/i_no_versal_es1_workaround.DSP: DSP48E1 is not using the Multiplier (USE_MULT = NONE). For improved power characteristics, set DREG and ADREG to '1', tie CED, CEAD, and RSTD to logic '0'.
Related violations: <none>

AVAL-5#2 Advisory
enum_USE_MULT_NONE_enum_DREG_ADREG_0_connects_CED_CEAD_RSTD_GND  
ecg_system_i/ecg_cnn_top_0/inst/grp_ecg_cnn_top_Pipeline_VITIS_LOOP_340_4_fu_2051/fexp_32ns_32ns_32_8_full_dsp_1_U308/ecg_cnn_top_fexp_32ns_32ns_32_8_full_dsp_1_ip_u/U0/i_synth/EXP_OP.i_sp_or_dp.OP/i_calculate_Xf/dsp.one.dsp48e1_add/i_no_versal_es1_workaround.DSP: DSP48E1 is not using the Multiplier (USE_MULT = NONE). For improved power characteristics, set DREG and ADREG to '1', tie CED, CEAD, and RSTD to logic '0'.
Related violations: <none>

AVAL-5#3 Advisory
enum_USE_MULT_NONE_enum_DREG_ADREG_0_connects_CED_CEAD_RSTD_GND  
ecg_system_i/ecg_cnn_top_0/inst/grp_ecg_cnn_top_Pipeline_VITIS_LOOP_340_4_fu_2051/fexp_32ns_32ns_32_8_full_dsp_1_U308/ecg_cnn_top_fexp_32ns_32ns_32_8_full_dsp_1_ip_u/U0/i_synth/EXP_OP.i_sp_or_dp.OP/i_ccm_ln2/g_tables[0].i_addsub/dsp.one.dsp48e1_add/i_no_versal_es1_workaround.DSP: DSP48E1 is not using the Multiplier (USE_MULT = NONE). For improved power characteristics, set DREG and ADREG to '1', tie CED, CEAD, and RSTD to logic '0'.
Related violations: <none>

AVAL-5#4 Advisory
enum_USE_MULT_NONE_enum_DREG_ADREG_0_connects_CED_CEAD_RSTD_GND  
ecg_system_i/ecg_cnn_top_0/inst/grp_ecg_cnn_top_Pipeline_VITIS_LOOP_340_4_fu_2051/fexp_32ns_32ns_32_8_full_dsp_1_U308/ecg_cnn_top_fexp_32ns_32ns_32_8_full_dsp_1_ip_u/U0/i_synth/EXP_OP.i_sp_or_dp.OP/i_ccm_ln2/g_tables[1].i_addsub/dsp.one.dsp48e1_add/i_no_versal_es1_workaround.DSP: DSP48E1 is not using the Multiplier (USE_MULT = NONE). For improved power characteristics, set DREG and ADREG to '1', tie CED, CEAD, and RSTD to logic '0'.
Related violations: <none>

AVAL-5#5 Advisory
enum_USE_MULT_NONE_enum_DREG_ADREG_0_connects_CED_CEAD_RSTD_GND  
ecg_system_i/ecg_cnn_top_0/inst/grp_ecg_cnn_top_Pipeline_VITIS_LOOP_340_4_fu_2051/fexp_32ns_32ns_32_8_full_dsp_1_U308/ecg_cnn_top_fexp_32ns_32ns_32_8_full_dsp_1_ip_u/U0/i_synth/EXP_OP.i_sp_or_dp.OP/i_ccm_recip_ln2/g_tables[0].i_addsub/dsp.one.dsp48e1_add/i_no_versal_es1_workaround.DSP: DSP48E1 is not using the Multiplier (USE_MULT = NONE). For improved power characteristics, set DREG and ADREG to '1', tie CED, CEAD, and RSTD to logic '0'.
Related violations: <none>

AVAL-5#6 Advisory
enum_USE_MULT_NONE_enum_DREG_ADREG_0_connects_CED_CEAD_RSTD_GND  
ecg_system_i/ecg_cnn_top_0/inst/grp_ecg_cnn_top_Pipeline_VITIS_LOOP_340_4_fu_2051/fexp_32ns_32ns_32_8_full_dsp_1_U308/ecg_cnn_top_fexp_32ns_32ns_32_8_full_dsp_1_ip_u/U0/i_synth/EXP_OP.i_sp_or_dp.OP/i_ccm_recip_ln2/g_tables[1].i_addsub/dsp.one.dsp48e1_add/i_no_versal_es1_workaround.DSP: DSP48E1 is not using the Multiplier (USE_MULT = NONE). For improved power characteristics, set DREG and ADREG to '1', tie CED, CEAD, and RSTD to logic '0'.
Related violations: <none>

AVAL-5#7 Advisory
enum_USE_MULT_NONE_enum_DREG_ADREG_0_connects_CED_CEAD_RSTD_GND  
ecg_system_i/ecg_cnn_top_0/inst/grp_ecg_cnn_top_Pipeline_VITIS_LOOP_340_4_fu_2051/fexp_32ns_32ns_32_8_full_dsp_1_U308/ecg_cnn_top_fexp_32ns_32ns_32_8_full_dsp_1_ip_u/U0/i_synth/EXP_OP.i_sp_or_dp.OP/i_renorm_and_round/DSP48_E1.DSP48E1_ADD.DSP48E1_ADD/i_no_versal_es1_workaround.DSP: DSP48E1 is not using the Multiplier (USE_MULT = NONE). For improved power characteristics, set DREG and ADREG to '1', tie CED, CEAD, and RSTD to logic '0'.
Related violations: <none>

REQP-1725#1 Advisory
DSP_Abus_sign_bit_alert  
ecg_system_i/ecg_cnn_top_0/inst/fadd_32ns_32ns_32_4_full_dsp_1_U339/ecg_cnn_top_fadd_32ns_32ns_32_4_full_dsp_1_ip_u/U0/i_synth/ADDSUB_OP.ADDSUB/DSP.OP/DSP48E1_BODY.ALIGN_ADD/DSP2/i_no_versal_es1_workaround.DSP: When using the PreAdder and USE_DPORT is TRUE, the A operand should be restricted to 24 bit two's complement (and sign extended) to avoid over/underflow in the pre-add stage.
Related violations: <none>

REQP-1725#2 Advisory
DSP_Abus_sign_bit_alert  
ecg_system_i/ecg_cnn_top_0/inst/faddfsub_32ns_32ns_32_4_full_dsp_1_U334/ecg_cnn_top_faddfsub_32ns_32ns_32_4_full_dsp_1_ip_u/U0/i_synth/ADDSUB_OP.ADDSUB/DSP.OP/DSP48E1_BODY.ALIGN_ADD/DSP2/i_no_versal_es1_workaround.DSP: When using the PreAdder and USE_DPORT is TRUE, the A operand should be restricted to 24 bit two's complement (and sign extended) to avoid over/underflow in the pre-add stage.
Related violations: <none>


