

================================================================
== Vitis HLS Report for 'ecg_cnn_top_Pipeline_VITIS_LOOP_340_4'
================================================================
* Date:           Tue Mar 31 12:28:16 2026

* Version:        2025.1 (Build 6135595 on May 21 2025)
* Project:        ecg_cnn_top
* Solution:       hls (Vivado IP Flow Target)
* Product family: zynq
* Target device:  xc7z020-clg400-1


================================================================
== Performance Estimates
================================================================
+ Timing: 
    * Summary: 
    +--------+----------+-----------+------------+
    |  Clock |  Target  | Estimated | Uncertainty|
    +--------+----------+-----------+------------+
    |ap_clk  |  15.00 ns|  10.533 ns|     4.05 ns|
    +--------+----------+-----------+------------+

+ Latency: 
    * Summary: 
    +---------+---------+----------+----------+-----+-----+------------------------------------------------+
    |  Latency (cycles) |  Latency (absolute) |  Interval |                    Pipeline                    |
    |   min   |   max   |    min   |    max   | min | max |                      Type                      |
    +---------+---------+----------+----------+-----+-----+------------------------------------------------+
    |       39|       39|  0.585 us|  0.585 us|   30|   30|  loop auto-rewind stp (delay=0 clock cycles(s))|
    +---------+---------+----------+----------+-----+-----+------------------------------------------------+

    + Detail: 
        * Instance: 
        N/A

        * Loop: 
        +--------------------+---------+---------+----------+-----------+-----------+------+----------+
        |                    |  Latency (cycles) | Iteration|  Initiation Interval  | Trip |          |
        |      Loop Name     |   min   |   max   |  Latency |  achieved |   target  | Count| Pipelined|
        +--------------------+---------+---------+----------+-----------+-----------+------+----------+
        |- VITIS_LOOP_340_4  |       37|       37|        18|          5|          1|     5|       yes|
        +--------------------+---------+---------+----------+-----------+-----------+------+----------+



================================================================
== Utilization Estimates
================================================================
* Summary: 
+-----------------+---------+-----+--------+-------+-----+
|       Name      | BRAM_18K| DSP |   FF   |  LUT  | URAM|
+-----------------+---------+-----+--------+-------+-----+
|DSP              |        -|    -|       -|      -|    -|
|Expression       |        -|    -|       0|     24|    -|
|FIFO             |        -|    -|       -|      -|    -|
|Instance         |        -|    7|     324|    928|    -|
|Memory           |        -|    -|       -|      -|    -|
|Multiplexer      |        -|    -|       0|    154|    -|
|Register         |        -|    -|     467|     64|    -|
+-----------------+---------+-----+--------+-------+-----+
|Total            |        0|    7|     791|   1170|    0|
+-----------------+---------+-----+--------+-------+-----+
|Available        |      280|  220|  106400|  53200|    0|
+-----------------+---------+-----+--------+-------+-----+
|Utilization (%)  |        0|    3|      ~0|      2|    0|
+-----------------+---------+-----+--------+-------+-----+

+ Detail: 
    * Instance: 
    +-------------------------------------+--------------------------------+---------+----+-----+-----+-----+
    |               Instance              |             Module             | BRAM_18K| DSP|  FF | LUT | URAM|
    +-------------------------------------+--------------------------------+---------+----+-----+-----+-----+
    |fexp_32ns_32ns_32_8_full_dsp_1_U308  |fexp_32ns_32ns_32_8_full_dsp_1  |        0|   7|  324|  903|    0|
    |sparsemux_11_3_32_1_1_U309           |sparsemux_11_3_32_1_1           |        0|   0|    0|   25|    0|
    +-------------------------------------+--------------------------------+---------+----+-----+-----+-----+
    |Total                                |                                |        0|   7|  324|  928|    0|
    +-------------------------------------+--------------------------------+---------+----+-----+-----+-----+

    * DSP: 
    N/A

    * Memory: 
    N/A

    * FIFO: 
    N/A

    * Expression: 
    +----------------------+----------+----+---+----+------------+------------+
    |     Variable Name    | Operation| DSP| FF| LUT| Bitwidth P0| Bitwidth P1|
    +----------------------+----------+----+---+----+------------+------------+
    |add_ln340_fu_200_p2   |         +|   0|  0|  11|           3|           1|
    |icmp_ln340_fu_194_p2  |      icmp|   0|  0|  11|           3|           3|
    |ap_enable_pp0         |       xor|   0|  0|   2|           1|           2|
    +----------------------+----------+----+---+----+------------+------------+
    |Total                 |          |   0|  0|  24|           7|           6|
    +----------------------+----------+----+---+----+------------+------------+

    * Multiplexer: 
    +----------------------------------+----+-----------+-----+-----------+
    |               Name               | LUT| Input Size| Bits| Total Bits|
    +----------------------------------+----+-----------+-----+-----------+
    |ap_NS_fsm                         |  31|          6|    1|          6|
    |ap_done_int                       |   9|          2|    1|          2|
    |ap_enable_reg_pp0_iter0           |   9|          2|    1|          2|
    |ap_enable_reg_pp0_iter1           |   9|          2|    1|          2|
    |ap_enable_reg_pp0_iter3           |   9|          2|    1|          2|
    |ap_loop_exit_ready_pp0_iter1_reg  |   9|          2|    1|          2|
    |ap_loop_exit_ready_pp0_iter2_reg  |   9|          2|    1|          2|
    |ap_sig_allocacmp_o_2              |   9|          2|    3|          6|
    |grp_fu_172_opcode                 |  14|          3|    2|          6|
    |grp_fu_172_p0                     |  14|          3|   32|         96|
    |grp_fu_172_p1                     |  14|          3|   32|         96|
    |o_fu_70                           |   9|          2|    3|          6|
    |se_fu_66                          |   9|          2|   32|         64|
    +----------------------------------+----+-----------+-----+-----------+
    |Total                             | 154|         33|  111|        292|
    +----------------------------------+----+-----------+-----+-----------+

    * Register: 
    +----------------------------------+----+----+-----+-----------+
    |               Name               | FF | LUT| Bits| Const Bits|
    +----------------------------------+----+----+-----+-----------+
    |ap_CS_fsm                         |   5|   0|    5|          0|
    |ap_done_reg                       |   1|   0|    1|          0|
    |ap_enable_reg_pp0_iter0_reg       |   1|   0|    1|          0|
    |ap_enable_reg_pp0_iter1           |   1|   0|    1|          0|
    |ap_enable_reg_pp0_iter2           |   1|   0|    1|          0|
    |ap_enable_reg_pp0_iter3           |   1|   0|    1|          0|
    |ap_loop_exit_ready_pp0_iter1_reg  |   1|   0|    1|          0|
    |ap_loop_exit_ready_pp0_iter2_reg  |   1|   0|    1|          0|
    |ev_reg_376                        |  32|   0|   32|          0|
    |icmp_ln340_reg_362                |   1|   0|    1|          0|
    |mux_case_0135169_fu_74            |  32|   0|   32|          0|
    |mux_case_1137172_fu_78            |  32|   0|   32|          0|
    |mux_case_2139175_fu_82            |  32|   0|   32|          0|
    |mux_case_3141178_fu_86            |  32|   0|   32|          0|
    |mux_case_4143181_fu_90            |  32|   0|   32|          0|
    |o_2_reg_358                       |   3|   0|    3|          0|
    |o_fu_70                           |   3|   0|    3|          0|
    |se_1_reg_386                      |  32|   0|   32|          0|
    |se_fu_66                          |  32|   0|   32|          0|
    |sub_i_reg_371                     |  32|   0|   32|          0|
    |tmp_6_reg_366                     |  32|   0|   32|          0|
    |icmp_ln340_reg_362                |  64|  32|    1|          0|
    |o_2_reg_358                       |  64|  32|    3|          0|
    +----------------------------------+----+----+-----+-----------+
    |Total                             | 467|  64|  343|          0|
    +----------------------------------+----+----+-----+-----------+



================================================================
== Interface
================================================================
* Summary: 
+-----------------------------+-----+-----+------------+---------------------------------------+--------------+
|          RTL Ports          | Dir | Bits|  Protocol  |             Source Object             |    C Type    |
+-----------------------------+-----+-----+------------+---------------------------------------+--------------+
|ap_clk                       |   in|    1|  ap_ctrl_hs|  ecg_cnn_top_Pipeline_VITIS_LOOP_340_4|  return value|
|ap_rst                       |   in|    1|  ap_ctrl_hs|  ecg_cnn_top_Pipeline_VITIS_LOOP_340_4|  return value|
|ap_start                     |   in|    1|  ap_ctrl_hs|  ecg_cnn_top_Pipeline_VITIS_LOOP_340_4|  return value|
|ap_done                      |  out|    1|  ap_ctrl_hs|  ecg_cnn_top_Pipeline_VITIS_LOOP_340_4|  return value|
|ap_idle                      |  out|    1|  ap_ctrl_hs|  ecg_cnn_top_Pipeline_VITIS_LOOP_340_4|  return value|
|ap_ready                     |  out|    1|  ap_ctrl_hs|  ecg_cnn_top_Pipeline_VITIS_LOOP_340_4|  return value|
|grp_fu_2080_p_din0           |  out|   32|  ap_ctrl_hs|  ecg_cnn_top_Pipeline_VITIS_LOOP_340_4|  return value|
|grp_fu_2080_p_din1           |  out|   32|  ap_ctrl_hs|  ecg_cnn_top_Pipeline_VITIS_LOOP_340_4|  return value|
|grp_fu_2080_p_opcode         |  out|    2|  ap_ctrl_hs|  ecg_cnn_top_Pipeline_VITIS_LOOP_340_4|  return value|
|grp_fu_2080_p_dout0          |   in|   32|  ap_ctrl_hs|  ecg_cnn_top_Pipeline_VITIS_LOOP_340_4|  return value|
|grp_fu_2080_p_ce             |  out|    1|  ap_ctrl_hs|  ecg_cnn_top_Pipeline_VITIS_LOOP_340_4|  return value|
|mx_33_reload                 |   in|   32|     ap_none|                           mx_33_reload|        scalar|
|mux_case_11121455_reload     |   in|   32|     ap_none|               mux_case_11121455_reload|        scalar|
|mux_case_21141507_reload     |   in|   32|     ap_none|               mux_case_21141507_reload|        scalar|
|mux_case_31161559_reload     |   in|   32|     ap_none|               mux_case_31161559_reload|        scalar|
|mux_case_411816011_reload    |   in|   32|     ap_none|              mux_case_411816011_reload|        scalar|
|mx_reload                    |   in|   32|     ap_none|                              mx_reload|        scalar|
|mux_case_4143181_out         |  out|   32|      ap_vld|                   mux_case_4143181_out|       pointer|
|mux_case_4143181_out_ap_vld  |  out|    1|      ap_vld|                   mux_case_4143181_out|       pointer|
|mux_case_3141178_out         |  out|   32|      ap_vld|                   mux_case_3141178_out|       pointer|
|mux_case_3141178_out_ap_vld  |  out|    1|      ap_vld|                   mux_case_3141178_out|       pointer|
|mux_case_2139175_out         |  out|   32|      ap_vld|                   mux_case_2139175_out|       pointer|
|mux_case_2139175_out_ap_vld  |  out|    1|      ap_vld|                   mux_case_2139175_out|       pointer|
|mux_case_1137172_out         |  out|   32|      ap_vld|                   mux_case_1137172_out|       pointer|
|mux_case_1137172_out_ap_vld  |  out|    1|      ap_vld|                   mux_case_1137172_out|       pointer|
|mux_case_0135169_out         |  out|   32|      ap_vld|                   mux_case_0135169_out|       pointer|
|mux_case_0135169_out_ap_vld  |  out|    1|      ap_vld|                   mux_case_0135169_out|       pointer|
|se_out                       |  out|   32|      ap_vld|                                 se_out|       pointer|
|se_out_ap_vld                |  out|    1|      ap_vld|                                 se_out|       pointer|
+-----------------------------+-----+-----+------------+---------------------------------------+--------------+

