

================================================================
== Vitis HLS Report for 'ecg_cnn_top_Pipeline_VITIS_LOOP_282_2'
================================================================
* Date:           Tue Mar 31 12:28:14 2026

* Version:        2025.1 (Build 6135595 on May 21 2025)
* Project:        ecg_cnn_top
* Solution:       hls (Vivado IP Flow Target)
* Product family: zynq
* Target device:  xc7z020-clg400-1


================================================================
== Performance Estimates
================================================================
+ Timing: 
    * Summary: 
    +--------+----------+-----------+------------+
    |  Clock |  Target  | Estimated | Uncertainty|
    +--------+----------+-----------+------------+
    |ap_clk  |  15.00 ns|  12.121 ns|     4.05 ns|
    +--------+----------+-----------+------------+

+ Latency: 
    * Summary: 
    +---------+---------+----------+----------+-----+-----+------------------------------------------------+
    |  Latency (cycles) |  Latency (absolute) |  Interval |                    Pipeline                    |
    |   min   |   max   |    min   |    max   | min | max |                      Type                      |
    +---------+---------+----------+----------+-----+-----+------------------------------------------------+
    |       37|       37|  0.555 us|  0.555 us|   36|   36|  loop auto-rewind stp (delay=0 clock cycles(s))|
    +---------+---------+----------+----------+-----+-----+------------------------------------------------+

    + Detail: 
        * Instance: 
        N/A

        * Loop: 
        +--------------------+---------+---------+----------+-----------+-----------+------+----------+
        |                    |  Latency (cycles) | Iteration|  Initiation Interval  | Trip |          |
        |      Loop Name     |   min   |   max   |  Latency |  achieved |   target  | Count| Pipelined|
        +--------------------+---------+---------+----------+-----------+-----------+------+----------+
        |- VITIS_LOOP_282_2  |       35|       35|         6|          3|          1|    11|       yes|
        +--------------------+---------+---------+----------+-----------+-----------+------+----------+



================================================================
== Utilization Estimates
================================================================
* Summary: 
+-----------------+---------+-----+--------+-------+-----+
|       Name      | BRAM_18K| DSP |   FF   |  LUT  | URAM|
+-----------------+---------+-----+--------+-------+-----+
|DSP              |        -|    -|       -|      -|    -|
|Expression       |        -|    -|       0|     28|    -|
|FIFO             |        -|    -|       -|      -|    -|
|Instance         |        -|    -|       -|      -|    -|
|Memory           |        -|    -|       -|      -|    -|
|Multiplexer      |        -|    -|       0|     83|    -|
|Register         |        -|    -|      75|      -|    -|
+-----------------+---------+-----+--------+-------+-----+
|Total            |        0|    0|      75|    111|    0|
+-----------------+---------+-----+--------+-------+-----+
|Available        |      280|  220|  106400|  53200|    0|
+-----------------+---------+-----+--------+-------+-----+
|Utilization (%)  |        0|    0|      ~0|     ~0|    0|
+-----------------+---------+-----+--------+-------+-----+

+ Detail: 
    * Instance: 
    N/A

    * DSP: 
    N/A

    * Memory: 
    N/A

    * FIFO: 
    N/A

    * Expression: 
    +---------------------+----------+----+---+----+------------+------------+
    |    Variable Name    | Operation| DSP| FF| LUT| Bitwidth P0| Bitwidth P1|
    +---------------------+----------+----+---+----+------------+------------+
    |add_ln282_fu_95_p2   |         +|   0|  0|  13|           4|           1|
    |icmp_ln282_fu_89_p2  |      icmp|   0|  0|  13|           4|           4|
    |ap_enable_pp0        |       xor|   0|  0|   2|           1|           2|
    +---------------------+----------+----+---+----+------------+------------+
    |Total                |          |   0|  0|  28|           9|           7|
    +---------------------+----------+----+---+----+------------+------------+

    * Multiplexer: 
    +-------------------------+----+-----------+-----+-----------+
    |           Name          | LUT| Input Size| Bits| Total Bits|
    +-------------------------+----+-----------+-----+-----------+
    |ap_NS_fsm                |  20|          4|    1|          4|
    |ap_done_int              |   9|          2|    1|          2|
    |ap_enable_reg_pp0_iter0  |   9|          2|    1|          2|
    |ap_enable_reg_pp0_iter1  |   9|          2|    1|          2|
    |ap_sig_allocacmp_s_load  |   9|          2|   32|         64|
    |ap_sig_allocacmp_t_2     |   9|          2|    4|          8|
    |s_fu_38                  |   9|          2|   32|         64|
    |t_fu_42                  |   9|          2|    4|          8|
    +-------------------------+----+-----------+-----+-----------+
    |Total                    |  83|         18|   76|        154|
    +-------------------------+----+-----------+-----+-----------+

    * Register: 
    +-----------------------------+----+----+-----+-----------+
    |             Name            | FF | LUT| Bits| Const Bits|
    +-----------------------------+----+----+-----+-----------+
    |ap_CS_fsm                    |   3|   0|    3|          0|
    |ap_done_reg                  |   1|   0|    1|          0|
    |ap_enable_reg_pp0_iter0_reg  |   1|   0|    1|          0|
    |ap_enable_reg_pp0_iter1      |   1|   0|    1|          0|
    |icmp_ln282_reg_147           |   1|   0|    1|          0|
    |s4_out_load_reg_156          |  32|   0|   32|          0|
    |s_fu_38                      |  32|   0|   32|          0|
    |t_fu_42                      |   4|   0|    4|          0|
    +-----------------------------+----+----+-----+-----------+
    |Total                        |  75|   0|   75|          0|
    +-----------------------------+----+----+-----+-----------+



================================================================
== Interface
================================================================
* Summary: 
+----------------------+-----+-----+------------+---------------------------------------+--------------+
|       RTL Ports      | Dir | Bits|  Protocol  |             Source Object             |    C Type    |
+----------------------+-----+-----+------------+---------------------------------------+--------------+
|ap_clk                |   in|    1|  ap_ctrl_hs|  ecg_cnn_top_Pipeline_VITIS_LOOP_282_2|  return value|
|ap_rst                |   in|    1|  ap_ctrl_hs|  ecg_cnn_top_Pipeline_VITIS_LOOP_282_2|  return value|
|ap_start              |   in|    1|  ap_ctrl_hs|  ecg_cnn_top_Pipeline_VITIS_LOOP_282_2|  return value|
|ap_done               |  out|    1|  ap_ctrl_hs|  ecg_cnn_top_Pipeline_VITIS_LOOP_282_2|  return value|
|ap_idle               |  out|    1|  ap_ctrl_hs|  ecg_cnn_top_Pipeline_VITIS_LOOP_282_2|  return value|
|ap_ready              |  out|    1|  ap_ctrl_hs|  ecg_cnn_top_Pipeline_VITIS_LOOP_282_2|  return value|
|grp_fu_2080_p_din0    |  out|   32|  ap_ctrl_hs|  ecg_cnn_top_Pipeline_VITIS_LOOP_282_2|  return value|
|grp_fu_2080_p_din1    |  out|   32|  ap_ctrl_hs|  ecg_cnn_top_Pipeline_VITIS_LOOP_282_2|  return value|
|grp_fu_2080_p_opcode  |  out|    1|  ap_ctrl_hs|  ecg_cnn_top_Pipeline_VITIS_LOOP_282_2|  return value|
|grp_fu_2080_p_dout0   |   in|   32|  ap_ctrl_hs|  ecg_cnn_top_Pipeline_VITIS_LOOP_282_2|  return value|
|grp_fu_2080_p_ce      |  out|    1|  ap_ctrl_hs|  ecg_cnn_top_Pipeline_VITIS_LOOP_282_2|  return value|
|zext_ln280            |   in|    6|     ap_none|                             zext_ln280|        scalar|
|s_out                 |  out|   32|      ap_vld|                                  s_out|       pointer|
|s_out_ap_vld          |  out|    1|      ap_vld|                                  s_out|       pointer|
|s4_out_address0       |  out|   10|   ap_memory|                                 s4_out|         array|
|s4_out_ce0            |  out|    1|   ap_memory|                                 s4_out|         array|
|s4_out_q0             |   in|   32|   ap_memory|                                 s4_out|         array|
+----------------------+-----+-----+------------+---------------------------------------+--------------+

