

================================================================
== Vitis HLS Report for 'ecg_cnn_top_Pipeline_VITIS_LOOP_133_4'
================================================================
* Date:           Tue Mar 31 12:28:10 2026

* Version:        2025.1 (Build 6135595 on May 21 2025)
* Project:        ecg_cnn_top
* Solution:       hls (Vivado IP Flow Target)
* Product family: zynq
* Target device:  xc7z020-clg400-1


================================================================
== Performance Estimates
================================================================
+ Timing: 
    * Summary: 
    +--------+----------+-----------+------------+
    |  Clock |  Target  | Estimated | Uncertainty|
    +--------+----------+-----------+------------+
    |ap_clk  |  15.00 ns|  12.121 ns|     4.05 ns|
    +--------+----------+-----------+------------+

+ Latency: 
    * Summary: 
    +---------+---------+----------+----------+-----+-----+------------------------------------------------+
    |  Latency (cycles) |  Latency (absolute) |  Interval |                    Pipeline                    |
    |   min   |   max   |    min   |    max   | min | max |                      Type                      |
    +---------+---------+----------+----------+-----+-----+------------------------------------------------+
    |       39|       39|  0.585 us|  0.585 us|   27|   27|  loop auto-rewind stp (delay=0 clock cycles(s))|
    +---------+---------+----------+----------+-----+-----+------------------------------------------------+

    + Detail: 
        * Instance: 
        N/A

        * Loop: 
        +--------------------+---------+---------+----------+-----------+-----------+------+----------+
        |                    |  Latency (cycles) | Iteration|  Initiation Interval  | Trip |          |
        |      Loop Name     |   min   |   max   |  Latency |  achieved |   target  | Count| Pipelined|
        +--------------------+---------+---------+----------+-----------+-----------+------+----------+
        |- VITIS_LOOP_133_4  |       37|       37|        17|          3|          1|     8|       yes|
        +--------------------+---------+---------+----------+-----------+-----------+------+----------+



================================================================
== Utilization Estimates
================================================================
* Summary: 
+-----------------+---------+-----+--------+-------+-----+
|       Name      | BRAM_18K| DSP |   FF   |  LUT  | URAM|
+-----------------+---------+-----+--------+-------+-----+
|DSP              |        -|    -|       -|      -|    -|
|Expression       |        -|    -|       0|     69|    -|
|FIFO             |        -|    -|       -|      -|    -|
|Instance         |        -|    -|       -|      -|    -|
|Memory           |        1|    -|       0|      0|    -|
|Multiplexer      |        -|    -|       0|    156|    -|
|Register         |        -|    -|     260|     32|    -|
+-----------------+---------+-----+--------+-------+-----+
|Total            |        1|    0|     260|    257|    0|
+-----------------+---------+-----+--------+-------+-----+
|Available        |      280|  220|  106400|  53200|    0|
+-----------------+---------+-----+--------+-------+-----+
|Utilization (%)  |       ~0|    0|      ~0|     ~0|    0|
+-----------------+---------+-----+--------+-------+-----+

+ Detail: 
    * Instance: 
    N/A

    * DSP: 
    N/A

    * Memory: 
    +-----------------+-----------------------------------------------------------------+---------+---+----+-----+------+-----+------+-------------+
    |      Memory     |                              Module                             | BRAM_18K| FF| LUT| URAM| Words| Bits| Banks| W*Bits*Banks|
    +-----------------+-----------------------------------------------------------------+---------+---+----+-----+------+-----+------+-------------+
    |s2_conv_seq_w_U  |ecg_cnn_top_Pipeline_VITIS_LOOP_133_4_s2_conv_seq_w_ROM_AUTO_1R  |        1|  0|   0|    0|   896|    8|     1|         7168|
    +-----------------+-----------------------------------------------------------------+---------+---+----+-----+------+-----+------+-------------+
    |Total            |                                                                 |        1|  0|   0|    0|   896|    8|     1|         7168|
    +-----------------+-----------------------------------------------------------------+---------+---+----+-----+------+-----+------+-------------+

    * FIFO: 
    N/A

    * Expression: 
    +----------------------+----------+----+---+----+------------+------------+
    |     Variable Name    | Operation| DSP| FF| LUT| Bitwidth P0| Bitwidth P1|
    +----------------------+----------+----+---+----+------------+------------+
    |add_ln133_fu_150_p2   |         +|   0|  0|  13|           4|           1|
    |add_ln135_fu_201_p2   |         +|   0|  0|  13|          10|          10|
    |add_ln136_fu_160_p2   |         +|   0|  0|  14|           6|           6|
    |add_ln38_fu_188_p2    |         +|   0|  0|  14|           9|           5|
    |icmp_ln133_fu_144_p2  |      icmp|   0|  0|  13|           4|           5|
    |ap_enable_pp0         |       xor|   0|  0|   2|           1|           2|
    +----------------------+----------+----+---+----+------------+------------+
    |Total                 |          |   0|  0|  69|          34|          29|
    +----------------------+----------+----+---+----+------------+------------+

    * Multiplexer: 
    +----------------------------------+----+-----------+-----+-----------+
    |               Name               | LUT| Input Size| Bits| Total Bits|
    +----------------------------------+----+-----------+-----+-----------+
    |acc_fu_54                         |   9|          2|   32|         64|
    |ap_NS_fsm                         |  20|          4|    1|          4|
    |ap_done_int                       |   9|          2|    1|          2|
    |ap_enable_reg_pp0_iter0           |   9|          2|    1|          2|
    |ap_enable_reg_pp0_iter1           |   9|          2|    1|          2|
    |ap_enable_reg_pp0_iter5           |   9|          2|    1|          2|
    |ap_loop_exit_ready_pp0_iter1_reg  |   9|          2|    1|          2|
    |ap_loop_exit_ready_pp0_iter2_reg  |   9|          2|    1|          2|
    |ap_loop_exit_ready_pp0_iter3_reg  |   9|          2|    1|          2|
    |ap_loop_exit_ready_pp0_iter4_reg  |   9|          2|    1|          2|
    |ap_sig_allocacmp_acc_load_9       |   9|          2|   32|         64|
    |ap_sig_allocacmp_ic               |   9|          2|    4|          8|
    |grp_fu_123_p0                     |  14|          3|   32|         96|
    |grp_fu_123_p1                     |  14|          3|   32|         96|
    |ic_2_fu_58                        |   9|          2|    4|          8|
    +----------------------------------+----+-----------+-----+-----------+
    |Total                             | 156|         34|  145|        356|
    +----------------------------------+----+-----------+-----+-----------+

    * Register: 
    +----------------------------------+----+----+-----+-----------+
    |               Name               | FF | LUT| Bits| Const Bits|
    +----------------------------------+----+----+-----+-----------+
    |acc_fu_54                         |  32|   0|   32|          0|
    |add_ln38_reg_258                  |   9|   0|    9|          0|
    |ap_CS_fsm                         |   3|   0|    3|          0|
    |ap_done_reg                       |   1|   0|    1|          0|
    |ap_enable_reg_pp0_iter0_reg       |   1|   0|    1|          0|
    |ap_enable_reg_pp0_iter1           |   1|   0|    1|          0|
    |ap_enable_reg_pp0_iter2           |   1|   0|    1|          0|
    |ap_enable_reg_pp0_iter3           |   1|   0|    1|          0|
    |ap_enable_reg_pp0_iter4           |   1|   0|    1|          0|
    |ap_enable_reg_pp0_iter5           |   1|   0|    1|          0|
    |ap_loop_exit_ready_pp0_iter1_reg  |   1|   0|    1|          0|
    |ap_loop_exit_ready_pp0_iter2_reg  |   1|   0|    1|          0|
    |ap_loop_exit_ready_pp0_iter3_reg  |   1|   0|    1|          0|
    |ap_loop_exit_ready_pp0_iter4_reg  |   1|   0|    1|          0|
    |conv1_i_i2_reg_268                |  32|   0|   32|          0|
    |ic_2_fu_58                        |   4|   0|    4|          0|
    |ic_reg_244                        |   4|   0|    4|          0|
    |ic_reg_244_pp0_iter1_reg          |   4|   0|    4|          0|
    |icmp_ln133_reg_249                |   1|   0|    1|          0|
    |mul_i3_reg_288                    |  32|   0|   32|          0|
    |mul_i_i2_reg_283                  |  32|   0|   32|          0|
    |s1_pool_load_reg_278              |  32|   0|   32|          0|
    |icmp_ln133_reg_249                |  64|  32|    1|          0|
    +----------------------------------+----+----+-----+-----------+
    |Total                             | 260|  32|  197|          0|
    +----------------------------------+----+----+-----+-----------+



================================================================
== Interface
================================================================
* Summary: 
+----------------------+-----+-----+------------+---------------------------------------+--------------+
|       RTL Ports      | Dir | Bits|  Protocol  |             Source Object             |    C Type    |
+----------------------+-----+-----+------------+---------------------------------------+--------------+
|ap_clk                |   in|    1|  ap_ctrl_hs|  ecg_cnn_top_Pipeline_VITIS_LOOP_133_4|  return value|
|ap_rst                |   in|    1|  ap_ctrl_hs|  ecg_cnn_top_Pipeline_VITIS_LOOP_133_4|  return value|
|ap_start              |   in|    1|  ap_ctrl_hs|  ecg_cnn_top_Pipeline_VITIS_LOOP_133_4|  return value|
|ap_done               |  out|    1|  ap_ctrl_hs|  ecg_cnn_top_Pipeline_VITIS_LOOP_133_4|  return value|
|ap_idle               |  out|    1|  ap_ctrl_hs|  ecg_cnn_top_Pipeline_VITIS_LOOP_133_4|  return value|
|ap_ready              |  out|    1|  ap_ctrl_hs|  ecg_cnn_top_Pipeline_VITIS_LOOP_133_4|  return value|
|grp_fu_2080_p_din0    |  out|   32|  ap_ctrl_hs|  ecg_cnn_top_Pipeline_VITIS_LOOP_133_4|  return value|
|grp_fu_2080_p_din1    |  out|   32|  ap_ctrl_hs|  ecg_cnn_top_Pipeline_VITIS_LOOP_133_4|  return value|
|grp_fu_2080_p_opcode  |  out|    1|  ap_ctrl_hs|  ecg_cnn_top_Pipeline_VITIS_LOOP_133_4|  return value|
|grp_fu_2080_p_dout0   |   in|   32|  ap_ctrl_hs|  ecg_cnn_top_Pipeline_VITIS_LOOP_133_4|  return value|
|grp_fu_2080_p_ce      |  out|    1|  ap_ctrl_hs|  ecg_cnn_top_Pipeline_VITIS_LOOP_133_4|  return value|
|grp_fu_2084_p_din0    |  out|   32|  ap_ctrl_hs|  ecg_cnn_top_Pipeline_VITIS_LOOP_133_4|  return value|
|grp_fu_2084_p_din1    |  out|   32|  ap_ctrl_hs|  ecg_cnn_top_Pipeline_VITIS_LOOP_133_4|  return value|
|grp_fu_2084_p_dout0   |   in|   32|  ap_ctrl_hs|  ecg_cnn_top_Pipeline_VITIS_LOOP_133_4|  return value|
|grp_fu_2084_p_ce      |  out|    1|  ap_ctrl_hs|  ecg_cnn_top_Pipeline_VITIS_LOOP_133_4|  return value|
|grp_fu_2102_p_din0    |  out|   32|  ap_ctrl_hs|  ecg_cnn_top_Pipeline_VITIS_LOOP_133_4|  return value|
|grp_fu_2102_p_dout0   |   in|   32|  ap_ctrl_hs|  ecg_cnn_top_Pipeline_VITIS_LOOP_133_4|  return value|
|grp_fu_2102_p_ce      |  out|    1|  ap_ctrl_hs|  ecg_cnn_top_Pipeline_VITIS_LOOP_133_4|  return value|
|acc_7                 |   in|   32|     ap_none|                                  acc_7|        scalar|
|zext_ln135            |   in|   10|     ap_none|                             zext_ln135|        scalar|
|zext_ln136            |   in|    6|     ap_none|                             zext_ln136|        scalar|
|zext_ln128            |   in|    4|     ap_none|                             zext_ln128|        scalar|
|acc_13_out            |  out|   32|      ap_vld|                             acc_13_out|       pointer|
|acc_13_out_ap_vld     |  out|    1|      ap_vld|                             acc_13_out|       pointer|
|s1_pool_address0      |  out|   10|   ap_memory|                                s1_pool|         array|
|s1_pool_ce0           |  out|    1|   ap_memory|                                s1_pool|         array|
|s1_pool_q0            |   in|   32|   ap_memory|                                s1_pool|         array|
+----------------------+-----+-----+------------+---------------------------------------+--------------+

