

================================================================
== Vitis HLS Report for 'ecg_cnn_top_Pipeline_VITIS_LOOP_336_3'
================================================================
* Date:           Tue Mar 31 12:28:16 2026

* Version:        2025.1 (Build 6135595 on May 21 2025)
* Project:        ecg_cnn_top
* Solution:       hls (Vivado IP Flow Target)
* Product family: zynq
* Target device:  xc7z020-clg400-1


================================================================
== Performance Estimates
================================================================
+ Timing: 
    * Summary: 
    +--------+----------+----------+------------+
    |  Clock |  Target  | Estimated| Uncertainty|
    +--------+----------+----------+------------+
    |ap_clk  |  15.00 ns|  8.695 ns|     4.05 ns|
    +--------+----------+----------+------------+

+ Latency: 
    * Summary: 
    +---------+---------+----------+----------+-----+-----+------------------------------------------------+
    |  Latency (cycles) |  Latency (absolute) |  Interval |                    Pipeline                    |
    |   min   |   max   |    min   |    max   | min | max |                      Type                      |
    +---------+---------+----------+----------+-----+-----+------------------------------------------------+
    |       10|       10|  0.150 us|  0.150 us|    9|    9|  loop auto-rewind stp (delay=0 clock cycles(s))|
    +---------+---------+----------+----------+-----+-----+------------------------------------------------+

    + Detail: 
        * Instance: 
        N/A

        * Loop: 
        +--------------------+---------+---------+----------+-----------+-----------+------+----------+
        |                    |  Latency (cycles) | Iteration|  Initiation Interval  | Trip |          |
        |      Loop Name     |   min   |   max   |  Latency |  achieved |   target  | Count| Pipelined|
        +--------------------+---------+---------+----------+-----------+-----------+------+----------+
        |- VITIS_LOOP_336_3  |        8|        8|         2|          2|          1|     4|       yes|
        +--------------------+---------+---------+----------+-----------+-----------+------+----------+



================================================================
== Utilization Estimates
================================================================
* Summary: 
+-----------------+---------+-----+--------+-------+-----+
|       Name      | BRAM_18K| DSP |   FF   |  LUT  | URAM|
+-----------------+---------+-----+--------+-------+-----+
|DSP              |        -|    -|       -|      -|    -|
|Expression       |        -|    -|       0|    154|    -|
|FIFO             |        -|    -|       -|      -|    -|
|Instance         |        -|    -|       0|     20|    -|
|Memory           |        -|    -|       -|      -|    -|
|Multiplexer      |        -|    -|       0|     59|    -|
|Register         |        -|    -|     104|      -|    -|
+-----------------+---------+-----+--------+-------+-----+
|Total            |        0|    0|     104|    233|    0|
+-----------------+---------+-----+--------+-------+-----+
|Available        |      280|  220|  106400|  53200|    0|
+-----------------+---------+-----+--------+-------+-----+
|Utilization (%)  |        0|    0|      ~0|     ~0|    0|
+-----------------+---------+-----+--------+-------+-----+

+ Detail: 
    * Instance: 
    +---------------------------+----------------------+---------+----+---+----+-----+
    |          Instance         |        Module        | BRAM_18K| DSP| FF| LUT| URAM|
    +---------------------------+----------------------+---------+----+---+----+-----+
    |sparsemux_9_3_32_1_1_U299  |sparsemux_9_3_32_1_1  |        0|   0|  0|  20|    0|
    +---------------------------+----------------------+---------+----+---+----+-----+
    |Total                      |                      |        0|   0|  0|  20|    0|
    +---------------------------+----------------------+---------+----+---+----+-----+

    * DSP: 
    N/A

    * Memory: 
    N/A

    * FIFO: 
    N/A

    * Expression: 
    +------------------------+----------+----+---+----+------------+------------+
    |      Variable Name     | Operation| DSP| FF| LUT| Bitwidth P0| Bitwidth P1|
    +------------------------+----------+----+---+----+------------+------------+
    |add_ln336_fu_151_p2     |         +|   0|  0|  11|           3|           1|
    |and_ln336_1_fu_238_p2   |       and|   0|  0|   2|           1|           1|
    |and_ln336_fu_232_p2     |       and|   0|  0|   2|           1|           1|
    |icmp_ln336_1_fu_196_p2  |      icmp|   0|  0|  15|           8|           2|
    |icmp_ln336_2_fu_202_p2  |      icmp|   0|  0|  30|          23|           1|
    |icmp_ln336_3_fu_214_p2  |      icmp|   0|  0|  15|           8|           2|
    |icmp_ln336_4_fu_220_p2  |      icmp|   0|  0|  30|          23|           1|
    |icmp_ln336_fu_120_p2    |      icmp|   0|  0|  11|           3|           3|
    |or_ln336_1_fu_226_p2    |        or|   0|  0|   2|           1|           1|
    |or_ln336_fu_208_p2      |        or|   0|  0|   2|           1|           1|
    |mx_2_fu_244_p3          |    select|   0|  0|  32|           1|          32|
    |ap_enable_pp0           |       xor|   0|  0|   2|           1|           2|
    +------------------------+----------+----+---+----+------------+------------+
    |Total                   |          |   0|  0| 154|          74|          48|
    +------------------------+----------+----+---+----+------------+------------+

    * Multiplexer: 
    +-------------------------+----+-----------+-----+-----------+
    |           Name          | LUT| Input Size| Bits| Total Bits|
    +-------------------------+----+-----------+-----+-----------+
    |ap_NS_fsm                |  14|          3|    1|          3|
    |ap_done_int              |   9|          2|    1|          2|
    |ap_enable_reg_pp0_iter0  |   9|          2|    1|          2|
    |ap_enable_reg_pp0_iter1  |   9|          2|    1|          2|
    |mx_fu_58                 |   9|          2|   32|         64|
    |o_fu_62                  |   9|          2|    3|          6|
    +-------------------------+----+-----------+-----+-----------+
    |Total                    |  59|         13|   39|         79|
    +-------------------------+----+-----------+-----+-----------+

    * Register: 
    +-----------------------------+----+----+-----+-----------+
    |             Name            | FF | LUT| Bits| Const Bits|
    +-----------------------------+----+----+-----+-----------+
    |ap_CS_fsm                    |   2|   0|    2|          0|
    |ap_done_reg                  |   1|   0|    1|          0|
    |ap_enable_reg_pp0_iter0_reg  |   1|   0|    1|          0|
    |ap_enable_reg_pp0_iter1      |   1|   0|    1|          0|
    |mx_1_reg_304                 |  32|   0|   32|          0|
    |mx_fu_58                     |  32|   0|   32|          0|
    |mx_load_1_reg_297            |  32|   0|   32|          0|
    |o_fu_62                      |   3|   0|    3|          0|
    +-----------------------------+----+----+-----+-----------+
    |Total                        | 104|   0|  104|          0|
    +-----------------------------+----+----+-----+-----------+



================================================================
== Interface
================================================================
* Summary: 
+---------------------------+-----+-----+------------+---------------------------------------+--------------+
|         RTL Ports         | Dir | Bits|  Protocol  |             Source Object             |    C Type    |
+---------------------------+-----+-----+------------+---------------------------------------+--------------+
|ap_clk                     |   in|    1|  ap_ctrl_hs|  ecg_cnn_top_Pipeline_VITIS_LOOP_336_3|  return value|
|ap_rst                     |   in|    1|  ap_ctrl_hs|  ecg_cnn_top_Pipeline_VITIS_LOOP_336_3|  return value|
|ap_start                   |   in|    1|  ap_ctrl_hs|  ecg_cnn_top_Pipeline_VITIS_LOOP_336_3|  return value|
|ap_done                    |  out|    1|  ap_ctrl_hs|  ecg_cnn_top_Pipeline_VITIS_LOOP_336_3|  return value|
|ap_idle                    |  out|    1|  ap_ctrl_hs|  ecg_cnn_top_Pipeline_VITIS_LOOP_336_3|  return value|
|ap_ready                   |  out|    1|  ap_ctrl_hs|  ecg_cnn_top_Pipeline_VITIS_LOOP_336_3|  return value|
|grp_fu_2105_p_din0         |  out|   32|  ap_ctrl_hs|  ecg_cnn_top_Pipeline_VITIS_LOOP_336_3|  return value|
|grp_fu_2105_p_din1         |  out|   32|  ap_ctrl_hs|  ecg_cnn_top_Pipeline_VITIS_LOOP_336_3|  return value|
|grp_fu_2105_p_opcode       |  out|    5|  ap_ctrl_hs|  ecg_cnn_top_Pipeline_VITIS_LOOP_336_3|  return value|
|grp_fu_2105_p_dout0        |   in|    1|  ap_ctrl_hs|  ecg_cnn_top_Pipeline_VITIS_LOOP_336_3|  return value|
|grp_fu_2105_p_ce           |  out|    1|  ap_ctrl_hs|  ecg_cnn_top_Pipeline_VITIS_LOOP_336_3|  return value|
|mx_33_reload               |   in|   32|     ap_none|                           mx_33_reload|        scalar|
|mux_case_11121455_reload   |   in|   32|     ap_none|               mux_case_11121455_reload|        scalar|
|mux_case_21141507_reload   |   in|   32|     ap_none|               mux_case_21141507_reload|        scalar|
|mux_case_31161559_reload   |   in|   32|     ap_none|               mux_case_31161559_reload|        scalar|
|mux_case_411816011_reload  |   in|   32|     ap_none|              mux_case_411816011_reload|        scalar|
|mx_out                     |  out|   32|      ap_vld|                                 mx_out|       pointer|
|mx_out_ap_vld              |  out|    1|      ap_vld|                                 mx_out|       pointer|
+---------------------------+-----+-----+------------+---------------------------------------+--------------+

