

================================================================
== Vitis HLS Report for 'ecg_cnn_top_Pipeline_VITIS_LOOP_266_5_VITIS_LOOP_267_6'
================================================================
* Date:           Tue Mar 31 12:28:13 2026

* Version:        2025.1 (Build 6135595 on May 21 2025)
* Project:        ecg_cnn_top
* Solution:       hls (Vivado IP Flow Target)
* Product family: zynq
* Target device:  xc7z020-clg400-1


================================================================
== Performance Estimates
================================================================
+ Timing: 
    * Summary: 
    +--------+----------+-----------+------------+
    |  Clock |  Target  | Estimated | Uncertainty|
    +--------+----------+-----------+------------+
    |ap_clk  |  15.00 ns|  10.355 ns|     4.05 ns|
    +--------+----------+-----------+------------+

+ Latency: 
    * Summary: 
    +---------+---------+-----------+-----------+-----+-----+------------------------------------------------+
    |  Latency (cycles) |   Latency (absolute)  |  Interval |                    Pipeline                    |
    |   min   |   max   |    min    |    max    | min | max |                      Type                      |
    +---------+---------+-----------+-----------+-----+-----+------------------------------------------------+
    |      708|      708|  10.620 us|  10.620 us|  705|  705|  loop auto-rewind stp (delay=0 clock cycles(s))|
    +---------+---------+-----------+-----------+-----+-----+------------------------------------------------+

    + Detail: 
        * Instance: 
        N/A

        * Loop: 
        +-------------------------------------+---------+---------+----------+-----------+-----------+------+----------+
        |                                     |  Latency (cycles) | Iteration|  Initiation Interval  | Trip |          |
        |              Loop Name              |   min   |   max   |  Latency |  achieved |   target  | Count| Pipelined|
        +-------------------------------------+---------+---------+----------+-----------+-----------+------+----------+
        |- VITIS_LOOP_266_5_VITIS_LOOP_267_6  |      706|      706|         4|          1|          1|   704|       yes|
        +-------------------------------------+---------+---------+----------+-----------+-----------+------+----------+



================================================================
== Utilization Estimates
================================================================
* Summary: 
+-----------------+---------+-----+--------+-------+-----+
|       Name      | BRAM_18K| DSP |   FF   |  LUT  | URAM|
+-----------------+---------+-----+--------+-------+-----+
|DSP              |        -|    -|       -|      -|    -|
|Expression       |        -|    -|       0|    215|    -|
|FIFO             |        -|    -|       -|      -|    -|
|Instance         |        -|    -|       -|      -|    -|
|Memory           |        -|    -|       -|      -|    -|
|Multiplexer      |        -|    -|       0|     72|    -|
|Register         |        -|    -|     150|     32|    -|
+-----------------+---------+-----+--------+-------+-----+
|Total            |        0|    0|     150|    319|    0|
+-----------------+---------+-----+--------+-------+-----+
|Available        |      280|  220|  106400|  53200|    0|
+-----------------+---------+-----+--------+-------+-----+
|Utilization (%)  |        0|    0|      ~0|     ~0|    0|
+-----------------+---------+-----+--------+-------+-----+

+ Detail: 
    * Instance: 
    N/A

    * DSP: 
    N/A

    * Memory: 
    N/A

    * FIFO: 
    N/A

    * Expression: 
    +--------------------------+----------+----+---+----+------------+------------+
    |       Variable Name      | Operation| DSP| FF| LUT| Bitwidth P0| Bitwidth P1|
    +--------------------------+----------+----+---+----+------------+------------+
    |add_ln266_1_fu_147_p2     |         +|   0|  0|  13|          10|           1|
    |add_ln266_fu_159_p2       |         +|   0|  0|  13|           4|           1|
    |add_ln267_fu_241_p2       |         +|   0|  0|  14|           7|           1|
    |add_ln270_fu_230_p2       |         +|   0|  0|  12|          11|          11|
    |add_ln271_fu_211_p2       |         +|   0|  0|  13|          10|          10|
    |and_ln271_1_fu_336_p2     |       and|   0|  0|   2|           1|           1|
    |and_ln271_fu_330_p2       |       and|   0|  0|   2|           1|           1|
    |icmp_ln266_fu_141_p2      |      icmp|   0|  0|  13|          10|          10|
    |icmp_ln267_fu_165_p2      |      icmp|   0|  0|  15|           7|           8|
    |icmp_ln271_1_fu_304_p2    |      icmp|   0|  0|  30|          23|           1|
    |icmp_ln271_2_fu_310_p2    |      icmp|   0|  0|  15|           8|           2|
    |icmp_ln271_3_fu_316_p2    |      icmp|   0|  0|  30|          23|           1|
    |icmp_ln271_fu_298_p2      |      icmp|   0|  0|  15|           8|           2|
    |or_ln271_1_fu_326_p2      |        or|   0|  0|   2|           1|           1|
    |or_ln271_fu_322_p2        |        or|   0|  0|   2|           1|           1|
    |select_ln266_1_fu_179_p3  |    select|   0|  0|   4|           1|           4|
    |select_ln266_fu_171_p3    |    select|   0|  0|   7|           1|           1|
    |select_ln271_fu_342_p3    |    select|   0|  0|  11|           1|          11|
    |ap_enable_pp0             |       xor|   0|  0|   2|           1|           2|
    +--------------------------+----------+----+---+----+------------+------------+
    |Total                     |          |   0|  0| 215|         129|          70|
    +--------------------------+----------+----+---+----+------------+------------+

    * Multiplexer: 
    +----------------------------------------+----+-----------+-----+-----------+
    |                  Name                  | LUT| Input Size| Bits| Total Bits|
    +----------------------------------------+----+-----------+-----+-----------+
    |ap_done_int                             |   9|          2|    1|          2|
    |ap_enable_reg_pp0_iter1                 |   9|          2|    1|          2|
    |ap_sig_allocacmp_c_load                 |   9|          2|    7|         14|
    |ap_sig_allocacmp_indvar_flatten52_load  |   9|          2|   10|         20|
    |ap_sig_allocacmp_t_load                 |   9|          2|    4|          8|
    |c_fu_54                                 |   9|          2|    7|         14|
    |indvar_flatten52_fu_62                  |   9|          2|   10|         20|
    |t_fu_58                                 |   9|          2|    4|          8|
    +----------------------------------------+----+-----------+-----+-----------+
    |Total                                   |  72|         16|   44|         88|
    +----------------------------------------+----+-----------+-----+-----------+

    * Register: 
    +----------------------------------+----+----+-----+-----------+
    |               Name               | FF | LUT| Bits| Const Bits|
    +----------------------------------+----+----+-----+-----------+
    |add_ln270_reg_397                 |  11|   0|   11|          0|
    |add_ln270_reg_397_pp0_iter1_reg   |  11|   0|   11|          0|
    |add_ln271_reg_382                 |  10|   0|   10|          0|
    |ap_CS_fsm                         |   1|   0|    1|          0|
    |ap_done_reg                       |   1|   0|    1|          0|
    |ap_enable_reg_pp0_iter1           |   1|   0|    1|          0|
    |ap_enable_reg_pp0_iter2           |   1|   0|    1|          0|
    |ap_enable_reg_pp0_iter3           |   1|   0|    1|          0|
    |ap_loop_exit_ready_pp0_iter1_reg  |   1|   0|    1|          0|
    |ap_loop_exit_ready_pp0_iter2_reg  |   1|   0|    1|          0|
    |c_fu_54                           |   7|   0|    7|          0|
    |icmp_ln271_1_reg_422              |   1|   0|    1|          0|
    |icmp_ln271_2_reg_427              |   1|   0|    1|          0|
    |icmp_ln271_3_reg_432              |   1|   0|    1|          0|
    |icmp_ln271_reg_417                |   1|   0|    1|          0|
    |indvar_flatten52_fu_62            |  10|   0|   10|          0|
    |t_fu_58                           |   4|   0|    4|          0|
    |tmp_5_reg_387                     |  11|   0|   11|          0|
    |tmp_5_reg_387_pp0_iter1_reg       |  11|   0|   11|          0|
    |add_ln271_reg_382                 |  64|  32|   10|          0|
    +----------------------------------+----+----+-----+-----------+
    |Total                             | 150|  32|   96|          0|
    +----------------------------------+----+----+-----+-----------+



================================================================
== Interface
================================================================
* Summary: 
+----------------------+-----+-----+------------+--------------------------------------------------------+--------------+
|       RTL Ports      | Dir | Bits|  Protocol  |                      Source Object                     |    C Type    |
+----------------------+-----+-----+------------+--------------------------------------------------------+--------------+
|ap_clk                |   in|    1|  ap_ctrl_hs|  ecg_cnn_top_Pipeline_VITIS_LOOP_266_5_VITIS_LOOP_267_6|  return value|
|ap_rst                |   in|    1|  ap_ctrl_hs|  ecg_cnn_top_Pipeline_VITIS_LOOP_266_5_VITIS_LOOP_267_6|  return value|
|ap_start              |   in|    1|  ap_ctrl_hs|  ecg_cnn_top_Pipeline_VITIS_LOOP_266_5_VITIS_LOOP_267_6|  return value|
|ap_done               |  out|    1|  ap_ctrl_hs|  ecg_cnn_top_Pipeline_VITIS_LOOP_266_5_VITIS_LOOP_267_6|  return value|
|ap_idle               |  out|    1|  ap_ctrl_hs|  ecg_cnn_top_Pipeline_VITIS_LOOP_266_5_VITIS_LOOP_267_6|  return value|
|ap_ready              |  out|    1|  ap_ctrl_hs|  ecg_cnn_top_Pipeline_VITIS_LOOP_266_5_VITIS_LOOP_267_6|  return value|
|grp_fu_2105_p_din0    |  out|   32|  ap_ctrl_hs|  ecg_cnn_top_Pipeline_VITIS_LOOP_266_5_VITIS_LOOP_267_6|  return value|
|grp_fu_2105_p_din1    |  out|   32|  ap_ctrl_hs|  ecg_cnn_top_Pipeline_VITIS_LOOP_266_5_VITIS_LOOP_267_6|  return value|
|grp_fu_2105_p_opcode  |  out|    5|  ap_ctrl_hs|  ecg_cnn_top_Pipeline_VITIS_LOOP_266_5_VITIS_LOOP_267_6|  return value|
|grp_fu_2105_p_dout0   |   in|    1|  ap_ctrl_hs|  ecg_cnn_top_Pipeline_VITIS_LOOP_266_5_VITIS_LOOP_267_6|  return value|
|grp_fu_2105_p_ce      |  out|    1|  ap_ctrl_hs|  ecg_cnn_top_Pipeline_VITIS_LOOP_266_5_VITIS_LOOP_267_6|  return value|
|tmp_address0          |  out|   11|   ap_memory|                                                     tmp|         array|
|tmp_ce0               |  out|    1|   ap_memory|                                                     tmp|         array|
|tmp_q0                |   in|   32|   ap_memory|                                                     tmp|         array|
|tmp_address1          |  out|   11|   ap_memory|                                                     tmp|         array|
|tmp_ce1               |  out|    1|   ap_memory|                                                     tmp|         array|
|tmp_q1                |   in|   32|   ap_memory|                                                     tmp|         array|
|tmp_address2          |  out|   11|   ap_memory|                                                     tmp|         array|
|tmp_ce2               |  out|    1|   ap_memory|                                                     tmp|         array|
|tmp_q2                |   in|   32|   ap_memory|                                                     tmp|         array|
|s4_out_address0       |  out|   10|   ap_memory|                                                  s4_out|         array|
|s4_out_ce0            |  out|    1|   ap_memory|                                                  s4_out|         array|
|s4_out_we0            |  out|    1|   ap_memory|                                                  s4_out|         array|
|s4_out_d0             |  out|   32|   ap_memory|                                                  s4_out|         array|
+----------------------+-----+-----+------------+--------------------------------------------------------+--------------+

