

================================================================
== Vitis HLS Report for 'ecg_cnn_top_Pipeline_VITIS_LOOP_310_2'
================================================================
* Date:           Tue Mar 31 12:28:14 2026

* Version:        2025.1 (Build 6135595 on May 21 2025)
* Project:        ecg_cnn_top
* Solution:       hls (Vivado IP Flow Target)
* Product family: zynq
* Target device:  xc7z020-clg400-1


================================================================
== Performance Estimates
================================================================
+ Timing: 
    * Summary: 
    +--------+----------+-----------+------------+
    |  Clock |  Target  | Estimated | Uncertainty|
    +--------+----------+-----------+------------+
    |ap_clk  |  15.00 ns|  12.121 ns|     4.05 ns|
    +--------+----------+-----------+------------+

+ Latency: 
    * Summary: 
    +---------+---------+----------+----------+-----+-----+------------------------------------------------+
    |  Latency (cycles) |  Latency (absolute) |  Interval |                    Pipeline                    |
    |   min   |   max   |    min   |    max   | min | max |                      Type                      |
    +---------+---------+----------+----------+-----+-----+------------------------------------------------+
    |      207|      207|  3.105 us|  3.105 us|  195|  195|  loop auto-rewind stp (delay=0 clock cycles(s))|
    +---------+---------+----------+----------+-----+-----+------------------------------------------------+

    + Detail: 
        * Instance: 
        N/A

        * Loop: 
        +--------------------+---------+---------+----------+-----------+-----------+------+----------+
        |                    |  Latency (cycles) | Iteration|  Initiation Interval  | Trip |          |
        |      Loop Name     |   min   |   max   |  Latency |  achieved |   target  | Count| Pipelined|
        +--------------------+---------+---------+----------+-----------+-----------+------+----------+
        |- VITIS_LOOP_310_2  |      205|      205|        17|          3|          1|    64|       yes|
        +--------------------+---------+---------+----------+-----------+-----------+------+----------+



================================================================
== Utilization Estimates
================================================================
* Summary: 
+-----------------+---------+-----+--------+-------+-----+
|       Name      | BRAM_18K| DSP |   FF   |  LUT  | URAM|
+-----------------+---------+-----+--------+-------+-----+
|DSP              |        -|    -|       -|      -|    -|
|Expression       |        -|    -|       0|     45|    -|
|FIFO             |        -|    -|       -|      -|    -|
|Instance         |        -|    -|       0|    273|    -|
|Memory           |        1|    -|       0|      0|    -|
|Multiplexer      |        -|    -|       0|    156|    -|
|Register         |        -|    -|     319|     64|    -|
+-----------------+---------+-----+--------+-------+-----+
|Total            |        1|    0|     319|    538|    0|
+-----------------+---------+-----+--------+-------+-----+
|Available        |      280|  220|  106400|  53200|    0|
+-----------------+---------+-----+--------+-------+-----+
|Utilization (%)  |       ~0|    0|      ~0|      1|    0|
+-----------------+---------+-----+--------+-------+-----+

+ Detail: 
    * Instance: 
    +-----------------------------+------------------------+---------+----+---+-----+-----+
    |           Instance          |         Module         | BRAM_18K| DSP| FF| LUT | URAM|
    +-----------------------------+------------------------+---------+----+---+-----+-----+
    |sparsemux_129_6_32_1_1_U185  |sparsemux_129_6_32_1_1  |        0|   0|  0|  273|    0|
    +-----------------------------+------------------------+---------+----+---+-----+-----+
    |Total                        |                        |        0|   0|  0|  273|    0|
    +-----------------------------+------------------------+---------+----+---+-----+-----+

    * DSP: 
    N/A

    * Memory: 
    +---------+---------------------------------------------------------+---------+---+----+-----+------+-----+------+-------------+
    |  Memory |                          Module                         | BRAM_18K| FF| LUT| URAM| Words| Bits| Banks| W*Bits*Banks|
    +---------+---------------------------------------------------------+---------+---+----+-----+------+-----+------+-------------+
    |fc2_w_U  |ecg_cnn_top_Pipeline_VITIS_LOOP_310_2_fc2_w_ROM_AUTO_1R  |        1|  0|   0|    0|  2048|    8|     1|        16384|
    +---------+---------------------------------------------------------+---------+---+----+-----+------+-----+------+-------------+
    |Total    |                                                         |        1|  0|   0|    0|  2048|    8|     1|        16384|
    +---------+---------------------------------------------------------+---------+---+----+-----+------+-----+------+-------------+

    * FIFO: 
    N/A

    * Expression: 
    +----------------------+----------+----+---+----+------------+------------+
    |     Variable Name    | Operation| DSP| FF| LUT| Bitwidth P0| Bitwidth P1|
    +----------------------+----------+----+---+----+------------+------------+
    |add_ln310_fu_759_p2   |         +|   0|  0|  14|           7|           1|
    |add_ln38_fu_1055_p2   |         +|   0|  0|  14|           9|           7|
    |icmp_ln310_fu_753_p2  |      icmp|   0|  0|  15|           7|           8|
    |ap_enable_pp0         |       xor|   0|  0|   2|           1|           2|
    +----------------------+----------+----+---+----+------------+------------+
    |Total                 |          |   0|  0|  45|          24|          18|
    +----------------------+----------+----+---+----+------------+------------+

    * Multiplexer: 
    +----------------------------------+----+-----------+-----+-----------+
    |               Name               | LUT| Input Size| Bits| Total Bits|
    +----------------------------------+----+-----------+-----+-----------+
    |acc_fu_304                        |   9|          2|   32|         64|
    |ap_NS_fsm                         |  20|          4|    1|          4|
    |ap_done_int                       |   9|          2|    1|          2|
    |ap_enable_reg_pp0_iter0           |   9|          2|    1|          2|
    |ap_enable_reg_pp0_iter1           |   9|          2|    1|          2|
    |ap_enable_reg_pp0_iter5           |   9|          2|    1|          2|
    |ap_loop_exit_ready_pp0_iter1_reg  |   9|          2|    1|          2|
    |ap_loop_exit_ready_pp0_iter2_reg  |   9|          2|    1|          2|
    |ap_loop_exit_ready_pp0_iter3_reg  |   9|          2|    1|          2|
    |ap_loop_exit_ready_pp0_iter4_reg  |   9|          2|    1|          2|
    |ap_sig_allocacmp_acc_load_3       |   9|          2|   32|         64|
    |ap_sig_allocacmp_i_1              |   9|          2|    7|         14|
    |grp_fu_732_p0                     |  14|          3|   32|         96|
    |grp_fu_732_p1                     |  14|          3|   32|         96|
    |i_fu_308                          |   9|          2|    7|         14|
    +----------------------------------+----+-----------+-----+-----------+
    |Total                             | 156|         34|  151|        368|
    +----------------------------------+----+-----------+-----+-----------+

    * Register: 
    +----------------------------------+----+----+-----+-----------+
    |               Name               | FF | LUT| Bits| Const Bits|
    +----------------------------------+----+----+-----+-----------+
    |acc_fu_304                        |  32|   0|   32|          0|
    |add_ln38_reg_1107                 |   9|   0|    9|          0|
    |ap_CS_fsm                         |   3|   0|    3|          0|
    |ap_done_reg                       |   1|   0|    1|          0|
    |ap_enable_reg_pp0_iter0_reg       |   1|   0|    1|          0|
    |ap_enable_reg_pp0_iter1           |   1|   0|    1|          0|
    |ap_enable_reg_pp0_iter2           |   1|   0|    1|          0|
    |ap_enable_reg_pp0_iter3           |   1|   0|    1|          0|
    |ap_enable_reg_pp0_iter4           |   1|   0|    1|          0|
    |ap_enable_reg_pp0_iter5           |   1|   0|    1|          0|
    |ap_loop_exit_ready_pp0_iter1_reg  |   1|   0|    1|          0|
    |ap_loop_exit_ready_pp0_iter2_reg  |   1|   0|    1|          0|
    |ap_loop_exit_ready_pp0_iter3_reg  |   1|   0|    1|          0|
    |ap_loop_exit_ready_pp0_iter4_reg  |   1|   0|    1|          0|
    |conv1_i12_i1_reg_1117             |  32|   0|   32|          0|
    |i_fu_308                          |   7|   0|    7|          0|
    |icmp_ln310_reg_1093               |   1|   0|    1|          0|
    |mul_i13_i1_reg_1122               |  32|   0|   32|          0|
    |mul_i9_reg_1127                   |  32|   0|   32|          0|
    |tmp_3_reg_1102                    |  32|   0|   32|          0|
    |icmp_ln310_reg_1093               |  64|  32|    1|          0|
    |tmp_3_reg_1102                    |  64|  32|   32|          0|
    +----------------------------------+----+----+-----+-----------+
    |Total                             | 319|  64|  224|          0|
    +----------------------------------+----+----+-----+-----------+



================================================================
== Interface
================================================================
* Summary: 
+-----------------------------------------+-----+-----+------------+-----------------------------------------+--------------+
|                RTL Ports                | Dir | Bits|  Protocol  |              Source Object              |    C Type    |
+-----------------------------------------+-----+-----+------------+-----------------------------------------+--------------+
|ap_clk                                   |   in|    1|  ap_ctrl_hs|    ecg_cnn_top_Pipeline_VITIS_LOOP_310_2|  return value|
|ap_rst                                   |   in|    1|  ap_ctrl_hs|    ecg_cnn_top_Pipeline_VITIS_LOOP_310_2|  return value|
|ap_start                                 |   in|    1|  ap_ctrl_hs|    ecg_cnn_top_Pipeline_VITIS_LOOP_310_2|  return value|
|ap_done                                  |  out|    1|  ap_ctrl_hs|    ecg_cnn_top_Pipeline_VITIS_LOOP_310_2|  return value|
|ap_idle                                  |  out|    1|  ap_ctrl_hs|    ecg_cnn_top_Pipeline_VITIS_LOOP_310_2|  return value|
|ap_ready                                 |  out|    1|  ap_ctrl_hs|    ecg_cnn_top_Pipeline_VITIS_LOOP_310_2|  return value|
|grp_fu_2080_p_din0                       |  out|   32|  ap_ctrl_hs|    ecg_cnn_top_Pipeline_VITIS_LOOP_310_2|  return value|
|grp_fu_2080_p_din1                       |  out|   32|  ap_ctrl_hs|    ecg_cnn_top_Pipeline_VITIS_LOOP_310_2|  return value|
|grp_fu_2080_p_opcode                     |  out|    1|  ap_ctrl_hs|    ecg_cnn_top_Pipeline_VITIS_LOOP_310_2|  return value|
|grp_fu_2080_p_dout0                      |   in|   32|  ap_ctrl_hs|    ecg_cnn_top_Pipeline_VITIS_LOOP_310_2|  return value|
|grp_fu_2080_p_ce                         |  out|    1|  ap_ctrl_hs|    ecg_cnn_top_Pipeline_VITIS_LOOP_310_2|  return value|
|grp_fu_2084_p_din0                       |  out|   32|  ap_ctrl_hs|    ecg_cnn_top_Pipeline_VITIS_LOOP_310_2|  return value|
|grp_fu_2084_p_din1                       |  out|   32|  ap_ctrl_hs|    ecg_cnn_top_Pipeline_VITIS_LOOP_310_2|  return value|
|grp_fu_2084_p_dout0                      |   in|   32|  ap_ctrl_hs|    ecg_cnn_top_Pipeline_VITIS_LOOP_310_2|  return value|
|grp_fu_2084_p_ce                         |  out|    1|  ap_ctrl_hs|    ecg_cnn_top_Pipeline_VITIS_LOOP_310_2|  return value|
|grp_fu_2102_p_din0                       |  out|   32|  ap_ctrl_hs|    ecg_cnn_top_Pipeline_VITIS_LOOP_310_2|  return value|
|grp_fu_2102_p_dout0                      |   in|   32|  ap_ctrl_hs|    ecg_cnn_top_Pipeline_VITIS_LOOP_310_2|  return value|
|grp_fu_2102_p_ce                         |  out|    1|  ap_ctrl_hs|    ecg_cnn_top_Pipeline_VITIS_LOOP_310_2|  return value|
|acc_30                                   |   in|   32|     ap_none|                                   acc_30|        scalar|
|zext_ln308                               |   in|    5|     ap_none|                               zext_ln308|        scalar|
|ecg_cnn_top_float_float_fc1_out_load     |   in|   32|     ap_none|     ecg_cnn_top_float_float_fc1_out_load|        scalar|
|ecg_cnn_top_float_float_fc1_out_10_load  |   in|   32|     ap_none|  ecg_cnn_top_float_float_fc1_out_10_load|        scalar|
|ecg_cnn_top_float_float_fc1_out_11_load  |   in|   32|     ap_none|  ecg_cnn_top_float_float_fc1_out_11_load|        scalar|
|ecg_cnn_top_float_float_fc1_out_12_load  |   in|   32|     ap_none|  ecg_cnn_top_float_float_fc1_out_12_load|        scalar|
|ecg_cnn_top_float_float_fc1_out_13_load  |   in|   32|     ap_none|  ecg_cnn_top_float_float_fc1_out_13_load|        scalar|
|ecg_cnn_top_float_float_fc1_out_14_load  |   in|   32|     ap_none|  ecg_cnn_top_float_float_fc1_out_14_load|        scalar|
|ecg_cnn_top_float_float_fc1_out_15_load  |   in|   32|     ap_none|  ecg_cnn_top_float_float_fc1_out_15_load|        scalar|
|ecg_cnn_top_float_float_fc1_out_16_load  |   in|   32|     ap_none|  ecg_cnn_top_float_float_fc1_out_16_load|        scalar|
|ecg_cnn_top_float_float_fc1_out_17_load  |   in|   32|     ap_none|  ecg_cnn_top_float_float_fc1_out_17_load|        scalar|
|ecg_cnn_top_float_float_fc1_out_18_load  |   in|   32|     ap_none|  ecg_cnn_top_float_float_fc1_out_18_load|        scalar|
|p_ZZ11ecg_cnn_topPfS_E7fc1_out_10_load   |   in|   32|     ap_none|   p_ZZ11ecg_cnn_topPfS_E7fc1_out_10_load|        scalar|
|ecg_cnn_top_float_float_fc1_out_66       |   in|   32|     ap_none|       ecg_cnn_top_float_float_fc1_out_66|        scalar|
|ecg_cnn_top_float_float_fc1_out_67       |   in|   32|     ap_none|       ecg_cnn_top_float_float_fc1_out_67|        scalar|
|ecg_cnn_top_float_float_fc1_out_68       |   in|   32|     ap_none|       ecg_cnn_top_float_float_fc1_out_68|        scalar|
|ecg_cnn_top_float_float_fc1_out_69       |   in|   32|     ap_none|       ecg_cnn_top_float_float_fc1_out_69|        scalar|
|ecg_cnn_top_float_float_fc1_out_70       |   in|   32|     ap_none|       ecg_cnn_top_float_float_fc1_out_70|        scalar|
|p_ZZ11ecg_cnn_topPfS_E7fc1_out_16_load   |   in|   32|     ap_none|   p_ZZ11ecg_cnn_topPfS_E7fc1_out_16_load|        scalar|
|p_ZZ11ecg_cnn_topPfS_E7fc1_out_17_load   |   in|   32|     ap_none|   p_ZZ11ecg_cnn_topPfS_E7fc1_out_17_load|        scalar|
|p_ZZ11ecg_cnn_topPfS_E7fc1_out_18_load   |   in|   32|     ap_none|   p_ZZ11ecg_cnn_topPfS_E7fc1_out_18_load|        scalar|
|p_ZZ11ecg_cnn_topPfS_E7fc1_out_19_load   |   in|   32|     ap_none|   p_ZZ11ecg_cnn_topPfS_E7fc1_out_19_load|        scalar|
|p_ZZ11ecg_cnn_topPfS_E7fc1_out_20_load   |   in|   32|     ap_none|   p_ZZ11ecg_cnn_topPfS_E7fc1_out_20_load|        scalar|
|ecg_cnn_top_float_float_fc1_out_71       |   in|   32|     ap_none|       ecg_cnn_top_float_float_fc1_out_71|        scalar|
|ecg_cnn_top_float_float_fc1_out_72       |   in|   32|     ap_none|       ecg_cnn_top_float_float_fc1_out_72|        scalar|
|ecg_cnn_top_float_float_fc1_out_73       |   in|   32|     ap_none|       ecg_cnn_top_float_float_fc1_out_73|        scalar|
|ecg_cnn_top_float_float_fc1_out_74       |   in|   32|     ap_none|       ecg_cnn_top_float_float_fc1_out_74|        scalar|
|ecg_cnn_top_float_float_fc1_out_75       |   in|   32|     ap_none|       ecg_cnn_top_float_float_fc1_out_75|        scalar|
|p_ZZ11ecg_cnn_topPfS_E7fc1_out_26_load   |   in|   32|     ap_none|   p_ZZ11ecg_cnn_topPfS_E7fc1_out_26_load|        scalar|
|p_ZZ11ecg_cnn_topPfS_E7fc1_out_27_load   |   in|   32|     ap_none|   p_ZZ11ecg_cnn_topPfS_E7fc1_out_27_load|        scalar|
|p_ZZ11ecg_cnn_topPfS_E7fc1_out_28_load   |   in|   32|     ap_none|   p_ZZ11ecg_cnn_topPfS_E7fc1_out_28_load|        scalar|
|p_ZZ11ecg_cnn_topPfS_E7fc1_out_29_load   |   in|   32|     ap_none|   p_ZZ11ecg_cnn_topPfS_E7fc1_out_29_load|        scalar|
|p_ZZ11ecg_cnn_topPfS_E7fc1_out_30_load   |   in|   32|     ap_none|   p_ZZ11ecg_cnn_topPfS_E7fc1_out_30_load|        scalar|
|ecg_cnn_top_float_float_fc1_out_76       |   in|   32|     ap_none|       ecg_cnn_top_float_float_fc1_out_76|        scalar|
|ecg_cnn_top_float_float_fc1_out_77       |   in|   32|     ap_none|       ecg_cnn_top_float_float_fc1_out_77|        scalar|
|ecg_cnn_top_float_float_fc1_out_78       |   in|   32|     ap_none|       ecg_cnn_top_float_float_fc1_out_78|        scalar|
|ecg_cnn_top_float_float_fc1_out_79       |   in|   32|     ap_none|       ecg_cnn_top_float_float_fc1_out_79|        scalar|
|ecg_cnn_top_float_float_fc1_out_80       |   in|   32|     ap_none|       ecg_cnn_top_float_float_fc1_out_80|        scalar|
|p_ZZ11ecg_cnn_topPfS_E7fc1_out_36_load   |   in|   32|     ap_none|   p_ZZ11ecg_cnn_topPfS_E7fc1_out_36_load|        scalar|
|p_ZZ11ecg_cnn_topPfS_E7fc1_out_37_load   |   in|   32|     ap_none|   p_ZZ11ecg_cnn_topPfS_E7fc1_out_37_load|        scalar|
|p_ZZ11ecg_cnn_topPfS_E7fc1_out_38_load   |   in|   32|     ap_none|   p_ZZ11ecg_cnn_topPfS_E7fc1_out_38_load|        scalar|
|p_ZZ11ecg_cnn_topPfS_E7fc1_out_39_load   |   in|   32|     ap_none|   p_ZZ11ecg_cnn_topPfS_E7fc1_out_39_load|        scalar|
|p_ZZ11ecg_cnn_topPfS_E7fc1_out_40_load   |   in|   32|     ap_none|   p_ZZ11ecg_cnn_topPfS_E7fc1_out_40_load|        scalar|
|ecg_cnn_top_float_float_fc1_out_81       |   in|   32|     ap_none|       ecg_cnn_top_float_float_fc1_out_81|        scalar|
|ecg_cnn_top_float_float_fc1_out_82       |   in|   32|     ap_none|       ecg_cnn_top_float_float_fc1_out_82|        scalar|
|ecg_cnn_top_float_float_fc1_out_83       |   in|   32|     ap_none|       ecg_cnn_top_float_float_fc1_out_83|        scalar|
|ecg_cnn_top_float_float_fc1_out_84       |   in|   32|     ap_none|       ecg_cnn_top_float_float_fc1_out_84|        scalar|
|ecg_cnn_top_float_float_fc1_out_85       |   in|   32|     ap_none|       ecg_cnn_top_float_float_fc1_out_85|        scalar|
|p_ZZ11ecg_cnn_topPfS_E7fc1_out_46_load   |   in|   32|     ap_none|   p_ZZ11ecg_cnn_topPfS_E7fc1_out_46_load|        scalar|
|p_ZZ11ecg_cnn_topPfS_E7fc1_out_47_load   |   in|   32|     ap_none|   p_ZZ11ecg_cnn_topPfS_E7fc1_out_47_load|        scalar|
|p_ZZ11ecg_cnn_topPfS_E7fc1_out_48_load   |   in|   32|     ap_none|   p_ZZ11ecg_cnn_topPfS_E7fc1_out_48_load|        scalar|
|p_ZZ11ecg_cnn_topPfS_E7fc1_out_49_load   |   in|   32|     ap_none|   p_ZZ11ecg_cnn_topPfS_E7fc1_out_49_load|        scalar|
|p_ZZ11ecg_cnn_topPfS_E7fc1_out_50_load   |   in|   32|     ap_none|   p_ZZ11ecg_cnn_topPfS_E7fc1_out_50_load|        scalar|
|ecg_cnn_top_float_float_fc1_out_86       |   in|   32|     ap_none|       ecg_cnn_top_float_float_fc1_out_86|        scalar|
|ecg_cnn_top_float_float_fc1_out_87       |   in|   32|     ap_none|       ecg_cnn_top_float_float_fc1_out_87|        scalar|
|ecg_cnn_top_float_float_fc1_out_88       |   in|   32|     ap_none|       ecg_cnn_top_float_float_fc1_out_88|        scalar|
|ecg_cnn_top_float_float_fc1_out_89       |   in|   32|     ap_none|       ecg_cnn_top_float_float_fc1_out_89|        scalar|
|ecg_cnn_top_float_float_fc1_out_90       |   in|   32|     ap_none|       ecg_cnn_top_float_float_fc1_out_90|        scalar|
|p_ZZ11ecg_cnn_topPfS_E7fc1_out_56_load   |   in|   32|     ap_none|   p_ZZ11ecg_cnn_topPfS_E7fc1_out_56_load|        scalar|
|p_ZZ11ecg_cnn_topPfS_E7fc1_out_57_load   |   in|   32|     ap_none|   p_ZZ11ecg_cnn_topPfS_E7fc1_out_57_load|        scalar|
|p_ZZ11ecg_cnn_topPfS_E7fc1_out_58_load   |   in|   32|     ap_none|   p_ZZ11ecg_cnn_topPfS_E7fc1_out_58_load|        scalar|
|p_ZZ11ecg_cnn_topPfS_E7fc1_out_59_load   |   in|   32|     ap_none|   p_ZZ11ecg_cnn_topPfS_E7fc1_out_59_load|        scalar|
|p_ZZ11ecg_cnn_topPfS_E7fc1_out_60_load   |   in|   32|     ap_none|   p_ZZ11ecg_cnn_topPfS_E7fc1_out_60_load|        scalar|
|ecg_cnn_top_float_float_fc1_out_91       |   in|   32|     ap_none|       ecg_cnn_top_float_float_fc1_out_91|        scalar|
|ecg_cnn_top_float_float_fc1_out_92       |   in|   32|     ap_none|       ecg_cnn_top_float_float_fc1_out_92|        scalar|
|ecg_cnn_top_float_float_fc1_out          |   in|   32|     ap_none|          ecg_cnn_top_float_float_fc1_out|        scalar|
|acc_34_out                               |  out|   32|      ap_vld|                               acc_34_out|       pointer|
|acc_34_out_ap_vld                        |  out|    1|      ap_vld|                               acc_34_out|       pointer|
+-----------------------------------------+-----+-----+------------+-----------------------------------------+--------------+

