

================================================================
== Vitis HLS Report for 'ecg_cnn_top_Pipeline_VITIS_LOOP_296_2'
================================================================
* Date:           Tue Mar 31 12:28:14 2026

* Version:        2025.1 (Build 6135595 on May 21 2025)
* Project:        ecg_cnn_top
* Solution:       hls (Vivado IP Flow Target)
* Product family: zynq
* Target device:  xc7z020-clg400-1


================================================================
== Performance Estimates
================================================================
+ Timing: 
    * Summary: 
    +--------+----------+-----------+------------+
    |  Clock |  Target  | Estimated | Uncertainty|
    +--------+----------+-----------+------------+
    |ap_clk  |  15.00 ns|  12.121 ns|     4.05 ns|
    +--------+----------+-----------+------------+

+ Latency: 
    * Summary: 
    +---------+---------+----------+----------+-----+-----+------------------------------------------------+
    |  Latency (cycles) |  Latency (absolute) |  Interval |                    Pipeline                    |
    |   min   |   max   |    min   |    max   | min | max |                      Type                      |
    +---------+---------+----------+----------+-----+-----+------------------------------------------------+
    |      207|      207|  3.105 us|  3.105 us|  195|  195|  loop auto-rewind stp (delay=0 clock cycles(s))|
    +---------+---------+----------+----------+-----+-----+------------------------------------------------+

    + Detail: 
        * Instance: 
        N/A

        * Loop: 
        +--------------------+---------+---------+----------+-----------+-----------+------+----------+
        |                    |  Latency (cycles) | Iteration|  Initiation Interval  | Trip |          |
        |      Loop Name     |   min   |   max   |  Latency |  achieved |   target  | Count| Pipelined|
        +--------------------+---------+---------+----------+-----------+-----------+------+----------+
        |- VITIS_LOOP_296_2  |      205|      205|        17|          3|          1|    64|       yes|
        +--------------------+---------+---------+----------+-----------+-----------+------+----------+



================================================================
== Utilization Estimates
================================================================
* Summary: 
+-----------------+---------+-----+--------+-------+-----+
|       Name      | BRAM_18K| DSP |   FF   |  LUT  | URAM|
+-----------------+---------+-----+--------+-------+-----+
|DSP              |        -|    -|       -|      -|    -|
|Expression       |        -|    -|       0|     45|    -|
|FIFO             |        -|    -|       -|      -|    -|
|Instance         |        -|    -|       0|    273|    -|
|Memory           |        2|    -|       0|      0|    -|
|Multiplexer      |        -|    -|       0|    156|    -|
|Register         |        -|    -|     319|     64|    -|
+-----------------+---------+-----+--------+-------+-----+
|Total            |        2|    0|     319|    538|    0|
+-----------------+---------+-----+--------+-------+-----+
|Available        |      280|  220|  106400|  53200|    0|
+-----------------+---------+-----+--------+-------+-----+
|Utilization (%)  |       ~0|    0|      ~0|      1|    0|
+-----------------+---------+-----+--------+-------+-----+

+ Detail: 
    * Instance: 
    +-----------------------------+------------------------+---------+----+---+-----+-----+
    |           Instance          |         Module         | BRAM_18K| DSP| FF| LUT | URAM|
    +-----------------------------+------------------------+---------+----+---+-----+-----+
    |sparsemux_129_6_32_1_1_U112  |sparsemux_129_6_32_1_1  |        0|   0|  0|  273|    0|
    +-----------------------------+------------------------+---------+----+---+-----+-----+
    |Total                        |                        |        0|   0|  0|  273|    0|
    +-----------------------------+------------------------+---------+----+---+-----+-----+

    * DSP: 
    N/A

    * Memory: 
    +---------+---------------------------------------------------------+---------+---+----+-----+------+-----+------+-------------+
    |  Memory |                          Module                         | BRAM_18K| FF| LUT| URAM| Words| Bits| Banks| W*Bits*Banks|
    +---------+---------------------------------------------------------+---------+---+----+-----+------+-----+------+-------------+
    |fc1_w_U  |ecg_cnn_top_Pipeline_VITIS_LOOP_296_2_fc1_w_ROM_AUTO_1R  |        2|  0|   0|    0|  4096|    8|     1|        32768|
    +---------+---------------------------------------------------------+---------+---+----+-----+------+-----+------+-------------+
    |Total    |                                                         |        2|  0|   0|    0|  4096|    8|     1|        32768|
    +---------+---------------------------------------------------------+---------+---+----+-----+------+-----+------+-------------+

    * FIFO: 
    N/A

    * Expression: 
    +----------------------+----------+----+---+----+------------+------------+
    |     Variable Name    | Operation| DSP| FF| LUT| Bitwidth P0| Bitwidth P1|
    +----------------------+----------+----+---+----+------------+------------+
    |add_ln296_fu_759_p2   |         +|   0|  0|  14|           7|           1|
    |add_ln38_fu_1055_p2   |         +|   0|  0|  14|           9|           3|
    |icmp_ln296_fu_753_p2  |      icmp|   0|  0|  15|           7|           8|
    |ap_enable_pp0         |       xor|   0|  0|   2|           1|           2|
    +----------------------+----------+----+---+----+------------+------------+
    |Total                 |          |   0|  0|  45|          24|          14|
    +----------------------+----------+----+---+----+------------+------------+

    * Multiplexer: 
    +----------------------------------+----+-----------+-----+-----------+
    |               Name               | LUT| Input Size| Bits| Total Bits|
    +----------------------------------+----+-----------+-----+-----------+
    |acc_fu_304                        |   9|          2|   32|         64|
    |ap_NS_fsm                         |  20|          4|    1|          4|
    |ap_done_int                       |   9|          2|    1|          2|
    |ap_enable_reg_pp0_iter0           |   9|          2|    1|          2|
    |ap_enable_reg_pp0_iter1           |   9|          2|    1|          2|
    |ap_enable_reg_pp0_iter5           |   9|          2|    1|          2|
    |ap_loop_exit_ready_pp0_iter1_reg  |   9|          2|    1|          2|
    |ap_loop_exit_ready_pp0_iter2_reg  |   9|          2|    1|          2|
    |ap_loop_exit_ready_pp0_iter3_reg  |   9|          2|    1|          2|
    |ap_loop_exit_ready_pp0_iter4_reg  |   9|          2|    1|          2|
    |ap_sig_allocacmp_acc_load_4       |   9|          2|   32|         64|
    |ap_sig_allocacmp_i_2              |   9|          2|    7|         14|
    |grp_fu_732_p0                     |  14|          3|   32|         96|
    |grp_fu_732_p1                     |  14|          3|   32|         96|
    |i_fu_308                          |   9|          2|    7|         14|
    +----------------------------------+----+-----------+-----+-----------+
    |Total                             | 156|         34|  151|        368|
    +----------------------------------+----+-----------+-----+-----------+

    * Register: 
    +----------------------------------+----+----+-----+-----------+
    |               Name               | FF | LUT| Bits| Const Bits|
    +----------------------------------+----+----+-----+-----------+
    |acc_fu_304                        |  32|   0|   32|          0|
    |add_ln38_reg_1107                 |   9|   0|    9|          0|
    |ap_CS_fsm                         |   3|   0|    3|          0|
    |ap_done_reg                       |   1|   0|    1|          0|
    |ap_enable_reg_pp0_iter0_reg       |   1|   0|    1|          0|
    |ap_enable_reg_pp0_iter1           |   1|   0|    1|          0|
    |ap_enable_reg_pp0_iter2           |   1|   0|    1|          0|
    |ap_enable_reg_pp0_iter3           |   1|   0|    1|          0|
    |ap_enable_reg_pp0_iter4           |   1|   0|    1|          0|
    |ap_enable_reg_pp0_iter5           |   1|   0|    1|          0|
    |ap_loop_exit_ready_pp0_iter1_reg  |   1|   0|    1|          0|
    |ap_loop_exit_ready_pp0_iter2_reg  |   1|   0|    1|          0|
    |ap_loop_exit_ready_pp0_iter3_reg  |   1|   0|    1|          0|
    |ap_loop_exit_ready_pp0_iter4_reg  |   1|   0|    1|          0|
    |conv1_i12_i_reg_1117              |  32|   0|   32|          0|
    |i_fu_308                          |   7|   0|    7|          0|
    |icmp_ln296_reg_1093               |   1|   0|    1|          0|
    |mul_i13_i_reg_1122                |  32|   0|   32|          0|
    |mul_i8_reg_1127                   |  32|   0|   32|          0|
    |tmp_2_reg_1102                    |  32|   0|   32|          0|
    |icmp_ln296_reg_1093               |  64|  32|    1|          0|
    |tmp_2_reg_1102                    |  64|  32|   32|          0|
    +----------------------------------+----+----+-----+-----------+
    |Total                             | 319|  64|  224|          0|
    +----------------------------------+----+----+-----+-----------+



================================================================
== Interface
================================================================
* Summary: 
+----------------------------------------+-----+-----+------------+----------------------------------------+--------------+
|                RTL Ports               | Dir | Bits|  Protocol  |              Source Object             |    C Type    |
+----------------------------------------+-----+-----+------------+----------------------------------------+--------------+
|ap_clk                                  |   in|    1|  ap_ctrl_hs|   ecg_cnn_top_Pipeline_VITIS_LOOP_296_2|  return value|
|ap_rst                                  |   in|    1|  ap_ctrl_hs|   ecg_cnn_top_Pipeline_VITIS_LOOP_296_2|  return value|
|ap_start                                |   in|    1|  ap_ctrl_hs|   ecg_cnn_top_Pipeline_VITIS_LOOP_296_2|  return value|
|ap_done                                 |  out|    1|  ap_ctrl_hs|   ecg_cnn_top_Pipeline_VITIS_LOOP_296_2|  return value|
|ap_idle                                 |  out|    1|  ap_ctrl_hs|   ecg_cnn_top_Pipeline_VITIS_LOOP_296_2|  return value|
|ap_ready                                |  out|    1|  ap_ctrl_hs|   ecg_cnn_top_Pipeline_VITIS_LOOP_296_2|  return value|
|grp_fu_2080_p_din0                      |  out|   32|  ap_ctrl_hs|   ecg_cnn_top_Pipeline_VITIS_LOOP_296_2|  return value|
|grp_fu_2080_p_din1                      |  out|   32|  ap_ctrl_hs|   ecg_cnn_top_Pipeline_VITIS_LOOP_296_2|  return value|
|grp_fu_2080_p_opcode                    |  out|    1|  ap_ctrl_hs|   ecg_cnn_top_Pipeline_VITIS_LOOP_296_2|  return value|
|grp_fu_2080_p_dout0                     |   in|   32|  ap_ctrl_hs|   ecg_cnn_top_Pipeline_VITIS_LOOP_296_2|  return value|
|grp_fu_2080_p_ce                        |  out|    1|  ap_ctrl_hs|   ecg_cnn_top_Pipeline_VITIS_LOOP_296_2|  return value|
|grp_fu_2084_p_din0                      |  out|   32|  ap_ctrl_hs|   ecg_cnn_top_Pipeline_VITIS_LOOP_296_2|  return value|
|grp_fu_2084_p_din1                      |  out|   32|  ap_ctrl_hs|   ecg_cnn_top_Pipeline_VITIS_LOOP_296_2|  return value|
|grp_fu_2084_p_dout0                     |   in|   32|  ap_ctrl_hs|   ecg_cnn_top_Pipeline_VITIS_LOOP_296_2|  return value|
|grp_fu_2084_p_ce                        |  out|    1|  ap_ctrl_hs|   ecg_cnn_top_Pipeline_VITIS_LOOP_296_2|  return value|
|grp_fu_2102_p_din0                      |  out|   32|  ap_ctrl_hs|   ecg_cnn_top_Pipeline_VITIS_LOOP_296_2|  return value|
|grp_fu_2102_p_dout0                     |   in|   32|  ap_ctrl_hs|   ecg_cnn_top_Pipeline_VITIS_LOOP_296_2|  return value|
|grp_fu_2102_p_ce                        |  out|    1|  ap_ctrl_hs|   ecg_cnn_top_Pipeline_VITIS_LOOP_296_2|  return value|
|acc_27                                  |   in|   32|     ap_none|                                  acc_27|        scalar|
|zext_ln294                              |   in|    6|     ap_none|                              zext_ln294|        scalar|
|ecg_cnn_top_float_float_gap_out_load    |   in|   32|     ap_none|    ecg_cnn_top_float_float_gap_out_load|        scalar|
|ecg_cnn_top_float_float_gap_out_1_load  |   in|   32|     ap_none|  ecg_cnn_top_float_float_gap_out_1_load|        scalar|
|ecg_cnn_top_float_float_gap_out_2_load  |   in|   32|     ap_none|  ecg_cnn_top_float_float_gap_out_2_load|        scalar|
|ecg_cnn_top_float_float_gap_out_3_load  |   in|   32|     ap_none|  ecg_cnn_top_float_float_gap_out_3_load|        scalar|
|ecg_cnn_top_float_float_gap_out_4_load  |   in|   32|     ap_none|  ecg_cnn_top_float_float_gap_out_4_load|        scalar|
|ecg_cnn_top_float_float_gap_out_5_load  |   in|   32|     ap_none|  ecg_cnn_top_float_float_gap_out_5_load|        scalar|
|ecg_cnn_top_float_float_gap_out_6_load  |   in|   32|     ap_none|  ecg_cnn_top_float_float_gap_out_6_load|        scalar|
|ecg_cnn_top_float_float_gap_out_7_load  |   in|   32|     ap_none|  ecg_cnn_top_float_float_gap_out_7_load|        scalar|
|ecg_cnn_top_float_float_gap_out_8_load  |   in|   32|     ap_none|  ecg_cnn_top_float_float_gap_out_8_load|        scalar|
|ecg_cnn_top_float_float_gap_out_9_load  |   in|   32|     ap_none|  ecg_cnn_top_float_float_gap_out_9_load|        scalar|
|p_ZZ11ecg_cnn_topPfS_E7gap_out_10_load  |   in|   32|     ap_none|  p_ZZ11ecg_cnn_topPfS_E7gap_out_10_load|        scalar|
|ecg_cnn_top_float_float_gap_out_93      |   in|   32|     ap_none|      ecg_cnn_top_float_float_gap_out_93|        scalar|
|ecg_cnn_top_float_float_gap_out_94      |   in|   32|     ap_none|      ecg_cnn_top_float_float_gap_out_94|        scalar|
|ecg_cnn_top_float_float_gap_out_95      |   in|   32|     ap_none|      ecg_cnn_top_float_float_gap_out_95|        scalar|
|ecg_cnn_top_float_float_gap_out_96      |   in|   32|     ap_none|      ecg_cnn_top_float_float_gap_out_96|        scalar|
|ecg_cnn_top_float_float_gap_out_97      |   in|   32|     ap_none|      ecg_cnn_top_float_float_gap_out_97|        scalar|
|p_ZZ11ecg_cnn_topPfS_E7gap_out_16_load  |   in|   32|     ap_none|  p_ZZ11ecg_cnn_topPfS_E7gap_out_16_load|        scalar|
|p_ZZ11ecg_cnn_topPfS_E7gap_out_17_load  |   in|   32|     ap_none|  p_ZZ11ecg_cnn_topPfS_E7gap_out_17_load|        scalar|
|p_ZZ11ecg_cnn_topPfS_E7gap_out_18_load  |   in|   32|     ap_none|  p_ZZ11ecg_cnn_topPfS_E7gap_out_18_load|        scalar|
|p_ZZ11ecg_cnn_topPfS_E7gap_out_19_load  |   in|   32|     ap_none|  p_ZZ11ecg_cnn_topPfS_E7gap_out_19_load|        scalar|
|p_ZZ11ecg_cnn_topPfS_E7gap_out_20_load  |   in|   32|     ap_none|  p_ZZ11ecg_cnn_topPfS_E7gap_out_20_load|        scalar|
|ecg_cnn_top_float_float_gap_out_98      |   in|   32|     ap_none|      ecg_cnn_top_float_float_gap_out_98|        scalar|
|ecg_cnn_top_float_float_gap_out_99      |   in|   32|     ap_none|      ecg_cnn_top_float_float_gap_out_99|        scalar|
|ecg_cnn_top_float_float_gap_out_100     |   in|   32|     ap_none|     ecg_cnn_top_float_float_gap_out_100|        scalar|
|ecg_cnn_top_float_float_gap_out_101     |   in|   32|     ap_none|     ecg_cnn_top_float_float_gap_out_101|        scalar|
|ecg_cnn_top_float_float_gap_out_102     |   in|   32|     ap_none|     ecg_cnn_top_float_float_gap_out_102|        scalar|
|p_ZZ11ecg_cnn_topPfS_E7gap_out_26_load  |   in|   32|     ap_none|  p_ZZ11ecg_cnn_topPfS_E7gap_out_26_load|        scalar|
|p_ZZ11ecg_cnn_topPfS_E7gap_out_27_load  |   in|   32|     ap_none|  p_ZZ11ecg_cnn_topPfS_E7gap_out_27_load|        scalar|
|p_ZZ11ecg_cnn_topPfS_E7gap_out_28_load  |   in|   32|     ap_none|  p_ZZ11ecg_cnn_topPfS_E7gap_out_28_load|        scalar|
|p_ZZ11ecg_cnn_topPfS_E7gap_out_29_load  |   in|   32|     ap_none|  p_ZZ11ecg_cnn_topPfS_E7gap_out_29_load|        scalar|
|p_ZZ11ecg_cnn_topPfS_E7gap_out_30_load  |   in|   32|     ap_none|  p_ZZ11ecg_cnn_topPfS_E7gap_out_30_load|        scalar|
|ecg_cnn_top_float_float_gap_out_103     |   in|   32|     ap_none|     ecg_cnn_top_float_float_gap_out_103|        scalar|
|ecg_cnn_top_float_float_gap_out_104     |   in|   32|     ap_none|     ecg_cnn_top_float_float_gap_out_104|        scalar|
|ecg_cnn_top_float_float_gap_out_105     |   in|   32|     ap_none|     ecg_cnn_top_float_float_gap_out_105|        scalar|
|ecg_cnn_top_float_float_gap_out_106     |   in|   32|     ap_none|     ecg_cnn_top_float_float_gap_out_106|        scalar|
|ecg_cnn_top_float_float_gap_out_107     |   in|   32|     ap_none|     ecg_cnn_top_float_float_gap_out_107|        scalar|
|p_ZZ11ecg_cnn_topPfS_E7gap_out_36_load  |   in|   32|     ap_none|  p_ZZ11ecg_cnn_topPfS_E7gap_out_36_load|        scalar|
|p_ZZ11ecg_cnn_topPfS_E7gap_out_37_load  |   in|   32|     ap_none|  p_ZZ11ecg_cnn_topPfS_E7gap_out_37_load|        scalar|
|p_ZZ11ecg_cnn_topPfS_E7gap_out_38_load  |   in|   32|     ap_none|  p_ZZ11ecg_cnn_topPfS_E7gap_out_38_load|        scalar|
|p_ZZ11ecg_cnn_topPfS_E7gap_out_39_load  |   in|   32|     ap_none|  p_ZZ11ecg_cnn_topPfS_E7gap_out_39_load|        scalar|
|p_ZZ11ecg_cnn_topPfS_E7gap_out_40_load  |   in|   32|     ap_none|  p_ZZ11ecg_cnn_topPfS_E7gap_out_40_load|        scalar|
|ecg_cnn_top_float_float_gap_out_108     |   in|   32|     ap_none|     ecg_cnn_top_float_float_gap_out_108|        scalar|
|ecg_cnn_top_float_float_gap_out_109     |   in|   32|     ap_none|     ecg_cnn_top_float_float_gap_out_109|        scalar|
|ecg_cnn_top_float_float_gap_out_110     |   in|   32|     ap_none|     ecg_cnn_top_float_float_gap_out_110|        scalar|
|ecg_cnn_top_float_float_gap_out_111     |   in|   32|     ap_none|     ecg_cnn_top_float_float_gap_out_111|        scalar|
|ecg_cnn_top_float_float_gap_out_112     |   in|   32|     ap_none|     ecg_cnn_top_float_float_gap_out_112|        scalar|
|p_ZZ11ecg_cnn_topPfS_E7gap_out_46_load  |   in|   32|     ap_none|  p_ZZ11ecg_cnn_topPfS_E7gap_out_46_load|        scalar|
|p_ZZ11ecg_cnn_topPfS_E7gap_out_47_load  |   in|   32|     ap_none|  p_ZZ11ecg_cnn_topPfS_E7gap_out_47_load|        scalar|
|p_ZZ11ecg_cnn_topPfS_E7gap_out_48_load  |   in|   32|     ap_none|  p_ZZ11ecg_cnn_topPfS_E7gap_out_48_load|        scalar|
|p_ZZ11ecg_cnn_topPfS_E7gap_out_49_load  |   in|   32|     ap_none|  p_ZZ11ecg_cnn_topPfS_E7gap_out_49_load|        scalar|
|p_ZZ11ecg_cnn_topPfS_E7gap_out_50_load  |   in|   32|     ap_none|  p_ZZ11ecg_cnn_topPfS_E7gap_out_50_load|        scalar|
|ecg_cnn_top_float_float_gap_out_113     |   in|   32|     ap_none|     ecg_cnn_top_float_float_gap_out_113|        scalar|
|ecg_cnn_top_float_float_gap_out_114     |   in|   32|     ap_none|     ecg_cnn_top_float_float_gap_out_114|        scalar|
|ecg_cnn_top_float_float_gap_out_115     |   in|   32|     ap_none|     ecg_cnn_top_float_float_gap_out_115|        scalar|
|ecg_cnn_top_float_float_gap_out_116     |   in|   32|     ap_none|     ecg_cnn_top_float_float_gap_out_116|        scalar|
|ecg_cnn_top_float_float_gap_out_117     |   in|   32|     ap_none|     ecg_cnn_top_float_float_gap_out_117|        scalar|
|p_ZZ11ecg_cnn_topPfS_E7gap_out_56_load  |   in|   32|     ap_none|  p_ZZ11ecg_cnn_topPfS_E7gap_out_56_load|        scalar|
|p_ZZ11ecg_cnn_topPfS_E7gap_out_57_load  |   in|   32|     ap_none|  p_ZZ11ecg_cnn_topPfS_E7gap_out_57_load|        scalar|
|p_ZZ11ecg_cnn_topPfS_E7gap_out_58_load  |   in|   32|     ap_none|  p_ZZ11ecg_cnn_topPfS_E7gap_out_58_load|        scalar|
|p_ZZ11ecg_cnn_topPfS_E7gap_out_59_load  |   in|   32|     ap_none|  p_ZZ11ecg_cnn_topPfS_E7gap_out_59_load|        scalar|
|p_ZZ11ecg_cnn_topPfS_E7gap_out_60_load  |   in|   32|     ap_none|  p_ZZ11ecg_cnn_topPfS_E7gap_out_60_load|        scalar|
|ecg_cnn_top_float_float_gap_out_118     |   in|   32|     ap_none|     ecg_cnn_top_float_float_gap_out_118|        scalar|
|ecg_cnn_top_float_float_gap_out_119     |   in|   32|     ap_none|     ecg_cnn_top_float_float_gap_out_119|        scalar|
|ecg_cnn_top_float_float_gap_out         |   in|   32|     ap_none|         ecg_cnn_top_float_float_gap_out|        scalar|
|acc_31_out                              |  out|   32|      ap_vld|                              acc_31_out|       pointer|
|acc_31_out_ap_vld                       |  out|    1|      ap_vld|                              acc_31_out|       pointer|
+----------------------------------------+-----+-----+------------+----------------------------------------+--------------+

