

================================================================
== Vitis HLS Report for 'ecg_cnn_top_Pipeline_VITIS_LOOP_231_5_VITIS_LOOP_232_6'
================================================================
* Date:           Tue Mar 31 12:28:12 2026

* Version:        2025.1 (Build 6135595 on May 21 2025)
* Project:        ecg_cnn_top
* Solution:       hls (Vivado IP Flow Target)
* Product family: zynq
* Target device:  xc7z020-clg400-1


================================================================
== Performance Estimates
================================================================
+ Timing: 
    * Summary: 
    +--------+----------+-----------+------------+
    |  Clock |  Target  | Estimated | Uncertainty|
    +--------+----------+-----------+------------+
    |ap_clk  |  15.00 ns|  10.355 ns|     4.05 ns|
    +--------+----------+-----------+------------+

+ Latency: 
    * Summary: 
    +---------+---------+-----------+-----------+-----+-----+------------------------------------------------+
    |  Latency (cycles) |   Latency (absolute)  |  Interval |                    Pipeline                    |
    |   min   |   max   |    min    |    max    | min | max |                      Type                      |
    +---------+---------+-----------+-----------+-----+-----+------------------------------------------------+
    |      740|      740|  11.100 us|  11.100 us|  737|  737|  loop auto-rewind stp (delay=0 clock cycles(s))|
    +---------+---------+-----------+-----------+-----+-----+------------------------------------------------+

    + Detail: 
        * Instance: 
        N/A

        * Loop: 
        +-------------------------------------+---------+---------+----------+-----------+-----------+------+----------+
        |                                     |  Latency (cycles) | Iteration|  Initiation Interval  | Trip |          |
        |              Loop Name              |   min   |   max   |  Latency |  achieved |   target  | Count| Pipelined|
        +-------------------------------------+---------+---------+----------+-----------+-----------+------+----------+
        |- VITIS_LOOP_231_5_VITIS_LOOP_232_6  |      738|      738|         4|          1|          1|   736|       yes|
        +-------------------------------------+---------+---------+----------+-----------+-----------+------+----------+



================================================================
== Utilization Estimates
================================================================
* Summary: 
+-----------------+---------+-----+--------+-------+-----+
|       Name      | BRAM_18K| DSP |   FF   |  LUT  | URAM|
+-----------------+---------+-----+--------+-------+-----+
|DSP              |        -|    -|       -|      -|    -|
|Expression       |        -|    -|       0|    214|    -|
|FIFO             |        -|    -|       -|      -|    -|
|Instance         |        -|    -|       -|      -|    -|
|Memory           |        -|    -|       -|      -|    -|
|Multiplexer      |        -|    -|       0|     72|    -|
|Register         |        -|    -|     150|     32|    -|
+-----------------+---------+-----+--------+-------+-----+
|Total            |        0|    0|     150|    318|    0|
+-----------------+---------+-----+--------+-------+-----+
|Available        |      280|  220|  106400|  53200|    0|
+-----------------+---------+-----+--------+-------+-----+
|Utilization (%)  |        0|    0|      ~0|     ~0|    0|
+-----------------+---------+-----+--------+-------+-----+

+ Detail: 
    * Instance: 
    N/A

    * DSP: 
    N/A

    * Memory: 
    N/A

    * FIFO: 
    N/A

    * Expression: 
    +--------------------------+----------+----+---+----+------------+------------+
    |       Variable Name      | Operation| DSP| FF| LUT| Bitwidth P0| Bitwidth P1|
    +--------------------------+----------+----+---+----+------------+------------+
    |add_ln231_1_fu_145_p2     |         +|   0|  0|  13|          10|           1|
    |add_ln231_fu_157_p2       |         +|   0|  0|  13|           5|           1|
    |add_ln232_fu_239_p2       |         +|   0|  0|  14|           6|           1|
    |add_ln235_fu_228_p2       |         +|   0|  0|  12|          11|          11|
    |add_ln236_fu_209_p2       |         +|   0|  0|  13|          10|          10|
    |and_ln236_1_fu_334_p2     |       and|   0|  0|   2|           1|           1|
    |and_ln236_fu_328_p2       |       and|   0|  0|   2|           1|           1|
    |icmp_ln231_fu_139_p2      |      icmp|   0|  0|  13|          10|          10|
    |icmp_ln232_fu_163_p2      |      icmp|   0|  0|  14|           6|           7|
    |icmp_ln236_1_fu_302_p2    |      icmp|   0|  0|  30|          23|           1|
    |icmp_ln236_2_fu_308_p2    |      icmp|   0|  0|  15|           8|           2|
    |icmp_ln236_3_fu_314_p2    |      icmp|   0|  0|  30|          23|           1|
    |icmp_ln236_fu_296_p2      |      icmp|   0|  0|  15|           8|           2|
    |or_ln236_1_fu_324_p2      |        or|   0|  0|   2|           1|           1|
    |or_ln236_fu_320_p2        |        or|   0|  0|   2|           1|           1|
    |select_ln231_1_fu_177_p3  |    select|   0|  0|   5|           1|           5|
    |select_ln231_fu_169_p3    |    select|   0|  0|   6|           1|           1|
    |select_ln236_fu_340_p3    |    select|   0|  0|  11|           1|          11|
    |ap_enable_pp0             |       xor|   0|  0|   2|           1|           2|
    +--------------------------+----------+----+---+----+------------+------------+
    |Total                     |          |   0|  0| 214|         128|          70|
    +--------------------------+----------+----+---+----+------------+------------+

    * Multiplexer: 
    +----------------------------------------+----+-----------+-----+-----------+
    |                  Name                  | LUT| Input Size| Bits| Total Bits|
    +----------------------------------------+----+-----------+-----+-----------+
    |ap_done_int                             |   9|          2|    1|          2|
    |ap_enable_reg_pp0_iter1                 |   9|          2|    1|          2|
    |ap_sig_allocacmp_c_load                 |   9|          2|    6|         12|
    |ap_sig_allocacmp_indvar_flatten45_load  |   9|          2|   10|         20|
    |ap_sig_allocacmp_t_load                 |   9|          2|    5|         10|
    |c_fu_52                                 |   9|          2|    6|         12|
    |indvar_flatten45_fu_60                  |   9|          2|   10|         20|
    |t_fu_56                                 |   9|          2|    5|         10|
    +----------------------------------------+----+-----------+-----+-----------+
    |Total                                   |  72|         16|   44|         88|
    +----------------------------------------+----+-----------+-----+-----------+

    * Register: 
    +----------------------------------+----+----+-----+-----------+
    |               Name               | FF | LUT| Bits| Const Bits|
    +----------------------------------+----+----+-----+-----------+
    |add_ln235_reg_395                 |  11|   0|   11|          0|
    |add_ln235_reg_395_pp0_iter1_reg   |  11|   0|   11|          0|
    |add_ln236_reg_380                 |  10|   0|   10|          0|
    |ap_CS_fsm                         |   1|   0|    1|          0|
    |ap_done_reg                       |   1|   0|    1|          0|
    |ap_enable_reg_pp0_iter1           |   1|   0|    1|          0|
    |ap_enable_reg_pp0_iter2           |   1|   0|    1|          0|
    |ap_enable_reg_pp0_iter3           |   1|   0|    1|          0|
    |ap_loop_exit_ready_pp0_iter1_reg  |   1|   0|    1|          0|
    |ap_loop_exit_ready_pp0_iter2_reg  |   1|   0|    1|          0|
    |c_fu_52                           |   6|   0|    6|          0|
    |icmp_ln236_1_reg_420              |   1|   0|    1|          0|
    |icmp_ln236_2_reg_425              |   1|   0|    1|          0|
    |icmp_ln236_3_reg_430              |   1|   0|    1|          0|
    |icmp_ln236_reg_415                |   1|   0|    1|          0|
    |indvar_flatten45_fu_60            |  10|   0|   10|          0|
    |t_fu_56                           |   5|   0|    5|          0|
    |tmp_10_reg_385                    |  11|   0|   11|          0|
    |tmp_10_reg_385_pp0_iter1_reg      |  11|   0|   11|          0|
    |add_ln236_reg_380                 |  64|  32|   10|          0|
    +----------------------------------+----+----+-----+-----------+
    |Total                             | 150|  32|   96|          0|
    +----------------------------------+----+----+-----+-----------+



================================================================
== Interface
================================================================
* Summary: 
+----------------------+-----+-----+------------+--------------------------------------------------------+--------------+
|       RTL Ports      | Dir | Bits|  Protocol  |                      Source Object                     |    C Type    |
+----------------------+-----+-----+------------+--------------------------------------------------------+--------------+
|ap_clk                |   in|    1|  ap_ctrl_hs|  ecg_cnn_top_Pipeline_VITIS_LOOP_231_5_VITIS_LOOP_232_6|  return value|
|ap_rst                |   in|    1|  ap_ctrl_hs|  ecg_cnn_top_Pipeline_VITIS_LOOP_231_5_VITIS_LOOP_232_6|  return value|
|ap_start              |   in|    1|  ap_ctrl_hs|  ecg_cnn_top_Pipeline_VITIS_LOOP_231_5_VITIS_LOOP_232_6|  return value|
|ap_done               |  out|    1|  ap_ctrl_hs|  ecg_cnn_top_Pipeline_VITIS_LOOP_231_5_VITIS_LOOP_232_6|  return value|
|ap_idle               |  out|    1|  ap_ctrl_hs|  ecg_cnn_top_Pipeline_VITIS_LOOP_231_5_VITIS_LOOP_232_6|  return value|
|ap_ready              |  out|    1|  ap_ctrl_hs|  ecg_cnn_top_Pipeline_VITIS_LOOP_231_5_VITIS_LOOP_232_6|  return value|
|grp_fu_2105_p_din0    |  out|   32|  ap_ctrl_hs|  ecg_cnn_top_Pipeline_VITIS_LOOP_231_5_VITIS_LOOP_232_6|  return value|
|grp_fu_2105_p_din1    |  out|   32|  ap_ctrl_hs|  ecg_cnn_top_Pipeline_VITIS_LOOP_231_5_VITIS_LOOP_232_6|  return value|
|grp_fu_2105_p_opcode  |  out|    5|  ap_ctrl_hs|  ecg_cnn_top_Pipeline_VITIS_LOOP_231_5_VITIS_LOOP_232_6|  return value|
|grp_fu_2105_p_dout0   |   in|    1|  ap_ctrl_hs|  ecg_cnn_top_Pipeline_VITIS_LOOP_231_5_VITIS_LOOP_232_6|  return value|
|grp_fu_2105_p_ce      |  out|    1|  ap_ctrl_hs|  ecg_cnn_top_Pipeline_VITIS_LOOP_231_5_VITIS_LOOP_232_6|  return value|
|tmp_1_address0        |  out|   11|   ap_memory|                                                   tmp_1|         array|
|tmp_1_ce0             |  out|    1|   ap_memory|                                                   tmp_1|         array|
|tmp_1_q0              |   in|   32|   ap_memory|                                                   tmp_1|         array|
|tmp_1_address1        |  out|   11|   ap_memory|                                                   tmp_1|         array|
|tmp_1_ce1             |  out|    1|   ap_memory|                                                   tmp_1|         array|
|tmp_1_q1              |   in|   32|   ap_memory|                                                   tmp_1|         array|
|tmp_1_address2        |  out|   11|   ap_memory|                                                   tmp_1|         array|
|tmp_1_ce2             |  out|    1|   ap_memory|                                                   tmp_1|         array|
|tmp_1_q2              |   in|   32|   ap_memory|                                                   tmp_1|         array|
|s3_out_address0       |  out|   10|   ap_memory|                                                  s3_out|         array|
|s3_out_ce0            |  out|    1|   ap_memory|                                                  s3_out|         array|
|s3_out_we0            |  out|    1|   ap_memory|                                                  s3_out|         array|
|s3_out_d0             |  out|   32|   ap_memory|                                                  s3_out|         array|
+----------------------+-----+-----+------------+--------------------------------------------------------+--------------+

