

================================================================
== Vitis HLS Report for 'ecg_cnn_top_Pipeline_VITIS_LOOP_113_1_VITIS_LOOP_114_2'
================================================================
* Date:           Tue Mar 31 12:27:43 2026

* Version:        2025.1 (Build 6135595 on May 21 2025)
* Project:        ecg_cnn_top
* Solution:       hls (Vivado IP Flow Target)
* Product family: zynq
* Target device:  xc7z020-clg400-1


================================================================
== Performance Estimates
================================================================
+ Timing: 
    * Summary: 
    +--------+----------+-----------+------------+
    |  Clock |  Target  | Estimated | Uncertainty|
    +--------+----------+-----------+------------+
    |ap_clk  |  15.00 ns|  10.533 ns|     4.05 ns|
    +--------+----------+-----------+------------+

+ Latency: 
    * Summary: 
    +---------+---------+-----------+-----------+-----+-----+------------------------------------------------+
    |  Latency (cycles) |   Latency (absolute)  |  Interval |                    Pipeline                    |
    |   min   |   max   |    min    |    max    | min | max |                      Type                      |
    +---------+---------+-----------+-----------+-----+-----+------------------------------------------------+
    |      754|      754|  11.310 us|  11.310 us|  745|  745|  loop auto-rewind stp (delay=0 clock cycles(s))|
    +---------+---------+-----------+-----------+-----+-----+------------------------------------------------+

    + Detail: 
        * Instance: 
        N/A

        * Loop: 
        +-------------------------------------+---------+---------+----------+-----------+-----------+------+----------+
        |                                     |  Latency (cycles) | Iteration|  Initiation Interval  | Trip |          |
        |              Loop Name              |   min   |   max   |  Latency |  achieved |   target  | Count| Pipelined|
        +-------------------------------------+---------+---------+----------+-----------+-----------+------+----------+
        |- VITIS_LOOP_113_1_VITIS_LOOP_114_2  |      752|      752|        10|          1|          1|   744|       yes|
        +-------------------------------------+---------+---------+----------+-----------+-----------+------+----------+

============================================================
+ Verbose Summary: Synthesis Manager
============================================================
InlineROM: 1
ExposeGlobal: 0
============================================================
+ Verbose Summary: CDFG Model
============================================================
IsTopModel: 0
ResetActiveHigh: 1
IsCombinational: 0
IsDatapathOnly: 0
HasWiredReturn: 1
HasMFsm: 2
HasVarLatency: 1
IsPipeline: 0
IsRtlPipelined: 0
IsInstanceOverlapped: 0
IsDontTouch: 0
HasImplIP: 0
IsGatedGlobalClock: 0

+ Individual pipeline summary: 
  * Pipeline-0: initiation interval (II) = 1, depth = 10


============================================================
+ Verbose Summary: Schedule
============================================================
* Number of FSM states : 10
* Pipeline : 1
  Pipeline-0 : II = 1, D = 10, States = { 1 2 3 4 5 6 7 8 9 10 }
* Dataflow Pipeline: 0

* FSM state transitions: 
1 --> 2 
2 --> 3 
3 --> 4 
4 --> 5 
5 --> 6 
6 --> 7 
7 --> 8 
8 --> 9 
9 --> 10 
10 --> 

* FSM state operations: 

State 1 <SV = 0> <Delay = 9.34>
ST_1 : Operation 13 [1/1] (0.00ns)   --->   "%c = alloca i32 1" [cnn.cpp:114->cnn.cpp:386]   --->   Operation 13 'alloca' 'c' <Predicate = true> <Delay = 0.00>
ST_1 : Operation 14 [1/1] (0.00ns)   --->   "%t = alloca i32 1" [cnn.cpp:113->cnn.cpp:386]   --->   Operation 14 'alloca' 't' <Predicate = true> <Delay = 0.00>
ST_1 : Operation 15 [1/1] (0.00ns)   --->   "%indvar_flatten31 = alloca i32 1"   --->   Operation 15 'alloca' 'indvar_flatten31' <Predicate = true> <Delay = 0.00>
ST_1 : Operation 16 [1/1] (1.58ns)   --->   "%store_ln0 = store i10 0, i10 %indvar_flatten31"   --->   Operation 16 'store' 'store_ln0' <Predicate = true> <Delay = 1.58>
ST_1 : Operation 17 [1/1] (1.58ns)   --->   "%store_ln113 = store i7 0, i7 %t" [cnn.cpp:113->cnn.cpp:386]   --->   Operation 17 'store' 'store_ln113' <Predicate = true> <Delay = 1.58>
ST_1 : Operation 18 [1/1] (1.58ns)   --->   "%store_ln114 = store i4 0, i4 %c" [cnn.cpp:114->cnn.cpp:386]   --->   Operation 18 'store' 'store_ln114' <Predicate = true> <Delay = 1.58>
ST_1 : Operation 19 [1/1] (0.00ns)   --->   "%br_ln0 = br void %for.body4.i"   --->   Operation 19 'br' 'br_ln0' <Predicate = true> <Delay = 0.00>
ST_1 : Operation 20 [1/1] (0.00ns)   --->   "%indvar_flatten31_load = load i10 %indvar_flatten31" [cnn.cpp:113->cnn.cpp:386]   --->   Operation 20 'load' 'indvar_flatten31_load' <Predicate = true> <Delay = 0.00>
ST_1 : Operation 21 [1/1] (1.73ns)   --->   "%icmp_ln113 = icmp_eq  i10 %indvar_flatten31_load, i10 744" [cnn.cpp:113->cnn.cpp:386]   --->   Operation 21 'icmp' 'icmp_ln113' <Predicate = true> <Delay = 1.73> <CoreInst = "Cmp">   --->   Core 9 'Cmp' <Latency = 0> <II = 1> <Delay = 1.73> <FuncUnit> <Opcode : 'seteq' 'setne' 'setle' 'setge' 'setlt' 'setgt'> <InPorts = 2> <OutPorts = 1>
ST_1 : Operation 22 [1/1] (1.73ns)   --->   "%add_ln113_1 = add i10 %indvar_flatten31_load, i10 1" [cnn.cpp:113->cnn.cpp:386]   --->   Operation 22 'add' 'add_ln113_1' <Predicate = true> <Delay = 1.73> <CoreInst = "Adder">   --->   Core 1 'Adder' <Latency = 0> <II = 1> <Delay = 1.73> <FuncUnit> <Opcode : 'add' 'sub'> <InPorts = 2> <OutPorts = 1>
ST_1 : Operation 23 [1/1] (0.00ns)   --->   "%br_ln113 = br i1 %icmp_ln113, void %for.inc31.i59, void %VITIS_LOOP_128_2.i.preheader.exitStub" [cnn.cpp:113->cnn.cpp:386]   --->   Operation 23 'br' 'br_ln113' <Predicate = true> <Delay = 0.00>
ST_1 : Operation 24 [1/1] (0.00ns)   --->   "%c_load = load i4 %c" [cnn.cpp:114->cnn.cpp:386]   --->   Operation 24 'load' 'c_load' <Predicate = (!icmp_ln113)> <Delay = 0.00>
ST_1 : Operation 25 [1/1] (0.00ns)   --->   "%t_load = load i7 %t" [cnn.cpp:113->cnn.cpp:386]   --->   Operation 25 'load' 't_load' <Predicate = (!icmp_ln113)> <Delay = 0.00>
ST_1 : Operation 26 [1/1] (1.87ns)   --->   "%add_ln113 = add i7 %t_load, i7 1" [cnn.cpp:113->cnn.cpp:386]   --->   Operation 26 'add' 'add_ln113' <Predicate = (!icmp_ln113)> <Delay = 1.87> <CoreInst = "Adder">   --->   Core 1 'Adder' <Latency = 0> <II = 1> <Delay = 1.87> <FuncUnit> <Opcode : 'add' 'sub'> <InPorts = 2> <OutPorts = 1>
ST_1 : Operation 27 [1/1] (1.73ns)   --->   "%icmp_ln114 = icmp_eq  i4 %c_load, i4 8" [cnn.cpp:114->cnn.cpp:386]   --->   Operation 27 'icmp' 'icmp_ln114' <Predicate = (!icmp_ln113)> <Delay = 1.73> <CoreInst = "Cmp">   --->   Core 9 'Cmp' <Latency = 0> <II = 1> <Delay = 1.73> <FuncUnit> <Opcode : 'seteq' 'setne' 'setle' 'setge' 'setlt' 'setgt'> <InPorts = 2> <OutPorts = 1>
ST_1 : Operation 28 [1/1] (1.02ns)   --->   "%select_ln113 = select i1 %icmp_ln114, i4 0, i4 %c_load" [cnn.cpp:113->cnn.cpp:386]   --->   Operation 28 'select' 'select_ln113' <Predicate = (!icmp_ln113)> <Delay = 1.02> <CoreInst = "Sel">   --->   Core 73 'Sel' <Latency = 0> <II = 1> <Delay = 1.02> <FuncUnit> <Opcode : 'select'> <InPorts = 3> <OutPorts = 1>
ST_1 : Operation 29 [1/1] (0.99ns)   --->   "%select_ln113_1 = select i1 %icmp_ln114, i7 %add_ln113, i7 %t_load" [cnn.cpp:113->cnn.cpp:386]   --->   Operation 29 'select' 'select_ln113_1' <Predicate = (!icmp_ln113)> <Delay = 0.99> <CoreInst = "Sel">   --->   Core 73 'Sel' <Latency = 0> <II = 1> <Delay = 0.99> <FuncUnit> <Opcode : 'select'> <InPorts = 3> <OutPorts = 1>
ST_1 : Operation 30 [1/1] (0.00ns)   --->   "%tmp_23 = bitconcatenate i10 @_ssdm_op_BitConcatenate.i10.i7.i3, i7 %select_ln113_1, i3 0" [cnn.cpp:118->cnn.cpp:386]   --->   Operation 30 'bitconcatenate' 'tmp_23' <Predicate = (!icmp_ln113)> <Delay = 0.00>
ST_1 : Operation 31 [1/1] (0.00ns)   --->   "%tmp_24 = bitconcatenate i11 @_ssdm_op_BitConcatenate.i11.i7.i4, i7 %select_ln113_1, i4 8" [cnn.cpp:117->cnn.cpp:386]   --->   Operation 31 'bitconcatenate' 'tmp_24' <Predicate = (!icmp_ln113)> <Delay = 0.00>
ST_1 : Operation 32 [1/1] (0.00ns)   --->   "%zext_ln116_1 = zext i4 %select_ln113" [cnn.cpp:116->cnn.cpp:386]   --->   Operation 32 'zext' 'zext_ln116_1' <Predicate = (!icmp_ln113)> <Delay = 0.00>
ST_1 : Operation 33 [1/1] (0.00ns)   --->   "%zext_ln116_2 = zext i4 %select_ln113" [cnn.cpp:116->cnn.cpp:386]   --->   Operation 33 'zext' 'zext_ln116_2' <Predicate = (!icmp_ln113)> <Delay = 0.00>
ST_1 : Operation 34 [1/1] (0.00ns)   --->   "%tmp_25 = bitconcatenate i11 @_ssdm_op_BitConcatenate.i11.i7.i4, i7 %select_ln113_1, i4 %select_ln113" [cnn.cpp:116->cnn.cpp:386]   --->   Operation 34 'bitconcatenate' 'tmp_25' <Predicate = (!icmp_ln113)> <Delay = 0.00>
ST_1 : Operation 35 [1/1] (0.00ns)   --->   "%zext_ln116 = zext i11 %tmp_25" [cnn.cpp:116->cnn.cpp:386]   --->   Operation 35 'zext' 'zext_ln116' <Predicate = (!icmp_ln113)> <Delay = 0.00>
ST_1 : Operation 36 [1/1] (0.00ns)   --->   "%s1_A_out_addr = getelementptr i32 %s1_A_out, i64 0, i64 %zext_ln116" [cnn.cpp:116->cnn.cpp:386]   --->   Operation 36 'getelementptr' 's1_A_out_addr' <Predicate = (!icmp_ln113)> <Delay = 0.00>
ST_1 : Operation 37 [1/1] (1.63ns)   --->   "%add_ln117 = add i11 %tmp_24, i11 %zext_ln116_2" [cnn.cpp:117->cnn.cpp:386]   --->   Operation 37 'add' 'add_ln117' <Predicate = (!icmp_ln113)> <Delay = 1.63> <CoreInst = "Adder">   --->   Core 1 'Adder' <Latency = 0> <II = 1> <Delay = 1.63> <FuncUnit> <Opcode : 'add' 'sub'> <InPorts = 2> <OutPorts = 1>
ST_1 : Operation 38 [1/1] (0.00ns)   --->   "%zext_ln117 = zext i11 %add_ln117" [cnn.cpp:117->cnn.cpp:386]   --->   Operation 38 'zext' 'zext_ln117' <Predicate = (!icmp_ln113)> <Delay = 0.00>
ST_1 : Operation 39 [1/1] (0.00ns)   --->   "%s1_A_out_addr_1 = getelementptr i32 %s1_A_out, i64 0, i64 %zext_ln117" [cnn.cpp:117->cnn.cpp:386]   --->   Operation 39 'getelementptr' 's1_A_out_addr_1' <Predicate = (!icmp_ln113)> <Delay = 0.00>
ST_1 : Operation 40 [1/1] (0.00ns)   --->   "%s1_B_out_addr = getelementptr i32 %s1_B_out, i64 0, i64 %zext_ln116" [cnn.cpp:116->cnn.cpp:386]   --->   Operation 40 'getelementptr' 's1_B_out_addr' <Predicate = (!icmp_ln113)> <Delay = 0.00>
ST_1 : Operation 41 [1/1] (0.00ns)   --->   "%s1_B_out_addr_1 = getelementptr i32 %s1_B_out, i64 0, i64 %zext_ln117" [cnn.cpp:117->cnn.cpp:386]   --->   Operation 41 'getelementptr' 's1_B_out_addr_1' <Predicate = (!icmp_ln113)> <Delay = 0.00>
ST_1 : Operation 42 [1/1] (1.73ns)   --->   "%add_ln118 = add i10 %tmp_23, i10 %zext_ln116_1" [cnn.cpp:118->cnn.cpp:386]   --->   Operation 42 'add' 'add_ln118' <Predicate = (!icmp_ln113)> <Delay = 1.73> <CoreInst = "Adder">   --->   Core 1 'Adder' <Latency = 0> <II = 1> <Delay = 1.73> <FuncUnit> <Opcode : 'add' 'sub'> <InPorts = 2> <OutPorts = 1>
ST_1 : Operation 43 [2/2] (3.25ns)   --->   "%s1_A_out_load = load i11 %s1_A_out_addr" [cnn.cpp:116->cnn.cpp:386]   --->   Operation 43 'load' 's1_A_out_load' <Predicate = (!icmp_ln113)> <Delay = 3.25> <CoreInst = "RAM">   --->   Core 81 'RAM' <Latency = 1> <II = 1> <Delay = 3.25> <Storage> <Opcode : 'load' 'store'> <Ports = 2> <Width = 32> <Depth = 1488> <RAM>
ST_1 : Operation 44 [2/2] (3.25ns)   --->   "%s1_B_out_load = load i11 %s1_B_out_addr" [cnn.cpp:116->cnn.cpp:386]   --->   Operation 44 'load' 's1_B_out_load' <Predicate = (!icmp_ln113)> <Delay = 3.25> <CoreInst = "RAM">   --->   Core 81 'RAM' <Latency = 1> <II = 1> <Delay = 3.25> <Storage> <Opcode : 'load' 'store'> <Ports = 2> <Width = 32> <Depth = 1488> <RAM>
ST_1 : Operation 45 [2/2] (3.25ns)   --->   "%s1_A_out_load_1 = load i11 %s1_A_out_addr_1" [cnn.cpp:117->cnn.cpp:386]   --->   Operation 45 'load' 's1_A_out_load_1' <Predicate = (!icmp_ln113)> <Delay = 3.25> <CoreInst = "RAM">   --->   Core 81 'RAM' <Latency = 1> <II = 1> <Delay = 3.25> <Storage> <Opcode : 'load' 'store'> <Ports = 2> <Width = 32> <Depth = 1488> <RAM>
ST_1 : Operation 46 [2/2] (3.25ns)   --->   "%s1_B_out_load_1 = load i11 %s1_B_out_addr_1" [cnn.cpp:117->cnn.cpp:386]   --->   Operation 46 'load' 's1_B_out_load_1' <Predicate = (!icmp_ln113)> <Delay = 3.25> <CoreInst = "RAM">   --->   Core 81 'RAM' <Latency = 1> <II = 1> <Delay = 3.25> <Storage> <Opcode : 'load' 'store'> <Ports = 2> <Width = 32> <Depth = 1488> <RAM>
ST_1 : Operation 47 [1/1] (1.73ns)   --->   "%add_ln114 = add i4 %select_ln113, i4 1" [cnn.cpp:114->cnn.cpp:386]   --->   Operation 47 'add' 'add_ln114' <Predicate = (!icmp_ln113)> <Delay = 1.73> <CoreInst = "Adder">   --->   Core 1 'Adder' <Latency = 0> <II = 1> <Delay = 1.73> <FuncUnit> <Opcode : 'add' 'sub'> <InPorts = 2> <OutPorts = 1>
ST_1 : Operation 48 [1/1] (1.58ns)   --->   "%store_ln113 = store i10 %add_ln113_1, i10 %indvar_flatten31" [cnn.cpp:113->cnn.cpp:386]   --->   Operation 48 'store' 'store_ln113' <Predicate = (!icmp_ln113)> <Delay = 1.58>
ST_1 : Operation 49 [1/1] (1.58ns)   --->   "%store_ln113 = store i7 %select_ln113_1, i7 %t" [cnn.cpp:113->cnn.cpp:386]   --->   Operation 49 'store' 'store_ln113' <Predicate = (!icmp_ln113)> <Delay = 1.58>
ST_1 : Operation 50 [1/1] (1.58ns)   --->   "%store_ln114 = store i4 %add_ln114, i4 %c" [cnn.cpp:114->cnn.cpp:386]   --->   Operation 50 'store' 'store_ln114' <Predicate = (!icmp_ln113)> <Delay = 1.58>

State 2 <SV = 1> <Delay = 3.25>
ST_2 : Operation 51 [1/2] ( I:3.25ns O:3.25ns )   --->   "%s1_A_out_load = load i11 %s1_A_out_addr" [cnn.cpp:116->cnn.cpp:386]   --->   Operation 51 'load' 's1_A_out_load' <Predicate = true> <Delay = 3.25> <CoreInst = "RAM">   --->   Core 81 'RAM' <Latency = 1> <II = 1> <Delay = 3.25> <Storage> <Opcode : 'load' 'store'> <Ports = 2> <Width = 32> <Depth = 1488> <RAM>
ST_2 : Operation 52 [1/2] ( I:3.25ns O:3.25ns )   --->   "%s1_B_out_load = load i11 %s1_B_out_addr" [cnn.cpp:116->cnn.cpp:386]   --->   Operation 52 'load' 's1_B_out_load' <Predicate = true> <Delay = 3.25> <CoreInst = "RAM">   --->   Core 81 'RAM' <Latency = 1> <II = 1> <Delay = 3.25> <Storage> <Opcode : 'load' 'store'> <Ports = 2> <Width = 32> <Depth = 1488> <RAM>
ST_2 : Operation 53 [1/2] ( I:3.25ns O:3.25ns )   --->   "%s1_A_out_load_1 = load i11 %s1_A_out_addr_1" [cnn.cpp:117->cnn.cpp:386]   --->   Operation 53 'load' 's1_A_out_load_1' <Predicate = true> <Delay = 3.25> <CoreInst = "RAM">   --->   Core 81 'RAM' <Latency = 1> <II = 1> <Delay = 3.25> <Storage> <Opcode : 'load' 'store'> <Ports = 2> <Width = 32> <Depth = 1488> <RAM>
ST_2 : Operation 54 [1/2] ( I:3.25ns O:3.25ns )   --->   "%s1_B_out_load_1 = load i11 %s1_B_out_addr_1" [cnn.cpp:117->cnn.cpp:386]   --->   Operation 54 'load' 's1_B_out_load_1' <Predicate = true> <Delay = 3.25> <CoreInst = "RAM">   --->   Core 81 'RAM' <Latency = 1> <II = 1> <Delay = 3.25> <Storage> <Opcode : 'load' 'store'> <Ports = 2> <Width = 32> <Depth = 1488> <RAM>

State 3 <SV = 2> <Delay = 10.5>
ST_3 : Operation 55 [4/4] (10.5ns)   --->   "%x_assign_2 = fadd i32 %s1_A_out_load, i32 %s1_B_out_load" [cnn.cpp:116->cnn.cpp:386]   --->   Operation 55 'fadd' 'x_assign_2' <Predicate = true> <Delay = 10.5> <CoreInst = "FAddSub_fulldsp">   --->   Core 18 'FAddSub_fulldsp' <Latency = 3> <II = 1> <Delay = 10.5> <FuncUnit> <Opcode : 'fadd' 'fsub'> <InPorts = 2> <OutPorts = 1>
ST_3 : Operation 56 [4/4] (10.5ns)   --->   "%x_assign_3 = fadd i32 %s1_A_out_load_1, i32 %s1_B_out_load_1" [cnn.cpp:117->cnn.cpp:386]   --->   Operation 56 'fadd' 'x_assign_3' <Predicate = true> <Delay = 10.5> <CoreInst = "FAddSub_fulldsp">   --->   Core 18 'FAddSub_fulldsp' <Latency = 3> <II = 1> <Delay = 10.5> <FuncUnit> <Opcode : 'fadd' 'fsub'> <InPorts = 2> <OutPorts = 1>

State 4 <SV = 3> <Delay = 10.5>
ST_4 : Operation 57 [3/4] (10.5ns)   --->   "%x_assign_2 = fadd i32 %s1_A_out_load, i32 %s1_B_out_load" [cnn.cpp:116->cnn.cpp:386]   --->   Operation 57 'fadd' 'x_assign_2' <Predicate = true> <Delay = 10.5> <CoreInst = "FAddSub_fulldsp">   --->   Core 18 'FAddSub_fulldsp' <Latency = 3> <II = 1> <Delay = 10.5> <FuncUnit> <Opcode : 'fadd' 'fsub'> <InPorts = 2> <OutPorts = 1>
ST_4 : Operation 58 [3/4] (10.5ns)   --->   "%x_assign_3 = fadd i32 %s1_A_out_load_1, i32 %s1_B_out_load_1" [cnn.cpp:117->cnn.cpp:386]   --->   Operation 58 'fadd' 'x_assign_3' <Predicate = true> <Delay = 10.5> <CoreInst = "FAddSub_fulldsp">   --->   Core 18 'FAddSub_fulldsp' <Latency = 3> <II = 1> <Delay = 10.5> <FuncUnit> <Opcode : 'fadd' 'fsub'> <InPorts = 2> <OutPorts = 1>

State 5 <SV = 4> <Delay = 10.5>
ST_5 : Operation 59 [2/4] (10.5ns)   --->   "%x_assign_2 = fadd i32 %s1_A_out_load, i32 %s1_B_out_load" [cnn.cpp:116->cnn.cpp:386]   --->   Operation 59 'fadd' 'x_assign_2' <Predicate = true> <Delay = 10.5> <CoreInst = "FAddSub_fulldsp">   --->   Core 18 'FAddSub_fulldsp' <Latency = 3> <II = 1> <Delay = 10.5> <FuncUnit> <Opcode : 'fadd' 'fsub'> <InPorts = 2> <OutPorts = 1>
ST_5 : Operation 60 [2/4] (10.5ns)   --->   "%x_assign_3 = fadd i32 %s1_A_out_load_1, i32 %s1_B_out_load_1" [cnn.cpp:117->cnn.cpp:386]   --->   Operation 60 'fadd' 'x_assign_3' <Predicate = true> <Delay = 10.5> <CoreInst = "FAddSub_fulldsp">   --->   Core 18 'FAddSub_fulldsp' <Latency = 3> <II = 1> <Delay = 10.5> <FuncUnit> <Opcode : 'fadd' 'fsub'> <InPorts = 2> <OutPorts = 1>

State 6 <SV = 5> <Delay = 10.5>
ST_6 : Operation 61 [1/4] (10.5ns)   --->   "%x_assign_2 = fadd i32 %s1_A_out_load, i32 %s1_B_out_load" [cnn.cpp:116->cnn.cpp:386]   --->   Operation 61 'fadd' 'x_assign_2' <Predicate = true> <Delay = 10.5> <CoreInst = "FAddSub_fulldsp">   --->   Core 18 'FAddSub_fulldsp' <Latency = 3> <II = 1> <Delay = 10.5> <FuncUnit> <Opcode : 'fadd' 'fsub'> <InPorts = 2> <OutPorts = 1>
ST_6 : Operation 62 [1/4] (10.5ns)   --->   "%x_assign_3 = fadd i32 %s1_A_out_load_1, i32 %s1_B_out_load_1" [cnn.cpp:117->cnn.cpp:386]   --->   Operation 62 'fadd' 'x_assign_3' <Predicate = true> <Delay = 10.5> <CoreInst = "FAddSub_fulldsp">   --->   Core 18 'FAddSub_fulldsp' <Latency = 3> <II = 1> <Delay = 10.5> <FuncUnit> <Opcode : 'fadd' 'fsub'> <InPorts = 2> <OutPorts = 1>

State 7 <SV = 6> <Delay = 5.43>
ST_7 : Operation 63 [2/2] (5.43ns)   --->   "%tmp_s = fcmp_ogt  i32 %x_assign_2, i32 0" [cnn.cpp:36->cnn.cpp:116->cnn.cpp:386]   --->   Operation 63 'fcmp' 'tmp_s' <Predicate = true> <Delay = 5.43> <CoreInst = "FCompare">   --->   Core 19 'FCompare' <Latency = 1> <II = 1> <Delay = 5.43> <FuncUnit> <Opcode : 'fcmp'> <InPorts = 2> <OutPorts = 1>
ST_7 : Operation 64 [2/2] (5.43ns)   --->   "%tmp_11 = fcmp_ogt  i32 %x_assign_3, i32 0" [cnn.cpp:36->cnn.cpp:117->cnn.cpp:386]   --->   Operation 64 'fcmp' 'tmp_11' <Predicate = true> <Delay = 5.43> <CoreInst = "FCompare">   --->   Core 19 'FCompare' <Latency = 1> <II = 1> <Delay = 5.43> <FuncUnit> <Opcode : 'fcmp'> <InPorts = 2> <OutPorts = 1>

State 8 <SV = 7> <Delay = 6.40>
ST_8 : Operation 65 [1/1] (0.00ns)   --->   "%bitcast_ln36_1 = bitcast i32 %x_assign_2" [cnn.cpp:36->cnn.cpp:116->cnn.cpp:386]   --->   Operation 65 'bitcast' 'bitcast_ln36_1' <Predicate = true> <Delay = 0.00>
ST_8 : Operation 66 [1/1] (0.00ns)   --->   "%tmp_9 = partselect i8 @_ssdm_op_PartSelect.i8.i32.i32.i32, i32 %bitcast_ln36_1, i32 23, i32 30" [cnn.cpp:36->cnn.cpp:116->cnn.cpp:386]   --->   Operation 66 'partselect' 'tmp_9' <Predicate = true> <Delay = 0.00>
ST_8 : Operation 67 [1/1] (0.00ns)   --->   "%trunc_ln36 = trunc i32 %bitcast_ln36_1" [cnn.cpp:36->cnn.cpp:116->cnn.cpp:386]   --->   Operation 67 'trunc' 'trunc_ln36' <Predicate = true> <Delay = 0.00>
ST_8 : Operation 68 [1/1] (1.91ns)   --->   "%icmp_ln36_2 = icmp_ne  i8 %tmp_9, i8 255" [cnn.cpp:36->cnn.cpp:116->cnn.cpp:386]   --->   Operation 68 'icmp' 'icmp_ln36_2' <Predicate = true> <Delay = 1.91> <CoreInst = "Cmp">   --->   Core 9 'Cmp' <Latency = 0> <II = 1> <Delay = 1.91> <FuncUnit> <Opcode : 'seteq' 'setne' 'setle' 'setge' 'setlt' 'setgt'> <InPorts = 2> <OutPorts = 1>
ST_8 : Operation 69 [1/1] (2.28ns)   --->   "%icmp_ln36_3 = icmp_eq  i23 %trunc_ln36, i23 0" [cnn.cpp:36->cnn.cpp:116->cnn.cpp:386]   --->   Operation 69 'icmp' 'icmp_ln36_3' <Predicate = true> <Delay = 2.28> <CoreInst = "Cmp">   --->   Core 9 'Cmp' <Latency = 0> <II = 1> <Delay = 2.28> <FuncUnit> <Opcode : 'seteq' 'setne' 'setle' 'setge' 'setlt' 'setgt'> <InPorts = 2> <OutPorts = 1>
ST_8 : Operation 70 [1/1] (0.00ns) (grouped into LUT with out node v0)   --->   "%or_ln36_1 = or i1 %icmp_ln36_3, i1 %icmp_ln36_2" [cnn.cpp:36->cnn.cpp:116->cnn.cpp:386]   --->   Operation 70 'or' 'or_ln36_1' <Predicate = true> <Delay = 0.00> <CoreInst = "LogicGate">   --->   Core 74 'LogicGate' <Latency = 0> <II = 1> <Delay = 0.97> <FuncUnit> <Opcode : 'and' 'or' 'xor'> <InPorts = 2> <OutPorts = 1>
ST_8 : Operation 71 [1/2] (5.43ns)   --->   "%tmp_s = fcmp_ogt  i32 %x_assign_2, i32 0" [cnn.cpp:36->cnn.cpp:116->cnn.cpp:386]   --->   Operation 71 'fcmp' 'tmp_s' <Predicate = true> <Delay = 5.43> <CoreInst = "FCompare">   --->   Core 19 'FCompare' <Latency = 1> <II = 1> <Delay = 5.43> <FuncUnit> <Opcode : 'fcmp'> <InPorts = 2> <OutPorts = 1>
ST_8 : Operation 72 [1/1] (0.00ns) (grouped into LUT with out node v0)   --->   "%and_ln36_1 = and i1 %or_ln36_1, i1 %tmp_s" [cnn.cpp:36->cnn.cpp:116->cnn.cpp:386]   --->   Operation 72 'and' 'and_ln36_1' <Predicate = true> <Delay = 0.00> <CoreInst = "LogicGate">   --->   Core 74 'LogicGate' <Latency = 0> <II = 1> <Delay = 0.97> <FuncUnit> <Opcode : 'and' 'or' 'xor'> <InPorts = 2> <OutPorts = 1>
ST_8 : Operation 73 [1/1] (0.97ns) (out node of the LUT)   --->   "%v0 = select i1 %and_ln36_1, i32 %x_assign_2, i32 0" [cnn.cpp:36->cnn.cpp:116->cnn.cpp:386]   --->   Operation 73 'select' 'v0' <Predicate = true> <Delay = 0.97> <CoreInst = "Sel">   --->   Core 73 'Sel' <Latency = 0> <II = 1> <Delay = 0.69> <FuncUnit> <Opcode : 'select'> <InPorts = 3> <OutPorts = 1>
ST_8 : Operation 74 [1/1] (0.00ns)   --->   "%bitcast_ln36 = bitcast i32 %x_assign_3" [cnn.cpp:36->cnn.cpp:117->cnn.cpp:386]   --->   Operation 74 'bitcast' 'bitcast_ln36' <Predicate = true> <Delay = 0.00>
ST_8 : Operation 75 [1/1] (0.00ns)   --->   "%tmp_10 = partselect i8 @_ssdm_op_PartSelect.i8.i32.i32.i32, i32 %bitcast_ln36, i32 23, i32 30" [cnn.cpp:36->cnn.cpp:117->cnn.cpp:386]   --->   Operation 75 'partselect' 'tmp_10' <Predicate = true> <Delay = 0.00>
ST_8 : Operation 76 [1/1] (0.00ns)   --->   "%trunc_ln36_2 = trunc i32 %bitcast_ln36" [cnn.cpp:36->cnn.cpp:117->cnn.cpp:386]   --->   Operation 76 'trunc' 'trunc_ln36_2' <Predicate = true> <Delay = 0.00>
ST_8 : Operation 77 [1/1] (1.91ns)   --->   "%icmp_ln36_4 = icmp_ne  i8 %tmp_10, i8 255" [cnn.cpp:36->cnn.cpp:117->cnn.cpp:386]   --->   Operation 77 'icmp' 'icmp_ln36_4' <Predicate = true> <Delay = 1.91> <CoreInst = "Cmp">   --->   Core 9 'Cmp' <Latency = 0> <II = 1> <Delay = 1.91> <FuncUnit> <Opcode : 'seteq' 'setne' 'setle' 'setge' 'setlt' 'setgt'> <InPorts = 2> <OutPorts = 1>
ST_8 : Operation 78 [1/1] (2.28ns)   --->   "%icmp_ln36 = icmp_eq  i23 %trunc_ln36_2, i23 0" [cnn.cpp:36->cnn.cpp:117->cnn.cpp:386]   --->   Operation 78 'icmp' 'icmp_ln36' <Predicate = true> <Delay = 2.28> <CoreInst = "Cmp">   --->   Core 9 'Cmp' <Latency = 0> <II = 1> <Delay = 2.28> <FuncUnit> <Opcode : 'seteq' 'setne' 'setle' 'setge' 'setlt' 'setgt'> <InPorts = 2> <OutPorts = 1>
ST_8 : Operation 79 [1/1] (0.00ns) (grouped into LUT with out node v1)   --->   "%or_ln36 = or i1 %icmp_ln36, i1 %icmp_ln36_4" [cnn.cpp:36->cnn.cpp:117->cnn.cpp:386]   --->   Operation 79 'or' 'or_ln36' <Predicate = true> <Delay = 0.00> <CoreInst = "LogicGate">   --->   Core 74 'LogicGate' <Latency = 0> <II = 1> <Delay = 0.97> <FuncUnit> <Opcode : 'and' 'or' 'xor'> <InPorts = 2> <OutPorts = 1>
ST_8 : Operation 80 [1/2] (5.43ns)   --->   "%tmp_11 = fcmp_ogt  i32 %x_assign_3, i32 0" [cnn.cpp:36->cnn.cpp:117->cnn.cpp:386]   --->   Operation 80 'fcmp' 'tmp_11' <Predicate = true> <Delay = 5.43> <CoreInst = "FCompare">   --->   Core 19 'FCompare' <Latency = 1> <II = 1> <Delay = 5.43> <FuncUnit> <Opcode : 'fcmp'> <InPorts = 2> <OutPorts = 1>
ST_8 : Operation 81 [1/1] (0.00ns) (grouped into LUT with out node v1)   --->   "%and_ln36 = and i1 %or_ln36, i1 %tmp_11" [cnn.cpp:36->cnn.cpp:117->cnn.cpp:386]   --->   Operation 81 'and' 'and_ln36' <Predicate = true> <Delay = 0.00> <CoreInst = "LogicGate">   --->   Core 74 'LogicGate' <Latency = 0> <II = 1> <Delay = 0.97> <FuncUnit> <Opcode : 'and' 'or' 'xor'> <InPorts = 2> <OutPorts = 1>
ST_8 : Operation 82 [1/1] (0.97ns) (out node of the LUT)   --->   "%v1 = select i1 %and_ln36, i32 %x_assign_3, i32 0" [cnn.cpp:36->cnn.cpp:117->cnn.cpp:386]   --->   Operation 82 'select' 'v1' <Predicate = true> <Delay = 0.97> <CoreInst = "Sel">   --->   Core 73 'Sel' <Latency = 0> <II = 1> <Delay = 0.69> <FuncUnit> <Opcode : 'select'> <InPorts = 3> <OutPorts = 1>

State 9 <SV = 8> <Delay = 5.43>
ST_9 : Operation 83 [2/2] (5.43ns)   --->   "%tmp_14 = fcmp_ogt  i32 %v0, i32 %v1" [cnn.cpp:118->cnn.cpp:386]   --->   Operation 83 'fcmp' 'tmp_14' <Predicate = true> <Delay = 5.43> <CoreInst = "FCompare">   --->   Core 19 'FCompare' <Latency = 1> <II = 1> <Delay = 5.43> <FuncUnit> <Opcode : 'fcmp'> <InPorts = 2> <OutPorts = 1>
ST_9 : Operation 107 [1/1] (1.58ns)   --->   "%ret_ln0 = ret"   --->   Operation 107 'ret' 'ret_ln0' <Predicate = (icmp_ln113)> <Delay = 1.58>

State 10 <SV = 9> <Delay = 10.3>
ST_10 : Operation 84 [1/1] (0.00ns)   --->   "%specloopname_ln0 = specloopname void @_ssdm_op_SpecLoopName, void @VITIS_LOOP_113_1_VITIS_LOOP_114_2_str"   --->   Operation 84 'specloopname' 'specloopname_ln0' <Predicate = true> <Delay = 0.00>
ST_10 : Operation 85 [1/1] (0.00ns)   --->   "%speclooptripcount_ln0 = speclooptripcount void @_ssdm_op_SpecLoopTripCount, i64 744, i64 744, i64 744"   --->   Operation 85 'speclooptripcount' 'speclooptripcount_ln0' <Predicate = true> <Delay = 0.00>
ST_10 : Operation 86 [1/1] (0.00ns)   --->   "%zext_ln118 = zext i10 %add_ln118" [cnn.cpp:118->cnn.cpp:386]   --->   Operation 86 'zext' 'zext_ln118' <Predicate = true> <Delay = 0.00>
ST_10 : Operation 87 [1/1] (0.00ns)   --->   "%s1_pool_addr = getelementptr i32 %s1_pool, i64 0, i64 %zext_ln118" [cnn.cpp:118->cnn.cpp:386]   --->   Operation 87 'getelementptr' 's1_pool_addr' <Predicate = true> <Delay = 0.00>
ST_10 : Operation 88 [1/1] (0.00ns)   --->   "%specpipeline_ln115 = specpipeline void @_ssdm_op_SpecPipeline, i32 1, i32 0, i32 0, i32 0, void @empty_22" [cnn.cpp:115->cnn.cpp:386]   --->   Operation 88 'specpipeline' 'specpipeline_ln115' <Predicate = true> <Delay = 0.00>
ST_10 : Operation 89 [1/1] (0.00ns)   --->   "%bitcast_ln118 = bitcast i32 %v0" [cnn.cpp:118->cnn.cpp:386]   --->   Operation 89 'bitcast' 'bitcast_ln118' <Predicate = true> <Delay = 0.00>
ST_10 : Operation 90 [1/1] (0.00ns)   --->   "%tmp_12 = partselect i8 @_ssdm_op_PartSelect.i8.i32.i32.i32, i32 %bitcast_ln118, i32 23, i32 30" [cnn.cpp:118->cnn.cpp:386]   --->   Operation 90 'partselect' 'tmp_12' <Predicate = true> <Delay = 0.00>
ST_10 : Operation 91 [1/1] (0.00ns)   --->   "%trunc_ln118 = trunc i32 %bitcast_ln118" [cnn.cpp:118->cnn.cpp:386]   --->   Operation 91 'trunc' 'trunc_ln118' <Predicate = true> <Delay = 0.00>
ST_10 : Operation 92 [1/1] (0.00ns)   --->   "%bitcast_ln118_1 = bitcast i32 %v1" [cnn.cpp:118->cnn.cpp:386]   --->   Operation 92 'bitcast' 'bitcast_ln118_1' <Predicate = true> <Delay = 0.00>
ST_10 : Operation 93 [1/1] (0.00ns)   --->   "%tmp_13 = partselect i8 @_ssdm_op_PartSelect.i8.i32.i32.i32, i32 %bitcast_ln118_1, i32 23, i32 30" [cnn.cpp:118->cnn.cpp:386]   --->   Operation 93 'partselect' 'tmp_13' <Predicate = true> <Delay = 0.00>
ST_10 : Operation 94 [1/1] (0.00ns)   --->   "%trunc_ln118_1 = trunc i32 %bitcast_ln118_1" [cnn.cpp:118->cnn.cpp:386]   --->   Operation 94 'trunc' 'trunc_ln118_1' <Predicate = true> <Delay = 0.00>
ST_10 : Operation 95 [1/1] (1.91ns)   --->   "%icmp_ln118 = icmp_ne  i8 %tmp_12, i8 255" [cnn.cpp:118->cnn.cpp:386]   --->   Operation 95 'icmp' 'icmp_ln118' <Predicate = true> <Delay = 1.91> <CoreInst = "Cmp">   --->   Core 9 'Cmp' <Latency = 0> <II = 1> <Delay = 1.91> <FuncUnit> <Opcode : 'seteq' 'setne' 'setle' 'setge' 'setlt' 'setgt'> <InPorts = 2> <OutPorts = 1>
ST_10 : Operation 96 [1/1] (2.28ns)   --->   "%icmp_ln118_1 = icmp_eq  i23 %trunc_ln118, i23 0" [cnn.cpp:118->cnn.cpp:386]   --->   Operation 96 'icmp' 'icmp_ln118_1' <Predicate = true> <Delay = 2.28> <CoreInst = "Cmp">   --->   Core 9 'Cmp' <Latency = 0> <II = 1> <Delay = 2.28> <FuncUnit> <Opcode : 'seteq' 'setne' 'setle' 'setge' 'setlt' 'setgt'> <InPorts = 2> <OutPorts = 1>
ST_10 : Operation 97 [1/1] (0.00ns) (grouped into LUT with out node and_ln118_1)   --->   "%or_ln118 = or i1 %icmp_ln118_1, i1 %icmp_ln118" [cnn.cpp:118->cnn.cpp:386]   --->   Operation 97 'or' 'or_ln118' <Predicate = true> <Delay = 0.00> <CoreInst = "LogicGate">   --->   Core 74 'LogicGate' <Latency = 0> <II = 1> <Delay = 0.97> <FuncUnit> <Opcode : 'and' 'or' 'xor'> <InPorts = 2> <OutPorts = 1>
ST_10 : Operation 98 [1/1] (1.91ns)   --->   "%icmp_ln118_2 = icmp_ne  i8 %tmp_13, i8 255" [cnn.cpp:118->cnn.cpp:386]   --->   Operation 98 'icmp' 'icmp_ln118_2' <Predicate = true> <Delay = 1.91> <CoreInst = "Cmp">   --->   Core 9 'Cmp' <Latency = 0> <II = 1> <Delay = 1.91> <FuncUnit> <Opcode : 'seteq' 'setne' 'setle' 'setge' 'setlt' 'setgt'> <InPorts = 2> <OutPorts = 1>
ST_10 : Operation 99 [1/1] (2.28ns)   --->   "%icmp_ln118_3 = icmp_eq  i23 %trunc_ln118_1, i23 0" [cnn.cpp:118->cnn.cpp:386]   --->   Operation 99 'icmp' 'icmp_ln118_3' <Predicate = true> <Delay = 2.28> <CoreInst = "Cmp">   --->   Core 9 'Cmp' <Latency = 0> <II = 1> <Delay = 2.28> <FuncUnit> <Opcode : 'seteq' 'setne' 'setle' 'setge' 'setlt' 'setgt'> <InPorts = 2> <OutPorts = 1>
ST_10 : Operation 100 [1/1] (0.00ns) (grouped into LUT with out node and_ln118_1)   --->   "%or_ln118_1 = or i1 %icmp_ln118_3, i1 %icmp_ln118_2" [cnn.cpp:118->cnn.cpp:386]   --->   Operation 100 'or' 'or_ln118_1' <Predicate = true> <Delay = 0.00> <CoreInst = "LogicGate">   --->   Core 74 'LogicGate' <Latency = 0> <II = 1> <Delay = 0.97> <FuncUnit> <Opcode : 'and' 'or' 'xor'> <InPorts = 2> <OutPorts = 1>
ST_10 : Operation 101 [1/1] (0.00ns) (grouped into LUT with out node and_ln118_1)   --->   "%and_ln118 = and i1 %or_ln118, i1 %or_ln118_1" [cnn.cpp:118->cnn.cpp:386]   --->   Operation 101 'and' 'and_ln118' <Predicate = true> <Delay = 0.00> <CoreInst = "LogicGate">   --->   Core 74 'LogicGate' <Latency = 0> <II = 1> <Delay = 0.97> <FuncUnit> <Opcode : 'and' 'or' 'xor'> <InPorts = 2> <OutPorts = 1>
ST_10 : Operation 102 [1/2] (5.43ns)   --->   "%tmp_14 = fcmp_ogt  i32 %v0, i32 %v1" [cnn.cpp:118->cnn.cpp:386]   --->   Operation 102 'fcmp' 'tmp_14' <Predicate = true> <Delay = 5.43> <CoreInst = "FCompare">   --->   Core 19 'FCompare' <Latency = 1> <II = 1> <Delay = 5.43> <FuncUnit> <Opcode : 'fcmp'> <InPorts = 2> <OutPorts = 1>
ST_10 : Operation 103 [1/1] (0.97ns) (out node of the LUT)   --->   "%and_ln118_1 = and i1 %and_ln118, i1 %tmp_14" [cnn.cpp:118->cnn.cpp:386]   --->   Operation 103 'and' 'and_ln118_1' <Predicate = true> <Delay = 0.97> <CoreInst = "LogicGate">   --->   Core 74 'LogicGate' <Latency = 0> <II = 1> <Delay = 0.97> <FuncUnit> <Opcode : 'and' 'or' 'xor'> <InPorts = 2> <OutPorts = 1>
ST_10 : Operation 104 [1/1] (0.69ns) (out node of the LUT)   --->   "%select_ln118 = select i1 %and_ln118_1, i32 %v0, i32 %v1" [cnn.cpp:118->cnn.cpp:386]   --->   Operation 104 'select' 'select_ln118' <Predicate = true> <Delay = 0.69> <CoreInst = "Sel">   --->   Core 73 'Sel' <Latency = 0> <II = 1> <Delay = 0.69> <FuncUnit> <Opcode : 'select'> <InPorts = 3> <OutPorts = 1>
ST_10 : Operation 105 [1/1] ( I:3.25ns O:3.25ns )   --->   "%store_ln118 = store i32 %select_ln118, i10 %s1_pool_addr" [cnn.cpp:118->cnn.cpp:386]   --->   Operation 105 'store' 'store_ln118' <Predicate = true> <Delay = 3.25> <CoreInst = "RAM">   --->   Core 81 'RAM' <Latency = 1> <II = 1> <Delay = 3.25> <Storage> <Opcode : 'load' 'store'> <Ports = 2> <Width = 32> <Depth = 744> <RAM>
ST_10 : Operation 106 [1/1] (0.00ns)   --->   "%br_ln114 = br void %for.body4.i" [cnn.cpp:114->cnn.cpp:386]   --->   Operation 106 'br' 'br_ln114' <Predicate = true> <Delay = 0.00>


============================================================
+ Verbose Summary: Timing violations
============================================================
Target clock period: 15.000ns, clock uncertainty: 4.050ns.

 <State 1>: 9.344ns
The critical path consists of the following:
	'store' operation 0 bit ('store_ln113', cnn.cpp:113->cnn.cpp:386) of constant 0 on local variable 't', cnn.cpp:113->cnn.cpp:386 [8]  (1.588 ns)
	'load' operation 7 bit ('t_load', cnn.cpp:113->cnn.cpp:386) on local variable 't', cnn.cpp:113->cnn.cpp:386 [18]  (0.000 ns)
	'add' operation 7 bit ('add_ln113', cnn.cpp:113->cnn.cpp:386) [19]  (1.870 ns)
	'select' operation 7 bit ('select_ln113_1', cnn.cpp:113->cnn.cpp:386) [24]  (0.993 ns)
	'add' operation 11 bit ('add_ln117', cnn.cpp:117->cnn.cpp:386) [32]  (1.639 ns)
	'getelementptr' operation 11 bit ('s1_A_out_addr_1', cnn.cpp:117->cnn.cpp:386) [34]  (0.000 ns)
	'load' operation 32 bit ('s1_A_out_load_1', cnn.cpp:117->cnn.cpp:386) on array 's1_A_out' [53]  (3.254 ns)

 <State 2>: 3.254ns
The critical path consists of the following:
	'load' operation 32 bit ('s1_A_out_load', cnn.cpp:116->cnn.cpp:386) on array 's1_A_out' [41]  (3.254 ns)

 <State 3>: 10.533ns
The critical path consists of the following:
	'fadd' operation 32 bit ('x', cnn.cpp:116->cnn.cpp:386) [43]  (10.533 ns)

 <State 4>: 10.533ns
The critical path consists of the following:
	'fadd' operation 32 bit ('x', cnn.cpp:116->cnn.cpp:386) [43]  (10.533 ns)

 <State 5>: 10.533ns
The critical path consists of the following:
	'fadd' operation 32 bit ('x', cnn.cpp:116->cnn.cpp:386) [43]  (10.533 ns)

 <State 6>: 10.533ns
The critical path consists of the following:
	'fadd' operation 32 bit ('x', cnn.cpp:116->cnn.cpp:386) [43]  (10.533 ns)

 <State 7>: 5.431ns
The critical path consists of the following:
	'fcmp' operation 1 bit ('tmp_s', cnn.cpp:36->cnn.cpp:116->cnn.cpp:386) [50]  (5.431 ns)

 <State 8>: 6.409ns
The critical path consists of the following:
	'fcmp' operation 1 bit ('tmp_s', cnn.cpp:36->cnn.cpp:116->cnn.cpp:386) [50]  (5.431 ns)
	'and' operation 1 bit ('and_ln36_1', cnn.cpp:36->cnn.cpp:116->cnn.cpp:386) [51]  (0.000 ns)
	'select' operation 32 bit ('v0', cnn.cpp:36->cnn.cpp:116->cnn.cpp:386) [52]  (0.978 ns)

 <State 9>: 5.431ns
The critical path consists of the following:
	'fcmp' operation 1 bit ('tmp_14', cnn.cpp:118->cnn.cpp:386) [78]  (5.431 ns)

 <State 10>: 10.361ns
The critical path consists of the following:
	'fcmp' operation 1 bit ('tmp_14', cnn.cpp:118->cnn.cpp:386) [78]  (5.431 ns)
	'and' operation 1 bit ('and_ln118_1', cnn.cpp:118->cnn.cpp:386) [79]  (0.978 ns)
	'select' operation 32 bit ('select_ln118', cnn.cpp:118->cnn.cpp:386) [80]  (0.698 ns)
	'store' operation 0 bit ('store_ln118', cnn.cpp:118->cnn.cpp:386) of variable 'select_ln118', cnn.cpp:118->cnn.cpp:386 on array 's1_pool' [81]  (3.254 ns)


============================================================
+ Verbose Summary: Binding
============================================================
N/A
* FSMD analyzer results:
  - Output states:
 - Input state : 
  - Chain level:
	State 1
	State 2
	State 3
	State 4
	State 5
	State 6
	State 7
	State 8
	State 9
	State 10


============================================================
+ Verbose Summary: Datapath Resource usage 
============================================================
N/A
