

================================================================
== Vitis HLS Report for 'ecg_cnn_top_Pipeline_VITIS_LOOP_113_1_VITIS_LOOP_114_2'
================================================================
* Date:           Tue Mar 31 12:27:43 2026

* Version:        2025.1 (Build 6135595 on May 21 2025)
* Project:        ecg_cnn_top
* Solution:       hls (Vivado IP Flow Target)
* Product family: zynq
* Target device:  xc7z020-clg400-1


================================================================
== Performance Estimates
================================================================
+ Timing: 
    * Summary: 
    +--------+----------+-----------+------------+
    |  Clock |  Target  | Estimated | Uncertainty|
    +--------+----------+-----------+------------+
    |ap_clk  |  15.00 ns|  10.533 ns|     4.05 ns|
    +--------+----------+-----------+------------+

+ Latency: 
    * Summary: 
    +---------+---------+-----------+-----------+-----+-----+------------------------------------------------+
    |  Latency (cycles) |   Latency (absolute)  |  Interval |                    Pipeline                    |
    |   min   |   max   |    min    |    max    | min | max |                      Type                      |
    +---------+---------+-----------+-----------+-----+-----+------------------------------------------------+
    |      754|      754|  11.310 us|  11.310 us|  745|  745|  loop auto-rewind stp (delay=0 clock cycles(s))|
    +---------+---------+-----------+-----------+-----+-----+------------------------------------------------+

    + Detail: 
        * Instance: 
        N/A

        * Loop: 
        +-------------------------------------+---------+---------+----------+-----------+-----------+------+----------+
        |                                     |  Latency (cycles) | Iteration|  Initiation Interval  | Trip |          |
        |              Loop Name              |   min   |   max   |  Latency |  achieved |   target  | Count| Pipelined|
        +-------------------------------------+---------+---------+----------+-----------+-----------+------+----------+
        |- VITIS_LOOP_113_1_VITIS_LOOP_114_2  |      752|      752|        10|          1|          1|   744|       yes|
        +-------------------------------------+---------+---------+----------+-----------+-----------+------+----------+

============================================================
+ Verbose Summary: Synthesis Manager
============================================================
InlineROM: 1
ExposeGlobal: 0
============================================================
+ Verbose Summary: CDFG Model
============================================================
IsTopModel: 0
ResetActiveHigh: 1
IsCombinational: 0
IsDatapathOnly: 0
HasWiredReturn: 1
HasMFsm: 2
HasVarLatency: 1
IsPipeline: 0
IsRtlPipelined: 0
IsInstanceOverlapped: 0
IsDontTouch: 0
HasImplIP: 0
IsGatedGlobalClock: 0

+ Individual pipeline summary: 
  * Pipeline-0: initiation interval (II) = 1, depth = 10


============================================================
+ Verbose Summary: Schedule
============================================================
* Number of FSM states : 10
* Pipeline : 1
  Pipeline-0 : II = 1, D = 10, States = { 1 2 3 4 5 6 7 8 9 10 }
* Dataflow Pipeline: 0

* FSM state transitions: 
1 --> 2 
2 --> 3 
3 --> 4 
4 --> 5 
5 --> 6 
6 --> 7 
7 --> 8 
8 --> 9 
9 --> 10 
10 --> 

* FSM state operations: 

State 1 <SV = 0> <Delay = 9.34>
ST_1 : Operation 13 [1/1] (0.00ns)   --->   "%c = alloca i32 1" [cnn.cpp:114->cnn.cpp:386]   --->   Operation 13 'alloca' 'c' <Predicate = true> <Delay = 0.00>
ST_1 : Operation 14 [1/1] (0.00ns)   --->   "%t = alloca i32 1" [cnn.cpp:113->cnn.cpp:386]   --->   Operation 14 'alloca' 't' <Predicate = true> <Delay = 0.00>
ST_1 : Operation 15 [1/1] (0.00ns)   --->   "%indvar_flatten31 = alloca i32 1"   --->   Operation 15 'alloca' 'indvar_flatten31' <Predicate = true> <Delay = 0.00>
ST_1 : Operation 16 [1/1] (1.58ns)   --->   "%store_ln0 = store i10 0, i10 %indvar_flatten31"   --->   Operation 16 'store' 'store_ln0' <Predicate = true> <Delay = 1.58>
ST_1 : Operation 17 [1/1] (1.58ns)   --->   "%store_ln113 = store i7 0, i7 %t" [cnn.cpp:113->cnn.cpp:386]   --->   Operation 17 'store' 'store_ln113' <Predicate = true> <Delay = 1.58>
ST_1 : Operation 18 [1/1] (1.58ns)   --->   "%store_ln114 = store i4 0, i4 %c" [cnn.cpp:114->cnn.cpp:386]   --->   Operation 18 'store' 'store_ln114' <Predicate = true> <Delay = 1.58>
ST_1 : Operation 19 [1/1] (0.00ns)   --->   "%br_ln0 = br void %for.body4.i"   --->   Operation 19 'br' 'br_ln0' <Predicate = true> <Delay = 0.00>
ST_1 : Operation 20 [1/1] (0.00ns)   --->   "%indvar_flatten31_load = load i10 %indvar_flatten31" [cnn.cpp:113->cnn.cpp:386]   --->   Operation 20 'load' 'indvar_flatten31_load' <Predicate = true> <Delay = 0.00>
ST_1 : Operation 21 [1/1] (1.73ns)   --->   "%icmp_ln113 = icmp_eq  i10 %indvar_flatten31_load, i10 744" [cnn.cpp:113->cnn.cpp:386]   --->   Operation 21 'icmp' 'icmp_ln113' <Predicate = true> <Delay = 1.73> <CoreInst = "Cmp">   --->   Core 9 'Cmp' <Latency = 0> <II = 1> <Delay = 1.73> <FuncUnit> <Opcode : 'seteq' 'setne' 'setle' 'setge' 'setlt' 'setgt'> <InPorts = 2> <OutPorts = 1>
ST_1 : Operation 22 [1/1] (1.73ns)   --->   "%add_ln113_1 = add i10 %indvar_flatten31_load, i10 1" [cnn.cpp:113->cnn.cpp:386]   --->   Operation 22 'add' 'add_ln113_1' <Predicate = true> <Delay = 1.73> <CoreInst = "Adder">   --->   Core 1 'Adder' <Latency = 0> <II = 1> <Delay = 1.73> <FuncUnit> <Opcode : 'add' 'sub'> <InPorts = 2> <OutPorts = 1>
ST_1 : Operation 23 [1/1] (0.00ns)   --->   "%br_ln113 = br i1 %icmp_ln113, void %for.inc31.i59, void %VITIS_LOOP_128_2.i.preheader.exitStub" [cnn.cpp:113->cnn.cpp:386]   --->   Operation 23 'br' 'br_ln113' <Predicate = true> <Delay = 0.00>
ST_1 : Operation 24 [1/1] (0.00ns)   --->   "%c_load = load i4 %c" [cnn.cpp:114->cnn.cpp:386]   --->   Operation 24 'load' 'c_load' <Predicate = (!icmp_ln113)> <Delay = 0.00>
ST_1 : Operation 25 [1/1] (0.00ns)   --->   "%t_load = load i7 %t" [cnn.cpp:113->cnn.cpp:386]   --->   Operation 25 'load' 't_load' <Predicate = (!icmp_ln113)> <Delay = 0.00>
ST_1 : Operation 26 [1/1] (1.87ns)   --->   "%add_ln113 = add i7 %t_load, i7 1" [cnn.cpp:113->cnn.cpp:386]   --->   Operation 26 'add' 'add_ln113' <Predicate = (!icmp_ln113)> <Delay = 1.87> <CoreInst = "Adder">   --->   Core 1 'Adder' <Latency = 0> <II = 1> <Delay = 1.87> <FuncUnit> <Opcode : 'add' 'sub'> <InPorts = 2> <OutPorts = 1>
ST_1 : Operation 27 [1/1] (1.73ns)   --->   "%icmp_ln114 = icmp_eq  i4 %c_load, i4 8" [cnn.cpp:114->cnn.cpp:386]   --->   Operation 27 'icmp' 'icmp_ln114' <Predicate = (!icmp_ln113)> <Delay = 1.73> <CoreInst = "Cmp">   --->   Core 9 'Cmp' <Latency = 0> <II = 1> <Delay = 1.73> <FuncUnit> <Opcode : 'seteq' 'setne' 'setle' 'setge' 'setlt' 'setgt'> <InPorts = 2> <OutPorts = 1>
ST_1 : Operation 28 [1/1] (1.02ns)   --->   "%select_ln113 = select i1 %icmp_ln114, i4 0, i4 %c_load" [cnn.cpp:113->cnn.cpp:386]   --->   Operation 28 'select' 'select_ln113' <Predicate = (!icmp_ln113)> <Delay = 1.02> <CoreInst = "Sel">   --->   Core 73 'Sel' <Latency = 0> <II = 1> <Delay = 1.02> <FuncUnit> <Opcode : 'select'> <InPorts = 3> <OutPorts = 1>
ST_1 : Operation 29 [1/1] (0.99ns)   --->   "%select_ln113_1 = select i1 %icmp_ln114, i7 %add_ln113, i7 %t_load" [cnn.cpp:113->cnn.cpp:386]   --->   Operation 29 'select' 'select_ln113_1' <Predicate = (!icmp_ln113)> <Delay = 0.99> <CoreInst = "Sel">   --->   Core 73 'Sel' <Latency = 0> <II = 1> <Delay = 0.99> <FuncUnit> <Opcode : 'select'> <InPorts = 3> <OutPorts = 1>
ST_1 : Operation 30 [1/1] (0.00ns)   --->   "%tmp_23 = bitconcatenate i10 @_ssdm_op_BitConcatenate.i10.i7.i3, i7 %select_ln113_1, i3 0" [cnn.cpp:118->cnn.cpp:386]   --->   Operation 30 'bitconcatenate' 'tmp_23' <Predicate = (!icmp_ln113)> <Delay = 0.00>
ST_1 : Operation 31 [1/1] (0.00ns)   --->   "%tmp_24 = bitconcatenate i11 @_ssdm_op_BitConcatenate.i11.i7.i4, i7 %select_ln113_1, i4 8" [cnn.cpp:117->cnn.cpp:386]   --->   Operation 31 'bitconcatenate' 'tmp_24' <Predicate = (!icmp_ln113)> <Delay = 0.00>
ST_1 : Operation 32 [1/1] (0.00ns)   --->   "%zext_ln116_1 = zext i4 %select_ln113" [cnn.cpp:116->cnn.cpp:386]   --->   Operation 32 'zext' 'zext_ln116_1' <Predicate = (!icmp_ln113)> <Delay = 0.00>
ST_1 : Operation 33 [1/1] (0.00ns)   --->   "%zext_ln116_2 = zext i4 %select_ln113" [cnn.cpp:116->cnn.cpp:386]   --->   Operation 33 'zext' 'zext_ln116_2' <Predicate = (!icmp_ln113)> <Delay = 0.00>
ST_1 : Operation 34 [1/1] (0.00ns)   --->   "%tmp_25 = bitconcatenate i11 @_ssdm_op_BitConcatenate.i11.i7.i4, i7 %select_ln113_1, i4 %select_ln113" [cnn.cpp:116->cnn.cpp:386]   --->   Operation 34 'bitconcatenate' 'tmp_25' <Predicate = (!icmp_ln113)> <Delay = 0.00>
ST_1 : Operation 35 [1/1] (0.00ns)   --->   "%zext_ln116 = zext i11 %tmp_25" [cnn.cpp:116->cnn.cpp:386]   --->   Operation 35 'zext' 'zext_ln116' <Predicate = (!icmp_ln113)> <Delay = 0.00>
ST_1 : Operation 36 [1/1] (0.00ns)   --->   "%s1_A_out_addr = getelementptr i32 %s1_A_out, i64 0, i64 %zext_ln116" [cnn.cpp:116->cnn.cpp:386]   --->   Operation 36 'getelementptr' 's1_A_out_addr' <Predicate = (!icmp_ln113)> <Delay = 0.00>
ST_1 : Operation 37 [1/1] (1.63ns)   --->   "%add_ln117 = add i11 %tmp_24, i11 %zext_ln116_2" [cnn.cpp:117->cnn.cpp:386]   --->   Operation 37 'add' 'add_ln117' <Predicate = (!icmp_ln113)> <Delay = 1.63> <CoreInst = "Adder">   --->   Core 1 'Adder' <Latency = 0> <II = 1> <Delay = 1.63> <FuncUnit> <Opcode : 'add' 'sub'> <InPorts = 2> <OutPorts = 1>
ST_1 : Operation 38 [1/1] (0.00ns)   --->   "%zext_ln117 = zext i11 %add_ln117" [cnn.cpp:117->cnn.cpp:386]   --->   Operation 38 'zext' 'zext_ln117' <Predicate = (!icmp_ln113)> <Delay = 0.00>
ST_1 : Operation 39 [1/1] (0.00ns)   --->   "%s1_A_out_addr_1 = getelementptr i32 %s1_A_out, i64 0, i64 %zext_ln117" [cnn.cpp:117->cnn.cpp:386]   --->   Operation 39 'getelementptr' 's1_A_out_addr_1' <Predicate = (!icmp_ln113)> <Delay = 0.00>
ST_1 : Operation 40 [1/1] (0.00ns)   --->   "%s1_B_out_addr = getelementptr i32 %s1_B_out, i64 0, i64 %zext_ln116" [cnn.cpp:116->cnn.cpp:386]   --->   Operation 40 'getelementptr' 's1_B_out_addr' <Predicate = (!icmp_ln113)> <Delay = 0.00>
ST_1 : Operation 41 [1/1] (0.00ns)   --->   "%s1_B_out_addr_1 = getelementptr i32 %s1_B_out, i64 0, i64 %zext_ln117" [cnn.cpp:117->cnn.cpp:386]   --->   Operation 41 'getelementptr' 's1_B_out_addr_1' <Predicate = (!icmp_ln113)> <Delay = 0.00>
ST_1 : Operation 42 [1/1] (1.73ns)   --->   "%add_ln118 = add i10 %tmp_23, i10 %zext_ln116_1" [cnn.cpp:118->cnn.cpp:386]   --->   Operation 42 'add' 'add_ln118' <Predicate = (!icmp_ln113)> <Delay = 1.73> <CoreInst = "Adder">   --->   Core 1 'Adder' <Latency = 0> <II = 1> <Delay = 1.73> <FuncUnit> <Opcode : 'add' 'sub'> <InPorts = 2> <OutPorts = 1>
ST_1 : Operation 43 [2/2] (3.25ns)   --->   "%s1_A_out_load = load i11 %s1_A_out_addr" [cnn.cpp:116->cnn.cpp:386]   --->   Operation 43 'load' 's1_A_out_load' <Predicate = (!icmp_ln113)> <Delay = 3.25> <CoreInst = "RAM">   --->   Core 81 'RAM' <Latency = 1> <II = 1> <Delay = 3.25> <Storage> <Opcode : 'load' 'store'> <Ports = 2> <Width = 32> <Depth = 1488> <RAM>
ST_1 : Operation 44 [2/2] (3.25ns)   --->   "%s1_B_out_load = load i11 %s1_B_out_addr" [cnn.cpp:116->cnn.cpp:386]   --->   Operation 44 'load' 's1_B_out_load' <Predicate = (!icmp_ln113)> <Delay = 3.25> <CoreInst = "RAM">   --->   Core 81 'RAM' <Latency = 1> <II = 1> <Delay = 3.25> <Storage> <Opcode : 'load' 'store'> <Ports = 2> <Width = 32> <Depth = 1488> <RAM>
ST_1 : Operation 45 [2/2] (3.25ns)   --->   "%s1_A_out_load_1 = load i11 %s1_A_out_addr_1" [cnn.cpp:117->cnn.cpp:386]   --->   Operation 45 'load' 's1_A_out_load_1' <Predicate = (!icmp_ln113)> <Delay = 3.25> <CoreInst = "RAM">   --->   Core 81 'RAM' <Latency = 1> <II = 1> <Delay = 3.25> <Storage> <Opcode : 'load' 'store'> <Ports = 2> <Width = 32> <Depth = 1488> <RAM>
ST_1 : Operation 46 [2/2] (3.25ns)   --->   "%s1_B_out_load_1 = load i11 %s1_B_out_addr_1" [cnn.cpp:117->cnn.cpp:386]   --->   Operation 46 'load' 's1_B_out_load_1' <Predicate = (!icmp_ln113)> <Delay = 3.25> <CoreInst = "RAM">   --->   Core 81 'RAM' <Latency = 1> <II = 1> <Delay = 3.25> <Storage> <Opcode : 'load' 'store'> <Ports = 2> <Width = 32> <Depth = 1488> <RAM>
ST_1 : Operation 47 [1/1] (1.73ns)   --->   "%add_ln114 = add i4 %select_ln113, i4 1" [cnn.cpp:114->cnn.cpp:386]   --->   Operation 47 'add' 'add_ln114' <Predicate = (!icmp_ln113)> <Delay = 1.73> <CoreInst = "Adder">   --->   Core 1 'Adder' <Latency = 0> <II = 1> <Delay = 1.73> <FuncUnit> <Opcode : 'add' 'sub'> <InPorts = 2> <OutPorts = 1>
ST_1 : Operation 48 [1/1] (1.58ns)   --->   "%store_ln113 = store i10 %add_ln113_1, i10 %indvar_flatten31" [cnn.cpp:113->cnn.cpp:386]   --->   Operation 48 'store' 'store_ln113' <Predicate = (!icmp_ln113)> <Delay = 1.58>
ST_1 : Operation 49 [1/1] (1.58ns)   --->   "%store_ln113 = store i7 %select_ln113_1, i7 %t" [cnn.cpp:113->cnn.cpp:386]   --->   Operation 49 'store' 'store_ln113' <Predicate = (!icmp_ln113)> <Delay = 1.58>
ST_1 : Operation 50 [1/1] (1.58ns)   --->   "%store_ln114 = store i4 %add_ln114, i4 %c" [cnn.cpp:114->cnn.cpp:386]   --->   Operation 50 'store' 'store_ln114' <Predicate = (!icmp_ln113)> <Delay = 1.58>

State 2 <SV = 1> <Delay = 3.25>
ST_2 : Operation 51 [1/2] ( I:3.25ns O:3.25ns )   --->   "%s1_A_out_load = load i11 %s1_A_out_addr" [cnn.cpp:116->cnn.cpp:386]   --->   Operation 51 'load' 's1_A_out_load' <Predicate = true> <Delay = 3.25> <CoreInst = "RAM">   --->   Core 81 'RAM' <Latency = 1> <II = 1> <Delay = 3.25> <Storage> <Opcode : 'load' 'store'> <Ports = 2> <Width = 32> <Depth = 1488> <RAM>
ST_2 : Operation 52 [1/2] ( I:3.25ns O:3.25ns )   --->   "%s1_B_out_load = load i11 %s1_B_out_addr" [cnn.cpp:116->cnn.cpp:386]   --->   Operation 52 'load' 's1_B_out_load' <Predicate = true> <Delay = 3.25> <CoreInst = "RAM">   --->   Core 81 'RAM' <Latency = 1> <II = 1> <Delay = 3.25> <Storage> <Opcode : 'load' 'store'> <Ports = 2> <Width = 32> <Depth = 1488> <RAM>
ST_2 : Operation 53 [1/2] ( I:3.25ns O:3.25ns )   --->   "%s1_A_out_load_1 = load i11 %s1_A_out_addr_1" [cnn.cpp:117->cnn.cpp:386]   --->   Operation 53 'load' 's1_A_out_load_1' <Predicate = true> <Delay = 3.25> <CoreInst = "RAM">   --->   Core 81 'RAM' <Latency = 1> <II = 1> <Delay = 3.25> <Storage> <Opcode : 'load' 'store'> <Ports = 2> <Width = 32> <Depth = 1488> <RAM>
ST_2 : Operation 54 [1/2] ( I:3.25ns O:3.25ns )   --->   "%s1_B_out_load_1 = load i11 %s1_B_out_addr_1" [cnn.cpp:117->cnn.cpp:386]   --->   Operation 54 'load' 's1_B_out_load_1' <Predicate = true> <Delay = 3.25> <CoreInst = "RAM">   --->   Core 81 'RAM' <Latency = 1> <II = 1> <Delay = 3.25> <Storage> <Opcode : 'load' 'store'> <Ports = 2> <Width = 32> <Depth = 1488> <RAM>

State 3 <SV = 2> <Delay = 10.5>
ST_3 : Operation 55 [4/4] (10.5ns)   --->   "%x_assign_2 = fadd i32 %s1_A_out_load, i32 %s1_B_out_load" [cnn.cpp:116->cnn.cpp:386]   --->   Operation 55 'fadd' 'x_assign_2' <Predicate = true> <Delay = 10.5> <CoreInst = "FAddSub_fulldsp">   --->   Core 18 'FAddSub_fulldsp' <Latency = 3> <II = 1> <Delay = 10.5> <FuncUnit> <Opcode : 'fadd' 'fsub'> <InPorts = 2> <OutPorts = 1>
ST_3 : Operation 56 [4/4] (10.5ns)   --->   "%x_assign_3 = fadd i32 %s1_A_out_load_1, i32 %s1_B_out_load_1" [cnn.cpp:117->cnn.cpp:386]   --->   Operation 56 'fadd' 'x_assign_3' <Predicate = true> <Delay = 10.5> <CoreInst = "FAddSub_fulldsp">   --->   Core 18 'FAddSub_fulldsp' <Latency = 3> <II = 1> <Delay = 10.5> <FuncUnit> <Opcode : 'fadd' 'fsub'> <InPorts = 2> <OutPorts = 1>

State 4 <SV = 3> <Delay = 10.5>
ST_4 : Operation 57 [3/4] (10.5ns)   --->   "%x_assign_2 = fadd i32 %s1_A_out_load, i32 %s1_B_out_load" [cnn.cpp:116->cnn.cpp:386]   --->   Operation 57 'fadd' 'x_assign_2' <Predicate = true> <Delay = 10.5> <CoreInst = "FAddSub_fulldsp">   --->   Core 18 'FAddSub_fulldsp' <Latency = 3> <II = 1> <Delay = 10.5> <FuncUnit> <Opcode : 'fadd' 'fsub'> <InPorts = 2> <OutPorts = 1>
ST_4 : Operation 58 [3/4] (10.5ns)   --->   "%x_assign_3 = fadd i32 %s1_A_out_load_1, i32 %s1_B_out_load_1" [cnn.cpp:117->cnn.cpp:386]   --->   Operation 58 'fadd' 'x_assign_3' <Predicate = true> <Delay = 10.5> <CoreInst = "FAddSub_fulldsp">   --->   Core 18 'FAddSub_fulldsp' <Latency = 3> <II = 1> <Delay = 10.5> <FuncUnit> <Opcode : 'fadd' 'fsub'> <InPorts = 2> <OutPorts = 1>

State 5 <SV = 4> <Delay = 10.5>
ST_5 : Operation 59 [2/4] (10.5ns)   --->   "%x_assign_2 = fadd i32 %s1_A_out_load, i32 %s1_B_out_load" [cnn.cpp:116->cnn.cpp:386]   --->   Operation 59 'fadd' 'x_assign_2' <Predicate = true> <Delay = 10.5> <CoreInst = "FAddSub_fulldsp">   --->   Core 18 'FAddSub_fulldsp' <Latency = 3> <II = 1> <Delay = 10.5> <FuncUnit> <Opcode : 'fadd' 'fsub'> <InPorts = 2> <OutPorts = 1>
ST_5 : Operation 60 [2/4] (10.5ns)   --->   "%x_assign_3 = fadd i32 %s1_A_out_load_1, i32 %s1_B_out_load_1" [cnn.cpp:117->cnn.cpp:386]   --->   Operation 60 'fadd' 'x_assign_3' <Predicate = true> <Delay = 10.5> <CoreInst = "FAddSub_fulldsp">   --->   Core 18 'FAddSub_fulldsp' <Latency = 3> <II = 1> <Delay = 10.5> <FuncUnit> <Opcode : 'fadd' 'fsub'> <InPorts = 2> <OutPorts = 1>

State 6 <SV = 5> <Delay = 10.5>
ST_6 : Operation 61 [1/4] (10.5ns)   --->   "%x_assign_2 = fadd i32 %s1_A_out_load, i32 %s1_B_out_load" [cnn.cpp:116->cnn.cpp:386]   --->   Operation 61 'fadd' 'x_assign_2' <Predicate = true> <Delay = 10.5> <CoreInst = "FAddSub_fulldsp">   --->   Core 18 'FAddSub_fulldsp' <Latency = 3> <II = 1> <Delay = 10.5> <FuncUnit> <Opcode : 'fadd' 'fsub'> <InPorts = 2> <OutPorts = 1>
ST_6 : Operation 62 [1/4] (10.5ns)   --->   "%x_assign_3 = fadd i32 %s1_A_out_load_1, i32 %s1_B_out_load_1" [cnn.cpp:117->cnn.cpp:386]   --->   Operation 62 'fadd' 'x_assign_3' <Predicate = true> <Delay = 10.5> <CoreInst = "FAddSub_fulldsp">   --->   Core 18 'FAddSub_fulldsp' <Latency = 3> <II = 1> <Delay = 10.5> <FuncUnit> <Opcode : 'fadd' 'fsub'> <InPorts = 2> <OutPorts = 1>

State 7 <SV = 6> <Delay = 5.43>
ST_7 : Operation 63 [2/2] (5.43ns)   --->   "%tmp_s = fcmp_ogt  i32 %x_assign_2, i32 0" [cnn.cpp:36->cnn.cpp:116->cnn.cpp:386]   --->   Operation 63 'fcmp' 'tmp_s' <Predicate = true> <Delay = 5.43> <CoreInst = "FCompare">   --->   Core 19 'FCompare' <Latency = 1> <II = 1> <Delay = 5.43> <FuncUnit> <Opcode : 'fcmp'> <InPorts = 2> <OutPorts = 1>
ST_7 : Operation 64 [2/2] (5.43ns)   --->   "%tmp_11 = fcmp_ogt  i32 %x_assign_3, i32 0" [cnn.cpp:36->cnn.cpp:117->cnn.cpp:386]   --->   Operation 64 'fcmp' 'tmp_11' <Predicate = true> <Delay = 5.43> <CoreInst = "FCompare">   --->   Core 19 'FCompare' <Latency = 1> <II = 1> <Delay = 5.43> <FuncUnit> <Opcode : 'fcmp'> <InPorts = 2> <OutPorts = 1>

State 8 <SV = 7> <Delay = 6.40>
ST_8 : Operation 65 [1/1] (0.00ns)   --->   "%bitcast_ln36_1 = bitcast i32 %x_assign_2" [cnn.cpp:36->cnn.cpp:116->cnn.cpp:386]   --->   Operation 65 'bitcast' 'bitcast_ln36_1' <Predicate = true> <Delay = 0.00>
ST_8 : Operation 66 [1/1] (0.00ns)   --->   "%tmp_9 = partselect i8 @_ssdm_op_PartSelect.i8.i32.i32.i32, i32 %bitcast_ln36_1, i32 23, i32 30" [cnn.cpp:36->cnn.cpp:116->cnn.cpp:386]   --->   Operation 66 'partselect' 'tmp_9' <Predicate = true> <Delay = 0.00>
ST_8 : Operation 67 [1/1] (0.00ns)   --->   "%trunc_ln36 = trunc i32 %bitcast_ln36_1" [cnn.cpp:36->cnn.cpp:116->cnn.cpp:386]   --->   Operation 67 'trunc' 'trunc_ln36' <Predicate = true> <Delay = 0.00>
ST_8 : Operation 68 [1/1] (1.91ns)   --->   "%icmp_ln36_2 = icmp_ne  i8 %tmp_9, i8 255" [cnn.cpp:36->cnn.cpp:116->cnn.cpp:386]   --->   Operation 68 'icmp' 'icmp_ln36_2' <Predicate = true> <Delay = 1.91> <CoreInst = "Cmp">   --->   Core 9 'Cmp' <Latency = 0> <II = 1> <Delay = 1.91> <FuncUnit> <Opcode : 'seteq' 'setne' 'setle' 'setge' 'setlt' 'setgt'> <InPorts = 2> <OutPorts = 1>
ST_8 : Operation 69 [1/1] (2.28ns)   --->   "%icmp_ln36_3 = icmp_eq  i23 %trunc_ln36, i23 0" [cnn.cpp:36->cnn.cpp:116->cnn.cpp:386]   --->   Operation 69 'icmp' 'icmp_ln36_3' <Predicate = true> <Delay = 2.28> <CoreInst = "Cmp">   --->   Core 9 'Cmp' <Latency = 0> <II = 1> <Delay = 2.28> <FuncUnit> <Opcode : 'seteq' 'setne' 'setle' 'setge' 'setlt' 'setgt'> <InPorts = 2> <OutPorts = 1>
ST_8 : Operation 70 [1/1] (0.00ns) (grouped into LUT with out node v0)   --->   "%or_ln36_1 = or i1 %icmp_ln36_3, i1 %icmp_ln36_2" [cnn.cpp:36->cnn.cpp:116->cnn.cpp:386]   --->   Operation 70 'or' 'or_ln36_1' <Predicate = true> <Delay = 0.00> <CoreInst = "LogicGate">   --->   Core 74 'LogicGate' <Latency = 0> <II = 1> <Delay = 0.97> <FuncUnit> <Opcode : 'and' 'or' 'xor'> <InPorts = 2> <OutPorts = 1>
ST_8 : Operation 71 [1/2] (5.43ns)   --->   "%tmp_s = fcmp_ogt  i32 %x_assign_2, i32 0" [cnn.cpp:36->cnn.cpp:116->cnn.cpp:386]   --->   Operation 71 'fcmp' 'tmp_s' <Predicate = true> <Delay = 5.43> <CoreInst = "FCompare">   --->   Core 19 'FCompare' <Latency = 1> <II = 1> <Delay = 5.43> <FuncUnit> <Opcode : 'fcmp'> <InPorts = 2> <OutPorts = 1>
ST_8 : Operation 72 [1/1] (0.00ns) (grouped into LUT with out node v0)   --->   "%and_ln36_1 = and i1 %or_ln36_1, i1 %tmp_s" [cnn.cpp:36->cnn.cpp:116->cnn.cpp:386]   --->   Operation 72 'and' 'and_ln36_1' <Predicate = true> <Delay = 0.00> <CoreInst = "LogicGate">   --->   Core 74 'LogicGate' <Latency = 0> <II = 1> <Delay = 0.97> <FuncUnit> <Opcode : 'and' 'or' 'xor'> <InPorts = 2> <OutPorts = 1>
ST_8 : Operation 73 [1/1] (0.97ns) (out node of the LUT)   --->   "%v0 = select i1 %and_ln36_1, i32 %x_assign_2, i32 0" [cnn.cpp:36->cnn.cpp:116->cnn.cpp:386]   --->   Operation 73 'select' 'v0' <Predicate = true> <Delay = 0.97> <CoreInst = "Sel">   --->   Core 73 'Sel' <Latency = 0> <II = 1> <Delay = 0.69> <FuncUnit> <Opcode : 'select'> <InPorts = 3> <OutPorts = 1>
ST_8 : Operation 74 [1/1] (0.00ns)   --->   "%bitcast_ln36 = bitcast i32 %x_assign_3" [cnn.cpp:36->cnn.cpp:117->cnn.cpp:386]   --->   Operation 74 'bitcast' 'bitcast_ln36' <Predicate = true> <Delay = 0.00>
ST_8 : Operation 75 [1/1] (0.00ns)   --->   "%tmp_10 = partselect i8 @_ssdm_op_PartSelect.i8.i32.i32.i32, i32 %bitcast_ln36, i32 23, i32 30" [cnn.cpp:36->cnn.cpp:117->cnn.cpp:386]   --->   Operation 75 'partselect' 'tmp_10' <Predicate = true> <Delay = 0.00>
ST_8 : Operation 76 [1/1] (0.00ns)   --->   "%trunc_ln36_2 = trunc i32 %bitcast_ln36" [cnn.cpp:36->cnn.cpp:117->cnn.cpp:386]   --->   Operation 76 'trunc' 'trunc_ln36_2' <Predicate = true> <Delay = 0.00>
ST_8 : Operation 77 [1/1] (1.91ns)   --->   "%icmp_ln36_4 = icmp_ne  i8 %tmp_10, i8 255" [cnn.cpp:36->cnn.cpp:117->cnn.cpp:386]   --->   Operation 77 'icmp' 'icmp_ln36_4' <Predicate = true> <Delay = 1.91> <CoreInst = "Cmp">   --->   Core 9 'Cmp' <Latency = 0> <II = 1> <Delay = 1.91> <FuncUnit> <Opcode : 'seteq' 'setne' 'setle' 'setge' 'setlt' 'setgt'> <InPorts = 2> <OutPorts = 1>
ST_8 : Operation 78 [1/1] (2.28ns)   --->   "%icmp_ln36 = icmp_eq  i23 %trunc_ln36_2, i23 0" [cnn.cpp:36->cnn.cpp:117->cnn.cpp:386]   --->   Operation 78 'icmp' 'icmp_ln36' <Predicate = true> <Delay = 2.28> <CoreInst = "Cmp">   --->   Core 9 'Cmp' <Latency = 0> <II = 1> <Delay = 2.28> <FuncUnit> <Opcode : 'seteq' 'setne' 'setle' 'setge' 'setlt' 'setgt'> <InPorts = 2> <OutPorts = 1>
ST_8 : Operation 79 [1/1] (0.00ns) (grouped into LUT with out node v1)   --->   "%or_ln36 = or i1 %icmp_ln36, i1 %icmp_ln36_4" [cnn.cpp:36->cnn.cpp:117->cnn.cpp:386]   --->   Operation 79 'or' 'or_ln36' <Predicate = true> <Delay = 0.00> <CoreInst = "LogicGate">   --->   Core 74 'LogicGate' <Latency = 0> <II = 1> <Delay = 0.97> <FuncUnit> <Opcode : 'and' 'or' 'xor'> <InPorts = 2> <OutPorts = 1>
ST_8 : Operation 80 [1/2] (5.43ns)   --->   "%tmp_11 = fcmp_ogt  i32 %x_assign_3, i32 0" [cnn.cpp:36->cnn.cpp:117->cnn.cpp:386]   --->   Operation 80 'fcmp' 'tmp_11' <Predicate = true> <Delay = 5.43> <CoreInst = "FCompare">   --->   Core 19 'FCompare' <Latency = 1> <II = 1> <Delay = 5.43> <FuncUnit> <Opcode : 'fcmp'> <InPorts = 2> <OutPorts = 1>
ST_8 : Operation 81 [1/1] (0.00ns) (grouped into LUT with out node v1)   --->   "%and_ln36 = and i1 %or_ln36, i1 %tmp_11" [cnn.cpp:36->cnn.cpp:117->cnn.cpp:386]   --->   Operation 81 'and' 'and_ln36' <Predicate = true> <Delay = 0.00> <CoreInst = "LogicGate">   --->   Core 74 'LogicGate' <Latency = 0> <II = 1> <Delay = 0.97> <FuncUnit> <Opcode : 'and' 'or' 'xor'> <InPorts = 2> <OutPorts = 1>
ST_8 : Operation 82 [1/1] (0.97ns) (out node of the LUT)   --->   "%v1 = select i1 %and_ln36, i32 %x_assign_3, i32 0" [cnn.cpp:36->cnn.cpp:117->cnn.cpp:386]   --->   Operation 82 'select' 'v1' <Predicate = true> <Delay = 0.97> <CoreInst = "Sel">   --->   Core 73 'Sel' <Latency = 0> <II = 1> <Delay = 0.69> <FuncUnit> <Opcode : 'select'> <InPorts = 3> <OutPorts = 1>

State 9 <SV = 8> <Delay = 5.43>
ST_9 : Operation 83 [2/2] (5.43ns)   --->   "%tmp_14 = fcmp_ogt  i32 %v0, i32 %v1" [cnn.cpp:118->cnn.cpp:386]   --->   Operation 83 'fcmp' 'tmp_14' <Predicate = true> <Delay = 5.43> <CoreInst = "FCompare">   --->   Core 19 'FCompare' <Latency = 1> <II = 1> <Delay = 5.43> <FuncUnit> <Opcode : 'fcmp'> <InPorts = 2> <OutPorts = 1>
ST_9 : Operation 107 [1/1] (1.58ns)   --->   "%ret_ln0 = ret"   --->   Operation 107 'ret' 'ret_ln0' <Predicate = (icmp_ln113)> <Delay = 1.58>

State 10 <SV = 9> <Delay = 10.3>
ST_10 : Operation 84 [1/1] (0.00ns)   --->   "%specloopname_ln0 = specloopname void @_ssdm_op_SpecLoopName, void @VITIS_LOOP_113_1_VITIS_LOOP_114_2_str"   --->   Operation 84 'specloopname' 'specloopname_ln0' <Predicate = true> <Delay = 0.00>
ST_10 : Operation 85 [1/1] (0.00ns)   --->   "%speclooptripcount_ln0 = speclooptripcount void @_ssdm_op_SpecLoopTripCount, i64 744, i64 744, i64 744"   --->   Operation 85 'speclooptripcount' 'speclooptripcount_ln0' <Predicate = true> <Delay = 0.00>
ST_10 : Operation 86 [1/1] (0.00ns)   --->   "%zext_ln118 = zext i10 %add_ln118" [cnn.cpp:118->cnn.cpp:386]   --->   Operation 86 'zext' 'zext_ln118' <Predicate = true> <Delay = 0.00>
ST_10 : Operation 87 [1/1] (0.00ns)   --->   "%s1_pool_addr = getelementptr i32 %s1_pool, i64 0, i64 %zext_ln118" [cnn.cpp:118->cnn.cpp:386]   --->   Operation 87 'getelementptr' 's1_pool_addr' <Predicate = true> <Delay = 0.00>
ST_10 : Operation 88 [1/1] (0.00ns)   --->   "%specpipeline_ln115 = specpipeline void @_ssdm_op_SpecPipeline, i32 1, i32 0, i32 0, i32 0, void @empty_22" [cnn.cpp:115->cnn.cpp:386]   --->   Operation 88 'specpipeline' 'specpipeline_ln115' <Predicate = true> <Delay = 0.00>
ST_10 : Operation 89 [1/1] (0.00ns)   --->   "%bitcast_ln118 = bitcast i32 %v0" [cnn.cpp:118->cnn.cpp:386]   --->   Operation 89 'bitcast' 'bitcast_ln118' <Predicate = true> <Delay = 0.00>
ST_10 : Operation 90 [1/1] (0.00ns)   --->   "%tmp_12 = partselect i8 @_ssdm_op_PartSelect.i8.i32.i32.i32, i32 %bitcast_ln118, i32 23, i32 30" [cnn.cpp:118->cnn.cpp:386]   --->   Operation 90 'partselect' 'tmp_12' <Predicate = true> <Delay = 0.00>
ST_10 : Operation 91 [1/1] (0.00ns)   --->   "%trunc_ln118 = trunc i32 %bitcast_ln118" [cnn.cpp:118->cnn.cpp:386]   --->   Operation 91 'trunc' 'trunc_ln118' <Predicate = true> <Delay = 0.00>
ST_10 : Operation 92 [1/1] (0.00ns)   --->   "%bitcast_ln118_1 = bitcast i32 %v1" [cnn.cpp:118->cnn.cpp:386]   --->   Operation 92 'bitcast' 'bitcast_ln118_1' <Predicate = true> <Delay = 0.00>
ST_10 : Operation 93 [1/1] (0.00ns)   --->   "%tmp_13 = partselect i8 @_ssdm_op_PartSelect.i8.i32.i32.i32, i32 %bitcast_ln118_1, i32 23, i32 30" [cnn.cpp:118->cnn.cpp:386]   --->   Operation 93 'partselect' 'tmp_13' <Predicate = true> <Delay = 0.00>
ST_10 : Operation 94 [1/1] (0.00ns)   --->   "%trunc_ln118_1 = trunc i32 %bitcast_ln118_1" [cnn.cpp:118->cnn.cpp:386]   --->   Operation 94 'trunc' 'trunc_ln118_1' <Predicate = true> <Delay = 0.00>
ST_10 : Operation 95 [1/1] (1.91ns)   --->   "%icmp_ln118 = icmp_ne  i8 %tmp_12, i8 255" [cnn.cpp:118->cnn.cpp:386]   --->   Operation 95 'icmp' 'icmp_ln118' <Predicate = true> <Delay = 1.91> <CoreInst = "Cmp">   --->   Core 9 'Cmp' <Latency = 0> <II = 1> <Delay = 1.91> <FuncUnit> <Opcode : 'seteq' 'setne' 'setle' 'setge' 'setlt' 'setgt'> <InPorts = 2> <OutPorts = 1>
ST_10 : Operation 96 [1/1] (2.28ns)   --->   "%icmp_ln118_1 = icmp_eq  i23 %trunc_ln118, i23 0" [cnn.cpp:118->cnn.cpp:386]   --->   Operation 96 'icmp' 'icmp_ln118_1' <Predicate = true> <Delay = 2.28> <CoreInst = "Cmp">   --->   Core 9 'Cmp' <Latency = 0> <II = 1> <Delay = 2.28> <FuncUnit> <Opcode : 'seteq' 'setne' 'setle' 'setge' 'setlt' 'setgt'> <InPorts = 2> <OutPorts = 1>
ST_10 : Operation 97 [1/1] (0.00ns) (grouped into LUT with out node and_ln118_1)   --->   "%or_ln118 = or i1 %icmp_ln118_1, i1 %icmp_ln118" [cnn.cpp:118->cnn.cpp:386]   --->   Operation 97 'or' 'or_ln118' <Predicate = true> <Delay = 0.00> <CoreInst = "LogicGate">   --->   Core 74 'LogicGate' <Latency = 0> <II = 1> <Delay = 0.97> <FuncUnit> <Opcode : 'and' 'or' 'xor'> <InPorts = 2> <OutPorts = 1>
ST_10 : Operation 98 [1/1] (1.91ns)   --->   "%icmp_ln118_2 = icmp_ne  i8 %tmp_13, i8 255" [cnn.cpp:118->cnn.cpp:386]   --->   Operation 98 'icmp' 'icmp_ln118_2' <Predicate = true> <Delay = 1.91> <CoreInst = "Cmp">   --->   Core 9 'Cmp' <Latency = 0> <II = 1> <Delay = 1.91> <FuncUnit> <Opcode : 'seteq' 'setne' 'setle' 'setge' 'setlt' 'setgt'> <InPorts = 2> <OutPorts = 1>
ST_10 : Operation 99 [1/1] (2.28ns)   --->   "%icmp_ln118_3 = icmp_eq  i23 %trunc_ln118_1, i23 0" [cnn.cpp:118->cnn.cpp:386]   --->   Operation 99 'icmp' 'icmp_ln118_3' <Predicate = true> <Delay = 2.28> <CoreInst = "Cmp">   --->   Core 9 'Cmp' <Latency = 0> <II = 1> <Delay = 2.28> <FuncUnit> <Opcode : 'seteq' 'setne' 'setle' 'setge' 'setlt' 'setgt'> <InPorts = 2> <OutPorts = 1>
ST_10 : Operation 100 [1/1] (0.00ns) (grouped into LUT with out node and_ln118_1)   --->   "%or_ln118_1 = or i1 %icmp_ln118_3, i1 %icmp_ln118_2" [cnn.cpp:118->cnn.cpp:386]   --->   Operation 100 'or' 'or_ln118_1' <Predicate = true> <Delay = 0.00> <CoreInst = "LogicGate">   --->   Core 74 'LogicGate' <Latency = 0> <II = 1> <Delay = 0.97> <FuncUnit> <Opcode : 'and' 'or' 'xor'> <InPorts = 2> <OutPorts = 1>
ST_10 : Operation 101 [1/1] (0.00ns) (grouped into LUT with out node and_ln118_1)   --->   "%and_ln118 = and i1 %or_ln118, i1 %or_ln118_1" [cnn.cpp:118->cnn.cpp:386]   --->   Operation 101 'and' 'and_ln118' <Predicate = true> <Delay = 0.00> <CoreInst = "LogicGate">   --->   Core 74 'LogicGate' <Latency = 0> <II = 1> <Delay = 0.97> <FuncUnit> <Opcode : 'and' 'or' 'xor'> <InPorts = 2> <OutPorts = 1>
ST_10 : Operation 102 [1/2] (5.43ns)   --->   "%tmp_14 = fcmp_ogt  i32 %v0, i32 %v1" [cnn.cpp:118->cnn.cpp:386]   --->   Operation 102 'fcmp' 'tmp_14' <Predicate = true> <Delay = 5.43> <CoreInst = "FCompare">   --->   Core 19 'FCompare' <Latency = 1> <II = 1> <Delay = 5.43> <FuncUnit> <Opcode : 'fcmp'> <InPorts = 2> <OutPorts = 1>
ST_10 : Operation 103 [1/1] (0.97ns) (out node of the LUT)   --->   "%and_ln118_1 = and i1 %and_ln118, i1 %tmp_14" [cnn.cpp:118->cnn.cpp:386]   --->   Operation 103 'and' 'and_ln118_1' <Predicate = true> <Delay = 0.97> <CoreInst = "LogicGate">   --->   Core 74 'LogicGate' <Latency = 0> <II = 1> <Delay = 0.97> <FuncUnit> <Opcode : 'and' 'or' 'xor'> <InPorts = 2> <OutPorts = 1>
ST_10 : Operation 104 [1/1] (0.69ns) (out node of the LUT)   --->   "%select_ln118 = select i1 %and_ln118_1, i32 %v0, i32 %v1" [cnn.cpp:118->cnn.cpp:386]   --->   Operation 104 'select' 'select_ln118' <Predicate = true> <Delay = 0.69> <CoreInst = "Sel">   --->   Core 73 'Sel' <Latency = 0> <II = 1> <Delay = 0.69> <FuncUnit> <Opcode : 'select'> <InPorts = 3> <OutPorts = 1>
ST_10 : Operation 105 [1/1] ( I:3.25ns O:3.25ns )   --->   "%store_ln118 = store i32 %select_ln118, i10 %s1_pool_addr" [cnn.cpp:118->cnn.cpp:386]   --->   Operation 105 'store' 'store_ln118' <Predicate = true> <Delay = 3.25> <CoreInst = "RAM">   --->   Core 81 'RAM' <Latency = 1> <II = 1> <Delay = 3.25> <Storage> <Opcode : 'load' 'store'> <Ports = 2> <Width = 32> <Depth = 744> <RAM>
ST_10 : Operation 106 [1/1] (0.00ns)   --->   "%br_ln114 = br void %for.body4.i" [cnn.cpp:114->cnn.cpp:386]   --->   Operation 106 'br' 'br_ln114' <Predicate = true> <Delay = 0.00>


============================================================
+ Verbose Summary: Binding
============================================================
STG Binding: 
---------------- STG Properties BEGIN ----------------
- Is combinational: 0
- Is one-state seq: 0
- Is datapath-only: 0
- Is pipelined: 0
- Is top level: 0
Port [ Return ] is wired: 1; IO mode=ap_ctrl_hs:ce=0
Port [ s1_A_out]:  wired=1; compound=1; hidden=0; nouse=0; global=1; static=1; extern=0; dir=0; type=1; pingpong=0; private_global=0; MemPort=[11]; IO mode=ap_memory:ce=0
Port [ s1_B_out]:  wired=1; compound=1; hidden=0; nouse=0; global=1; static=1; extern=0; dir=0; type=1; pingpong=0; private_global=0; MemPort=[11]; IO mode=ap_memory:ce=0
Port [ s1_pool]:  wired=1; compound=1; hidden=0; nouse=0; global=1; static=1; extern=0; dir=1; type=1; pingpong=0; private_global=0; MemPort=[03]; IO mode=ap_memory:ce=0
---------------- STG Properties END ------------------

---------------- Datapath Model BEGIN ----------------

<LifeTime>
<method=bitvector/>
c                     (alloca           ) [ 01000000000]
t                     (alloca           ) [ 01000000000]
indvar_flatten31      (alloca           ) [ 01000000000]
store_ln0             (store            ) [ 00000000000]
store_ln113           (store            ) [ 00000000000]
store_ln114           (store            ) [ 00000000000]
br_ln0                (br               ) [ 00000000000]
indvar_flatten31_load (load             ) [ 00000000000]
icmp_ln113            (icmp             ) [ 01111111110]
add_ln113_1           (add              ) [ 00000000000]
br_ln113              (br               ) [ 00000000000]
c_load                (load             ) [ 00000000000]
t_load                (load             ) [ 00000000000]
add_ln113             (add              ) [ 00000000000]
icmp_ln114            (icmp             ) [ 00000000000]
select_ln113          (select           ) [ 00000000000]
select_ln113_1        (select           ) [ 00000000000]
tmp_23                (bitconcatenate   ) [ 00000000000]
tmp_24                (bitconcatenate   ) [ 00000000000]
zext_ln116_1          (zext             ) [ 00000000000]
zext_ln116_2          (zext             ) [ 00000000000]
tmp_25                (bitconcatenate   ) [ 00000000000]
zext_ln116            (zext             ) [ 00000000000]
s1_A_out_addr         (getelementptr    ) [ 01100000000]
add_ln117             (add              ) [ 00000000000]
zext_ln117            (zext             ) [ 00000000000]
s1_A_out_addr_1       (getelementptr    ) [ 01100000000]
s1_B_out_addr         (getelementptr    ) [ 01100000000]
s1_B_out_addr_1       (getelementptr    ) [ 01100000000]
add_ln118             (add              ) [ 01111111111]
add_ln114             (add              ) [ 00000000000]
store_ln113           (store            ) [ 00000000000]
store_ln113           (store            ) [ 00000000000]
store_ln114           (store            ) [ 00000000000]
s1_A_out_load         (load             ) [ 01011110000]
s1_B_out_load         (load             ) [ 01011110000]
s1_A_out_load_1       (load             ) [ 01011110000]
s1_B_out_load_1       (load             ) [ 01011110000]
x_assign_2            (fadd             ) [ 01000001100]
x_assign_3            (fadd             ) [ 01000001100]
bitcast_ln36_1        (bitcast          ) [ 00000000000]
tmp_9                 (partselect       ) [ 00000000000]
trunc_ln36            (trunc            ) [ 00000000000]
icmp_ln36_2           (icmp             ) [ 00000000000]
icmp_ln36_3           (icmp             ) [ 00000000000]
or_ln36_1             (or               ) [ 00000000000]
tmp_s                 (fcmp             ) [ 00000000000]
and_ln36_1            (and              ) [ 00000000000]
v0                    (select           ) [ 01000000011]
bitcast_ln36          (bitcast          ) [ 00000000000]
tmp_10                (partselect       ) [ 00000000000]
trunc_ln36_2          (trunc            ) [ 00000000000]
icmp_ln36_4           (icmp             ) [ 00000000000]
icmp_ln36             (icmp             ) [ 00000000000]
or_ln36               (or               ) [ 00000000000]
tmp_11                (fcmp             ) [ 00000000000]
and_ln36              (and              ) [ 00000000000]
v1                    (select           ) [ 01000000011]
specloopname_ln0      (specloopname     ) [ 00000000000]
speclooptripcount_ln0 (speclooptripcount) [ 00000000000]
zext_ln118            (zext             ) [ 00000000000]
s1_pool_addr          (getelementptr    ) [ 00000000000]
specpipeline_ln115    (specpipeline     ) [ 00000000000]
bitcast_ln118         (bitcast          ) [ 00000000000]
tmp_12                (partselect       ) [ 00000000000]
trunc_ln118           (trunc            ) [ 00000000000]
bitcast_ln118_1       (bitcast          ) [ 00000000000]
tmp_13                (partselect       ) [ 00000000000]
trunc_ln118_1         (trunc            ) [ 00000000000]
icmp_ln118            (icmp             ) [ 00000000000]
icmp_ln118_1          (icmp             ) [ 00000000000]
or_ln118              (or               ) [ 00000000000]
icmp_ln118_2          (icmp             ) [ 00000000000]
icmp_ln118_3          (icmp             ) [ 00000000000]
or_ln118_1            (or               ) [ 00000000000]
and_ln118             (and              ) [ 00000000000]
tmp_14                (fcmp             ) [ 00000000000]
and_ln118_1           (and              ) [ 00000000000]
select_ln118          (select           ) [ 00000000000]
store_ln118           (store            ) [ 00000000000]
br_ln114              (br               ) [ 00000000000]
ret_ln0               (ret              ) [ 00000000000]
</LifeTime>

<model>

<comp_list>
<comp id="0" class="1000" name="s1_A_out">
<pin_list>
<pin id="1" dir="1" index="0" bw="1" slack="0"/>
</pin_list>
<bind>
<StgValue><ssdm name="s1_A_out"/><MemPortTyVec>1 1 </MemPortTyVec>
</StgValue>
</bind>
</comp>

<comp id="2" class="1000" name="s1_B_out">
<pin_list>
<pin id="3" dir="1" index="0" bw="1" slack="0"/>
</pin_list>
<bind>
<StgValue><ssdm name="s1_B_out"/><MemPortTyVec>1 1 </MemPortTyVec>
</StgValue>
</bind>
</comp>

<comp id="4" class="1000" name="s1_pool">
<pin_list>
<pin id="5" dir="1" index="0" bw="1" slack="0"/>
</pin_list>
<bind>
<StgValue><ssdm name="s1_pool"/><MemPortTyVec>0 3 </MemPortTyVec>
</StgValue>
</bind>
</comp>

<comp id="6" class="1001" name="const_6">
<pin_list>
<pin id="7" dir="1" index="0" bw="1" slack="0"/>
</pin_list>
<bind>
<StgValue><ssdm name=""/></StgValue>
</bind>
</comp>

<comp id="8" class="1001" name="const_8">
<pin_list>
<pin id="9" dir="1" index="0" bw="1" slack="0"/>
</pin_list>
<bind>
<StgValue><ssdm name=""/></StgValue>
</bind>
</comp>

<comp id="10" class="1001" name="const_10">
<pin_list>
<pin id="11" dir="1" index="0" bw="1" slack="0"/>
</pin_list>
<bind>
<StgValue><ssdm name=""/></StgValue>
</bind>
</comp>

<comp id="12" class="1001" name="const_12">
<pin_list>
<pin id="13" dir="1" index="0" bw="1" slack="0"/>
</pin_list>
<bind>
<StgValue><ssdm name=""/></StgValue>
</bind>
</comp>

<comp id="14" class="1001" name="const_14">
<pin_list>
<pin id="15" dir="1" index="0" bw="1" slack="0"/>
</pin_list>
<bind>
<StgValue><ssdm name=""/></StgValue>
</bind>
</comp>

<comp id="16" class="1001" name="const_16">
<pin_list>
<pin id="17" dir="1" index="0" bw="1" slack="0"/>
</pin_list>
<bind>
<StgValue><ssdm name=""/></StgValue>
</bind>
</comp>

<comp id="18" class="1001" name="const_18">
<pin_list>
<pin id="19" dir="1" index="0" bw="1" slack="0"/>
</pin_list>
<bind>
<StgValue><ssdm name=""/></StgValue>
</bind>
</comp>

<comp id="20" class="1001" name="const_20">
<pin_list>
<pin id="21" dir="1" index="0" bw="1" slack="0"/>
</pin_list>
<bind>
<StgValue><ssdm name=""/></StgValue>
</bind>
</comp>

<comp id="22" class="1001" name="const_22">
<pin_list>
<pin id="23" dir="1" index="0" bw="1" slack="0"/>
</pin_list>
<bind>
<StgValue><ssdm name="_ssdm_op_BitConcatenate.i10.i7.i3"/></StgValue>
</bind>
</comp>

<comp id="24" class="1001" name="const_24">
<pin_list>
<pin id="25" dir="1" index="0" bw="1" slack="0"/>
</pin_list>
<bind>
<StgValue><ssdm name=""/></StgValue>
</bind>
</comp>

<comp id="26" class="1001" name="const_26">
<pin_list>
<pin id="27" dir="1" index="0" bw="1" slack="0"/>
</pin_list>
<bind>
<StgValue><ssdm name="_ssdm_op_BitConcatenate.i11.i7.i4"/></StgValue>
</bind>
</comp>

<comp id="28" class="1001" name="const_28">
<pin_list>
<pin id="29" dir="1" index="0" bw="1" slack="0"/>
</pin_list>
<bind>
<StgValue><ssdm name=""/></StgValue>
</bind>
</comp>

<comp id="30" class="1001" name="const_30">
<pin_list>
<pin id="31" dir="1" index="0" bw="1" slack="0"/>
</pin_list>
<bind>
<StgValue><ssdm name=""/></StgValue>
</bind>
</comp>

<comp id="32" class="1001" name="const_32">
<pin_list>
<pin id="33" dir="1" index="0" bw="1" slack="0"/>
</pin_list>
<bind>
<StgValue><ssdm name=""/></StgValue>
</bind>
</comp>

<comp id="34" class="1001" name="const_34">
<pin_list>
<pin id="35" dir="1" index="0" bw="1" slack="0"/>
</pin_list>
<bind>
<StgValue><ssdm name="_ssdm_op_PartSelect.i8.i32.i32.i32"/></StgValue>
</bind>
</comp>

<comp id="36" class="1001" name="const_36">
<pin_list>
<pin id="37" dir="1" index="0" bw="1" slack="0"/>
</pin_list>
<bind>
<StgValue><ssdm name=""/></StgValue>
</bind>
</comp>

<comp id="38" class="1001" name="const_38">
<pin_list>
<pin id="39" dir="1" index="0" bw="1" slack="0"/>
</pin_list>
<bind>
<StgValue><ssdm name=""/></StgValue>
</bind>
</comp>

<comp id="40" class="1001" name="const_40">
<pin_list>
<pin id="41" dir="1" index="0" bw="1" slack="0"/>
</pin_list>
<bind>
<StgValue><ssdm name=""/></StgValue>
</bind>
</comp>

<comp id="42" class="1001" name="const_42">
<pin_list>
<pin id="43" dir="1" index="0" bw="1" slack="0"/>
</pin_list>
<bind>
<StgValue><ssdm name=""/></StgValue>
</bind>
</comp>

<comp id="44" class="1001" name="const_44">
<pin_list>
<pin id="45" dir="1" index="0" bw="1" slack="2147483647"/>
</pin_list>
<bind>
<StgValue><ssdm name="_ssdm_op_SpecLoopName"/></StgValue>
</bind>
</comp>

<comp id="46" class="1001" name="const_46">
<pin_list>
<pin id="47" dir="1" index="0" bw="1" slack="2147483647"/>
</pin_list>
<bind>
<StgValue><ssdm name="VITIS_LOOP_113_1_VITIS_LOOP_114_2_str"/></StgValue>
</bind>
</comp>

<comp id="48" class="1001" name="const_48">
<pin_list>
<pin id="49" dir="1" index="0" bw="1" slack="2147483647"/>
</pin_list>
<bind>
<StgValue><ssdm name="_ssdm_op_SpecLoopTripCount"/></StgValue>
</bind>
</comp>

<comp id="50" class="1001" name="const_50">
<pin_list>
<pin id="51" dir="1" index="0" bw="1" slack="2147483647"/>
</pin_list>
<bind>
<StgValue><ssdm name=""/></StgValue>
</bind>
</comp>

<comp id="52" class="1001" name="const_52">
<pin_list>
<pin id="53" dir="1" index="0" bw="1" slack="2147483647"/>
</pin_list>
<bind>
<StgValue><ssdm name="_ssdm_op_SpecPipeline"/></StgValue>
</bind>
</comp>

<comp id="54" class="1001" name="const_54">
<pin_list>
<pin id="55" dir="1" index="0" bw="1" slack="2147483647"/>
</pin_list>
<bind>
<StgValue><ssdm name=""/></StgValue>
</bind>
</comp>

<comp id="56" class="1001" name="const_56">
<pin_list>
<pin id="57" dir="1" index="0" bw="1" slack="2147483647"/>
</pin_list>
<bind>
<StgValue><ssdm name="empty_22"/></StgValue>
</bind>
</comp>

<comp id="58" class="1004" name="c_fu_58">
<pin_list>
<pin id="59" dir="0" index="0" bw="1" slack="0"/>
<pin id="60" dir="1" index="1" bw="4" slack="0"/>
</pin_list>
<bind>
<opcode="alloca(26) " fcode="alloca"/>
<opset="c/1 "/>
</bind>
</comp>

<comp id="62" class="1004" name="t_fu_62">
<pin_list>
<pin id="63" dir="0" index="0" bw="1" slack="0"/>
<pin id="64" dir="1" index="1" bw="7" slack="0"/>
</pin_list>
<bind>
<opcode="alloca(26) " fcode="alloca"/>
<opset="t/1 "/>
</bind>
</comp>

<comp id="66" class="1004" name="indvar_flatten31_fu_66">
<pin_list>
<pin id="67" dir="0" index="0" bw="1" slack="0"/>
<pin id="68" dir="1" index="1" bw="10" slack="0"/>
</pin_list>
<bind>
<opcode="alloca(26) " fcode="alloca"/>
<opset="indvar_flatten31/1 "/>
</bind>
</comp>

<comp id="70" class="1004" name="s1_A_out_addr_gep_fu_70">
<pin_list>
<pin id="71" dir="0" index="0" bw="32" slack="0"/>
<pin id="72" dir="0" index="1" bw="1" slack="0"/>
<pin id="73" dir="0" index="2" bw="11" slack="0"/>
<pin id="74" dir="1" index="3" bw="11" slack="0"/>
</pin_list>
<bind>
<opcode="getelementptr(29) " fcode="getelementptr"/>
<opset="s1_A_out_addr/1 "/>
</bind>
</comp>

<comp id="77" class="1004" name="s1_A_out_addr_1_gep_fu_77">
<pin_list>
<pin id="78" dir="0" index="0" bw="32" slack="0"/>
<pin id="79" dir="0" index="1" bw="1" slack="0"/>
<pin id="80" dir="0" index="2" bw="11" slack="0"/>
<pin id="81" dir="1" index="3" bw="11" slack="0"/>
</pin_list>
<bind>
<opcode="getelementptr(29) " fcode="getelementptr"/>
<opset="s1_A_out_addr_1/1 "/>
</bind>
</comp>

<comp id="84" class="1004" name="s1_B_out_addr_gep_fu_84">
<pin_list>
<pin id="85" dir="0" index="0" bw="32" slack="0"/>
<pin id="86" dir="0" index="1" bw="1" slack="0"/>
<pin id="87" dir="0" index="2" bw="11" slack="0"/>
<pin id="88" dir="1" index="3" bw="11" slack="0"/>
</pin_list>
<bind>
<opcode="getelementptr(29) " fcode="getelementptr"/>
<opset="s1_B_out_addr/1 "/>
</bind>
</comp>

<comp id="91" class="1004" name="s1_B_out_addr_1_gep_fu_91">
<pin_list>
<pin id="92" dir="0" index="0" bw="32" slack="0"/>
<pin id="93" dir="0" index="1" bw="1" slack="0"/>
<pin id="94" dir="0" index="2" bw="11" slack="0"/>
<pin id="95" dir="1" index="3" bw="11" slack="0"/>
</pin_list>
<bind>
<opcode="getelementptr(29) " fcode="getelementptr"/>
<opset="s1_B_out_addr_1/1 "/>
</bind>
</comp>

<comp id="98" class="1004" name="grp_access_fu_98">
<pin_list>
<pin id="99" dir="0" index="0" bw="11" slack="0"/>
<pin id="100" dir="0" index="1" bw="32" slack="2147483647"/>
<pin id="101" dir="0" index="2" bw="0" slack="0"/>
<pin id="103" dir="0" index="4" bw="11" slack="2147483647"/>
<pin id="104" dir="0" index="5" bw="32" slack="2147483647"/>
<pin id="105" dir="0" index="6" bw="0" slack="2147483647"/>
<pin id="102" dir="1" index="3" bw="32" slack="1"/>
<pin id="106" dir="1" index="7" bw="32" slack="1"/>
</pin_list>
<bind>
<opcode="load(27) " fcode="load"/>
<opset="s1_A_out_load/1 s1_A_out_load_1/1 "/>
</bind>
</comp>

<comp id="108" class="1004" name="grp_access_fu_108">
<pin_list>
<pin id="109" dir="0" index="0" bw="11" slack="0"/>
<pin id="110" dir="0" index="1" bw="32" slack="2147483647"/>
<pin id="111" dir="0" index="2" bw="0" slack="0"/>
<pin id="113" dir="0" index="4" bw="11" slack="2147483647"/>
<pin id="114" dir="0" index="5" bw="32" slack="2147483647"/>
<pin id="115" dir="0" index="6" bw="0" slack="2147483647"/>
<pin id="112" dir="1" index="3" bw="32" slack="1"/>
<pin id="116" dir="1" index="7" bw="32" slack="1"/>
</pin_list>
<bind>
<opcode="load(27) " fcode="load"/>
<opset="s1_B_out_load/1 s1_B_out_load_1/1 "/>
</bind>
</comp>

<comp id="120" class="1004" name="s1_pool_addr_gep_fu_120">
<pin_list>
<pin id="121" dir="0" index="0" bw="32" slack="0"/>
<pin id="122" dir="0" index="1" bw="1" slack="0"/>
<pin id="123" dir="0" index="2" bw="10" slack="0"/>
<pin id="124" dir="1" index="3" bw="10" slack="0"/>
</pin_list>
<bind>
<opcode="getelementptr(29) " fcode="getelementptr"/>
<opset="s1_pool_addr/10 "/>
</bind>
</comp>

<comp id="127" class="1004" name="store_ln118_access_fu_127">
<pin_list>
<pin id="128" dir="0" index="0" bw="10" slack="0"/>
<pin id="129" dir="0" index="1" bw="32" slack="0"/>
<pin id="130" dir="0" index="2" bw="0" slack="2147483647"/>
<pin id="131" dir="1" index="3" bw="32" slack="2147483647"/>
</pin_list>
<bind>
<opcode="store(28) " fcode="store"/>
<opset="store_ln118/10 "/>
</bind>
</comp>

<comp id="133" class="1004" name="grp_fu_133">
<pin_list>
<pin id="134" dir="0" index="0" bw="32" slack="1"/>
<pin id="135" dir="0" index="1" bw="32" slack="1"/>
<pin id="136" dir="1" index="2" bw="32" slack="1"/>
</pin_list>
<bind>
<opcode="fadd(9) " fcode="fadd"/>
<opset="x_assign_2/3 "/>
</bind>
</comp>

<comp id="137" class="1004" name="grp_fu_137">
<pin_list>
<pin id="138" dir="0" index="0" bw="32" slack="1"/>
<pin id="139" dir="0" index="1" bw="32" slack="1"/>
<pin id="140" dir="1" index="2" bw="32" slack="1"/>
</pin_list>
<bind>
<opcode="fadd(9) " fcode="fadd"/>
<opset="x_assign_3/3 "/>
</bind>
</comp>

<comp id="141" class="1004" name="grp_fu_141">
<pin_list>
<pin id="142" dir="0" index="0" bw="32" slack="1"/>
<pin id="143" dir="0" index="1" bw="32" slack="0"/>
<pin id="144" dir="1" index="2" bw="1" slack="0"/>
</pin_list>
<bind>
<opcode="fcmp(46) " fcode="fcmp"/>
<opset="tmp_s/7 "/>
</bind>
</comp>

<comp id="146" class="1004" name="grp_fu_146">
<pin_list>
<pin id="147" dir="0" index="0" bw="32" slack="1"/>
<pin id="148" dir="0" index="1" bw="32" slack="0"/>
<pin id="149" dir="1" index="2" bw="1" slack="0"/>
</pin_list>
<bind>
<opcode="fcmp(46) " fcode="fcmp"/>
<opset="tmp_11/7 "/>
</bind>
</comp>

<comp id="151" class="1004" name="grp_fu_151">
<pin_list>
<pin id="152" dir="0" index="0" bw="32" slack="1"/>
<pin id="153" dir="0" index="1" bw="32" slack="1"/>
<pin id="154" dir="1" index="2" bw="1" slack="0"/>
</pin_list>
<bind>
<opcode="fcmp(46) " fcode="fcmp"/>
<opset="tmp_14/9 "/>
</bind>
</comp>

<comp id="155" class="1004" name="store_ln0_store_fu_155">
<pin_list>
<pin id="156" dir="0" index="0" bw="1" slack="0"/>
<pin id="157" dir="0" index="1" bw="10" slack="0"/>
<pin id="158" dir="1" index="2" bw="0" slack="2147483647"/>
</pin_list>
<bind>
<opcode="store(28) " fcode="store"/>
<opset="store_ln0/1 "/>
</bind>
</comp>

<comp id="160" class="1004" name="store_ln113_store_fu_160">
<pin_list>
<pin id="161" dir="0" index="0" bw="1" slack="0"/>
<pin id="162" dir="0" index="1" bw="7" slack="0"/>
<pin id="163" dir="1" index="2" bw="0" slack="2147483647"/>
</pin_list>
<bind>
<opcode="store(28) " fcode="store"/>
<opset="store_ln113/1 "/>
</bind>
</comp>

<comp id="165" class="1004" name="store_ln114_store_fu_165">
<pin_list>
<pin id="166" dir="0" index="0" bw="1" slack="0"/>
<pin id="167" dir="0" index="1" bw="4" slack="0"/>
<pin id="168" dir="1" index="2" bw="0" slack="2147483647"/>
</pin_list>
<bind>
<opcode="store(28) " fcode="store"/>
<opset="store_ln114/1 "/>
</bind>
</comp>

<comp id="170" class="1004" name="indvar_flatten31_load_load_fu_170">
<pin_list>
<pin id="171" dir="0" index="0" bw="10" slack="0"/>
<pin id="172" dir="1" index="1" bw="10" slack="0"/>
</pin_list>
<bind>
<opcode="load(27) " fcode="load"/>
<opset="indvar_flatten31_load/1 "/>
</bind>
</comp>

<comp id="173" class="1004" name="icmp_ln113_fu_173">
<pin_list>
<pin id="174" dir="0" index="0" bw="10" slack="0"/>
<pin id="175" dir="0" index="1" bw="10" slack="0"/>
<pin id="176" dir="1" index="2" bw="1" slack="8"/>
</pin_list>
<bind>
<opcode="icmp(45) " fcode="icmp"/>
<opset="icmp_ln113/1 "/>
</bind>
</comp>

<comp id="179" class="1004" name="add_ln113_1_fu_179">
<pin_list>
<pin id="180" dir="0" index="0" bw="10" slack="0"/>
<pin id="181" dir="0" index="1" bw="1" slack="0"/>
<pin id="182" dir="1" index="2" bw="10" slack="0"/>
</pin_list>
<bind>
<opcode="add(8) " fcode="add"/>
<opset="add_ln113_1/1 "/>
</bind>
</comp>

<comp id="185" class="1004" name="c_load_load_fu_185">
<pin_list>
<pin id="186" dir="0" index="0" bw="4" slack="0"/>
<pin id="187" dir="1" index="1" bw="4" slack="0"/>
</pin_list>
<bind>
<opcode="load(27) " fcode="load"/>
<opset="c_load/1 "/>
</bind>
</comp>

<comp id="188" class="1004" name="t_load_load_fu_188">
<pin_list>
<pin id="189" dir="0" index="0" bw="7" slack="0"/>
<pin id="190" dir="1" index="1" bw="7" slack="0"/>
</pin_list>
<bind>
<opcode="load(27) " fcode="load"/>
<opset="t_load/1 "/>
</bind>
</comp>

<comp id="191" class="1004" name="add_ln113_fu_191">
<pin_list>
<pin id="192" dir="0" index="0" bw="7" slack="0"/>
<pin id="193" dir="0" index="1" bw="1" slack="0"/>
<pin id="194" dir="1" index="2" bw="7" slack="0"/>
</pin_list>
<bind>
<opcode="add(8) " fcode="add"/>
<opset="add_ln113/1 "/>
</bind>
</comp>

<comp id="197" class="1004" name="icmp_ln114_fu_197">
<pin_list>
<pin id="198" dir="0" index="0" bw="4" slack="0"/>
<pin id="199" dir="0" index="1" bw="4" slack="0"/>
<pin id="200" dir="1" index="2" bw="1" slack="0"/>
</pin_list>
<bind>
<opcode="icmp(45) " fcode="icmp"/>
<opset="icmp_ln114/1 "/>
</bind>
</comp>

<comp id="203" class="1004" name="select_ln113_fu_203">
<pin_list>
<pin id="204" dir="0" index="0" bw="1" slack="0"/>
<pin id="205" dir="0" index="1" bw="1" slack="0"/>
<pin id="206" dir="0" index="2" bw="4" slack="0"/>
<pin id="207" dir="1" index="3" bw="4" slack="0"/>
</pin_list>
<bind>
<opcode="select(49) " fcode="select"/>
<opset="select_ln113/1 "/>
</bind>
</comp>

<comp id="211" class="1004" name="select_ln113_1_fu_211">
<pin_list>
<pin id="212" dir="0" index="0" bw="1" slack="0"/>
<pin id="213" dir="0" index="1" bw="7" slack="0"/>
<pin id="214" dir="0" index="2" bw="7" slack="0"/>
<pin id="215" dir="1" index="3" bw="7" slack="0"/>
</pin_list>
<bind>
<opcode="select(49) " fcode="select"/>
<opset="select_ln113_1/1 "/>
</bind>
</comp>

<comp id="219" class="1004" name="tmp_23_fu_219">
<pin_list>
<pin id="220" dir="0" index="0" bw="10" slack="0"/>
<pin id="221" dir="0" index="1" bw="7" slack="0"/>
<pin id="222" dir="0" index="2" bw="1" slack="0"/>
<pin id="223" dir="1" index="3" bw="10" slack="0"/>
</pin_list>
<bind>
<opcode="bitconcatenate(1004) " fcode="bitconcatenate"/>
<opset="tmp_23/1 "/>
</bind>
</comp>

<comp id="227" class="1004" name="tmp_24_fu_227">
<pin_list>
<pin id="228" dir="0" index="0" bw="11" slack="0"/>
<pin id="229" dir="0" index="1" bw="7" slack="0"/>
<pin id="230" dir="0" index="2" bw="4" slack="0"/>
<pin id="231" dir="1" index="3" bw="11" slack="0"/>
</pin_list>
<bind>
<opcode="bitconcatenate(1004) " fcode="bitconcatenate"/>
<opset="tmp_24/1 "/>
</bind>
</comp>

<comp id="235" class="1004" name="zext_ln116_1_fu_235">
<pin_list>
<pin id="236" dir="0" index="0" bw="4" slack="0"/>
<pin id="237" dir="1" index="1" bw="10" slack="0"/>
</pin_list>
<bind>
<opcode="zext(34) " fcode="zext"/>
<opset="zext_ln116_1/1 "/>
</bind>
</comp>

<comp id="239" class="1004" name="zext_ln116_2_fu_239">
<pin_list>
<pin id="240" dir="0" index="0" bw="4" slack="0"/>
<pin id="241" dir="1" index="1" bw="11" slack="0"/>
</pin_list>
<bind>
<opcode="zext(34) " fcode="zext"/>
<opset="zext_ln116_2/1 "/>
</bind>
</comp>

<comp id="243" class="1004" name="tmp_25_fu_243">
<pin_list>
<pin id="244" dir="0" index="0" bw="11" slack="0"/>
<pin id="245" dir="0" index="1" bw="7" slack="0"/>
<pin id="246" dir="0" index="2" bw="4" slack="0"/>
<pin id="247" dir="1" index="3" bw="11" slack="0"/>
</pin_list>
<bind>
<opcode="bitconcatenate(1004) " fcode="bitconcatenate"/>
<opset="tmp_25/1 "/>
</bind>
</comp>

<comp id="251" class="1004" name="zext_ln116_fu_251">
<pin_list>
<pin id="252" dir="0" index="0" bw="11" slack="0"/>
<pin id="253" dir="1" index="1" bw="64" slack="0"/>
</pin_list>
<bind>
<opcode="zext(34) " fcode="zext"/>
<opset="zext_ln116/1 "/>
</bind>
</comp>

<comp id="257" class="1004" name="add_ln117_fu_257">
<pin_list>
<pin id="258" dir="0" index="0" bw="11" slack="0"/>
<pin id="259" dir="0" index="1" bw="4" slack="0"/>
<pin id="260" dir="1" index="2" bw="11" slack="0"/>
</pin_list>
<bind>
<opcode="add(8) " fcode="add"/>
<opset="add_ln117/1 "/>
</bind>
</comp>

<comp id="263" class="1004" name="zext_ln117_fu_263">
<pin_list>
<pin id="264" dir="0" index="0" bw="11" slack="0"/>
<pin id="265" dir="1" index="1" bw="64" slack="0"/>
</pin_list>
<bind>
<opcode="zext(34) " fcode="zext"/>
<opset="zext_ln117/1 "/>
</bind>
</comp>

<comp id="269" class="1004" name="add_ln118_fu_269">
<pin_list>
<pin id="270" dir="0" index="0" bw="10" slack="0"/>
<pin id="271" dir="0" index="1" bw="4" slack="0"/>
<pin id="272" dir="1" index="2" bw="10" slack="9"/>
</pin_list>
<bind>
<opcode="add(8) " fcode="add"/>
<opset="add_ln118/1 "/>
</bind>
</comp>

<comp id="275" class="1004" name="add_ln114_fu_275">
<pin_list>
<pin id="276" dir="0" index="0" bw="4" slack="0"/>
<pin id="277" dir="0" index="1" bw="1" slack="0"/>
<pin id="278" dir="1" index="2" bw="4" slack="0"/>
</pin_list>
<bind>
<opcode="add(8) " fcode="add"/>
<opset="add_ln114/1 "/>
</bind>
</comp>

<comp id="281" class="1004" name="store_ln113_store_fu_281">
<pin_list>
<pin id="282" dir="0" index="0" bw="10" slack="0"/>
<pin id="283" dir="0" index="1" bw="10" slack="0"/>
<pin id="284" dir="1" index="2" bw="0" slack="2147483647"/>
</pin_list>
<bind>
<opcode="store(28) " fcode="store"/>
<opset="store_ln113/1 "/>
</bind>
</comp>

<comp id="286" class="1004" name="store_ln113_store_fu_286">
<pin_list>
<pin id="287" dir="0" index="0" bw="7" slack="0"/>
<pin id="288" dir="0" index="1" bw="7" slack="0"/>
<pin id="289" dir="1" index="2" bw="0" slack="2147483647"/>
</pin_list>
<bind>
<opcode="store(28) " fcode="store"/>
<opset="store_ln113/1 "/>
</bind>
</comp>

<comp id="291" class="1004" name="store_ln114_store_fu_291">
<pin_list>
<pin id="292" dir="0" index="0" bw="4" slack="0"/>
<pin id="293" dir="0" index="1" bw="4" slack="0"/>
<pin id="294" dir="1" index="2" bw="0" slack="2147483647"/>
</pin_list>
<bind>
<opcode="store(28) " fcode="store"/>
<opset="store_ln114/1 "/>
</bind>
</comp>

<comp id="296" class="1004" name="bitcast_ln36_1_fu_296">
<pin_list>
<pin id="297" dir="0" index="0" bw="32" slack="2"/>
<pin id="298" dir="1" index="1" bw="32" slack="0"/>
</pin_list>
<bind>
<opcode="bitcast(44) " fcode="bitcast"/>
<opset="bitcast_ln36_1/8 "/>
</bind>
</comp>

<comp id="299" class="1004" name="tmp_9_fu_299">
<pin_list>
<pin id="300" dir="0" index="0" bw="8" slack="0"/>
<pin id="301" dir="0" index="1" bw="32" slack="0"/>
<pin id="302" dir="0" index="2" bw="6" slack="0"/>
<pin id="303" dir="0" index="3" bw="6" slack="0"/>
<pin id="304" dir="1" index="4" bw="8" slack="0"/>
</pin_list>
<bind>
<opcode="partselect(1002) " fcode="partselect"/>
<opset="tmp_9/8 "/>
</bind>
</comp>

<comp id="309" class="1004" name="trunc_ln36_fu_309">
<pin_list>
<pin id="310" dir="0" index="0" bw="32" slack="0"/>
<pin id="311" dir="1" index="1" bw="23" slack="0"/>
</pin_list>
<bind>
<opcode="trunc(33) " fcode="trunc"/>
<opset="trunc_ln36/8 "/>
</bind>
</comp>

<comp id="313" class="1004" name="icmp_ln36_2_fu_313">
<pin_list>
<pin id="314" dir="0" index="0" bw="8" slack="0"/>
<pin id="315" dir="0" index="1" bw="1" slack="0"/>
<pin id="316" dir="1" index="2" bw="1" slack="0"/>
</pin_list>
<bind>
<opcode="icmp(45) " fcode="icmp"/>
<opset="icmp_ln36_2/8 "/>
</bind>
</comp>

<comp id="319" class="1004" name="icmp_ln36_3_fu_319">
<pin_list>
<pin id="320" dir="0" index="0" bw="23" slack="0"/>
<pin id="321" dir="0" index="1" bw="1" slack="0"/>
<pin id="322" dir="1" index="2" bw="1" slack="0"/>
</pin_list>
<bind>
<opcode="icmp(45) " fcode="icmp"/>
<opset="icmp_ln36_3/8 "/>
</bind>
</comp>

<comp id="325" class="1004" name="or_ln36_1_fu_325">
<pin_list>
<pin id="326" dir="0" index="0" bw="1" slack="0"/>
<pin id="327" dir="0" index="1" bw="1" slack="0"/>
<pin id="328" dir="1" index="2" bw="1" slack="0"/>
</pin_list>
<bind>
<opcode="or(24) " fcode="or"/>
<opset="or_ln36_1/8 "/>
</bind>
</comp>

<comp id="331" class="1004" name="and_ln36_1_fu_331">
<pin_list>
<pin id="332" dir="0" index="0" bw="1" slack="0"/>
<pin id="333" dir="0" index="1" bw="1" slack="0"/>
<pin id="334" dir="1" index="2" bw="1" slack="0"/>
</pin_list>
<bind>
<opcode="and(23) " fcode="and"/>
<opset="and_ln36_1/8 "/>
</bind>
</comp>

<comp id="337" class="1004" name="v0_fu_337">
<pin_list>
<pin id="338" dir="0" index="0" bw="1" slack="0"/>
<pin id="339" dir="0" index="1" bw="32" slack="2"/>
<pin id="340" dir="0" index="2" bw="32" slack="0"/>
<pin id="341" dir="1" index="3" bw="32" slack="1"/>
</pin_list>
<bind>
<opcode="select(49) " fcode="select"/>
<opset="v0/8 "/>
</bind>
</comp>

<comp id="344" class="1004" name="bitcast_ln36_fu_344">
<pin_list>
<pin id="345" dir="0" index="0" bw="32" slack="2"/>
<pin id="346" dir="1" index="1" bw="32" slack="0"/>
</pin_list>
<bind>
<opcode="bitcast(44) " fcode="bitcast"/>
<opset="bitcast_ln36/8 "/>
</bind>
</comp>

<comp id="347" class="1004" name="tmp_10_fu_347">
<pin_list>
<pin id="348" dir="0" index="0" bw="8" slack="0"/>
<pin id="349" dir="0" index="1" bw="32" slack="0"/>
<pin id="350" dir="0" index="2" bw="6" slack="0"/>
<pin id="351" dir="0" index="3" bw="6" slack="0"/>
<pin id="352" dir="1" index="4" bw="8" slack="0"/>
</pin_list>
<bind>
<opcode="partselect(1002) " fcode="partselect"/>
<opset="tmp_10/8 "/>
</bind>
</comp>

<comp id="357" class="1004" name="trunc_ln36_2_fu_357">
<pin_list>
<pin id="358" dir="0" index="0" bw="32" slack="0"/>
<pin id="359" dir="1" index="1" bw="23" slack="0"/>
</pin_list>
<bind>
<opcode="trunc(33) " fcode="trunc"/>
<opset="trunc_ln36_2/8 "/>
</bind>
</comp>

<comp id="361" class="1004" name="icmp_ln36_4_fu_361">
<pin_list>
<pin id="362" dir="0" index="0" bw="8" slack="0"/>
<pin id="363" dir="0" index="1" bw="1" slack="0"/>
<pin id="364" dir="1" index="2" bw="1" slack="0"/>
</pin_list>
<bind>
<opcode="icmp(45) " fcode="icmp"/>
<opset="icmp_ln36_4/8 "/>
</bind>
</comp>

<comp id="367" class="1004" name="icmp_ln36_fu_367">
<pin_list>
<pin id="368" dir="0" index="0" bw="23" slack="0"/>
<pin id="369" dir="0" index="1" bw="1" slack="0"/>
<pin id="370" dir="1" index="2" bw="1" slack="0"/>
</pin_list>
<bind>
<opcode="icmp(45) " fcode="icmp"/>
<opset="icmp_ln36/8 "/>
</bind>
</comp>

<comp id="373" class="1004" name="or_ln36_fu_373">
<pin_list>
<pin id="374" dir="0" index="0" bw="1" slack="0"/>
<pin id="375" dir="0" index="1" bw="1" slack="0"/>
<pin id="376" dir="1" index="2" bw="1" slack="0"/>
</pin_list>
<bind>
<opcode="or(24) " fcode="or"/>
<opset="or_ln36/8 "/>
</bind>
</comp>

<comp id="379" class="1004" name="and_ln36_fu_379">
<pin_list>
<pin id="380" dir="0" index="0" bw="1" slack="0"/>
<pin id="381" dir="0" index="1" bw="1" slack="0"/>
<pin id="382" dir="1" index="2" bw="1" slack="0"/>
</pin_list>
<bind>
<opcode="and(23) " fcode="and"/>
<opset="and_ln36/8 "/>
</bind>
</comp>

<comp id="385" class="1004" name="v1_fu_385">
<pin_list>
<pin id="386" dir="0" index="0" bw="1" slack="0"/>
<pin id="387" dir="0" index="1" bw="32" slack="2"/>
<pin id="388" dir="0" index="2" bw="32" slack="0"/>
<pin id="389" dir="1" index="3" bw="32" slack="1"/>
</pin_list>
<bind>
<opcode="select(49) " fcode="select"/>
<opset="v1/8 "/>
</bind>
</comp>

<comp id="392" class="1004" name="zext_ln118_fu_392">
<pin_list>
<pin id="393" dir="0" index="0" bw="10" slack="9"/>
<pin id="394" dir="1" index="1" bw="64" slack="0"/>
</pin_list>
<bind>
<opcode="zext(34) " fcode="zext"/>
<opset="zext_ln118/10 "/>
</bind>
</comp>

<comp id="396" class="1004" name="bitcast_ln118_fu_396">
<pin_list>
<pin id="397" dir="0" index="0" bw="32" slack="2"/>
<pin id="398" dir="1" index="1" bw="32" slack="0"/>
</pin_list>
<bind>
<opcode="bitcast(44) " fcode="bitcast"/>
<opset="bitcast_ln118/10 "/>
</bind>
</comp>

<comp id="399" class="1004" name="tmp_12_fu_399">
<pin_list>
<pin id="400" dir="0" index="0" bw="8" slack="0"/>
<pin id="401" dir="0" index="1" bw="32" slack="0"/>
<pin id="402" dir="0" index="2" bw="6" slack="0"/>
<pin id="403" dir="0" index="3" bw="6" slack="0"/>
<pin id="404" dir="1" index="4" bw="8" slack="0"/>
</pin_list>
<bind>
<opcode="partselect(1002) " fcode="partselect"/>
<opset="tmp_12/10 "/>
</bind>
</comp>

<comp id="409" class="1004" name="trunc_ln118_fu_409">
<pin_list>
<pin id="410" dir="0" index="0" bw="32" slack="0"/>
<pin id="411" dir="1" index="1" bw="23" slack="0"/>
</pin_list>
<bind>
<opcode="trunc(33) " fcode="trunc"/>
<opset="trunc_ln118/10 "/>
</bind>
</comp>

<comp id="413" class="1004" name="bitcast_ln118_1_fu_413">
<pin_list>
<pin id="414" dir="0" index="0" bw="32" slack="2"/>
<pin id="415" dir="1" index="1" bw="32" slack="0"/>
</pin_list>
<bind>
<opcode="bitcast(44) " fcode="bitcast"/>
<opset="bitcast_ln118_1/10 "/>
</bind>
</comp>

<comp id="416" class="1004" name="tmp_13_fu_416">
<pin_list>
<pin id="417" dir="0" index="0" bw="8" slack="0"/>
<pin id="418" dir="0" index="1" bw="32" slack="0"/>
<pin id="419" dir="0" index="2" bw="6" slack="0"/>
<pin id="420" dir="0" index="3" bw="6" slack="0"/>
<pin id="421" dir="1" index="4" bw="8" slack="0"/>
</pin_list>
<bind>
<opcode="partselect(1002) " fcode="partselect"/>
<opset="tmp_13/10 "/>
</bind>
</comp>

<comp id="426" class="1004" name="trunc_ln118_1_fu_426">
<pin_list>
<pin id="427" dir="0" index="0" bw="32" slack="0"/>
<pin id="428" dir="1" index="1" bw="23" slack="0"/>
</pin_list>
<bind>
<opcode="trunc(33) " fcode="trunc"/>
<opset="trunc_ln118_1/10 "/>
</bind>
</comp>

<comp id="430" class="1004" name="icmp_ln118_fu_430">
<pin_list>
<pin id="431" dir="0" index="0" bw="8" slack="0"/>
<pin id="432" dir="0" index="1" bw="1" slack="0"/>
<pin id="433" dir="1" index="2" bw="1" slack="0"/>
</pin_list>
<bind>
<opcode="icmp(45) " fcode="icmp"/>
<opset="icmp_ln118/10 "/>
</bind>
</comp>

<comp id="436" class="1004" name="icmp_ln118_1_fu_436">
<pin_list>
<pin id="437" dir="0" index="0" bw="23" slack="0"/>
<pin id="438" dir="0" index="1" bw="1" slack="0"/>
<pin id="439" dir="1" index="2" bw="1" slack="0"/>
</pin_list>
<bind>
<opcode="icmp(45) " fcode="icmp"/>
<opset="icmp_ln118_1/10 "/>
</bind>
</comp>

<comp id="442" class="1004" name="or_ln118_fu_442">
<pin_list>
<pin id="443" dir="0" index="0" bw="1" slack="0"/>
<pin id="444" dir="0" index="1" bw="1" slack="0"/>
<pin id="445" dir="1" index="2" bw="1" slack="0"/>
</pin_list>
<bind>
<opcode="or(24) " fcode="or"/>
<opset="or_ln118/10 "/>
</bind>
</comp>

<comp id="448" class="1004" name="icmp_ln118_2_fu_448">
<pin_list>
<pin id="449" dir="0" index="0" bw="8" slack="0"/>
<pin id="450" dir="0" index="1" bw="1" slack="0"/>
<pin id="451" dir="1" index="2" bw="1" slack="0"/>
</pin_list>
<bind>
<opcode="icmp(45) " fcode="icmp"/>
<opset="icmp_ln118_2/10 "/>
</bind>
</comp>

<comp id="454" class="1004" name="icmp_ln118_3_fu_454">
<pin_list>
<pin id="455" dir="0" index="0" bw="23" slack="0"/>
<pin id="456" dir="0" index="1" bw="1" slack="0"/>
<pin id="457" dir="1" index="2" bw="1" slack="0"/>
</pin_list>
<bind>
<opcode="icmp(45) " fcode="icmp"/>
<opset="icmp_ln118_3/10 "/>
</bind>
</comp>

<comp id="460" class="1004" name="or_ln118_1_fu_460">
<pin_list>
<pin id="461" dir="0" index="0" bw="1" slack="0"/>
<pin id="462" dir="0" index="1" bw="1" slack="0"/>
<pin id="463" dir="1" index="2" bw="1" slack="0"/>
</pin_list>
<bind>
<opcode="or(24) " fcode="or"/>
<opset="or_ln118_1/10 "/>
</bind>
</comp>

<comp id="466" class="1004" name="and_ln118_fu_466">
<pin_list>
<pin id="467" dir="0" index="0" bw="1" slack="0"/>
<pin id="468" dir="0" index="1" bw="1" slack="0"/>
<pin id="469" dir="1" index="2" bw="1" slack="0"/>
</pin_list>
<bind>
<opcode="and(23) " fcode="and"/>
<opset="and_ln118/10 "/>
</bind>
</comp>

<comp id="472" class="1004" name="and_ln118_1_fu_472">
<pin_list>
<pin id="473" dir="0" index="0" bw="1" slack="0"/>
<pin id="474" dir="0" index="1" bw="1" slack="0"/>
<pin id="475" dir="1" index="2" bw="1" slack="0"/>
</pin_list>
<bind>
<opcode="and(23) " fcode="and"/>
<opset="and_ln118_1/10 "/>
</bind>
</comp>

<comp id="478" class="1004" name="select_ln118_fu_478">
<pin_list>
<pin id="479" dir="0" index="0" bw="1" slack="0"/>
<pin id="480" dir="0" index="1" bw="32" slack="2"/>
<pin id="481" dir="0" index="2" bw="32" slack="2"/>
<pin id="482" dir="1" index="3" bw="32" slack="0"/>
</pin_list>
<bind>
<opcode="select(49) " fcode="select"/>
<opset="select_ln118/10 "/>
</bind>
</comp>

<comp id="485" class="1005" name="c_reg_485">
<pin_list>
<pin id="486" dir="0" index="0" bw="4" slack="0"/>
<pin id="487" dir="1" index="1" bw="4" slack="0"/>
</pin_list>
<bind>
<opset="c "/>
</bind>
</comp>

<comp id="492" class="1005" name="t_reg_492">
<pin_list>
<pin id="493" dir="0" index="0" bw="7" slack="0"/>
<pin id="494" dir="1" index="1" bw="7" slack="0"/>
</pin_list>
<bind>
<opset="t "/>
</bind>
</comp>

<comp id="499" class="1005" name="indvar_flatten31_reg_499">
<pin_list>
<pin id="500" dir="0" index="0" bw="10" slack="0"/>
<pin id="501" dir="1" index="1" bw="10" slack="0"/>
</pin_list>
<bind>
<opset="indvar_flatten31 "/>
</bind>
</comp>

<comp id="506" class="1005" name="icmp_ln113_reg_506">
<pin_list>
<pin id="507" dir="0" index="0" bw="1" slack="8"/>
<pin id="508" dir="1" index="1" bw="1" slack="2147483647"/>
</pin_list>
<bind>
<opset="icmp_ln113 "/>
</bind>
</comp>

<comp id="510" class="1005" name="s1_A_out_addr_reg_510">
<pin_list>
<pin id="511" dir="0" index="0" bw="11" slack="1"/>
<pin id="512" dir="1" index="1" bw="11" slack="1"/>
</pin_list>
<bind>
<opset="s1_A_out_addr "/>
</bind>
</comp>

<comp id="515" class="1005" name="s1_A_out_addr_1_reg_515">
<pin_list>
<pin id="516" dir="0" index="0" bw="11" slack="1"/>
<pin id="517" dir="1" index="1" bw="11" slack="1"/>
</pin_list>
<bind>
<opset="s1_A_out_addr_1 "/>
</bind>
</comp>

<comp id="520" class="1005" name="s1_B_out_addr_reg_520">
<pin_list>
<pin id="521" dir="0" index="0" bw="11" slack="1"/>
<pin id="522" dir="1" index="1" bw="11" slack="1"/>
</pin_list>
<bind>
<opset="s1_B_out_addr "/>
</bind>
</comp>

<comp id="525" class="1005" name="s1_B_out_addr_1_reg_525">
<pin_list>
<pin id="526" dir="0" index="0" bw="11" slack="1"/>
<pin id="527" dir="1" index="1" bw="11" slack="1"/>
</pin_list>
<bind>
<opset="s1_B_out_addr_1 "/>
</bind>
</comp>

<comp id="530" class="1005" name="add_ln118_reg_530">
<pin_list>
<pin id="531" dir="0" index="0" bw="10" slack="9"/>
<pin id="532" dir="1" index="1" bw="10" slack="9"/>
</pin_list>
<bind>
<opset="add_ln118 "/>
</bind>
</comp>

<comp id="535" class="1005" name="s1_A_out_load_reg_535">
<pin_list>
<pin id="536" dir="0" index="0" bw="32" slack="1"/>
<pin id="537" dir="1" index="1" bw="32" slack="1"/>
</pin_list>
<bind>
<opset="s1_A_out_load "/>
</bind>
</comp>

<comp id="540" class="1005" name="s1_B_out_load_reg_540">
<pin_list>
<pin id="541" dir="0" index="0" bw="32" slack="1"/>
<pin id="542" dir="1" index="1" bw="32" slack="1"/>
</pin_list>
<bind>
<opset="s1_B_out_load "/>
</bind>
</comp>

<comp id="545" class="1005" name="s1_A_out_load_1_reg_545">
<pin_list>
<pin id="546" dir="0" index="0" bw="32" slack="1"/>
<pin id="547" dir="1" index="1" bw="32" slack="1"/>
</pin_list>
<bind>
<opset="s1_A_out_load_1 "/>
</bind>
</comp>

<comp id="550" class="1005" name="s1_B_out_load_1_reg_550">
<pin_list>
<pin id="551" dir="0" index="0" bw="32" slack="1"/>
<pin id="552" dir="1" index="1" bw="32" slack="1"/>
</pin_list>
<bind>
<opset="s1_B_out_load_1 "/>
</bind>
</comp>

<comp id="555" class="1005" name="x_assign_2_reg_555">
<pin_list>
<pin id="556" dir="0" index="0" bw="32" slack="1"/>
<pin id="557" dir="1" index="1" bw="32" slack="1"/>
</pin_list>
<bind>
<opset="x_assign_2 "/>
</bind>
</comp>

<comp id="562" class="1005" name="x_assign_3_reg_562">
<pin_list>
<pin id="563" dir="0" index="0" bw="32" slack="1"/>
<pin id="564" dir="1" index="1" bw="32" slack="1"/>
</pin_list>
<bind>
<opset="x_assign_3 "/>
</bind>
</comp>

<comp id="569" class="1005" name="v0_reg_569">
<pin_list>
<pin id="570" dir="0" index="0" bw="32" slack="1"/>
<pin id="571" dir="1" index="1" bw="32" slack="1"/>
</pin_list>
<bind>
<opset="v0 "/>
</bind>
</comp>

<comp id="576" class="1005" name="v1_reg_576">
<pin_list>
<pin id="577" dir="0" index="0" bw="32" slack="1"/>
<pin id="578" dir="1" index="1" bw="32" slack="1"/>
</pin_list>
<bind>
<opset="v1 "/>
</bind>
</comp>

</comp_list>

<net_list>
<net id="61"><net_src comp="6" pin="0"/><net_sink comp="58" pin=0"/></net>

<net id="65"><net_src comp="6" pin="0"/><net_sink comp="62" pin=0"/></net>

<net id="69"><net_src comp="6" pin="0"/><net_sink comp="66" pin=0"/></net>

<net id="75"><net_src comp="0" pin="0"/><net_sink comp="70" pin=0"/></net>

<net id="76"><net_src comp="28" pin="0"/><net_sink comp="70" pin=1"/></net>

<net id="82"><net_src comp="0" pin="0"/><net_sink comp="77" pin=0"/></net>

<net id="83"><net_src comp="28" pin="0"/><net_sink comp="77" pin=1"/></net>

<net id="89"><net_src comp="2" pin="0"/><net_sink comp="84" pin=0"/></net>

<net id="90"><net_src comp="28" pin="0"/><net_sink comp="84" pin=1"/></net>

<net id="96"><net_src comp="2" pin="0"/><net_sink comp="91" pin=0"/></net>

<net id="97"><net_src comp="28" pin="0"/><net_sink comp="91" pin=1"/></net>

<net id="107"><net_src comp="70" pin="3"/><net_sink comp="98" pin=2"/></net>

<net id="117"><net_src comp="84" pin="3"/><net_sink comp="108" pin=2"/></net>

<net id="118"><net_src comp="77" pin="3"/><net_sink comp="98" pin=0"/></net>

<net id="119"><net_src comp="91" pin="3"/><net_sink comp="108" pin=0"/></net>

<net id="125"><net_src comp="4" pin="0"/><net_sink comp="120" pin=0"/></net>

<net id="126"><net_src comp="28" pin="0"/><net_sink comp="120" pin=1"/></net>

<net id="132"><net_src comp="120" pin="3"/><net_sink comp="127" pin=0"/></net>

<net id="145"><net_src comp="32" pin="0"/><net_sink comp="141" pin=1"/></net>

<net id="150"><net_src comp="32" pin="0"/><net_sink comp="146" pin=1"/></net>

<net id="159"><net_src comp="8" pin="0"/><net_sink comp="155" pin=0"/></net>

<net id="164"><net_src comp="10" pin="0"/><net_sink comp="160" pin=0"/></net>

<net id="169"><net_src comp="12" pin="0"/><net_sink comp="165" pin=0"/></net>

<net id="177"><net_src comp="170" pin="1"/><net_sink comp="173" pin=0"/></net>

<net id="178"><net_src comp="14" pin="0"/><net_sink comp="173" pin=1"/></net>

<net id="183"><net_src comp="170" pin="1"/><net_sink comp="179" pin=0"/></net>

<net id="184"><net_src comp="16" pin="0"/><net_sink comp="179" pin=1"/></net>

<net id="195"><net_src comp="188" pin="1"/><net_sink comp="191" pin=0"/></net>

<net id="196"><net_src comp="18" pin="0"/><net_sink comp="191" pin=1"/></net>

<net id="201"><net_src comp="185" pin="1"/><net_sink comp="197" pin=0"/></net>

<net id="202"><net_src comp="20" pin="0"/><net_sink comp="197" pin=1"/></net>

<net id="208"><net_src comp="197" pin="2"/><net_sink comp="203" pin=0"/></net>

<net id="209"><net_src comp="12" pin="0"/><net_sink comp="203" pin=1"/></net>

<net id="210"><net_src comp="185" pin="1"/><net_sink comp="203" pin=2"/></net>

<net id="216"><net_src comp="197" pin="2"/><net_sink comp="211" pin=0"/></net>

<net id="217"><net_src comp="191" pin="2"/><net_sink comp="211" pin=1"/></net>

<net id="218"><net_src comp="188" pin="1"/><net_sink comp="211" pin=2"/></net>

<net id="224"><net_src comp="22" pin="0"/><net_sink comp="219" pin=0"/></net>

<net id="225"><net_src comp="211" pin="3"/><net_sink comp="219" pin=1"/></net>

<net id="226"><net_src comp="24" pin="0"/><net_sink comp="219" pin=2"/></net>

<net id="232"><net_src comp="26" pin="0"/><net_sink comp="227" pin=0"/></net>

<net id="233"><net_src comp="211" pin="3"/><net_sink comp="227" pin=1"/></net>

<net id="234"><net_src comp="20" pin="0"/><net_sink comp="227" pin=2"/></net>

<net id="238"><net_src comp="203" pin="3"/><net_sink comp="235" pin=0"/></net>

<net id="242"><net_src comp="203" pin="3"/><net_sink comp="239" pin=0"/></net>

<net id="248"><net_src comp="26" pin="0"/><net_sink comp="243" pin=0"/></net>

<net id="249"><net_src comp="211" pin="3"/><net_sink comp="243" pin=1"/></net>

<net id="250"><net_src comp="203" pin="3"/><net_sink comp="243" pin=2"/></net>

<net id="254"><net_src comp="243" pin="3"/><net_sink comp="251" pin=0"/></net>

<net id="255"><net_src comp="251" pin="1"/><net_sink comp="70" pin=2"/></net>

<net id="256"><net_src comp="251" pin="1"/><net_sink comp="84" pin=2"/></net>

<net id="261"><net_src comp="227" pin="3"/><net_sink comp="257" pin=0"/></net>

<net id="262"><net_src comp="239" pin="1"/><net_sink comp="257" pin=1"/></net>

<net id="266"><net_src comp="257" pin="2"/><net_sink comp="263" pin=0"/></net>

<net id="267"><net_src comp="263" pin="1"/><net_sink comp="77" pin=2"/></net>

<net id="268"><net_src comp="263" pin="1"/><net_sink comp="91" pin=2"/></net>

<net id="273"><net_src comp="219" pin="3"/><net_sink comp="269" pin=0"/></net>

<net id="274"><net_src comp="235" pin="1"/><net_sink comp="269" pin=1"/></net>

<net id="279"><net_src comp="203" pin="3"/><net_sink comp="275" pin=0"/></net>

<net id="280"><net_src comp="30" pin="0"/><net_sink comp="275" pin=1"/></net>

<net id="285"><net_src comp="179" pin="2"/><net_sink comp="281" pin=0"/></net>

<net id="290"><net_src comp="211" pin="3"/><net_sink comp="286" pin=0"/></net>

<net id="295"><net_src comp="275" pin="2"/><net_sink comp="291" pin=0"/></net>

<net id="305"><net_src comp="34" pin="0"/><net_sink comp="299" pin=0"/></net>

<net id="306"><net_src comp="296" pin="1"/><net_sink comp="299" pin=1"/></net>

<net id="307"><net_src comp="36" pin="0"/><net_sink comp="299" pin=2"/></net>

<net id="308"><net_src comp="38" pin="0"/><net_sink comp="299" pin=3"/></net>

<net id="312"><net_src comp="296" pin="1"/><net_sink comp="309" pin=0"/></net>

<net id="317"><net_src comp="299" pin="4"/><net_sink comp="313" pin=0"/></net>

<net id="318"><net_src comp="40" pin="0"/><net_sink comp="313" pin=1"/></net>

<net id="323"><net_src comp="309" pin="1"/><net_sink comp="319" pin=0"/></net>

<net id="324"><net_src comp="42" pin="0"/><net_sink comp="319" pin=1"/></net>

<net id="329"><net_src comp="319" pin="2"/><net_sink comp="325" pin=0"/></net>

<net id="330"><net_src comp="313" pin="2"/><net_sink comp="325" pin=1"/></net>

<net id="335"><net_src comp="325" pin="2"/><net_sink comp="331" pin=0"/></net>

<net id="336"><net_src comp="141" pin="2"/><net_sink comp="331" pin=1"/></net>

<net id="342"><net_src comp="331" pin="2"/><net_sink comp="337" pin=0"/></net>

<net id="343"><net_src comp="32" pin="0"/><net_sink comp="337" pin=2"/></net>

<net id="353"><net_src comp="34" pin="0"/><net_sink comp="347" pin=0"/></net>

<net id="354"><net_src comp="344" pin="1"/><net_sink comp="347" pin=1"/></net>

<net id="355"><net_src comp="36" pin="0"/><net_sink comp="347" pin=2"/></net>

<net id="356"><net_src comp="38" pin="0"/><net_sink comp="347" pin=3"/></net>

<net id="360"><net_src comp="344" pin="1"/><net_sink comp="357" pin=0"/></net>

<net id="365"><net_src comp="347" pin="4"/><net_sink comp="361" pin=0"/></net>

<net id="366"><net_src comp="40" pin="0"/><net_sink comp="361" pin=1"/></net>

<net id="371"><net_src comp="357" pin="1"/><net_sink comp="367" pin=0"/></net>

<net id="372"><net_src comp="42" pin="0"/><net_sink comp="367" pin=1"/></net>

<net id="377"><net_src comp="367" pin="2"/><net_sink comp="373" pin=0"/></net>

<net id="378"><net_src comp="361" pin="2"/><net_sink comp="373" pin=1"/></net>

<net id="383"><net_src comp="373" pin="2"/><net_sink comp="379" pin=0"/></net>

<net id="384"><net_src comp="146" pin="2"/><net_sink comp="379" pin=1"/></net>

<net id="390"><net_src comp="379" pin="2"/><net_sink comp="385" pin=0"/></net>

<net id="391"><net_src comp="32" pin="0"/><net_sink comp="385" pin=2"/></net>

<net id="395"><net_src comp="392" pin="1"/><net_sink comp="120" pin=2"/></net>

<net id="405"><net_src comp="34" pin="0"/><net_sink comp="399" pin=0"/></net>

<net id="406"><net_src comp="396" pin="1"/><net_sink comp="399" pin=1"/></net>

<net id="407"><net_src comp="36" pin="0"/><net_sink comp="399" pin=2"/></net>

<net id="408"><net_src comp="38" pin="0"/><net_sink comp="399" pin=3"/></net>

<net id="412"><net_src comp="396" pin="1"/><net_sink comp="409" pin=0"/></net>

<net id="422"><net_src comp="34" pin="0"/><net_sink comp="416" pin=0"/></net>

<net id="423"><net_src comp="413" pin="1"/><net_sink comp="416" pin=1"/></net>

<net id="424"><net_src comp="36" pin="0"/><net_sink comp="416" pin=2"/></net>

<net id="425"><net_src comp="38" pin="0"/><net_sink comp="416" pin=3"/></net>

<net id="429"><net_src comp="413" pin="1"/><net_sink comp="426" pin=0"/></net>

<net id="434"><net_src comp="399" pin="4"/><net_sink comp="430" pin=0"/></net>

<net id="435"><net_src comp="40" pin="0"/><net_sink comp="430" pin=1"/></net>

<net id="440"><net_src comp="409" pin="1"/><net_sink comp="436" pin=0"/></net>

<net id="441"><net_src comp="42" pin="0"/><net_sink comp="436" pin=1"/></net>

<net id="446"><net_src comp="436" pin="2"/><net_sink comp="442" pin=0"/></net>

<net id="447"><net_src comp="430" pin="2"/><net_sink comp="442" pin=1"/></net>

<net id="452"><net_src comp="416" pin="4"/><net_sink comp="448" pin=0"/></net>

<net id="453"><net_src comp="40" pin="0"/><net_sink comp="448" pin=1"/></net>

<net id="458"><net_src comp="426" pin="1"/><net_sink comp="454" pin=0"/></net>

<net id="459"><net_src comp="42" pin="0"/><net_sink comp="454" pin=1"/></net>

<net id="464"><net_src comp="454" pin="2"/><net_sink comp="460" pin=0"/></net>

<net id="465"><net_src comp="448" pin="2"/><net_sink comp="460" pin=1"/></net>

<net id="470"><net_src comp="442" pin="2"/><net_sink comp="466" pin=0"/></net>

<net id="471"><net_src comp="460" pin="2"/><net_sink comp="466" pin=1"/></net>

<net id="476"><net_src comp="466" pin="2"/><net_sink comp="472" pin=0"/></net>

<net id="477"><net_src comp="151" pin="2"/><net_sink comp="472" pin=1"/></net>

<net id="483"><net_src comp="472" pin="2"/><net_sink comp="478" pin=0"/></net>

<net id="484"><net_src comp="478" pin="3"/><net_sink comp="127" pin=1"/></net>

<net id="488"><net_src comp="58" pin="1"/><net_sink comp="485" pin=0"/></net>

<net id="489"><net_src comp="485" pin="1"/><net_sink comp="165" pin=1"/></net>

<net id="490"><net_src comp="485" pin="1"/><net_sink comp="185" pin=0"/></net>

<net id="491"><net_src comp="485" pin="1"/><net_sink comp="291" pin=1"/></net>

<net id="495"><net_src comp="62" pin="1"/><net_sink comp="492" pin=0"/></net>

<net id="496"><net_src comp="492" pin="1"/><net_sink comp="160" pin=1"/></net>

<net id="497"><net_src comp="492" pin="1"/><net_sink comp="188" pin=0"/></net>

<net id="498"><net_src comp="492" pin="1"/><net_sink comp="286" pin=1"/></net>

<net id="502"><net_src comp="66" pin="1"/><net_sink comp="499" pin=0"/></net>

<net id="503"><net_src comp="499" pin="1"/><net_sink comp="155" pin=1"/></net>

<net id="504"><net_src comp="499" pin="1"/><net_sink comp="170" pin=0"/></net>

<net id="505"><net_src comp="499" pin="1"/><net_sink comp="281" pin=1"/></net>

<net id="509"><net_src comp="173" pin="2"/><net_sink comp="506" pin=0"/></net>

<net id="513"><net_src comp="70" pin="3"/><net_sink comp="510" pin=0"/></net>

<net id="514"><net_src comp="510" pin="1"/><net_sink comp="98" pin=2"/></net>

<net id="518"><net_src comp="77" pin="3"/><net_sink comp="515" pin=0"/></net>

<net id="519"><net_src comp="515" pin="1"/><net_sink comp="98" pin=0"/></net>

<net id="523"><net_src comp="84" pin="3"/><net_sink comp="520" pin=0"/></net>

<net id="524"><net_src comp="520" pin="1"/><net_sink comp="108" pin=2"/></net>

<net id="528"><net_src comp="91" pin="3"/><net_sink comp="525" pin=0"/></net>

<net id="529"><net_src comp="525" pin="1"/><net_sink comp="108" pin=0"/></net>

<net id="533"><net_src comp="269" pin="2"/><net_sink comp="530" pin=0"/></net>

<net id="534"><net_src comp="530" pin="1"/><net_sink comp="392" pin=0"/></net>

<net id="538"><net_src comp="98" pin="7"/><net_sink comp="535" pin=0"/></net>

<net id="539"><net_src comp="535" pin="1"/><net_sink comp="133" pin=0"/></net>

<net id="543"><net_src comp="108" pin="7"/><net_sink comp="540" pin=0"/></net>

<net id="544"><net_src comp="540" pin="1"/><net_sink comp="133" pin=1"/></net>

<net id="548"><net_src comp="98" pin="3"/><net_sink comp="545" pin=0"/></net>

<net id="549"><net_src comp="545" pin="1"/><net_sink comp="137" pin=0"/></net>

<net id="553"><net_src comp="108" pin="3"/><net_sink comp="550" pin=0"/></net>

<net id="554"><net_src comp="550" pin="1"/><net_sink comp="137" pin=1"/></net>

<net id="558"><net_src comp="133" pin="2"/><net_sink comp="555" pin=0"/></net>

<net id="559"><net_src comp="555" pin="1"/><net_sink comp="141" pin=0"/></net>

<net id="560"><net_src comp="555" pin="1"/><net_sink comp="296" pin=0"/></net>

<net id="561"><net_src comp="555" pin="1"/><net_sink comp="337" pin=1"/></net>

<net id="565"><net_src comp="137" pin="2"/><net_sink comp="562" pin=0"/></net>

<net id="566"><net_src comp="562" pin="1"/><net_sink comp="146" pin=0"/></net>

<net id="567"><net_src comp="562" pin="1"/><net_sink comp="344" pin=0"/></net>

<net id="568"><net_src comp="562" pin="1"/><net_sink comp="385" pin=1"/></net>

<net id="572"><net_src comp="337" pin="3"/><net_sink comp="569" pin=0"/></net>

<net id="573"><net_src comp="569" pin="1"/><net_sink comp="151" pin=0"/></net>

<net id="574"><net_src comp="569" pin="1"/><net_sink comp="396" pin=0"/></net>

<net id="575"><net_src comp="569" pin="1"/><net_sink comp="478" pin=1"/></net>

<net id="579"><net_src comp="385" pin="3"/><net_sink comp="576" pin=0"/></net>

<net id="580"><net_src comp="576" pin="1"/><net_sink comp="151" pin=1"/></net>

<net id="581"><net_src comp="576" pin="1"/><net_sink comp="413" pin=0"/></net>

<net id="582"><net_src comp="576" pin="1"/><net_sink comp="478" pin=2"/></net>

</net_list>

</model> 
---------------- Datapath Model END ------------------

* FSMD analyzer results:
  - Output states:
	Port: s1_pool | {10 }
 - Input state : 
	Port: ecg_cnn_top_Pipeline_VITIS_LOOP_113_1_VITIS_LOOP_114_2 : s1_A_out | {1 2 }
	Port: ecg_cnn_top_Pipeline_VITIS_LOOP_113_1_VITIS_LOOP_114_2 : s1_B_out | {1 2 }
  - Chain level:
	State 1
		store_ln0 : 1
		store_ln113 : 1
		store_ln114 : 1
		indvar_flatten31_load : 1
		icmp_ln113 : 2
		add_ln113_1 : 2
		br_ln113 : 3
		c_load : 1
		t_load : 1
		add_ln113 : 2
		icmp_ln114 : 2
		select_ln113 : 3
		select_ln113_1 : 3
		tmp_23 : 4
		tmp_24 : 4
		zext_ln116_1 : 4
		zext_ln116_2 : 4
		tmp_25 : 4
		zext_ln116 : 5
		s1_A_out_addr : 6
		add_ln117 : 5
		zext_ln117 : 6
		s1_A_out_addr_1 : 7
		s1_B_out_addr : 6
		s1_B_out_addr_1 : 7
		add_ln118 : 5
		s1_A_out_load : 7
		s1_B_out_load : 7
		s1_A_out_load_1 : 8
		s1_B_out_load_1 : 8
		add_ln114 : 4
		store_ln113 : 3
		store_ln113 : 4
		store_ln114 : 5
	State 2
	State 3
	State 4
	State 5
	State 6
	State 7
	State 8
		tmp_9 : 1
		trunc_ln36 : 1
		icmp_ln36_2 : 2
		icmp_ln36_3 : 2
		or_ln36_1 : 3
		and_ln36_1 : 3
		v0 : 3
		tmp_10 : 1
		trunc_ln36_2 : 1
		icmp_ln36_4 : 2
		icmp_ln36 : 2
		or_ln36 : 3
		and_ln36 : 3
		v1 : 3
	State 9
	State 10
		s1_pool_addr : 1
		tmp_12 : 1
		trunc_ln118 : 1
		tmp_13 : 1
		trunc_ln118_1 : 1
		icmp_ln118 : 2
		icmp_ln118_1 : 2
		or_ln118 : 3
		icmp_ln118_2 : 2
		icmp_ln118_3 : 2
		or_ln118_1 : 3
		and_ln118 : 3
		and_ln118_1 : 3
		select_ln118 : 3
		store_ln118 : 4


============================================================
+ Verbose Summary: Datapath Resource usage 
============================================================

* Functional unit list:
|----------|-----------------------|---------|---------|---------|
| Operation|    Functional Unit    |   DSP   |    FF   |   LUT   |
|----------|-----------------------|---------|---------|---------|
|   fadd   |       grp_fu_133      |    2    |   227   |   403   |
|          |       grp_fu_137      |    2    |   227   |   403   |
|----------|-----------------------|---------|---------|---------|
|          |   icmp_ln113_fu_173   |    0    |    0    |    13   |
|          |   icmp_ln114_fu_197   |    0    |    0    |    13   |
|          |   icmp_ln36_2_fu_313  |    0    |    0    |    15   |
|          |   icmp_ln36_3_fu_319  |    0    |    0    |    30   |
|   icmp   |   icmp_ln36_4_fu_361  |    0    |    0    |    15   |
|          |    icmp_ln36_fu_367   |    0    |    0    |    30   |
|          |   icmp_ln118_fu_430   |    0    |    0    |    15   |
|          |  icmp_ln118_1_fu_436  |    0    |    0    |    30   |
|          |  icmp_ln118_2_fu_448  |    0    |    0    |    15   |
|          |  icmp_ln118_3_fu_454  |    0    |    0    |    30   |
|----------|-----------------------|---------|---------|---------|
|          |  select_ln113_fu_203  |    0    |    0    |    4    |
|          | select_ln113_1_fu_211 |    0    |    0    |    7    |
|  select  |       v0_fu_337       |    0    |    0    |    32   |
|          |       v1_fu_385       |    0    |    0    |    32   |
|          |  select_ln118_fu_478  |    0    |    0    |    32   |
|----------|-----------------------|---------|---------|---------|
|          |   add_ln113_1_fu_179  |    0    |    0    |    13   |
|          |    add_ln113_fu_191   |    0    |    0    |    14   |
|    add   |    add_ln117_fu_257   |    0    |    0    |    12   |
|          |    add_ln118_fu_269   |    0    |    0    |    13   |
|          |    add_ln114_fu_275   |    0    |    0    |    13   |
|----------|-----------------------|---------|---------|---------|
|          |    or_ln36_1_fu_325   |    0    |    0    |    2    |
|    or    |     or_ln36_fu_373    |    0    |    0    |    2    |
|          |    or_ln118_fu_442    |    0    |    0    |    2    |
|          |   or_ln118_1_fu_460   |    0    |    0    |    2    |
|----------|-----------------------|---------|---------|---------|
|          |   and_ln36_1_fu_331   |    0    |    0    |    2    |
|    and   |    and_ln36_fu_379    |    0    |    0    |    2    |
|          |    and_ln118_fu_466   |    0    |    0    |    2    |
|          |   and_ln118_1_fu_472  |    0    |    0    |    2    |
|----------|-----------------------|---------|---------|---------|
|          |       grp_fu_141      |    0    |    0    |    0    |
|   fcmp   |       grp_fu_146      |    0    |    0    |    0    |
|          |       grp_fu_151      |    0    |    0    |    0    |
|----------|-----------------------|---------|---------|---------|
|          |     tmp_23_fu_219     |    0    |    0    |    0    |
|bitconcatenate|     tmp_24_fu_227     |    0    |    0    |    0    |
|          |     tmp_25_fu_243     |    0    |    0    |    0    |
|----------|-----------------------|---------|---------|---------|
|          |  zext_ln116_1_fu_235  |    0    |    0    |    0    |
|          |  zext_ln116_2_fu_239  |    0    |    0    |    0    |
|   zext   |   zext_ln116_fu_251   |    0    |    0    |    0    |
|          |   zext_ln117_fu_263   |    0    |    0    |    0    |
|          |   zext_ln118_fu_392   |    0    |    0    |    0    |
|----------|-----------------------|---------|---------|---------|
|          |      tmp_9_fu_299     |    0    |    0    |    0    |
|partselect|     tmp_10_fu_347     |    0    |    0    |    0    |
|          |     tmp_12_fu_399     |    0    |    0    |    0    |
|          |     tmp_13_fu_416     |    0    |    0    |    0    |
|----------|-----------------------|---------|---------|---------|
|          |   trunc_ln36_fu_309   |    0    |    0    |    0    |
|   trunc  |  trunc_ln36_2_fu_357  |    0    |    0    |    0    |
|          |   trunc_ln118_fu_409  |    0    |    0    |    0    |
|          |  trunc_ln118_1_fu_426 |    0    |    0    |    0    |
|----------|-----------------------|---------|---------|---------|
|   Total  |                       |    4    |   454   |   1200  |
|----------|-----------------------|---------|---------|---------|

Memories:
N/A

* Register list:
+------------------------+--------+
|                        |   FF   |
+------------------------+--------+
|    add_ln118_reg_530   |   10   |
|        c_reg_485       |    4   |
|   icmp_ln113_reg_506   |    1   |
|indvar_flatten31_reg_499|   10   |
| s1_A_out_addr_1_reg_515|   11   |
|  s1_A_out_addr_reg_510 |   11   |
| s1_A_out_load_1_reg_545|   32   |
|  s1_A_out_load_reg_535 |   32   |
| s1_B_out_addr_1_reg_525|   11   |
|  s1_B_out_addr_reg_520 |   11   |
| s1_B_out_load_1_reg_550|   32   |
|  s1_B_out_load_reg_540 |   32   |
|        t_reg_492       |    7   |
|       v0_reg_569       |   32   |
|       v1_reg_576       |   32   |
|   x_assign_2_reg_555   |   32   |
|   x_assign_3_reg_562   |   32   |
+------------------------+--------+
|          Total         |   332  |
+------------------------+--------+

* Multiplexer (MUX) list: 
|-------------------|------|------|------|--------||---------||---------||---------|
|        Comp       |  Pin | Size |  BW  | S x BW ||  Delay  ||    FF   ||   LUT   |
|-------------------|------|------|------|--------||---------||---------||---------|
|  grp_access_fu_98 |  p0  |   2  |  11  |   22   ||    0    ||    9    |
|  grp_access_fu_98 |  p2  |   2  |   0  |    0   ||    0    ||    9    |
| grp_access_fu_108 |  p0  |   2  |  11  |   22   ||    0    ||    9    |
| grp_access_fu_108 |  p2  |   2  |   0  |    0   ||    0    ||    9    |
|-------------------|------|------|------|--------||---------||---------||---------|
|       Total       |      |      |      |   44   ||  6.352  ||    0    ||    36   |
|-------------------|------|------|------|--------||---------||---------||---------|



* Summary:
+-----------+--------+--------+--------+--------+
|           |   DSP  |  Delay |   FF   |   LUT  |
+-----------+--------+--------+--------+--------+
|  Function |    4   |    -   |   454  |  1200  |
|   Memory  |    -   |    -   |    -   |    -   |
|Multiplexer|    -   |    6   |    0   |   36   |
|  Register |    -   |    -   |   332  |    -   |
+-----------+--------+--------+--------+--------+
|   Total   |    4   |    6   |   786  |  1236  |
+-----------+--------+--------+--------+--------+
