

================================================================
== Vitis HLS Report for 'ecg_cnn_top_Pipeline_VITIS_LOOP_340_4'
================================================================
* Date:           Tue Mar 31 12:28:03 2026

* Version:        2025.1 (Build 6135595 on May 21 2025)
* Project:        ecg_cnn_top
* Solution:       hls (Vivado IP Flow Target)
* Product family: zynq
* Target device:  xc7z020-clg400-1


================================================================
== Performance Estimates
================================================================
+ Timing: 
    * Summary: 
    +--------+----------+-----------+------------+
    |  Clock |  Target  | Estimated | Uncertainty|
    +--------+----------+-----------+------------+
    |ap_clk  |  15.00 ns|  10.533 ns|     4.05 ns|
    +--------+----------+-----------+------------+

+ Latency: 
    * Summary: 
    +---------+---------+----------+----------+-----+-----+------------------------------------------------+
    |  Latency (cycles) |  Latency (absolute) |  Interval |                    Pipeline                    |
    |   min   |   max   |    min   |    max   | min | max |                      Type                      |
    +---------+---------+----------+----------+-----+-----+------------------------------------------------+
    |       39|       39|  0.585 us|  0.585 us|   30|   30|  loop auto-rewind stp (delay=0 clock cycles(s))|
    +---------+---------+----------+----------+-----+-----+------------------------------------------------+

    + Detail: 
        * Instance: 
        N/A

        * Loop: 
        +--------------------+---------+---------+----------+-----------+-----------+------+----------+
        |                    |  Latency (cycles) | Iteration|  Initiation Interval  | Trip |          |
        |      Loop Name     |   min   |   max   |  Latency |  achieved |   target  | Count| Pipelined|
        +--------------------+---------+---------+----------+-----------+-----------+------+----------+
        |- VITIS_LOOP_340_4  |       37|       37|        18|          5|          1|     5|       yes|
        +--------------------+---------+---------+----------+-----------+-----------+------+----------+

============================================================
+ Verbose Summary: Synthesis Manager
============================================================
InlineROM: 1
ExposeGlobal: 0
============================================================
+ Verbose Summary: CDFG Model
============================================================
IsTopModel: 0
ResetActiveHigh: 1
IsCombinational: 0
IsDatapathOnly: 0
HasWiredReturn: 1
HasMFsm: 2
HasVarLatency: 1
IsPipeline: 0
IsRtlPipelined: 0
IsInstanceOverlapped: 0
IsDontTouch: 0
HasImplIP: 0
IsGatedGlobalClock: 0

+ Individual pipeline summary: 
  * Pipeline-0: initiation interval (II) = 5, depth = 18


============================================================
+ Verbose Summary: Schedule
============================================================
* Number of FSM states : 18
* Pipeline : 1
  Pipeline-0 : II = 5, D = 18, States = { 1 2 3 4 5 6 7 8 9 10 11 12 13 14 15 16 17 18 }
* Dataflow Pipeline: 0

* FSM state transitions: 
1 --> 2 
2 --> 3 
3 --> 4 
4 --> 5 
5 --> 6 
6 --> 7 
7 --> 8 
8 --> 9 
9 --> 10 
10 --> 11 
11 --> 12 
12 --> 13 
13 --> 14 
14 --> 15 
15 --> 16 
16 --> 17 
17 --> 18 
18 --> 

* FSM state operations: 

State 1 <SV = 0> <Delay = 4.82>
ST_1 : Operation 21 [1/1] (0.00ns)   --->   "%se = alloca i32 1" [cnn.cpp:338->cnn.cpp:398]   --->   Operation 21 'alloca' 'se' <Predicate = true> <Delay = 0.00>
ST_1 : Operation 22 [1/1] (0.00ns)   --->   "%o = alloca i32 1" [cnn.cpp:340->cnn.cpp:398]   --->   Operation 22 'alloca' 'o' <Predicate = true> <Delay = 0.00>
ST_1 : Operation 23 [1/1] (0.00ns)   --->   "%mux_case_0135169 = alloca i32 1"   --->   Operation 23 'alloca' 'mux_case_0135169' <Predicate = true> <Delay = 0.00>
ST_1 : Operation 24 [1/1] (0.00ns)   --->   "%mux_case_1137172 = alloca i32 1"   --->   Operation 24 'alloca' 'mux_case_1137172' <Predicate = true> <Delay = 0.00>
ST_1 : Operation 25 [1/1] (0.00ns)   --->   "%mux_case_2139175 = alloca i32 1"   --->   Operation 25 'alloca' 'mux_case_2139175' <Predicate = true> <Delay = 0.00>
ST_1 : Operation 26 [1/1] (0.00ns)   --->   "%mux_case_3141178 = alloca i32 1"   --->   Operation 26 'alloca' 'mux_case_3141178' <Predicate = true> <Delay = 0.00>
ST_1 : Operation 27 [1/1] (0.00ns)   --->   "%mux_case_4143181 = alloca i32 1"   --->   Operation 27 'alloca' 'mux_case_4143181' <Predicate = true> <Delay = 0.00>
ST_1 : Operation 28 [1/1] (0.00ns)   --->   "%mx_reload_read = read i32 @_ssdm_op_Read.ap_auto.float, i32 %mx_reload"   --->   Operation 28 'read' 'mx_reload_read' <Predicate = true> <Delay = 0.00>
ST_1 : Operation 29 [1/1] (0.00ns)   --->   "%mux_case_411816011_reload_read = read i32 @_ssdm_op_Read.ap_auto.float, i32 %mux_case_411816011_reload"   --->   Operation 29 'read' 'mux_case_411816011_reload_read' <Predicate = true> <Delay = 0.00>
ST_1 : Operation 30 [1/1] (0.00ns)   --->   "%mux_case_31161559_reload_read = read i32 @_ssdm_op_Read.ap_auto.float, i32 %mux_case_31161559_reload"   --->   Operation 30 'read' 'mux_case_31161559_reload_read' <Predicate = true> <Delay = 0.00>
ST_1 : Operation 31 [1/1] (0.00ns)   --->   "%mux_case_21141507_reload_read = read i32 @_ssdm_op_Read.ap_auto.float, i32 %mux_case_21141507_reload"   --->   Operation 31 'read' 'mux_case_21141507_reload_read' <Predicate = true> <Delay = 0.00>
ST_1 : Operation 32 [1/1] (0.00ns)   --->   "%mux_case_11121455_reload_read = read i32 @_ssdm_op_Read.ap_auto.float, i32 %mux_case_11121455_reload"   --->   Operation 32 'read' 'mux_case_11121455_reload_read' <Predicate = true> <Delay = 0.00>
ST_1 : Operation 33 [1/1] (0.00ns)   --->   "%mx_33_reload_read = read i32 @_ssdm_op_Read.ap_auto.float, i32 %mx_33_reload"   --->   Operation 33 'read' 'mx_33_reload_read' <Predicate = true> <Delay = 0.00>
ST_1 : Operation 34 [1/1] (1.58ns)   --->   "%store_ln340 = store i3 0, i3 %o" [cnn.cpp:340->cnn.cpp:398]   --->   Operation 34 'store' 'store_ln340' <Predicate = true> <Delay = 1.58>
ST_1 : Operation 35 [1/1] (1.58ns)   --->   "%store_ln338 = store i32 0, i32 %se" [cnn.cpp:338->cnn.cpp:398]   --->   Operation 35 'store' 'store_ln338' <Predicate = true> <Delay = 1.58>
ST_1 : Operation 36 [1/1] (0.00ns)   --->   "%br_ln0 = br void %for.inc43.i"   --->   Operation 36 'br' 'br_ln0' <Predicate = true> <Delay = 0.00>
ST_1 : Operation 37 [1/1] (0.00ns)   --->   "%o_2 = load i3 %o" [cnn.cpp:340->cnn.cpp:398]   --->   Operation 37 'load' 'o_2' <Predicate = true> <Delay = 0.00>
ST_1 : Operation 38 [1/1] (1.65ns)   --->   "%icmp_ln340 = icmp_eq  i3 %o_2, i3 5" [cnn.cpp:340->cnn.cpp:398]   --->   Operation 38 'icmp' 'icmp_ln340' <Predicate = true> <Delay = 1.65> <CoreInst = "Cmp">   --->   Core 9 'Cmp' <Latency = 0> <II = 1> <Delay = 1.65> <FuncUnit> <Opcode : 'seteq' 'setne' 'setle' 'setge' 'setlt' 'setgt'> <InPorts = 2> <OutPorts = 1>
ST_1 : Operation 39 [1/1] (1.65ns)   --->   "%add_ln340 = add i3 %o_2, i3 1" [cnn.cpp:340->cnn.cpp:398]   --->   Operation 39 'add' 'add_ln340' <Predicate = true> <Delay = 1.65> <CoreInst = "Adder">   --->   Core 1 'Adder' <Latency = 0> <II = 1> <Delay = 1.65> <FuncUnit> <Opcode : 'add' 'sub'> <InPorts = 2> <OutPorts = 1>
ST_1 : Operation 40 [1/1] (0.00ns)   --->   "%br_ln340 = br i1 %icmp_ln340, void %for.inc43.i.split, void %VITIS_LOOP_341_5.i.exitStub" [cnn.cpp:340->cnn.cpp:398]   --->   Operation 40 'br' 'br_ln340' <Predicate = true> <Delay = 0.00>
ST_1 : Operation 41 [1/1] (1.94ns)   --->   "%tmp_6 = sparsemux i32 @_ssdm_op_SparseMux.ap_auto.5float.float.i3, i3 0, i32 %mx_33_reload_read, i3 1, i32 %mux_case_11121455_reload_read, i3 2, i32 %mux_case_21141507_reload_read, i3 3, i32 %mux_case_31161559_reload_read, i3 4, i32 %mux_case_411816011_reload_read, i32 <undef>, i3 %o_2" [cnn.cpp:340->cnn.cpp:398]   --->   Operation 41 'sparsemux' 'tmp_6' <Predicate = (!icmp_ln340)> <Delay = 1.94> <CoreInst = "BinarySparseMux_DontCare">   --->   Core 137 'BinarySparseMux_DontCare' <Latency = 0> <II = 1> <Delay = 1.94> <FuncUnit> <Opcode : 'sparsemux'> <InPorts = 2> <OutPorts = 1>
ST_1 : Operation 42 [1/1] (1.65ns)   --->   "%switch_ln340 = switch i3 %o_2, void %arrayidx39.i.case.4, i3 0, void %for.inc43.i.split.arrayidx39.i.exit_crit_edge, i3 1, void %arrayidx39.i.case.1, i3 2, void %arrayidx39.i.case.2, i3 3, void %arrayidx39.i.case.3" [cnn.cpp:340->cnn.cpp:398]   --->   Operation 42 'switch' 'switch_ln340' <Predicate = (!icmp_ln340)> <Delay = 1.65>
ST_1 : Operation 43 [1/1] (1.58ns)   --->   "%store_ln340 = store i3 %add_ln340, i3 %o" [cnn.cpp:340->cnn.cpp:398]   --->   Operation 43 'store' 'store_ln340' <Predicate = (!icmp_ln340)> <Delay = 1.58>

State 2 <SV = 1> <Delay = 10.5>
ST_2 : Operation 44 [4/4] (10.5ns)   --->   "%sub_i = fsub i32 %tmp_6, i32 %mx_reload_read" [cnn.cpp:340->cnn.cpp:398]   --->   Operation 44 'fsub' 'sub_i' <Predicate = (!icmp_ln340)> <Delay = 10.5> <CoreInst = "FAddSub_fulldsp">   --->   Core 18 'FAddSub_fulldsp' <Latency = 3> <II = 1> <Delay = 10.5> <FuncUnit> <Opcode : 'fadd' 'fsub'> <InPorts = 2> <OutPorts = 1>

State 3 <SV = 2> <Delay = 10.5>
ST_3 : Operation 45 [3/4] (10.5ns)   --->   "%sub_i = fsub i32 %tmp_6, i32 %mx_reload_read" [cnn.cpp:340->cnn.cpp:398]   --->   Operation 45 'fsub' 'sub_i' <Predicate = (!icmp_ln340)> <Delay = 10.5> <CoreInst = "FAddSub_fulldsp">   --->   Core 18 'FAddSub_fulldsp' <Latency = 3> <II = 1> <Delay = 10.5> <FuncUnit> <Opcode : 'fadd' 'fsub'> <InPorts = 2> <OutPorts = 1>

State 4 <SV = 3> <Delay = 10.5>
ST_4 : Operation 46 [2/4] (10.5ns)   --->   "%sub_i = fsub i32 %tmp_6, i32 %mx_reload_read" [cnn.cpp:340->cnn.cpp:398]   --->   Operation 46 'fsub' 'sub_i' <Predicate = (!icmp_ln340)> <Delay = 10.5> <CoreInst = "FAddSub_fulldsp">   --->   Core 18 'FAddSub_fulldsp' <Latency = 3> <II = 1> <Delay = 10.5> <FuncUnit> <Opcode : 'fadd' 'fsub'> <InPorts = 2> <OutPorts = 1>

State 5 <SV = 4> <Delay = 10.5>
ST_5 : Operation 47 [1/4] (10.5ns)   --->   "%sub_i = fsub i32 %tmp_6, i32 %mx_reload_read" [cnn.cpp:340->cnn.cpp:398]   --->   Operation 47 'fsub' 'sub_i' <Predicate = (!icmp_ln340)> <Delay = 10.5> <CoreInst = "FAddSub_fulldsp">   --->   Core 18 'FAddSub_fulldsp' <Latency = 3> <II = 1> <Delay = 10.5> <FuncUnit> <Opcode : 'fadd' 'fsub'> <InPorts = 2> <OutPorts = 1>

State 6 <SV = 5> <Delay = 8.95>
ST_6 : Operation 48 [8/8] (8.95ns)   --->   "%ev = fexp i32 @llvm.exp.f32, i32 %sub_i" [cnn.cpp:340->cnn.cpp:398]   --->   Operation 48 'fexp' 'ev' <Predicate = true> <Delay = 8.95> <CoreInst = "FExp_fulldsp">   --->   Core 23 'FExp_fulldsp' <Latency = 7> <II = 1> <Delay = 8.95> <FuncUnit> <Opcode : 'fexp'> <InPorts = 1> <OutPorts = 1>

State 7 <SV = 6> <Delay = 8.95>
ST_7 : Operation 49 [7/8] (8.95ns)   --->   "%ev = fexp i32 @llvm.exp.f32, i32 %sub_i" [cnn.cpp:340->cnn.cpp:398]   --->   Operation 49 'fexp' 'ev' <Predicate = true> <Delay = 8.95> <CoreInst = "FExp_fulldsp">   --->   Core 23 'FExp_fulldsp' <Latency = 7> <II = 1> <Delay = 8.95> <FuncUnit> <Opcode : 'fexp'> <InPorts = 1> <OutPorts = 1>

State 8 <SV = 7> <Delay = 8.95>
ST_8 : Operation 50 [6/8] (8.95ns)   --->   "%ev = fexp i32 @llvm.exp.f32, i32 %sub_i" [cnn.cpp:340->cnn.cpp:398]   --->   Operation 50 'fexp' 'ev' <Predicate = true> <Delay = 8.95> <CoreInst = "FExp_fulldsp">   --->   Core 23 'FExp_fulldsp' <Latency = 7> <II = 1> <Delay = 8.95> <FuncUnit> <Opcode : 'fexp'> <InPorts = 1> <OutPorts = 1>

State 9 <SV = 8> <Delay = 8.95>
ST_9 : Operation 51 [5/8] (8.95ns)   --->   "%ev = fexp i32 @llvm.exp.f32, i32 %sub_i" [cnn.cpp:340->cnn.cpp:398]   --->   Operation 51 'fexp' 'ev' <Predicate = true> <Delay = 8.95> <CoreInst = "FExp_fulldsp">   --->   Core 23 'FExp_fulldsp' <Latency = 7> <II = 1> <Delay = 8.95> <FuncUnit> <Opcode : 'fexp'> <InPorts = 1> <OutPorts = 1>

State 10 <SV = 9> <Delay = 8.95>
ST_10 : Operation 52 [4/8] (8.95ns)   --->   "%ev = fexp i32 @llvm.exp.f32, i32 %sub_i" [cnn.cpp:340->cnn.cpp:398]   --->   Operation 52 'fexp' 'ev' <Predicate = true> <Delay = 8.95> <CoreInst = "FExp_fulldsp">   --->   Core 23 'FExp_fulldsp' <Latency = 7> <II = 1> <Delay = 8.95> <FuncUnit> <Opcode : 'fexp'> <InPorts = 1> <OutPorts = 1>

State 11 <SV = 10> <Delay = 8.95>
ST_11 : Operation 53 [3/8] (8.95ns)   --->   "%ev = fexp i32 @llvm.exp.f32, i32 %sub_i" [cnn.cpp:340->cnn.cpp:398]   --->   Operation 53 'fexp' 'ev' <Predicate = true> <Delay = 8.95> <CoreInst = "FExp_fulldsp">   --->   Core 23 'FExp_fulldsp' <Latency = 7> <II = 1> <Delay = 8.95> <FuncUnit> <Opcode : 'fexp'> <InPorts = 1> <OutPorts = 1>

State 12 <SV = 11> <Delay = 8.95>
ST_12 : Operation 54 [2/8] (8.95ns)   --->   "%ev = fexp i32 @llvm.exp.f32, i32 %sub_i" [cnn.cpp:340->cnn.cpp:398]   --->   Operation 54 'fexp' 'ev' <Predicate = true> <Delay = 8.95> <CoreInst = "FExp_fulldsp">   --->   Core 23 'FExp_fulldsp' <Latency = 7> <II = 1> <Delay = 8.95> <FuncUnit> <Opcode : 'fexp'> <InPorts = 1> <OutPorts = 1>

State 13 <SV = 12> <Delay = 8.95>
ST_13 : Operation 55 [1/1] (0.00ns)   --->   "%specpipeline_ln338 = specpipeline void @_ssdm_op_SpecPipeline, i32 4294967295, i32 0, i32 0, i32 0, void @empty_22" [cnn.cpp:338->cnn.cpp:398]   --->   Operation 55 'specpipeline' 'specpipeline_ln338' <Predicate = true> <Delay = 0.00>
ST_13 : Operation 56 [1/1] (0.00ns)   --->   "%speclooptripcount_ln338 = speclooptripcount void @_ssdm_op_SpecLoopTripCount, i64 5, i64 5, i64 5" [cnn.cpp:338->cnn.cpp:398]   --->   Operation 56 'speclooptripcount' 'speclooptripcount_ln338' <Predicate = true> <Delay = 0.00>
ST_13 : Operation 57 [1/1] (0.00ns)   --->   "%specloopname_ln340 = specloopname void @_ssdm_op_SpecLoopName, void @empty_43" [cnn.cpp:340->cnn.cpp:398]   --->   Operation 57 'specloopname' 'specloopname_ln340' <Predicate = true> <Delay = 0.00>
ST_13 : Operation 58 [1/8] (8.95ns)   --->   "%ev = fexp i32 @llvm.exp.f32, i32 %sub_i" [cnn.cpp:340->cnn.cpp:398]   --->   Operation 58 'fexp' 'ev' <Predicate = true> <Delay = 8.95> <CoreInst = "FExp_fulldsp">   --->   Core 23 'FExp_fulldsp' <Latency = 7> <II = 1> <Delay = 8.95> <FuncUnit> <Opcode : 'fexp'> <InPorts = 1> <OutPorts = 1>
ST_13 : Operation 59 [1/1] (0.00ns)   --->   "%store_ln340 = store i32 %ev, i32 %mux_case_3141178" [cnn.cpp:340->cnn.cpp:398]   --->   Operation 59 'store' 'store_ln340' <Predicate = (o_2 == 3)> <Delay = 0.00>
ST_13 : Operation 60 [1/1] (0.00ns)   --->   "%br_ln340 = br void %arrayidx39.i.exit" [cnn.cpp:340->cnn.cpp:398]   --->   Operation 60 'br' 'br_ln340' <Predicate = (o_2 == 3)> <Delay = 0.00>
ST_13 : Operation 61 [1/1] (0.00ns)   --->   "%store_ln340 = store i32 %ev, i32 %mux_case_2139175" [cnn.cpp:340->cnn.cpp:398]   --->   Operation 61 'store' 'store_ln340' <Predicate = (o_2 == 2)> <Delay = 0.00>
ST_13 : Operation 62 [1/1] (0.00ns)   --->   "%br_ln340 = br void %arrayidx39.i.exit" [cnn.cpp:340->cnn.cpp:398]   --->   Operation 62 'br' 'br_ln340' <Predicate = (o_2 == 2)> <Delay = 0.00>
ST_13 : Operation 63 [1/1] (0.00ns)   --->   "%store_ln340 = store i32 %ev, i32 %mux_case_1137172" [cnn.cpp:340->cnn.cpp:398]   --->   Operation 63 'store' 'store_ln340' <Predicate = (o_2 == 1)> <Delay = 0.00>
ST_13 : Operation 64 [1/1] (0.00ns)   --->   "%br_ln340 = br void %arrayidx39.i.exit" [cnn.cpp:340->cnn.cpp:398]   --->   Operation 64 'br' 'br_ln340' <Predicate = (o_2 == 1)> <Delay = 0.00>
ST_13 : Operation 65 [1/1] (0.00ns)   --->   "%store_ln340 = store i32 %ev, i32 %mux_case_0135169" [cnn.cpp:340->cnn.cpp:398]   --->   Operation 65 'store' 'store_ln340' <Predicate = (o_2 == 0)> <Delay = 0.00>
ST_13 : Operation 66 [1/1] (0.00ns)   --->   "%br_ln340 = br void %arrayidx39.i.exit" [cnn.cpp:340->cnn.cpp:398]   --->   Operation 66 'br' 'br_ln340' <Predicate = (o_2 == 0)> <Delay = 0.00>
ST_13 : Operation 67 [1/1] (0.00ns)   --->   "%store_ln340 = store i32 %ev, i32 %mux_case_4143181" [cnn.cpp:340->cnn.cpp:398]   --->   Operation 67 'store' 'store_ln340' <Predicate = (o_2 != 0 & o_2 != 1 & o_2 != 2 & o_2 != 3)> <Delay = 0.00>
ST_13 : Operation 68 [1/1] (0.00ns)   --->   "%br_ln340 = br void %arrayidx39.i.exit" [cnn.cpp:340->cnn.cpp:398]   --->   Operation 68 'br' 'br_ln340' <Predicate = (o_2 != 0 & o_2 != 1 & o_2 != 2 & o_2 != 3)> <Delay = 0.00>
ST_13 : Operation 76 [1/1] (0.00ns)   --->   "%se_load_1 = load i32 %se"   --->   Operation 76 'load' 'se_load_1' <Predicate = (icmp_ln340)> <Delay = 0.00>
ST_13 : Operation 77 [1/1] (0.00ns)   --->   "%mux_case_0135169_load = load i32 %mux_case_0135169"   --->   Operation 77 'load' 'mux_case_0135169_load' <Predicate = (icmp_ln340)> <Delay = 0.00>
ST_13 : Operation 78 [1/1] (0.00ns)   --->   "%mux_case_1137172_load = load i32 %mux_case_1137172"   --->   Operation 78 'load' 'mux_case_1137172_load' <Predicate = (icmp_ln340)> <Delay = 0.00>
ST_13 : Operation 79 [1/1] (0.00ns)   --->   "%mux_case_2139175_load = load i32 %mux_case_2139175"   --->   Operation 79 'load' 'mux_case_2139175_load' <Predicate = (icmp_ln340)> <Delay = 0.00>
ST_13 : Operation 80 [1/1] (0.00ns)   --->   "%mux_case_3141178_load = load i32 %mux_case_3141178"   --->   Operation 80 'load' 'mux_case_3141178_load' <Predicate = (icmp_ln340)> <Delay = 0.00>
ST_13 : Operation 81 [1/1] (0.00ns)   --->   "%mux_case_4143181_load = load i32 %mux_case_4143181"   --->   Operation 81 'load' 'mux_case_4143181_load' <Predicate = (icmp_ln340)> <Delay = 0.00>
ST_13 : Operation 82 [1/1] (0.00ns)   --->   "%write_ln0 = write void @_ssdm_op_Write.ap_auto.floatP0A, i32 %mux_case_4143181_out, i32 %mux_case_4143181_load"   --->   Operation 82 'write' 'write_ln0' <Predicate = (icmp_ln340)> <Delay = 0.00>
ST_13 : Operation 83 [1/1] (0.00ns)   --->   "%write_ln0 = write void @_ssdm_op_Write.ap_auto.floatP0A, i32 %mux_case_3141178_out, i32 %mux_case_3141178_load"   --->   Operation 83 'write' 'write_ln0' <Predicate = (icmp_ln340)> <Delay = 0.00>
ST_13 : Operation 84 [1/1] (0.00ns)   --->   "%write_ln0 = write void @_ssdm_op_Write.ap_auto.floatP0A, i32 %mux_case_2139175_out, i32 %mux_case_2139175_load"   --->   Operation 84 'write' 'write_ln0' <Predicate = (icmp_ln340)> <Delay = 0.00>
ST_13 : Operation 85 [1/1] (0.00ns)   --->   "%write_ln0 = write void @_ssdm_op_Write.ap_auto.floatP0A, i32 %mux_case_1137172_out, i32 %mux_case_1137172_load"   --->   Operation 85 'write' 'write_ln0' <Predicate = (icmp_ln340)> <Delay = 0.00>
ST_13 : Operation 86 [1/1] (0.00ns)   --->   "%write_ln0 = write void @_ssdm_op_Write.ap_auto.floatP0A, i32 %mux_case_0135169_out, i32 %mux_case_0135169_load"   --->   Operation 86 'write' 'write_ln0' <Predicate = (icmp_ln340)> <Delay = 0.00>
ST_13 : Operation 87 [1/1] (0.00ns)   --->   "%write_ln0 = write void @_ssdm_op_Write.ap_auto.floatP0A, i32 %se_out, i32 %se_load_1"   --->   Operation 87 'write' 'write_ln0' <Predicate = (icmp_ln340)> <Delay = 0.00>
ST_13 : Operation 88 [1/1] (1.58ns)   --->   "%ret_ln0 = ret"   --->   Operation 88 'ret' 'ret_ln0' <Predicate = (icmp_ln340)> <Delay = 1.58>

State 14 <SV = 13> <Delay = 10.5>
ST_14 : Operation 69 [1/1] (0.00ns)   --->   "%se_load = load i32 %se" [cnn.cpp:340->cnn.cpp:398]   --->   Operation 69 'load' 'se_load' <Predicate = true> <Delay = 0.00>
ST_14 : Operation 70 [4/4] (10.5ns)   --->   "%se_1 = fadd i32 %se_load, i32 %ev" [cnn.cpp:340->cnn.cpp:398]   --->   Operation 70 'fadd' 'se_1' <Predicate = true> <Delay = 10.5> <CoreInst = "FAddSub_fulldsp">   --->   Core 18 'FAddSub_fulldsp' <Latency = 3> <II = 1> <Delay = 10.5> <FuncUnit> <Opcode : 'fadd' 'fsub'> <InPorts = 2> <OutPorts = 1>

State 15 <SV = 14> <Delay = 10.5>
ST_15 : Operation 71 [3/4] (10.5ns)   --->   "%se_1 = fadd i32 %se_load, i32 %ev" [cnn.cpp:340->cnn.cpp:398]   --->   Operation 71 'fadd' 'se_1' <Predicate = true> <Delay = 10.5> <CoreInst = "FAddSub_fulldsp">   --->   Core 18 'FAddSub_fulldsp' <Latency = 3> <II = 1> <Delay = 10.5> <FuncUnit> <Opcode : 'fadd' 'fsub'> <InPorts = 2> <OutPorts = 1>

State 16 <SV = 15> <Delay = 10.5>
ST_16 : Operation 72 [2/4] (10.5ns)   --->   "%se_1 = fadd i32 %se_load, i32 %ev" [cnn.cpp:340->cnn.cpp:398]   --->   Operation 72 'fadd' 'se_1' <Predicate = true> <Delay = 10.5> <CoreInst = "FAddSub_fulldsp">   --->   Core 18 'FAddSub_fulldsp' <Latency = 3> <II = 1> <Delay = 10.5> <FuncUnit> <Opcode : 'fadd' 'fsub'> <InPorts = 2> <OutPorts = 1>

State 17 <SV = 16> <Delay = 10.5>
ST_17 : Operation 73 [1/4] (10.5ns)   --->   "%se_1 = fadd i32 %se_load, i32 %ev" [cnn.cpp:340->cnn.cpp:398]   --->   Operation 73 'fadd' 'se_1' <Predicate = true> <Delay = 10.5> <CoreInst = "FAddSub_fulldsp">   --->   Core 18 'FAddSub_fulldsp' <Latency = 3> <II = 1> <Delay = 10.5> <FuncUnit> <Opcode : 'fadd' 'fsub'> <InPorts = 2> <OutPorts = 1>

State 18 <SV = 17> <Delay = 1.58>
ST_18 : Operation 74 [1/1] (1.58ns)   --->   "%store_ln338 = store i32 %se_1, i32 %se" [cnn.cpp:338->cnn.cpp:398]   --->   Operation 74 'store' 'store_ln338' <Predicate = true> <Delay = 1.58>
ST_18 : Operation 75 [1/1] (0.00ns)   --->   "%br_ln340 = br void %for.inc43.i" [cnn.cpp:340->cnn.cpp:398]   --->   Operation 75 'br' 'br_ln340' <Predicate = true> <Delay = 0.00>


============================================================
+ Verbose Summary: Timing violations
============================================================
Target clock period: 15.000ns, clock uncertainty: 4.050ns.

 <State 1>: 4.826ns
The critical path consists of the following:
	'store' operation 0 bit ('store_ln340', cnn.cpp:340->cnn.cpp:398) of constant 0 on local variable 'o', cnn.cpp:340->cnn.cpp:398 [26]  (1.588 ns)
	'load' operation 3 bit ('o', cnn.cpp:340->cnn.cpp:398) on local variable 'o', cnn.cpp:340->cnn.cpp:398 [30]  (0.000 ns)
	'icmp' operation 1 bit ('icmp_ln340', cnn.cpp:340->cnn.cpp:398) [31]  (1.650 ns)
	'store' operation 0 bit ('store_ln340', cnn.cpp:340->cnn.cpp:398) of variable 'add_ln340', cnn.cpp:340->cnn.cpp:398 on local variable 'o', cnn.cpp:340->cnn.cpp:398 [60]  (1.588 ns)

 <State 2>: 10.533ns
The critical path consists of the following:
	'fsub' operation 32 bit ('sub_i', cnn.cpp:340->cnn.cpp:398) [39]  (10.533 ns)

 <State 3>: 10.533ns
The critical path consists of the following:
	'fsub' operation 32 bit ('sub_i', cnn.cpp:340->cnn.cpp:398) [39]  (10.533 ns)

 <State 4>: 10.533ns
The critical path consists of the following:
	'fsub' operation 32 bit ('sub_i', cnn.cpp:340->cnn.cpp:398) [39]  (10.533 ns)

 <State 5>: 10.533ns
The critical path consists of the following:
	'fsub' operation 32 bit ('sub_i', cnn.cpp:340->cnn.cpp:398) [39]  (10.533 ns)

 <State 6>: 8.956ns
The critical path consists of the following:
	'fexp' operation 32 bit ('ev', cnn.cpp:340->cnn.cpp:398) [40]  (8.956 ns)

 <State 7>: 8.956ns
The critical path consists of the following:
	'fexp' operation 32 bit ('ev', cnn.cpp:340->cnn.cpp:398) [40]  (8.956 ns)

 <State 8>: 8.956ns
The critical path consists of the following:
	'fexp' operation 32 bit ('ev', cnn.cpp:340->cnn.cpp:398) [40]  (8.956 ns)

 <State 9>: 8.956ns
The critical path consists of the following:
	'fexp' operation 32 bit ('ev', cnn.cpp:340->cnn.cpp:398) [40]  (8.956 ns)

 <State 10>: 8.956ns
The critical path consists of the following:
	'fexp' operation 32 bit ('ev', cnn.cpp:340->cnn.cpp:398) [40]  (8.956 ns)

 <State 11>: 8.956ns
The critical path consists of the following:
	'fexp' operation 32 bit ('ev', cnn.cpp:340->cnn.cpp:398) [40]  (8.956 ns)

 <State 12>: 8.956ns
The critical path consists of the following:
	'fexp' operation 32 bit ('ev', cnn.cpp:340->cnn.cpp:398) [40]  (8.956 ns)

 <State 13>: 8.956ns
The critical path consists of the following:
	'fexp' operation 32 bit ('ev', cnn.cpp:340->cnn.cpp:398) [40]  (8.956 ns)
	'store' operation 0 bit ('store_ln340', cnn.cpp:340->cnn.cpp:398) of variable 'ev', cnn.cpp:340->cnn.cpp:398 on local variable 'mux_case_2139175' [46]  (0.000 ns)

 <State 14>: 10.533ns
The critical path consists of the following:
	'load' operation 32 bit ('se_load', cnn.cpp:340->cnn.cpp:398) on local variable 'se', cnn.cpp:338->cnn.cpp:398 [58]  (0.000 ns)
	'fadd' operation 32 bit ('se', cnn.cpp:340->cnn.cpp:398) [59]  (10.533 ns)

 <State 15>: 10.533ns
The critical path consists of the following:
	'fadd' operation 32 bit ('se', cnn.cpp:340->cnn.cpp:398) [59]  (10.533 ns)

 <State 16>: 10.533ns
The critical path consists of the following:
	'fadd' operation 32 bit ('se', cnn.cpp:340->cnn.cpp:398) [59]  (10.533 ns)

 <State 17>: 10.533ns
The critical path consists of the following:
	'fadd' operation 32 bit ('se', cnn.cpp:340->cnn.cpp:398) [59]  (10.533 ns)

 <State 18>: 1.588ns
The critical path consists of the following:
	'store' operation 0 bit ('store_ln338', cnn.cpp:338->cnn.cpp:398) of variable 'se', cnn.cpp:340->cnn.cpp:398 on local variable 'se', cnn.cpp:338->cnn.cpp:398 [61]  (1.588 ns)


============================================================
+ Verbose Summary: Binding
============================================================
N/A
* FSMD analyzer results:
  - Output states:
 - Input state : 
  - Chain level:
	State 1
	State 2
	State 3
	State 4
	State 5
	State 6
	State 7
	State 8
	State 9
	State 10
	State 11
	State 12
	State 13
	State 14
	State 15
	State 16
	State 17
	State 18


============================================================
+ Verbose Summary: Datapath Resource usage 
============================================================
N/A
