

================================================================
== Vitis HLS Report for 'ecg_cnn_top_Pipeline_VITIS_LOOP_296_2'
================================================================
* Date:           Tue Mar 31 12:27:57 2026

* Version:        2025.1 (Build 6135595 on May 21 2025)
* Project:        ecg_cnn_top
* Solution:       hls (Vivado IP Flow Target)
* Product family: zynq
* Target device:  xc7z020-clg400-1


================================================================
== Performance Estimates
================================================================
+ Timing: 
    * Summary: 
    +--------+----------+-----------+------------+
    |  Clock |  Target  | Estimated | Uncertainty|
    +--------+----------+-----------+------------+
    |ap_clk  |  15.00 ns|  12.121 ns|     4.05 ns|
    +--------+----------+-----------+------------+

+ Latency: 
    * Summary: 
    +---------+---------+----------+----------+-----+-----+------------------------------------------------+
    |  Latency (cycles) |  Latency (absolute) |  Interval |                    Pipeline                    |
    |   min   |   max   |    min   |    max   | min | max |                      Type                      |
    +---------+---------+----------+----------+-----+-----+------------------------------------------------+
    |      207|      207|  3.105 us|  3.105 us|  195|  195|  loop auto-rewind stp (delay=0 clock cycles(s))|
    +---------+---------+----------+----------+-----+-----+------------------------------------------------+

    + Detail: 
        * Instance: 
        N/A

        * Loop: 
        +--------------------+---------+---------+----------+-----------+-----------+------+----------+
        |                    |  Latency (cycles) | Iteration|  Initiation Interval  | Trip |          |
        |      Loop Name     |   min   |   max   |  Latency |  achieved |   target  | Count| Pipelined|
        +--------------------+---------+---------+----------+-----------+-----------+------+----------+
        |- VITIS_LOOP_296_2  |      205|      205|        17|          3|          1|    64|       yes|
        +--------------------+---------+---------+----------+-----------+-----------+------+----------+

============================================================
+ Verbose Summary: Synthesis Manager
============================================================
InlineROM: 1
ExposeGlobal: 0
============================================================
+ Verbose Summary: CDFG Model
============================================================
IsTopModel: 0
ResetActiveHigh: 1
IsCombinational: 0
IsDatapathOnly: 0
HasWiredReturn: 1
HasMFsm: 2
HasVarLatency: 1
IsPipeline: 0
IsRtlPipelined: 0
IsInstanceOverlapped: 0
IsDontTouch: 0
HasImplIP: 0
IsGatedGlobalClock: 0

+ Individual pipeline summary: 
  * Pipeline-0: initiation interval (II) = 3, depth = 17


============================================================
+ Verbose Summary: Schedule
============================================================
* Number of FSM states : 17
* Pipeline : 1
  Pipeline-0 : II = 3, D = 17, States = { 1 2 3 4 5 6 7 8 9 10 11 12 13 14 15 16 17 }
* Dataflow Pipeline: 0

* FSM state transitions: 
1 --> 2 
2 --> 3 
3 --> 4 
4 --> 5 
5 --> 6 
6 --> 7 
7 --> 8 
8 --> 9 
9 --> 10 
10 --> 11 
11 --> 12 
12 --> 13 
13 --> 14 
14 --> 15 
15 --> 16 
16 --> 17 
17 --> 

* FSM state operations: 

State 1 <SV = 0> <Delay = 5.04>
ST_1 : Operation 20 [1/1] (0.00ns)   --->   "%acc = alloca i32 1" [cnn.cpp:295->cnn.cpp:396]   --->   Operation 20 'alloca' 'acc' <Predicate = true> <Delay = 0.00>
ST_1 : Operation 21 [1/1] (0.00ns)   --->   "%i = alloca i32 1" [cnn.cpp:296->cnn.cpp:396]   --->   Operation 21 'alloca' 'i' <Predicate = true> <Delay = 0.00>
ST_1 : Operation 22 [1/1] (0.00ns)   --->   "%ecg_mulmulcnn_top_float_float_gap_out_lo_signed_char_double_read = read i32 @_ssdm_op_Read.ap_auto.float, i32 %ecg_cnn_top_float_float_gap_out"   --->   Operation 22 'read' 'ecg_mulmulcnn_top_float_float_gap_out_lo_signed_char_double_read' <Predicate = true> <Delay = 0.00>
ST_1 : Operation 23 [1/1] (0.00ns)   --->   "%ecg_mulmulcnn_top_float_float_gap_out_l_unsigned_int128_signed_char_double_read = read i32 @_ssdm_op_Read.ap_auto.float, i32 %ecg_cnn_top_float_float_gap_out_119"   --->   Operation 23 'read' 'ecg_mulmulcnn_top_float_float_gap_out_l_unsigned_int128_signed_char_double_read' <Predicate = true> <Delay = 0.00>
ST_1 : Operation 24 [1/1] (0.00ns)   --->   "%ecg_mulmulcnn_top_float_float_gap_out_long_unsigned_int128_signed_char_double_read = read i32 @_ssdm_op_Read.ap_auto.float, i32 %ecg_cnn_top_float_float_gap_out_118"   --->   Operation 24 'read' 'ecg_mulmulcnn_top_float_float_gap_out_long_unsigned_int128_signed_char_double_read' <Predicate = true> <Delay = 0.00>
ST_1 : Operation 25 [1/1] (0.00ns)   --->   "%p_ZZ11ecg_cnn_topPfS_E7gap_out_60_load_read = read i32 @_ssdm_op_Read.ap_auto.float, i32 %p_ZZ11ecg_cnn_topPfS_E7gap_out_60_load"   --->   Operation 25 'read' 'p_ZZ11ecg_cnn_topPfS_E7gap_out_60_load_read' <Predicate = true> <Delay = 0.00>
ST_1 : Operation 26 [1/1] (0.00ns)   --->   "%ecg_cnn_top_float_float_gap_out_177 = read i32 @_ssdm_op_Read.ap_auto.float, i32 %p_ZZ11ecg_cnn_topPfS_E7gap_out_59_load"   --->   Operation 26 'read' 'ecg_cnn_top_float_float_gap_out_177' <Predicate = true> <Delay = 0.00>
ST_1 : Operation 27 [1/1] (0.00ns)   --->   "%ecg_cnn_top_float_float_gap_out_178 = read i32 @_ssdm_op_Read.ap_auto.float, i32 %p_ZZ11ecg_cnn_topPfS_E7gap_out_58_load"   --->   Operation 27 'read' 'ecg_cnn_top_float_float_gap_out_178' <Predicate = true> <Delay = 0.00>
ST_1 : Operation 28 [1/1] (0.00ns)   --->   "%ecg_cnn_top_float_float_gap_out_179 = read i32 @_ssdm_op_Read.ap_auto.float, i32 %p_ZZ11ecg_cnn_topPfS_E7gap_out_57_load"   --->   Operation 28 'read' 'ecg_cnn_top_float_float_gap_out_179' <Predicate = true> <Delay = 0.00>
ST_1 : Operation 29 [1/1] (0.00ns)   --->   "%ecg_cnn_top_float_float_gap_out_180 = read i32 @_ssdm_op_Read.ap_auto.float, i32 %p_ZZ11ecg_cnn_topPfS_E7gap_out_56_load"   --->   Operation 29 'read' 'ecg_cnn_top_float_float_gap_out_180' <Predicate = true> <Delay = 0.00>
ST_1 : Operation 30 [1/1] (0.00ns)   --->   "%ecg_mulmulcnn_top_float_float_gap_out_load_read = read i32 @_ssdm_op_Read.ap_auto.float, i32 %ecg_cnn_top_float_float_gap_out_117"   --->   Operation 30 'read' 'ecg_mulmulcnn_top_float_float_gap_out_load_read' <Predicate = true> <Delay = 0.00>
ST_1 : Operation 31 [1/1] (0.00ns)   --->   "%ecg_mulmulcnn_top_float_float_gap_out_loa_double_read = read i32 @_ssdm_op_Read.ap_auto.float, i32 %ecg_cnn_top_float_float_gap_out_116"   --->   Operation 31 'read' 'ecg_mulmulcnn_top_float_float_gap_out_loa_double_read' <Predicate = true> <Delay = 0.00>
ST_1 : Operation 32 [1/1] (0.00ns)   --->   "%ecg_mulmulcnn_top_float_float_gap_out_lo_signed_char_double_read_181 = read i32 @_ssdm_op_Read.ap_auto.float, i32 %ecg_cnn_top_float_float_gap_out_115"   --->   Operation 32 'read' 'ecg_mulmulcnn_top_float_float_gap_out_lo_signed_char_double_read_181' <Predicate = true> <Delay = 0.00>
ST_1 : Operation 33 [1/1] (0.00ns)   --->   "%ecg_mulmulcnn_top_float_float_gap_out_l_unsigned_int128_signed_char_double_read_182 = read i32 @_ssdm_op_Read.ap_auto.float, i32 %ecg_cnn_top_float_float_gap_out_114"   --->   Operation 33 'read' 'ecg_mulmulcnn_top_float_float_gap_out_l_unsigned_int128_signed_char_double_read_182' <Predicate = true> <Delay = 0.00>
ST_1 : Operation 34 [1/1] (0.00ns)   --->   "%ecg_mulmulcnn_top_float_float_gap_out_long_unsigned_int128_signed_char_double_read_183 = read i32 @_ssdm_op_Read.ap_auto.float, i32 %ecg_cnn_top_float_float_gap_out_113"   --->   Operation 34 'read' 'ecg_mulmulcnn_top_float_float_gap_out_long_unsigned_int128_signed_char_double_read_183' <Predicate = true> <Delay = 0.00>
ST_1 : Operation 35 [1/1] (0.00ns)   --->   "%p_ZZ11ecg_cnn_topPfS_E7gap_out_50_load_read = read i32 @_ssdm_op_Read.ap_auto.float, i32 %p_ZZ11ecg_cnn_topPfS_E7gap_out_50_load"   --->   Operation 35 'read' 'p_ZZ11ecg_cnn_topPfS_E7gap_out_50_load_read' <Predicate = true> <Delay = 0.00>
ST_1 : Operation 36 [1/1] (0.00ns)   --->   "%ecg_cnn_top_float_float_gap_out_184 = read i32 @_ssdm_op_Read.ap_auto.float, i32 %p_ZZ11ecg_cnn_topPfS_E7gap_out_49_load"   --->   Operation 36 'read' 'ecg_cnn_top_float_float_gap_out_184' <Predicate = true> <Delay = 0.00>
ST_1 : Operation 37 [1/1] (0.00ns)   --->   "%ecg_cnn_top_float_float_gap_out_185 = read i32 @_ssdm_op_Read.ap_auto.float, i32 %p_ZZ11ecg_cnn_topPfS_E7gap_out_48_load"   --->   Operation 37 'read' 'ecg_cnn_top_float_float_gap_out_185' <Predicate = true> <Delay = 0.00>
ST_1 : Operation 38 [1/1] (0.00ns)   --->   "%ecg_cnn_top_float_float_gap_out_186 = read i32 @_ssdm_op_Read.ap_auto.float, i32 %p_ZZ11ecg_cnn_topPfS_E7gap_out_47_load"   --->   Operation 38 'read' 'ecg_cnn_top_float_float_gap_out_186' <Predicate = true> <Delay = 0.00>
ST_1 : Operation 39 [1/1] (0.00ns)   --->   "%ecg_cnn_top_float_float_gap_out_187 = read i32 @_ssdm_op_Read.ap_auto.float, i32 %p_ZZ11ecg_cnn_topPfS_E7gap_out_46_load"   --->   Operation 39 'read' 'ecg_cnn_top_float_float_gap_out_187' <Predicate = true> <Delay = 0.00>
ST_1 : Operation 40 [1/1] (0.00ns)   --->   "%ecg_mulmulcnn_top_float_float_gap_out_load_read_188 = read i32 @_ssdm_op_Read.ap_auto.float, i32 %ecg_cnn_top_float_float_gap_out_112"   --->   Operation 40 'read' 'ecg_mulmulcnn_top_float_float_gap_out_load_read_188' <Predicate = true> <Delay = 0.00>
ST_1 : Operation 41 [1/1] (0.00ns)   --->   "%ecg_mulmulcnn_top_float_float_gap_out_loa_double_read_189 = read i32 @_ssdm_op_Read.ap_auto.float, i32 %ecg_cnn_top_float_float_gap_out_111"   --->   Operation 41 'read' 'ecg_mulmulcnn_top_float_float_gap_out_loa_double_read_189' <Predicate = true> <Delay = 0.00>
ST_1 : Operation 42 [1/1] (0.00ns)   --->   "%ecg_mulmulcnn_top_float_float_gap_out_lo_signed_char_double_read_190 = read i32 @_ssdm_op_Read.ap_auto.float, i32 %ecg_cnn_top_float_float_gap_out_110"   --->   Operation 42 'read' 'ecg_mulmulcnn_top_float_float_gap_out_lo_signed_char_double_read_190' <Predicate = true> <Delay = 0.00>
ST_1 : Operation 43 [1/1] (0.00ns)   --->   "%ecg_mulmulcnn_top_float_float_gap_out_l_unsigned_int128_signed_char_double_read_191 = read i32 @_ssdm_op_Read.ap_auto.float, i32 %ecg_cnn_top_float_float_gap_out_109"   --->   Operation 43 'read' 'ecg_mulmulcnn_top_float_float_gap_out_l_unsigned_int128_signed_char_double_read_191' <Predicate = true> <Delay = 0.00>
ST_1 : Operation 44 [1/1] (0.00ns)   --->   "%ecg_mulmulcnn_top_float_float_gap_out_long_unsigned_int128_signed_char_double_read_192 = read i32 @_ssdm_op_Read.ap_auto.float, i32 %ecg_cnn_top_float_float_gap_out_108"   --->   Operation 44 'read' 'ecg_mulmulcnn_top_float_float_gap_out_long_unsigned_int128_signed_char_double_read_192' <Predicate = true> <Delay = 0.00>
ST_1 : Operation 45 [1/1] (0.00ns)   --->   "%p_ZZ11ecg_cnn_topPfS_E7gap_out_40_load_read = read i32 @_ssdm_op_Read.ap_auto.float, i32 %p_ZZ11ecg_cnn_topPfS_E7gap_out_40_load"   --->   Operation 45 'read' 'p_ZZ11ecg_cnn_topPfS_E7gap_out_40_load_read' <Predicate = true> <Delay = 0.00>
ST_1 : Operation 46 [1/1] (0.00ns)   --->   "%ecg_cnn_top_float_float_gap_out_193 = read i32 @_ssdm_op_Read.ap_auto.float, i32 %p_ZZ11ecg_cnn_topPfS_E7gap_out_39_load"   --->   Operation 46 'read' 'ecg_cnn_top_float_float_gap_out_193' <Predicate = true> <Delay = 0.00>
ST_1 : Operation 47 [1/1] (0.00ns)   --->   "%ecg_cnn_top_float_float_gap_out_194 = read i32 @_ssdm_op_Read.ap_auto.float, i32 %p_ZZ11ecg_cnn_topPfS_E7gap_out_38_load"   --->   Operation 47 'read' 'ecg_cnn_top_float_float_gap_out_194' <Predicate = true> <Delay = 0.00>
ST_1 : Operation 48 [1/1] (0.00ns)   --->   "%ecg_cnn_top_float_float_gap_out_195 = read i32 @_ssdm_op_Read.ap_auto.float, i32 %p_ZZ11ecg_cnn_topPfS_E7gap_out_37_load"   --->   Operation 48 'read' 'ecg_cnn_top_float_float_gap_out_195' <Predicate = true> <Delay = 0.00>
ST_1 : Operation 49 [1/1] (0.00ns)   --->   "%ecg_cnn_top_float_float_gap_out_196 = read i32 @_ssdm_op_Read.ap_auto.float, i32 %p_ZZ11ecg_cnn_topPfS_E7gap_out_36_load"   --->   Operation 49 'read' 'ecg_cnn_top_float_float_gap_out_196' <Predicate = true> <Delay = 0.00>
ST_1 : Operation 50 [1/1] (0.00ns)   --->   "%ecg_mulmulcnn_top_float_float_gap_out_load_read_197 = read i32 @_ssdm_op_Read.ap_auto.float, i32 %ecg_cnn_top_float_float_gap_out_107"   --->   Operation 50 'read' 'ecg_mulmulcnn_top_float_float_gap_out_load_read_197' <Predicate = true> <Delay = 0.00>
ST_1 : Operation 51 [1/1] (0.00ns)   --->   "%ecg_mulmulcnn_top_float_float_gap_out_loa_double_read_198 = read i32 @_ssdm_op_Read.ap_auto.float, i32 %ecg_cnn_top_float_float_gap_out_106"   --->   Operation 51 'read' 'ecg_mulmulcnn_top_float_float_gap_out_loa_double_read_198' <Predicate = true> <Delay = 0.00>
ST_1 : Operation 52 [1/1] (0.00ns)   --->   "%ecg_mulmulcnn_top_float_float_gap_out_lo_signed_char_double_read_199 = read i32 @_ssdm_op_Read.ap_auto.float, i32 %ecg_cnn_top_float_float_gap_out_105"   --->   Operation 52 'read' 'ecg_mulmulcnn_top_float_float_gap_out_lo_signed_char_double_read_199' <Predicate = true> <Delay = 0.00>
ST_1 : Operation 53 [1/1] (0.00ns)   --->   "%ecg_mulmulcnn_top_float_float_gap_out_l_unsigned_int128_signed_char_double_read_200 = read i32 @_ssdm_op_Read.ap_auto.float, i32 %ecg_cnn_top_float_float_gap_out_104"   --->   Operation 53 'read' 'ecg_mulmulcnn_top_float_float_gap_out_l_unsigned_int128_signed_char_double_read_200' <Predicate = true> <Delay = 0.00>
ST_1 : Operation 54 [1/1] (0.00ns)   --->   "%ecg_mulmulcnn_top_float_float_gap_out_long_unsigned_int128_signed_char_double_read_201 = read i32 @_ssdm_op_Read.ap_auto.float, i32 %ecg_cnn_top_float_float_gap_out_103"   --->   Operation 54 'read' 'ecg_mulmulcnn_top_float_float_gap_out_long_unsigned_int128_signed_char_double_read_201' <Predicate = true> <Delay = 0.00>
ST_1 : Operation 55 [1/1] (0.00ns)   --->   "%p_ZZ11ecg_cnn_topPfS_E7gap_out_30_load_read = read i32 @_ssdm_op_Read.ap_auto.float, i32 %p_ZZ11ecg_cnn_topPfS_E7gap_out_30_load"   --->   Operation 55 'read' 'p_ZZ11ecg_cnn_topPfS_E7gap_out_30_load_read' <Predicate = true> <Delay = 0.00>
ST_1 : Operation 56 [1/1] (0.00ns)   --->   "%ecg_cnn_top_float_float_gap_out_202 = read i32 @_ssdm_op_Read.ap_auto.float, i32 %p_ZZ11ecg_cnn_topPfS_E7gap_out_29_load"   --->   Operation 56 'read' 'ecg_cnn_top_float_float_gap_out_202' <Predicate = true> <Delay = 0.00>
ST_1 : Operation 57 [1/1] (0.00ns)   --->   "%ecg_cnn_top_float_float_gap_out_203 = read i32 @_ssdm_op_Read.ap_auto.float, i32 %p_ZZ11ecg_cnn_topPfS_E7gap_out_28_load"   --->   Operation 57 'read' 'ecg_cnn_top_float_float_gap_out_203' <Predicate = true> <Delay = 0.00>
ST_1 : Operation 58 [1/1] (0.00ns)   --->   "%ecg_cnn_top_float_float_gap_out_204 = read i32 @_ssdm_op_Read.ap_auto.float, i32 %p_ZZ11ecg_cnn_topPfS_E7gap_out_27_load"   --->   Operation 58 'read' 'ecg_cnn_top_float_float_gap_out_204' <Predicate = true> <Delay = 0.00>
ST_1 : Operation 59 [1/1] (0.00ns)   --->   "%ecg_cnn_top_float_float_gap_out_205 = read i32 @_ssdm_op_Read.ap_auto.float, i32 %p_ZZ11ecg_cnn_topPfS_E7gap_out_26_load"   --->   Operation 59 'read' 'ecg_cnn_top_float_float_gap_out_205' <Predicate = true> <Delay = 0.00>
ST_1 : Operation 60 [1/1] (0.00ns)   --->   "%ecg_mulmulcnn_top_float_float_gap_out_load_read_206 = read i32 @_ssdm_op_Read.ap_auto.float, i32 %ecg_cnn_top_float_float_gap_out_102"   --->   Operation 60 'read' 'ecg_mulmulcnn_top_float_float_gap_out_load_read_206' <Predicate = true> <Delay = 0.00>
ST_1 : Operation 61 [1/1] (0.00ns)   --->   "%ecg_mulmulcnn_top_float_float_gap_out_loa_double_read_207 = read i32 @_ssdm_op_Read.ap_auto.float, i32 %ecg_cnn_top_float_float_gap_out_101"   --->   Operation 61 'read' 'ecg_mulmulcnn_top_float_float_gap_out_loa_double_read_207' <Predicate = true> <Delay = 0.00>
ST_1 : Operation 62 [1/1] (0.00ns)   --->   "%ecg_mulmulcnn_top_float_float_gap_out_lo_signed_char_double_read_208 = read i32 @_ssdm_op_Read.ap_auto.float, i32 %ecg_cnn_top_float_float_gap_out_100"   --->   Operation 62 'read' 'ecg_mulmulcnn_top_float_float_gap_out_lo_signed_char_double_read_208' <Predicate = true> <Delay = 0.00>
ST_1 : Operation 63 [1/1] (0.00ns)   --->   "%ecg_mulmulcnn_top_float_float_gap_out_l_unsigned_int128_signed_char_double_read_209 = read i32 @_ssdm_op_Read.ap_auto.float, i32 %ecg_cnn_top_float_float_gap_out_99"   --->   Operation 63 'read' 'ecg_mulmulcnn_top_float_float_gap_out_l_unsigned_int128_signed_char_double_read_209' <Predicate = true> <Delay = 0.00>
ST_1 : Operation 64 [1/1] (0.00ns)   --->   "%ecg_mulmulcnn_top_float_float_gap_out_long_unsigned_int128_signed_char_double_read_210 = read i32 @_ssdm_op_Read.ap_auto.float, i32 %ecg_cnn_top_float_float_gap_out_98"   --->   Operation 64 'read' 'ecg_mulmulcnn_top_float_float_gap_out_long_unsigned_int128_signed_char_double_read_210' <Predicate = true> <Delay = 0.00>
ST_1 : Operation 65 [1/1] (0.00ns)   --->   "%p_ZZ11ecg_cnn_topPfS_E7gap_out_20_load_read = read i32 @_ssdm_op_Read.ap_auto.float, i32 %p_ZZ11ecg_cnn_topPfS_E7gap_out_20_load"   --->   Operation 65 'read' 'p_ZZ11ecg_cnn_topPfS_E7gap_out_20_load_read' <Predicate = true> <Delay = 0.00>
ST_1 : Operation 66 [1/1] (0.00ns)   --->   "%ecg_cnn_top_float_float_gap_out_211 = read i32 @_ssdm_op_Read.ap_auto.float, i32 %p_ZZ11ecg_cnn_topPfS_E7gap_out_19_load"   --->   Operation 66 'read' 'ecg_cnn_top_float_float_gap_out_211' <Predicate = true> <Delay = 0.00>
ST_1 : Operation 67 [1/1] (0.00ns)   --->   "%ecg_cnn_top_float_float_gap_out_212 = read i32 @_ssdm_op_Read.ap_auto.float, i32 %p_ZZ11ecg_cnn_topPfS_E7gap_out_18_load"   --->   Operation 67 'read' 'ecg_cnn_top_float_float_gap_out_212' <Predicate = true> <Delay = 0.00>
ST_1 : Operation 68 [1/1] (0.00ns)   --->   "%ecg_cnn_top_float_float_gap_out_213 = read i32 @_ssdm_op_Read.ap_auto.float, i32 %p_ZZ11ecg_cnn_topPfS_E7gap_out_17_load"   --->   Operation 68 'read' 'ecg_cnn_top_float_float_gap_out_213' <Predicate = true> <Delay = 0.00>
ST_1 : Operation 69 [1/1] (0.00ns)   --->   "%ecg_cnn_top_float_float_gap_out_214 = read i32 @_ssdm_op_Read.ap_auto.float, i32 %p_ZZ11ecg_cnn_topPfS_E7gap_out_16_load"   --->   Operation 69 'read' 'ecg_cnn_top_float_float_gap_out_214' <Predicate = true> <Delay = 0.00>
ST_1 : Operation 70 [1/1] (0.00ns)   --->   "%ecg_mulmulcnn_top_float_float_gap_out_load_read_215 = read i32 @_ssdm_op_Read.ap_auto.float, i32 %ecg_cnn_top_float_float_gap_out_97"   --->   Operation 70 'read' 'ecg_mulmulcnn_top_float_float_gap_out_load_read_215' <Predicate = true> <Delay = 0.00>
ST_1 : Operation 71 [1/1] (0.00ns)   --->   "%ecg_mulmulcnn_top_float_float_gap_out_loa_double_read_216 = read i32 @_ssdm_op_Read.ap_auto.float, i32 %ecg_cnn_top_float_float_gap_out_96"   --->   Operation 71 'read' 'ecg_mulmulcnn_top_float_float_gap_out_loa_double_read_216' <Predicate = true> <Delay = 0.00>
ST_1 : Operation 72 [1/1] (0.00ns)   --->   "%ecg_mulmulcnn_top_float_float_gap_out_lo_signed_char_double_read_217 = read i32 @_ssdm_op_Read.ap_auto.float, i32 %ecg_cnn_top_float_float_gap_out_95"   --->   Operation 72 'read' 'ecg_mulmulcnn_top_float_float_gap_out_lo_signed_char_double_read_217' <Predicate = true> <Delay = 0.00>
ST_1 : Operation 73 [1/1] (0.00ns)   --->   "%ecg_mulmulcnn_top_float_float_gap_out_l_unsigned_int128_signed_char_double_read_218 = read i32 @_ssdm_op_Read.ap_auto.float, i32 %ecg_cnn_top_float_float_gap_out_94"   --->   Operation 73 'read' 'ecg_mulmulcnn_top_float_float_gap_out_l_unsigned_int128_signed_char_double_read_218' <Predicate = true> <Delay = 0.00>
ST_1 : Operation 74 [1/1] (0.00ns)   --->   "%ecg_mulmulcnn_top_float_float_gap_out_long_unsigned_int128_signed_char_double_read_219 = read i32 @_ssdm_op_Read.ap_auto.float, i32 %ecg_cnn_top_float_float_gap_out_93"   --->   Operation 74 'read' 'ecg_mulmulcnn_top_float_float_gap_out_long_unsigned_int128_signed_char_double_read_219' <Predicate = true> <Delay = 0.00>
ST_1 : Operation 75 [1/1] (0.00ns)   --->   "%p_ZZ11ecg_cnn_topPfS_E7gap_out_10_load_read = read i32 @_ssdm_op_Read.ap_auto.float, i32 %p_ZZ11ecg_cnn_topPfS_E7gap_out_10_load"   --->   Operation 75 'read' 'p_ZZ11ecg_cnn_topPfS_E7gap_out_10_load_read' <Predicate = true> <Delay = 0.00>
ST_1 : Operation 76 [1/1] (0.00ns)   --->   "%ecg_cnn_top_float_float_gap_out_9_load_read = read i32 @_ssdm_op_Read.ap_auto.float, i32 %ecg_cnn_top_float_float_gap_out_9_load"   --->   Operation 76 'read' 'ecg_cnn_top_float_float_gap_out_9_load_read' <Predicate = true> <Delay = 0.00>
ST_1 : Operation 77 [1/1] (0.00ns)   --->   "%ecg_cnn_top_float_float_gap_out_8_load_read = read i32 @_ssdm_op_Read.ap_auto.float, i32 %ecg_cnn_top_float_float_gap_out_8_load"   --->   Operation 77 'read' 'ecg_cnn_top_float_float_gap_out_8_load_read' <Predicate = true> <Delay = 0.00>
ST_1 : Operation 78 [1/1] (0.00ns)   --->   "%ecg_cnn_top_float_float_gap_out_7_load_read = read i32 @_ssdm_op_Read.ap_auto.float, i32 %ecg_cnn_top_float_float_gap_out_7_load"   --->   Operation 78 'read' 'ecg_cnn_top_float_float_gap_out_7_load_read' <Predicate = true> <Delay = 0.00>
ST_1 : Operation 79 [1/1] (0.00ns)   --->   "%ecg_cnn_top_float_float_gap_out_6_load_read = read i32 @_ssdm_op_Read.ap_auto.float, i32 %ecg_cnn_top_float_float_gap_out_6_load"   --->   Operation 79 'read' 'ecg_cnn_top_float_float_gap_out_6_load_read' <Predicate = true> <Delay = 0.00>
ST_1 : Operation 80 [1/1] (0.00ns)   --->   "%ecg_cnn_top_float_float_gap_out_5_load_read = read i32 @_ssdm_op_Read.ap_auto.float, i32 %ecg_cnn_top_float_float_gap_out_5_load"   --->   Operation 80 'read' 'ecg_cnn_top_float_float_gap_out_5_load_read' <Predicate = true> <Delay = 0.00>
ST_1 : Operation 81 [1/1] (0.00ns)   --->   "%ecg_cnn_top_float_float_gap_out_4_load_read = read i32 @_ssdm_op_Read.ap_auto.float, i32 %ecg_cnn_top_float_float_gap_out_4_load"   --->   Operation 81 'read' 'ecg_cnn_top_float_float_gap_out_4_load_read' <Predicate = true> <Delay = 0.00>
ST_1 : Operation 82 [1/1] (0.00ns)   --->   "%ecg_cnn_top_float_float_gap_out_3_load_read = read i32 @_ssdm_op_Read.ap_auto.float, i32 %ecg_cnn_top_float_float_gap_out_3_load"   --->   Operation 82 'read' 'ecg_cnn_top_float_float_gap_out_3_load_read' <Predicate = true> <Delay = 0.00>
ST_1 : Operation 83 [1/1] (0.00ns)   --->   "%ecg_cnn_top_float_float_gap_out_2_load_read = read i32 @_ssdm_op_Read.ap_auto.float, i32 %ecg_cnn_top_float_float_gap_out_2_load"   --->   Operation 83 'read' 'ecg_cnn_top_float_float_gap_out_2_load_read' <Predicate = true> <Delay = 0.00>
ST_1 : Operation 84 [1/1] (0.00ns)   --->   "%ecg_cnn_top_float_float_gap_out_1_load_read = read i32 @_ssdm_op_Read.ap_auto.float, i32 %ecg_cnn_top_float_float_gap_out_1_load"   --->   Operation 84 'read' 'ecg_cnn_top_float_float_gap_out_1_load_read' <Predicate = true> <Delay = 0.00>
ST_1 : Operation 85 [1/1] (0.00ns)   --->   "%ecg_cnn_top_float_float_gap_out_load_read = read i32 @_ssdm_op_Read.ap_auto.float, i32 %ecg_cnn_top_float_float_gap_out_load"   --->   Operation 85 'read' 'ecg_cnn_top_float_float_gap_out_load_read' <Predicate = true> <Delay = 0.00>
ST_1 : Operation 86 [1/1] (0.00ns)   --->   "%zext_ln294_read = read i6 @_ssdm_op_Read.ap_auto.i6, i6 %zext_ln294"   --->   Operation 86 'read' 'zext_ln294_read' <Predicate = true> <Delay = 0.00>
ST_1 : Operation 87 [1/1] (0.00ns)   --->   "%acc_27_read = read i32 @_ssdm_op_Read.ap_auto.float, i32 %acc_27"   --->   Operation 87 'read' 'acc_27_read' <Predicate = true> <Delay = 0.00>
ST_1 : Operation 88 [1/1] (1.58ns)   --->   "%store_ln296 = store i7 0, i7 %i" [cnn.cpp:296->cnn.cpp:396]   --->   Operation 88 'store' 'store_ln296' <Predicate = true> <Delay = 1.58>
ST_1 : Operation 89 [1/1] (1.58ns)   --->   "%store_ln295 = store i32 %acc_27_read, i32 %acc" [cnn.cpp:295->cnn.cpp:396]   --->   Operation 89 'store' 'store_ln295' <Predicate = true> <Delay = 1.58>
ST_1 : Operation 90 [1/1] (0.00ns)   --->   "%br_ln0 = br void %for.inc.i271"   --->   Operation 90 'br' 'br_ln0' <Predicate = true> <Delay = 0.00>
ST_1 : Operation 91 [1/1] (0.00ns)   --->   "%i_2 = load i7 %i" [cnn.cpp:296->cnn.cpp:396]   --->   Operation 91 'load' 'i_2' <Predicate = true> <Delay = 0.00>
ST_1 : Operation 92 [1/1] (1.87ns)   --->   "%icmp_ln296 = icmp_eq  i7 %i_2, i7 64" [cnn.cpp:296->cnn.cpp:396]   --->   Operation 92 'icmp' 'icmp_ln296' <Predicate = true> <Delay = 1.87> <CoreInst = "Cmp">   --->   Core 9 'Cmp' <Latency = 0> <II = 1> <Delay = 1.87> <FuncUnit> <Opcode : 'seteq' 'setne' 'setle' 'setge' 'setlt' 'setgt'> <InPorts = 2> <OutPorts = 1>
ST_1 : Operation 93 [1/1] (1.87ns)   --->   "%add_ln296 = add i7 %i_2, i7 1" [cnn.cpp:296->cnn.cpp:396]   --->   Operation 93 'add' 'add_ln296' <Predicate = true> <Delay = 1.87> <CoreInst = "Adder">   --->   Core 1 'Adder' <Latency = 0> <II = 1> <Delay = 1.87> <FuncUnit> <Opcode : 'add' 'sub'> <InPorts = 2> <OutPorts = 1>
ST_1 : Operation 94 [1/1] (0.00ns)   --->   "%br_ln296 = br i1 %icmp_ln296, void %for.inc.i271.split, void %for.inc20.i.exitStub" [cnn.cpp:296->cnn.cpp:396]   --->   Operation 94 'br' 'br_ln296' <Predicate = true> <Delay = 0.00>
ST_1 : Operation 95 [1/1] (0.00ns)   --->   "%trunc_ln296 = trunc i7 %i_2" [cnn.cpp:296->cnn.cpp:396]   --->   Operation 95 'trunc' 'trunc_ln296' <Predicate = (!icmp_ln296)> <Delay = 0.00>
ST_1 : Operation 96 [1/1] (0.00ns)   --->   "%add_ln = bitconcatenate i12 @_ssdm_op_BitConcatenate.i12.i6.i6, i6 %trunc_ln296, i6 %zext_ln294_read" [cnn.cpp:298->cnn.cpp:396]   --->   Operation 96 'bitconcatenate' 'add_ln' <Predicate = (!icmp_ln296)> <Delay = 0.00>
ST_1 : Operation 97 [1/1] (0.00ns)   --->   "%zext_ln298 = zext i12 %add_ln" [cnn.cpp:298->cnn.cpp:396]   --->   Operation 97 'zext' 'zext_ln298' <Predicate = (!icmp_ln296)> <Delay = 0.00>
ST_1 : Operation 98 [1/1] (0.00ns)   --->   "%fc1_w_addr = getelementptr i8 %fc1_w, i64 0, i64 %zext_ln298" [cnn.cpp:298->cnn.cpp:396]   --->   Operation 98 'getelementptr' 'fc1_w_addr' <Predicate = (!icmp_ln296)> <Delay = 0.00>
ST_1 : Operation 99 [1/1] (3.13ns)   --->   "%tmp_2 = sparsemux i32 @_ssdm_op_SparseMux.ap_auto.64float.float.i6, i6 0, i32 %ecg_cnn_top_float_float_gap_out_load_read, i6 1, i32 %ecg_cnn_top_float_float_gap_out_1_load_read, i6 2, i32 %ecg_cnn_top_float_float_gap_out_2_load_read, i6 3, i32 %ecg_cnn_top_float_float_gap_out_3_load_read, i6 4, i32 %ecg_cnn_top_float_float_gap_out_4_load_read, i6 5, i32 %ecg_cnn_top_float_float_gap_out_5_load_read, i6 6, i32 %ecg_cnn_top_float_float_gap_out_6_load_read, i6 7, i32 %ecg_cnn_top_float_float_gap_out_7_load_read, i6 8, i32 %ecg_cnn_top_float_float_gap_out_8_load_read, i6 9, i32 %ecg_cnn_top_float_float_gap_out_9_load_read, i6 10, i32 %p_ZZ11ecg_cnn_topPfS_E7gap_out_10_load_read, i6 11, i32 %ecg_mulmulcnn_top_float_float_gap_out_long_unsigned_int128_signed_char_double_read_219, i6 12, i32 %ecg_mulmulcnn_top_float_float_gap_out_l_unsigned_int128_signed_char_double_read_218, i6 13, i32 %ecg_mulmulcnn_top_float_float_gap_out_lo_signed_char_double_read_217, i6 14, i32 %ecg_mulmulcnn_top_float_float_gap_out_loa_double_read_216, i6 15, i32 %ecg_mulmulcnn_top_float_float_gap_out_load_read_215, i6 16, i32 %ecg_cnn_top_float_float_gap_out_214, i6 17, i32 %ecg_cnn_top_float_float_gap_out_213, i6 18, i32 %ecg_cnn_top_float_float_gap_out_212, i6 19, i32 %ecg_cnn_top_float_float_gap_out_211, i6 20, i32 %p_ZZ11ecg_cnn_topPfS_E7gap_out_20_load_read, i6 21, i32 %ecg_mulmulcnn_top_float_float_gap_out_long_unsigned_int128_signed_char_double_read_210, i6 22, i32 %ecg_mulmulcnn_top_float_float_gap_out_l_unsigned_int128_signed_char_double_read_209, i6 23, i32 %ecg_mulmulcnn_top_float_float_gap_out_lo_signed_char_double_read_208, i6 24, i32 %ecg_mulmulcnn_top_float_float_gap_out_loa_double_read_207, i6 25, i32 %ecg_mulmulcnn_top_float_float_gap_out_load_read_206, i6 26, i32 %ecg_cnn_top_float_float_gap_out_205, i6 27, i32 %ecg_cnn_top_float_float_gap_out_204, i6 28, i32 %ecg_cnn_top_float_float_gap_out_203, i6 29, i32 %ecg_cnn_top_float_float_gap_out_202, i6 30, i32 %p_ZZ11ecg_cnn_topPfS_E7gap_out_30_load_read, i6 31, i32 %ecg_mulmulcnn_top_float_float_gap_out_long_unsigned_int128_signed_char_double_read_201, i6 32, i32 %ecg_mulmulcnn_top_float_float_gap_out_l_unsigned_int128_signed_char_double_read_200, i6 33, i32 %ecg_mulmulcnn_top_float_float_gap_out_lo_signed_char_double_read_199, i6 34, i32 %ecg_mulmulcnn_top_float_float_gap_out_loa_double_read_198, i6 35, i32 %ecg_mulmulcnn_top_float_float_gap_out_load_read_197, i6 36, i32 %ecg_cnn_top_float_float_gap_out_196, i6 37, i32 %ecg_cnn_top_float_float_gap_out_195, i6 38, i32 %ecg_cnn_top_float_float_gap_out_194, i6 39, i32 %ecg_cnn_top_float_float_gap_out_193, i6 40, i32 %p_ZZ11ecg_cnn_topPfS_E7gap_out_40_load_read, i6 41, i32 %ecg_mulmulcnn_top_float_float_gap_out_long_unsigned_int128_signed_char_double_read_192, i6 42, i32 %ecg_mulmulcnn_top_float_float_gap_out_l_unsigned_int128_signed_char_double_read_191, i6 43, i32 %ecg_mulmulcnn_top_float_float_gap_out_lo_signed_char_double_read_190, i6 44, i32 %ecg_mulmulcnn_top_float_float_gap_out_loa_double_read_189, i6 45, i32 %ecg_mulmulcnn_top_float_float_gap_out_load_read_188, i6 46, i32 %ecg_cnn_top_float_float_gap_out_187, i6 47, i32 %ecg_cnn_top_float_float_gap_out_186, i6 48, i32 %ecg_cnn_top_float_float_gap_out_185, i6 49, i32 %ecg_cnn_top_float_float_gap_out_184, i6 50, i32 %p_ZZ11ecg_cnn_topPfS_E7gap_out_50_load_read, i6 51, i32 %ecg_mulmulcnn_top_float_float_gap_out_long_unsigned_int128_signed_char_double_read_183, i6 52, i32 %ecg_mulmulcnn_top_float_float_gap_out_l_unsigned_int128_signed_char_double_read_182, i6 53, i32 %ecg_mulmulcnn_top_float_float_gap_out_lo_signed_char_double_read_181, i6 54, i32 %ecg_mulmulcnn_top_float_float_gap_out_loa_double_read, i6 55, i32 %ecg_mulmulcnn_top_float_float_gap_out_load_read, i6 56, i32 %ecg_cnn_top_float_float_gap_out_180, i6 57, i32 %ecg_cnn_top_float_float_gap_out_179, i6 58, i32 %ecg_cnn_top_float_float_gap_out_178, i6 59, i32 %ecg_cnn_top_float_float_gap_out_177, i6 60, i32 %p_ZZ11ecg_cnn_topPfS_E7gap_out_60_load_read, i6 61, i32 %ecg_mulmulcnn_top_float_float_gap_out_long_unsigned_int128_signed_char_double_read, i6 62, i32 %ecg_mulmulcnn_top_float_float_gap_out_l_unsigned_int128_signed_char_double_read, i6 63, i32 %ecg_mulmulcnn_top_float_float_gap_out_lo_signed_char_double_read, i32 <undef>, i6 %trunc_ln296" [cnn.cpp:298->cnn.cpp:396]   --->   Operation 99 'sparsemux' 'tmp_2' <Predicate = (!icmp_ln296)> <Delay = 3.13> <CoreInst = "BinarySparseMux_DontCare">   --->   Core 137 'BinarySparseMux_DontCare' <Latency = 0> <II = 1> <Delay = 3.13> <FuncUnit> <Opcode : 'sparsemux'> <InPorts = 2> <OutPorts = 1>
ST_1 : Operation 100 [2/2] (3.25ns)   --->   "%fc1_w_load = load i12 %fc1_w_addr" [cnn.cpp:298->cnn.cpp:396]   --->   Operation 100 'load' 'fc1_w_load' <Predicate = (!icmp_ln296)> <Delay = 3.25> <CoreInst = "ROM">   --->   Core 94 'ROM' <Latency = 1> <II = 1> <Delay = 3.25> <Storage> <Opcode : 'load'> <Ports = 0> <Width = 8> <Depth = 4096> <ROM>
ST_1 : Operation 101 [1/1] (1.58ns)   --->   "%store_ln296 = store i7 %add_ln296, i7 %i" [cnn.cpp:296->cnn.cpp:396]   --->   Operation 101 'store' 'store_ln296' <Predicate = (!icmp_ln296)> <Delay = 1.58>

State 2 <SV = 1> <Delay = 5.16>
ST_2 : Operation 102 [1/2] ( I:3.25ns O:3.25ns )   --->   "%fc1_w_load = load i12 %fc1_w_addr" [cnn.cpp:298->cnn.cpp:396]   --->   Operation 102 'load' 'fc1_w_load' <Predicate = (!icmp_ln296)> <Delay = 3.25> <CoreInst = "ROM">   --->   Core 94 'ROM' <Latency = 1> <II = 1> <Delay = 3.25> <Storage> <Opcode : 'load'> <Ports = 0> <Width = 8> <Depth = 4096> <ROM>
ST_2 : Operation 103 [1/1] (0.00ns)   --->   "%sext_ln38 = sext i8 %fc1_w_load" [cnn.cpp:38->cnn.cpp:298->cnn.cpp:396]   --->   Operation 103 'sext' 'sext_ln38' <Predicate = (!icmp_ln296)> <Delay = 0.00>
ST_2 : Operation 104 [1/1] (1.91ns)   --->   "%add_ln38 = add i9 %sext_ln38, i9 510" [cnn.cpp:38->cnn.cpp:298->cnn.cpp:396]   --->   Operation 104 'add' 'add_ln38' <Predicate = (!icmp_ln296)> <Delay = 1.91> <CoreInst = "Adder">   --->   Core 1 'Adder' <Latency = 0> <II = 1> <Delay = 1.91> <FuncUnit> <Opcode : 'add' 'sub'> <InPorts = 2> <OutPorts = 1>

State 3 <SV = 2> <Delay = 10.6>
ST_3 : Operation 105 [1/1] (0.00ns)   --->   "%sext_ln38_7 = sext i9 %add_ln38" [cnn.cpp:38->cnn.cpp:298->cnn.cpp:396]   --->   Operation 105 'sext' 'sext_ln38_7' <Predicate = (!icmp_ln296)> <Delay = 0.00>
ST_3 : Operation 106 [4/4] (10.6ns)   --->   "%conv1_i12_i = sitofp i32 %sext_ln38_7" [cnn.cpp:38->cnn.cpp:298->cnn.cpp:396]   --->   Operation 106 'sitofp' 'conv1_i12_i' <Predicate = (!icmp_ln296)> <Delay = 10.6> <CoreInst = "Int2Float">   --->   Core 62 'Int2Float' <Latency = 3> <II = 1> <Delay = 10.6> <FuncUnit> <Opcode : 'uitofp' 'sitofp'> <InPorts = 1> <OutPorts = 1>

State 4 <SV = 3> <Delay = 10.6>
ST_4 : Operation 107 [3/4] (10.6ns)   --->   "%conv1_i12_i = sitofp i32 %sext_ln38_7" [cnn.cpp:38->cnn.cpp:298->cnn.cpp:396]   --->   Operation 107 'sitofp' 'conv1_i12_i' <Predicate = true> <Delay = 10.6> <CoreInst = "Int2Float">   --->   Core 62 'Int2Float' <Latency = 3> <II = 1> <Delay = 10.6> <FuncUnit> <Opcode : 'uitofp' 'sitofp'> <InPorts = 1> <OutPorts = 1>

State 5 <SV = 4> <Delay = 10.6>
ST_5 : Operation 108 [2/4] (10.6ns)   --->   "%conv1_i12_i = sitofp i32 %sext_ln38_7" [cnn.cpp:38->cnn.cpp:298->cnn.cpp:396]   --->   Operation 108 'sitofp' 'conv1_i12_i' <Predicate = true> <Delay = 10.6> <CoreInst = "Int2Float">   --->   Core 62 'Int2Float' <Latency = 3> <II = 1> <Delay = 10.6> <FuncUnit> <Opcode : 'uitofp' 'sitofp'> <InPorts = 1> <OutPorts = 1>

State 6 <SV = 5> <Delay = 10.6>
ST_6 : Operation 109 [1/4] (10.6ns)   --->   "%conv1_i12_i = sitofp i32 %sext_ln38_7" [cnn.cpp:38->cnn.cpp:298->cnn.cpp:396]   --->   Operation 109 'sitofp' 'conv1_i12_i' <Predicate = true> <Delay = 10.6> <CoreInst = "Int2Float">   --->   Core 62 'Int2Float' <Latency = 3> <II = 1> <Delay = 10.6> <FuncUnit> <Opcode : 'uitofp' 'sitofp'> <InPorts = 1> <OutPorts = 1>

State 7 <SV = 6> <Delay = 10.3>
ST_7 : Operation 110 [3/3] (10.3ns)   --->   "%mul_i13_i = fmul i32 %conv1_i12_i, i32 0.0115664" [cnn.cpp:38->cnn.cpp:298->cnn.cpp:396]   --->   Operation 110 'fmul' 'mul_i13_i' <Predicate = true> <Delay = 10.3> <CoreInst = "FMul_maxdsp">   --->   Core 30 'FMul_maxdsp' <Latency = 2> <II = 1> <Delay = 10.3> <FuncUnit> <Opcode : 'fmul'> <InPorts = 2> <OutPorts = 1>

State 8 <SV = 7> <Delay = 10.3>
ST_8 : Operation 111 [2/3] (10.3ns)   --->   "%mul_i13_i = fmul i32 %conv1_i12_i, i32 0.0115664" [cnn.cpp:38->cnn.cpp:298->cnn.cpp:396]   --->   Operation 111 'fmul' 'mul_i13_i' <Predicate = true> <Delay = 10.3> <CoreInst = "FMul_maxdsp">   --->   Core 30 'FMul_maxdsp' <Latency = 2> <II = 1> <Delay = 10.3> <FuncUnit> <Opcode : 'fmul'> <InPorts = 2> <OutPorts = 1>

State 9 <SV = 8> <Delay = 10.3>
ST_9 : Operation 112 [1/3] (10.3ns)   --->   "%mul_i13_i = fmul i32 %conv1_i12_i, i32 0.0115664" [cnn.cpp:38->cnn.cpp:298->cnn.cpp:396]   --->   Operation 112 'fmul' 'mul_i13_i' <Predicate = true> <Delay = 10.3> <CoreInst = "FMul_maxdsp">   --->   Core 30 'FMul_maxdsp' <Latency = 2> <II = 1> <Delay = 10.3> <FuncUnit> <Opcode : 'fmul'> <InPorts = 2> <OutPorts = 1>

State 10 <SV = 9> <Delay = 0.00>

State 11 <SV = 10> <Delay = 10.3>
ST_11 : Operation 113 [3/3] (10.3ns)   --->   "%mul_i8 = fmul i32 %tmp_2, i32 %mul_i13_i" [cnn.cpp:298->cnn.cpp:396]   --->   Operation 113 'fmul' 'mul_i8' <Predicate = true> <Delay = 10.3> <CoreInst = "FMul_maxdsp">   --->   Core 30 'FMul_maxdsp' <Latency = 2> <II = 1> <Delay = 10.3> <FuncUnit> <Opcode : 'fmul'> <InPorts = 2> <OutPorts = 1>

State 12 <SV = 11> <Delay = 10.3>
ST_12 : Operation 114 [2/3] (10.3ns)   --->   "%mul_i8 = fmul i32 %tmp_2, i32 %mul_i13_i" [cnn.cpp:298->cnn.cpp:396]   --->   Operation 114 'fmul' 'mul_i8' <Predicate = true> <Delay = 10.3> <CoreInst = "FMul_maxdsp">   --->   Core 30 'FMul_maxdsp' <Latency = 2> <II = 1> <Delay = 10.3> <FuncUnit> <Opcode : 'fmul'> <InPorts = 2> <OutPorts = 1>

State 13 <SV = 12> <Delay = 10.3>
ST_13 : Operation 115 [1/3] (10.3ns)   --->   "%mul_i8 = fmul i32 %tmp_2, i32 %mul_i13_i" [cnn.cpp:298->cnn.cpp:396]   --->   Operation 115 'fmul' 'mul_i8' <Predicate = true> <Delay = 10.3> <CoreInst = "FMul_maxdsp">   --->   Core 30 'FMul_maxdsp' <Latency = 2> <II = 1> <Delay = 10.3> <FuncUnit> <Opcode : 'fmul'> <InPorts = 2> <OutPorts = 1>

State 14 <SV = 13> <Delay = 10.5>
ST_14 : Operation 116 [1/1] (0.00ns)   --->   "%acc_load_4 = load i32 %acc" [cnn.cpp:298->cnn.cpp:396]   --->   Operation 116 'load' 'acc_load_4' <Predicate = true> <Delay = 0.00>
ST_14 : Operation 117 [4/4] (10.5ns)   --->   "%acc_6 = fadd i32 %acc_load_4, i32 %mul_i8" [cnn.cpp:298->cnn.cpp:396]   --->   Operation 117 'fadd' 'acc_6' <Predicate = true> <Delay = 10.5> <CoreInst = "FAddSub_fulldsp">   --->   Core 18 'FAddSub_fulldsp' <Latency = 3> <II = 1> <Delay = 10.5> <FuncUnit> <Opcode : 'fadd' 'fsub'> <InPorts = 2> <OutPorts = 1>
ST_14 : Operation 126 [1/1] (0.00ns)   --->   "%acc_load = load i32 %acc"   --->   Operation 126 'load' 'acc_load' <Predicate = (icmp_ln296)> <Delay = 0.00>
ST_14 : Operation 127 [1/1] (0.00ns)   --->   "%write_ln0 = write void @_ssdm_op_Write.ap_auto.floatP0A, i32 %acc_31_out, i32 %acc_load"   --->   Operation 127 'write' 'write_ln0' <Predicate = (icmp_ln296)> <Delay = 0.00>
ST_14 : Operation 128 [1/1] (1.58ns)   --->   "%ret_ln0 = ret"   --->   Operation 128 'ret' 'ret_ln0' <Predicate = (icmp_ln296)> <Delay = 1.58>

State 15 <SV = 14> <Delay = 10.5>
ST_15 : Operation 118 [3/4] (10.5ns)   --->   "%acc_6 = fadd i32 %acc_load_4, i32 %mul_i8" [cnn.cpp:298->cnn.cpp:396]   --->   Operation 118 'fadd' 'acc_6' <Predicate = true> <Delay = 10.5> <CoreInst = "FAddSub_fulldsp">   --->   Core 18 'FAddSub_fulldsp' <Latency = 3> <II = 1> <Delay = 10.5> <FuncUnit> <Opcode : 'fadd' 'fsub'> <InPorts = 2> <OutPorts = 1>

State 16 <SV = 15> <Delay = 10.5>
ST_16 : Operation 119 [2/4] (10.5ns)   --->   "%acc_6 = fadd i32 %acc_load_4, i32 %mul_i8" [cnn.cpp:298->cnn.cpp:396]   --->   Operation 119 'fadd' 'acc_6' <Predicate = true> <Delay = 10.5> <CoreInst = "FAddSub_fulldsp">   --->   Core 18 'FAddSub_fulldsp' <Latency = 3> <II = 1> <Delay = 10.5> <FuncUnit> <Opcode : 'fadd' 'fsub'> <InPorts = 2> <OutPorts = 1>

State 17 <SV = 16> <Delay = 12.1>
ST_17 : Operation 120 [1/1] (0.00ns)   --->   "%specpipeline_ln297 = specpipeline void @_ssdm_op_SpecPipeline, i32 1, i32 0, i32 0, i32 0, void @empty_22" [cnn.cpp:297->cnn.cpp:396]   --->   Operation 120 'specpipeline' 'specpipeline_ln297' <Predicate = true> <Delay = 0.00>
ST_17 : Operation 121 [1/1] (0.00ns)   --->   "%speclooptripcount_ln295 = speclooptripcount void @_ssdm_op_SpecLoopTripCount, i64 64, i64 64, i64 64" [cnn.cpp:295->cnn.cpp:396]   --->   Operation 121 'speclooptripcount' 'speclooptripcount_ln295' <Predicate = true> <Delay = 0.00>
ST_17 : Operation 122 [1/1] (0.00ns)   --->   "%specloopname_ln296 = specloopname void @_ssdm_op_SpecLoopName, void @empty_13" [cnn.cpp:296->cnn.cpp:396]   --->   Operation 122 'specloopname' 'specloopname_ln296' <Predicate = true> <Delay = 0.00>
ST_17 : Operation 123 [1/4] (10.5ns)   --->   "%acc_6 = fadd i32 %acc_load_4, i32 %mul_i8" [cnn.cpp:298->cnn.cpp:396]   --->   Operation 123 'fadd' 'acc_6' <Predicate = true> <Delay = 10.5> <CoreInst = "FAddSub_fulldsp">   --->   Core 18 'FAddSub_fulldsp' <Latency = 3> <II = 1> <Delay = 10.5> <FuncUnit> <Opcode : 'fadd' 'fsub'> <InPorts = 2> <OutPorts = 1>
ST_17 : Operation 124 [1/1] (1.58ns)   --->   "%store_ln295 = store i32 %acc_6, i32 %acc" [cnn.cpp:295->cnn.cpp:396]   --->   Operation 124 'store' 'store_ln295' <Predicate = true> <Delay = 1.58>
ST_17 : Operation 125 [1/1] (0.00ns)   --->   "%br_ln296 = br void %for.inc.i271" [cnn.cpp:296->cnn.cpp:396]   --->   Operation 125 'br' 'br_ln296' <Predicate = true> <Delay = 0.00>


============================================================
+ Verbose Summary: Timing violations
============================================================
Target clock period: 15.000ns, clock uncertainty: 4.050ns.

 <State 1>: 5.046ns
The critical path consists of the following:
	'store' operation 0 bit ('store_ln296', cnn.cpp:296->cnn.cpp:396) of constant 0 on local variable 'i', cnn.cpp:296->cnn.cpp:396 [137]  (1.588 ns)
	'load' operation 7 bit ('i', cnn.cpp:296->cnn.cpp:396) on local variable 'i', cnn.cpp:296->cnn.cpp:396 [141]  (0.000 ns)
	'add' operation 7 bit ('add_ln296', cnn.cpp:296->cnn.cpp:396) [143]  (1.870 ns)
	'store' operation 0 bit ('store_ln296', cnn.cpp:296->cnn.cpp:396) of variable 'add_ln296', cnn.cpp:296->cnn.cpp:396 on local variable 'i', cnn.cpp:296->cnn.cpp:396 [163]  (1.588 ns)

 <State 2>: 5.169ns
The critical path consists of the following:
	'load' operation 8 bit ('w', cnn.cpp:298->cnn.cpp:396) on array 'fc1_w' [155]  (3.254 ns)
	'add' operation 9 bit ('add_ln38', cnn.cpp:38->cnn.cpp:298->cnn.cpp:396) [157]  (1.915 ns)

 <State 3>: 10.669ns
The critical path consists of the following:
	'sitofp' operation 32 bit ('conv1_i12_i', cnn.cpp:38->cnn.cpp:298->cnn.cpp:396) [159]  (10.669 ns)

 <State 4>: 10.669ns
The critical path consists of the following:
	'sitofp' operation 32 bit ('conv1_i12_i', cnn.cpp:38->cnn.cpp:298->cnn.cpp:396) [159]  (10.669 ns)

 <State 5>: 10.669ns
The critical path consists of the following:
	'sitofp' operation 32 bit ('conv1_i12_i', cnn.cpp:38->cnn.cpp:298->cnn.cpp:396) [159]  (10.669 ns)

 <State 6>: 10.669ns
The critical path consists of the following:
	'sitofp' operation 32 bit ('conv1_i12_i', cnn.cpp:38->cnn.cpp:298->cnn.cpp:396) [159]  (10.669 ns)

 <State 7>: 10.319ns
The critical path consists of the following:
	'fmul' operation 32 bit ('mul_i13_i', cnn.cpp:38->cnn.cpp:298->cnn.cpp:396) [160]  (10.319 ns)

 <State 8>: 10.319ns
The critical path consists of the following:
	'fmul' operation 32 bit ('mul_i13_i', cnn.cpp:38->cnn.cpp:298->cnn.cpp:396) [160]  (10.319 ns)

 <State 9>: 10.319ns
The critical path consists of the following:
	'fmul' operation 32 bit ('mul_i13_i', cnn.cpp:38->cnn.cpp:298->cnn.cpp:396) [160]  (10.319 ns)

 <State 10>: 0.000ns
The critical path consists of the following:

 <State 11>: 10.319ns
The critical path consists of the following:
	'fmul' operation 32 bit ('mul_i8', cnn.cpp:298->cnn.cpp:396) [161]  (10.319 ns)

 <State 12>: 10.319ns
The critical path consists of the following:
	'fmul' operation 32 bit ('mul_i8', cnn.cpp:298->cnn.cpp:396) [161]  (10.319 ns)

 <State 13>: 10.319ns
The critical path consists of the following:
	'fmul' operation 32 bit ('mul_i8', cnn.cpp:298->cnn.cpp:396) [161]  (10.319 ns)

 <State 14>: 10.533ns
The critical path consists of the following:
	'load' operation 32 bit ('acc_load_4', cnn.cpp:298->cnn.cpp:396) on local variable 'acc', cnn.cpp:295->cnn.cpp:396 [146]  (0.000 ns)
	'fadd' operation 32 bit ('acc', cnn.cpp:298->cnn.cpp:396) [162]  (10.533 ns)

 <State 15>: 10.533ns
The critical path consists of the following:
	'fadd' operation 32 bit ('acc', cnn.cpp:298->cnn.cpp:396) [162]  (10.533 ns)

 <State 16>: 10.533ns
The critical path consists of the following:
	'fadd' operation 32 bit ('acc', cnn.cpp:298->cnn.cpp:396) [162]  (10.533 ns)

 <State 17>: 12.121ns
The critical path consists of the following:
	'fadd' operation 32 bit ('acc', cnn.cpp:298->cnn.cpp:396) [162]  (10.533 ns)
	'store' operation 0 bit ('store_ln295', cnn.cpp:295->cnn.cpp:396) of variable 'acc', cnn.cpp:298->cnn.cpp:396 on local variable 'acc', cnn.cpp:295->cnn.cpp:396 [164]  (1.588 ns)


============================================================
+ Verbose Summary: Binding
============================================================
N/A
* FSMD analyzer results:
  - Output states:
 - Input state : 
  - Chain level:
	State 1
	State 2
	State 3
	State 4
	State 5
	State 6
	State 7
	State 8
	State 9
	State 10
	State 11
	State 12
	State 13
	State 14
	State 15
	State 16
	State 17


============================================================
+ Verbose Summary: Datapath Resource usage 
============================================================
N/A
