

================================================================
== Vitis HLS Report for 'ecg_cnn_top_Pipeline_VITIS_LOOP_266_5_VITIS_LOOP_267_6'
================================================================
* Date:           Tue Mar 31 12:27:53 2026

* Version:        2025.1 (Build 6135595 on May 21 2025)
* Project:        ecg_cnn_top
* Solution:       hls (Vivado IP Flow Target)
* Product family: zynq
* Target device:  xc7z020-clg400-1


================================================================
== Performance Estimates
================================================================
+ Timing: 
    * Summary: 
    +--------+----------+-----------+------------+
    |  Clock |  Target  | Estimated | Uncertainty|
    +--------+----------+-----------+------------+
    |ap_clk  |  15.00 ns|  10.355 ns|     4.05 ns|
    +--------+----------+-----------+------------+

+ Latency: 
    * Summary: 
    +---------+---------+-----------+-----------+-----+-----+------------------------------------------------+
    |  Latency (cycles) |   Latency (absolute)  |  Interval |                    Pipeline                    |
    |   min   |   max   |    min    |    max    | min | max |                      Type                      |
    +---------+---------+-----------+-----------+-----+-----+------------------------------------------------+
    |      708|      708|  10.620 us|  10.620 us|  705|  705|  loop auto-rewind stp (delay=0 clock cycles(s))|
    +---------+---------+-----------+-----------+-----+-----+------------------------------------------------+

    + Detail: 
        * Instance: 
        N/A

        * Loop: 
        +-------------------------------------+---------+---------+----------+-----------+-----------+------+----------+
        |                                     |  Latency (cycles) | Iteration|  Initiation Interval  | Trip |          |
        |              Loop Name              |   min   |   max   |  Latency |  achieved |   target  | Count| Pipelined|
        +-------------------------------------+---------+---------+----------+-----------+-----------+------+----------+
        |- VITIS_LOOP_266_5_VITIS_LOOP_267_6  |      706|      706|         4|          1|          1|   704|       yes|
        +-------------------------------------+---------+---------+----------+-----------+-----------+------+----------+

============================================================
+ Verbose Summary: Synthesis Manager
============================================================
InlineROM: 1
ExposeGlobal: 0
============================================================
+ Verbose Summary: CDFG Model
============================================================
IsTopModel: 0
ResetActiveHigh: 1
IsCombinational: 0
IsDatapathOnly: 0
HasWiredReturn: 1
HasMFsm: 2
HasVarLatency: 1
IsPipeline: 0
IsRtlPipelined: 0
IsInstanceOverlapped: 0
IsDontTouch: 0
HasImplIP: 0
IsGatedGlobalClock: 0

+ Individual pipeline summary: 
  * Pipeline-0: initiation interval (II) = 1, depth = 4


============================================================
+ Verbose Summary: Schedule
============================================================
* Number of FSM states : 4
* Pipeline : 1
  Pipeline-0 : II = 1, D = 4, States = { 1 2 3 4 }
* Dataflow Pipeline: 0

* FSM state transitions: 
1 --> 2 
2 --> 3 
3 --> 4 
4 --> 

* FSM state operations: 

State 1 <SV = 0> <Delay = 9.37>
ST_1 : Operation 7 [1/1] (0.00ns)   --->   "%c = alloca i32 1" [cnn.cpp:267->cnn.cpp:394]   --->   Operation 7 'alloca' 'c' <Predicate = true> <Delay = 0.00>
ST_1 : Operation 8 [1/1] (0.00ns)   --->   "%t = alloca i32 1" [cnn.cpp:266->cnn.cpp:394]   --->   Operation 8 'alloca' 't' <Predicate = true> <Delay = 0.00>
ST_1 : Operation 9 [1/1] (0.00ns)   --->   "%indvar_flatten52 = alloca i32 1"   --->   Operation 9 'alloca' 'indvar_flatten52' <Predicate = true> <Delay = 0.00>
ST_1 : Operation 10 [1/1] (1.58ns)   --->   "%store_ln0 = store i10 0, i10 %indvar_flatten52"   --->   Operation 10 'store' 'store_ln0' <Predicate = true> <Delay = 1.58>
ST_1 : Operation 11 [1/1] (1.58ns)   --->   "%store_ln266 = store i4 0, i4 %t" [cnn.cpp:266->cnn.cpp:394]   --->   Operation 11 'store' 'store_ln266' <Predicate = true> <Delay = 1.58>
ST_1 : Operation 12 [1/1] (1.58ns)   --->   "%store_ln267 = store i7 0, i7 %c" [cnn.cpp:267->cnn.cpp:394]   --->   Operation 12 'store' 'store_ln267' <Predicate = true> <Delay = 1.58>
ST_1 : Operation 13 [1/1] (0.00ns)   --->   "%br_ln0 = br void %for.body51.i252"   --->   Operation 13 'br' 'br_ln0' <Predicate = true> <Delay = 0.00>
ST_1 : Operation 14 [1/1] (0.00ns)   --->   "%indvar_flatten52_load = load i10 %indvar_flatten52" [cnn.cpp:266->cnn.cpp:394]   --->   Operation 14 'load' 'indvar_flatten52_load' <Predicate = true> <Delay = 0.00>
ST_1 : Operation 15 [1/1] (1.73ns)   --->   "%icmp_ln266 = icmp_eq  i10 %indvar_flatten52_load, i10 704" [cnn.cpp:266->cnn.cpp:394]   --->   Operation 15 'icmp' 'icmp_ln266' <Predicate = true> <Delay = 1.73> <CoreInst = "Cmp">   --->   Core 9 'Cmp' <Latency = 0> <II = 1> <Delay = 1.73> <FuncUnit> <Opcode : 'seteq' 'setne' 'setle' 'setge' 'setlt' 'setgt'> <InPorts = 2> <OutPorts = 1>
ST_1 : Operation 16 [1/1] (1.73ns)   --->   "%add_ln266_1 = add i10 %indvar_flatten52_load, i10 1" [cnn.cpp:266->cnn.cpp:394]   --->   Operation 16 'add' 'add_ln266_1' <Predicate = true> <Delay = 1.73> <CoreInst = "Adder">   --->   Core 1 'Adder' <Latency = 0> <II = 1> <Delay = 1.73> <FuncUnit> <Opcode : 'add' 'sub'> <InPorts = 2> <OutPorts = 1>
ST_1 : Operation 17 [1/1] (0.00ns)   --->   "%br_ln266 = br i1 %icmp_ln266, void %for.inc71.i255, void %VITIS_LOOP_282_2.i.preheader.exitStub" [cnn.cpp:266->cnn.cpp:394]   --->   Operation 17 'br' 'br_ln266' <Predicate = true> <Delay = 0.00>
ST_1 : Operation 18 [1/1] (0.00ns)   --->   "%c_load = load i7 %c" [cnn.cpp:267->cnn.cpp:394]   --->   Operation 18 'load' 'c_load' <Predicate = (!icmp_ln266)> <Delay = 0.00>
ST_1 : Operation 19 [1/1] (0.00ns)   --->   "%t_load = load i4 %t" [cnn.cpp:266->cnn.cpp:394]   --->   Operation 19 'load' 't_load' <Predicate = (!icmp_ln266)> <Delay = 0.00>
ST_1 : Operation 20 [1/1] (1.73ns)   --->   "%add_ln266 = add i4 %t_load, i4 1" [cnn.cpp:266->cnn.cpp:394]   --->   Operation 20 'add' 'add_ln266' <Predicate = (!icmp_ln266)> <Delay = 1.73> <CoreInst = "Adder">   --->   Core 1 'Adder' <Latency = 0> <II = 1> <Delay = 1.73> <FuncUnit> <Opcode : 'add' 'sub'> <InPorts = 2> <OutPorts = 1>
ST_1 : Operation 21 [1/1] (1.87ns)   --->   "%icmp_ln267 = icmp_eq  i7 %c_load, i7 64" [cnn.cpp:267->cnn.cpp:394]   --->   Operation 21 'icmp' 'icmp_ln267' <Predicate = (!icmp_ln266)> <Delay = 1.87> <CoreInst = "Cmp">   --->   Core 9 'Cmp' <Latency = 0> <II = 1> <Delay = 1.87> <FuncUnit> <Opcode : 'seteq' 'setne' 'setle' 'setge' 'setlt' 'setgt'> <InPorts = 2> <OutPorts = 1>
ST_1 : Operation 22 [1/1] (0.99ns)   --->   "%select_ln266 = select i1 %icmp_ln267, i7 0, i7 %c_load" [cnn.cpp:266->cnn.cpp:394]   --->   Operation 22 'select' 'select_ln266' <Predicate = (!icmp_ln266)> <Delay = 0.99> <CoreInst = "Sel">   --->   Core 73 'Sel' <Latency = 0> <II = 1> <Delay = 0.99> <FuncUnit> <Opcode : 'select'> <InPorts = 3> <OutPorts = 1>
ST_1 : Operation 23 [1/1] (1.02ns)   --->   "%select_ln266_1 = select i1 %icmp_ln267, i4 %add_ln266, i4 %t_load" [cnn.cpp:266->cnn.cpp:394]   --->   Operation 23 'select' 'select_ln266_1' <Predicate = (!icmp_ln266)> <Delay = 1.02> <CoreInst = "Sel">   --->   Core 73 'Sel' <Latency = 0> <II = 1> <Delay = 1.02> <FuncUnit> <Opcode : 'select'> <InPorts = 3> <OutPorts = 1>
ST_1 : Operation 24 [1/1] (0.00ns)   --->   "%tmp_s = bitconcatenate i10 @_ssdm_op_BitConcatenate.i10.i4.i6, i4 %select_ln266_1, i6 0" [cnn.cpp:271->cnn.cpp:394]   --->   Operation 24 'bitconcatenate' 'tmp_s' <Predicate = (!icmp_ln266)> <Delay = 0.00>
ST_1 : Operation 25 [1/1] (0.00ns)   --->   "%tmp_4 = bitconcatenate i11 @_ssdm_op_BitConcatenate.i11.i4.i7, i4 %select_ln266_1, i7 64" [cnn.cpp:270->cnn.cpp:394]   --->   Operation 25 'bitconcatenate' 'tmp_4' <Predicate = (!icmp_ln266)> <Delay = 0.00>
ST_1 : Operation 26 [1/1] (0.00ns)   --->   "%zext_ln271 = zext i7 %select_ln266" [cnn.cpp:271->cnn.cpp:394]   --->   Operation 26 'zext' 'zext_ln271' <Predicate = (!icmp_ln266)> <Delay = 0.00>
ST_1 : Operation 27 [1/1] (0.00ns)   --->   "%zext_ln271_1 = zext i7 %select_ln266" [cnn.cpp:271->cnn.cpp:394]   --->   Operation 27 'zext' 'zext_ln271_1' <Predicate = (!icmp_ln266)> <Delay = 0.00>
ST_1 : Operation 28 [1/1] (1.73ns)   --->   "%add_ln271 = add i10 %tmp_s, i10 %zext_ln271_1" [cnn.cpp:271->cnn.cpp:394]   --->   Operation 28 'add' 'add_ln271' <Predicate = (!icmp_ln266)> <Delay = 1.73> <CoreInst = "Adder">   --->   Core 1 'Adder' <Latency = 0> <II = 1> <Delay = 1.73> <FuncUnit> <Opcode : 'add' 'sub'> <InPorts = 2> <OutPorts = 1>
ST_1 : Operation 29 [1/1] (0.00ns)   --->   "%tmp_5 = bitconcatenate i11 @_ssdm_op_BitConcatenate.i11.i4.i7, i4 %select_ln266_1, i7 %select_ln266" [cnn.cpp:269->cnn.cpp:394]   --->   Operation 29 'bitconcatenate' 'tmp_5' <Predicate = (!icmp_ln266)> <Delay = 0.00>
ST_1 : Operation 30 [1/1] (0.00ns)   --->   "%zext_ln269 = zext i11 %tmp_5" [cnn.cpp:269->cnn.cpp:394]   --->   Operation 30 'zext' 'zext_ln269' <Predicate = (!icmp_ln266)> <Delay = 0.00>
ST_1 : Operation 31 [1/1] (0.00ns)   --->   "%tmp_addr = getelementptr i32 %tmp, i64 0, i64 %zext_ln269" [cnn.cpp:269->cnn.cpp:394]   --->   Operation 31 'getelementptr' 'tmp_addr' <Predicate = (!icmp_ln266)> <Delay = 0.00>
ST_1 : Operation 32 [1/1] (1.63ns)   --->   "%add_ln270 = add i11 %tmp_4, i11 %zext_ln271" [cnn.cpp:270->cnn.cpp:394]   --->   Operation 32 'add' 'add_ln270' <Predicate = (!icmp_ln266)> <Delay = 1.63> <CoreInst = "Adder">   --->   Core 1 'Adder' <Latency = 0> <II = 1> <Delay = 1.63> <FuncUnit> <Opcode : 'add' 'sub'> <InPorts = 2> <OutPorts = 1>
ST_1 : Operation 33 [1/1] (0.00ns)   --->   "%zext_ln270 = zext i11 %add_ln270" [cnn.cpp:270->cnn.cpp:394]   --->   Operation 33 'zext' 'zext_ln270' <Predicate = (!icmp_ln266)> <Delay = 0.00>
ST_1 : Operation 34 [1/1] (0.00ns)   --->   "%tmp_addr_1 = getelementptr i32 %tmp, i64 0, i64 %zext_ln270" [cnn.cpp:270->cnn.cpp:394]   --->   Operation 34 'getelementptr' 'tmp_addr_1' <Predicate = (!icmp_ln266)> <Delay = 0.00>
ST_1 : Operation 35 [2/2] (3.25ns)   --->   "%v0 = load i11 %tmp_addr" [cnn.cpp:269->cnn.cpp:394]   --->   Operation 35 'load' 'v0' <Predicate = (!icmp_ln266)> <Delay = 3.25> <CoreInst = "RAM_1WnR">   --->   Core 82 'RAM_1WnR' <Latency = 1> <II = 1> <Delay = 3.25> <Storage> <Opcode : 'load' 'store'> <Ports = 17> <Width = 32> <Depth = 1472> <RAM>
ST_1 : Operation 36 [2/2] (3.25ns)   --->   "%v1 = load i11 %tmp_addr_1" [cnn.cpp:270->cnn.cpp:394]   --->   Operation 36 'load' 'v1' <Predicate = (!icmp_ln266)> <Delay = 3.25> <CoreInst = "RAM_1WnR">   --->   Core 82 'RAM_1WnR' <Latency = 1> <II = 1> <Delay = 3.25> <Storage> <Opcode : 'load' 'store'> <Ports = 17> <Width = 32> <Depth = 1472> <RAM>
ST_1 : Operation 37 [1/1] (1.87ns)   --->   "%add_ln267 = add i7 %select_ln266, i7 1" [cnn.cpp:267->cnn.cpp:394]   --->   Operation 37 'add' 'add_ln267' <Predicate = (!icmp_ln266)> <Delay = 1.87> <CoreInst = "Adder">   --->   Core 1 'Adder' <Latency = 0> <II = 1> <Delay = 1.87> <FuncUnit> <Opcode : 'add' 'sub'> <InPorts = 2> <OutPorts = 1>
ST_1 : Operation 38 [1/1] (1.58ns)   --->   "%store_ln266 = store i10 %add_ln266_1, i10 %indvar_flatten52" [cnn.cpp:266->cnn.cpp:394]   --->   Operation 38 'store' 'store_ln266' <Predicate = (!icmp_ln266)> <Delay = 1.58>
ST_1 : Operation 39 [1/1] (1.58ns)   --->   "%store_ln266 = store i4 %select_ln266_1, i4 %t" [cnn.cpp:266->cnn.cpp:394]   --->   Operation 39 'store' 'store_ln266' <Predicate = (!icmp_ln266)> <Delay = 1.58>
ST_1 : Operation 40 [1/1] (1.58ns)   --->   "%store_ln267 = store i7 %add_ln267, i7 %c" [cnn.cpp:267->cnn.cpp:394]   --->   Operation 40 'store' 'store_ln267' <Predicate = (!icmp_ln266)> <Delay = 1.58>

State 2 <SV = 1> <Delay = 8.68>
ST_2 : Operation 41 [1/2] ( I:3.25ns O:3.25ns )   --->   "%v0 = load i11 %tmp_addr" [cnn.cpp:269->cnn.cpp:394]   --->   Operation 41 'load' 'v0' <Predicate = true> <Delay = 3.25> <CoreInst = "RAM_1WnR">   --->   Core 82 'RAM_1WnR' <Latency = 1> <II = 1> <Delay = 3.25> <Storage> <Opcode : 'load' 'store'> <Ports = 17> <Width = 32> <Depth = 1472> <RAM>
ST_2 : Operation 42 [1/2] ( I:3.25ns O:3.25ns )   --->   "%v1 = load i11 %tmp_addr_1" [cnn.cpp:270->cnn.cpp:394]   --->   Operation 42 'load' 'v1' <Predicate = true> <Delay = 3.25> <CoreInst = "RAM_1WnR">   --->   Core 82 'RAM_1WnR' <Latency = 1> <II = 1> <Delay = 3.25> <Storage> <Opcode : 'load' 'store'> <Ports = 17> <Width = 32> <Depth = 1472> <RAM>
ST_2 : Operation 43 [1/1] (0.00ns)   --->   "%bitcast_ln271 = bitcast i32 %v0" [cnn.cpp:271->cnn.cpp:394]   --->   Operation 43 'bitcast' 'bitcast_ln271' <Predicate = true> <Delay = 0.00>
ST_2 : Operation 44 [1/1] (0.00ns)   --->   "%tmp_6 = partselect i8 @_ssdm_op_PartSelect.i8.i32.i32.i32, i32 %bitcast_ln271, i32 23, i32 30" [cnn.cpp:271->cnn.cpp:394]   --->   Operation 44 'partselect' 'tmp_6' <Predicate = true> <Delay = 0.00>
ST_2 : Operation 45 [1/1] (0.00ns)   --->   "%trunc_ln271 = trunc i32 %bitcast_ln271" [cnn.cpp:271->cnn.cpp:394]   --->   Operation 45 'trunc' 'trunc_ln271' <Predicate = true> <Delay = 0.00>
ST_2 : Operation 46 [1/1] (0.00ns)   --->   "%bitcast_ln271_1 = bitcast i32 %v1" [cnn.cpp:271->cnn.cpp:394]   --->   Operation 46 'bitcast' 'bitcast_ln271_1' <Predicate = true> <Delay = 0.00>
ST_2 : Operation 47 [1/1] (0.00ns)   --->   "%tmp_7 = partselect i8 @_ssdm_op_PartSelect.i8.i32.i32.i32, i32 %bitcast_ln271_1, i32 23, i32 30" [cnn.cpp:271->cnn.cpp:394]   --->   Operation 47 'partselect' 'tmp_7' <Predicate = true> <Delay = 0.00>
ST_2 : Operation 48 [1/1] (0.00ns)   --->   "%trunc_ln271_1 = trunc i32 %bitcast_ln271_1" [cnn.cpp:271->cnn.cpp:394]   --->   Operation 48 'trunc' 'trunc_ln271_1' <Predicate = true> <Delay = 0.00>
ST_2 : Operation 49 [1/1] (1.91ns)   --->   "%icmp_ln271 = icmp_ne  i8 %tmp_6, i8 255" [cnn.cpp:271->cnn.cpp:394]   --->   Operation 49 'icmp' 'icmp_ln271' <Predicate = true> <Delay = 1.91> <CoreInst = "Cmp">   --->   Core 9 'Cmp' <Latency = 0> <II = 1> <Delay = 1.91> <FuncUnit> <Opcode : 'seteq' 'setne' 'setle' 'setge' 'setlt' 'setgt'> <InPorts = 2> <OutPorts = 1>
ST_2 : Operation 50 [1/1] (2.28ns)   --->   "%icmp_ln271_1 = icmp_eq  i23 %trunc_ln271, i23 0" [cnn.cpp:271->cnn.cpp:394]   --->   Operation 50 'icmp' 'icmp_ln271_1' <Predicate = true> <Delay = 2.28> <CoreInst = "Cmp">   --->   Core 9 'Cmp' <Latency = 0> <II = 1> <Delay = 2.28> <FuncUnit> <Opcode : 'seteq' 'setne' 'setle' 'setge' 'setlt' 'setgt'> <InPorts = 2> <OutPorts = 1>
ST_2 : Operation 51 [1/1] (1.91ns)   --->   "%icmp_ln271_2 = icmp_ne  i8 %tmp_7, i8 255" [cnn.cpp:271->cnn.cpp:394]   --->   Operation 51 'icmp' 'icmp_ln271_2' <Predicate = true> <Delay = 1.91> <CoreInst = "Cmp">   --->   Core 9 'Cmp' <Latency = 0> <II = 1> <Delay = 1.91> <FuncUnit> <Opcode : 'seteq' 'setne' 'setle' 'setge' 'setlt' 'setgt'> <InPorts = 2> <OutPorts = 1>
ST_2 : Operation 52 [1/1] (2.28ns)   --->   "%icmp_ln271_3 = icmp_eq  i23 %trunc_ln271_1, i23 0" [cnn.cpp:271->cnn.cpp:394]   --->   Operation 52 'icmp' 'icmp_ln271_3' <Predicate = true> <Delay = 2.28> <CoreInst = "Cmp">   --->   Core 9 'Cmp' <Latency = 0> <II = 1> <Delay = 2.28> <FuncUnit> <Opcode : 'seteq' 'setne' 'setle' 'setge' 'setlt' 'setgt'> <InPorts = 2> <OutPorts = 1>
ST_2 : Operation 53 [2/2] (5.43ns)   --->   "%tmp_8 = fcmp_ogt  i32 %v0, i32 %v1" [cnn.cpp:271->cnn.cpp:394]   --->   Operation 53 'fcmp' 'tmp_8' <Predicate = true> <Delay = 5.43> <CoreInst = "FCompare">   --->   Core 19 'FCompare' <Latency = 1> <II = 1> <Delay = 5.43> <FuncUnit> <Opcode : 'fcmp'> <InPorts = 2> <OutPorts = 1>

State 3 <SV = 2> <Delay = 10.3>
ST_3 : Operation 54 [1/1] (0.00ns) (grouped into LUT with out node and_ln271_1)   --->   "%or_ln271 = or i1 %icmp_ln271_1, i1 %icmp_ln271" [cnn.cpp:271->cnn.cpp:394]   --->   Operation 54 'or' 'or_ln271' <Predicate = true> <Delay = 0.00> <CoreInst = "LogicGate">   --->   Core 74 'LogicGate' <Latency = 0> <II = 1> <Delay = 0.97> <FuncUnit> <Opcode : 'and' 'or' 'xor'> <InPorts = 2> <OutPorts = 1>
ST_3 : Operation 55 [1/1] (0.00ns) (grouped into LUT with out node and_ln271_1)   --->   "%or_ln271_1 = or i1 %icmp_ln271_3, i1 %icmp_ln271_2" [cnn.cpp:271->cnn.cpp:394]   --->   Operation 55 'or' 'or_ln271_1' <Predicate = true> <Delay = 0.00> <CoreInst = "LogicGate">   --->   Core 74 'LogicGate' <Latency = 0> <II = 1> <Delay = 0.97> <FuncUnit> <Opcode : 'and' 'or' 'xor'> <InPorts = 2> <OutPorts = 1>
ST_3 : Operation 56 [1/1] (0.00ns) (grouped into LUT with out node and_ln271_1)   --->   "%and_ln271 = and i1 %or_ln271, i1 %or_ln271_1" [cnn.cpp:271->cnn.cpp:394]   --->   Operation 56 'and' 'and_ln271' <Predicate = true> <Delay = 0.00> <CoreInst = "LogicGate">   --->   Core 74 'LogicGate' <Latency = 0> <II = 1> <Delay = 0.97> <FuncUnit> <Opcode : 'and' 'or' 'xor'> <InPorts = 2> <OutPorts = 1>
ST_3 : Operation 57 [1/2] (5.43ns)   --->   "%tmp_8 = fcmp_ogt  i32 %v0, i32 %v1" [cnn.cpp:271->cnn.cpp:394]   --->   Operation 57 'fcmp' 'tmp_8' <Predicate = true> <Delay = 5.43> <CoreInst = "FCompare">   --->   Core 19 'FCompare' <Latency = 1> <II = 1> <Delay = 5.43> <FuncUnit> <Opcode : 'fcmp'> <InPorts = 2> <OutPorts = 1>
ST_3 : Operation 58 [1/1] (0.97ns) (out node of the LUT)   --->   "%and_ln271_1 = and i1 %and_ln271, i1 %tmp_8" [cnn.cpp:271->cnn.cpp:394]   --->   Operation 58 'and' 'and_ln271_1' <Predicate = true> <Delay = 0.97> <CoreInst = "LogicGate">   --->   Core 74 'LogicGate' <Latency = 0> <II = 1> <Delay = 0.97> <FuncUnit> <Opcode : 'and' 'or' 'xor'> <InPorts = 2> <OutPorts = 1>
ST_3 : Operation 59 [1/1] (0.69ns) (out node of the LUT)   --->   "%select_ln271 = select i1 %and_ln271_1, i11 %tmp_5, i11 %add_ln270" [cnn.cpp:271->cnn.cpp:394]   --->   Operation 59 'select' 'select_ln271' <Predicate = true> <Delay = 0.69> <CoreInst = "Sel">   --->   Core 73 'Sel' <Latency = 0> <II = 1> <Delay = 0.69> <FuncUnit> <Opcode : 'select'> <InPorts = 3> <OutPorts = 1>
ST_3 : Operation 60 [1/1] (0.00ns)   --->   "%zext_ln269_1 = zext i11 %select_ln271" [cnn.cpp:269->cnn.cpp:394]   --->   Operation 60 'zext' 'zext_ln269_1' <Predicate = true> <Delay = 0.00>
ST_3 : Operation 61 [1/1] (0.00ns)   --->   "%tmp_addr_2 = getelementptr i32 %tmp, i64 0, i64 %zext_ln269_1" [cnn.cpp:269->cnn.cpp:394]   --->   Operation 61 'getelementptr' 'tmp_addr_2' <Predicate = true> <Delay = 0.00>
ST_3 : Operation 62 [2/2] (3.25ns)   --->   "%empty = load i11 %tmp_addr_2" [cnn.cpp:271->cnn.cpp:394]   --->   Operation 62 'load' 'empty' <Predicate = true> <Delay = 3.25> <CoreInst = "RAM_1WnR">   --->   Core 82 'RAM_1WnR' <Latency = 1> <II = 1> <Delay = 3.25> <Storage> <Opcode : 'load' 'store'> <Ports = 17> <Width = 32> <Depth = 1472> <RAM>
ST_3 : Operation 71 [1/1] (1.58ns)   --->   "%ret_ln0 = ret"   --->   Operation 71 'ret' 'ret_ln0' <Predicate = (icmp_ln266)> <Delay = 1.58>

State 4 <SV = 3> <Delay = 6.50>
ST_4 : Operation 63 [1/1] (0.00ns)   --->   "%specloopname_ln0 = specloopname void @_ssdm_op_SpecLoopName, void @VITIS_LOOP_266_5_VITIS_LOOP_267_6_str"   --->   Operation 63 'specloopname' 'specloopname_ln0' <Predicate = true> <Delay = 0.00>
ST_4 : Operation 64 [1/1] (0.00ns)   --->   "%speclooptripcount_ln0 = speclooptripcount void @_ssdm_op_SpecLoopTripCount, i64 704, i64 704, i64 704"   --->   Operation 64 'speclooptripcount' 'speclooptripcount_ln0' <Predicate = true> <Delay = 0.00>
ST_4 : Operation 65 [1/1] (0.00ns)   --->   "%zext_ln271_2 = zext i10 %add_ln271" [cnn.cpp:271->cnn.cpp:394]   --->   Operation 65 'zext' 'zext_ln271_2' <Predicate = true> <Delay = 0.00>
ST_4 : Operation 66 [1/1] (0.00ns)   --->   "%s4_out_addr = getelementptr i32 %s4_out, i64 0, i64 %zext_ln271_2" [cnn.cpp:271->cnn.cpp:394]   --->   Operation 66 'getelementptr' 's4_out_addr' <Predicate = true> <Delay = 0.00>
ST_4 : Operation 67 [1/1] (0.00ns)   --->   "%specpipeline_ln268 = specpipeline void @_ssdm_op_SpecPipeline, i32 1, i32 0, i32 0, i32 0, void @empty_22" [cnn.cpp:268->cnn.cpp:394]   --->   Operation 67 'specpipeline' 'specpipeline_ln268' <Predicate = true> <Delay = 0.00>
ST_4 : Operation 68 [1/2] ( I:3.25ns O:3.25ns )   --->   "%empty = load i11 %tmp_addr_2" [cnn.cpp:271->cnn.cpp:394]   --->   Operation 68 'load' 'empty' <Predicate = true> <Delay = 3.25> <CoreInst = "RAM_1WnR">   --->   Core 82 'RAM_1WnR' <Latency = 1> <II = 1> <Delay = 3.25> <Storage> <Opcode : 'load' 'store'> <Ports = 17> <Width = 32> <Depth = 1472> <RAM>
ST_4 : Operation 69 [1/1] ( I:3.25ns O:3.25ns )   --->   "%store_ln271 = store i32 %empty, i10 %s4_out_addr" [cnn.cpp:271->cnn.cpp:394]   --->   Operation 69 'store' 'store_ln271' <Predicate = true> <Delay = 3.25> <CoreInst = "RAM">   --->   Core 81 'RAM' <Latency = 1> <II = 1> <Delay = 3.25> <Storage> <Opcode : 'load' 'store'> <Ports = 2> <Width = 32> <Depth = 704> <RAM>
ST_4 : Operation 70 [1/1] (0.00ns)   --->   "%br_ln267 = br void %for.body51.i252" [cnn.cpp:267->cnn.cpp:394]   --->   Operation 70 'br' 'br_ln267' <Predicate = true> <Delay = 0.00>


============================================================
+ Verbose Summary: Timing violations
============================================================
Target clock period: 15.000ns, clock uncertainty: 4.050ns.

 <State 1>: 9.375ns
The critical path consists of the following:
	'store' operation 0 bit ('store_ln267', cnn.cpp:267->cnn.cpp:394) of constant 0 on local variable 'c', cnn.cpp:267->cnn.cpp:394 [8]  (1.588 ns)
	'load' operation 7 bit ('c_load', cnn.cpp:267->cnn.cpp:394) on local variable 'c', cnn.cpp:267->cnn.cpp:394 [16]  (0.000 ns)
	'icmp' operation 1 bit ('icmp_ln267', cnn.cpp:267->cnn.cpp:394) [21]  (1.870 ns)
	'select' operation 4 bit ('select_ln266_1', cnn.cpp:266->cnn.cpp:394) [23]  (1.024 ns)
	'add' operation 11 bit ('add_ln270', cnn.cpp:270->cnn.cpp:394) [34]  (1.639 ns)
	'getelementptr' operation 11 bit ('tmp_addr_1', cnn.cpp:270->cnn.cpp:394) [36]  (0.000 ns)
	'load' operation 32 bit ('v1', cnn.cpp:270->cnn.cpp:394) on array 'tmp' [39]  (3.254 ns)

 <State 2>: 8.685ns
The critical path consists of the following:
	'load' operation 32 bit ('v0', cnn.cpp:269->cnn.cpp:394) on array 'tmp' [38]  (3.254 ns)
	'fcmp' operation 1 bit ('tmp_8', cnn.cpp:271->cnn.cpp:394) [53]  (5.431 ns)

 <State 3>: 10.355ns
The critical path consists of the following:
	'fcmp' operation 1 bit ('tmp_8', cnn.cpp:271->cnn.cpp:394) [53]  (5.431 ns)
	'and' operation 1 bit ('and_ln271_1', cnn.cpp:271->cnn.cpp:394) [54]  (0.978 ns)
	'select' operation 11 bit ('select_ln271', cnn.cpp:271->cnn.cpp:394) [55]  (0.692 ns)
	'getelementptr' operation 11 bit ('tmp_addr_2', cnn.cpp:269->cnn.cpp:394) [57]  (0.000 ns)
	'load' operation 32 bit ('empty', cnn.cpp:271->cnn.cpp:394) on array 'tmp' [58]  (3.254 ns)

 <State 4>: 6.508ns
The critical path consists of the following:
	'load' operation 32 bit ('empty', cnn.cpp:271->cnn.cpp:394) on array 'tmp' [58]  (3.254 ns)
	'store' operation 0 bit ('store_ln271', cnn.cpp:271->cnn.cpp:394) of variable 'empty', cnn.cpp:271->cnn.cpp:394 on array 's4_out' [59]  (3.254 ns)


============================================================
+ Verbose Summary: Binding
============================================================
N/A
* FSMD analyzer results:
  - Output states:
 - Input state : 
  - Chain level:
	State 1
	State 2
	State 3
	State 4


============================================================
+ Verbose Summary: Datapath Resource usage 
============================================================
N/A
