

================================================================
== Vitis HLS Report for 'ecg_cnn_top_Pipeline_VITIS_LOOP_341_5'
================================================================
* Date:           Tue Mar 31 12:28:03 2026

* Version:        2025.1 (Build 6135595 on May 21 2025)
* Project:        ecg_cnn_top
* Solution:       hls (Vivado IP Flow Target)
* Product family: zynq
* Target device:  xc7z020-clg400-1


================================================================
== Performance Estimates
================================================================
+ Timing: 
    * Summary: 
    +--------+----------+-----------+------------+
    |  Clock |  Target  | Estimated | Uncertainty|
    +--------+----------+-----------+------------+
    |ap_clk  |  15.00 ns|  10.950 ns|     4.05 ns|
    +--------+----------+-----------+------------+

+ Latency: 
    * Summary: 
    +---------+---------+----------+----------+-----+-----+------------------------------------------------+
    |  Latency (cycles) |  Latency (absolute) |  Interval |                    Pipeline                    |
    |   min   |   max   |    min   |    max   | min | max |                      Type                      |
    +---------+---------+----------+----------+-----+-----+------------------------------------------------+
    |       19|       19|  0.285 us|  0.285 us|    6|    6|  loop auto-rewind stp (delay=0 clock cycles(s))|
    +---------+---------+----------+----------+-----+-----+------------------------------------------------+

    + Detail: 
        * Instance: 
        N/A

        * Loop: 
        +--------------------+---------+---------+----------+-----------+-----------+------+----------+
        |                    |  Latency (cycles) | Iteration|  Initiation Interval  | Trip |          |
        |      Loop Name     |   min   |   max   |  Latency |  achieved |   target  | Count| Pipelined|
        +--------------------+---------+---------+----------+-----------+-----------+------+----------+
        |- VITIS_LOOP_341_5  |       17|       17|        14|          1|          1|     5|       yes|
        +--------------------+---------+---------+----------+-----------+-----------+------+----------+

============================================================
+ Verbose Summary: Synthesis Manager
============================================================
InlineROM: 1
ExposeGlobal: 0
============================================================
+ Verbose Summary: CDFG Model
============================================================
IsTopModel: 0
ResetActiveHigh: 1
IsCombinational: 0
IsDatapathOnly: 0
HasWiredReturn: 1
HasMFsm: 2
HasVarLatency: 1
IsPipeline: 0
IsRtlPipelined: 0
IsInstanceOverlapped: 0
IsDontTouch: 0
HasImplIP: 0
IsGatedGlobalClock: 0

+ Individual pipeline summary: 
  * Pipeline-0: initiation interval (II) = 1, depth = 14


============================================================
+ Verbose Summary: Schedule
============================================================
* Number of FSM states : 14
* Pipeline : 1
  Pipeline-0 : II = 1, D = 14, States = { 1 2 3 4 5 6 7 8 9 10 11 12 13 14 }
* Dataflow Pipeline: 0

* FSM state transitions: 
1 --> 2 
2 --> 3 
3 --> 4 
4 --> 5 
5 --> 6 
6 --> 7 
7 --> 8 
8 --> 9 
9 --> 10 
10 --> 11 
11 --> 12 
12 --> 13 
13 --> 14 
14 --> 

* FSM state operations: 

State 1 <SV = 0> <Delay = 4.82>
ST_1 : Operation 17 [1/1] (0.00ns)   --->   "%o = alloca i32 1" [cnn.cpp:341->cnn.cpp:398]   --->   Operation 17 'alloca' 'o' <Predicate = true> <Delay = 0.00>
ST_1 : Operation 18 [1/1] (0.00ns)   --->   "%se_reload_read = read i32 @_ssdm_op_Read.ap_auto.float, i32 %se_reload"   --->   Operation 18 'read' 'se_reload_read' <Predicate = true> <Delay = 0.00>
ST_1 : Operation 19 [1/1] (0.00ns)   --->   "%mux_case_4143181_reload_read = read i32 @_ssdm_op_Read.ap_auto.float, i32 %mux_case_4143181_reload"   --->   Operation 19 'read' 'mux_case_4143181_reload_read' <Predicate = true> <Delay = 0.00>
ST_1 : Operation 20 [1/1] (0.00ns)   --->   "%mux_case_3141178_reload_read = read i32 @_ssdm_op_Read.ap_auto.float, i32 %mux_case_3141178_reload"   --->   Operation 20 'read' 'mux_case_3141178_reload_read' <Predicate = true> <Delay = 0.00>
ST_1 : Operation 21 [1/1] (0.00ns)   --->   "%mux_case_2139175_reload_read = read i32 @_ssdm_op_Read.ap_auto.float, i32 %mux_case_2139175_reload"   --->   Operation 21 'read' 'mux_case_2139175_reload_read' <Predicate = true> <Delay = 0.00>
ST_1 : Operation 22 [1/1] (0.00ns)   --->   "%mux_case_1137172_reload_read = read i32 @_ssdm_op_Read.ap_auto.float, i32 %mux_case_1137172_reload"   --->   Operation 22 'read' 'mux_case_1137172_reload_read' <Predicate = true> <Delay = 0.00>
ST_1 : Operation 23 [1/1] (0.00ns)   --->   "%mux_case_0135169_reload_read = read i32 @_ssdm_op_Read.ap_auto.float, i32 %mux_case_0135169_reload"   --->   Operation 23 'read' 'mux_case_0135169_reload_read' <Predicate = true> <Delay = 0.00>
ST_1 : Operation 24 [1/1] (0.00ns)   --->   "%sext_ln341_read = read i62 @_ssdm_op_Read.ap_auto.i62, i62 %sext_ln341"   --->   Operation 24 'read' 'sext_ln341_read' <Predicate = true> <Delay = 0.00>
ST_1 : Operation 25 [1/1] (0.00ns)   --->   "%sext_ln341_cast = sext i62 %sext_ln341_read"   --->   Operation 25 'sext' 'sext_ln341_cast' <Predicate = true> <Delay = 0.00>
ST_1 : Operation 26 [1/1] (0.00ns)   --->   "%specinterface_ln0 = specinterface void @_ssdm_op_SpecInterface, i32 %OUTPUT_BUS, void @empty_15, i32 0, i32 0, void @empty_22, i32 0, i32 5, void @empty_19, void @empty_17, void @empty_22, i32 16, i32 16, i32 16, i32 16, void @empty_22, void @empty_22, i32 4294967295, i32 0, i32 0"   --->   Operation 26 'specinterface' 'specinterface_ln0' <Predicate = true> <Delay = 0.00>
ST_1 : Operation 27 [1/1] (1.58ns)   --->   "%store_ln341 = store i3 0, i3 %o" [cnn.cpp:341->cnn.cpp:398]   --->   Operation 27 'store' 'store_ln341' <Predicate = true> <Delay = 1.58>
ST_1 : Operation 28 [1/1] (0.00ns)   --->   "%br_ln0 = br void %for.inc55.i"   --->   Operation 28 'br' 'br_ln0' <Predicate = true> <Delay = 0.00>
ST_1 : Operation 29 [1/1] (0.00ns)   --->   "%o_1 = load i3 %o" [cnn.cpp:341->cnn.cpp:398]   --->   Operation 29 'load' 'o_1' <Predicate = true> <Delay = 0.00>
ST_1 : Operation 30 [1/1] (0.00ns)   --->   "%specbitsmap_ln0 = specbitsmap void @_ssdm_op_SpecBitsMap, i32 %OUTPUT_BUS"   --->   Operation 30 'specbitsmap' 'specbitsmap_ln0' <Predicate = true> <Delay = 0.00>
ST_1 : Operation 31 [1/1] (1.65ns)   --->   "%icmp_ln341 = icmp_eq  i3 %o_1, i3 5" [cnn.cpp:341->cnn.cpp:398]   --->   Operation 31 'icmp' 'icmp_ln341' <Predicate = true> <Delay = 1.65> <CoreInst = "Cmp">   --->   Core 9 'Cmp' <Latency = 0> <II = 1> <Delay = 1.65> <FuncUnit> <Opcode : 'seteq' 'setne' 'setle' 'setge' 'setlt' 'setgt'> <InPorts = 2> <OutPorts = 1>
ST_1 : Operation 32 [1/1] (1.65ns)   --->   "%add_ln341 = add i3 %o_1, i3 1" [cnn.cpp:341->cnn.cpp:398]   --->   Operation 32 'add' 'add_ln341' <Predicate = true> <Delay = 1.65> <CoreInst = "Adder">   --->   Core 1 'Adder' <Latency = 0> <II = 1> <Delay = 1.65> <FuncUnit> <Opcode : 'add' 'sub'> <InPorts = 2> <OutPorts = 1>
ST_1 : Operation 33 [1/1] (0.00ns)   --->   "%br_ln341 = br i1 %icmp_ln341, void %for.inc55.i.split, void %_Z12output_layerPfS_.exit.exitStub" [cnn.cpp:341->cnn.cpp:398]   --->   Operation 33 'br' 'br_ln341' <Predicate = true> <Delay = 0.00>
ST_1 : Operation 34 [1/1] (1.58ns)   --->   "%store_ln341 = store i3 %add_ln341, i3 %o" [cnn.cpp:341->cnn.cpp:398]   --->   Operation 34 'store' 'store_ln341' <Predicate = (!icmp_ln341)> <Delay = 1.58>

State 2 <SV = 1> <Delay = 10.6>
ST_2 : Operation 35 [1/1] (1.94ns)   --->   "%tmp_8 = sparsemux i32 @_ssdm_op_SparseMux.ap_auto.5float.float.i3, i3 0, i32 %mux_case_0135169_reload_read, i3 1, i32 %mux_case_1137172_reload_read, i3 2, i32 %mux_case_2139175_reload_read, i3 3, i32 %mux_case_3141178_reload_read, i3 4, i32 %mux_case_4143181_reload_read, i32 <undef>, i3 %o_1" [cnn.cpp:341->cnn.cpp:398]   --->   Operation 35 'sparsemux' 'tmp_8' <Predicate = true> <Delay = 1.94> <CoreInst = "BinarySparseMux_DontCare">   --->   Core 137 'BinarySparseMux_DontCare' <Latency = 0> <II = 1> <Delay = 1.94> <FuncUnit> <Opcode : 'sparsemux'> <InPorts = 2> <OutPorts = 1>
ST_2 : Operation 36 [12/12] (8.75ns)   --->   "%div_i1 = fdiv i32 %tmp_8, i32 %se_reload_read" [cnn.cpp:341->cnn.cpp:398]   --->   Operation 36 'fdiv' 'div_i1' <Predicate = true> <Delay = 8.75> <CoreInst = "FDiv">   --->   Core 20 'FDiv' <Latency = 11> <II = 1> <Delay = 8.75> <FuncUnit> <Opcode : 'fdiv' 'frem'> <InPorts = 2> <OutPorts = 1>

State 3 <SV = 2> <Delay = 8.75>
ST_3 : Operation 37 [11/12] (8.75ns)   --->   "%div_i1 = fdiv i32 %tmp_8, i32 %se_reload_read" [cnn.cpp:341->cnn.cpp:398]   --->   Operation 37 'fdiv' 'div_i1' <Predicate = true> <Delay = 8.75> <CoreInst = "FDiv">   --->   Core 20 'FDiv' <Latency = 11> <II = 1> <Delay = 8.75> <FuncUnit> <Opcode : 'fdiv' 'frem'> <InPorts = 2> <OutPorts = 1>

State 4 <SV = 3> <Delay = 8.75>
ST_4 : Operation 38 [10/12] (8.75ns)   --->   "%div_i1 = fdiv i32 %tmp_8, i32 %se_reload_read" [cnn.cpp:341->cnn.cpp:398]   --->   Operation 38 'fdiv' 'div_i1' <Predicate = true> <Delay = 8.75> <CoreInst = "FDiv">   --->   Core 20 'FDiv' <Latency = 11> <II = 1> <Delay = 8.75> <FuncUnit> <Opcode : 'fdiv' 'frem'> <InPorts = 2> <OutPorts = 1>

State 5 <SV = 4> <Delay = 8.75>
ST_5 : Operation 39 [9/12] (8.75ns)   --->   "%div_i1 = fdiv i32 %tmp_8, i32 %se_reload_read" [cnn.cpp:341->cnn.cpp:398]   --->   Operation 39 'fdiv' 'div_i1' <Predicate = true> <Delay = 8.75> <CoreInst = "FDiv">   --->   Core 20 'FDiv' <Latency = 11> <II = 1> <Delay = 8.75> <FuncUnit> <Opcode : 'fdiv' 'frem'> <InPorts = 2> <OutPorts = 1>

State 6 <SV = 5> <Delay = 8.75>
ST_6 : Operation 40 [8/12] (8.75ns)   --->   "%div_i1 = fdiv i32 %tmp_8, i32 %se_reload_read" [cnn.cpp:341->cnn.cpp:398]   --->   Operation 40 'fdiv' 'div_i1' <Predicate = true> <Delay = 8.75> <CoreInst = "FDiv">   --->   Core 20 'FDiv' <Latency = 11> <II = 1> <Delay = 8.75> <FuncUnit> <Opcode : 'fdiv' 'frem'> <InPorts = 2> <OutPorts = 1>

State 7 <SV = 6> <Delay = 8.75>
ST_7 : Operation 41 [7/12] (8.75ns)   --->   "%div_i1 = fdiv i32 %tmp_8, i32 %se_reload_read" [cnn.cpp:341->cnn.cpp:398]   --->   Operation 41 'fdiv' 'div_i1' <Predicate = true> <Delay = 8.75> <CoreInst = "FDiv">   --->   Core 20 'FDiv' <Latency = 11> <II = 1> <Delay = 8.75> <FuncUnit> <Opcode : 'fdiv' 'frem'> <InPorts = 2> <OutPorts = 1>

State 8 <SV = 7> <Delay = 8.75>
ST_8 : Operation 42 [6/12] (8.75ns)   --->   "%div_i1 = fdiv i32 %tmp_8, i32 %se_reload_read" [cnn.cpp:341->cnn.cpp:398]   --->   Operation 42 'fdiv' 'div_i1' <Predicate = true> <Delay = 8.75> <CoreInst = "FDiv">   --->   Core 20 'FDiv' <Latency = 11> <II = 1> <Delay = 8.75> <FuncUnit> <Opcode : 'fdiv' 'frem'> <InPorts = 2> <OutPorts = 1>

State 9 <SV = 8> <Delay = 8.75>
ST_9 : Operation 43 [5/12] (8.75ns)   --->   "%div_i1 = fdiv i32 %tmp_8, i32 %se_reload_read" [cnn.cpp:341->cnn.cpp:398]   --->   Operation 43 'fdiv' 'div_i1' <Predicate = true> <Delay = 8.75> <CoreInst = "FDiv">   --->   Core 20 'FDiv' <Latency = 11> <II = 1> <Delay = 8.75> <FuncUnit> <Opcode : 'fdiv' 'frem'> <InPorts = 2> <OutPorts = 1>

State 10 <SV = 9> <Delay = 8.75>
ST_10 : Operation 44 [4/12] (8.75ns)   --->   "%div_i1 = fdiv i32 %tmp_8, i32 %se_reload_read" [cnn.cpp:341->cnn.cpp:398]   --->   Operation 44 'fdiv' 'div_i1' <Predicate = true> <Delay = 8.75> <CoreInst = "FDiv">   --->   Core 20 'FDiv' <Latency = 11> <II = 1> <Delay = 8.75> <FuncUnit> <Opcode : 'fdiv' 'frem'> <InPorts = 2> <OutPorts = 1>

State 11 <SV = 10> <Delay = 8.75>
ST_11 : Operation 45 [3/12] (8.75ns)   --->   "%div_i1 = fdiv i32 %tmp_8, i32 %se_reload_read" [cnn.cpp:341->cnn.cpp:398]   --->   Operation 45 'fdiv' 'div_i1' <Predicate = true> <Delay = 8.75> <CoreInst = "FDiv">   --->   Core 20 'FDiv' <Latency = 11> <II = 1> <Delay = 8.75> <FuncUnit> <Opcode : 'fdiv' 'frem'> <InPorts = 2> <OutPorts = 1>

State 12 <SV = 11> <Delay = 8.75>
ST_12 : Operation 46 [2/12] (8.75ns)   --->   "%div_i1 = fdiv i32 %tmp_8, i32 %se_reload_read" [cnn.cpp:341->cnn.cpp:398]   --->   Operation 46 'fdiv' 'div_i1' <Predicate = true> <Delay = 8.75> <CoreInst = "FDiv">   --->   Core 20 'FDiv' <Latency = 11> <II = 1> <Delay = 8.75> <FuncUnit> <Opcode : 'fdiv' 'frem'> <InPorts = 2> <OutPorts = 1>

State 13 <SV = 12> <Delay = 8.75>
ST_13 : Operation 47 [1/12] (8.75ns)   --->   "%div_i1 = fdiv i32 %tmp_8, i32 %se_reload_read" [cnn.cpp:341->cnn.cpp:398]   --->   Operation 47 'fdiv' 'div_i1' <Predicate = true> <Delay = 8.75> <CoreInst = "FDiv">   --->   Core 20 'FDiv' <Latency = 11> <II = 1> <Delay = 8.75> <FuncUnit> <Opcode : 'fdiv' 'frem'> <InPorts = 2> <OutPorts = 1>
ST_13 : Operation 55 [1/1] (1.58ns)   --->   "%ret_ln0 = ret"   --->   Operation 55 'ret' 'ret_ln0' <Predicate = (icmp_ln341)> <Delay = 1.58>

State 14 <SV = 13> <Delay = 10.9>
ST_14 : Operation 48 [1/1] (0.00ns)   --->   "%OUTPUT_BUS_addr = getelementptr i32 %OUTPUT_BUS, i64 %sext_ln341_cast" [cnn.cpp:341->cnn.cpp:398]   --->   Operation 48 'getelementptr' 'OUTPUT_BUS_addr' <Predicate = true> <Delay = 0.00>
ST_14 : Operation 49 [1/1] (0.00ns)   --->   "%specpipeline_ln341 = specpipeline void @_ssdm_op_SpecPipeline, i32 4294967295, i32 0, i32 0, i32 0, void @empty_22" [cnn.cpp:341->cnn.cpp:398]   --->   Operation 49 'specpipeline' 'specpipeline_ln341' <Predicate = true> <Delay = 0.00>
ST_14 : Operation 50 [1/1] (0.00ns)   --->   "%speclooptripcount_ln341 = speclooptripcount void @_ssdm_op_SpecLoopTripCount, i64 5, i64 5, i64 5" [cnn.cpp:341->cnn.cpp:398]   --->   Operation 50 'speclooptripcount' 'speclooptripcount_ln341' <Predicate = true> <Delay = 0.00>
ST_14 : Operation 51 [1/1] (0.00ns)   --->   "%specloopname_ln341 = specloopname void @_ssdm_op_SpecLoopName, void @empty_44" [cnn.cpp:341->cnn.cpp:398]   --->   Operation 51 'specloopname' 'specloopname_ln341' <Predicate = true> <Delay = 0.00>
ST_14 : Operation 52 [1/1] (0.00ns)   --->   "%bitcast_ln341 = bitcast i32 %div_i1" [cnn.cpp:341->cnn.cpp:398]   --->   Operation 52 'bitcast' 'bitcast_ln341' <Predicate = true> <Delay = 0.00>
ST_14 : Operation 53 [1/1] (10.9ns)   --->   "%write_ln341 = write void @_ssdm_op_Write.m_axi.p1i32, i32 %OUTPUT_BUS_addr, i32 %bitcast_ln341, i4 15" [cnn.cpp:341->cnn.cpp:398]   --->   Operation 53 'write' 'write_ln341' <Predicate = true> <Delay = 10.9> <CoreInst = "m_axi">   --->   Core 111 'm_axi' <Latency = 5> <II = 1> <Delay = 1.00> <Adapter> <Opcode : 'read' 'write' 'readreq' 'writereq' 'writeresp'>
ST_14 : Operation 54 [1/1] (0.00ns)   --->   "%br_ln341 = br void %for.inc55.i" [cnn.cpp:341->cnn.cpp:398]   --->   Operation 54 'br' 'br_ln341' <Predicate = true> <Delay = 0.00>


============================================================
+ Verbose Summary: Timing violations
============================================================
Target clock period: 15.000ns, clock uncertainty: 4.050ns.

 <State 1>: 4.826ns
The critical path consists of the following:
	'store' operation 0 bit ('store_ln341', cnn.cpp:341->cnn.cpp:398) of constant 0 on local variable 'o', cnn.cpp:341->cnn.cpp:398 [19]  (1.588 ns)
	'load' operation 3 bit ('o', cnn.cpp:341->cnn.cpp:398) on local variable 'o', cnn.cpp:341->cnn.cpp:398 [22]  (0.000 ns)
	'icmp' operation 1 bit ('icmp_ln341', cnn.cpp:341->cnn.cpp:398) [24]  (1.650 ns)
	'store' operation 0 bit ('store_ln341', cnn.cpp:341->cnn.cpp:398) of variable 'add_ln341', cnn.cpp:341->cnn.cpp:398 on local variable 'o', cnn.cpp:341->cnn.cpp:398 [36]  (1.588 ns)

 <State 2>: 10.700ns
The critical path consists of the following:
	'sparsemux' operation 32 bit ('tmp_8', cnn.cpp:341->cnn.cpp:398) [32]  (1.946 ns)
	'fdiv' operation 32 bit ('div_i1', cnn.cpp:341->cnn.cpp:398) [33]  (8.754 ns)

 <State 3>: 8.754ns
The critical path consists of the following:
	'fdiv' operation 32 bit ('div_i1', cnn.cpp:341->cnn.cpp:398) [33]  (8.754 ns)

 <State 4>: 8.754ns
The critical path consists of the following:
	'fdiv' operation 32 bit ('div_i1', cnn.cpp:341->cnn.cpp:398) [33]  (8.754 ns)

 <State 5>: 8.754ns
The critical path consists of the following:
	'fdiv' operation 32 bit ('div_i1', cnn.cpp:341->cnn.cpp:398) [33]  (8.754 ns)

 <State 6>: 8.754ns
The critical path consists of the following:
	'fdiv' operation 32 bit ('div_i1', cnn.cpp:341->cnn.cpp:398) [33]  (8.754 ns)

 <State 7>: 8.754ns
The critical path consists of the following:
	'fdiv' operation 32 bit ('div_i1', cnn.cpp:341->cnn.cpp:398) [33]  (8.754 ns)

 <State 8>: 8.754ns
The critical path consists of the following:
	'fdiv' operation 32 bit ('div_i1', cnn.cpp:341->cnn.cpp:398) [33]  (8.754 ns)

 <State 9>: 8.754ns
The critical path consists of the following:
	'fdiv' operation 32 bit ('div_i1', cnn.cpp:341->cnn.cpp:398) [33]  (8.754 ns)

 <State 10>: 8.754ns
The critical path consists of the following:
	'fdiv' operation 32 bit ('div_i1', cnn.cpp:341->cnn.cpp:398) [33]  (8.754 ns)

 <State 11>: 8.754ns
The critical path consists of the following:
	'fdiv' operation 32 bit ('div_i1', cnn.cpp:341->cnn.cpp:398) [33]  (8.754 ns)

 <State 12>: 8.754ns
The critical path consists of the following:
	'fdiv' operation 32 bit ('div_i1', cnn.cpp:341->cnn.cpp:398) [33]  (8.754 ns)

 <State 13>: 8.754ns
The critical path consists of the following:
	'fdiv' operation 32 bit ('div_i1', cnn.cpp:341->cnn.cpp:398) [33]  (8.754 ns)

 <State 14>: 10.950ns
The critical path consists of the following:
	'getelementptr' operation 32 bit ('OUTPUT_BUS_addr', cnn.cpp:341->cnn.cpp:398) [28]  (0.000 ns)
	bus write operation ('write_ln341', cnn.cpp:341->cnn.cpp:398) on port 'OUTPUT_BUS' (cnn.cpp:341->cnn.cpp:398) [35]  (10.950 ns)


============================================================
+ Verbose Summary: Binding
============================================================
N/A
* FSMD analyzer results:
  - Output states:
 - Input state : 
  - Chain level:
	State 1
	State 2
	State 3
	State 4
	State 5
	State 6
	State 7
	State 8
	State 9
	State 10
	State 11
	State 12
	State 13
	State 14


============================================================
+ Verbose Summary: Datapath Resource usage 
============================================================
N/A
