

================================================================
== Vitis HLS Report for 'ecg_cnn_top_Pipeline_VITIS_LOOP_377_1'
================================================================
* Date:           Tue Mar 31 12:27:38 2026

* Version:        2025.1 (Build 6135595 on May 21 2025)
* Project:        ecg_cnn_top
* Solution:       hls (Vivado IP Flow Target)
* Product family: zynq
* Target device:  xc7z020-clg400-1


================================================================
== Performance Estimates
================================================================
+ Timing: 
    * Summary: 
    +--------+----------+-----------+------------+
    |  Clock |  Target  | Estimated | Uncertainty|
    +--------+----------+-----------+------------+
    |ap_clk  |  15.00 ns|  10.950 ns|     4.05 ns|
    +--------+----------+-----------+------------+

+ Latency: 
    * Summary: 
    +---------+---------+----------+----------+-----+-----+------------------------------------------------+
    |  Latency (cycles) |  Latency (absolute) |  Interval |                    Pipeline                    |
    |   min   |   max   |    min   |    max   | min | max |                      Type                      |
    +---------+---------+----------+----------+-----+-----+------------------------------------------------+
    |      189|      189|  2.835 us|  2.835 us|  187|  187|  loop auto-rewind stp (delay=0 clock cycles(s))|
    +---------+---------+----------+----------+-----+-----+------------------------------------------------+

    + Detail: 
        * Instance: 
        N/A

        * Loop: 
        +--------------------+---------+---------+----------+-----------+-----------+------+----------+
        |                    |  Latency (cycles) | Iteration|  Initiation Interval  | Trip |          |
        |      Loop Name     |   min   |   max   |  Latency |  achieved |   target  | Count| Pipelined|
        +--------------------+---------+---------+----------+-----------+-----------+------+----------+
        |- VITIS_LOOP_377_1  |      187|      187|         3|          1|          1|   186|       yes|
        +--------------------+---------+---------+----------+-----------+-----------+------+----------+

============================================================
+ Verbose Summary: Synthesis Manager
============================================================
InlineROM: 1
ExposeGlobal: 0
============================================================
+ Verbose Summary: CDFG Model
============================================================
IsTopModel: 0
ResetActiveHigh: 1
IsCombinational: 0
IsDatapathOnly: 0
HasWiredReturn: 1
HasMFsm: 2
HasVarLatency: 1
IsPipeline: 0
IsRtlPipelined: 0
IsInstanceOverlapped: 0
IsDontTouch: 0
HasImplIP: 0
IsGatedGlobalClock: 0

+ Individual pipeline summary: 
  * Pipeline-0: initiation interval (II) = 1, depth = 3


============================================================
+ Verbose Summary: Schedule
============================================================
* Number of FSM states : 3
* Pipeline : 1
  Pipeline-0 : II = 1, D = 3, States = { 1 2 3 }
* Dataflow Pipeline: 0

* FSM state transitions: 
1 --> 2 
2 --> 3 
3 --> 

* FSM state operations: 

State 1 <SV = 0> <Delay = 5.09>
ST_1 : Operation 6 [1/1] (0.00ns)   --->   "%t = alloca i32 1" [cnn.cpp:377]   --->   Operation 6 'alloca' 't' <Predicate = true> <Delay = 0.00>
ST_1 : Operation 7 [1/1] (0.00ns)   --->   "%sext_ln377_read = read i62 @_ssdm_op_Read.ap_auto.i62, i62 %sext_ln377"   --->   Operation 7 'read' 'sext_ln377_read' <Predicate = true> <Delay = 0.00>
ST_1 : Operation 8 [1/1] (0.00ns)   --->   "%sext_ln377_cast = sext i62 %sext_ln377_read"   --->   Operation 8 'sext' 'sext_ln377_cast' <Predicate = true> <Delay = 0.00>
ST_1 : Operation 9 [1/1] (0.00ns)   --->   "%specinterface_ln0 = specinterface void @_ssdm_op_SpecInterface, i32 %INPUT_BUS, void @empty_15, i32 0, i32 0, void @empty_22, i32 0, i32 186, void @empty_18, void @empty_17, void @empty_22, i32 16, i32 16, i32 16, i32 16, void @empty_22, void @empty_22, i32 4294967295, i32 0, i32 0"   --->   Operation 9 'specinterface' 'specinterface_ln0' <Predicate = true> <Delay = 0.00>
ST_1 : Operation 10 [1/1] (1.58ns)   --->   "%store_ln377 = store i8 0, i8 %t" [cnn.cpp:377]   --->   Operation 10 'store' 'store_ln377' <Predicate = true> <Delay = 1.58>
ST_1 : Operation 11 [1/1] (0.00ns)   --->   "%br_ln0 = br void %for.inc"   --->   Operation 11 'br' 'br_ln0' <Predicate = true> <Delay = 0.00>
ST_1 : Operation 12 [1/1] (0.00ns)   --->   "%t_1 = load i8 %t" [cnn.cpp:377]   --->   Operation 12 'load' 't_1' <Predicate = true> <Delay = 0.00>
ST_1 : Operation 13 [1/1] (0.00ns)   --->   "%specbitsmap_ln0 = specbitsmap void @_ssdm_op_SpecBitsMap, i32 %INPUT_BUS"   --->   Operation 13 'specbitsmap' 'specbitsmap_ln0' <Predicate = true> <Delay = 0.00>
ST_1 : Operation 14 [1/1] (1.91ns)   --->   "%icmp_ln377 = icmp_eq  i8 %t_1, i8 186" [cnn.cpp:377]   --->   Operation 14 'icmp' 'icmp_ln377' <Predicate = true> <Delay = 1.91> <CoreInst = "Cmp">   --->   Core 9 'Cmp' <Latency = 0> <II = 1> <Delay = 1.91> <FuncUnit> <Opcode : 'seteq' 'setne' 'setle' 'setge' 'setlt' 'setgt'> <InPorts = 2> <OutPorts = 1>
ST_1 : Operation 15 [1/1] (1.91ns)   --->   "%add_ln377 = add i8 %t_1, i8 1" [cnn.cpp:377]   --->   Operation 15 'add' 'add_ln377' <Predicate = true> <Delay = 1.91> <CoreInst = "Adder">   --->   Core 1 'Adder' <Latency = 0> <II = 1> <Delay = 1.91> <FuncUnit> <Opcode : 'add' 'sub'> <InPorts = 2> <OutPorts = 1>
ST_1 : Operation 16 [1/1] (0.00ns)   --->   "%br_ln377 = br i1 %icmp_ln377, void %for.inc.split, void %for.body8.i.preheader.exitStub" [cnn.cpp:377]   --->   Operation 16 'br' 'br_ln377' <Predicate = true> <Delay = 0.00>
ST_1 : Operation 17 [1/1] (1.58ns)   --->   "%store_ln377 = store i8 %add_ln377, i8 %t" [cnn.cpp:377]   --->   Operation 17 'store' 'store_ln377' <Predicate = (!icmp_ln377)> <Delay = 1.58>

State 2 <SV = 1> <Delay = 10.9>
ST_2 : Operation 18 [1/1] (0.00ns)   --->   "%INPUT_BUS_addr = getelementptr i32 %INPUT_BUS, i64 %sext_ln377_cast" [cnn.cpp:377]   --->   Operation 18 'getelementptr' 'INPUT_BUS_addr' <Predicate = true> <Delay = 0.00>
ST_2 : Operation 19 [1/1] (10.9ns)   --->   "%INPUT_BUS_addr_read = read i32 @_ssdm_op_Read.m_axi.p1i32, i32 %INPUT_BUS_addr" [cnn.cpp:379]   --->   Operation 19 'read' 'INPUT_BUS_addr_read' <Predicate = true> <Delay = 10.9> <CoreInst = "m_axi">   --->   Core 111 'm_axi' <Latency = 3> <II = 1> <Delay = 1.00> <Adapter> <Opcode : 'read' 'write' 'readreq' 'writereq' 'writeresp'>
ST_2 : Operation 28 [1/1] (1.58ns)   --->   "%ret_ln0 = ret"   --->   Operation 28 'ret' 'ret_ln0' <Predicate = (icmp_ln377)> <Delay = 1.58>

State 3 <SV = 2> <Delay = 3.25>
ST_3 : Operation 20 [1/1] (0.00ns)   --->   "%zext_ln377 = zext i8 %t_1" [cnn.cpp:377]   --->   Operation 20 'zext' 'zext_ln377' <Predicate = true> <Delay = 0.00>
ST_3 : Operation 21 [1/1] (0.00ns)   --->   "%specpipeline_ln378 = specpipeline void @_ssdm_op_SpecPipeline, i32 1, i32 0, i32 0, i32 0, void @empty_22" [cnn.cpp:378]   --->   Operation 21 'specpipeline' 'specpipeline_ln378' <Predicate = true> <Delay = 0.00>
ST_3 : Operation 22 [1/1] (0.00ns)   --->   "%speclooptripcount_ln377 = speclooptripcount void @_ssdm_op_SpecLoopTripCount, i64 186, i64 186, i64 186" [cnn.cpp:377]   --->   Operation 22 'speclooptripcount' 'speclooptripcount_ln377' <Predicate = true> <Delay = 0.00>
ST_3 : Operation 23 [1/1] (0.00ns)   --->   "%specloopname_ln377 = specloopname void @_ssdm_op_SpecLoopName, void @empty_29" [cnn.cpp:377]   --->   Operation 23 'specloopname' 'specloopname_ln377' <Predicate = true> <Delay = 0.00>
ST_3 : Operation 24 [1/1] (0.00ns)   --->   "%bitcast_ln379 = bitcast i32 %INPUT_BUS_addr_read" [cnn.cpp:379]   --->   Operation 24 'bitcast' 'bitcast_ln379' <Predicate = true> <Delay = 0.00>
ST_3 : Operation 25 [1/1] (0.00ns)   --->   "%ecg_cnn_top_float_float_in_2d_2_addr = getelementptr i32 %ecg_cnn_top_float_float_in_2d_2, i64 0, i64 %zext_ln377" [cnn.cpp:379]   --->   Operation 25 'getelementptr' 'ecg_cnn_top_float_float_in_2d_2_addr' <Predicate = true> <Delay = 0.00>
ST_3 : Operation 26 [1/1] ( I:3.25ns O:3.25ns )   --->   "%store_ln379 = store i32 %bitcast_ln379, i8 %ecg_cnn_top_float_float_in_2d_2_addr" [cnn.cpp:379]   --->   Operation 26 'store' 'store_ln379' <Predicate = true> <Delay = 3.25> <CoreInst = "RAM">   --->   Core 81 'RAM' <Latency = 1> <II = 1> <Delay = 3.25> <Storage> <Opcode : 'load' 'store'> <Ports = 2> <Width = 32> <Depth = 186> <RAM>
ST_3 : Operation 27 [1/1] (0.00ns)   --->   "%br_ln377 = br void %for.inc" [cnn.cpp:377]   --->   Operation 27 'br' 'br_ln377' <Predicate = true> <Delay = 0.00>


============================================================
+ Verbose Summary: Timing violations
============================================================
Target clock period: 15.000ns, clock uncertainty: 4.050ns.

 <State 1>: 5.091ns
The critical path consists of the following:
	'store' operation 0 bit ('store_ln377', cnn.cpp:377) of constant 0 on local variable 't', cnn.cpp:377 [8]  (1.588 ns)
	'load' operation 8 bit ('t', cnn.cpp:377) on local variable 't', cnn.cpp:377 [11]  (0.000 ns)
	'icmp' operation 1 bit ('icmp_ln377', cnn.cpp:377) [13]  (1.915 ns)
	'store' operation 0 bit ('store_ln377', cnn.cpp:377) of variable 'add_ln377', cnn.cpp:377 on local variable 't', cnn.cpp:377 [26]  (1.588 ns)

 <State 2>: 10.950ns
The critical path consists of the following:
	'getelementptr' operation 32 bit ('INPUT_BUS_addr', cnn.cpp:377) [17]  (0.000 ns)
	bus read operation ('INPUT_BUS_addr_read', cnn.cpp:379) on port 'INPUT_BUS' (cnn.cpp:379) [22]  (10.950 ns)

 <State 3>: 3.254ns
The critical path consists of the following:
	'getelementptr' operation 8 bit ('ecg_cnn_top_float_float_in_2d_2_addr', cnn.cpp:379) [24]  (0.000 ns)
	'store' operation 0 bit ('store_ln379', cnn.cpp:379) of variable 'bitcast_ln379', cnn.cpp:379 on array 'ecg_cnn_top_float_float_in_2d_2' [25]  (3.254 ns)


============================================================
+ Verbose Summary: Binding
============================================================
N/A
* FSMD analyzer results:
  - Output states:
 - Input state : 
  - Chain level:
	State 1
	State 2
	State 3


============================================================
+ Verbose Summary: Datapath Resource usage 
============================================================
N/A
