

================================================================
== Vitis HLS Report for 'ecg_cnn_top_Pipeline_VITIS_LOOP_340_4'
================================================================
* Date:           Tue Mar 31 12:28:03 2026

* Version:        2025.1 (Build 6135595 on May 21 2025)
* Project:        ecg_cnn_top
* Solution:       hls (Vivado IP Flow Target)
* Product family: zynq
* Target device:  xc7z020-clg400-1


================================================================
== Performance Estimates
================================================================
+ Timing: 
    * Summary: 
    +--------+----------+-----------+------------+
    |  Clock |  Target  | Estimated | Uncertainty|
    +--------+----------+-----------+------------+
    |ap_clk  |  15.00 ns|  10.533 ns|     4.05 ns|
    +--------+----------+-----------+------------+

+ Latency: 
    * Summary: 
    +---------+---------+----------+----------+-----+-----+------------------------------------------------+
    |  Latency (cycles) |  Latency (absolute) |  Interval |                    Pipeline                    |
    |   min   |   max   |    min   |    max   | min | max |                      Type                      |
    +---------+---------+----------+----------+-----+-----+------------------------------------------------+
    |       39|       39|  0.585 us|  0.585 us|   30|   30|  loop auto-rewind stp (delay=0 clock cycles(s))|
    +---------+---------+----------+----------+-----+-----+------------------------------------------------+

    + Detail: 
        * Instance: 
        N/A

        * Loop: 
        +--------------------+---------+---------+----------+-----------+-----------+------+----------+
        |                    |  Latency (cycles) | Iteration|  Initiation Interval  | Trip |          |
        |      Loop Name     |   min   |   max   |  Latency |  achieved |   target  | Count| Pipelined|
        +--------------------+---------+---------+----------+-----------+-----------+------+----------+
        |- VITIS_LOOP_340_4  |       37|       37|        18|          5|          1|     5|       yes|
        +--------------------+---------+---------+----------+-----------+-----------+------+----------+

============================================================
+ Verbose Summary: Synthesis Manager
============================================================
InlineROM: 1
ExposeGlobal: 0
============================================================
+ Verbose Summary: CDFG Model
============================================================
IsTopModel: 0
ResetActiveHigh: 1
IsCombinational: 0
IsDatapathOnly: 0
HasWiredReturn: 1
HasMFsm: 2
HasVarLatency: 1
IsPipeline: 0
IsRtlPipelined: 0
IsInstanceOverlapped: 0
IsDontTouch: 0
HasImplIP: 0
IsGatedGlobalClock: 0

+ Individual pipeline summary: 
  * Pipeline-0: initiation interval (II) = 5, depth = 18


============================================================
+ Verbose Summary: Schedule
============================================================
* Number of FSM states : 18
* Pipeline : 1
  Pipeline-0 : II = 5, D = 18, States = { 1 2 3 4 5 6 7 8 9 10 11 12 13 14 15 16 17 18 }
* Dataflow Pipeline: 0

* FSM state transitions: 
1 --> 2 
2 --> 3 
3 --> 4 
4 --> 5 
5 --> 6 
6 --> 7 
7 --> 8 
8 --> 9 
9 --> 10 
10 --> 11 
11 --> 12 
12 --> 13 
13 --> 14 
14 --> 15 
15 --> 16 
16 --> 17 
17 --> 18 
18 --> 

* FSM state operations: 

State 1 <SV = 0> <Delay = 4.82>
ST_1 : Operation 21 [1/1] (0.00ns)   --->   "%se = alloca i32 1" [cnn.cpp:338->cnn.cpp:398]   --->   Operation 21 'alloca' 'se' <Predicate = true> <Delay = 0.00>
ST_1 : Operation 22 [1/1] (0.00ns)   --->   "%o = alloca i32 1" [cnn.cpp:340->cnn.cpp:398]   --->   Operation 22 'alloca' 'o' <Predicate = true> <Delay = 0.00>
ST_1 : Operation 23 [1/1] (0.00ns)   --->   "%mux_case_0135169 = alloca i32 1"   --->   Operation 23 'alloca' 'mux_case_0135169' <Predicate = true> <Delay = 0.00>
ST_1 : Operation 24 [1/1] (0.00ns)   --->   "%mux_case_1137172 = alloca i32 1"   --->   Operation 24 'alloca' 'mux_case_1137172' <Predicate = true> <Delay = 0.00>
ST_1 : Operation 25 [1/1] (0.00ns)   --->   "%mux_case_2139175 = alloca i32 1"   --->   Operation 25 'alloca' 'mux_case_2139175' <Predicate = true> <Delay = 0.00>
ST_1 : Operation 26 [1/1] (0.00ns)   --->   "%mux_case_3141178 = alloca i32 1"   --->   Operation 26 'alloca' 'mux_case_3141178' <Predicate = true> <Delay = 0.00>
ST_1 : Operation 27 [1/1] (0.00ns)   --->   "%mux_case_4143181 = alloca i32 1"   --->   Operation 27 'alloca' 'mux_case_4143181' <Predicate = true> <Delay = 0.00>
ST_1 : Operation 28 [1/1] (0.00ns)   --->   "%mx_reload_read = read i32 @_ssdm_op_Read.ap_auto.float, i32 %mx_reload"   --->   Operation 28 'read' 'mx_reload_read' <Predicate = true> <Delay = 0.00>
ST_1 : Operation 29 [1/1] (0.00ns)   --->   "%mux_case_411816011_reload_read = read i32 @_ssdm_op_Read.ap_auto.float, i32 %mux_case_411816011_reload"   --->   Operation 29 'read' 'mux_case_411816011_reload_read' <Predicate = true> <Delay = 0.00>
ST_1 : Operation 30 [1/1] (0.00ns)   --->   "%mux_case_31161559_reload_read = read i32 @_ssdm_op_Read.ap_auto.float, i32 %mux_case_31161559_reload"   --->   Operation 30 'read' 'mux_case_31161559_reload_read' <Predicate = true> <Delay = 0.00>
ST_1 : Operation 31 [1/1] (0.00ns)   --->   "%mux_case_21141507_reload_read = read i32 @_ssdm_op_Read.ap_auto.float, i32 %mux_case_21141507_reload"   --->   Operation 31 'read' 'mux_case_21141507_reload_read' <Predicate = true> <Delay = 0.00>
ST_1 : Operation 32 [1/1] (0.00ns)   --->   "%mux_case_11121455_reload_read = read i32 @_ssdm_op_Read.ap_auto.float, i32 %mux_case_11121455_reload"   --->   Operation 32 'read' 'mux_case_11121455_reload_read' <Predicate = true> <Delay = 0.00>
ST_1 : Operation 33 [1/1] (0.00ns)   --->   "%mx_33_reload_read = read i32 @_ssdm_op_Read.ap_auto.float, i32 %mx_33_reload"   --->   Operation 33 'read' 'mx_33_reload_read' <Predicate = true> <Delay = 0.00>
ST_1 : Operation 34 [1/1] (1.58ns)   --->   "%store_ln340 = store i3 0, i3 %o" [cnn.cpp:340->cnn.cpp:398]   --->   Operation 34 'store' 'store_ln340' <Predicate = true> <Delay = 1.58>
ST_1 : Operation 35 [1/1] (1.58ns)   --->   "%store_ln338 = store i32 0, i32 %se" [cnn.cpp:338->cnn.cpp:398]   --->   Operation 35 'store' 'store_ln338' <Predicate = true> <Delay = 1.58>
ST_1 : Operation 36 [1/1] (0.00ns)   --->   "%br_ln0 = br void %for.inc43.i"   --->   Operation 36 'br' 'br_ln0' <Predicate = true> <Delay = 0.00>
ST_1 : Operation 37 [1/1] (0.00ns)   --->   "%o_2 = load i3 %o" [cnn.cpp:340->cnn.cpp:398]   --->   Operation 37 'load' 'o_2' <Predicate = true> <Delay = 0.00>
ST_1 : Operation 38 [1/1] (1.65ns)   --->   "%icmp_ln340 = icmp_eq  i3 %o_2, i3 5" [cnn.cpp:340->cnn.cpp:398]   --->   Operation 38 'icmp' 'icmp_ln340' <Predicate = true> <Delay = 1.65> <CoreInst = "Cmp">   --->   Core 9 'Cmp' <Latency = 0> <II = 1> <Delay = 1.65> <FuncUnit> <Opcode : 'seteq' 'setne' 'setle' 'setge' 'setlt' 'setgt'> <InPorts = 2> <OutPorts = 1>
ST_1 : Operation 39 [1/1] (1.65ns)   --->   "%add_ln340 = add i3 %o_2, i3 1" [cnn.cpp:340->cnn.cpp:398]   --->   Operation 39 'add' 'add_ln340' <Predicate = true> <Delay = 1.65> <CoreInst = "Adder">   --->   Core 1 'Adder' <Latency = 0> <II = 1> <Delay = 1.65> <FuncUnit> <Opcode : 'add' 'sub'> <InPorts = 2> <OutPorts = 1>
ST_1 : Operation 40 [1/1] (0.00ns)   --->   "%br_ln340 = br i1 %icmp_ln340, void %for.inc43.i.split, void %VITIS_LOOP_341_5.i.exitStub" [cnn.cpp:340->cnn.cpp:398]   --->   Operation 40 'br' 'br_ln340' <Predicate = true> <Delay = 0.00>
ST_1 : Operation 41 [1/1] (1.94ns)   --->   "%tmp_6 = sparsemux i32 @_ssdm_op_SparseMux.ap_auto.5float.float.i3, i3 0, i32 %mx_33_reload_read, i3 1, i32 %mux_case_11121455_reload_read, i3 2, i32 %mux_case_21141507_reload_read, i3 3, i32 %mux_case_31161559_reload_read, i3 4, i32 %mux_case_411816011_reload_read, i32 <undef>, i3 %o_2" [cnn.cpp:340->cnn.cpp:398]   --->   Operation 41 'sparsemux' 'tmp_6' <Predicate = (!icmp_ln340)> <Delay = 1.94> <CoreInst = "BinarySparseMux_DontCare">   --->   Core 137 'BinarySparseMux_DontCare' <Latency = 0> <II = 1> <Delay = 1.94> <FuncUnit> <Opcode : 'sparsemux'> <InPorts = 2> <OutPorts = 1>
ST_1 : Operation 42 [1/1] (1.65ns)   --->   "%switch_ln340 = switch i3 %o_2, void %arrayidx39.i.case.4, i3 0, void %for.inc43.i.split.arrayidx39.i.exit_crit_edge, i3 1, void %arrayidx39.i.case.1, i3 2, void %arrayidx39.i.case.2, i3 3, void %arrayidx39.i.case.3" [cnn.cpp:340->cnn.cpp:398]   --->   Operation 42 'switch' 'switch_ln340' <Predicate = (!icmp_ln340)> <Delay = 1.65>
ST_1 : Operation 43 [1/1] (1.58ns)   --->   "%store_ln340 = store i3 %add_ln340, i3 %o" [cnn.cpp:340->cnn.cpp:398]   --->   Operation 43 'store' 'store_ln340' <Predicate = (!icmp_ln340)> <Delay = 1.58>

State 2 <SV = 1> <Delay = 10.5>
ST_2 : Operation 44 [4/4] (10.5ns)   --->   "%sub_i = fsub i32 %tmp_6, i32 %mx_reload_read" [cnn.cpp:340->cnn.cpp:398]   --->   Operation 44 'fsub' 'sub_i' <Predicate = (!icmp_ln340)> <Delay = 10.5> <CoreInst = "FAddSub_fulldsp">   --->   Core 18 'FAddSub_fulldsp' <Latency = 3> <II = 1> <Delay = 10.5> <FuncUnit> <Opcode : 'fadd' 'fsub'> <InPorts = 2> <OutPorts = 1>

State 3 <SV = 2> <Delay = 10.5>
ST_3 : Operation 45 [3/4] (10.5ns)   --->   "%sub_i = fsub i32 %tmp_6, i32 %mx_reload_read" [cnn.cpp:340->cnn.cpp:398]   --->   Operation 45 'fsub' 'sub_i' <Predicate = (!icmp_ln340)> <Delay = 10.5> <CoreInst = "FAddSub_fulldsp">   --->   Core 18 'FAddSub_fulldsp' <Latency = 3> <II = 1> <Delay = 10.5> <FuncUnit> <Opcode : 'fadd' 'fsub'> <InPorts = 2> <OutPorts = 1>

State 4 <SV = 3> <Delay = 10.5>
ST_4 : Operation 46 [2/4] (10.5ns)   --->   "%sub_i = fsub i32 %tmp_6, i32 %mx_reload_read" [cnn.cpp:340->cnn.cpp:398]   --->   Operation 46 'fsub' 'sub_i' <Predicate = (!icmp_ln340)> <Delay = 10.5> <CoreInst = "FAddSub_fulldsp">   --->   Core 18 'FAddSub_fulldsp' <Latency = 3> <II = 1> <Delay = 10.5> <FuncUnit> <Opcode : 'fadd' 'fsub'> <InPorts = 2> <OutPorts = 1>

State 5 <SV = 4> <Delay = 10.5>
ST_5 : Operation 47 [1/4] (10.5ns)   --->   "%sub_i = fsub i32 %tmp_6, i32 %mx_reload_read" [cnn.cpp:340->cnn.cpp:398]   --->   Operation 47 'fsub' 'sub_i' <Predicate = (!icmp_ln340)> <Delay = 10.5> <CoreInst = "FAddSub_fulldsp">   --->   Core 18 'FAddSub_fulldsp' <Latency = 3> <II = 1> <Delay = 10.5> <FuncUnit> <Opcode : 'fadd' 'fsub'> <InPorts = 2> <OutPorts = 1>

State 6 <SV = 5> <Delay = 8.95>
ST_6 : Operation 48 [8/8] (8.95ns)   --->   "%ev = fexp i32 @llvm.exp.f32, i32 %sub_i" [cnn.cpp:340->cnn.cpp:398]   --->   Operation 48 'fexp' 'ev' <Predicate = true> <Delay = 8.95> <CoreInst = "FExp_fulldsp">   --->   Core 23 'FExp_fulldsp' <Latency = 7> <II = 1> <Delay = 8.95> <FuncUnit> <Opcode : 'fexp'> <InPorts = 1> <OutPorts = 1>

State 7 <SV = 6> <Delay = 8.95>
ST_7 : Operation 49 [7/8] (8.95ns)   --->   "%ev = fexp i32 @llvm.exp.f32, i32 %sub_i" [cnn.cpp:340->cnn.cpp:398]   --->   Operation 49 'fexp' 'ev' <Predicate = true> <Delay = 8.95> <CoreInst = "FExp_fulldsp">   --->   Core 23 'FExp_fulldsp' <Latency = 7> <II = 1> <Delay = 8.95> <FuncUnit> <Opcode : 'fexp'> <InPorts = 1> <OutPorts = 1>

State 8 <SV = 7> <Delay = 8.95>
ST_8 : Operation 50 [6/8] (8.95ns)   --->   "%ev = fexp i32 @llvm.exp.f32, i32 %sub_i" [cnn.cpp:340->cnn.cpp:398]   --->   Operation 50 'fexp' 'ev' <Predicate = true> <Delay = 8.95> <CoreInst = "FExp_fulldsp">   --->   Core 23 'FExp_fulldsp' <Latency = 7> <II = 1> <Delay = 8.95> <FuncUnit> <Opcode : 'fexp'> <InPorts = 1> <OutPorts = 1>

State 9 <SV = 8> <Delay = 8.95>
ST_9 : Operation 51 [5/8] (8.95ns)   --->   "%ev = fexp i32 @llvm.exp.f32, i32 %sub_i" [cnn.cpp:340->cnn.cpp:398]   --->   Operation 51 'fexp' 'ev' <Predicate = true> <Delay = 8.95> <CoreInst = "FExp_fulldsp">   --->   Core 23 'FExp_fulldsp' <Latency = 7> <II = 1> <Delay = 8.95> <FuncUnit> <Opcode : 'fexp'> <InPorts = 1> <OutPorts = 1>

State 10 <SV = 9> <Delay = 8.95>
ST_10 : Operation 52 [4/8] (8.95ns)   --->   "%ev = fexp i32 @llvm.exp.f32, i32 %sub_i" [cnn.cpp:340->cnn.cpp:398]   --->   Operation 52 'fexp' 'ev' <Predicate = true> <Delay = 8.95> <CoreInst = "FExp_fulldsp">   --->   Core 23 'FExp_fulldsp' <Latency = 7> <II = 1> <Delay = 8.95> <FuncUnit> <Opcode : 'fexp'> <InPorts = 1> <OutPorts = 1>

State 11 <SV = 10> <Delay = 8.95>
ST_11 : Operation 53 [3/8] (8.95ns)   --->   "%ev = fexp i32 @llvm.exp.f32, i32 %sub_i" [cnn.cpp:340->cnn.cpp:398]   --->   Operation 53 'fexp' 'ev' <Predicate = true> <Delay = 8.95> <CoreInst = "FExp_fulldsp">   --->   Core 23 'FExp_fulldsp' <Latency = 7> <II = 1> <Delay = 8.95> <FuncUnit> <Opcode : 'fexp'> <InPorts = 1> <OutPorts = 1>

State 12 <SV = 11> <Delay = 8.95>
ST_12 : Operation 54 [2/8] (8.95ns)   --->   "%ev = fexp i32 @llvm.exp.f32, i32 %sub_i" [cnn.cpp:340->cnn.cpp:398]   --->   Operation 54 'fexp' 'ev' <Predicate = true> <Delay = 8.95> <CoreInst = "FExp_fulldsp">   --->   Core 23 'FExp_fulldsp' <Latency = 7> <II = 1> <Delay = 8.95> <FuncUnit> <Opcode : 'fexp'> <InPorts = 1> <OutPorts = 1>

State 13 <SV = 12> <Delay = 8.95>
ST_13 : Operation 55 [1/1] (0.00ns)   --->   "%specpipeline_ln338 = specpipeline void @_ssdm_op_SpecPipeline, i32 4294967295, i32 0, i32 0, i32 0, void @empty_22" [cnn.cpp:338->cnn.cpp:398]   --->   Operation 55 'specpipeline' 'specpipeline_ln338' <Predicate = true> <Delay = 0.00>
ST_13 : Operation 56 [1/1] (0.00ns)   --->   "%speclooptripcount_ln338 = speclooptripcount void @_ssdm_op_SpecLoopTripCount, i64 5, i64 5, i64 5" [cnn.cpp:338->cnn.cpp:398]   --->   Operation 56 'speclooptripcount' 'speclooptripcount_ln338' <Predicate = true> <Delay = 0.00>
ST_13 : Operation 57 [1/1] (0.00ns)   --->   "%specloopname_ln340 = specloopname void @_ssdm_op_SpecLoopName, void @empty_43" [cnn.cpp:340->cnn.cpp:398]   --->   Operation 57 'specloopname' 'specloopname_ln340' <Predicate = true> <Delay = 0.00>
ST_13 : Operation 58 [1/8] (8.95ns)   --->   "%ev = fexp i32 @llvm.exp.f32, i32 %sub_i" [cnn.cpp:340->cnn.cpp:398]   --->   Operation 58 'fexp' 'ev' <Predicate = true> <Delay = 8.95> <CoreInst = "FExp_fulldsp">   --->   Core 23 'FExp_fulldsp' <Latency = 7> <II = 1> <Delay = 8.95> <FuncUnit> <Opcode : 'fexp'> <InPorts = 1> <OutPorts = 1>
ST_13 : Operation 59 [1/1] (0.00ns)   --->   "%store_ln340 = store i32 %ev, i32 %mux_case_3141178" [cnn.cpp:340->cnn.cpp:398]   --->   Operation 59 'store' 'store_ln340' <Predicate = (o_2 == 3)> <Delay = 0.00>
ST_13 : Operation 60 [1/1] (0.00ns)   --->   "%br_ln340 = br void %arrayidx39.i.exit" [cnn.cpp:340->cnn.cpp:398]   --->   Operation 60 'br' 'br_ln340' <Predicate = (o_2 == 3)> <Delay = 0.00>
ST_13 : Operation 61 [1/1] (0.00ns)   --->   "%store_ln340 = store i32 %ev, i32 %mux_case_2139175" [cnn.cpp:340->cnn.cpp:398]   --->   Operation 61 'store' 'store_ln340' <Predicate = (o_2 == 2)> <Delay = 0.00>
ST_13 : Operation 62 [1/1] (0.00ns)   --->   "%br_ln340 = br void %arrayidx39.i.exit" [cnn.cpp:340->cnn.cpp:398]   --->   Operation 62 'br' 'br_ln340' <Predicate = (o_2 == 2)> <Delay = 0.00>
ST_13 : Operation 63 [1/1] (0.00ns)   --->   "%store_ln340 = store i32 %ev, i32 %mux_case_1137172" [cnn.cpp:340->cnn.cpp:398]   --->   Operation 63 'store' 'store_ln340' <Predicate = (o_2 == 1)> <Delay = 0.00>
ST_13 : Operation 64 [1/1] (0.00ns)   --->   "%br_ln340 = br void %arrayidx39.i.exit" [cnn.cpp:340->cnn.cpp:398]   --->   Operation 64 'br' 'br_ln340' <Predicate = (o_2 == 1)> <Delay = 0.00>
ST_13 : Operation 65 [1/1] (0.00ns)   --->   "%store_ln340 = store i32 %ev, i32 %mux_case_0135169" [cnn.cpp:340->cnn.cpp:398]   --->   Operation 65 'store' 'store_ln340' <Predicate = (o_2 == 0)> <Delay = 0.00>
ST_13 : Operation 66 [1/1] (0.00ns)   --->   "%br_ln340 = br void %arrayidx39.i.exit" [cnn.cpp:340->cnn.cpp:398]   --->   Operation 66 'br' 'br_ln340' <Predicate = (o_2 == 0)> <Delay = 0.00>
ST_13 : Operation 67 [1/1] (0.00ns)   --->   "%store_ln340 = store i32 %ev, i32 %mux_case_4143181" [cnn.cpp:340->cnn.cpp:398]   --->   Operation 67 'store' 'store_ln340' <Predicate = (o_2 != 0 & o_2 != 1 & o_2 != 2 & o_2 != 3)> <Delay = 0.00>
ST_13 : Operation 68 [1/1] (0.00ns)   --->   "%br_ln340 = br void %arrayidx39.i.exit" [cnn.cpp:340->cnn.cpp:398]   --->   Operation 68 'br' 'br_ln340' <Predicate = (o_2 != 0 & o_2 != 1 & o_2 != 2 & o_2 != 3)> <Delay = 0.00>
ST_13 : Operation 76 [1/1] (0.00ns)   --->   "%se_load_1 = load i32 %se"   --->   Operation 76 'load' 'se_load_1' <Predicate = (icmp_ln340)> <Delay = 0.00>
ST_13 : Operation 77 [1/1] (0.00ns)   --->   "%mux_case_0135169_load = load i32 %mux_case_0135169"   --->   Operation 77 'load' 'mux_case_0135169_load' <Predicate = (icmp_ln340)> <Delay = 0.00>
ST_13 : Operation 78 [1/1] (0.00ns)   --->   "%mux_case_1137172_load = load i32 %mux_case_1137172"   --->   Operation 78 'load' 'mux_case_1137172_load' <Predicate = (icmp_ln340)> <Delay = 0.00>
ST_13 : Operation 79 [1/1] (0.00ns)   --->   "%mux_case_2139175_load = load i32 %mux_case_2139175"   --->   Operation 79 'load' 'mux_case_2139175_load' <Predicate = (icmp_ln340)> <Delay = 0.00>
ST_13 : Operation 80 [1/1] (0.00ns)   --->   "%mux_case_3141178_load = load i32 %mux_case_3141178"   --->   Operation 80 'load' 'mux_case_3141178_load' <Predicate = (icmp_ln340)> <Delay = 0.00>
ST_13 : Operation 81 [1/1] (0.00ns)   --->   "%mux_case_4143181_load = load i32 %mux_case_4143181"   --->   Operation 81 'load' 'mux_case_4143181_load' <Predicate = (icmp_ln340)> <Delay = 0.00>
ST_13 : Operation 82 [1/1] (0.00ns)   --->   "%write_ln0 = write void @_ssdm_op_Write.ap_auto.floatP0A, i32 %mux_case_4143181_out, i32 %mux_case_4143181_load"   --->   Operation 82 'write' 'write_ln0' <Predicate = (icmp_ln340)> <Delay = 0.00>
ST_13 : Operation 83 [1/1] (0.00ns)   --->   "%write_ln0 = write void @_ssdm_op_Write.ap_auto.floatP0A, i32 %mux_case_3141178_out, i32 %mux_case_3141178_load"   --->   Operation 83 'write' 'write_ln0' <Predicate = (icmp_ln340)> <Delay = 0.00>
ST_13 : Operation 84 [1/1] (0.00ns)   --->   "%write_ln0 = write void @_ssdm_op_Write.ap_auto.floatP0A, i32 %mux_case_2139175_out, i32 %mux_case_2139175_load"   --->   Operation 84 'write' 'write_ln0' <Predicate = (icmp_ln340)> <Delay = 0.00>
ST_13 : Operation 85 [1/1] (0.00ns)   --->   "%write_ln0 = write void @_ssdm_op_Write.ap_auto.floatP0A, i32 %mux_case_1137172_out, i32 %mux_case_1137172_load"   --->   Operation 85 'write' 'write_ln0' <Predicate = (icmp_ln340)> <Delay = 0.00>
ST_13 : Operation 86 [1/1] (0.00ns)   --->   "%write_ln0 = write void @_ssdm_op_Write.ap_auto.floatP0A, i32 %mux_case_0135169_out, i32 %mux_case_0135169_load"   --->   Operation 86 'write' 'write_ln0' <Predicate = (icmp_ln340)> <Delay = 0.00>
ST_13 : Operation 87 [1/1] (0.00ns)   --->   "%write_ln0 = write void @_ssdm_op_Write.ap_auto.floatP0A, i32 %se_out, i32 %se_load_1"   --->   Operation 87 'write' 'write_ln0' <Predicate = (icmp_ln340)> <Delay = 0.00>
ST_13 : Operation 88 [1/1] (1.58ns)   --->   "%ret_ln0 = ret"   --->   Operation 88 'ret' 'ret_ln0' <Predicate = (icmp_ln340)> <Delay = 1.58>

State 14 <SV = 13> <Delay = 10.5>
ST_14 : Operation 69 [1/1] (0.00ns)   --->   "%se_load = load i32 %se" [cnn.cpp:340->cnn.cpp:398]   --->   Operation 69 'load' 'se_load' <Predicate = true> <Delay = 0.00>
ST_14 : Operation 70 [4/4] (10.5ns)   --->   "%se_1 = fadd i32 %se_load, i32 %ev" [cnn.cpp:340->cnn.cpp:398]   --->   Operation 70 'fadd' 'se_1' <Predicate = true> <Delay = 10.5> <CoreInst = "FAddSub_fulldsp">   --->   Core 18 'FAddSub_fulldsp' <Latency = 3> <II = 1> <Delay = 10.5> <FuncUnit> <Opcode : 'fadd' 'fsub'> <InPorts = 2> <OutPorts = 1>

State 15 <SV = 14> <Delay = 10.5>
ST_15 : Operation 71 [3/4] (10.5ns)   --->   "%se_1 = fadd i32 %se_load, i32 %ev" [cnn.cpp:340->cnn.cpp:398]   --->   Operation 71 'fadd' 'se_1' <Predicate = true> <Delay = 10.5> <CoreInst = "FAddSub_fulldsp">   --->   Core 18 'FAddSub_fulldsp' <Latency = 3> <II = 1> <Delay = 10.5> <FuncUnit> <Opcode : 'fadd' 'fsub'> <InPorts = 2> <OutPorts = 1>

State 16 <SV = 15> <Delay = 10.5>
ST_16 : Operation 72 [2/4] (10.5ns)   --->   "%se_1 = fadd i32 %se_load, i32 %ev" [cnn.cpp:340->cnn.cpp:398]   --->   Operation 72 'fadd' 'se_1' <Predicate = true> <Delay = 10.5> <CoreInst = "FAddSub_fulldsp">   --->   Core 18 'FAddSub_fulldsp' <Latency = 3> <II = 1> <Delay = 10.5> <FuncUnit> <Opcode : 'fadd' 'fsub'> <InPorts = 2> <OutPorts = 1>

State 17 <SV = 16> <Delay = 10.5>
ST_17 : Operation 73 [1/4] (10.5ns)   --->   "%se_1 = fadd i32 %se_load, i32 %ev" [cnn.cpp:340->cnn.cpp:398]   --->   Operation 73 'fadd' 'se_1' <Predicate = true> <Delay = 10.5> <CoreInst = "FAddSub_fulldsp">   --->   Core 18 'FAddSub_fulldsp' <Latency = 3> <II = 1> <Delay = 10.5> <FuncUnit> <Opcode : 'fadd' 'fsub'> <InPorts = 2> <OutPorts = 1>

State 18 <SV = 17> <Delay = 1.58>
ST_18 : Operation 74 [1/1] (1.58ns)   --->   "%store_ln338 = store i32 %se_1, i32 %se" [cnn.cpp:338->cnn.cpp:398]   --->   Operation 74 'store' 'store_ln338' <Predicate = true> <Delay = 1.58>
ST_18 : Operation 75 [1/1] (0.00ns)   --->   "%br_ln340 = br void %for.inc43.i" [cnn.cpp:340->cnn.cpp:398]   --->   Operation 75 'br' 'br_ln340' <Predicate = true> <Delay = 0.00>


============================================================
+ Verbose Summary: Binding
============================================================
STG Binding: 
---------------- STG Properties BEGIN ----------------
- Is combinational: 0
- Is one-state seq: 0
- Is datapath-only: 0
- Is pipelined: 0
- Is top level: 0
Port [ Return ] is wired: 1; IO mode=ap_ctrl_hs:ce=0
Port [ mx_33_reload]:  wired=1; compound=0; hidden=0; nouse=0; global=0; static=0; extern=0; dir=0; type=0; pingpong=0; private_global=0; IO mode=ap_none:ce=0
Port [ mux_case_11121455_reload]:  wired=1; compound=0; hidden=0; nouse=0; global=0; static=0; extern=0; dir=0; type=0; pingpong=0; private_global=0; IO mode=ap_none:ce=0
Port [ mux_case_21141507_reload]:  wired=1; compound=0; hidden=0; nouse=0; global=0; static=0; extern=0; dir=0; type=0; pingpong=0; private_global=0; IO mode=ap_none:ce=0
Port [ mux_case_31161559_reload]:  wired=1; compound=0; hidden=0; nouse=0; global=0; static=0; extern=0; dir=0; type=0; pingpong=0; private_global=0; IO mode=ap_none:ce=0
Port [ mux_case_411816011_reload]:  wired=1; compound=0; hidden=0; nouse=0; global=0; static=0; extern=0; dir=0; type=0; pingpong=0; private_global=0; IO mode=ap_none:ce=0
Port [ mx_reload]:  wired=1; compound=0; hidden=0; nouse=0; global=0; static=0; extern=0; dir=0; type=0; pingpong=0; private_global=0; IO mode=ap_none:ce=0
Port [ mux_case_4143181_out]:  wired=1; compound=0; hidden=0; nouse=0; global=0; static=0; extern=0; dir=1; type=0; pingpong=0; private_global=0; IO mode=ap_vld:ce=0
Port [ mux_case_3141178_out]:  wired=1; compound=0; hidden=0; nouse=0; global=0; static=0; extern=0; dir=1; type=0; pingpong=0; private_global=0; IO mode=ap_vld:ce=0
Port [ mux_case_2139175_out]:  wired=1; compound=0; hidden=0; nouse=0; global=0; static=0; extern=0; dir=1; type=0; pingpong=0; private_global=0; IO mode=ap_vld:ce=0
Port [ mux_case_1137172_out]:  wired=1; compound=0; hidden=0; nouse=0; global=0; static=0; extern=0; dir=1; type=0; pingpong=0; private_global=0; IO mode=ap_vld:ce=0
Port [ mux_case_0135169_out]:  wired=1; compound=0; hidden=0; nouse=0; global=0; static=0; extern=0; dir=1; type=0; pingpong=0; private_global=0; IO mode=ap_vld:ce=0
Port [ se_out]:  wired=1; compound=0; hidden=0; nouse=0; global=0; static=0; extern=0; dir=1; type=0; pingpong=0; private_global=0; IO mode=ap_vld:ce=0
---------------- STG Properties END ------------------

---------------- Datapath Model BEGIN ----------------

<LifeTime>
<method=bitvector/>
se                             (alloca           ) [ 0111111111111111111]
o                              (alloca           ) [ 0100000000000000000]
mux_case_0135169               (alloca           ) [ 0111111111111100000]
mux_case_1137172               (alloca           ) [ 0111111111111100000]
mux_case_2139175               (alloca           ) [ 0111111111111100000]
mux_case_3141178               (alloca           ) [ 0111111111111100000]
mux_case_4143181               (alloca           ) [ 0111111111111100000]
mx_reload_read                 (read             ) [ 0011110000000000000]
mux_case_411816011_reload_read (read             ) [ 0000000000000000000]
mux_case_31161559_reload_read  (read             ) [ 0000000000000000000]
mux_case_21141507_reload_read  (read             ) [ 0000000000000000000]
mux_case_11121455_reload_read  (read             ) [ 0000000000000000000]
mx_33_reload_read              (read             ) [ 0000000000000000000]
store_ln340                    (store            ) [ 0000000000000000000]
store_ln338                    (store            ) [ 0000000000000000000]
br_ln0                         (br               ) [ 0000000000000000000]
o_2                            (load             ) [ 0111111111111100000]
icmp_ln340                     (icmp             ) [ 0111111111111100000]
add_ln340                      (add              ) [ 0000000000000000000]
br_ln340                       (br               ) [ 0000000000000000000]
tmp_6                          (sparsemux        ) [ 0011110000000000000]
switch_ln340                   (switch           ) [ 0000000000000000000]
store_ln340                    (store            ) [ 0000000000000000000]
sub_i                          (fsub             ) [ 0111111111111100000]
specpipeline_ln338             (specpipeline     ) [ 0000000000000000000]
speclooptripcount_ln338        (speclooptripcount) [ 0000000000000000000]
specloopname_ln340             (specloopname     ) [ 0000000000000000000]
ev                             (fexp             ) [ 0110110000000011110]
store_ln340                    (store            ) [ 0000000000000000000]
br_ln340                       (br               ) [ 0000000000000000000]
store_ln340                    (store            ) [ 0000000000000000000]
br_ln340                       (br               ) [ 0000000000000000000]
store_ln340                    (store            ) [ 0000000000000000000]
br_ln340                       (br               ) [ 0000000000000000000]
store_ln340                    (store            ) [ 0000000000000000000]
br_ln340                       (br               ) [ 0000000000000000000]
store_ln340                    (store            ) [ 0000000000000000000]
br_ln340                       (br               ) [ 0000000000000000000]
se_load                        (load             ) [ 0110010000000001110]
se_1                           (fadd             ) [ 0001000000000000001]
store_ln338                    (store            ) [ 0000000000000000000]
br_ln340                       (br               ) [ 0000000000000000000]
se_load_1                      (load             ) [ 0000000000000000000]
mux_case_0135169_load          (load             ) [ 0000000000000000000]
mux_case_1137172_load          (load             ) [ 0000000000000000000]
mux_case_2139175_load          (load             ) [ 0000000000000000000]
mux_case_3141178_load          (load             ) [ 0000000000000000000]
mux_case_4143181_load          (load             ) [ 0000000000000000000]
write_ln0                      (write            ) [ 0000000000000000000]
write_ln0                      (write            ) [ 0000000000000000000]
write_ln0                      (write            ) [ 0000000000000000000]
write_ln0                      (write            ) [ 0000000000000000000]
write_ln0                      (write            ) [ 0000000000000000000]
write_ln0                      (write            ) [ 0000000000000000000]
ret_ln0                        (ret              ) [ 0000000000000000000]
</LifeTime>

<model>

<comp_list>
<comp id="0" class="1000" name="mx_33_reload">
<pin_list>
<pin id="1" dir="1" index="0" bw="1" slack="0"/>
</pin_list>
<bind>
<StgValue><ssdm name="mx_33_reload"/></StgValue>
</bind>
</comp>

<comp id="2" class="1000" name="mux_case_11121455_reload">
<pin_list>
<pin id="3" dir="1" index="0" bw="1" slack="0"/>
</pin_list>
<bind>
<StgValue><ssdm name="mux_case_11121455_reload"/></StgValue>
</bind>
</comp>

<comp id="4" class="1000" name="mux_case_21141507_reload">
<pin_list>
<pin id="5" dir="1" index="0" bw="1" slack="0"/>
</pin_list>
<bind>
<StgValue><ssdm name="mux_case_21141507_reload"/></StgValue>
</bind>
</comp>

<comp id="6" class="1000" name="mux_case_31161559_reload">
<pin_list>
<pin id="7" dir="1" index="0" bw="1" slack="0"/>
</pin_list>
<bind>
<StgValue><ssdm name="mux_case_31161559_reload"/></StgValue>
</bind>
</comp>

<comp id="8" class="1000" name="mux_case_411816011_reload">
<pin_list>
<pin id="9" dir="1" index="0" bw="1" slack="0"/>
</pin_list>
<bind>
<StgValue><ssdm name="mux_case_411816011_reload"/></StgValue>
</bind>
</comp>

<comp id="10" class="1000" name="mx_reload">
<pin_list>
<pin id="11" dir="1" index="0" bw="1" slack="0"/>
</pin_list>
<bind>
<StgValue><ssdm name="mx_reload"/></StgValue>
</bind>
</comp>

<comp id="12" class="1000" name="mux_case_4143181_out">
<pin_list>
<pin id="13" dir="1" index="0" bw="1" slack="0"/>
</pin_list>
<bind>
<StgValue><ssdm name="mux_case_4143181_out"/></StgValue>
</bind>
</comp>

<comp id="14" class="1000" name="mux_case_3141178_out">
<pin_list>
<pin id="15" dir="1" index="0" bw="1" slack="0"/>
</pin_list>
<bind>
<StgValue><ssdm name="mux_case_3141178_out"/></StgValue>
</bind>
</comp>

<comp id="16" class="1000" name="mux_case_2139175_out">
<pin_list>
<pin id="17" dir="1" index="0" bw="1" slack="0"/>
</pin_list>
<bind>
<StgValue><ssdm name="mux_case_2139175_out"/></StgValue>
</bind>
</comp>

<comp id="18" class="1000" name="mux_case_1137172_out">
<pin_list>
<pin id="19" dir="1" index="0" bw="1" slack="0"/>
</pin_list>
<bind>
<StgValue><ssdm name="mux_case_1137172_out"/></StgValue>
</bind>
</comp>

<comp id="20" class="1000" name="mux_case_0135169_out">
<pin_list>
<pin id="21" dir="1" index="0" bw="1" slack="0"/>
</pin_list>
<bind>
<StgValue><ssdm name="mux_case_0135169_out"/></StgValue>
</bind>
</comp>

<comp id="22" class="1000" name="se_out">
<pin_list>
<pin id="23" dir="1" index="0" bw="1" slack="0"/>
</pin_list>
<bind>
<StgValue><ssdm name="se_out"/></StgValue>
</bind>
</comp>

<comp id="24" class="1001" name="const_24">
<pin_list>
<pin id="25" dir="1" index="0" bw="1" slack="0"/>
</pin_list>
<bind>
<StgValue><ssdm name=""/></StgValue>
</bind>
</comp>

<comp id="26" class="1001" name="const_26">
<pin_list>
<pin id="27" dir="1" index="0" bw="1" slack="0"/>
</pin_list>
<bind>
<StgValue><ssdm name="_ssdm_op_Read.ap_auto.float"/></StgValue>
</bind>
</comp>

<comp id="28" class="1001" name="const_28">
<pin_list>
<pin id="29" dir="1" index="0" bw="1" slack="0"/>
</pin_list>
<bind>
<StgValue><ssdm name=""/></StgValue>
</bind>
</comp>

<comp id="30" class="1001" name="const_30">
<pin_list>
<pin id="31" dir="1" index="0" bw="1" slack="0"/>
</pin_list>
<bind>
<StgValue><ssdm name=""/></StgValue>
</bind>
</comp>

<comp id="32" class="1001" name="const_32">
<pin_list>
<pin id="33" dir="1" index="0" bw="1" slack="0"/>
</pin_list>
<bind>
<StgValue><ssdm name=""/></StgValue>
</bind>
</comp>

<comp id="34" class="1001" name="const_34">
<pin_list>
<pin id="35" dir="1" index="0" bw="1" slack="0"/>
</pin_list>
<bind>
<StgValue><ssdm name=""/></StgValue>
</bind>
</comp>

<comp id="36" class="1001" name="const_36">
<pin_list>
<pin id="37" dir="1" index="0" bw="1" slack="0"/>
</pin_list>
<bind>
<StgValue><ssdm name="_ssdm_op_SparseMux.ap_auto.5float.float.i3"/></StgValue>
</bind>
</comp>

<comp id="38" class="1001" name="const_38">
<pin_list>
<pin id="39" dir="1" index="0" bw="1" slack="0"/>
</pin_list>
<bind>
<StgValue><ssdm name=""/></StgValue>
</bind>
</comp>

<comp id="40" class="1001" name="const_40">
<pin_list>
<pin id="41" dir="1" index="0" bw="1" slack="0"/>
</pin_list>
<bind>
<StgValue><ssdm name=""/></StgValue>
</bind>
</comp>

<comp id="42" class="1001" name="const_42">
<pin_list>
<pin id="43" dir="1" index="0" bw="1" slack="0"/>
</pin_list>
<bind>
<StgValue><ssdm name=""/></StgValue>
</bind>
</comp>

<comp id="44" class="1001" name="const_44">
<pin_list>
<pin id="45" dir="1" index="0" bw="1" slack="0"/>
</pin_list>
<bind>
<StgValue><ssdm name=""/></StgValue>
</bind>
</comp>

<comp id="46" class="1001" name="const_46">
<pin_list>
<pin id="47" dir="1" index="0" bw="1" slack="0"/>
</pin_list>
<bind>
<StgValue><ssdm name="llvm.exp.f32"/></StgValue>
</bind>
</comp>

<comp id="48" class="1001" name="const_48">
<pin_list>
<pin id="49" dir="1" index="0" bw="1" slack="2147483647"/>
</pin_list>
<bind>
<StgValue><ssdm name="_ssdm_op_SpecPipeline"/></StgValue>
</bind>
</comp>

<comp id="50" class="1001" name="const_50">
<pin_list>
<pin id="51" dir="1" index="0" bw="1" slack="2147483647"/>
</pin_list>
<bind>
<StgValue><ssdm name=""/></StgValue>
</bind>
</comp>

<comp id="52" class="1001" name="const_52">
<pin_list>
<pin id="53" dir="1" index="0" bw="1" slack="2147483647"/>
</pin_list>
<bind>
<StgValue><ssdm name=""/></StgValue>
</bind>
</comp>

<comp id="54" class="1001" name="const_54">
<pin_list>
<pin id="55" dir="1" index="0" bw="1" slack="2147483647"/>
</pin_list>
<bind>
<StgValue><ssdm name="empty_22"/></StgValue>
</bind>
</comp>

<comp id="56" class="1001" name="const_56">
<pin_list>
<pin id="57" dir="1" index="0" bw="1" slack="2147483647"/>
</pin_list>
<bind>
<StgValue><ssdm name="_ssdm_op_SpecLoopTripCount"/></StgValue>
</bind>
</comp>

<comp id="58" class="1001" name="const_58">
<pin_list>
<pin id="59" dir="1" index="0" bw="1" slack="2147483647"/>
</pin_list>
<bind>
<StgValue><ssdm name=""/></StgValue>
</bind>
</comp>

<comp id="60" class="1001" name="const_60">
<pin_list>
<pin id="61" dir="1" index="0" bw="1" slack="2147483647"/>
</pin_list>
<bind>
<StgValue><ssdm name="_ssdm_op_SpecLoopName"/></StgValue>
</bind>
</comp>

<comp id="62" class="1001" name="const_62">
<pin_list>
<pin id="63" dir="1" index="0" bw="1" slack="2147483647"/>
</pin_list>
<bind>
<StgValue><ssdm name="empty_43"/></StgValue>
</bind>
</comp>

<comp id="64" class="1001" name="const_64">
<pin_list>
<pin id="65" dir="1" index="0" bw="1" slack="0"/>
</pin_list>
<bind>
<StgValue><ssdm name="_ssdm_op_Write.ap_auto.floatP0A"/></StgValue>
</bind>
</comp>

<comp id="66" class="1004" name="se_fu_66">
<pin_list>
<pin id="67" dir="0" index="0" bw="1" slack="0"/>
<pin id="68" dir="1" index="1" bw="32" slack="0"/>
</pin_list>
<bind>
<opcode="alloca(26) " fcode="alloca"/>
<opset="se/1 "/>
</bind>
</comp>

<comp id="70" class="1004" name="o_fu_70">
<pin_list>
<pin id="71" dir="0" index="0" bw="1" slack="0"/>
<pin id="72" dir="1" index="1" bw="3" slack="0"/>
</pin_list>
<bind>
<opcode="alloca(26) " fcode="alloca"/>
<opset="o/1 "/>
</bind>
</comp>

<comp id="74" class="1004" name="mux_case_0135169_fu_74">
<pin_list>
<pin id="75" dir="0" index="0" bw="1" slack="0"/>
<pin id="76" dir="1" index="1" bw="32" slack="12"/>
</pin_list>
<bind>
<opcode="alloca(26) " fcode="alloca"/>
<opset="mux_case_0135169/1 "/>
</bind>
</comp>

<comp id="78" class="1004" name="mux_case_1137172_fu_78">
<pin_list>
<pin id="79" dir="0" index="0" bw="1" slack="0"/>
<pin id="80" dir="1" index="1" bw="32" slack="12"/>
</pin_list>
<bind>
<opcode="alloca(26) " fcode="alloca"/>
<opset="mux_case_1137172/1 "/>
</bind>
</comp>

<comp id="82" class="1004" name="mux_case_2139175_fu_82">
<pin_list>
<pin id="83" dir="0" index="0" bw="1" slack="0"/>
<pin id="84" dir="1" index="1" bw="32" slack="12"/>
</pin_list>
<bind>
<opcode="alloca(26) " fcode="alloca"/>
<opset="mux_case_2139175/1 "/>
</bind>
</comp>

<comp id="86" class="1004" name="mux_case_3141178_fu_86">
<pin_list>
<pin id="87" dir="0" index="0" bw="1" slack="0"/>
<pin id="88" dir="1" index="1" bw="32" slack="12"/>
</pin_list>
<bind>
<opcode="alloca(26) " fcode="alloca"/>
<opset="mux_case_3141178/1 "/>
</bind>
</comp>

<comp id="90" class="1004" name="mux_case_4143181_fu_90">
<pin_list>
<pin id="91" dir="0" index="0" bw="1" slack="0"/>
<pin id="92" dir="1" index="1" bw="32" slack="12"/>
</pin_list>
<bind>
<opcode="alloca(26) " fcode="alloca"/>
<opset="mux_case_4143181/1 "/>
</bind>
</comp>

<comp id="94" class="1004" name="mx_reload_read_read_fu_94">
<pin_list>
<pin id="95" dir="0" index="0" bw="32" slack="0"/>
<pin id="96" dir="0" index="1" bw="32" slack="0"/>
<pin id="97" dir="1" index="2" bw="32" slack="1"/>
</pin_list>
<bind>
<opcode="read(1150) " fcode="read"/>
<opset="mx_reload_read/1 "/>
</bind>
</comp>

<comp id="100" class="1004" name="mux_case_411816011_reload_read_read_fu_100">
<pin_list>
<pin id="101" dir="0" index="0" bw="32" slack="0"/>
<pin id="102" dir="0" index="1" bw="32" slack="0"/>
<pin id="103" dir="1" index="2" bw="32" slack="0"/>
</pin_list>
<bind>
<opcode="read(1150) " fcode="read"/>
<opset="mux_case_411816011_reload_read/1 "/>
</bind>
</comp>

<comp id="106" class="1004" name="mux_case_31161559_reload_read_read_fu_106">
<pin_list>
<pin id="107" dir="0" index="0" bw="32" slack="0"/>
<pin id="108" dir="0" index="1" bw="32" slack="0"/>
<pin id="109" dir="1" index="2" bw="32" slack="0"/>
</pin_list>
<bind>
<opcode="read(1150) " fcode="read"/>
<opset="mux_case_31161559_reload_read/1 "/>
</bind>
</comp>

<comp id="112" class="1004" name="mux_case_21141507_reload_read_read_fu_112">
<pin_list>
<pin id="113" dir="0" index="0" bw="32" slack="0"/>
<pin id="114" dir="0" index="1" bw="32" slack="0"/>
<pin id="115" dir="1" index="2" bw="32" slack="0"/>
</pin_list>
<bind>
<opcode="read(1150) " fcode="read"/>
<opset="mux_case_21141507_reload_read/1 "/>
</bind>
</comp>

<comp id="118" class="1004" name="mux_case_11121455_reload_read_read_fu_118">
<pin_list>
<pin id="119" dir="0" index="0" bw="32" slack="0"/>
<pin id="120" dir="0" index="1" bw="32" slack="0"/>
<pin id="121" dir="1" index="2" bw="32" slack="0"/>
</pin_list>
<bind>
<opcode="read(1150) " fcode="read"/>
<opset="mux_case_11121455_reload_read/1 "/>
</bind>
</comp>

<comp id="124" class="1004" name="mx_33_reload_read_read_fu_124">
<pin_list>
<pin id="125" dir="0" index="0" bw="32" slack="0"/>
<pin id="126" dir="0" index="1" bw="32" slack="0"/>
<pin id="127" dir="1" index="2" bw="32" slack="0"/>
</pin_list>
<bind>
<opcode="read(1150) " fcode="read"/>
<opset="mx_33_reload_read/1 "/>
</bind>
</comp>

<comp id="130" class="1004" name="write_ln0_write_fu_130">
<pin_list>
<pin id="131" dir="0" index="0" bw="0" slack="0"/>
<pin id="132" dir="0" index="1" bw="32" slack="0"/>
<pin id="133" dir="0" index="2" bw="32" slack="0"/>
<pin id="134" dir="1" index="3" bw="0" slack="2147483647"/>
</pin_list>
<bind>
<opcode="write(1151) " fcode="write"/>
<opset="write_ln0/13 "/>
</bind>
</comp>

<comp id="137" class="1004" name="write_ln0_write_fu_137">
<pin_list>
<pin id="138" dir="0" index="0" bw="0" slack="0"/>
<pin id="139" dir="0" index="1" bw="32" slack="0"/>
<pin id="140" dir="0" index="2" bw="32" slack="0"/>
<pin id="141" dir="1" index="3" bw="0" slack="2147483647"/>
</pin_list>
<bind>
<opcode="write(1151) " fcode="write"/>
<opset="write_ln0/13 "/>
</bind>
</comp>

<comp id="144" class="1004" name="write_ln0_write_fu_144">
<pin_list>
<pin id="145" dir="0" index="0" bw="0" slack="0"/>
<pin id="146" dir="0" index="1" bw="32" slack="0"/>
<pin id="147" dir="0" index="2" bw="32" slack="0"/>
<pin id="148" dir="1" index="3" bw="0" slack="2147483647"/>
</pin_list>
<bind>
<opcode="write(1151) " fcode="write"/>
<opset="write_ln0/13 "/>
</bind>
</comp>

<comp id="151" class="1004" name="write_ln0_write_fu_151">
<pin_list>
<pin id="152" dir="0" index="0" bw="0" slack="0"/>
<pin id="153" dir="0" index="1" bw="32" slack="0"/>
<pin id="154" dir="0" index="2" bw="32" slack="0"/>
<pin id="155" dir="1" index="3" bw="0" slack="2147483647"/>
</pin_list>
<bind>
<opcode="write(1151) " fcode="write"/>
<opset="write_ln0/13 "/>
</bind>
</comp>

<comp id="158" class="1004" name="write_ln0_write_fu_158">
<pin_list>
<pin id="159" dir="0" index="0" bw="0" slack="0"/>
<pin id="160" dir="0" index="1" bw="32" slack="0"/>
<pin id="161" dir="0" index="2" bw="32" slack="0"/>
<pin id="162" dir="1" index="3" bw="0" slack="2147483647"/>
</pin_list>
<bind>
<opcode="write(1151) " fcode="write"/>
<opset="write_ln0/13 "/>
</bind>
</comp>

<comp id="165" class="1004" name="write_ln0_write_fu_165">
<pin_list>
<pin id="166" dir="0" index="0" bw="0" slack="0"/>
<pin id="167" dir="0" index="1" bw="32" slack="0"/>
<pin id="168" dir="0" index="2" bw="32" slack="0"/>
<pin id="169" dir="1" index="3" bw="0" slack="2147483647"/>
</pin_list>
<bind>
<opcode="write(1151) " fcode="write"/>
<opset="write_ln0/13 "/>
</bind>
</comp>

<comp id="172" class="1004" name="grp_fu_172">
<pin_list>
<pin id="173" dir="0" index="0" bw="32" slack="0"/>
<pin id="174" dir="0" index="1" bw="32" slack="1"/>
<pin id="175" dir="1" index="2" bw="32" slack="1"/>
</pin_list>
<bind>
<opcode="fadd(9) fsub(11) " fcode="fadd"/>
<opset="sub_i/2 se_1/14 "/>
</bind>
</comp>

<comp id="176" class="1004" name="grp_fu_176">
<pin_list>
<pin id="177" dir="0" index="0" bw="32" slack="0"/>
<pin id="178" dir="0" index="1" bw="32" slack="1"/>
<pin id="179" dir="1" index="2" bw="32" slack="0"/>
</pin_list>
<bind>
<opcode="fexp(507) " fcode="fexp"/>
<opset="ev/6 "/>
</bind>
</comp>

<comp id="181" class="1004" name="store_ln340_store_fu_181">
<pin_list>
<pin id="182" dir="0" index="0" bw="1" slack="0"/>
<pin id="183" dir="0" index="1" bw="3" slack="0"/>
<pin id="184" dir="1" index="2" bw="0" slack="2147483647"/>
</pin_list>
<bind>
<opcode="store(28) " fcode="store"/>
<opset="store_ln340/1 "/>
</bind>
</comp>

<comp id="186" class="1004" name="store_ln338_store_fu_186">
<pin_list>
<pin id="187" dir="0" index="0" bw="32" slack="0"/>
<pin id="188" dir="0" index="1" bw="32" slack="0"/>
<pin id="189" dir="1" index="2" bw="0" slack="2147483647"/>
</pin_list>
<bind>
<opcode="store(28) " fcode="store"/>
<opset="store_ln338/1 "/>
</bind>
</comp>

<comp id="191" class="1004" name="o_2_load_fu_191">
<pin_list>
<pin id="192" dir="0" index="0" bw="3" slack="0"/>
<pin id="193" dir="1" index="1" bw="3" slack="0"/>
</pin_list>
<bind>
<opcode="load(27) " fcode="load"/>
<opset="o_2/1 "/>
</bind>
</comp>

<comp id="194" class="1004" name="icmp_ln340_fu_194">
<pin_list>
<pin id="195" dir="0" index="0" bw="3" slack="0"/>
<pin id="196" dir="0" index="1" bw="3" slack="0"/>
<pin id="197" dir="1" index="2" bw="1" slack="1"/>
</pin_list>
<bind>
<opcode="icmp(45) " fcode="icmp"/>
<opset="icmp_ln340/1 "/>
</bind>
</comp>

<comp id="200" class="1004" name="add_ln340_fu_200">
<pin_list>
<pin id="201" dir="0" index="0" bw="3" slack="0"/>
<pin id="202" dir="0" index="1" bw="1" slack="0"/>
<pin id="203" dir="1" index="2" bw="3" slack="0"/>
</pin_list>
<bind>
<opcode="add(8) " fcode="add"/>
<opset="add_ln340/1 "/>
</bind>
</comp>

<comp id="206" class="1004" name="tmp_6_fu_206">
<pin_list>
<pin id="207" dir="0" index="0" bw="32" slack="0"/>
<pin id="208" dir="0" index="1" bw="3" slack="0"/>
<pin id="209" dir="0" index="2" bw="32" slack="0"/>
<pin id="210" dir="0" index="3" bw="3" slack="0"/>
<pin id="211" dir="0" index="4" bw="32" slack="0"/>
<pin id="212" dir="0" index="5" bw="3" slack="0"/>
<pin id="213" dir="0" index="6" bw="32" slack="0"/>
<pin id="214" dir="0" index="7" bw="3" slack="0"/>
<pin id="215" dir="0" index="8" bw="32" slack="0"/>
<pin id="216" dir="0" index="9" bw="3" slack="0"/>
<pin id="217" dir="0" index="10" bw="32" slack="0"/>
<pin id="218" dir="0" index="11" bw="32" slack="0"/>
<pin id="219" dir="0" index="12" bw="3" slack="0"/>
<pin id="220" dir="1" index="13" bw="32" slack="1"/>
</pin_list>
<bind>
<opcode="sparsemux(1197) " fcode="sparsemux"/>
<opset="tmp_6/1 "/>
</bind>
</comp>

<comp id="234" class="1004" name="switch_ln340_fu_234">
<pin_list>
<pin id="235" dir="0" index="0" bw="3" slack="0"/>
<pin id="236" dir="0" index="1" bw="1" slack="0"/>
<pin id="237" dir="0" index="2" bw="1" slack="0"/>
<pin id="238" dir="0" index="3" bw="3" slack="0"/>
<pin id="239" dir="0" index="4" bw="3" slack="0"/>
<pin id="240" dir="1" index="5" bw="0" slack="2147483647"/>
</pin_list>
<bind>
<opcode="switch(3) " fcode="switch"/>
<opset="switch_ln340/1 "/>
</bind>
</comp>

<comp id="246" class="1004" name="store_ln340_store_fu_246">
<pin_list>
<pin id="247" dir="0" index="0" bw="3" slack="0"/>
<pin id="248" dir="0" index="1" bw="3" slack="0"/>
<pin id="249" dir="1" index="2" bw="0" slack="2147483647"/>
</pin_list>
<bind>
<opcode="store(28) " fcode="store"/>
<opset="store_ln340/1 "/>
</bind>
</comp>

<comp id="251" class="1004" name="store_ln340_store_fu_251">
<pin_list>
<pin id="252" dir="0" index="0" bw="32" slack="0"/>
<pin id="253" dir="0" index="1" bw="32" slack="12"/>
<pin id="254" dir="1" index="2" bw="0" slack="2147483647"/>
</pin_list>
<bind>
<opcode="store(28) " fcode="store"/>
<opset="store_ln340/13 "/>
</bind>
</comp>

<comp id="256" class="1004" name="store_ln340_store_fu_256">
<pin_list>
<pin id="257" dir="0" index="0" bw="32" slack="0"/>
<pin id="258" dir="0" index="1" bw="32" slack="12"/>
<pin id="259" dir="1" index="2" bw="0" slack="2147483647"/>
</pin_list>
<bind>
<opcode="store(28) " fcode="store"/>
<opset="store_ln340/13 "/>
</bind>
</comp>

<comp id="261" class="1004" name="store_ln340_store_fu_261">
<pin_list>
<pin id="262" dir="0" index="0" bw="32" slack="0"/>
<pin id="263" dir="0" index="1" bw="32" slack="12"/>
<pin id="264" dir="1" index="2" bw="0" slack="2147483647"/>
</pin_list>
<bind>
<opcode="store(28) " fcode="store"/>
<opset="store_ln340/13 "/>
</bind>
</comp>

<comp id="266" class="1004" name="store_ln340_store_fu_266">
<pin_list>
<pin id="267" dir="0" index="0" bw="32" slack="0"/>
<pin id="268" dir="0" index="1" bw="32" slack="12"/>
<pin id="269" dir="1" index="2" bw="0" slack="2147483647"/>
</pin_list>
<bind>
<opcode="store(28) " fcode="store"/>
<opset="store_ln340/13 "/>
</bind>
</comp>

<comp id="271" class="1004" name="store_ln340_store_fu_271">
<pin_list>
<pin id="272" dir="0" index="0" bw="32" slack="0"/>
<pin id="273" dir="0" index="1" bw="32" slack="12"/>
<pin id="274" dir="1" index="2" bw="0" slack="2147483647"/>
</pin_list>
<bind>
<opcode="store(28) " fcode="store"/>
<opset="store_ln340/13 "/>
</bind>
</comp>

<comp id="276" class="1004" name="se_load_load_fu_276">
<pin_list>
<pin id="277" dir="0" index="0" bw="32" slack="13"/>
<pin id="278" dir="1" index="1" bw="32" slack="0"/>
</pin_list>
<bind>
<opcode="load(27) " fcode="load"/>
<opset="se_load/14 "/>
</bind>
</comp>

<comp id="280" class="1004" name="store_ln338_store_fu_280">
<pin_list>
<pin id="281" dir="0" index="0" bw="32" slack="1"/>
<pin id="282" dir="0" index="1" bw="32" slack="17"/>
<pin id="283" dir="1" index="2" bw="0" slack="2147483647"/>
</pin_list>
<bind>
<opcode="store(28) " fcode="store"/>
<opset="store_ln338/18 "/>
</bind>
</comp>

<comp id="284" class="1004" name="se_load_1_load_fu_284">
<pin_list>
<pin id="285" dir="0" index="0" bw="32" slack="12"/>
<pin id="286" dir="1" index="1" bw="32" slack="0"/>
</pin_list>
<bind>
<opcode="load(27) " fcode="load"/>
<opset="se_load_1/13 "/>
</bind>
</comp>

<comp id="288" class="1004" name="mux_case_0135169_load_load_fu_288">
<pin_list>
<pin id="289" dir="0" index="0" bw="32" slack="12"/>
<pin id="290" dir="1" index="1" bw="32" slack="0"/>
</pin_list>
<bind>
<opcode="load(27) " fcode="load"/>
<opset="mux_case_0135169_load/13 "/>
</bind>
</comp>

<comp id="292" class="1004" name="mux_case_1137172_load_load_fu_292">
<pin_list>
<pin id="293" dir="0" index="0" bw="32" slack="12"/>
<pin id="294" dir="1" index="1" bw="32" slack="0"/>
</pin_list>
<bind>
<opcode="load(27) " fcode="load"/>
<opset="mux_case_1137172_load/13 "/>
</bind>
</comp>

<comp id="296" class="1004" name="mux_case_2139175_load_load_fu_296">
<pin_list>
<pin id="297" dir="0" index="0" bw="32" slack="12"/>
<pin id="298" dir="1" index="1" bw="32" slack="0"/>
</pin_list>
<bind>
<opcode="load(27) " fcode="load"/>
<opset="mux_case_2139175_load/13 "/>
</bind>
</comp>

<comp id="300" class="1004" name="mux_case_3141178_load_load_fu_300">
<pin_list>
<pin id="301" dir="0" index="0" bw="32" slack="12"/>
<pin id="302" dir="1" index="1" bw="32" slack="0"/>
</pin_list>
<bind>
<opcode="load(27) " fcode="load"/>
<opset="mux_case_3141178_load/13 "/>
</bind>
</comp>

<comp id="304" class="1004" name="mux_case_4143181_load_load_fu_304">
<pin_list>
<pin id="305" dir="0" index="0" bw="32" slack="12"/>
<pin id="306" dir="1" index="1" bw="32" slack="0"/>
</pin_list>
<bind>
<opcode="load(27) " fcode="load"/>
<opset="mux_case_4143181_load/13 "/>
</bind>
</comp>

<comp id="308" class="1005" name="se_reg_308">
<pin_list>
<pin id="309" dir="0" index="0" bw="32" slack="0"/>
<pin id="310" dir="1" index="1" bw="32" slack="0"/>
</pin_list>
<bind>
<opset="se "/>
</bind>
</comp>

<comp id="316" class="1005" name="o_reg_316">
<pin_list>
<pin id="317" dir="0" index="0" bw="3" slack="0"/>
<pin id="318" dir="1" index="1" bw="3" slack="0"/>
</pin_list>
<bind>
<opset="o "/>
</bind>
</comp>

<comp id="323" class="1005" name="mux_case_0135169_reg_323">
<pin_list>
<pin id="324" dir="0" index="0" bw="32" slack="12"/>
<pin id="325" dir="1" index="1" bw="32" slack="12"/>
</pin_list>
<bind>
<opset="mux_case_0135169 "/>
</bind>
</comp>

<comp id="329" class="1005" name="mux_case_1137172_reg_329">
<pin_list>
<pin id="330" dir="0" index="0" bw="32" slack="12"/>
<pin id="331" dir="1" index="1" bw="32" slack="12"/>
</pin_list>
<bind>
<opset="mux_case_1137172 "/>
</bind>
</comp>

<comp id="335" class="1005" name="mux_case_2139175_reg_335">
<pin_list>
<pin id="336" dir="0" index="0" bw="32" slack="12"/>
<pin id="337" dir="1" index="1" bw="32" slack="12"/>
</pin_list>
<bind>
<opset="mux_case_2139175 "/>
</bind>
</comp>

<comp id="341" class="1005" name="mux_case_3141178_reg_341">
<pin_list>
<pin id="342" dir="0" index="0" bw="32" slack="12"/>
<pin id="343" dir="1" index="1" bw="32" slack="12"/>
</pin_list>
<bind>
<opset="mux_case_3141178 "/>
</bind>
</comp>

<comp id="347" class="1005" name="mux_case_4143181_reg_347">
<pin_list>
<pin id="348" dir="0" index="0" bw="32" slack="12"/>
<pin id="349" dir="1" index="1" bw="32" slack="12"/>
</pin_list>
<bind>
<opset="mux_case_4143181 "/>
</bind>
</comp>

<comp id="353" class="1005" name="mx_reload_read_reg_353">
<pin_list>
<pin id="354" dir="0" index="0" bw="32" slack="1"/>
<pin id="355" dir="1" index="1" bw="32" slack="1"/>
</pin_list>
<bind>
<opset="mx_reload_read "/>
</bind>
</comp>

<comp id="358" class="1005" name="o_2_reg_358">
<pin_list>
<pin id="359" dir="0" index="0" bw="3" slack="12"/>
<pin id="360" dir="1" index="1" bw="3" slack="2147483647"/>
</pin_list>
<bind>
<opset="o_2 "/>
</bind>
</comp>

<comp id="362" class="1005" name="icmp_ln340_reg_362">
<pin_list>
<pin id="363" dir="0" index="0" bw="1" slack="1"/>
<pin id="364" dir="1" index="1" bw="1" slack="2147483647"/>
</pin_list>
<bind>
<opset="icmp_ln340 "/>
</bind>
</comp>

<comp id="366" class="1005" name="tmp_6_reg_366">
<pin_list>
<pin id="367" dir="0" index="0" bw="32" slack="1"/>
<pin id="368" dir="1" index="1" bw="32" slack="1"/>
</pin_list>
<bind>
<opset="tmp_6 "/>
</bind>
</comp>

<comp id="371" class="1005" name="sub_i_reg_371">
<pin_list>
<pin id="372" dir="0" index="0" bw="32" slack="1"/>
<pin id="373" dir="1" index="1" bw="32" slack="1"/>
</pin_list>
<bind>
<opset="sub_i "/>
</bind>
</comp>

<comp id="376" class="1005" name="ev_reg_376">
<pin_list>
<pin id="377" dir="0" index="0" bw="32" slack="1"/>
<pin id="378" dir="1" index="1" bw="32" slack="1"/>
</pin_list>
<bind>
<opset="ev "/>
</bind>
</comp>

<comp id="381" class="1005" name="se_load_reg_381">
<pin_list>
<pin id="382" dir="0" index="0" bw="32" slack="1"/>
<pin id="383" dir="1" index="1" bw="32" slack="1"/>
</pin_list>
<bind>
<opset="se_load "/>
</bind>
</comp>

<comp id="386" class="1005" name="se_1_reg_386">
<pin_list>
<pin id="387" dir="0" index="0" bw="32" slack="1"/>
<pin id="388" dir="1" index="1" bw="32" slack="1"/>
</pin_list>
<bind>
<opset="se_1 "/>
</bind>
</comp>

</comp_list>

<net_list>
<net id="69"><net_src comp="24" pin="0"/><net_sink comp="66" pin=0"/></net>

<net id="73"><net_src comp="24" pin="0"/><net_sink comp="70" pin=0"/></net>

<net id="77"><net_src comp="24" pin="0"/><net_sink comp="74" pin=0"/></net>

<net id="81"><net_src comp="24" pin="0"/><net_sink comp="78" pin=0"/></net>

<net id="85"><net_src comp="24" pin="0"/><net_sink comp="82" pin=0"/></net>

<net id="89"><net_src comp="24" pin="0"/><net_sink comp="86" pin=0"/></net>

<net id="93"><net_src comp="24" pin="0"/><net_sink comp="90" pin=0"/></net>

<net id="98"><net_src comp="26" pin="0"/><net_sink comp="94" pin=0"/></net>

<net id="99"><net_src comp="10" pin="0"/><net_sink comp="94" pin=1"/></net>

<net id="104"><net_src comp="26" pin="0"/><net_sink comp="100" pin=0"/></net>

<net id="105"><net_src comp="8" pin="0"/><net_sink comp="100" pin=1"/></net>

<net id="110"><net_src comp="26" pin="0"/><net_sink comp="106" pin=0"/></net>

<net id="111"><net_src comp="6" pin="0"/><net_sink comp="106" pin=1"/></net>

<net id="116"><net_src comp="26" pin="0"/><net_sink comp="112" pin=0"/></net>

<net id="117"><net_src comp="4" pin="0"/><net_sink comp="112" pin=1"/></net>

<net id="122"><net_src comp="26" pin="0"/><net_sink comp="118" pin=0"/></net>

<net id="123"><net_src comp="2" pin="0"/><net_sink comp="118" pin=1"/></net>

<net id="128"><net_src comp="26" pin="0"/><net_sink comp="124" pin=0"/></net>

<net id="129"><net_src comp="0" pin="0"/><net_sink comp="124" pin=1"/></net>

<net id="135"><net_src comp="64" pin="0"/><net_sink comp="130" pin=0"/></net>

<net id="136"><net_src comp="12" pin="0"/><net_sink comp="130" pin=1"/></net>

<net id="142"><net_src comp="64" pin="0"/><net_sink comp="137" pin=0"/></net>

<net id="143"><net_src comp="14" pin="0"/><net_sink comp="137" pin=1"/></net>

<net id="149"><net_src comp="64" pin="0"/><net_sink comp="144" pin=0"/></net>

<net id="150"><net_src comp="16" pin="0"/><net_sink comp="144" pin=1"/></net>

<net id="156"><net_src comp="64" pin="0"/><net_sink comp="151" pin=0"/></net>

<net id="157"><net_src comp="18" pin="0"/><net_sink comp="151" pin=1"/></net>

<net id="163"><net_src comp="64" pin="0"/><net_sink comp="158" pin=0"/></net>

<net id="164"><net_src comp="20" pin="0"/><net_sink comp="158" pin=1"/></net>

<net id="170"><net_src comp="64" pin="0"/><net_sink comp="165" pin=0"/></net>

<net id="171"><net_src comp="22" pin="0"/><net_sink comp="165" pin=1"/></net>

<net id="180"><net_src comp="46" pin="0"/><net_sink comp="176" pin=0"/></net>

<net id="185"><net_src comp="28" pin="0"/><net_sink comp="181" pin=0"/></net>

<net id="190"><net_src comp="30" pin="0"/><net_sink comp="186" pin=0"/></net>

<net id="198"><net_src comp="191" pin="1"/><net_sink comp="194" pin=0"/></net>

<net id="199"><net_src comp="32" pin="0"/><net_sink comp="194" pin=1"/></net>

<net id="204"><net_src comp="191" pin="1"/><net_sink comp="200" pin=0"/></net>

<net id="205"><net_src comp="34" pin="0"/><net_sink comp="200" pin=1"/></net>

<net id="221"><net_src comp="36" pin="0"/><net_sink comp="206" pin=0"/></net>

<net id="222"><net_src comp="28" pin="0"/><net_sink comp="206" pin=1"/></net>

<net id="223"><net_src comp="124" pin="2"/><net_sink comp="206" pin=2"/></net>

<net id="224"><net_src comp="34" pin="0"/><net_sink comp="206" pin=3"/></net>

<net id="225"><net_src comp="118" pin="2"/><net_sink comp="206" pin=4"/></net>

<net id="226"><net_src comp="38" pin="0"/><net_sink comp="206" pin=5"/></net>

<net id="227"><net_src comp="112" pin="2"/><net_sink comp="206" pin=6"/></net>

<net id="228"><net_src comp="40" pin="0"/><net_sink comp="206" pin=7"/></net>

<net id="229"><net_src comp="106" pin="2"/><net_sink comp="206" pin=8"/></net>

<net id="230"><net_src comp="42" pin="0"/><net_sink comp="206" pin=9"/></net>

<net id="231"><net_src comp="100" pin="2"/><net_sink comp="206" pin=10"/></net>

<net id="232"><net_src comp="44" pin="0"/><net_sink comp="206" pin=11"/></net>

<net id="233"><net_src comp="191" pin="1"/><net_sink comp="206" pin=12"/></net>

<net id="241"><net_src comp="191" pin="1"/><net_sink comp="234" pin=0"/></net>

<net id="242"><net_src comp="28" pin="0"/><net_sink comp="234" pin=1"/></net>

<net id="243"><net_src comp="34" pin="0"/><net_sink comp="234" pin=2"/></net>

<net id="244"><net_src comp="38" pin="0"/><net_sink comp="234" pin=3"/></net>

<net id="245"><net_src comp="40" pin="0"/><net_sink comp="234" pin=4"/></net>

<net id="250"><net_src comp="200" pin="2"/><net_sink comp="246" pin=0"/></net>

<net id="255"><net_src comp="176" pin="2"/><net_sink comp="251" pin=0"/></net>

<net id="260"><net_src comp="176" pin="2"/><net_sink comp="256" pin=0"/></net>

<net id="265"><net_src comp="176" pin="2"/><net_sink comp="261" pin=0"/></net>

<net id="270"><net_src comp="176" pin="2"/><net_sink comp="266" pin=0"/></net>

<net id="275"><net_src comp="176" pin="2"/><net_sink comp="271" pin=0"/></net>

<net id="279"><net_src comp="276" pin="1"/><net_sink comp="172" pin=0"/></net>

<net id="287"><net_src comp="284" pin="1"/><net_sink comp="165" pin=2"/></net>

<net id="291"><net_src comp="288" pin="1"/><net_sink comp="158" pin=2"/></net>

<net id="295"><net_src comp="292" pin="1"/><net_sink comp="151" pin=2"/></net>

<net id="299"><net_src comp="296" pin="1"/><net_sink comp="144" pin=2"/></net>

<net id="303"><net_src comp="300" pin="1"/><net_sink comp="137" pin=2"/></net>

<net id="307"><net_src comp="304" pin="1"/><net_sink comp="130" pin=2"/></net>

<net id="311"><net_src comp="66" pin="1"/><net_sink comp="308" pin=0"/></net>

<net id="312"><net_src comp="308" pin="1"/><net_sink comp="186" pin=1"/></net>

<net id="313"><net_src comp="308" pin="1"/><net_sink comp="276" pin=0"/></net>

<net id="314"><net_src comp="308" pin="1"/><net_sink comp="280" pin=1"/></net>

<net id="315"><net_src comp="308" pin="1"/><net_sink comp="284" pin=0"/></net>

<net id="319"><net_src comp="70" pin="1"/><net_sink comp="316" pin=0"/></net>

<net id="320"><net_src comp="316" pin="1"/><net_sink comp="181" pin=1"/></net>

<net id="321"><net_src comp="316" pin="1"/><net_sink comp="191" pin=0"/></net>

<net id="322"><net_src comp="316" pin="1"/><net_sink comp="246" pin=1"/></net>

<net id="326"><net_src comp="74" pin="1"/><net_sink comp="323" pin=0"/></net>

<net id="327"><net_src comp="323" pin="1"/><net_sink comp="266" pin=1"/></net>

<net id="328"><net_src comp="323" pin="1"/><net_sink comp="288" pin=0"/></net>

<net id="332"><net_src comp="78" pin="1"/><net_sink comp="329" pin=0"/></net>

<net id="333"><net_src comp="329" pin="1"/><net_sink comp="261" pin=1"/></net>

<net id="334"><net_src comp="329" pin="1"/><net_sink comp="292" pin=0"/></net>

<net id="338"><net_src comp="82" pin="1"/><net_sink comp="335" pin=0"/></net>

<net id="339"><net_src comp="335" pin="1"/><net_sink comp="256" pin=1"/></net>

<net id="340"><net_src comp="335" pin="1"/><net_sink comp="296" pin=0"/></net>

<net id="344"><net_src comp="86" pin="1"/><net_sink comp="341" pin=0"/></net>

<net id="345"><net_src comp="341" pin="1"/><net_sink comp="251" pin=1"/></net>

<net id="346"><net_src comp="341" pin="1"/><net_sink comp="300" pin=0"/></net>

<net id="350"><net_src comp="90" pin="1"/><net_sink comp="347" pin=0"/></net>

<net id="351"><net_src comp="347" pin="1"/><net_sink comp="271" pin=1"/></net>

<net id="352"><net_src comp="347" pin="1"/><net_sink comp="304" pin=0"/></net>

<net id="356"><net_src comp="94" pin="2"/><net_sink comp="353" pin=0"/></net>

<net id="357"><net_src comp="353" pin="1"/><net_sink comp="172" pin=1"/></net>

<net id="361"><net_src comp="191" pin="1"/><net_sink comp="358" pin=0"/></net>

<net id="365"><net_src comp="194" pin="2"/><net_sink comp="362" pin=0"/></net>

<net id="369"><net_src comp="206" pin="13"/><net_sink comp="366" pin=0"/></net>

<net id="370"><net_src comp="366" pin="1"/><net_sink comp="172" pin=0"/></net>

<net id="374"><net_src comp="172" pin="2"/><net_sink comp="371" pin=0"/></net>

<net id="375"><net_src comp="371" pin="1"/><net_sink comp="176" pin=1"/></net>

<net id="379"><net_src comp="176" pin="2"/><net_sink comp="376" pin=0"/></net>

<net id="380"><net_src comp="376" pin="1"/><net_sink comp="172" pin=1"/></net>

<net id="384"><net_src comp="276" pin="1"/><net_sink comp="381" pin=0"/></net>

<net id="385"><net_src comp="381" pin="1"/><net_sink comp="172" pin=0"/></net>

<net id="389"><net_src comp="172" pin="2"/><net_sink comp="386" pin=0"/></net>

<net id="390"><net_src comp="386" pin="1"/><net_sink comp="280" pin=0"/></net>

</net_list>

</model> 
---------------- Datapath Model END ------------------

* FSMD analyzer results:
  - Output states:
	Port: mux_case_4143181_out | {13 }
	Port: mux_case_3141178_out | {13 }
	Port: mux_case_2139175_out | {13 }
	Port: mux_case_1137172_out | {13 }
	Port: mux_case_0135169_out | {13 }
	Port: se_out | {13 }
 - Input state : 
	Port: ecg_cnn_top_Pipeline_VITIS_LOOP_340_4 : mx_33_reload | {1 }
	Port: ecg_cnn_top_Pipeline_VITIS_LOOP_340_4 : mux_case_11121455_reload | {1 }
	Port: ecg_cnn_top_Pipeline_VITIS_LOOP_340_4 : mux_case_21141507_reload | {1 }
	Port: ecg_cnn_top_Pipeline_VITIS_LOOP_340_4 : mux_case_31161559_reload | {1 }
	Port: ecg_cnn_top_Pipeline_VITIS_LOOP_340_4 : mux_case_411816011_reload | {1 }
	Port: ecg_cnn_top_Pipeline_VITIS_LOOP_340_4 : mx_reload | {1 }
  - Chain level:
	State 1
		store_ln340 : 1
		store_ln338 : 1
		o_2 : 1
		icmp_ln340 : 2
		add_ln340 : 2
		br_ln340 : 3
		tmp_6 : 2
		switch_ln340 : 2
		store_ln340 : 3
	State 2
	State 3
	State 4
	State 5
	State 6
	State 7
	State 8
	State 9
	State 10
	State 11
	State 12
	State 13
		store_ln340 : 1
		store_ln340 : 1
		store_ln340 : 1
		store_ln340 : 1
		store_ln340 : 1
		write_ln0 : 1
		write_ln0 : 1
		write_ln0 : 1
		write_ln0 : 1
		write_ln0 : 1
		write_ln0 : 1
	State 14
		se_1 : 1
	State 15
	State 16
	State 17
	State 18


============================================================
+ Verbose Summary: Datapath Resource usage 
============================================================

* Functional unit list:
|----------|--------------------------------------------|---------|---------|---------|
| Operation|               Functional Unit              |   DSP   |    FF   |   LUT   |
|----------|--------------------------------------------|---------|---------|---------|
|   fexp   |                 grp_fu_176                 |    7    |   324   |   903   |
|----------|--------------------------------------------|---------|---------|---------|
|   fadd   |                 grp_fu_172                 |    2    |   227   |   403   |
|----------|--------------------------------------------|---------|---------|---------|
| sparsemux|                tmp_6_fu_206                |    0    |    0    |    25   |
|----------|--------------------------------------------|---------|---------|---------|
|   icmp   |              icmp_ln340_fu_194             |    0    |    0    |    11   |
|----------|--------------------------------------------|---------|---------|---------|
|    add   |              add_ln340_fu_200              |    0    |    0    |    11   |
|----------|--------------------------------------------|---------|---------|---------|
|          |          mx_reload_read_read_fu_94         |    0    |    0    |    0    |
|          | mux_case_411816011_reload_read_read_fu_100 |    0    |    0    |    0    |
|   read   |  mux_case_31161559_reload_read_read_fu_106 |    0    |    0    |    0    |
|          |  mux_case_21141507_reload_read_read_fu_112 |    0    |    0    |    0    |
|          |  mux_case_11121455_reload_read_read_fu_118 |    0    |    0    |    0    |
|          |        mx_33_reload_read_read_fu_124       |    0    |    0    |    0    |
|----------|--------------------------------------------|---------|---------|---------|
|          |           write_ln0_write_fu_130           |    0    |    0    |    0    |
|          |           write_ln0_write_fu_137           |    0    |    0    |    0    |
|   write  |           write_ln0_write_fu_144           |    0    |    0    |    0    |
|          |           write_ln0_write_fu_151           |    0    |    0    |    0    |
|          |           write_ln0_write_fu_158           |    0    |    0    |    0    |
|          |           write_ln0_write_fu_165           |    0    |    0    |    0    |
|----------|--------------------------------------------|---------|---------|---------|
|  switch  |             switch_ln340_fu_234            |    0    |    0    |    0    |
|----------|--------------------------------------------|---------|---------|---------|
|   Total  |                                            |    9    |   551   |   1353  |
|----------|--------------------------------------------|---------|---------|---------|

Memories:
N/A

* Register list:
+------------------------+--------+
|                        |   FF   |
+------------------------+--------+
|       ev_reg_376       |   32   |
|   icmp_ln340_reg_362   |    1   |
|mux_case_0135169_reg_323|   32   |
|mux_case_1137172_reg_329|   32   |
|mux_case_2139175_reg_335|   32   |
|mux_case_3141178_reg_341|   32   |
|mux_case_4143181_reg_347|   32   |
| mx_reload_read_reg_353 |   32   |
|       o_2_reg_358      |    3   |
|        o_reg_316       |    3   |
|      se_1_reg_386      |   32   |
|     se_load_reg_381    |   32   |
|       se_reg_308       |   32   |
|      sub_i_reg_371     |   32   |
|      tmp_6_reg_366     |   32   |
+------------------------+--------+
|          Total         |   391  |
+------------------------+--------+

* Multiplexer (MUX) list: 
|------------|------|------|------|--------||---------||---------||---------|
|    Comp    |  Pin | Size |  BW  | S x BW ||  Delay  ||    FF   ||   LUT   |
|------------|------|------|------|--------||---------||---------||---------|
| grp_fu_172 |  p0  |   3  |  32  |   96   ||    0    ||    14   |
| grp_fu_172 |  p1  |   2  |  32  |   64   ||    0    ||    9    |
|------------|------|------|------|--------||---------||---------||---------|
|    Total   |      |      |      |   160  ||  3.2953 ||    0    ||    23   |
|------------|------|------|------|--------||---------||---------||---------|



* Summary:
+-----------+--------+--------+--------+--------+
|           |   DSP  |  Delay |   FF   |   LUT  |
+-----------+--------+--------+--------+--------+
|  Function |    9   |    -   |   551  |  1353  |
|   Memory  |    -   |    -   |    -   |    -   |
|Multiplexer|    -   |    3   |    0   |   23   |
|  Register |    -   |    -   |   391  |    -   |
+-----------+--------+--------+--------+--------+
|   Total   |    9   |    3   |   942  |  1376  |
+-----------+--------+--------+--------+--------+
