

================================================================
== Vitis HLS Report for 'ecg_cnn_top_Pipeline_VITIS_LOOP_231_5_VITIS_LOOP_232_6'
================================================================
* Date:           Tue Mar 31 12:27:51 2026

* Version:        2025.1 (Build 6135595 on May 21 2025)
* Project:        ecg_cnn_top
* Solution:       hls (Vivado IP Flow Target)
* Product family: zynq
* Target device:  xc7z020-clg400-1


================================================================
== Performance Estimates
================================================================
+ Timing: 
    * Summary: 
    +--------+----------+-----------+------------+
    |  Clock |  Target  | Estimated | Uncertainty|
    +--------+----------+-----------+------------+
    |ap_clk  |  15.00 ns|  10.355 ns|     4.05 ns|
    +--------+----------+-----------+------------+

+ Latency: 
    * Summary: 
    +---------+---------+-----------+-----------+-----+-----+------------------------------------------------+
    |  Latency (cycles) |   Latency (absolute)  |  Interval |                    Pipeline                    |
    |   min   |   max   |    min    |    max    | min | max |                      Type                      |
    +---------+---------+-----------+-----------+-----+-----+------------------------------------------------+
    |      740|      740|  11.100 us|  11.100 us|  737|  737|  loop auto-rewind stp (delay=0 clock cycles(s))|
    +---------+---------+-----------+-----------+-----+-----+------------------------------------------------+

    + Detail: 
        * Instance: 
        N/A

        * Loop: 
        +-------------------------------------+---------+---------+----------+-----------+-----------+------+----------+
        |                                     |  Latency (cycles) | Iteration|  Initiation Interval  | Trip |          |
        |              Loop Name              |   min   |   max   |  Latency |  achieved |   target  | Count| Pipelined|
        +-------------------------------------+---------+---------+----------+-----------+-----------+------+----------+
        |- VITIS_LOOP_231_5_VITIS_LOOP_232_6  |      738|      738|         4|          1|          1|   736|       yes|
        +-------------------------------------+---------+---------+----------+-----------+-----------+------+----------+

============================================================
+ Verbose Summary: Synthesis Manager
============================================================
InlineROM: 1
ExposeGlobal: 0
============================================================
+ Verbose Summary: CDFG Model
============================================================
IsTopModel: 0
ResetActiveHigh: 1
IsCombinational: 0
IsDatapathOnly: 0
HasWiredReturn: 1
HasMFsm: 2
HasVarLatency: 1
IsPipeline: 0
IsRtlPipelined: 0
IsInstanceOverlapped: 0
IsDontTouch: 0
HasImplIP: 0
IsGatedGlobalClock: 0

+ Individual pipeline summary: 
  * Pipeline-0: initiation interval (II) = 1, depth = 4


============================================================
+ Verbose Summary: Schedule
============================================================
* Number of FSM states : 4
* Pipeline : 1
  Pipeline-0 : II = 1, D = 4, States = { 1 2 3 4 }
* Dataflow Pipeline: 0

* FSM state transitions: 
1 --> 2 
2 --> 3 
3 --> 4 
4 --> 

* FSM state operations: 

State 1 <SV = 0> <Delay = 9.52>
ST_1 : Operation 7 [1/1] (0.00ns)   --->   "%c = alloca i32 1" [cnn.cpp:232->cnn.cpp:393]   --->   Operation 7 'alloca' 'c' <Predicate = true> <Delay = 0.00>
ST_1 : Operation 8 [1/1] (0.00ns)   --->   "%t = alloca i32 1" [cnn.cpp:231->cnn.cpp:393]   --->   Operation 8 'alloca' 't' <Predicate = true> <Delay = 0.00>
ST_1 : Operation 9 [1/1] (0.00ns)   --->   "%indvar_flatten45 = alloca i32 1"   --->   Operation 9 'alloca' 'indvar_flatten45' <Predicate = true> <Delay = 0.00>
ST_1 : Operation 10 [1/1] (1.58ns)   --->   "%store_ln0 = store i10 0, i10 %indvar_flatten45"   --->   Operation 10 'store' 'store_ln0' <Predicate = true> <Delay = 1.58>
ST_1 : Operation 11 [1/1] (1.58ns)   --->   "%store_ln231 = store i5 0, i5 %t" [cnn.cpp:231->cnn.cpp:393]   --->   Operation 11 'store' 'store_ln231' <Predicate = true> <Delay = 1.58>
ST_1 : Operation 12 [1/1] (1.58ns)   --->   "%store_ln232 = store i6 0, i6 %c" [cnn.cpp:232->cnn.cpp:393]   --->   Operation 12 'store' 'store_ln232' <Predicate = true> <Delay = 1.58>
ST_1 : Operation 13 [1/1] (0.00ns)   --->   "%br_ln0 = br void %for.body51.i"   --->   Operation 13 'br' 'br_ln0' <Predicate = true> <Delay = 0.00>
ST_1 : Operation 14 [1/1] (0.00ns)   --->   "%indvar_flatten45_load = load i10 %indvar_flatten45" [cnn.cpp:231->cnn.cpp:393]   --->   Operation 14 'load' 'indvar_flatten45_load' <Predicate = true> <Delay = 0.00>
ST_1 : Operation 15 [1/1] (1.73ns)   --->   "%icmp_ln231 = icmp_eq  i10 %indvar_flatten45_load, i10 736" [cnn.cpp:231->cnn.cpp:393]   --->   Operation 15 'icmp' 'icmp_ln231' <Predicate = true> <Delay = 1.73> <CoreInst = "Cmp">   --->   Core 9 'Cmp' <Latency = 0> <II = 1> <Delay = 1.73> <FuncUnit> <Opcode : 'seteq' 'setne' 'setle' 'setge' 'setlt' 'setgt'> <InPorts = 2> <OutPorts = 1>
ST_1 : Operation 16 [1/1] (1.73ns)   --->   "%add_ln231_1 = add i10 %indvar_flatten45_load, i10 1" [cnn.cpp:231->cnn.cpp:393]   --->   Operation 16 'add' 'add_ln231_1' <Predicate = true> <Delay = 1.73> <CoreInst = "Adder">   --->   Core 1 'Adder' <Latency = 0> <II = 1> <Delay = 1.73> <FuncUnit> <Opcode : 'add' 'sub'> <InPorts = 2> <OutPorts = 1>
ST_1 : Operation 17 [1/1] (0.00ns)   --->   "%br_ln231 = br i1 %icmp_ln231, void %for.inc71.i, void %VITIS_LOOP_249_2.i.preheader.exitStub" [cnn.cpp:231->cnn.cpp:393]   --->   Operation 17 'br' 'br_ln231' <Predicate = true> <Delay = 0.00>
ST_1 : Operation 18 [1/1] (0.00ns)   --->   "%c_load = load i6 %c" [cnn.cpp:232->cnn.cpp:393]   --->   Operation 18 'load' 'c_load' <Predicate = (!icmp_ln231)> <Delay = 0.00>
ST_1 : Operation 19 [1/1] (0.00ns)   --->   "%t_load = load i5 %t" [cnn.cpp:231->cnn.cpp:393]   --->   Operation 19 'load' 't_load' <Predicate = (!icmp_ln231)> <Delay = 0.00>
ST_1 : Operation 20 [1/1] (1.78ns)   --->   "%add_ln231 = add i5 %t_load, i5 1" [cnn.cpp:231->cnn.cpp:393]   --->   Operation 20 'add' 'add_ln231' <Predicate = (!icmp_ln231)> <Delay = 1.78> <CoreInst = "Adder">   --->   Core 1 'Adder' <Latency = 0> <II = 1> <Delay = 1.78> <FuncUnit> <Opcode : 'add' 'sub'> <InPorts = 2> <OutPorts = 1>
ST_1 : Operation 21 [1/1] (1.82ns)   --->   "%icmp_ln232 = icmp_eq  i6 %c_load, i6 32" [cnn.cpp:232->cnn.cpp:393]   --->   Operation 21 'icmp' 'icmp_ln232' <Predicate = (!icmp_ln231)> <Delay = 1.82> <CoreInst = "Cmp">   --->   Core 9 'Cmp' <Latency = 0> <II = 1> <Delay = 1.82> <FuncUnit> <Opcode : 'seteq' 'setne' 'setle' 'setge' 'setlt' 'setgt'> <InPorts = 2> <OutPorts = 1>
ST_1 : Operation 22 [1/1] (1.18ns)   --->   "%select_ln231 = select i1 %icmp_ln232, i6 0, i6 %c_load" [cnn.cpp:231->cnn.cpp:393]   --->   Operation 22 'select' 'select_ln231' <Predicate = (!icmp_ln231)> <Delay = 1.18> <CoreInst = "Sel">   --->   Core 73 'Sel' <Latency = 0> <II = 1> <Delay = 1.18> <FuncUnit> <Opcode : 'select'> <InPorts = 3> <OutPorts = 1>
ST_1 : Operation 23 [1/1] (1.21ns)   --->   "%select_ln231_1 = select i1 %icmp_ln232, i5 %add_ln231, i5 %t_load" [cnn.cpp:231->cnn.cpp:393]   --->   Operation 23 'select' 'select_ln231_1' <Predicate = (!icmp_ln231)> <Delay = 1.21> <CoreInst = "Sel">   --->   Core 73 'Sel' <Latency = 0> <II = 1> <Delay = 1.21> <FuncUnit> <Opcode : 'select'> <InPorts = 3> <OutPorts = 1>
ST_1 : Operation 24 [1/1] (0.00ns)   --->   "%tmp_s = bitconcatenate i10 @_ssdm_op_BitConcatenate.i10.i5.i5, i5 %select_ln231_1, i5 0" [cnn.cpp:236->cnn.cpp:393]   --->   Operation 24 'bitconcatenate' 'tmp_s' <Predicate = (!icmp_ln231)> <Delay = 0.00>
ST_1 : Operation 25 [1/1] (0.00ns)   --->   "%tmp_9 = bitconcatenate i11 @_ssdm_op_BitConcatenate.i11.i5.i6, i5 %select_ln231_1, i6 32" [cnn.cpp:235->cnn.cpp:393]   --->   Operation 25 'bitconcatenate' 'tmp_9' <Predicate = (!icmp_ln231)> <Delay = 0.00>
ST_1 : Operation 26 [1/1] (0.00ns)   --->   "%zext_ln236 = zext i6 %select_ln231" [cnn.cpp:236->cnn.cpp:393]   --->   Operation 26 'zext' 'zext_ln236' <Predicate = (!icmp_ln231)> <Delay = 0.00>
ST_1 : Operation 27 [1/1] (0.00ns)   --->   "%zext_ln236_1 = zext i6 %select_ln231" [cnn.cpp:236->cnn.cpp:393]   --->   Operation 27 'zext' 'zext_ln236_1' <Predicate = (!icmp_ln231)> <Delay = 0.00>
ST_1 : Operation 28 [1/1] (1.73ns)   --->   "%add_ln236 = add i10 %tmp_s, i10 %zext_ln236_1" [cnn.cpp:236->cnn.cpp:393]   --->   Operation 28 'add' 'add_ln236' <Predicate = (!icmp_ln231)> <Delay = 1.73> <CoreInst = "Adder">   --->   Core 1 'Adder' <Latency = 0> <II = 1> <Delay = 1.73> <FuncUnit> <Opcode : 'add' 'sub'> <InPorts = 2> <OutPorts = 1>
ST_1 : Operation 29 [1/1] (0.00ns)   --->   "%tmp_10 = bitconcatenate i11 @_ssdm_op_BitConcatenate.i11.i5.i6, i5 %select_ln231_1, i6 %select_ln231" [cnn.cpp:234->cnn.cpp:393]   --->   Operation 29 'bitconcatenate' 'tmp_10' <Predicate = (!icmp_ln231)> <Delay = 0.00>
ST_1 : Operation 30 [1/1] (0.00ns)   --->   "%zext_ln234 = zext i11 %tmp_10" [cnn.cpp:234->cnn.cpp:393]   --->   Operation 30 'zext' 'zext_ln234' <Predicate = (!icmp_ln231)> <Delay = 0.00>
ST_1 : Operation 31 [1/1] (0.00ns)   --->   "%tmp_1_addr = getelementptr i32 %tmp_1, i64 0, i64 %zext_ln234" [cnn.cpp:234->cnn.cpp:393]   --->   Operation 31 'getelementptr' 'tmp_1_addr' <Predicate = (!icmp_ln231)> <Delay = 0.00>
ST_1 : Operation 32 [1/1] (1.63ns)   --->   "%add_ln235 = add i11 %tmp_9, i11 %zext_ln236" [cnn.cpp:235->cnn.cpp:393]   --->   Operation 32 'add' 'add_ln235' <Predicate = (!icmp_ln231)> <Delay = 1.63> <CoreInst = "Adder">   --->   Core 1 'Adder' <Latency = 0> <II = 1> <Delay = 1.63> <FuncUnit> <Opcode : 'add' 'sub'> <InPorts = 2> <OutPorts = 1>
ST_1 : Operation 33 [1/1] (0.00ns)   --->   "%zext_ln235 = zext i11 %add_ln235" [cnn.cpp:235->cnn.cpp:393]   --->   Operation 33 'zext' 'zext_ln235' <Predicate = (!icmp_ln231)> <Delay = 0.00>
ST_1 : Operation 34 [1/1] (0.00ns)   --->   "%tmp_1_addr_1 = getelementptr i32 %tmp_1, i64 0, i64 %zext_ln235" [cnn.cpp:235->cnn.cpp:393]   --->   Operation 34 'getelementptr' 'tmp_1_addr_1' <Predicate = (!icmp_ln231)> <Delay = 0.00>
ST_1 : Operation 35 [2/2] (3.25ns)   --->   "%v0 = load i11 %tmp_1_addr" [cnn.cpp:234->cnn.cpp:393]   --->   Operation 35 'load' 'v0' <Predicate = (!icmp_ln231)> <Delay = 3.25> <CoreInst = "RAM_1WnR">   --->   Core 82 'RAM_1WnR' <Latency = 1> <II = 1> <Delay = 3.25> <Storage> <Opcode : 'load' 'store'> <Ports = 17> <Width = 32> <Depth = 1472> <RAM>
ST_1 : Operation 36 [2/2] (3.25ns)   --->   "%v1 = load i11 %tmp_1_addr_1" [cnn.cpp:235->cnn.cpp:393]   --->   Operation 36 'load' 'v1' <Predicate = (!icmp_ln231)> <Delay = 3.25> <CoreInst = "RAM_1WnR">   --->   Core 82 'RAM_1WnR' <Latency = 1> <II = 1> <Delay = 3.25> <Storage> <Opcode : 'load' 'store'> <Ports = 17> <Width = 32> <Depth = 1472> <RAM>
ST_1 : Operation 37 [1/1] (1.82ns)   --->   "%add_ln232 = add i6 %select_ln231, i6 1" [cnn.cpp:232->cnn.cpp:393]   --->   Operation 37 'add' 'add_ln232' <Predicate = (!icmp_ln231)> <Delay = 1.82> <CoreInst = "Adder">   --->   Core 1 'Adder' <Latency = 0> <II = 1> <Delay = 1.82> <FuncUnit> <Opcode : 'add' 'sub'> <InPorts = 2> <OutPorts = 1>
ST_1 : Operation 38 [1/1] (1.58ns)   --->   "%store_ln231 = store i10 %add_ln231_1, i10 %indvar_flatten45" [cnn.cpp:231->cnn.cpp:393]   --->   Operation 38 'store' 'store_ln231' <Predicate = (!icmp_ln231)> <Delay = 1.58>
ST_1 : Operation 39 [1/1] (1.58ns)   --->   "%store_ln231 = store i5 %select_ln231_1, i5 %t" [cnn.cpp:231->cnn.cpp:393]   --->   Operation 39 'store' 'store_ln231' <Predicate = (!icmp_ln231)> <Delay = 1.58>
ST_1 : Operation 40 [1/1] (1.58ns)   --->   "%store_ln232 = store i6 %add_ln232, i6 %c" [cnn.cpp:232->cnn.cpp:393]   --->   Operation 40 'store' 'store_ln232' <Predicate = (!icmp_ln231)> <Delay = 1.58>

State 2 <SV = 1> <Delay = 8.68>
ST_2 : Operation 41 [1/2] ( I:3.25ns O:3.25ns )   --->   "%v0 = load i11 %tmp_1_addr" [cnn.cpp:234->cnn.cpp:393]   --->   Operation 41 'load' 'v0' <Predicate = true> <Delay = 3.25> <CoreInst = "RAM_1WnR">   --->   Core 82 'RAM_1WnR' <Latency = 1> <II = 1> <Delay = 3.25> <Storage> <Opcode : 'load' 'store'> <Ports = 17> <Width = 32> <Depth = 1472> <RAM>
ST_2 : Operation 42 [1/2] ( I:3.25ns O:3.25ns )   --->   "%v1 = load i11 %tmp_1_addr_1" [cnn.cpp:235->cnn.cpp:393]   --->   Operation 42 'load' 'v1' <Predicate = true> <Delay = 3.25> <CoreInst = "RAM_1WnR">   --->   Core 82 'RAM_1WnR' <Latency = 1> <II = 1> <Delay = 3.25> <Storage> <Opcode : 'load' 'store'> <Ports = 17> <Width = 32> <Depth = 1472> <RAM>
ST_2 : Operation 43 [1/1] (0.00ns)   --->   "%bitcast_ln236 = bitcast i32 %v0" [cnn.cpp:236->cnn.cpp:393]   --->   Operation 43 'bitcast' 'bitcast_ln236' <Predicate = true> <Delay = 0.00>
ST_2 : Operation 44 [1/1] (0.00ns)   --->   "%tmp_11 = partselect i8 @_ssdm_op_PartSelect.i8.i32.i32.i32, i32 %bitcast_ln236, i32 23, i32 30" [cnn.cpp:236->cnn.cpp:393]   --->   Operation 44 'partselect' 'tmp_11' <Predicate = true> <Delay = 0.00>
ST_2 : Operation 45 [1/1] (0.00ns)   --->   "%trunc_ln236 = trunc i32 %bitcast_ln236" [cnn.cpp:236->cnn.cpp:393]   --->   Operation 45 'trunc' 'trunc_ln236' <Predicate = true> <Delay = 0.00>
ST_2 : Operation 46 [1/1] (0.00ns)   --->   "%bitcast_ln236_1 = bitcast i32 %v1" [cnn.cpp:236->cnn.cpp:393]   --->   Operation 46 'bitcast' 'bitcast_ln236_1' <Predicate = true> <Delay = 0.00>
ST_2 : Operation 47 [1/1] (0.00ns)   --->   "%tmp_12 = partselect i8 @_ssdm_op_PartSelect.i8.i32.i32.i32, i32 %bitcast_ln236_1, i32 23, i32 30" [cnn.cpp:236->cnn.cpp:393]   --->   Operation 47 'partselect' 'tmp_12' <Predicate = true> <Delay = 0.00>
ST_2 : Operation 48 [1/1] (0.00ns)   --->   "%trunc_ln236_1 = trunc i32 %bitcast_ln236_1" [cnn.cpp:236->cnn.cpp:393]   --->   Operation 48 'trunc' 'trunc_ln236_1' <Predicate = true> <Delay = 0.00>
ST_2 : Operation 49 [1/1] (1.91ns)   --->   "%icmp_ln236 = icmp_ne  i8 %tmp_11, i8 255" [cnn.cpp:236->cnn.cpp:393]   --->   Operation 49 'icmp' 'icmp_ln236' <Predicate = true> <Delay = 1.91> <CoreInst = "Cmp">   --->   Core 9 'Cmp' <Latency = 0> <II = 1> <Delay = 1.91> <FuncUnit> <Opcode : 'seteq' 'setne' 'setle' 'setge' 'setlt' 'setgt'> <InPorts = 2> <OutPorts = 1>
ST_2 : Operation 50 [1/1] (2.28ns)   --->   "%icmp_ln236_1 = icmp_eq  i23 %trunc_ln236, i23 0" [cnn.cpp:236->cnn.cpp:393]   --->   Operation 50 'icmp' 'icmp_ln236_1' <Predicate = true> <Delay = 2.28> <CoreInst = "Cmp">   --->   Core 9 'Cmp' <Latency = 0> <II = 1> <Delay = 2.28> <FuncUnit> <Opcode : 'seteq' 'setne' 'setle' 'setge' 'setlt' 'setgt'> <InPorts = 2> <OutPorts = 1>
ST_2 : Operation 51 [1/1] (1.91ns)   --->   "%icmp_ln236_2 = icmp_ne  i8 %tmp_12, i8 255" [cnn.cpp:236->cnn.cpp:393]   --->   Operation 51 'icmp' 'icmp_ln236_2' <Predicate = true> <Delay = 1.91> <CoreInst = "Cmp">   --->   Core 9 'Cmp' <Latency = 0> <II = 1> <Delay = 1.91> <FuncUnit> <Opcode : 'seteq' 'setne' 'setle' 'setge' 'setlt' 'setgt'> <InPorts = 2> <OutPorts = 1>
ST_2 : Operation 52 [1/1] (2.28ns)   --->   "%icmp_ln236_3 = icmp_eq  i23 %trunc_ln236_1, i23 0" [cnn.cpp:236->cnn.cpp:393]   --->   Operation 52 'icmp' 'icmp_ln236_3' <Predicate = true> <Delay = 2.28> <CoreInst = "Cmp">   --->   Core 9 'Cmp' <Latency = 0> <II = 1> <Delay = 2.28> <FuncUnit> <Opcode : 'seteq' 'setne' 'setle' 'setge' 'setlt' 'setgt'> <InPorts = 2> <OutPorts = 1>
ST_2 : Operation 53 [2/2] (5.43ns)   --->   "%tmp_13 = fcmp_ogt  i32 %v0, i32 %v1" [cnn.cpp:236->cnn.cpp:393]   --->   Operation 53 'fcmp' 'tmp_13' <Predicate = true> <Delay = 5.43> <CoreInst = "FCompare">   --->   Core 19 'FCompare' <Latency = 1> <II = 1> <Delay = 5.43> <FuncUnit> <Opcode : 'fcmp'> <InPorts = 2> <OutPorts = 1>

State 3 <SV = 2> <Delay = 10.3>
ST_3 : Operation 54 [1/1] (0.00ns) (grouped into LUT with out node and_ln236_1)   --->   "%or_ln236 = or i1 %icmp_ln236_1, i1 %icmp_ln236" [cnn.cpp:236->cnn.cpp:393]   --->   Operation 54 'or' 'or_ln236' <Predicate = true> <Delay = 0.00> <CoreInst = "LogicGate">   --->   Core 74 'LogicGate' <Latency = 0> <II = 1> <Delay = 0.97> <FuncUnit> <Opcode : 'and' 'or' 'xor'> <InPorts = 2> <OutPorts = 1>
ST_3 : Operation 55 [1/1] (0.00ns) (grouped into LUT with out node and_ln236_1)   --->   "%or_ln236_1 = or i1 %icmp_ln236_3, i1 %icmp_ln236_2" [cnn.cpp:236->cnn.cpp:393]   --->   Operation 55 'or' 'or_ln236_1' <Predicate = true> <Delay = 0.00> <CoreInst = "LogicGate">   --->   Core 74 'LogicGate' <Latency = 0> <II = 1> <Delay = 0.97> <FuncUnit> <Opcode : 'and' 'or' 'xor'> <InPorts = 2> <OutPorts = 1>
ST_3 : Operation 56 [1/1] (0.00ns) (grouped into LUT with out node and_ln236_1)   --->   "%and_ln236 = and i1 %or_ln236, i1 %or_ln236_1" [cnn.cpp:236->cnn.cpp:393]   --->   Operation 56 'and' 'and_ln236' <Predicate = true> <Delay = 0.00> <CoreInst = "LogicGate">   --->   Core 74 'LogicGate' <Latency = 0> <II = 1> <Delay = 0.97> <FuncUnit> <Opcode : 'and' 'or' 'xor'> <InPorts = 2> <OutPorts = 1>
ST_3 : Operation 57 [1/2] (5.43ns)   --->   "%tmp_13 = fcmp_ogt  i32 %v0, i32 %v1" [cnn.cpp:236->cnn.cpp:393]   --->   Operation 57 'fcmp' 'tmp_13' <Predicate = true> <Delay = 5.43> <CoreInst = "FCompare">   --->   Core 19 'FCompare' <Latency = 1> <II = 1> <Delay = 5.43> <FuncUnit> <Opcode : 'fcmp'> <InPorts = 2> <OutPorts = 1>
ST_3 : Operation 58 [1/1] (0.97ns) (out node of the LUT)   --->   "%and_ln236_1 = and i1 %and_ln236, i1 %tmp_13" [cnn.cpp:236->cnn.cpp:393]   --->   Operation 58 'and' 'and_ln236_1' <Predicate = true> <Delay = 0.97> <CoreInst = "LogicGate">   --->   Core 74 'LogicGate' <Latency = 0> <II = 1> <Delay = 0.97> <FuncUnit> <Opcode : 'and' 'or' 'xor'> <InPorts = 2> <OutPorts = 1>
ST_3 : Operation 59 [1/1] (0.69ns) (out node of the LUT)   --->   "%select_ln236 = select i1 %and_ln236_1, i11 %tmp_10, i11 %add_ln235" [cnn.cpp:236->cnn.cpp:393]   --->   Operation 59 'select' 'select_ln236' <Predicate = true> <Delay = 0.69> <CoreInst = "Sel">   --->   Core 73 'Sel' <Latency = 0> <II = 1> <Delay = 0.69> <FuncUnit> <Opcode : 'select'> <InPorts = 3> <OutPorts = 1>
ST_3 : Operation 60 [1/1] (0.00ns)   --->   "%zext_ln234_1 = zext i11 %select_ln236" [cnn.cpp:234->cnn.cpp:393]   --->   Operation 60 'zext' 'zext_ln234_1' <Predicate = true> <Delay = 0.00>
ST_3 : Operation 61 [1/1] (0.00ns)   --->   "%tmp_1_addr_2 = getelementptr i32 %tmp_1, i64 0, i64 %zext_ln234_1" [cnn.cpp:234->cnn.cpp:393]   --->   Operation 61 'getelementptr' 'tmp_1_addr_2' <Predicate = true> <Delay = 0.00>
ST_3 : Operation 62 [2/2] (3.25ns)   --->   "%tmp_1_load = load i11 %tmp_1_addr_2" [cnn.cpp:236->cnn.cpp:393]   --->   Operation 62 'load' 'tmp_1_load' <Predicate = true> <Delay = 3.25> <CoreInst = "RAM_1WnR">   --->   Core 82 'RAM_1WnR' <Latency = 1> <II = 1> <Delay = 3.25> <Storage> <Opcode : 'load' 'store'> <Ports = 17> <Width = 32> <Depth = 1472> <RAM>
ST_3 : Operation 71 [1/1] (1.58ns)   --->   "%ret_ln0 = ret"   --->   Operation 71 'ret' 'ret_ln0' <Predicate = (icmp_ln231)> <Delay = 1.58>

State 4 <SV = 3> <Delay = 6.50>
ST_4 : Operation 63 [1/1] (0.00ns)   --->   "%specloopname_ln0 = specloopname void @_ssdm_op_SpecLoopName, void @VITIS_LOOP_231_5_VITIS_LOOP_232_6_str"   --->   Operation 63 'specloopname' 'specloopname_ln0' <Predicate = true> <Delay = 0.00>
ST_4 : Operation 64 [1/1] (0.00ns)   --->   "%speclooptripcount_ln0 = speclooptripcount void @_ssdm_op_SpecLoopTripCount, i64 736, i64 736, i64 736"   --->   Operation 64 'speclooptripcount' 'speclooptripcount_ln0' <Predicate = true> <Delay = 0.00>
ST_4 : Operation 65 [1/1] (0.00ns)   --->   "%zext_ln236_2 = zext i10 %add_ln236" [cnn.cpp:236->cnn.cpp:393]   --->   Operation 65 'zext' 'zext_ln236_2' <Predicate = true> <Delay = 0.00>
ST_4 : Operation 66 [1/1] (0.00ns)   --->   "%s3_out_addr = getelementptr i32 %s3_out, i64 0, i64 %zext_ln236_2" [cnn.cpp:236->cnn.cpp:393]   --->   Operation 66 'getelementptr' 's3_out_addr' <Predicate = true> <Delay = 0.00>
ST_4 : Operation 67 [1/1] (0.00ns)   --->   "%specpipeline_ln233 = specpipeline void @_ssdm_op_SpecPipeline, i32 1, i32 0, i32 0, i32 0, void @empty_22" [cnn.cpp:233->cnn.cpp:393]   --->   Operation 67 'specpipeline' 'specpipeline_ln233' <Predicate = true> <Delay = 0.00>
ST_4 : Operation 68 [1/2] ( I:3.25ns O:3.25ns )   --->   "%tmp_1_load = load i11 %tmp_1_addr_2" [cnn.cpp:236->cnn.cpp:393]   --->   Operation 68 'load' 'tmp_1_load' <Predicate = true> <Delay = 3.25> <CoreInst = "RAM_1WnR">   --->   Core 82 'RAM_1WnR' <Latency = 1> <II = 1> <Delay = 3.25> <Storage> <Opcode : 'load' 'store'> <Ports = 17> <Width = 32> <Depth = 1472> <RAM>
ST_4 : Operation 69 [1/1] ( I:3.25ns O:3.25ns )   --->   "%store_ln236 = store i32 %tmp_1_load, i10 %s3_out_addr" [cnn.cpp:236->cnn.cpp:393]   --->   Operation 69 'store' 'store_ln236' <Predicate = true> <Delay = 3.25> <CoreInst = "RAM">   --->   Core 81 'RAM' <Latency = 1> <II = 1> <Delay = 3.25> <Storage> <Opcode : 'load' 'store'> <Ports = 2> <Width = 32> <Depth = 736> <RAM>
ST_4 : Operation 70 [1/1] (0.00ns)   --->   "%br_ln232 = br void %for.body51.i" [cnn.cpp:232->cnn.cpp:393]   --->   Operation 70 'br' 'br_ln232' <Predicate = true> <Delay = 0.00>


============================================================
+ Verbose Summary: Timing violations
============================================================
Target clock period: 15.000ns, clock uncertainty: 4.050ns.

 <State 1>: 9.521ns
The critical path consists of the following:
	'store' operation 0 bit ('store_ln232', cnn.cpp:232->cnn.cpp:393) of constant 0 on local variable 'c', cnn.cpp:232->cnn.cpp:393 [8]  (1.588 ns)
	'load' operation 6 bit ('c_load', cnn.cpp:232->cnn.cpp:393) on local variable 'c', cnn.cpp:232->cnn.cpp:393 [16]  (0.000 ns)
	'icmp' operation 1 bit ('icmp_ln232', cnn.cpp:232->cnn.cpp:393) [21]  (1.825 ns)
	'select' operation 5 bit ('select_ln231_1', cnn.cpp:231->cnn.cpp:393) [23]  (1.215 ns)
	'add' operation 11 bit ('add_ln235', cnn.cpp:235->cnn.cpp:393) [34]  (1.639 ns)
	'getelementptr' operation 11 bit ('tmp_1_addr_1', cnn.cpp:235->cnn.cpp:393) [36]  (0.000 ns)
	'load' operation 32 bit ('v1', cnn.cpp:235->cnn.cpp:393) on array 'tmp_1' [39]  (3.254 ns)

 <State 2>: 8.685ns
The critical path consists of the following:
	'load' operation 32 bit ('v0', cnn.cpp:234->cnn.cpp:393) on array 'tmp_1' [38]  (3.254 ns)
	'fcmp' operation 1 bit ('tmp_13', cnn.cpp:236->cnn.cpp:393) [53]  (5.431 ns)

 <State 3>: 10.355ns
The critical path consists of the following:
	'fcmp' operation 1 bit ('tmp_13', cnn.cpp:236->cnn.cpp:393) [53]  (5.431 ns)
	'and' operation 1 bit ('and_ln236_1', cnn.cpp:236->cnn.cpp:393) [54]  (0.978 ns)
	'select' operation 11 bit ('select_ln236', cnn.cpp:236->cnn.cpp:393) [55]  (0.692 ns)
	'getelementptr' operation 11 bit ('tmp_1_addr_2', cnn.cpp:234->cnn.cpp:393) [57]  (0.000 ns)
	'load' operation 32 bit ('tmp_1_load', cnn.cpp:236->cnn.cpp:393) on array 'tmp_1' [58]  (3.254 ns)

 <State 4>: 6.508ns
The critical path consists of the following:
	'load' operation 32 bit ('tmp_1_load', cnn.cpp:236->cnn.cpp:393) on array 'tmp_1' [58]  (3.254 ns)
	'store' operation 0 bit ('store_ln236', cnn.cpp:236->cnn.cpp:393) of variable 'tmp_1_load', cnn.cpp:236->cnn.cpp:393 on array 's3_out' [59]  (3.254 ns)


============================================================
+ Verbose Summary: Binding
============================================================
N/A
* FSMD analyzer results:
  - Output states:
 - Input state : 
  - Chain level:
	State 1
	State 2
	State 3
	State 4


============================================================
+ Verbose Summary: Datapath Resource usage 
============================================================
N/A
