

================================================================
== Vitis HLS Report for 'ecg_cnn_top_Pipeline_VITIS_LOOP_231_5_VITIS_LOOP_232_6'
================================================================
* Date:           Tue Mar 31 12:28:12 2026

* Version:        2025.1 (Build 6135595 on May 21 2025)
* Project:        ecg_cnn_top
* Solution:       hls (Vivado IP Flow Target)
* Product family: zynq
* Target device:  xc7z020-clg400-1


================================================================
== Performance Estimates
================================================================
+ Timing: 
    * Summary: 
    +--------+----------+-----------+------------+
    |  Clock |  Target  | Estimated | Uncertainty|
    +--------+----------+-----------+------------+
    |ap_clk  |  15.00 ns|  10.355 ns|     4.05 ns|
    +--------+----------+-----------+------------+

+ Latency: 
    * Summary: 
    +---------+---------+-----------+-----------+-----+-----+------------------------------------------------+
    |  Latency (cycles) |   Latency (absolute)  |  Interval |                    Pipeline                    |
    |   min   |   max   |    min    |    max    | min | max |                      Type                      |
    +---------+---------+-----------+-----------+-----+-----+------------------------------------------------+
    |      740|      740|  11.100 us|  11.100 us|  737|  737|  loop auto-rewind stp (delay=0 clock cycles(s))|
    +---------+---------+-----------+-----------+-----+-----+------------------------------------------------+

    + Detail: 
        * Instance: 
        N/A

        * Loop: 
        +-------------------------------------+---------+---------+----------+-----------+-----------+------+----------+
        |                                     |  Latency (cycles) | Iteration|  Initiation Interval  | Trip |          |
        |              Loop Name              |   min   |   max   |  Latency |  achieved |   target  | Count| Pipelined|
        +-------------------------------------+---------+---------+----------+-----------+-----------+------+----------+
        |- VITIS_LOOP_231_5_VITIS_LOOP_232_6  |      738|      738|         4|          1|          1|   736|       yes|
        +-------------------------------------+---------+---------+----------+-----------+-----------+------+----------+



================================================================
== Utilization Estimates
================================================================
* Summary: 
+-----------------+---------+-----+--------+-------+-----+
|       Name      | BRAM_18K| DSP |   FF   |  LUT  | URAM|
+-----------------+---------+-----+--------+-------+-----+
|DSP              |        -|    -|       -|      -|    -|
|Expression       |        -|    -|       0|    214|    -|
|FIFO             |        -|    -|       -|      -|    -|
|Instance         |        -|    -|       -|      -|    -|
|Memory           |        -|    -|       -|      -|    -|
|Multiplexer      |        -|    -|       0|     72|    -|
|Register         |        -|    -|     150|     32|    -|
+-----------------+---------+-----+--------+-------+-----+
|Total            |        0|    0|     150|    318|    0|
+-----------------+---------+-----+--------+-------+-----+
|Available        |      280|  220|  106400|  53200|    0|
+-----------------+---------+-----+--------+-------+-----+
|Utilization (%)  |        0|    0|      ~0|     ~0|    0|
+-----------------+---------+-----+--------+-------+-----+

+ Detail: 
    * Instance: 
    N/A

    * DSP: 
    N/A

    * Memory: 
    N/A

    * FIFO: 
    N/A

    * Expression: 
    +--------------------------+----------+----+---+----+------------+------------+
    |       Variable Name      | Operation| DSP| FF| LUT| Bitwidth P0| Bitwidth P1|
    +--------------------------+----------+----+---+----+------------+------------+
    |add_ln231_1_fu_145_p2     |         +|   0|  0|  13|          10|           1|
    |add_ln231_fu_157_p2       |         +|   0|  0|  13|           5|           1|
    |add_ln232_fu_239_p2       |         +|   0|  0|  14|           6|           1|
    |add_ln235_fu_228_p2       |         +|   0|  0|  12|          11|          11|
    |add_ln236_fu_209_p2       |         +|   0|  0|  13|          10|          10|
    |and_ln236_1_fu_334_p2     |       and|   0|  0|   2|           1|           1|
    |and_ln236_fu_328_p2       |       and|   0|  0|   2|           1|           1|
    |icmp_ln231_fu_139_p2      |      icmp|   0|  0|  13|          10|          10|
    |icmp_ln232_fu_163_p2      |      icmp|   0|  0|  14|           6|           7|
    |icmp_ln236_1_fu_302_p2    |      icmp|   0|  0|  30|          23|           1|
    |icmp_ln236_2_fu_308_p2    |      icmp|   0|  0|  15|           8|           2|
    |icmp_ln236_3_fu_314_p2    |      icmp|   0|  0|  30|          23|           1|
    |icmp_ln236_fu_296_p2      |      icmp|   0|  0|  15|           8|           2|
    |or_ln236_1_fu_324_p2      |        or|   0|  0|   2|           1|           1|
    |or_ln236_fu_320_p2        |        or|   0|  0|   2|           1|           1|
    |select_ln231_1_fu_177_p3  |    select|   0|  0|   5|           1|           5|
    |select_ln231_fu_169_p3    |    select|   0|  0|   6|           1|           1|
    |select_ln236_fu_340_p3    |    select|   0|  0|  11|           1|          11|
    |ap_enable_pp0             |       xor|   0|  0|   2|           1|           2|
    +--------------------------+----------+----+---+----+------------+------------+
    |Total                     |          |   0|  0| 214|         128|          70|
    +--------------------------+----------+----+---+----+------------+------------+

    * Multiplexer: 
    +----------------------------------------+----+-----------+-----+-----------+
    |                  Name                  | LUT| Input Size| Bits| Total Bits|
    +----------------------------------------+----+-----------+-----+-----------+
    |ap_done_int                             |   9|          2|    1|          2|
    |ap_enable_reg_pp0_iter1                 |   9|          2|    1|          2|
    |ap_sig_allocacmp_c_load                 |   9|          2|    6|         12|
    |ap_sig_allocacmp_indvar_flatten45_load  |   9|          2|   10|         20|
    |ap_sig_allocacmp_t_load                 |   9|          2|    5|         10|
    |c_fu_52                                 |   9|          2|    6|         12|
    |indvar_flatten45_fu_60                  |   9|          2|   10|         20|
    |t_fu_56                                 |   9|          2|    5|         10|
    +----------------------------------------+----+-----------+-----+-----------+
    |Total                                   |  72|         16|   44|         88|
    +----------------------------------------+----+-----------+-----+-----------+

    * Register: 
    +----------------------------------+----+----+-----+-----------+
    |               Name               | FF | LUT| Bits| Const Bits|
    +----------------------------------+----+----+-----+-----------+
    |add_ln235_reg_395                 |  11|   0|   11|          0|
    |add_ln235_reg_395_pp0_iter1_reg   |  11|   0|   11|          0|
    |add_ln236_reg_380                 |  10|   0|   10|          0|
    |ap_CS_fsm                         |   1|   0|    1|          0|
    |ap_done_reg                       |   1|   0|    1|          0|
    |ap_enable_reg_pp0_iter1           |   1|   0|    1|          0|
    |ap_enable_reg_pp0_iter2           |   1|   0|    1|          0|
    |ap_enable_reg_pp0_iter3           |   1|   0|    1|          0|
    |ap_loop_exit_ready_pp0_iter1_reg  |   1|   0|    1|          0|
    |ap_loop_exit_ready_pp0_iter2_reg  |   1|   0|    1|          0|
    |c_fu_52                           |   6|   0|    6|          0|
    |icmp_ln236_1_reg_420              |   1|   0|    1|          0|
    |icmp_ln236_2_reg_425              |   1|   0|    1|          0|
    |icmp_ln236_3_reg_430              |   1|   0|    1|          0|
    |icmp_ln236_reg_415                |   1|   0|    1|          0|
    |indvar_flatten45_fu_60            |  10|   0|   10|          0|
    |t_fu_56                           |   5|   0|    5|          0|
    |tmp_10_reg_385                    |  11|   0|   11|          0|
    |tmp_10_reg_385_pp0_iter1_reg      |  11|   0|   11|          0|
    |add_ln236_reg_380                 |  64|  32|   10|          0|
    +----------------------------------+----+----+-----+-----------+
    |Total                             | 150|  32|   96|          0|
    +----------------------------------+----+----+-----+-----------+



================================================================
== Interface
================================================================
* Summary: 
+----------------------+-----+-----+------------+--------------------------------------------------------+--------------+
|       RTL Ports      | Dir | Bits|  Protocol  |                      Source Object                     |    C Type    |
+----------------------+-----+-----+------------+--------------------------------------------------------+--------------+
|ap_clk                |   in|    1|  ap_ctrl_hs|  ecg_cnn_top_Pipeline_VITIS_LOOP_231_5_VITIS_LOOP_232_6|  return value|
|ap_rst                |   in|    1|  ap_ctrl_hs|  ecg_cnn_top_Pipeline_VITIS_LOOP_231_5_VITIS_LOOP_232_6|  return value|
|ap_start              |   in|    1|  ap_ctrl_hs|  ecg_cnn_top_Pipeline_VITIS_LOOP_231_5_VITIS_LOOP_232_6|  return value|
|ap_done               |  out|    1|  ap_ctrl_hs|  ecg_cnn_top_Pipeline_VITIS_LOOP_231_5_VITIS_LOOP_232_6|  return value|
|ap_idle               |  out|    1|  ap_ctrl_hs|  ecg_cnn_top_Pipeline_VITIS_LOOP_231_5_VITIS_LOOP_232_6|  return value|
|ap_ready              |  out|    1|  ap_ctrl_hs|  ecg_cnn_top_Pipeline_VITIS_LOOP_231_5_VITIS_LOOP_232_6|  return value|
|grp_fu_2105_p_din0    |  out|   32|  ap_ctrl_hs|  ecg_cnn_top_Pipeline_VITIS_LOOP_231_5_VITIS_LOOP_232_6|  return value|
|grp_fu_2105_p_din1    |  out|   32|  ap_ctrl_hs|  ecg_cnn_top_Pipeline_VITIS_LOOP_231_5_VITIS_LOOP_232_6|  return value|
|grp_fu_2105_p_opcode  |  out|    5|  ap_ctrl_hs|  ecg_cnn_top_Pipeline_VITIS_LOOP_231_5_VITIS_LOOP_232_6|  return value|
|grp_fu_2105_p_dout0   |   in|    1|  ap_ctrl_hs|  ecg_cnn_top_Pipeline_VITIS_LOOP_231_5_VITIS_LOOP_232_6|  return value|
|grp_fu_2105_p_ce      |  out|    1|  ap_ctrl_hs|  ecg_cnn_top_Pipeline_VITIS_LOOP_231_5_VITIS_LOOP_232_6|  return value|
|tmp_1_address0        |  out|   11|   ap_memory|                                                   tmp_1|         array|
|tmp_1_ce0             |  out|    1|   ap_memory|                                                   tmp_1|         array|
|tmp_1_q0              |   in|   32|   ap_memory|                                                   tmp_1|         array|
|tmp_1_address1        |  out|   11|   ap_memory|                                                   tmp_1|         array|
|tmp_1_ce1             |  out|    1|   ap_memory|                                                   tmp_1|         array|
|tmp_1_q1              |   in|   32|   ap_memory|                                                   tmp_1|         array|
|tmp_1_address2        |  out|   11|   ap_memory|                                                   tmp_1|         array|
|tmp_1_ce2             |  out|    1|   ap_memory|                                                   tmp_1|         array|
|tmp_1_q2              |   in|   32|   ap_memory|                                                   tmp_1|         array|
|s3_out_address0       |  out|   10|   ap_memory|                                                  s3_out|         array|
|s3_out_ce0            |  out|    1|   ap_memory|                                                  s3_out|         array|
|s3_out_we0            |  out|    1|   ap_memory|                                                  s3_out|         array|
|s3_out_d0             |  out|   32|   ap_memory|                                                  s3_out|         array|
+----------------------+-----+-----+------------+--------------------------------------------------------+--------------+

============================================================
+ Verbose Summary: Synthesis Manager
============================================================
InlineROM: 1
ExposeGlobal: 0
============================================================
+ Verbose Summary: CDFG Model
============================================================
IsTopModel: 0
ResetActiveHigh: 1
IsCombinational: 2
IsDatapathOnly: 2
HasWiredReturn: 1
HasMFsm: 2
HasVarLatency: 1
IsPipeline: 0
IsRtlPipelined: 0
IsInstanceOverlapped: 0
IsDontTouch: 0
HasImplIP: 0
IsGatedGlobalClock: 0

+ Individual pipeline summary: 
  * Pipeline-0: initiation interval (II) = 1, depth = 4


============================================================
+ Verbose Summary: Schedule
============================================================
* Number of FSM states : 4
* Pipeline : 1
  Pipeline-0 : II = 1, D = 4, States = { 1 2 3 4 }
* Dataflow Pipeline: 0

* FSM state transitions: 
1 --> 2 
2 --> 3 
3 --> 4 
4 --> 

* FSM state operations: 

State 1 <SV = 0> <Delay = 9.52>
ST_1 : Operation 7 [1/1] (0.00ns)   --->   "%c = alloca i32 1" [cnn.cpp:232->cnn.cpp:393]   --->   Operation 7 'alloca' 'c' <Predicate = true> <Delay = 0.00>
ST_1 : Operation 8 [1/1] (0.00ns)   --->   "%t = alloca i32 1" [cnn.cpp:231->cnn.cpp:393]   --->   Operation 8 'alloca' 't' <Predicate = true> <Delay = 0.00>
ST_1 : Operation 9 [1/1] (0.00ns)   --->   "%indvar_flatten45 = alloca i32 1"   --->   Operation 9 'alloca' 'indvar_flatten45' <Predicate = true> <Delay = 0.00>
ST_1 : Operation 10 [1/1] (1.58ns)   --->   "%store_ln0 = store i10 0, i10 %indvar_flatten45"   --->   Operation 10 'store' 'store_ln0' <Predicate = true> <Delay = 1.58>
ST_1 : Operation 11 [1/1] (1.58ns)   --->   "%store_ln231 = store i5 0, i5 %t" [cnn.cpp:231->cnn.cpp:393]   --->   Operation 11 'store' 'store_ln231' <Predicate = true> <Delay = 1.58>
ST_1 : Operation 12 [1/1] (1.58ns)   --->   "%store_ln232 = store i6 0, i6 %c" [cnn.cpp:232->cnn.cpp:393]   --->   Operation 12 'store' 'store_ln232' <Predicate = true> <Delay = 1.58>
ST_1 : Operation 13 [1/1] (0.00ns)   --->   "%br_ln0 = br void %for.body51.i"   --->   Operation 13 'br' 'br_ln0' <Predicate = true> <Delay = 0.00>
ST_1 : Operation 14 [1/1] (0.00ns)   --->   "%indvar_flatten45_load = load i10 %indvar_flatten45" [cnn.cpp:231->cnn.cpp:393]   --->   Operation 14 'load' 'indvar_flatten45_load' <Predicate = true> <Delay = 0.00>
ST_1 : Operation 15 [1/1] (1.73ns)   --->   "%icmp_ln231 = icmp_eq  i10 %indvar_flatten45_load, i10 736" [cnn.cpp:231->cnn.cpp:393]   --->   Operation 15 'icmp' 'icmp_ln231' <Predicate = true> <Delay = 1.73> <CoreInst = "Cmp">   --->   Core 9 'Cmp' <Latency = 0> <II = 1> <Delay = 1.73> <FuncUnit> <Opcode : 'seteq' 'setne' 'setle' 'setge' 'setlt' 'setgt'> <InPorts = 2> <OutPorts = 1>
ST_1 : Operation 16 [1/1] (1.73ns)   --->   "%add_ln231_1 = add i10 %indvar_flatten45_load, i10 1" [cnn.cpp:231->cnn.cpp:393]   --->   Operation 16 'add' 'add_ln231_1' <Predicate = true> <Delay = 1.73> <CoreInst = "Adder">   --->   Core 1 'Adder' <Latency = 0> <II = 1> <Delay = 1.73> <FuncUnit> <Opcode : 'add' 'sub'> <InPorts = 2> <OutPorts = 1>
ST_1 : Operation 17 [1/1] (0.00ns)   --->   "%br_ln231 = br i1 %icmp_ln231, void %for.inc71.i, void %VITIS_LOOP_249_2.i.preheader.exitStub" [cnn.cpp:231->cnn.cpp:393]   --->   Operation 17 'br' 'br_ln231' <Predicate = true> <Delay = 0.00>
ST_1 : Operation 18 [1/1] (0.00ns)   --->   "%c_load = load i6 %c" [cnn.cpp:232->cnn.cpp:393]   --->   Operation 18 'load' 'c_load' <Predicate = (!icmp_ln231)> <Delay = 0.00>
ST_1 : Operation 19 [1/1] (0.00ns)   --->   "%t_load = load i5 %t" [cnn.cpp:231->cnn.cpp:393]   --->   Operation 19 'load' 't_load' <Predicate = (!icmp_ln231)> <Delay = 0.00>
ST_1 : Operation 20 [1/1] (1.78ns)   --->   "%add_ln231 = add i5 %t_load, i5 1" [cnn.cpp:231->cnn.cpp:393]   --->   Operation 20 'add' 'add_ln231' <Predicate = (!icmp_ln231)> <Delay = 1.78> <CoreInst = "Adder">   --->   Core 1 'Adder' <Latency = 0> <II = 1> <Delay = 1.78> <FuncUnit> <Opcode : 'add' 'sub'> <InPorts = 2> <OutPorts = 1>
ST_1 : Operation 21 [1/1] (1.82ns)   --->   "%icmp_ln232 = icmp_eq  i6 %c_load, i6 32" [cnn.cpp:232->cnn.cpp:393]   --->   Operation 21 'icmp' 'icmp_ln232' <Predicate = (!icmp_ln231)> <Delay = 1.82> <CoreInst = "Cmp">   --->   Core 9 'Cmp' <Latency = 0> <II = 1> <Delay = 1.87> <FuncUnit> <Opcode : 'seteq' 'setne' 'setle' 'setge' 'setlt' 'setgt'> <InPorts = 2> <OutPorts = 1>
ST_1 : Operation 22 [1/1] (1.18ns)   --->   "%select_ln231 = select i1 %icmp_ln232, i6 0, i6 %c_load" [cnn.cpp:231->cnn.cpp:393]   --->   Operation 22 'select' 'select_ln231' <Predicate = (!icmp_ln231)> <Delay = 1.18> <CoreInst = "Sel">   --->   Core 73 'Sel' <Latency = 0> <II = 1> <Delay = 1.18> <FuncUnit> <Opcode : 'select'> <InPorts = 3> <OutPorts = 1>
ST_1 : Operation 23 [1/1] (1.21ns)   --->   "%select_ln231_1 = select i1 %icmp_ln232, i5 %add_ln231, i5 %t_load" [cnn.cpp:231->cnn.cpp:393]   --->   Operation 23 'select' 'select_ln231_1' <Predicate = (!icmp_ln231)> <Delay = 1.21> <CoreInst = "Sel">   --->   Core 73 'Sel' <Latency = 0> <II = 1> <Delay = 1.21> <FuncUnit> <Opcode : 'select'> <InPorts = 3> <OutPorts = 1>
ST_1 : Operation 24 [1/1] (0.00ns)   --->   "%tmp_s = bitconcatenate i10 @_ssdm_op_BitConcatenate.i10.i5.i5, i5 %select_ln231_1, i5 0" [cnn.cpp:236->cnn.cpp:393]   --->   Operation 24 'bitconcatenate' 'tmp_s' <Predicate = (!icmp_ln231)> <Delay = 0.00>
ST_1 : Operation 25 [1/1] (0.00ns)   --->   "%tmp_9 = bitconcatenate i11 @_ssdm_op_BitConcatenate.i11.i5.i6, i5 %select_ln231_1, i6 32" [cnn.cpp:235->cnn.cpp:393]   --->   Operation 25 'bitconcatenate' 'tmp_9' <Predicate = (!icmp_ln231)> <Delay = 0.00>
ST_1 : Operation 26 [1/1] (0.00ns)   --->   "%zext_ln236 = zext i6 %select_ln231" [cnn.cpp:236->cnn.cpp:393]   --->   Operation 26 'zext' 'zext_ln236' <Predicate = (!icmp_ln231)> <Delay = 0.00>
ST_1 : Operation 27 [1/1] (0.00ns)   --->   "%zext_ln236_1 = zext i6 %select_ln231" [cnn.cpp:236->cnn.cpp:393]   --->   Operation 27 'zext' 'zext_ln236_1' <Predicate = (!icmp_ln231)> <Delay = 0.00>
ST_1 : Operation 28 [1/1] (1.73ns)   --->   "%add_ln236 = add i10 %tmp_s, i10 %zext_ln236_1" [cnn.cpp:236->cnn.cpp:393]   --->   Operation 28 'add' 'add_ln236' <Predicate = (!icmp_ln231)> <Delay = 1.73> <CoreInst = "Adder">   --->   Core 1 'Adder' <Latency = 0> <II = 1> <Delay = 1.73> <FuncUnit> <Opcode : 'add' 'sub'> <InPorts = 2> <OutPorts = 1>
ST_1 : Operation 29 [1/1] (0.00ns)   --->   "%tmp_10 = bitconcatenate i11 @_ssdm_op_BitConcatenate.i11.i5.i6, i5 %select_ln231_1, i6 %select_ln231" [cnn.cpp:234->cnn.cpp:393]   --->   Operation 29 'bitconcatenate' 'tmp_10' <Predicate = (!icmp_ln231)> <Delay = 0.00>
ST_1 : Operation 30 [1/1] (0.00ns)   --->   "%zext_ln234 = zext i11 %tmp_10" [cnn.cpp:234->cnn.cpp:393]   --->   Operation 30 'zext' 'zext_ln234' <Predicate = (!icmp_ln231)> <Delay = 0.00>
ST_1 : Operation 31 [1/1] (0.00ns)   --->   "%tmp_1_addr = getelementptr i32 %tmp_1, i64 0, i64 %zext_ln234" [cnn.cpp:234->cnn.cpp:393]   --->   Operation 31 'getelementptr' 'tmp_1_addr' <Predicate = (!icmp_ln231)> <Delay = 0.00>
ST_1 : Operation 32 [1/1] (1.63ns)   --->   "%add_ln235 = add i11 %tmp_9, i11 %zext_ln236" [cnn.cpp:235->cnn.cpp:393]   --->   Operation 32 'add' 'add_ln235' <Predicate = (!icmp_ln231)> <Delay = 1.63> <CoreInst = "Adder">   --->   Core 1 'Adder' <Latency = 0> <II = 1> <Delay = 1.63> <FuncUnit> <Opcode : 'add' 'sub'> <InPorts = 2> <OutPorts = 1>
ST_1 : Operation 33 [1/1] (0.00ns)   --->   "%zext_ln235 = zext i11 %add_ln235" [cnn.cpp:235->cnn.cpp:393]   --->   Operation 33 'zext' 'zext_ln235' <Predicate = (!icmp_ln231)> <Delay = 0.00>
ST_1 : Operation 34 [1/1] (0.00ns)   --->   "%tmp_1_addr_1 = getelementptr i32 %tmp_1, i64 0, i64 %zext_ln235" [cnn.cpp:235->cnn.cpp:393]   --->   Operation 34 'getelementptr' 'tmp_1_addr_1' <Predicate = (!icmp_ln231)> <Delay = 0.00>
ST_1 : Operation 35 [2/2] (3.25ns)   --->   "%v0 = load i11 %tmp_1_addr" [cnn.cpp:234->cnn.cpp:393]   --->   Operation 35 'load' 'v0' <Predicate = (!icmp_ln231)> <Delay = 3.25> <CoreInst = "RAM_1WnR">   --->   Core 82 'RAM_1WnR' <Latency = 1> <II = 1> <Delay = 3.25> <Storage> <Opcode : 'load' 'store'> <Ports = 17> <Width = 32> <Depth = 1472> <RAM>
ST_1 : Operation 36 [2/2] (3.25ns)   --->   "%v1 = load i11 %tmp_1_addr_1" [cnn.cpp:235->cnn.cpp:393]   --->   Operation 36 'load' 'v1' <Predicate = (!icmp_ln231)> <Delay = 3.25> <CoreInst = "RAM_1WnR">   --->   Core 82 'RAM_1WnR' <Latency = 1> <II = 1> <Delay = 3.25> <Storage> <Opcode : 'load' 'store'> <Ports = 17> <Width = 32> <Depth = 1472> <RAM>
ST_1 : Operation 37 [1/1] (1.82ns)   --->   "%add_ln232 = add i6 %select_ln231, i6 1" [cnn.cpp:232->cnn.cpp:393]   --->   Operation 37 'add' 'add_ln232' <Predicate = (!icmp_ln231)> <Delay = 1.82> <CoreInst = "Adder">   --->   Core 1 'Adder' <Latency = 0> <II = 1> <Delay = 1.82> <FuncUnit> <Opcode : 'add' 'sub'> <InPorts = 2> <OutPorts = 1>
ST_1 : Operation 38 [1/1] (1.58ns)   --->   "%store_ln231 = store i10 %add_ln231_1, i10 %indvar_flatten45" [cnn.cpp:231->cnn.cpp:393]   --->   Operation 38 'store' 'store_ln231' <Predicate = (!icmp_ln231)> <Delay = 1.58>
ST_1 : Operation 39 [1/1] (1.58ns)   --->   "%store_ln231 = store i5 %select_ln231_1, i5 %t" [cnn.cpp:231->cnn.cpp:393]   --->   Operation 39 'store' 'store_ln231' <Predicate = (!icmp_ln231)> <Delay = 1.58>
ST_1 : Operation 40 [1/1] (1.58ns)   --->   "%store_ln232 = store i6 %add_ln232, i6 %c" [cnn.cpp:232->cnn.cpp:393]   --->   Operation 40 'store' 'store_ln232' <Predicate = (!icmp_ln231)> <Delay = 1.58>

State 2 <SV = 1> <Delay = 8.68>
ST_2 : Operation 41 [1/2] ( I:3.25ns O:3.25ns )   --->   "%v0 = load i11 %tmp_1_addr" [cnn.cpp:234->cnn.cpp:393]   --->   Operation 41 'load' 'v0' <Predicate = true> <Delay = 3.25> <CoreInst = "RAM_1WnR">   --->   Core 82 'RAM_1WnR' <Latency = 1> <II = 1> <Delay = 3.25> <Storage> <Opcode : 'load' 'store'> <Ports = 17> <Width = 32> <Depth = 1472> <RAM>
ST_2 : Operation 42 [1/2] ( I:3.25ns O:3.25ns )   --->   "%v1 = load i11 %tmp_1_addr_1" [cnn.cpp:235->cnn.cpp:393]   --->   Operation 42 'load' 'v1' <Predicate = true> <Delay = 3.25> <CoreInst = "RAM_1WnR">   --->   Core 82 'RAM_1WnR' <Latency = 1> <II = 1> <Delay = 3.25> <Storage> <Opcode : 'load' 'store'> <Ports = 17> <Width = 32> <Depth = 1472> <RAM>
ST_2 : Operation 43 [1/1] (0.00ns)   --->   "%bitcast_ln236 = bitcast i32 %v0" [cnn.cpp:236->cnn.cpp:393]   --->   Operation 43 'bitcast' 'bitcast_ln236' <Predicate = true> <Delay = 0.00>
ST_2 : Operation 44 [1/1] (0.00ns)   --->   "%tmp_11 = partselect i8 @_ssdm_op_PartSelect.i8.i32.i32.i32, i32 %bitcast_ln236, i32 23, i32 30" [cnn.cpp:236->cnn.cpp:393]   --->   Operation 44 'partselect' 'tmp_11' <Predicate = true> <Delay = 0.00>
ST_2 : Operation 45 [1/1] (0.00ns)   --->   "%trunc_ln236 = trunc i32 %bitcast_ln236" [cnn.cpp:236->cnn.cpp:393]   --->   Operation 45 'trunc' 'trunc_ln236' <Predicate = true> <Delay = 0.00>
ST_2 : Operation 46 [1/1] (0.00ns)   --->   "%bitcast_ln236_1 = bitcast i32 %v1" [cnn.cpp:236->cnn.cpp:393]   --->   Operation 46 'bitcast' 'bitcast_ln236_1' <Predicate = true> <Delay = 0.00>
ST_2 : Operation 47 [1/1] (0.00ns)   --->   "%tmp_12 = partselect i8 @_ssdm_op_PartSelect.i8.i32.i32.i32, i32 %bitcast_ln236_1, i32 23, i32 30" [cnn.cpp:236->cnn.cpp:393]   --->   Operation 47 'partselect' 'tmp_12' <Predicate = true> <Delay = 0.00>
ST_2 : Operation 48 [1/1] (0.00ns)   --->   "%trunc_ln236_1 = trunc i32 %bitcast_ln236_1" [cnn.cpp:236->cnn.cpp:393]   --->   Operation 48 'trunc' 'trunc_ln236_1' <Predicate = true> <Delay = 0.00>
ST_2 : Operation 49 [1/1] (1.91ns)   --->   "%icmp_ln236 = icmp_ne  i8 %tmp_11, i8 255" [cnn.cpp:236->cnn.cpp:393]   --->   Operation 49 'icmp' 'icmp_ln236' <Predicate = true> <Delay = 1.91> <CoreInst = "Cmp">   --->   Core 9 'Cmp' <Latency = 0> <II = 1> <Delay = 1.91> <FuncUnit> <Opcode : 'seteq' 'setne' 'setle' 'setge' 'setlt' 'setgt'> <InPorts = 2> <OutPorts = 1>
ST_2 : Operation 50 [1/1] (2.28ns)   --->   "%icmp_ln236_1 = icmp_eq  i23 %trunc_ln236, i23 0" [cnn.cpp:236->cnn.cpp:393]   --->   Operation 50 'icmp' 'icmp_ln236_1' <Predicate = true> <Delay = 2.28> <CoreInst = "Cmp">   --->   Core 9 'Cmp' <Latency = 0> <II = 1> <Delay = 2.28> <FuncUnit> <Opcode : 'seteq' 'setne' 'setle' 'setge' 'setlt' 'setgt'> <InPorts = 2> <OutPorts = 1>
ST_2 : Operation 51 [1/1] (1.91ns)   --->   "%icmp_ln236_2 = icmp_ne  i8 %tmp_12, i8 255" [cnn.cpp:236->cnn.cpp:393]   --->   Operation 51 'icmp' 'icmp_ln236_2' <Predicate = true> <Delay = 1.91> <CoreInst = "Cmp">   --->   Core 9 'Cmp' <Latency = 0> <II = 1> <Delay = 1.91> <FuncUnit> <Opcode : 'seteq' 'setne' 'setle' 'setge' 'setlt' 'setgt'> <InPorts = 2> <OutPorts = 1>
ST_2 : Operation 52 [1/1] (2.28ns)   --->   "%icmp_ln236_3 = icmp_eq  i23 %trunc_ln236_1, i23 0" [cnn.cpp:236->cnn.cpp:393]   --->   Operation 52 'icmp' 'icmp_ln236_3' <Predicate = true> <Delay = 2.28> <CoreInst = "Cmp">   --->   Core 9 'Cmp' <Latency = 0> <II = 1> <Delay = 2.28> <FuncUnit> <Opcode : 'seteq' 'setne' 'setle' 'setge' 'setlt' 'setgt'> <InPorts = 2> <OutPorts = 1>
ST_2 : Operation 53 [2/2] (5.43ns)   --->   "%tmp_13 = fcmp_ogt  i32 %v0, i32 %v1" [cnn.cpp:236->cnn.cpp:393]   --->   Operation 53 'fcmp' 'tmp_13' <Predicate = true> <Delay = 5.43> <CoreInst = "FCompare">   --->   Core 19 'FCompare' <Latency = 1> <II = 1> <Delay = 5.43> <FuncUnit> <Opcode : 'fcmp'> <InPorts = 2> <OutPorts = 1>

State 3 <SV = 2> <Delay = 10.3>
ST_3 : Operation 54 [1/1] (0.00ns) (grouped into LUT with out node and_ln236_1)   --->   "%or_ln236 = or i1 %icmp_ln236_1, i1 %icmp_ln236" [cnn.cpp:236->cnn.cpp:393]   --->   Operation 54 'or' 'or_ln236' <Predicate = true> <Delay = 0.00> <CoreInst = "LogicGate">   --->   Core 74 'LogicGate' <Latency = 0> <II = 1> <Delay = 0.97> <FuncUnit> <Opcode : 'and' 'or' 'xor'> <InPorts = 2> <OutPorts = 1>
ST_3 : Operation 55 [1/1] (0.00ns) (grouped into LUT with out node and_ln236_1)   --->   "%or_ln236_1 = or i1 %icmp_ln236_3, i1 %icmp_ln236_2" [cnn.cpp:236->cnn.cpp:393]   --->   Operation 55 'or' 'or_ln236_1' <Predicate = true> <Delay = 0.00> <CoreInst = "LogicGate">   --->   Core 74 'LogicGate' <Latency = 0> <II = 1> <Delay = 0.97> <FuncUnit> <Opcode : 'and' 'or' 'xor'> <InPorts = 2> <OutPorts = 1>
ST_3 : Operation 56 [1/1] (0.00ns) (grouped into LUT with out node and_ln236_1)   --->   "%and_ln236 = and i1 %or_ln236, i1 %or_ln236_1" [cnn.cpp:236->cnn.cpp:393]   --->   Operation 56 'and' 'and_ln236' <Predicate = true> <Delay = 0.00> <CoreInst = "LogicGate">   --->   Core 74 'LogicGate' <Latency = 0> <II = 1> <Delay = 0.97> <FuncUnit> <Opcode : 'and' 'or' 'xor'> <InPorts = 2> <OutPorts = 1>
ST_3 : Operation 57 [1/2] (5.43ns)   --->   "%tmp_13 = fcmp_ogt  i32 %v0, i32 %v1" [cnn.cpp:236->cnn.cpp:393]   --->   Operation 57 'fcmp' 'tmp_13' <Predicate = true> <Delay = 5.43> <CoreInst = "FCompare">   --->   Core 19 'FCompare' <Latency = 1> <II = 1> <Delay = 5.43> <FuncUnit> <Opcode : 'fcmp'> <InPorts = 2> <OutPorts = 1>
ST_3 : Operation 58 [1/1] (0.97ns) (out node of the LUT)   --->   "%and_ln236_1 = and i1 %and_ln236, i1 %tmp_13" [cnn.cpp:236->cnn.cpp:393]   --->   Operation 58 'and' 'and_ln236_1' <Predicate = true> <Delay = 0.97> <CoreInst = "LogicGate">   --->   Core 74 'LogicGate' <Latency = 0> <II = 1> <Delay = 0.97> <FuncUnit> <Opcode : 'and' 'or' 'xor'> <InPorts = 2> <OutPorts = 1>
ST_3 : Operation 59 [1/1] (0.69ns) (out node of the LUT)   --->   "%select_ln236 = select i1 %and_ln236_1, i11 %tmp_10, i11 %add_ln235" [cnn.cpp:236->cnn.cpp:393]   --->   Operation 59 'select' 'select_ln236' <Predicate = true> <Delay = 0.69> <CoreInst = "Sel">   --->   Core 73 'Sel' <Latency = 0> <II = 1> <Delay = 0.69> <FuncUnit> <Opcode : 'select'> <InPorts = 3> <OutPorts = 1>
ST_3 : Operation 60 [1/1] (0.00ns)   --->   "%zext_ln234_1 = zext i11 %select_ln236" [cnn.cpp:234->cnn.cpp:393]   --->   Operation 60 'zext' 'zext_ln234_1' <Predicate = true> <Delay = 0.00>
ST_3 : Operation 61 [1/1] (0.00ns)   --->   "%tmp_1_addr_2 = getelementptr i32 %tmp_1, i64 0, i64 %zext_ln234_1" [cnn.cpp:234->cnn.cpp:393]   --->   Operation 61 'getelementptr' 'tmp_1_addr_2' <Predicate = true> <Delay = 0.00>
ST_3 : Operation 62 [2/2] (3.25ns)   --->   "%tmp_1_load = load i11 %tmp_1_addr_2" [cnn.cpp:236->cnn.cpp:393]   --->   Operation 62 'load' 'tmp_1_load' <Predicate = true> <Delay = 3.25> <CoreInst = "RAM_1WnR">   --->   Core 82 'RAM_1WnR' <Latency = 1> <II = 1> <Delay = 3.25> <Storage> <Opcode : 'load' 'store'> <Ports = 17> <Width = 32> <Depth = 1472> <RAM>
ST_3 : Operation 71 [1/1] (1.58ns)   --->   "%ret_ln0 = ret"   --->   Operation 71 'ret' 'ret_ln0' <Predicate = (icmp_ln231)> <Delay = 1.58>

State 4 <SV = 3> <Delay = 6.50>
ST_4 : Operation 63 [1/1] (0.00ns)   --->   "%specloopname_ln0 = specloopname void @_ssdm_op_SpecLoopName, void @VITIS_LOOP_231_5_VITIS_LOOP_232_6_str"   --->   Operation 63 'specloopname' 'specloopname_ln0' <Predicate = true> <Delay = 0.00>
ST_4 : Operation 64 [1/1] (0.00ns)   --->   "%speclooptripcount_ln0 = speclooptripcount void @_ssdm_op_SpecLoopTripCount, i64 736, i64 736, i64 736"   --->   Operation 64 'speclooptripcount' 'speclooptripcount_ln0' <Predicate = true> <Delay = 0.00>
ST_4 : Operation 65 [1/1] (0.00ns)   --->   "%zext_ln236_2 = zext i10 %add_ln236" [cnn.cpp:236->cnn.cpp:393]   --->   Operation 65 'zext' 'zext_ln236_2' <Predicate = true> <Delay = 0.00>
ST_4 : Operation 66 [1/1] (0.00ns)   --->   "%s3_out_addr = getelementptr i32 %s3_out, i64 0, i64 %zext_ln236_2" [cnn.cpp:236->cnn.cpp:393]   --->   Operation 66 'getelementptr' 's3_out_addr' <Predicate = true> <Delay = 0.00>
ST_4 : Operation 67 [1/1] (0.00ns)   --->   "%specpipeline_ln233 = specpipeline void @_ssdm_op_SpecPipeline, i32 1, i32 0, i32 0, i32 0, void @empty_22" [cnn.cpp:233->cnn.cpp:393]   --->   Operation 67 'specpipeline' 'specpipeline_ln233' <Predicate = true> <Delay = 0.00>
ST_4 : Operation 68 [1/2] ( I:3.25ns O:3.25ns )   --->   "%tmp_1_load = load i11 %tmp_1_addr_2" [cnn.cpp:236->cnn.cpp:393]   --->   Operation 68 'load' 'tmp_1_load' <Predicate = true> <Delay = 3.25> <CoreInst = "RAM_1WnR">   --->   Core 82 'RAM_1WnR' <Latency = 1> <II = 1> <Delay = 3.25> <Storage> <Opcode : 'load' 'store'> <Ports = 17> <Width = 32> <Depth = 1472> <RAM>
ST_4 : Operation 69 [1/1] ( I:3.25ns O:3.25ns )   --->   "%store_ln236 = store i32 %tmp_1_load, i10 %s3_out_addr" [cnn.cpp:236->cnn.cpp:393]   --->   Operation 69 'store' 'store_ln236' <Predicate = true> <Delay = 3.25> <CoreInst = "RAM">   --->   Core 81 'RAM' <Latency = 1> <II = 1> <Delay = 3.25> <Storage> <Opcode : 'load' 'store'> <Ports = 2> <Width = 32> <Depth = 736> <RAM>
ST_4 : Operation 70 [1/1] (0.00ns)   --->   "%br_ln232 = br void %for.body51.i" [cnn.cpp:232->cnn.cpp:393]   --->   Operation 70 'br' 'br_ln232' <Predicate = true> <Delay = 0.00>


============================================================
+ Verbose Summary: Binding
============================================================
STG Binding: 
---------------- STG Properties BEGIN ----------------
- Is combinational: 0
- Is one-state seq: 0
- Is datapath-only: 0
- Is pipelined: 0
- Is top level: 0
Port [ Return ] is wired: 1; IO mode=ap_ctrl_hs:ce=0
Port [ tmp_1]:  wired=1; compound=1; hidden=0; nouse=0; global=0; static=0; extern=0; dir=0; type=1; pingpong=0; private_global=0; MemPort=[11133333333333333]; IO mode=ap_memory:ce=0
Port [ s3_out]:  wired=1; compound=1; hidden=0; nouse=0; global=1; static=1; extern=0; dir=1; type=1; pingpong=0; private_global=0; MemPort=[03]; IO mode=ap_memory:ce=0
---------------- STG Properties END ------------------

---------------- Datapath Model BEGIN ----------------

<LifeTime>
<method=bitvector/>
c                     (alloca           ) [ 01000]
t                     (alloca           ) [ 01000]
indvar_flatten45      (alloca           ) [ 01000]
store_ln0             (store            ) [ 00000]
store_ln231           (store            ) [ 00000]
store_ln232           (store            ) [ 00000]
br_ln0                (br               ) [ 00000]
indvar_flatten45_load (load             ) [ 00000]
icmp_ln231            (icmp             ) [ 01110]
add_ln231_1           (add              ) [ 00000]
br_ln231              (br               ) [ 00000]
c_load                (load             ) [ 00000]
t_load                (load             ) [ 00000]
add_ln231             (add              ) [ 00000]
icmp_ln232            (icmp             ) [ 00000]
select_ln231          (select           ) [ 00000]
select_ln231_1        (select           ) [ 00000]
tmp_s                 (bitconcatenate   ) [ 00000]
tmp_9                 (bitconcatenate   ) [ 00000]
zext_ln236            (zext             ) [ 00000]
zext_ln236_1          (zext             ) [ 00000]
add_ln236             (add              ) [ 01111]
tmp_10                (bitconcatenate   ) [ 01110]
zext_ln234            (zext             ) [ 00000]
tmp_1_addr            (getelementptr    ) [ 01100]
add_ln235             (add              ) [ 01110]
zext_ln235            (zext             ) [ 00000]
tmp_1_addr_1          (getelementptr    ) [ 01100]
add_ln232             (add              ) [ 00000]
store_ln231           (store            ) [ 00000]
store_ln231           (store            ) [ 00000]
store_ln232           (store            ) [ 00000]
v0                    (load             ) [ 01010]
v1                    (load             ) [ 01010]
bitcast_ln236         (bitcast          ) [ 00000]
tmp_11                (partselect       ) [ 00000]
trunc_ln236           (trunc            ) [ 00000]
bitcast_ln236_1       (bitcast          ) [ 00000]
tmp_12                (partselect       ) [ 00000]
trunc_ln236_1         (trunc            ) [ 00000]
icmp_ln236            (icmp             ) [ 01010]
icmp_ln236_1          (icmp             ) [ 01010]
icmp_ln236_2          (icmp             ) [ 01010]
icmp_ln236_3          (icmp             ) [ 01010]
or_ln236              (or               ) [ 00000]
or_ln236_1            (or               ) [ 00000]
and_ln236             (and              ) [ 00000]
tmp_13                (fcmp             ) [ 00000]
and_ln236_1           (and              ) [ 00000]
select_ln236          (select           ) [ 00000]
zext_ln234_1          (zext             ) [ 00000]
tmp_1_addr_2          (getelementptr    ) [ 01001]
specloopname_ln0      (specloopname     ) [ 00000]
speclooptripcount_ln0 (speclooptripcount) [ 00000]
zext_ln236_2          (zext             ) [ 00000]
s3_out_addr           (getelementptr    ) [ 00000]
specpipeline_ln233    (specpipeline     ) [ 00000]
tmp_1_load            (load             ) [ 00000]
store_ln236           (store            ) [ 00000]
br_ln232              (br               ) [ 00000]
ret_ln0               (ret              ) [ 00000]
</LifeTime>

<model>

<comp_list>
<comp id="0" class="1000" name="tmp_1">
<pin_list>
<pin id="1" dir="1" index="0" bw="1" slack="0"/>
</pin_list>
<bind>
<StgValue><ssdm name="tmp_1"/><MemPortTyVec>1 1 1 3 3 3 3 3 3 3 3 3 3 3 3 3 3 </MemPortTyVec>
</StgValue>
</bind>
</comp>

<comp id="2" class="1000" name="s3_out">
<pin_list>
<pin id="3" dir="1" index="0" bw="1" slack="0"/>
</pin_list>
<bind>
<StgValue><ssdm name="s3_out"/><MemPortTyVec>0 3 </MemPortTyVec>
</StgValue>
</bind>
</comp>

<comp id="4" class="1001" name="const_4">
<pin_list>
<pin id="5" dir="1" index="0" bw="1" slack="0"/>
</pin_list>
<bind>
<StgValue><ssdm name=""/></StgValue>
</bind>
</comp>

<comp id="6" class="1001" name="const_6">
<pin_list>
<pin id="7" dir="1" index="0" bw="1" slack="0"/>
</pin_list>
<bind>
<StgValue><ssdm name=""/></StgValue>
</bind>
</comp>

<comp id="8" class="1001" name="const_8">
<pin_list>
<pin id="9" dir="1" index="0" bw="1" slack="0"/>
</pin_list>
<bind>
<StgValue><ssdm name=""/></StgValue>
</bind>
</comp>

<comp id="10" class="1001" name="const_10">
<pin_list>
<pin id="11" dir="1" index="0" bw="1" slack="0"/>
</pin_list>
<bind>
<StgValue><ssdm name=""/></StgValue>
</bind>
</comp>

<comp id="12" class="1001" name="const_12">
<pin_list>
<pin id="13" dir="1" index="0" bw="1" slack="0"/>
</pin_list>
<bind>
<StgValue><ssdm name=""/></StgValue>
</bind>
</comp>

<comp id="14" class="1001" name="const_14">
<pin_list>
<pin id="15" dir="1" index="0" bw="1" slack="0"/>
</pin_list>
<bind>
<StgValue><ssdm name=""/></StgValue>
</bind>
</comp>

<comp id="16" class="1001" name="const_16">
<pin_list>
<pin id="17" dir="1" index="0" bw="1" slack="0"/>
</pin_list>
<bind>
<StgValue><ssdm name=""/></StgValue>
</bind>
</comp>

<comp id="18" class="1001" name="const_18">
<pin_list>
<pin id="19" dir="1" index="0" bw="1" slack="0"/>
</pin_list>
<bind>
<StgValue><ssdm name=""/></StgValue>
</bind>
</comp>

<comp id="20" class="1001" name="const_20">
<pin_list>
<pin id="21" dir="1" index="0" bw="1" slack="0"/>
</pin_list>
<bind>
<StgValue><ssdm name="_ssdm_op_BitConcatenate.i10.i5.i5"/></StgValue>
</bind>
</comp>

<comp id="22" class="1001" name="const_22">
<pin_list>
<pin id="23" dir="1" index="0" bw="1" slack="0"/>
</pin_list>
<bind>
<StgValue><ssdm name="_ssdm_op_BitConcatenate.i11.i5.i6"/></StgValue>
</bind>
</comp>

<comp id="24" class="1001" name="const_24">
<pin_list>
<pin id="25" dir="1" index="0" bw="1" slack="0"/>
</pin_list>
<bind>
<StgValue><ssdm name=""/></StgValue>
</bind>
</comp>

<comp id="26" class="1001" name="const_26">
<pin_list>
<pin id="27" dir="1" index="0" bw="1" slack="0"/>
</pin_list>
<bind>
<StgValue><ssdm name=""/></StgValue>
</bind>
</comp>

<comp id="28" class="1001" name="const_28">
<pin_list>
<pin id="29" dir="1" index="0" bw="1" slack="0"/>
</pin_list>
<bind>
<StgValue><ssdm name="_ssdm_op_PartSelect.i8.i32.i32.i32"/></StgValue>
</bind>
</comp>

<comp id="30" class="1001" name="const_30">
<pin_list>
<pin id="31" dir="1" index="0" bw="1" slack="0"/>
</pin_list>
<bind>
<StgValue><ssdm name=""/></StgValue>
</bind>
</comp>

<comp id="32" class="1001" name="const_32">
<pin_list>
<pin id="33" dir="1" index="0" bw="1" slack="0"/>
</pin_list>
<bind>
<StgValue><ssdm name=""/></StgValue>
</bind>
</comp>

<comp id="34" class="1001" name="const_34">
<pin_list>
<pin id="35" dir="1" index="0" bw="1" slack="0"/>
</pin_list>
<bind>
<StgValue><ssdm name=""/></StgValue>
</bind>
</comp>

<comp id="36" class="1001" name="const_36">
<pin_list>
<pin id="37" dir="1" index="0" bw="1" slack="0"/>
</pin_list>
<bind>
<StgValue><ssdm name=""/></StgValue>
</bind>
</comp>

<comp id="38" class="1001" name="const_38">
<pin_list>
<pin id="39" dir="1" index="0" bw="1" slack="2147483647"/>
</pin_list>
<bind>
<StgValue><ssdm name="_ssdm_op_SpecLoopName"/></StgValue>
</bind>
</comp>

<comp id="40" class="1001" name="const_40">
<pin_list>
<pin id="41" dir="1" index="0" bw="1" slack="2147483647"/>
</pin_list>
<bind>
<StgValue><ssdm name="VITIS_LOOP_231_5_VITIS_LOOP_232_6_str"/></StgValue>
</bind>
</comp>

<comp id="42" class="1001" name="const_42">
<pin_list>
<pin id="43" dir="1" index="0" bw="1" slack="2147483647"/>
</pin_list>
<bind>
<StgValue><ssdm name="_ssdm_op_SpecLoopTripCount"/></StgValue>
</bind>
</comp>

<comp id="44" class="1001" name="const_44">
<pin_list>
<pin id="45" dir="1" index="0" bw="1" slack="2147483647"/>
</pin_list>
<bind>
<StgValue><ssdm name=""/></StgValue>
</bind>
</comp>

<comp id="46" class="1001" name="const_46">
<pin_list>
<pin id="47" dir="1" index="0" bw="1" slack="2147483647"/>
</pin_list>
<bind>
<StgValue><ssdm name="_ssdm_op_SpecPipeline"/></StgValue>
</bind>
</comp>

<comp id="48" class="1001" name="const_48">
<pin_list>
<pin id="49" dir="1" index="0" bw="1" slack="2147483647"/>
</pin_list>
<bind>
<StgValue><ssdm name=""/></StgValue>
</bind>
</comp>

<comp id="50" class="1001" name="const_50">
<pin_list>
<pin id="51" dir="1" index="0" bw="1" slack="2147483647"/>
</pin_list>
<bind>
<StgValue><ssdm name="empty_22"/></StgValue>
</bind>
</comp>

<comp id="52" class="1004" name="c_fu_52">
<pin_list>
<pin id="53" dir="0" index="0" bw="1" slack="0"/>
<pin id="54" dir="1" index="1" bw="6" slack="0"/>
</pin_list>
<bind>
<opcode="alloca(26) " fcode="alloca"/>
<opset="c/1 "/>
</bind>
</comp>

<comp id="56" class="1004" name="t_fu_56">
<pin_list>
<pin id="57" dir="0" index="0" bw="1" slack="0"/>
<pin id="58" dir="1" index="1" bw="5" slack="0"/>
</pin_list>
<bind>
<opcode="alloca(26) " fcode="alloca"/>
<opset="t/1 "/>
</bind>
</comp>

<comp id="60" class="1004" name="indvar_flatten45_fu_60">
<pin_list>
<pin id="61" dir="0" index="0" bw="1" slack="0"/>
<pin id="62" dir="1" index="1" bw="10" slack="0"/>
</pin_list>
<bind>
<opcode="alloca(26) " fcode="alloca"/>
<opset="indvar_flatten45/1 "/>
</bind>
</comp>

<comp id="64" class="1004" name="tmp_1_addr_gep_fu_64">
<pin_list>
<pin id="65" dir="0" index="0" bw="32" slack="0"/>
<pin id="66" dir="0" index="1" bw="1" slack="0"/>
<pin id="67" dir="0" index="2" bw="11" slack="0"/>
<pin id="68" dir="1" index="3" bw="11" slack="0"/>
</pin_list>
<bind>
<opcode="getelementptr(29) " fcode="getelementptr"/>
<opset="tmp_1_addr/1 "/>
</bind>
</comp>

<comp id="71" class="1004" name="tmp_1_addr_1_gep_fu_71">
<pin_list>
<pin id="72" dir="0" index="0" bw="32" slack="0"/>
<pin id="73" dir="0" index="1" bw="1" slack="0"/>
<pin id="74" dir="0" index="2" bw="11" slack="0"/>
<pin id="75" dir="1" index="3" bw="11" slack="0"/>
</pin_list>
<bind>
<opcode="getelementptr(29) " fcode="getelementptr"/>
<opset="tmp_1_addr_1/1 "/>
</bind>
</comp>

<comp id="78" class="1004" name="grp_access_fu_78">
<pin_list>
<pin id="79" dir="0" index="0" bw="11" slack="0"/>
<pin id="80" dir="0" index="1" bw="32" slack="2147483647"/>
<pin id="81" dir="0" index="2" bw="0" slack="0"/>
<pin id="83" dir="0" index="4" bw="11" slack="2147483647"/>
<pin id="84" dir="0" index="5" bw="32" slack="0"/>
<pin id="85" dir="0" index="6" bw="0" slack="2147483647"/>
<pin id="87" dir="0" index="8" bw="11" slack="2147483647"/>
<pin id="88" dir="0" index="9" bw="32" slack="2147483647"/>
<pin id="89" dir="0" index="10" bw="0" slack="2147483647"/>
<pin id="82" dir="1" index="3" bw="32" slack="0"/>
<pin id="86" dir="1" index="7" bw="32" slack="0"/>
<pin id="90" dir="1" index="11" bw="32" slack="0"/>
</pin_list>
<bind>
<opcode="load(27) " fcode="load"/>
<opset="v0/1 v1/1 tmp_1_load/3 "/>
</bind>
</comp>

<comp id="93" class="1004" name="tmp_1_addr_2_gep_fu_93">
<pin_list>
<pin id="94" dir="0" index="0" bw="32" slack="0"/>
<pin id="95" dir="0" index="1" bw="1" slack="0"/>
<pin id="96" dir="0" index="2" bw="11" slack="0"/>
<pin id="97" dir="1" index="3" bw="11" slack="0"/>
</pin_list>
<bind>
<opcode="getelementptr(29) " fcode="getelementptr"/>
<opset="tmp_1_addr_2/3 "/>
</bind>
</comp>

<comp id="101" class="1004" name="s3_out_addr_gep_fu_101">
<pin_list>
<pin id="102" dir="0" index="0" bw="32" slack="0"/>
<pin id="103" dir="0" index="1" bw="1" slack="0"/>
<pin id="104" dir="0" index="2" bw="10" slack="0"/>
<pin id="105" dir="1" index="3" bw="10" slack="0"/>
</pin_list>
<bind>
<opcode="getelementptr(29) " fcode="getelementptr"/>
<opset="s3_out_addr/4 "/>
</bind>
</comp>

<comp id="108" class="1004" name="store_ln236_access_fu_108">
<pin_list>
<pin id="109" dir="0" index="0" bw="10" slack="0"/>
<pin id="110" dir="0" index="1" bw="32" slack="0"/>
<pin id="111" dir="0" index="2" bw="0" slack="2147483647"/>
<pin id="112" dir="1" index="3" bw="32" slack="2147483647"/>
</pin_list>
<bind>
<opcode="store(28) " fcode="store"/>
<opset="store_ln236/4 "/>
</bind>
</comp>

<comp id="115" class="1004" name="grp_fu_115">
<pin_list>
<pin id="116" dir="0" index="0" bw="32" slack="0"/>
<pin id="117" dir="0" index="1" bw="32" slack="0"/>
<pin id="118" dir="1" index="2" bw="1" slack="0"/>
</pin_list>
<bind>
<opcode="fcmp(46) " fcode="fcmp"/>
<opset="tmp_13/2 "/>
</bind>
</comp>

<comp id="121" class="1004" name="store_ln0_store_fu_121">
<pin_list>
<pin id="122" dir="0" index="0" bw="1" slack="0"/>
<pin id="123" dir="0" index="1" bw="10" slack="0"/>
<pin id="124" dir="1" index="2" bw="0" slack="2147483647"/>
</pin_list>
<bind>
<opcode="store(28) " fcode="store"/>
<opset="store_ln0/1 "/>
</bind>
</comp>

<comp id="126" class="1004" name="store_ln231_store_fu_126">
<pin_list>
<pin id="127" dir="0" index="0" bw="1" slack="0"/>
<pin id="128" dir="0" index="1" bw="5" slack="0"/>
<pin id="129" dir="1" index="2" bw="0" slack="2147483647"/>
</pin_list>
<bind>
<opcode="store(28) " fcode="store"/>
<opset="store_ln231/1 "/>
</bind>
</comp>

<comp id="131" class="1004" name="store_ln232_store_fu_131">
<pin_list>
<pin id="132" dir="0" index="0" bw="1" slack="0"/>
<pin id="133" dir="0" index="1" bw="6" slack="0"/>
<pin id="134" dir="1" index="2" bw="0" slack="2147483647"/>
</pin_list>
<bind>
<opcode="store(28) " fcode="store"/>
<opset="store_ln232/1 "/>
</bind>
</comp>

<comp id="136" class="1004" name="indvar_flatten45_load_load_fu_136">
<pin_list>
<pin id="137" dir="0" index="0" bw="10" slack="0"/>
<pin id="138" dir="1" index="1" bw="10" slack="0"/>
</pin_list>
<bind>
<opcode="load(27) " fcode="load"/>
<opset="indvar_flatten45_load/1 "/>
</bind>
</comp>

<comp id="139" class="1004" name="icmp_ln231_fu_139">
<pin_list>
<pin id="140" dir="0" index="0" bw="10" slack="0"/>
<pin id="141" dir="0" index="1" bw="10" slack="0"/>
<pin id="142" dir="1" index="2" bw="1" slack="2"/>
</pin_list>
<bind>
<opcode="icmp(45) " fcode="icmp"/>
<opset="icmp_ln231/1 "/>
</bind>
</comp>

<comp id="145" class="1004" name="add_ln231_1_fu_145">
<pin_list>
<pin id="146" dir="0" index="0" bw="10" slack="0"/>
<pin id="147" dir="0" index="1" bw="1" slack="0"/>
<pin id="148" dir="1" index="2" bw="10" slack="0"/>
</pin_list>
<bind>
<opcode="add(8) " fcode="add"/>
<opset="add_ln231_1/1 "/>
</bind>
</comp>

<comp id="151" class="1004" name="c_load_load_fu_151">
<pin_list>
<pin id="152" dir="0" index="0" bw="6" slack="0"/>
<pin id="153" dir="1" index="1" bw="6" slack="0"/>
</pin_list>
<bind>
<opcode="load(27) " fcode="load"/>
<opset="c_load/1 "/>
</bind>
</comp>

<comp id="154" class="1004" name="t_load_load_fu_154">
<pin_list>
<pin id="155" dir="0" index="0" bw="5" slack="0"/>
<pin id="156" dir="1" index="1" bw="5" slack="0"/>
</pin_list>
<bind>
<opcode="load(27) " fcode="load"/>
<opset="t_load/1 "/>
</bind>
</comp>

<comp id="157" class="1004" name="add_ln231_fu_157">
<pin_list>
<pin id="158" dir="0" index="0" bw="5" slack="0"/>
<pin id="159" dir="0" index="1" bw="1" slack="0"/>
<pin id="160" dir="1" index="2" bw="5" slack="0"/>
</pin_list>
<bind>
<opcode="add(8) " fcode="add"/>
<opset="add_ln231/1 "/>
</bind>
</comp>

<comp id="163" class="1004" name="icmp_ln232_fu_163">
<pin_list>
<pin id="164" dir="0" index="0" bw="6" slack="0"/>
<pin id="165" dir="0" index="1" bw="6" slack="0"/>
<pin id="166" dir="1" index="2" bw="1" slack="0"/>
</pin_list>
<bind>
<opcode="icmp(45) " fcode="icmp"/>
<opset="icmp_ln232/1 "/>
</bind>
</comp>

<comp id="169" class="1004" name="select_ln231_fu_169">
<pin_list>
<pin id="170" dir="0" index="0" bw="1" slack="0"/>
<pin id="171" dir="0" index="1" bw="6" slack="0"/>
<pin id="172" dir="0" index="2" bw="6" slack="0"/>
<pin id="173" dir="1" index="3" bw="6" slack="0"/>
</pin_list>
<bind>
<opcode="select(49) " fcode="select"/>
<opset="select_ln231/1 "/>
</bind>
</comp>

<comp id="177" class="1004" name="select_ln231_1_fu_177">
<pin_list>
<pin id="178" dir="0" index="0" bw="1" slack="0"/>
<pin id="179" dir="0" index="1" bw="5" slack="0"/>
<pin id="180" dir="0" index="2" bw="5" slack="0"/>
<pin id="181" dir="1" index="3" bw="5" slack="0"/>
</pin_list>
<bind>
<opcode="select(49) " fcode="select"/>
<opset="select_ln231_1/1 "/>
</bind>
</comp>

<comp id="185" class="1004" name="tmp_s_fu_185">
<pin_list>
<pin id="186" dir="0" index="0" bw="10" slack="0"/>
<pin id="187" dir="0" index="1" bw="5" slack="0"/>
<pin id="188" dir="0" index="2" bw="1" slack="0"/>
<pin id="189" dir="1" index="3" bw="10" slack="0"/>
</pin_list>
<bind>
<opcode="bitconcatenate(1004) " fcode="bitconcatenate"/>
<opset="tmp_s/1 "/>
</bind>
</comp>

<comp id="193" class="1004" name="tmp_9_fu_193">
<pin_list>
<pin id="194" dir="0" index="0" bw="11" slack="0"/>
<pin id="195" dir="0" index="1" bw="5" slack="0"/>
<pin id="196" dir="0" index="2" bw="6" slack="0"/>
<pin id="197" dir="1" index="3" bw="11" slack="0"/>
</pin_list>
<bind>
<opcode="bitconcatenate(1004) " fcode="bitconcatenate"/>
<opset="tmp_9/1 "/>
</bind>
</comp>

<comp id="201" class="1004" name="zext_ln236_fu_201">
<pin_list>
<pin id="202" dir="0" index="0" bw="6" slack="0"/>
<pin id="203" dir="1" index="1" bw="11" slack="0"/>
</pin_list>
<bind>
<opcode="zext(34) " fcode="zext"/>
<opset="zext_ln236/1 "/>
</bind>
</comp>

<comp id="205" class="1004" name="zext_ln236_1_fu_205">
<pin_list>
<pin id="206" dir="0" index="0" bw="6" slack="0"/>
<pin id="207" dir="1" index="1" bw="10" slack="0"/>
</pin_list>
<bind>
<opcode="zext(34) " fcode="zext"/>
<opset="zext_ln236_1/1 "/>
</bind>
</comp>

<comp id="209" class="1004" name="add_ln236_fu_209">
<pin_list>
<pin id="210" dir="0" index="0" bw="10" slack="0"/>
<pin id="211" dir="0" index="1" bw="6" slack="0"/>
<pin id="212" dir="1" index="2" bw="10" slack="3"/>
</pin_list>
<bind>
<opcode="add(8) " fcode="add"/>
<opset="add_ln236/1 "/>
</bind>
</comp>

<comp id="215" class="1004" name="tmp_10_fu_215">
<pin_list>
<pin id="216" dir="0" index="0" bw="11" slack="0"/>
<pin id="217" dir="0" index="1" bw="5" slack="0"/>
<pin id="218" dir="0" index="2" bw="6" slack="0"/>
<pin id="219" dir="1" index="3" bw="11" slack="0"/>
</pin_list>
<bind>
<opcode="bitconcatenate(1004) " fcode="bitconcatenate"/>
<opset="tmp_10/1 "/>
</bind>
</comp>

<comp id="223" class="1004" name="zext_ln234_fu_223">
<pin_list>
<pin id="224" dir="0" index="0" bw="11" slack="0"/>
<pin id="225" dir="1" index="1" bw="64" slack="0"/>
</pin_list>
<bind>
<opcode="zext(34) " fcode="zext"/>
<opset="zext_ln234/1 "/>
</bind>
</comp>

<comp id="228" class="1004" name="add_ln235_fu_228">
<pin_list>
<pin id="229" dir="0" index="0" bw="11" slack="0"/>
<pin id="230" dir="0" index="1" bw="6" slack="0"/>
<pin id="231" dir="1" index="2" bw="11" slack="0"/>
</pin_list>
<bind>
<opcode="add(8) " fcode="add"/>
<opset="add_ln235/1 "/>
</bind>
</comp>

<comp id="234" class="1004" name="zext_ln235_fu_234">
<pin_list>
<pin id="235" dir="0" index="0" bw="11" slack="0"/>
<pin id="236" dir="1" index="1" bw="64" slack="0"/>
</pin_list>
<bind>
<opcode="zext(34) " fcode="zext"/>
<opset="zext_ln235/1 "/>
</bind>
</comp>

<comp id="239" class="1004" name="add_ln232_fu_239">
<pin_list>
<pin id="240" dir="0" index="0" bw="6" slack="0"/>
<pin id="241" dir="0" index="1" bw="1" slack="0"/>
<pin id="242" dir="1" index="2" bw="6" slack="0"/>
</pin_list>
<bind>
<opcode="add(8) " fcode="add"/>
<opset="add_ln232/1 "/>
</bind>
</comp>

<comp id="245" class="1004" name="store_ln231_store_fu_245">
<pin_list>
<pin id="246" dir="0" index="0" bw="10" slack="0"/>
<pin id="247" dir="0" index="1" bw="10" slack="0"/>
<pin id="248" dir="1" index="2" bw="0" slack="2147483647"/>
</pin_list>
<bind>
<opcode="store(28) " fcode="store"/>
<opset="store_ln231/1 "/>
</bind>
</comp>

<comp id="250" class="1004" name="store_ln231_store_fu_250">
<pin_list>
<pin id="251" dir="0" index="0" bw="5" slack="0"/>
<pin id="252" dir="0" index="1" bw="5" slack="0"/>
<pin id="253" dir="1" index="2" bw="0" slack="2147483647"/>
</pin_list>
<bind>
<opcode="store(28) " fcode="store"/>
<opset="store_ln231/1 "/>
</bind>
</comp>

<comp id="255" class="1004" name="store_ln232_store_fu_255">
<pin_list>
<pin id="256" dir="0" index="0" bw="6" slack="0"/>
<pin id="257" dir="0" index="1" bw="6" slack="0"/>
<pin id="258" dir="1" index="2" bw="0" slack="2147483647"/>
</pin_list>
<bind>
<opcode="store(28) " fcode="store"/>
<opset="store_ln232/1 "/>
</bind>
</comp>

<comp id="260" class="1004" name="bitcast_ln236_fu_260">
<pin_list>
<pin id="261" dir="0" index="0" bw="32" slack="0"/>
<pin id="262" dir="1" index="1" bw="32" slack="0"/>
</pin_list>
<bind>
<opcode="bitcast(44) " fcode="bitcast"/>
<opset="bitcast_ln236/2 "/>
</bind>
</comp>

<comp id="264" class="1004" name="tmp_11_fu_264">
<pin_list>
<pin id="265" dir="0" index="0" bw="8" slack="0"/>
<pin id="266" dir="0" index="1" bw="32" slack="0"/>
<pin id="267" dir="0" index="2" bw="6" slack="0"/>
<pin id="268" dir="0" index="3" bw="6" slack="0"/>
<pin id="269" dir="1" index="4" bw="8" slack="0"/>
</pin_list>
<bind>
<opcode="partselect(1002) " fcode="partselect"/>
<opset="tmp_11/2 "/>
</bind>
</comp>

<comp id="274" class="1004" name="trunc_ln236_fu_274">
<pin_list>
<pin id="275" dir="0" index="0" bw="32" slack="0"/>
<pin id="276" dir="1" index="1" bw="23" slack="0"/>
</pin_list>
<bind>
<opcode="trunc(33) " fcode="trunc"/>
<opset="trunc_ln236/2 "/>
</bind>
</comp>

<comp id="278" class="1004" name="bitcast_ln236_1_fu_278">
<pin_list>
<pin id="279" dir="0" index="0" bw="32" slack="0"/>
<pin id="280" dir="1" index="1" bw="32" slack="0"/>
</pin_list>
<bind>
<opcode="bitcast(44) " fcode="bitcast"/>
<opset="bitcast_ln236_1/2 "/>
</bind>
</comp>

<comp id="282" class="1004" name="tmp_12_fu_282">
<pin_list>
<pin id="283" dir="0" index="0" bw="8" slack="0"/>
<pin id="284" dir="0" index="1" bw="32" slack="0"/>
<pin id="285" dir="0" index="2" bw="6" slack="0"/>
<pin id="286" dir="0" index="3" bw="6" slack="0"/>
<pin id="287" dir="1" index="4" bw="8" slack="0"/>
</pin_list>
<bind>
<opcode="partselect(1002) " fcode="partselect"/>
<opset="tmp_12/2 "/>
</bind>
</comp>

<comp id="292" class="1004" name="trunc_ln236_1_fu_292">
<pin_list>
<pin id="293" dir="0" index="0" bw="32" slack="0"/>
<pin id="294" dir="1" index="1" bw="23" slack="0"/>
</pin_list>
<bind>
<opcode="trunc(33) " fcode="trunc"/>
<opset="trunc_ln236_1/2 "/>
</bind>
</comp>

<comp id="296" class="1004" name="icmp_ln236_fu_296">
<pin_list>
<pin id="297" dir="0" index="0" bw="8" slack="0"/>
<pin id="298" dir="0" index="1" bw="8" slack="0"/>
<pin id="299" dir="1" index="2" bw="1" slack="1"/>
</pin_list>
<bind>
<opcode="icmp(45) " fcode="icmp"/>
<opset="icmp_ln236/2 "/>
</bind>
</comp>

<comp id="302" class="1004" name="icmp_ln236_1_fu_302">
<pin_list>
<pin id="303" dir="0" index="0" bw="23" slack="0"/>
<pin id="304" dir="0" index="1" bw="23" slack="0"/>
<pin id="305" dir="1" index="2" bw="1" slack="1"/>
</pin_list>
<bind>
<opcode="icmp(45) " fcode="icmp"/>
<opset="icmp_ln236_1/2 "/>
</bind>
</comp>

<comp id="308" class="1004" name="icmp_ln236_2_fu_308">
<pin_list>
<pin id="309" dir="0" index="0" bw="8" slack="0"/>
<pin id="310" dir="0" index="1" bw="8" slack="0"/>
<pin id="311" dir="1" index="2" bw="1" slack="1"/>
</pin_list>
<bind>
<opcode="icmp(45) " fcode="icmp"/>
<opset="icmp_ln236_2/2 "/>
</bind>
</comp>

<comp id="314" class="1004" name="icmp_ln236_3_fu_314">
<pin_list>
<pin id="315" dir="0" index="0" bw="23" slack="0"/>
<pin id="316" dir="0" index="1" bw="23" slack="0"/>
<pin id="317" dir="1" index="2" bw="1" slack="1"/>
</pin_list>
<bind>
<opcode="icmp(45) " fcode="icmp"/>
<opset="icmp_ln236_3/2 "/>
</bind>
</comp>

<comp id="320" class="1004" name="or_ln236_fu_320">
<pin_list>
<pin id="321" dir="0" index="0" bw="1" slack="1"/>
<pin id="322" dir="0" index="1" bw="1" slack="1"/>
<pin id="323" dir="1" index="2" bw="1" slack="0"/>
</pin_list>
<bind>
<opcode="or(24) " fcode="or"/>
<opset="or_ln236/3 "/>
</bind>
</comp>

<comp id="324" class="1004" name="or_ln236_1_fu_324">
<pin_list>
<pin id="325" dir="0" index="0" bw="1" slack="1"/>
<pin id="326" dir="0" index="1" bw="1" slack="1"/>
<pin id="327" dir="1" index="2" bw="1" slack="0"/>
</pin_list>
<bind>
<opcode="or(24) " fcode="or"/>
<opset="or_ln236_1/3 "/>
</bind>
</comp>

<comp id="328" class="1004" name="and_ln236_fu_328">
<pin_list>
<pin id="329" dir="0" index="0" bw="1" slack="0"/>
<pin id="330" dir="0" index="1" bw="1" slack="0"/>
<pin id="331" dir="1" index="2" bw="1" slack="0"/>
</pin_list>
<bind>
<opcode="and(23) " fcode="and"/>
<opset="and_ln236/3 "/>
</bind>
</comp>

<comp id="334" class="1004" name="and_ln236_1_fu_334">
<pin_list>
<pin id="335" dir="0" index="0" bw="1" slack="0"/>
<pin id="336" dir="0" index="1" bw="1" slack="0"/>
<pin id="337" dir="1" index="2" bw="1" slack="0"/>
</pin_list>
<bind>
<opcode="and(23) " fcode="and"/>
<opset="and_ln236_1/3 "/>
</bind>
</comp>

<comp id="340" class="1004" name="select_ln236_fu_340">
<pin_list>
<pin id="341" dir="0" index="0" bw="1" slack="0"/>
<pin id="342" dir="0" index="1" bw="11" slack="2"/>
<pin id="343" dir="0" index="2" bw="11" slack="2"/>
<pin id="344" dir="1" index="3" bw="11" slack="0"/>
</pin_list>
<bind>
<opcode="select(49) " fcode="select"/>
<opset="select_ln236/3 "/>
</bind>
</comp>

<comp id="346" class="1004" name="zext_ln234_1_fu_346">
<pin_list>
<pin id="347" dir="0" index="0" bw="11" slack="0"/>
<pin id="348" dir="1" index="1" bw="64" slack="0"/>
</pin_list>
<bind>
<opcode="zext(34) " fcode="zext"/>
<opset="zext_ln234_1/3 "/>
</bind>
</comp>

<comp id="351" class="1004" name="zext_ln236_2_fu_351">
<pin_list>
<pin id="352" dir="0" index="0" bw="10" slack="3"/>
<pin id="353" dir="1" index="1" bw="64" slack="0"/>
</pin_list>
<bind>
<opcode="zext(34) " fcode="zext"/>
<opset="zext_ln236_2/4 "/>
</bind>
</comp>

<comp id="355" class="1005" name="c_reg_355">
<pin_list>
<pin id="356" dir="0" index="0" bw="6" slack="0"/>
<pin id="357" dir="1" index="1" bw="6" slack="0"/>
</pin_list>
<bind>
<opset="c "/>
</bind>
</comp>

<comp id="362" class="1005" name="t_reg_362">
<pin_list>
<pin id="363" dir="0" index="0" bw="5" slack="0"/>
<pin id="364" dir="1" index="1" bw="5" slack="0"/>
</pin_list>
<bind>
<opset="t "/>
</bind>
</comp>

<comp id="369" class="1005" name="indvar_flatten45_reg_369">
<pin_list>
<pin id="370" dir="0" index="0" bw="10" slack="0"/>
<pin id="371" dir="1" index="1" bw="10" slack="0"/>
</pin_list>
<bind>
<opset="indvar_flatten45 "/>
</bind>
</comp>

<comp id="376" class="1005" name="icmp_ln231_reg_376">
<pin_list>
<pin id="377" dir="0" index="0" bw="1" slack="2"/>
<pin id="378" dir="1" index="1" bw="1" slack="2147483647"/>
</pin_list>
<bind>
<opset="icmp_ln231 "/>
</bind>
</comp>

<comp id="380" class="1005" name="add_ln236_reg_380">
<pin_list>
<pin id="381" dir="0" index="0" bw="10" slack="3"/>
<pin id="382" dir="1" index="1" bw="10" slack="3"/>
</pin_list>
<bind>
<opset="add_ln236 "/>
</bind>
</comp>

<comp id="385" class="1005" name="tmp_10_reg_385">
<pin_list>
<pin id="386" dir="0" index="0" bw="11" slack="2"/>
<pin id="387" dir="1" index="1" bw="11" slack="2"/>
</pin_list>
<bind>
<opset="tmp_10 "/>
</bind>
</comp>

<comp id="390" class="1005" name="tmp_1_addr_reg_390">
<pin_list>
<pin id="391" dir="0" index="0" bw="11" slack="1"/>
<pin id="392" dir="1" index="1" bw="11" slack="1"/>
</pin_list>
<bind>
<opset="tmp_1_addr "/>
</bind>
</comp>

<comp id="395" class="1005" name="add_ln235_reg_395">
<pin_list>
<pin id="396" dir="0" index="0" bw="11" slack="2"/>
<pin id="397" dir="1" index="1" bw="11" slack="2"/>
</pin_list>
<bind>
<opset="add_ln235 "/>
</bind>
</comp>

<comp id="400" class="1005" name="tmp_1_addr_1_reg_400">
<pin_list>
<pin id="401" dir="0" index="0" bw="11" slack="1"/>
<pin id="402" dir="1" index="1" bw="11" slack="1"/>
</pin_list>
<bind>
<opset="tmp_1_addr_1 "/>
</bind>
</comp>

<comp id="405" class="1005" name="v0_reg_405">
<pin_list>
<pin id="406" dir="0" index="0" bw="32" slack="1"/>
<pin id="407" dir="1" index="1" bw="32" slack="1"/>
</pin_list>
<bind>
<opset="v0 "/>
</bind>
</comp>

<comp id="410" class="1005" name="v1_reg_410">
<pin_list>
<pin id="411" dir="0" index="0" bw="32" slack="1"/>
<pin id="412" dir="1" index="1" bw="32" slack="1"/>
</pin_list>
<bind>
<opset="v1 "/>
</bind>
</comp>

<comp id="415" class="1005" name="icmp_ln236_reg_415">
<pin_list>
<pin id="416" dir="0" index="0" bw="1" slack="1"/>
<pin id="417" dir="1" index="1" bw="1" slack="1"/>
</pin_list>
<bind>
<opset="icmp_ln236 "/>
</bind>
</comp>

<comp id="420" class="1005" name="icmp_ln236_1_reg_420">
<pin_list>
<pin id="421" dir="0" index="0" bw="1" slack="1"/>
<pin id="422" dir="1" index="1" bw="1" slack="1"/>
</pin_list>
<bind>
<opset="icmp_ln236_1 "/>
</bind>
</comp>

<comp id="425" class="1005" name="icmp_ln236_2_reg_425">
<pin_list>
<pin id="426" dir="0" index="0" bw="1" slack="1"/>
<pin id="427" dir="1" index="1" bw="1" slack="1"/>
</pin_list>
<bind>
<opset="icmp_ln236_2 "/>
</bind>
</comp>

<comp id="430" class="1005" name="icmp_ln236_3_reg_430">
<pin_list>
<pin id="431" dir="0" index="0" bw="1" slack="1"/>
<pin id="432" dir="1" index="1" bw="1" slack="1"/>
</pin_list>
<bind>
<opset="icmp_ln236_3 "/>
</bind>
</comp>

<comp id="435" class="1005" name="tmp_1_addr_2_reg_435">
<pin_list>
<pin id="436" dir="0" index="0" bw="11" slack="1"/>
<pin id="437" dir="1" index="1" bw="11" slack="1"/>
</pin_list>
<bind>
<opset="tmp_1_addr_2 "/>
</bind>
</comp>

</comp_list>

<net_list>
<net id="55"><net_src comp="4" pin="0"/><net_sink comp="52" pin=0"/></net>

<net id="59"><net_src comp="4" pin="0"/><net_sink comp="56" pin=0"/></net>

<net id="63"><net_src comp="4" pin="0"/><net_sink comp="60" pin=0"/></net>

<net id="69"><net_src comp="0" pin="0"/><net_sink comp="64" pin=0"/></net>

<net id="70"><net_src comp="24" pin="0"/><net_sink comp="64" pin=1"/></net>

<net id="76"><net_src comp="0" pin="0"/><net_sink comp="71" pin=0"/></net>

<net id="77"><net_src comp="24" pin="0"/><net_sink comp="71" pin=1"/></net>

<net id="91"><net_src comp="64" pin="3"/><net_sink comp="78" pin=5"/></net>

<net id="92"><net_src comp="71" pin="3"/><net_sink comp="78" pin=2"/></net>

<net id="98"><net_src comp="0" pin="0"/><net_sink comp="93" pin=0"/></net>

<net id="99"><net_src comp="24" pin="0"/><net_sink comp="93" pin=1"/></net>

<net id="100"><net_src comp="93" pin="3"/><net_sink comp="78" pin=0"/></net>

<net id="106"><net_src comp="2" pin="0"/><net_sink comp="101" pin=0"/></net>

<net id="107"><net_src comp="24" pin="0"/><net_sink comp="101" pin=1"/></net>

<net id="113"><net_src comp="78" pin="3"/><net_sink comp="108" pin=1"/></net>

<net id="114"><net_src comp="101" pin="3"/><net_sink comp="108" pin=0"/></net>

<net id="119"><net_src comp="78" pin="11"/><net_sink comp="115" pin=0"/></net>

<net id="120"><net_src comp="78" pin="7"/><net_sink comp="115" pin=1"/></net>

<net id="125"><net_src comp="6" pin="0"/><net_sink comp="121" pin=0"/></net>

<net id="130"><net_src comp="8" pin="0"/><net_sink comp="126" pin=0"/></net>

<net id="135"><net_src comp="10" pin="0"/><net_sink comp="131" pin=0"/></net>

<net id="143"><net_src comp="136" pin="1"/><net_sink comp="139" pin=0"/></net>

<net id="144"><net_src comp="12" pin="0"/><net_sink comp="139" pin=1"/></net>

<net id="149"><net_src comp="136" pin="1"/><net_sink comp="145" pin=0"/></net>

<net id="150"><net_src comp="14" pin="0"/><net_sink comp="145" pin=1"/></net>

<net id="161"><net_src comp="154" pin="1"/><net_sink comp="157" pin=0"/></net>

<net id="162"><net_src comp="16" pin="0"/><net_sink comp="157" pin=1"/></net>

<net id="167"><net_src comp="151" pin="1"/><net_sink comp="163" pin=0"/></net>

<net id="168"><net_src comp="18" pin="0"/><net_sink comp="163" pin=1"/></net>

<net id="174"><net_src comp="163" pin="2"/><net_sink comp="169" pin=0"/></net>

<net id="175"><net_src comp="10" pin="0"/><net_sink comp="169" pin=1"/></net>

<net id="176"><net_src comp="151" pin="1"/><net_sink comp="169" pin=2"/></net>

<net id="182"><net_src comp="163" pin="2"/><net_sink comp="177" pin=0"/></net>

<net id="183"><net_src comp="157" pin="2"/><net_sink comp="177" pin=1"/></net>

<net id="184"><net_src comp="154" pin="1"/><net_sink comp="177" pin=2"/></net>

<net id="190"><net_src comp="20" pin="0"/><net_sink comp="185" pin=0"/></net>

<net id="191"><net_src comp="177" pin="3"/><net_sink comp="185" pin=1"/></net>

<net id="192"><net_src comp="8" pin="0"/><net_sink comp="185" pin=2"/></net>

<net id="198"><net_src comp="22" pin="0"/><net_sink comp="193" pin=0"/></net>

<net id="199"><net_src comp="177" pin="3"/><net_sink comp="193" pin=1"/></net>

<net id="200"><net_src comp="18" pin="0"/><net_sink comp="193" pin=2"/></net>

<net id="204"><net_src comp="169" pin="3"/><net_sink comp="201" pin=0"/></net>

<net id="208"><net_src comp="169" pin="3"/><net_sink comp="205" pin=0"/></net>

<net id="213"><net_src comp="185" pin="3"/><net_sink comp="209" pin=0"/></net>

<net id="214"><net_src comp="205" pin="1"/><net_sink comp="209" pin=1"/></net>

<net id="220"><net_src comp="22" pin="0"/><net_sink comp="215" pin=0"/></net>

<net id="221"><net_src comp="177" pin="3"/><net_sink comp="215" pin=1"/></net>

<net id="222"><net_src comp="169" pin="3"/><net_sink comp="215" pin=2"/></net>

<net id="226"><net_src comp="215" pin="3"/><net_sink comp="223" pin=0"/></net>

<net id="227"><net_src comp="223" pin="1"/><net_sink comp="64" pin=2"/></net>

<net id="232"><net_src comp="193" pin="3"/><net_sink comp="228" pin=0"/></net>

<net id="233"><net_src comp="201" pin="1"/><net_sink comp="228" pin=1"/></net>

<net id="237"><net_src comp="228" pin="2"/><net_sink comp="234" pin=0"/></net>

<net id="238"><net_src comp="234" pin="1"/><net_sink comp="71" pin=2"/></net>

<net id="243"><net_src comp="169" pin="3"/><net_sink comp="239" pin=0"/></net>

<net id="244"><net_src comp="26" pin="0"/><net_sink comp="239" pin=1"/></net>

<net id="249"><net_src comp="145" pin="2"/><net_sink comp="245" pin=0"/></net>

<net id="254"><net_src comp="177" pin="3"/><net_sink comp="250" pin=0"/></net>

<net id="259"><net_src comp="239" pin="2"/><net_sink comp="255" pin=0"/></net>

<net id="263"><net_src comp="78" pin="11"/><net_sink comp="260" pin=0"/></net>

<net id="270"><net_src comp="28" pin="0"/><net_sink comp="264" pin=0"/></net>

<net id="271"><net_src comp="260" pin="1"/><net_sink comp="264" pin=1"/></net>

<net id="272"><net_src comp="30" pin="0"/><net_sink comp="264" pin=2"/></net>

<net id="273"><net_src comp="32" pin="0"/><net_sink comp="264" pin=3"/></net>

<net id="277"><net_src comp="260" pin="1"/><net_sink comp="274" pin=0"/></net>

<net id="281"><net_src comp="78" pin="7"/><net_sink comp="278" pin=0"/></net>

<net id="288"><net_src comp="28" pin="0"/><net_sink comp="282" pin=0"/></net>

<net id="289"><net_src comp="278" pin="1"/><net_sink comp="282" pin=1"/></net>

<net id="290"><net_src comp="30" pin="0"/><net_sink comp="282" pin=2"/></net>

<net id="291"><net_src comp="32" pin="0"/><net_sink comp="282" pin=3"/></net>

<net id="295"><net_src comp="278" pin="1"/><net_sink comp="292" pin=0"/></net>

<net id="300"><net_src comp="264" pin="4"/><net_sink comp="296" pin=0"/></net>

<net id="301"><net_src comp="34" pin="0"/><net_sink comp="296" pin=1"/></net>

<net id="306"><net_src comp="274" pin="1"/><net_sink comp="302" pin=0"/></net>

<net id="307"><net_src comp="36" pin="0"/><net_sink comp="302" pin=1"/></net>

<net id="312"><net_src comp="282" pin="4"/><net_sink comp="308" pin=0"/></net>

<net id="313"><net_src comp="34" pin="0"/><net_sink comp="308" pin=1"/></net>

<net id="318"><net_src comp="292" pin="1"/><net_sink comp="314" pin=0"/></net>

<net id="319"><net_src comp="36" pin="0"/><net_sink comp="314" pin=1"/></net>

<net id="332"><net_src comp="320" pin="2"/><net_sink comp="328" pin=0"/></net>

<net id="333"><net_src comp="324" pin="2"/><net_sink comp="328" pin=1"/></net>

<net id="338"><net_src comp="328" pin="2"/><net_sink comp="334" pin=0"/></net>

<net id="339"><net_src comp="115" pin="2"/><net_sink comp="334" pin=1"/></net>

<net id="345"><net_src comp="334" pin="2"/><net_sink comp="340" pin=0"/></net>

<net id="349"><net_src comp="340" pin="3"/><net_sink comp="346" pin=0"/></net>

<net id="350"><net_src comp="346" pin="1"/><net_sink comp="93" pin=2"/></net>

<net id="354"><net_src comp="351" pin="1"/><net_sink comp="101" pin=2"/></net>

<net id="358"><net_src comp="52" pin="1"/><net_sink comp="355" pin=0"/></net>

<net id="359"><net_src comp="355" pin="1"/><net_sink comp="131" pin=1"/></net>

<net id="360"><net_src comp="355" pin="1"/><net_sink comp="151" pin=0"/></net>

<net id="361"><net_src comp="355" pin="1"/><net_sink comp="255" pin=1"/></net>

<net id="365"><net_src comp="56" pin="1"/><net_sink comp="362" pin=0"/></net>

<net id="366"><net_src comp="362" pin="1"/><net_sink comp="126" pin=1"/></net>

<net id="367"><net_src comp="362" pin="1"/><net_sink comp="154" pin=0"/></net>

<net id="368"><net_src comp="362" pin="1"/><net_sink comp="250" pin=1"/></net>

<net id="372"><net_src comp="60" pin="1"/><net_sink comp="369" pin=0"/></net>

<net id="373"><net_src comp="369" pin="1"/><net_sink comp="121" pin=1"/></net>

<net id="374"><net_src comp="369" pin="1"/><net_sink comp="136" pin=0"/></net>

<net id="375"><net_src comp="369" pin="1"/><net_sink comp="245" pin=1"/></net>

<net id="379"><net_src comp="139" pin="2"/><net_sink comp="376" pin=0"/></net>

<net id="383"><net_src comp="209" pin="2"/><net_sink comp="380" pin=0"/></net>

<net id="384"><net_src comp="380" pin="1"/><net_sink comp="351" pin=0"/></net>

<net id="388"><net_src comp="215" pin="3"/><net_sink comp="385" pin=0"/></net>

<net id="389"><net_src comp="385" pin="1"/><net_sink comp="340" pin=1"/></net>

<net id="393"><net_src comp="64" pin="3"/><net_sink comp="390" pin=0"/></net>

<net id="394"><net_src comp="390" pin="1"/><net_sink comp="78" pin=5"/></net>

<net id="398"><net_src comp="228" pin="2"/><net_sink comp="395" pin=0"/></net>

<net id="399"><net_src comp="395" pin="1"/><net_sink comp="340" pin=2"/></net>

<net id="403"><net_src comp="71" pin="3"/><net_sink comp="400" pin=0"/></net>

<net id="404"><net_src comp="400" pin="1"/><net_sink comp="78" pin=2"/></net>

<net id="408"><net_src comp="78" pin="11"/><net_sink comp="405" pin=0"/></net>

<net id="409"><net_src comp="405" pin="1"/><net_sink comp="115" pin=0"/></net>

<net id="413"><net_src comp="78" pin="7"/><net_sink comp="410" pin=0"/></net>

<net id="414"><net_src comp="410" pin="1"/><net_sink comp="115" pin=1"/></net>

<net id="418"><net_src comp="296" pin="2"/><net_sink comp="415" pin=0"/></net>

<net id="419"><net_src comp="415" pin="1"/><net_sink comp="320" pin=1"/></net>

<net id="423"><net_src comp="302" pin="2"/><net_sink comp="420" pin=0"/></net>

<net id="424"><net_src comp="420" pin="1"/><net_sink comp="320" pin=0"/></net>

<net id="428"><net_src comp="308" pin="2"/><net_sink comp="425" pin=0"/></net>

<net id="429"><net_src comp="425" pin="1"/><net_sink comp="324" pin=1"/></net>

<net id="433"><net_src comp="314" pin="2"/><net_sink comp="430" pin=0"/></net>

<net id="434"><net_src comp="430" pin="1"/><net_sink comp="324" pin=0"/></net>

<net id="438"><net_src comp="93" pin="3"/><net_sink comp="435" pin=0"/></net>

<net id="439"><net_src comp="435" pin="1"/><net_sink comp="78" pin=0"/></net>

</net_list>

</model> 
---------------- Datapath Model END ------------------

* FSMD analyzer results:
  - Output states:
	Port: s3_out | {4 }
 - Input state : 
	Port: ecg_cnn_top_Pipeline_VITIS_LOOP_231_5_VITIS_LOOP_232_6 : tmp_1 | {1 2 3 4 }
	Port: ecg_cnn_top_Pipeline_VITIS_LOOP_231_5_VITIS_LOOP_232_6 : s3_out | {}
  - Chain level:
	State 1
		store_ln0 : 1
		store_ln231 : 1
		store_ln232 : 1
		indvar_flatten45_load : 1
		icmp_ln231 : 2
		add_ln231_1 : 2
		br_ln231 : 3
		c_load : 1
		t_load : 1
		add_ln231 : 2
		icmp_ln232 : 2
		select_ln231 : 3
		select_ln231_1 : 3
		tmp_s : 4
		tmp_9 : 4
		zext_ln236 : 4
		zext_ln236_1 : 4
		add_ln236 : 5
		tmp_10 : 4
		zext_ln234 : 5
		tmp_1_addr : 6
		add_ln235 : 5
		zext_ln235 : 6
		tmp_1_addr_1 : 7
		v0 : 7
		v1 : 8
		add_ln232 : 4
		store_ln231 : 3
		store_ln231 : 4
		store_ln232 : 5
	State 2
		bitcast_ln236 : 1
		tmp_11 : 2
		trunc_ln236 : 2
		bitcast_ln236_1 : 1
		tmp_12 : 2
		trunc_ln236_1 : 2
		icmp_ln236 : 3
		icmp_ln236_1 : 3
		icmp_ln236_2 : 3
		icmp_ln236_3 : 3
		tmp_13 : 1
	State 3
		zext_ln234_1 : 1
		tmp_1_addr_2 : 2
		tmp_1_load : 3
	State 4
		s3_out_addr : 1
		store_ln236 : 2


============================================================
+ Verbose Summary: Datapath Resource usage 
============================================================

* Functional unit list:
|----------|-----------------------|---------|---------|
| Operation|    Functional Unit    |    FF   |   LUT   |
|----------|-----------------------|---------|---------|
|          |   icmp_ln231_fu_139   |    0    |    13   |
|          |   icmp_ln232_fu_163   |    0    |    14   |
|   icmp   |   icmp_ln236_fu_296   |    0    |    15   |
|          |  icmp_ln236_1_fu_302  |    0    |    30   |
|          |  icmp_ln236_2_fu_308  |    0    |    15   |
|          |  icmp_ln236_3_fu_314  |    0    |    30   |
|----------|-----------------------|---------|---------|
|          |   add_ln231_1_fu_145  |    0    |    13   |
|          |    add_ln231_fu_157   |    0    |    13   |
|    add   |    add_ln236_fu_209   |    0    |    13   |
|          |    add_ln235_fu_228   |    0    |    12   |
|          |    add_ln232_fu_239   |    0    |    14   |
|----------|-----------------------|---------|---------|
|          |  select_ln231_fu_169  |    0    |    6    |
|  select  | select_ln231_1_fu_177 |    0    |    5    |
|          |  select_ln236_fu_340  |    0    |    11   |
|----------|-----------------------|---------|---------|
|    or    |    or_ln236_fu_320    |    0    |    2    |
|          |   or_ln236_1_fu_324   |    0    |    2    |
|----------|-----------------------|---------|---------|
|    and   |    and_ln236_fu_328   |    0    |    2    |
|          |   and_ln236_1_fu_334  |    0    |    2    |
|----------|-----------------------|---------|---------|
|   fcmp   |       grp_fu_115      |    0    |    0    |
|----------|-----------------------|---------|---------|
|          |      tmp_s_fu_185     |    0    |    0    |
|bitconcatenate|      tmp_9_fu_193     |    0    |    0    |
|          |     tmp_10_fu_215     |    0    |    0    |
|----------|-----------------------|---------|---------|
|          |   zext_ln236_fu_201   |    0    |    0    |
|          |  zext_ln236_1_fu_205  |    0    |    0    |
|   zext   |   zext_ln234_fu_223   |    0    |    0    |
|          |   zext_ln235_fu_234   |    0    |    0    |
|          |  zext_ln234_1_fu_346  |    0    |    0    |
|          |  zext_ln236_2_fu_351  |    0    |    0    |
|----------|-----------------------|---------|---------|
|partselect|     tmp_11_fu_264     |    0    |    0    |
|          |     tmp_12_fu_282     |    0    |    0    |
|----------|-----------------------|---------|---------|
|   trunc  |   trunc_ln236_fu_274  |    0    |    0    |
|          |  trunc_ln236_1_fu_292 |    0    |    0    |
|----------|-----------------------|---------|---------|
|   Total  |                       |    0    |   212   |
|----------|-----------------------|---------|---------|

Memories:
N/A

* Register list:
+------------------------+--------+
|                        |   FF   |
+------------------------+--------+
|    add_ln235_reg_395   |   11   |
|    add_ln236_reg_380   |   10   |
|        c_reg_355       |    6   |
|   icmp_ln231_reg_376   |    1   |
|  icmp_ln236_1_reg_420  |    1   |
|  icmp_ln236_2_reg_425  |    1   |
|  icmp_ln236_3_reg_430  |    1   |
|   icmp_ln236_reg_415   |    1   |
|indvar_flatten45_reg_369|   10   |
|        t_reg_362       |    5   |
|     tmp_10_reg_385     |   11   |
|  tmp_1_addr_1_reg_400  |   11   |
|  tmp_1_addr_2_reg_435  |   11   |
|   tmp_1_addr_reg_390   |   11   |
|       v0_reg_405       |   32   |
|       v1_reg_410       |   32   |
+------------------------+--------+
|          Total         |   155  |
+------------------------+--------+

* Multiplexer (MUX) list: 
|------------------|------|------|------|--------||---------||---------||---------|
|       Comp       |  Pin | Size |  BW  | S x BW ||  Delay  ||    FF   ||   LUT   |
|------------------|------|------|------|--------||---------||---------||---------|
| grp_access_fu_78 |  p0  |   2  |  11  |   22   ||    0    ||    9    |
| grp_access_fu_78 |  p2  |   2  |   0  |    0   ||    0    ||    9    |
| grp_access_fu_78 |  p5  |   2  |  32  |   64   ||    0    ||    9    |
|    grp_fu_115    |  p0  |   2  |  32  |   64   ||    0    ||    9    |
|    grp_fu_115    |  p1  |   2  |  32  |   64   ||    0    ||    9    |
|------------------|------|------|------|--------||---------||---------||---------|
|       Total      |      |      |      |   214  ||   7.94  ||    0    ||    45   |
|------------------|------|------|------|--------||---------||---------||---------|



* Summary:
+-----------+--------+--------+--------+
|           |  Delay |   FF   |   LUT  |
+-----------+--------+--------+--------+
|  Function |    -   |    0   |   212  |
|   Memory  |    -   |    -   |    -   |
|Multiplexer|    7   |    0   |   45   |
|  Register |    -   |   155  |    -   |
+-----------+--------+--------+--------+
|   Total   |    7   |   155  |   257  |
+-----------+--------+--------+--------+
