

================================================================
== Vitis HLS Report for 'ecg_cnn_top_Pipeline_VITIS_LOOP_266_5_VITIS_LOOP_267_6'
================================================================
* Date:           Tue Mar 31 12:27:53 2026

* Version:        2025.1 (Build 6135595 on May 21 2025)
* Project:        ecg_cnn_top
* Solution:       hls (Vivado IP Flow Target)
* Product family: zynq
* Target device:  xc7z020-clg400-1


================================================================
== Performance Estimates
================================================================
+ Timing: 
    * Summary: 
    +--------+----------+-----------+------------+
    |  Clock |  Target  | Estimated | Uncertainty|
    +--------+----------+-----------+------------+
    |ap_clk  |  15.00 ns|  10.355 ns|     4.05 ns|
    +--------+----------+-----------+------------+

+ Latency: 
    * Summary: 
    +---------+---------+-----------+-----------+-----+-----+------------------------------------------------+
    |  Latency (cycles) |   Latency (absolute)  |  Interval |                    Pipeline                    |
    |   min   |   max   |    min    |    max    | min | max |                      Type                      |
    +---------+---------+-----------+-----------+-----+-----+------------------------------------------------+
    |      708|      708|  10.620 us|  10.620 us|  705|  705|  loop auto-rewind stp (delay=0 clock cycles(s))|
    +---------+---------+-----------+-----------+-----+-----+------------------------------------------------+

    + Detail: 
        * Instance: 
        N/A

        * Loop: 
        +-------------------------------------+---------+---------+----------+-----------+-----------+------+----------+
        |                                     |  Latency (cycles) | Iteration|  Initiation Interval  | Trip |          |
        |              Loop Name              |   min   |   max   |  Latency |  achieved |   target  | Count| Pipelined|
        +-------------------------------------+---------+---------+----------+-----------+-----------+------+----------+
        |- VITIS_LOOP_266_5_VITIS_LOOP_267_6  |      706|      706|         4|          1|          1|   704|       yes|
        +-------------------------------------+---------+---------+----------+-----------+-----------+------+----------+

============================================================
+ Verbose Summary: Synthesis Manager
============================================================
InlineROM: 1
ExposeGlobal: 0
============================================================
+ Verbose Summary: CDFG Model
============================================================
IsTopModel: 0
ResetActiveHigh: 1
IsCombinational: 0
IsDatapathOnly: 0
HasWiredReturn: 1
HasMFsm: 2
HasVarLatency: 1
IsPipeline: 0
IsRtlPipelined: 0
IsInstanceOverlapped: 0
IsDontTouch: 0
HasImplIP: 0
IsGatedGlobalClock: 0

+ Individual pipeline summary: 
  * Pipeline-0: initiation interval (II) = 1, depth = 4


============================================================
+ Verbose Summary: Schedule
============================================================
* Number of FSM states : 4
* Pipeline : 1
  Pipeline-0 : II = 1, D = 4, States = { 1 2 3 4 }
* Dataflow Pipeline: 0

* FSM state transitions: 
1 --> 2 
2 --> 3 
3 --> 4 
4 --> 

* FSM state operations: 

State 1 <SV = 0> <Delay = 9.37>
ST_1 : Operation 7 [1/1] (0.00ns)   --->   "%c = alloca i32 1" [cnn.cpp:267->cnn.cpp:394]   --->   Operation 7 'alloca' 'c' <Predicate = true> <Delay = 0.00>
ST_1 : Operation 8 [1/1] (0.00ns)   --->   "%t = alloca i32 1" [cnn.cpp:266->cnn.cpp:394]   --->   Operation 8 'alloca' 't' <Predicate = true> <Delay = 0.00>
ST_1 : Operation 9 [1/1] (0.00ns)   --->   "%indvar_flatten52 = alloca i32 1"   --->   Operation 9 'alloca' 'indvar_flatten52' <Predicate = true> <Delay = 0.00>
ST_1 : Operation 10 [1/1] (1.58ns)   --->   "%store_ln0 = store i10 0, i10 %indvar_flatten52"   --->   Operation 10 'store' 'store_ln0' <Predicate = true> <Delay = 1.58>
ST_1 : Operation 11 [1/1] (1.58ns)   --->   "%store_ln266 = store i4 0, i4 %t" [cnn.cpp:266->cnn.cpp:394]   --->   Operation 11 'store' 'store_ln266' <Predicate = true> <Delay = 1.58>
ST_1 : Operation 12 [1/1] (1.58ns)   --->   "%store_ln267 = store i7 0, i7 %c" [cnn.cpp:267->cnn.cpp:394]   --->   Operation 12 'store' 'store_ln267' <Predicate = true> <Delay = 1.58>
ST_1 : Operation 13 [1/1] (0.00ns)   --->   "%br_ln0 = br void %for.body51.i252"   --->   Operation 13 'br' 'br_ln0' <Predicate = true> <Delay = 0.00>
ST_1 : Operation 14 [1/1] (0.00ns)   --->   "%indvar_flatten52_load = load i10 %indvar_flatten52" [cnn.cpp:266->cnn.cpp:394]   --->   Operation 14 'load' 'indvar_flatten52_load' <Predicate = true> <Delay = 0.00>
ST_1 : Operation 15 [1/1] (1.73ns)   --->   "%icmp_ln266 = icmp_eq  i10 %indvar_flatten52_load, i10 704" [cnn.cpp:266->cnn.cpp:394]   --->   Operation 15 'icmp' 'icmp_ln266' <Predicate = true> <Delay = 1.73> <CoreInst = "Cmp">   --->   Core 9 'Cmp' <Latency = 0> <II = 1> <Delay = 1.73> <FuncUnit> <Opcode : 'seteq' 'setne' 'setle' 'setge' 'setlt' 'setgt'> <InPorts = 2> <OutPorts = 1>
ST_1 : Operation 16 [1/1] (1.73ns)   --->   "%add_ln266_1 = add i10 %indvar_flatten52_load, i10 1" [cnn.cpp:266->cnn.cpp:394]   --->   Operation 16 'add' 'add_ln266_1' <Predicate = true> <Delay = 1.73> <CoreInst = "Adder">   --->   Core 1 'Adder' <Latency = 0> <II = 1> <Delay = 1.73> <FuncUnit> <Opcode : 'add' 'sub'> <InPorts = 2> <OutPorts = 1>
ST_1 : Operation 17 [1/1] (0.00ns)   --->   "%br_ln266 = br i1 %icmp_ln266, void %for.inc71.i255, void %VITIS_LOOP_282_2.i.preheader.exitStub" [cnn.cpp:266->cnn.cpp:394]   --->   Operation 17 'br' 'br_ln266' <Predicate = true> <Delay = 0.00>
ST_1 : Operation 18 [1/1] (0.00ns)   --->   "%c_load = load i7 %c" [cnn.cpp:267->cnn.cpp:394]   --->   Operation 18 'load' 'c_load' <Predicate = (!icmp_ln266)> <Delay = 0.00>
ST_1 : Operation 19 [1/1] (0.00ns)   --->   "%t_load = load i4 %t" [cnn.cpp:266->cnn.cpp:394]   --->   Operation 19 'load' 't_load' <Predicate = (!icmp_ln266)> <Delay = 0.00>
ST_1 : Operation 20 [1/1] (1.73ns)   --->   "%add_ln266 = add i4 %t_load, i4 1" [cnn.cpp:266->cnn.cpp:394]   --->   Operation 20 'add' 'add_ln266' <Predicate = (!icmp_ln266)> <Delay = 1.73> <CoreInst = "Adder">   --->   Core 1 'Adder' <Latency = 0> <II = 1> <Delay = 1.73> <FuncUnit> <Opcode : 'add' 'sub'> <InPorts = 2> <OutPorts = 1>
ST_1 : Operation 21 [1/1] (1.87ns)   --->   "%icmp_ln267 = icmp_eq  i7 %c_load, i7 64" [cnn.cpp:267->cnn.cpp:394]   --->   Operation 21 'icmp' 'icmp_ln267' <Predicate = (!icmp_ln266)> <Delay = 1.87> <CoreInst = "Cmp">   --->   Core 9 'Cmp' <Latency = 0> <II = 1> <Delay = 1.87> <FuncUnit> <Opcode : 'seteq' 'setne' 'setle' 'setge' 'setlt' 'setgt'> <InPorts = 2> <OutPorts = 1>
ST_1 : Operation 22 [1/1] (0.99ns)   --->   "%select_ln266 = select i1 %icmp_ln267, i7 0, i7 %c_load" [cnn.cpp:266->cnn.cpp:394]   --->   Operation 22 'select' 'select_ln266' <Predicate = (!icmp_ln266)> <Delay = 0.99> <CoreInst = "Sel">   --->   Core 73 'Sel' <Latency = 0> <II = 1> <Delay = 0.99> <FuncUnit> <Opcode : 'select'> <InPorts = 3> <OutPorts = 1>
ST_1 : Operation 23 [1/1] (1.02ns)   --->   "%select_ln266_1 = select i1 %icmp_ln267, i4 %add_ln266, i4 %t_load" [cnn.cpp:266->cnn.cpp:394]   --->   Operation 23 'select' 'select_ln266_1' <Predicate = (!icmp_ln266)> <Delay = 1.02> <CoreInst = "Sel">   --->   Core 73 'Sel' <Latency = 0> <II = 1> <Delay = 1.02> <FuncUnit> <Opcode : 'select'> <InPorts = 3> <OutPorts = 1>
ST_1 : Operation 24 [1/1] (0.00ns)   --->   "%tmp_s = bitconcatenate i10 @_ssdm_op_BitConcatenate.i10.i4.i6, i4 %select_ln266_1, i6 0" [cnn.cpp:271->cnn.cpp:394]   --->   Operation 24 'bitconcatenate' 'tmp_s' <Predicate = (!icmp_ln266)> <Delay = 0.00>
ST_1 : Operation 25 [1/1] (0.00ns)   --->   "%tmp_4 = bitconcatenate i11 @_ssdm_op_BitConcatenate.i11.i4.i7, i4 %select_ln266_1, i7 64" [cnn.cpp:270->cnn.cpp:394]   --->   Operation 25 'bitconcatenate' 'tmp_4' <Predicate = (!icmp_ln266)> <Delay = 0.00>
ST_1 : Operation 26 [1/1] (0.00ns)   --->   "%zext_ln271 = zext i7 %select_ln266" [cnn.cpp:271->cnn.cpp:394]   --->   Operation 26 'zext' 'zext_ln271' <Predicate = (!icmp_ln266)> <Delay = 0.00>
ST_1 : Operation 27 [1/1] (0.00ns)   --->   "%zext_ln271_1 = zext i7 %select_ln266" [cnn.cpp:271->cnn.cpp:394]   --->   Operation 27 'zext' 'zext_ln271_1' <Predicate = (!icmp_ln266)> <Delay = 0.00>
ST_1 : Operation 28 [1/1] (1.73ns)   --->   "%add_ln271 = add i10 %tmp_s, i10 %zext_ln271_1" [cnn.cpp:271->cnn.cpp:394]   --->   Operation 28 'add' 'add_ln271' <Predicate = (!icmp_ln266)> <Delay = 1.73> <CoreInst = "Adder">   --->   Core 1 'Adder' <Latency = 0> <II = 1> <Delay = 1.73> <FuncUnit> <Opcode : 'add' 'sub'> <InPorts = 2> <OutPorts = 1>
ST_1 : Operation 29 [1/1] (0.00ns)   --->   "%tmp_5 = bitconcatenate i11 @_ssdm_op_BitConcatenate.i11.i4.i7, i4 %select_ln266_1, i7 %select_ln266" [cnn.cpp:269->cnn.cpp:394]   --->   Operation 29 'bitconcatenate' 'tmp_5' <Predicate = (!icmp_ln266)> <Delay = 0.00>
ST_1 : Operation 30 [1/1] (0.00ns)   --->   "%zext_ln269 = zext i11 %tmp_5" [cnn.cpp:269->cnn.cpp:394]   --->   Operation 30 'zext' 'zext_ln269' <Predicate = (!icmp_ln266)> <Delay = 0.00>
ST_1 : Operation 31 [1/1] (0.00ns)   --->   "%tmp_addr = getelementptr i32 %tmp, i64 0, i64 %zext_ln269" [cnn.cpp:269->cnn.cpp:394]   --->   Operation 31 'getelementptr' 'tmp_addr' <Predicate = (!icmp_ln266)> <Delay = 0.00>
ST_1 : Operation 32 [1/1] (1.63ns)   --->   "%add_ln270 = add i11 %tmp_4, i11 %zext_ln271" [cnn.cpp:270->cnn.cpp:394]   --->   Operation 32 'add' 'add_ln270' <Predicate = (!icmp_ln266)> <Delay = 1.63> <CoreInst = "Adder">   --->   Core 1 'Adder' <Latency = 0> <II = 1> <Delay = 1.63> <FuncUnit> <Opcode : 'add' 'sub'> <InPorts = 2> <OutPorts = 1>
ST_1 : Operation 33 [1/1] (0.00ns)   --->   "%zext_ln270 = zext i11 %add_ln270" [cnn.cpp:270->cnn.cpp:394]   --->   Operation 33 'zext' 'zext_ln270' <Predicate = (!icmp_ln266)> <Delay = 0.00>
ST_1 : Operation 34 [1/1] (0.00ns)   --->   "%tmp_addr_1 = getelementptr i32 %tmp, i64 0, i64 %zext_ln270" [cnn.cpp:270->cnn.cpp:394]   --->   Operation 34 'getelementptr' 'tmp_addr_1' <Predicate = (!icmp_ln266)> <Delay = 0.00>
ST_1 : Operation 35 [2/2] (3.25ns)   --->   "%v0 = load i11 %tmp_addr" [cnn.cpp:269->cnn.cpp:394]   --->   Operation 35 'load' 'v0' <Predicate = (!icmp_ln266)> <Delay = 3.25> <CoreInst = "RAM_1WnR">   --->   Core 82 'RAM_1WnR' <Latency = 1> <II = 1> <Delay = 3.25> <Storage> <Opcode : 'load' 'store'> <Ports = 17> <Width = 32> <Depth = 1472> <RAM>
ST_1 : Operation 36 [2/2] (3.25ns)   --->   "%v1 = load i11 %tmp_addr_1" [cnn.cpp:270->cnn.cpp:394]   --->   Operation 36 'load' 'v1' <Predicate = (!icmp_ln266)> <Delay = 3.25> <CoreInst = "RAM_1WnR">   --->   Core 82 'RAM_1WnR' <Latency = 1> <II = 1> <Delay = 3.25> <Storage> <Opcode : 'load' 'store'> <Ports = 17> <Width = 32> <Depth = 1472> <RAM>
ST_1 : Operation 37 [1/1] (1.87ns)   --->   "%add_ln267 = add i7 %select_ln266, i7 1" [cnn.cpp:267->cnn.cpp:394]   --->   Operation 37 'add' 'add_ln267' <Predicate = (!icmp_ln266)> <Delay = 1.87> <CoreInst = "Adder">   --->   Core 1 'Adder' <Latency = 0> <II = 1> <Delay = 1.87> <FuncUnit> <Opcode : 'add' 'sub'> <InPorts = 2> <OutPorts = 1>
ST_1 : Operation 38 [1/1] (1.58ns)   --->   "%store_ln266 = store i10 %add_ln266_1, i10 %indvar_flatten52" [cnn.cpp:266->cnn.cpp:394]   --->   Operation 38 'store' 'store_ln266' <Predicate = (!icmp_ln266)> <Delay = 1.58>
ST_1 : Operation 39 [1/1] (1.58ns)   --->   "%store_ln266 = store i4 %select_ln266_1, i4 %t" [cnn.cpp:266->cnn.cpp:394]   --->   Operation 39 'store' 'store_ln266' <Predicate = (!icmp_ln266)> <Delay = 1.58>
ST_1 : Operation 40 [1/1] (1.58ns)   --->   "%store_ln267 = store i7 %add_ln267, i7 %c" [cnn.cpp:267->cnn.cpp:394]   --->   Operation 40 'store' 'store_ln267' <Predicate = (!icmp_ln266)> <Delay = 1.58>

State 2 <SV = 1> <Delay = 8.68>
ST_2 : Operation 41 [1/2] ( I:3.25ns O:3.25ns )   --->   "%v0 = load i11 %tmp_addr" [cnn.cpp:269->cnn.cpp:394]   --->   Operation 41 'load' 'v0' <Predicate = true> <Delay = 3.25> <CoreInst = "RAM_1WnR">   --->   Core 82 'RAM_1WnR' <Latency = 1> <II = 1> <Delay = 3.25> <Storage> <Opcode : 'load' 'store'> <Ports = 17> <Width = 32> <Depth = 1472> <RAM>
ST_2 : Operation 42 [1/2] ( I:3.25ns O:3.25ns )   --->   "%v1 = load i11 %tmp_addr_1" [cnn.cpp:270->cnn.cpp:394]   --->   Operation 42 'load' 'v1' <Predicate = true> <Delay = 3.25> <CoreInst = "RAM_1WnR">   --->   Core 82 'RAM_1WnR' <Latency = 1> <II = 1> <Delay = 3.25> <Storage> <Opcode : 'load' 'store'> <Ports = 17> <Width = 32> <Depth = 1472> <RAM>
ST_2 : Operation 43 [1/1] (0.00ns)   --->   "%bitcast_ln271 = bitcast i32 %v0" [cnn.cpp:271->cnn.cpp:394]   --->   Operation 43 'bitcast' 'bitcast_ln271' <Predicate = true> <Delay = 0.00>
ST_2 : Operation 44 [1/1] (0.00ns)   --->   "%tmp_6 = partselect i8 @_ssdm_op_PartSelect.i8.i32.i32.i32, i32 %bitcast_ln271, i32 23, i32 30" [cnn.cpp:271->cnn.cpp:394]   --->   Operation 44 'partselect' 'tmp_6' <Predicate = true> <Delay = 0.00>
ST_2 : Operation 45 [1/1] (0.00ns)   --->   "%trunc_ln271 = trunc i32 %bitcast_ln271" [cnn.cpp:271->cnn.cpp:394]   --->   Operation 45 'trunc' 'trunc_ln271' <Predicate = true> <Delay = 0.00>
ST_2 : Operation 46 [1/1] (0.00ns)   --->   "%bitcast_ln271_1 = bitcast i32 %v1" [cnn.cpp:271->cnn.cpp:394]   --->   Operation 46 'bitcast' 'bitcast_ln271_1' <Predicate = true> <Delay = 0.00>
ST_2 : Operation 47 [1/1] (0.00ns)   --->   "%tmp_7 = partselect i8 @_ssdm_op_PartSelect.i8.i32.i32.i32, i32 %bitcast_ln271_1, i32 23, i32 30" [cnn.cpp:271->cnn.cpp:394]   --->   Operation 47 'partselect' 'tmp_7' <Predicate = true> <Delay = 0.00>
ST_2 : Operation 48 [1/1] (0.00ns)   --->   "%trunc_ln271_1 = trunc i32 %bitcast_ln271_1" [cnn.cpp:271->cnn.cpp:394]   --->   Operation 48 'trunc' 'trunc_ln271_1' <Predicate = true> <Delay = 0.00>
ST_2 : Operation 49 [1/1] (1.91ns)   --->   "%icmp_ln271 = icmp_ne  i8 %tmp_6, i8 255" [cnn.cpp:271->cnn.cpp:394]   --->   Operation 49 'icmp' 'icmp_ln271' <Predicate = true> <Delay = 1.91> <CoreInst = "Cmp">   --->   Core 9 'Cmp' <Latency = 0> <II = 1> <Delay = 1.91> <FuncUnit> <Opcode : 'seteq' 'setne' 'setle' 'setge' 'setlt' 'setgt'> <InPorts = 2> <OutPorts = 1>
ST_2 : Operation 50 [1/1] (2.28ns)   --->   "%icmp_ln271_1 = icmp_eq  i23 %trunc_ln271, i23 0" [cnn.cpp:271->cnn.cpp:394]   --->   Operation 50 'icmp' 'icmp_ln271_1' <Predicate = true> <Delay = 2.28> <CoreInst = "Cmp">   --->   Core 9 'Cmp' <Latency = 0> <II = 1> <Delay = 2.28> <FuncUnit> <Opcode : 'seteq' 'setne' 'setle' 'setge' 'setlt' 'setgt'> <InPorts = 2> <OutPorts = 1>
ST_2 : Operation 51 [1/1] (1.91ns)   --->   "%icmp_ln271_2 = icmp_ne  i8 %tmp_7, i8 255" [cnn.cpp:271->cnn.cpp:394]   --->   Operation 51 'icmp' 'icmp_ln271_2' <Predicate = true> <Delay = 1.91> <CoreInst = "Cmp">   --->   Core 9 'Cmp' <Latency = 0> <II = 1> <Delay = 1.91> <FuncUnit> <Opcode : 'seteq' 'setne' 'setle' 'setge' 'setlt' 'setgt'> <InPorts = 2> <OutPorts = 1>
ST_2 : Operation 52 [1/1] (2.28ns)   --->   "%icmp_ln271_3 = icmp_eq  i23 %trunc_ln271_1, i23 0" [cnn.cpp:271->cnn.cpp:394]   --->   Operation 52 'icmp' 'icmp_ln271_3' <Predicate = true> <Delay = 2.28> <CoreInst = "Cmp">   --->   Core 9 'Cmp' <Latency = 0> <II = 1> <Delay = 2.28> <FuncUnit> <Opcode : 'seteq' 'setne' 'setle' 'setge' 'setlt' 'setgt'> <InPorts = 2> <OutPorts = 1>
ST_2 : Operation 53 [2/2] (5.43ns)   --->   "%tmp_8 = fcmp_ogt  i32 %v0, i32 %v1" [cnn.cpp:271->cnn.cpp:394]   --->   Operation 53 'fcmp' 'tmp_8' <Predicate = true> <Delay = 5.43> <CoreInst = "FCompare">   --->   Core 19 'FCompare' <Latency = 1> <II = 1> <Delay = 5.43> <FuncUnit> <Opcode : 'fcmp'> <InPorts = 2> <OutPorts = 1>

State 3 <SV = 2> <Delay = 10.3>
ST_3 : Operation 54 [1/1] (0.00ns) (grouped into LUT with out node and_ln271_1)   --->   "%or_ln271 = or i1 %icmp_ln271_1, i1 %icmp_ln271" [cnn.cpp:271->cnn.cpp:394]   --->   Operation 54 'or' 'or_ln271' <Predicate = true> <Delay = 0.00> <CoreInst = "LogicGate">   --->   Core 74 'LogicGate' <Latency = 0> <II = 1> <Delay = 0.97> <FuncUnit> <Opcode : 'and' 'or' 'xor'> <InPorts = 2> <OutPorts = 1>
ST_3 : Operation 55 [1/1] (0.00ns) (grouped into LUT with out node and_ln271_1)   --->   "%or_ln271_1 = or i1 %icmp_ln271_3, i1 %icmp_ln271_2" [cnn.cpp:271->cnn.cpp:394]   --->   Operation 55 'or' 'or_ln271_1' <Predicate = true> <Delay = 0.00> <CoreInst = "LogicGate">   --->   Core 74 'LogicGate' <Latency = 0> <II = 1> <Delay = 0.97> <FuncUnit> <Opcode : 'and' 'or' 'xor'> <InPorts = 2> <OutPorts = 1>
ST_3 : Operation 56 [1/1] (0.00ns) (grouped into LUT with out node and_ln271_1)   --->   "%and_ln271 = and i1 %or_ln271, i1 %or_ln271_1" [cnn.cpp:271->cnn.cpp:394]   --->   Operation 56 'and' 'and_ln271' <Predicate = true> <Delay = 0.00> <CoreInst = "LogicGate">   --->   Core 74 'LogicGate' <Latency = 0> <II = 1> <Delay = 0.97> <FuncUnit> <Opcode : 'and' 'or' 'xor'> <InPorts = 2> <OutPorts = 1>
ST_3 : Operation 57 [1/2] (5.43ns)   --->   "%tmp_8 = fcmp_ogt  i32 %v0, i32 %v1" [cnn.cpp:271->cnn.cpp:394]   --->   Operation 57 'fcmp' 'tmp_8' <Predicate = true> <Delay = 5.43> <CoreInst = "FCompare">   --->   Core 19 'FCompare' <Latency = 1> <II = 1> <Delay = 5.43> <FuncUnit> <Opcode : 'fcmp'> <InPorts = 2> <OutPorts = 1>
ST_3 : Operation 58 [1/1] (0.97ns) (out node of the LUT)   --->   "%and_ln271_1 = and i1 %and_ln271, i1 %tmp_8" [cnn.cpp:271->cnn.cpp:394]   --->   Operation 58 'and' 'and_ln271_1' <Predicate = true> <Delay = 0.97> <CoreInst = "LogicGate">   --->   Core 74 'LogicGate' <Latency = 0> <II = 1> <Delay = 0.97> <FuncUnit> <Opcode : 'and' 'or' 'xor'> <InPorts = 2> <OutPorts = 1>
ST_3 : Operation 59 [1/1] (0.69ns) (out node of the LUT)   --->   "%select_ln271 = select i1 %and_ln271_1, i11 %tmp_5, i11 %add_ln270" [cnn.cpp:271->cnn.cpp:394]   --->   Operation 59 'select' 'select_ln271' <Predicate = true> <Delay = 0.69> <CoreInst = "Sel">   --->   Core 73 'Sel' <Latency = 0> <II = 1> <Delay = 0.69> <FuncUnit> <Opcode : 'select'> <InPorts = 3> <OutPorts = 1>
ST_3 : Operation 60 [1/1] (0.00ns)   --->   "%zext_ln269_1 = zext i11 %select_ln271" [cnn.cpp:269->cnn.cpp:394]   --->   Operation 60 'zext' 'zext_ln269_1' <Predicate = true> <Delay = 0.00>
ST_3 : Operation 61 [1/1] (0.00ns)   --->   "%tmp_addr_2 = getelementptr i32 %tmp, i64 0, i64 %zext_ln269_1" [cnn.cpp:269->cnn.cpp:394]   --->   Operation 61 'getelementptr' 'tmp_addr_2' <Predicate = true> <Delay = 0.00>
ST_3 : Operation 62 [2/2] (3.25ns)   --->   "%empty = load i11 %tmp_addr_2" [cnn.cpp:271->cnn.cpp:394]   --->   Operation 62 'load' 'empty' <Predicate = true> <Delay = 3.25> <CoreInst = "RAM_1WnR">   --->   Core 82 'RAM_1WnR' <Latency = 1> <II = 1> <Delay = 3.25> <Storage> <Opcode : 'load' 'store'> <Ports = 17> <Width = 32> <Depth = 1472> <RAM>
ST_3 : Operation 71 [1/1] (1.58ns)   --->   "%ret_ln0 = ret"   --->   Operation 71 'ret' 'ret_ln0' <Predicate = (icmp_ln266)> <Delay = 1.58>

State 4 <SV = 3> <Delay = 6.50>
ST_4 : Operation 63 [1/1] (0.00ns)   --->   "%specloopname_ln0 = specloopname void @_ssdm_op_SpecLoopName, void @VITIS_LOOP_266_5_VITIS_LOOP_267_6_str"   --->   Operation 63 'specloopname' 'specloopname_ln0' <Predicate = true> <Delay = 0.00>
ST_4 : Operation 64 [1/1] (0.00ns)   --->   "%speclooptripcount_ln0 = speclooptripcount void @_ssdm_op_SpecLoopTripCount, i64 704, i64 704, i64 704"   --->   Operation 64 'speclooptripcount' 'speclooptripcount_ln0' <Predicate = true> <Delay = 0.00>
ST_4 : Operation 65 [1/1] (0.00ns)   --->   "%zext_ln271_2 = zext i10 %add_ln271" [cnn.cpp:271->cnn.cpp:394]   --->   Operation 65 'zext' 'zext_ln271_2' <Predicate = true> <Delay = 0.00>
ST_4 : Operation 66 [1/1] (0.00ns)   --->   "%s4_out_addr = getelementptr i32 %s4_out, i64 0, i64 %zext_ln271_2" [cnn.cpp:271->cnn.cpp:394]   --->   Operation 66 'getelementptr' 's4_out_addr' <Predicate = true> <Delay = 0.00>
ST_4 : Operation 67 [1/1] (0.00ns)   --->   "%specpipeline_ln268 = specpipeline void @_ssdm_op_SpecPipeline, i32 1, i32 0, i32 0, i32 0, void @empty_22" [cnn.cpp:268->cnn.cpp:394]   --->   Operation 67 'specpipeline' 'specpipeline_ln268' <Predicate = true> <Delay = 0.00>
ST_4 : Operation 68 [1/2] ( I:3.25ns O:3.25ns )   --->   "%empty = load i11 %tmp_addr_2" [cnn.cpp:271->cnn.cpp:394]   --->   Operation 68 'load' 'empty' <Predicate = true> <Delay = 3.25> <CoreInst = "RAM_1WnR">   --->   Core 82 'RAM_1WnR' <Latency = 1> <II = 1> <Delay = 3.25> <Storage> <Opcode : 'load' 'store'> <Ports = 17> <Width = 32> <Depth = 1472> <RAM>
ST_4 : Operation 69 [1/1] ( I:3.25ns O:3.25ns )   --->   "%store_ln271 = store i32 %empty, i10 %s4_out_addr" [cnn.cpp:271->cnn.cpp:394]   --->   Operation 69 'store' 'store_ln271' <Predicate = true> <Delay = 3.25> <CoreInst = "RAM">   --->   Core 81 'RAM' <Latency = 1> <II = 1> <Delay = 3.25> <Storage> <Opcode : 'load' 'store'> <Ports = 2> <Width = 32> <Depth = 704> <RAM>
ST_4 : Operation 70 [1/1] (0.00ns)   --->   "%br_ln267 = br void %for.body51.i252" [cnn.cpp:267->cnn.cpp:394]   --->   Operation 70 'br' 'br_ln267' <Predicate = true> <Delay = 0.00>


============================================================
+ Verbose Summary: Binding
============================================================
STG Binding: 
---------------- STG Properties BEGIN ----------------
- Is combinational: 0
- Is one-state seq: 0
- Is datapath-only: 0
- Is pipelined: 0
- Is top level: 0
Port [ Return ] is wired: 1; IO mode=ap_ctrl_hs:ce=0
Port [ tmp]:  wired=1; compound=1; hidden=0; nouse=0; global=0; static=0; extern=0; dir=0; type=1; pingpong=0; private_global=0; MemPort=[11133333333333333]; IO mode=ap_memory:ce=0
Port [ s4_out]:  wired=1; compound=1; hidden=0; nouse=0; global=1; static=1; extern=0; dir=1; type=1; pingpong=0; private_global=0; MemPort=[03]; IO mode=ap_memory:ce=0
---------------- STG Properties END ------------------

---------------- Datapath Model BEGIN ----------------

<LifeTime>
<method=bitvector/>
c                     (alloca           ) [ 01000]
t                     (alloca           ) [ 01000]
indvar_flatten52      (alloca           ) [ 01000]
store_ln0             (store            ) [ 00000]
store_ln266           (store            ) [ 00000]
store_ln267           (store            ) [ 00000]
br_ln0                (br               ) [ 00000]
indvar_flatten52_load (load             ) [ 00000]
icmp_ln266            (icmp             ) [ 01110]
add_ln266_1           (add              ) [ 00000]
br_ln266              (br               ) [ 00000]
c_load                (load             ) [ 00000]
t_load                (load             ) [ 00000]
add_ln266             (add              ) [ 00000]
icmp_ln267            (icmp             ) [ 00000]
select_ln266          (select           ) [ 00000]
select_ln266_1        (select           ) [ 00000]
tmp_s                 (bitconcatenate   ) [ 00000]
tmp_4                 (bitconcatenate   ) [ 00000]
zext_ln271            (zext             ) [ 00000]
zext_ln271_1          (zext             ) [ 00000]
add_ln271             (add              ) [ 01111]
tmp_5                 (bitconcatenate   ) [ 01110]
zext_ln269            (zext             ) [ 00000]
tmp_addr              (getelementptr    ) [ 01100]
add_ln270             (add              ) [ 01110]
zext_ln270            (zext             ) [ 00000]
tmp_addr_1            (getelementptr    ) [ 01100]
add_ln267             (add              ) [ 00000]
store_ln266           (store            ) [ 00000]
store_ln266           (store            ) [ 00000]
store_ln267           (store            ) [ 00000]
v0                    (load             ) [ 01010]
v1                    (load             ) [ 01010]
bitcast_ln271         (bitcast          ) [ 00000]
tmp_6                 (partselect       ) [ 00000]
trunc_ln271           (trunc            ) [ 00000]
bitcast_ln271_1       (bitcast          ) [ 00000]
tmp_7                 (partselect       ) [ 00000]
trunc_ln271_1         (trunc            ) [ 00000]
icmp_ln271            (icmp             ) [ 01010]
icmp_ln271_1          (icmp             ) [ 01010]
icmp_ln271_2          (icmp             ) [ 01010]
icmp_ln271_3          (icmp             ) [ 01010]
or_ln271              (or               ) [ 00000]
or_ln271_1            (or               ) [ 00000]
and_ln271             (and              ) [ 00000]
tmp_8                 (fcmp             ) [ 00000]
and_ln271_1           (and              ) [ 00000]
select_ln271          (select           ) [ 00000]
zext_ln269_1          (zext             ) [ 00000]
tmp_addr_2            (getelementptr    ) [ 01001]
specloopname_ln0      (specloopname     ) [ 00000]
speclooptripcount_ln0 (speclooptripcount) [ 00000]
zext_ln271_2          (zext             ) [ 00000]
s4_out_addr           (getelementptr    ) [ 00000]
specpipeline_ln268    (specpipeline     ) [ 00000]
empty                 (load             ) [ 00000]
store_ln271           (store            ) [ 00000]
br_ln267              (br               ) [ 00000]
ret_ln0               (ret              ) [ 00000]
</LifeTime>

<model>

<comp_list>
<comp id="0" class="1000" name="tmp">
<pin_list>
<pin id="1" dir="1" index="0" bw="1" slack="0"/>
</pin_list>
<bind>
<StgValue><ssdm name="tmp"/><MemPortTyVec>1 1 1 3 3 3 3 3 3 3 3 3 3 3 3 3 3 </MemPortTyVec>
</StgValue>
</bind>
</comp>

<comp id="2" class="1000" name="s4_out">
<pin_list>
<pin id="3" dir="1" index="0" bw="1" slack="0"/>
</pin_list>
<bind>
<StgValue><ssdm name="s4_out"/><MemPortTyVec>0 3 </MemPortTyVec>
</StgValue>
</bind>
</comp>

<comp id="4" class="1001" name="const_4">
<pin_list>
<pin id="5" dir="1" index="0" bw="1" slack="0"/>
</pin_list>
<bind>
<StgValue><ssdm name=""/></StgValue>
</bind>
</comp>

<comp id="6" class="1001" name="const_6">
<pin_list>
<pin id="7" dir="1" index="0" bw="1" slack="0"/>
</pin_list>
<bind>
<StgValue><ssdm name=""/></StgValue>
</bind>
</comp>

<comp id="8" class="1001" name="const_8">
<pin_list>
<pin id="9" dir="1" index="0" bw="1" slack="0"/>
</pin_list>
<bind>
<StgValue><ssdm name=""/></StgValue>
</bind>
</comp>

<comp id="10" class="1001" name="const_10">
<pin_list>
<pin id="11" dir="1" index="0" bw="1" slack="0"/>
</pin_list>
<bind>
<StgValue><ssdm name=""/></StgValue>
</bind>
</comp>

<comp id="12" class="1001" name="const_12">
<pin_list>
<pin id="13" dir="1" index="0" bw="1" slack="0"/>
</pin_list>
<bind>
<StgValue><ssdm name=""/></StgValue>
</bind>
</comp>

<comp id="14" class="1001" name="const_14">
<pin_list>
<pin id="15" dir="1" index="0" bw="1" slack="0"/>
</pin_list>
<bind>
<StgValue><ssdm name=""/></StgValue>
</bind>
</comp>

<comp id="16" class="1001" name="const_16">
<pin_list>
<pin id="17" dir="1" index="0" bw="1" slack="0"/>
</pin_list>
<bind>
<StgValue><ssdm name=""/></StgValue>
</bind>
</comp>

<comp id="18" class="1001" name="const_18">
<pin_list>
<pin id="19" dir="1" index="0" bw="1" slack="0"/>
</pin_list>
<bind>
<StgValue><ssdm name=""/></StgValue>
</bind>
</comp>

<comp id="20" class="1001" name="const_20">
<pin_list>
<pin id="21" dir="1" index="0" bw="1" slack="0"/>
</pin_list>
<bind>
<StgValue><ssdm name="_ssdm_op_BitConcatenate.i10.i4.i6"/></StgValue>
</bind>
</comp>

<comp id="22" class="1001" name="const_22">
<pin_list>
<pin id="23" dir="1" index="0" bw="1" slack="0"/>
</pin_list>
<bind>
<StgValue><ssdm name=""/></StgValue>
</bind>
</comp>

<comp id="24" class="1001" name="const_24">
<pin_list>
<pin id="25" dir="1" index="0" bw="1" slack="0"/>
</pin_list>
<bind>
<StgValue><ssdm name="_ssdm_op_BitConcatenate.i11.i4.i7"/></StgValue>
</bind>
</comp>

<comp id="26" class="1001" name="const_26">
<pin_list>
<pin id="27" dir="1" index="0" bw="1" slack="0"/>
</pin_list>
<bind>
<StgValue><ssdm name=""/></StgValue>
</bind>
</comp>

<comp id="28" class="1001" name="const_28">
<pin_list>
<pin id="29" dir="1" index="0" bw="1" slack="0"/>
</pin_list>
<bind>
<StgValue><ssdm name=""/></StgValue>
</bind>
</comp>

<comp id="30" class="1001" name="const_30">
<pin_list>
<pin id="31" dir="1" index="0" bw="1" slack="0"/>
</pin_list>
<bind>
<StgValue><ssdm name="_ssdm_op_PartSelect.i8.i32.i32.i32"/></StgValue>
</bind>
</comp>

<comp id="32" class="1001" name="const_32">
<pin_list>
<pin id="33" dir="1" index="0" bw="1" slack="0"/>
</pin_list>
<bind>
<StgValue><ssdm name=""/></StgValue>
</bind>
</comp>

<comp id="34" class="1001" name="const_34">
<pin_list>
<pin id="35" dir="1" index="0" bw="1" slack="0"/>
</pin_list>
<bind>
<StgValue><ssdm name=""/></StgValue>
</bind>
</comp>

<comp id="36" class="1001" name="const_36">
<pin_list>
<pin id="37" dir="1" index="0" bw="1" slack="0"/>
</pin_list>
<bind>
<StgValue><ssdm name=""/></StgValue>
</bind>
</comp>

<comp id="38" class="1001" name="const_38">
<pin_list>
<pin id="39" dir="1" index="0" bw="1" slack="0"/>
</pin_list>
<bind>
<StgValue><ssdm name=""/></StgValue>
</bind>
</comp>

<comp id="40" class="1001" name="const_40">
<pin_list>
<pin id="41" dir="1" index="0" bw="1" slack="2147483647"/>
</pin_list>
<bind>
<StgValue><ssdm name="_ssdm_op_SpecLoopName"/></StgValue>
</bind>
</comp>

<comp id="42" class="1001" name="const_42">
<pin_list>
<pin id="43" dir="1" index="0" bw="1" slack="2147483647"/>
</pin_list>
<bind>
<StgValue><ssdm name="VITIS_LOOP_266_5_VITIS_LOOP_267_6_str"/></StgValue>
</bind>
</comp>

<comp id="44" class="1001" name="const_44">
<pin_list>
<pin id="45" dir="1" index="0" bw="1" slack="2147483647"/>
</pin_list>
<bind>
<StgValue><ssdm name="_ssdm_op_SpecLoopTripCount"/></StgValue>
</bind>
</comp>

<comp id="46" class="1001" name="const_46">
<pin_list>
<pin id="47" dir="1" index="0" bw="1" slack="2147483647"/>
</pin_list>
<bind>
<StgValue><ssdm name=""/></StgValue>
</bind>
</comp>

<comp id="48" class="1001" name="const_48">
<pin_list>
<pin id="49" dir="1" index="0" bw="1" slack="2147483647"/>
</pin_list>
<bind>
<StgValue><ssdm name="_ssdm_op_SpecPipeline"/></StgValue>
</bind>
</comp>

<comp id="50" class="1001" name="const_50">
<pin_list>
<pin id="51" dir="1" index="0" bw="1" slack="2147483647"/>
</pin_list>
<bind>
<StgValue><ssdm name=""/></StgValue>
</bind>
</comp>

<comp id="52" class="1001" name="const_52">
<pin_list>
<pin id="53" dir="1" index="0" bw="1" slack="2147483647"/>
</pin_list>
<bind>
<StgValue><ssdm name="empty_22"/></StgValue>
</bind>
</comp>

<comp id="54" class="1004" name="c_fu_54">
<pin_list>
<pin id="55" dir="0" index="0" bw="1" slack="0"/>
<pin id="56" dir="1" index="1" bw="7" slack="0"/>
</pin_list>
<bind>
<opcode="alloca(26) " fcode="alloca"/>
<opset="c/1 "/>
</bind>
</comp>

<comp id="58" class="1004" name="t_fu_58">
<pin_list>
<pin id="59" dir="0" index="0" bw="1" slack="0"/>
<pin id="60" dir="1" index="1" bw="4" slack="0"/>
</pin_list>
<bind>
<opcode="alloca(26) " fcode="alloca"/>
<opset="t/1 "/>
</bind>
</comp>

<comp id="62" class="1004" name="indvar_flatten52_fu_62">
<pin_list>
<pin id="63" dir="0" index="0" bw="1" slack="0"/>
<pin id="64" dir="1" index="1" bw="10" slack="0"/>
</pin_list>
<bind>
<opcode="alloca(26) " fcode="alloca"/>
<opset="indvar_flatten52/1 "/>
</bind>
</comp>

<comp id="66" class="1004" name="tmp_addr_gep_fu_66">
<pin_list>
<pin id="67" dir="0" index="0" bw="32" slack="0"/>
<pin id="68" dir="0" index="1" bw="1" slack="0"/>
<pin id="69" dir="0" index="2" bw="11" slack="0"/>
<pin id="70" dir="1" index="3" bw="11" slack="0"/>
</pin_list>
<bind>
<opcode="getelementptr(29) " fcode="getelementptr"/>
<opset="tmp_addr/1 "/>
</bind>
</comp>

<comp id="73" class="1004" name="tmp_addr_1_gep_fu_73">
<pin_list>
<pin id="74" dir="0" index="0" bw="32" slack="0"/>
<pin id="75" dir="0" index="1" bw="1" slack="0"/>
<pin id="76" dir="0" index="2" bw="11" slack="0"/>
<pin id="77" dir="1" index="3" bw="11" slack="0"/>
</pin_list>
<bind>
<opcode="getelementptr(29) " fcode="getelementptr"/>
<opset="tmp_addr_1/1 "/>
</bind>
</comp>

<comp id="80" class="1004" name="grp_access_fu_80">
<pin_list>
<pin id="81" dir="0" index="0" bw="11" slack="0"/>
<pin id="82" dir="0" index="1" bw="32" slack="2147483647"/>
<pin id="83" dir="0" index="2" bw="0" slack="0"/>
<pin id="85" dir="0" index="4" bw="11" slack="2147483647"/>
<pin id="86" dir="0" index="5" bw="32" slack="0"/>
<pin id="87" dir="0" index="6" bw="0" slack="2147483647"/>
<pin id="89" dir="0" index="8" bw="11" slack="2147483647"/>
<pin id="90" dir="0" index="9" bw="32" slack="2147483647"/>
<pin id="91" dir="0" index="10" bw="0" slack="2147483647"/>
<pin id="84" dir="1" index="3" bw="32" slack="0"/>
<pin id="88" dir="1" index="7" bw="32" slack="0"/>
<pin id="92" dir="1" index="11" bw="32" slack="0"/>
</pin_list>
<bind>
<opcode="load(27) " fcode="load"/>
<opset="v0/1 v1/1 empty/3 "/>
</bind>
</comp>

<comp id="95" class="1004" name="tmp_addr_2_gep_fu_95">
<pin_list>
<pin id="96" dir="0" index="0" bw="32" slack="0"/>
<pin id="97" dir="0" index="1" bw="1" slack="0"/>
<pin id="98" dir="0" index="2" bw="11" slack="0"/>
<pin id="99" dir="1" index="3" bw="11" slack="0"/>
</pin_list>
<bind>
<opcode="getelementptr(29) " fcode="getelementptr"/>
<opset="tmp_addr_2/3 "/>
</bind>
</comp>

<comp id="103" class="1004" name="s4_out_addr_gep_fu_103">
<pin_list>
<pin id="104" dir="0" index="0" bw="32" slack="0"/>
<pin id="105" dir="0" index="1" bw="1" slack="0"/>
<pin id="106" dir="0" index="2" bw="10" slack="0"/>
<pin id="107" dir="1" index="3" bw="10" slack="0"/>
</pin_list>
<bind>
<opcode="getelementptr(29) " fcode="getelementptr"/>
<opset="s4_out_addr/4 "/>
</bind>
</comp>

<comp id="110" class="1004" name="store_ln271_access_fu_110">
<pin_list>
<pin id="111" dir="0" index="0" bw="10" slack="0"/>
<pin id="112" dir="0" index="1" bw="32" slack="0"/>
<pin id="113" dir="0" index="2" bw="0" slack="2147483647"/>
<pin id="114" dir="1" index="3" bw="32" slack="2147483647"/>
</pin_list>
<bind>
<opcode="store(28) " fcode="store"/>
<opset="store_ln271/4 "/>
</bind>
</comp>

<comp id="117" class="1004" name="grp_fu_117">
<pin_list>
<pin id="118" dir="0" index="0" bw="32" slack="0"/>
<pin id="119" dir="0" index="1" bw="32" slack="0"/>
<pin id="120" dir="1" index="2" bw="1" slack="0"/>
</pin_list>
<bind>
<opcode="fcmp(46) " fcode="fcmp"/>
<opset="tmp_8/2 "/>
</bind>
</comp>

<comp id="123" class="1004" name="store_ln0_store_fu_123">
<pin_list>
<pin id="124" dir="0" index="0" bw="1" slack="0"/>
<pin id="125" dir="0" index="1" bw="10" slack="0"/>
<pin id="126" dir="1" index="2" bw="0" slack="2147483647"/>
</pin_list>
<bind>
<opcode="store(28) " fcode="store"/>
<opset="store_ln0/1 "/>
</bind>
</comp>

<comp id="128" class="1004" name="store_ln266_store_fu_128">
<pin_list>
<pin id="129" dir="0" index="0" bw="1" slack="0"/>
<pin id="130" dir="0" index="1" bw="4" slack="0"/>
<pin id="131" dir="1" index="2" bw="0" slack="2147483647"/>
</pin_list>
<bind>
<opcode="store(28) " fcode="store"/>
<opset="store_ln266/1 "/>
</bind>
</comp>

<comp id="133" class="1004" name="store_ln267_store_fu_133">
<pin_list>
<pin id="134" dir="0" index="0" bw="1" slack="0"/>
<pin id="135" dir="0" index="1" bw="7" slack="0"/>
<pin id="136" dir="1" index="2" bw="0" slack="2147483647"/>
</pin_list>
<bind>
<opcode="store(28) " fcode="store"/>
<opset="store_ln267/1 "/>
</bind>
</comp>

<comp id="138" class="1004" name="indvar_flatten52_load_load_fu_138">
<pin_list>
<pin id="139" dir="0" index="0" bw="10" slack="0"/>
<pin id="140" dir="1" index="1" bw="10" slack="0"/>
</pin_list>
<bind>
<opcode="load(27) " fcode="load"/>
<opset="indvar_flatten52_load/1 "/>
</bind>
</comp>

<comp id="141" class="1004" name="icmp_ln266_fu_141">
<pin_list>
<pin id="142" dir="0" index="0" bw="10" slack="0"/>
<pin id="143" dir="0" index="1" bw="10" slack="0"/>
<pin id="144" dir="1" index="2" bw="1" slack="2"/>
</pin_list>
<bind>
<opcode="icmp(45) " fcode="icmp"/>
<opset="icmp_ln266/1 "/>
</bind>
</comp>

<comp id="147" class="1004" name="add_ln266_1_fu_147">
<pin_list>
<pin id="148" dir="0" index="0" bw="10" slack="0"/>
<pin id="149" dir="0" index="1" bw="1" slack="0"/>
<pin id="150" dir="1" index="2" bw="10" slack="0"/>
</pin_list>
<bind>
<opcode="add(8) " fcode="add"/>
<opset="add_ln266_1/1 "/>
</bind>
</comp>

<comp id="153" class="1004" name="c_load_load_fu_153">
<pin_list>
<pin id="154" dir="0" index="0" bw="7" slack="0"/>
<pin id="155" dir="1" index="1" bw="7" slack="0"/>
</pin_list>
<bind>
<opcode="load(27) " fcode="load"/>
<opset="c_load/1 "/>
</bind>
</comp>

<comp id="156" class="1004" name="t_load_load_fu_156">
<pin_list>
<pin id="157" dir="0" index="0" bw="4" slack="0"/>
<pin id="158" dir="1" index="1" bw="4" slack="0"/>
</pin_list>
<bind>
<opcode="load(27) " fcode="load"/>
<opset="t_load/1 "/>
</bind>
</comp>

<comp id="159" class="1004" name="add_ln266_fu_159">
<pin_list>
<pin id="160" dir="0" index="0" bw="4" slack="0"/>
<pin id="161" dir="0" index="1" bw="1" slack="0"/>
<pin id="162" dir="1" index="2" bw="4" slack="0"/>
</pin_list>
<bind>
<opcode="add(8) " fcode="add"/>
<opset="add_ln266/1 "/>
</bind>
</comp>

<comp id="165" class="1004" name="icmp_ln267_fu_165">
<pin_list>
<pin id="166" dir="0" index="0" bw="7" slack="0"/>
<pin id="167" dir="0" index="1" bw="7" slack="0"/>
<pin id="168" dir="1" index="2" bw="1" slack="0"/>
</pin_list>
<bind>
<opcode="icmp(45) " fcode="icmp"/>
<opset="icmp_ln267/1 "/>
</bind>
</comp>

<comp id="171" class="1004" name="select_ln266_fu_171">
<pin_list>
<pin id="172" dir="0" index="0" bw="1" slack="0"/>
<pin id="173" dir="0" index="1" bw="1" slack="0"/>
<pin id="174" dir="0" index="2" bw="7" slack="0"/>
<pin id="175" dir="1" index="3" bw="7" slack="0"/>
</pin_list>
<bind>
<opcode="select(49) " fcode="select"/>
<opset="select_ln266/1 "/>
</bind>
</comp>

<comp id="179" class="1004" name="select_ln266_1_fu_179">
<pin_list>
<pin id="180" dir="0" index="0" bw="1" slack="0"/>
<pin id="181" dir="0" index="1" bw="4" slack="0"/>
<pin id="182" dir="0" index="2" bw="4" slack="0"/>
<pin id="183" dir="1" index="3" bw="4" slack="0"/>
</pin_list>
<bind>
<opcode="select(49) " fcode="select"/>
<opset="select_ln266_1/1 "/>
</bind>
</comp>

<comp id="187" class="1004" name="tmp_s_fu_187">
<pin_list>
<pin id="188" dir="0" index="0" bw="10" slack="0"/>
<pin id="189" dir="0" index="1" bw="4" slack="0"/>
<pin id="190" dir="0" index="2" bw="1" slack="0"/>
<pin id="191" dir="1" index="3" bw="10" slack="0"/>
</pin_list>
<bind>
<opcode="bitconcatenate(1004) " fcode="bitconcatenate"/>
<opset="tmp_s/1 "/>
</bind>
</comp>

<comp id="195" class="1004" name="tmp_4_fu_195">
<pin_list>
<pin id="196" dir="0" index="0" bw="11" slack="0"/>
<pin id="197" dir="0" index="1" bw="4" slack="0"/>
<pin id="198" dir="0" index="2" bw="7" slack="0"/>
<pin id="199" dir="1" index="3" bw="11" slack="0"/>
</pin_list>
<bind>
<opcode="bitconcatenate(1004) " fcode="bitconcatenate"/>
<opset="tmp_4/1 "/>
</bind>
</comp>

<comp id="203" class="1004" name="zext_ln271_fu_203">
<pin_list>
<pin id="204" dir="0" index="0" bw="7" slack="0"/>
<pin id="205" dir="1" index="1" bw="11" slack="0"/>
</pin_list>
<bind>
<opcode="zext(34) " fcode="zext"/>
<opset="zext_ln271/1 "/>
</bind>
</comp>

<comp id="207" class="1004" name="zext_ln271_1_fu_207">
<pin_list>
<pin id="208" dir="0" index="0" bw="7" slack="0"/>
<pin id="209" dir="1" index="1" bw="10" slack="0"/>
</pin_list>
<bind>
<opcode="zext(34) " fcode="zext"/>
<opset="zext_ln271_1/1 "/>
</bind>
</comp>

<comp id="211" class="1004" name="add_ln271_fu_211">
<pin_list>
<pin id="212" dir="0" index="0" bw="10" slack="0"/>
<pin id="213" dir="0" index="1" bw="7" slack="0"/>
<pin id="214" dir="1" index="2" bw="10" slack="3"/>
</pin_list>
<bind>
<opcode="add(8) " fcode="add"/>
<opset="add_ln271/1 "/>
</bind>
</comp>

<comp id="217" class="1004" name="tmp_5_fu_217">
<pin_list>
<pin id="218" dir="0" index="0" bw="11" slack="0"/>
<pin id="219" dir="0" index="1" bw="4" slack="0"/>
<pin id="220" dir="0" index="2" bw="7" slack="0"/>
<pin id="221" dir="1" index="3" bw="11" slack="0"/>
</pin_list>
<bind>
<opcode="bitconcatenate(1004) " fcode="bitconcatenate"/>
<opset="tmp_5/1 "/>
</bind>
</comp>

<comp id="225" class="1004" name="zext_ln269_fu_225">
<pin_list>
<pin id="226" dir="0" index="0" bw="11" slack="0"/>
<pin id="227" dir="1" index="1" bw="64" slack="0"/>
</pin_list>
<bind>
<opcode="zext(34) " fcode="zext"/>
<opset="zext_ln269/1 "/>
</bind>
</comp>

<comp id="230" class="1004" name="add_ln270_fu_230">
<pin_list>
<pin id="231" dir="0" index="0" bw="11" slack="0"/>
<pin id="232" dir="0" index="1" bw="7" slack="0"/>
<pin id="233" dir="1" index="2" bw="11" slack="0"/>
</pin_list>
<bind>
<opcode="add(8) " fcode="add"/>
<opset="add_ln270/1 "/>
</bind>
</comp>

<comp id="236" class="1004" name="zext_ln270_fu_236">
<pin_list>
<pin id="237" dir="0" index="0" bw="11" slack="0"/>
<pin id="238" dir="1" index="1" bw="64" slack="0"/>
</pin_list>
<bind>
<opcode="zext(34) " fcode="zext"/>
<opset="zext_ln270/1 "/>
</bind>
</comp>

<comp id="241" class="1004" name="add_ln267_fu_241">
<pin_list>
<pin id="242" dir="0" index="0" bw="7" slack="0"/>
<pin id="243" dir="0" index="1" bw="1" slack="0"/>
<pin id="244" dir="1" index="2" bw="7" slack="0"/>
</pin_list>
<bind>
<opcode="add(8) " fcode="add"/>
<opset="add_ln267/1 "/>
</bind>
</comp>

<comp id="247" class="1004" name="store_ln266_store_fu_247">
<pin_list>
<pin id="248" dir="0" index="0" bw="10" slack="0"/>
<pin id="249" dir="0" index="1" bw="10" slack="0"/>
<pin id="250" dir="1" index="2" bw="0" slack="2147483647"/>
</pin_list>
<bind>
<opcode="store(28) " fcode="store"/>
<opset="store_ln266/1 "/>
</bind>
</comp>

<comp id="252" class="1004" name="store_ln266_store_fu_252">
<pin_list>
<pin id="253" dir="0" index="0" bw="4" slack="0"/>
<pin id="254" dir="0" index="1" bw="4" slack="0"/>
<pin id="255" dir="1" index="2" bw="0" slack="2147483647"/>
</pin_list>
<bind>
<opcode="store(28) " fcode="store"/>
<opset="store_ln266/1 "/>
</bind>
</comp>

<comp id="257" class="1004" name="store_ln267_store_fu_257">
<pin_list>
<pin id="258" dir="0" index="0" bw="7" slack="0"/>
<pin id="259" dir="0" index="1" bw="7" slack="0"/>
<pin id="260" dir="1" index="2" bw="0" slack="2147483647"/>
</pin_list>
<bind>
<opcode="store(28) " fcode="store"/>
<opset="store_ln267/1 "/>
</bind>
</comp>

<comp id="262" class="1004" name="bitcast_ln271_fu_262">
<pin_list>
<pin id="263" dir="0" index="0" bw="32" slack="0"/>
<pin id="264" dir="1" index="1" bw="32" slack="0"/>
</pin_list>
<bind>
<opcode="bitcast(44) " fcode="bitcast"/>
<opset="bitcast_ln271/2 "/>
</bind>
</comp>

<comp id="266" class="1004" name="tmp_6_fu_266">
<pin_list>
<pin id="267" dir="0" index="0" bw="8" slack="0"/>
<pin id="268" dir="0" index="1" bw="32" slack="0"/>
<pin id="269" dir="0" index="2" bw="6" slack="0"/>
<pin id="270" dir="0" index="3" bw="6" slack="0"/>
<pin id="271" dir="1" index="4" bw="8" slack="0"/>
</pin_list>
<bind>
<opcode="partselect(1002) " fcode="partselect"/>
<opset="tmp_6/2 "/>
</bind>
</comp>

<comp id="276" class="1004" name="trunc_ln271_fu_276">
<pin_list>
<pin id="277" dir="0" index="0" bw="32" slack="0"/>
<pin id="278" dir="1" index="1" bw="23" slack="0"/>
</pin_list>
<bind>
<opcode="trunc(33) " fcode="trunc"/>
<opset="trunc_ln271/2 "/>
</bind>
</comp>

<comp id="280" class="1004" name="bitcast_ln271_1_fu_280">
<pin_list>
<pin id="281" dir="0" index="0" bw="32" slack="0"/>
<pin id="282" dir="1" index="1" bw="32" slack="0"/>
</pin_list>
<bind>
<opcode="bitcast(44) " fcode="bitcast"/>
<opset="bitcast_ln271_1/2 "/>
</bind>
</comp>

<comp id="284" class="1004" name="tmp_7_fu_284">
<pin_list>
<pin id="285" dir="0" index="0" bw="8" slack="0"/>
<pin id="286" dir="0" index="1" bw="32" slack="0"/>
<pin id="287" dir="0" index="2" bw="6" slack="0"/>
<pin id="288" dir="0" index="3" bw="6" slack="0"/>
<pin id="289" dir="1" index="4" bw="8" slack="0"/>
</pin_list>
<bind>
<opcode="partselect(1002) " fcode="partselect"/>
<opset="tmp_7/2 "/>
</bind>
</comp>

<comp id="294" class="1004" name="trunc_ln271_1_fu_294">
<pin_list>
<pin id="295" dir="0" index="0" bw="32" slack="0"/>
<pin id="296" dir="1" index="1" bw="23" slack="0"/>
</pin_list>
<bind>
<opcode="trunc(33) " fcode="trunc"/>
<opset="trunc_ln271_1/2 "/>
</bind>
</comp>

<comp id="298" class="1004" name="icmp_ln271_fu_298">
<pin_list>
<pin id="299" dir="0" index="0" bw="8" slack="0"/>
<pin id="300" dir="0" index="1" bw="1" slack="0"/>
<pin id="301" dir="1" index="2" bw="1" slack="1"/>
</pin_list>
<bind>
<opcode="icmp(45) " fcode="icmp"/>
<opset="icmp_ln271/2 "/>
</bind>
</comp>

<comp id="304" class="1004" name="icmp_ln271_1_fu_304">
<pin_list>
<pin id="305" dir="0" index="0" bw="23" slack="0"/>
<pin id="306" dir="0" index="1" bw="1" slack="0"/>
<pin id="307" dir="1" index="2" bw="1" slack="1"/>
</pin_list>
<bind>
<opcode="icmp(45) " fcode="icmp"/>
<opset="icmp_ln271_1/2 "/>
</bind>
</comp>

<comp id="310" class="1004" name="icmp_ln271_2_fu_310">
<pin_list>
<pin id="311" dir="0" index="0" bw="8" slack="0"/>
<pin id="312" dir="0" index="1" bw="1" slack="0"/>
<pin id="313" dir="1" index="2" bw="1" slack="1"/>
</pin_list>
<bind>
<opcode="icmp(45) " fcode="icmp"/>
<opset="icmp_ln271_2/2 "/>
</bind>
</comp>

<comp id="316" class="1004" name="icmp_ln271_3_fu_316">
<pin_list>
<pin id="317" dir="0" index="0" bw="23" slack="0"/>
<pin id="318" dir="0" index="1" bw="1" slack="0"/>
<pin id="319" dir="1" index="2" bw="1" slack="1"/>
</pin_list>
<bind>
<opcode="icmp(45) " fcode="icmp"/>
<opset="icmp_ln271_3/2 "/>
</bind>
</comp>

<comp id="322" class="1004" name="or_ln271_fu_322">
<pin_list>
<pin id="323" dir="0" index="0" bw="1" slack="1"/>
<pin id="324" dir="0" index="1" bw="1" slack="1"/>
<pin id="325" dir="1" index="2" bw="1" slack="0"/>
</pin_list>
<bind>
<opcode="or(24) " fcode="or"/>
<opset="or_ln271/3 "/>
</bind>
</comp>

<comp id="326" class="1004" name="or_ln271_1_fu_326">
<pin_list>
<pin id="327" dir="0" index="0" bw="1" slack="1"/>
<pin id="328" dir="0" index="1" bw="1" slack="1"/>
<pin id="329" dir="1" index="2" bw="1" slack="0"/>
</pin_list>
<bind>
<opcode="or(24) " fcode="or"/>
<opset="or_ln271_1/3 "/>
</bind>
</comp>

<comp id="330" class="1004" name="and_ln271_fu_330">
<pin_list>
<pin id="331" dir="0" index="0" bw="1" slack="0"/>
<pin id="332" dir="0" index="1" bw="1" slack="0"/>
<pin id="333" dir="1" index="2" bw="1" slack="0"/>
</pin_list>
<bind>
<opcode="and(23) " fcode="and"/>
<opset="and_ln271/3 "/>
</bind>
</comp>

<comp id="336" class="1004" name="and_ln271_1_fu_336">
<pin_list>
<pin id="337" dir="0" index="0" bw="1" slack="0"/>
<pin id="338" dir="0" index="1" bw="1" slack="0"/>
<pin id="339" dir="1" index="2" bw="1" slack="0"/>
</pin_list>
<bind>
<opcode="and(23) " fcode="and"/>
<opset="and_ln271_1/3 "/>
</bind>
</comp>

<comp id="342" class="1004" name="select_ln271_fu_342">
<pin_list>
<pin id="343" dir="0" index="0" bw="1" slack="0"/>
<pin id="344" dir="0" index="1" bw="11" slack="2"/>
<pin id="345" dir="0" index="2" bw="11" slack="2"/>
<pin id="346" dir="1" index="3" bw="11" slack="0"/>
</pin_list>
<bind>
<opcode="select(49) " fcode="select"/>
<opset="select_ln271/3 "/>
</bind>
</comp>

<comp id="348" class="1004" name="zext_ln269_1_fu_348">
<pin_list>
<pin id="349" dir="0" index="0" bw="11" slack="0"/>
<pin id="350" dir="1" index="1" bw="64" slack="0"/>
</pin_list>
<bind>
<opcode="zext(34) " fcode="zext"/>
<opset="zext_ln269_1/3 "/>
</bind>
</comp>

<comp id="353" class="1004" name="zext_ln271_2_fu_353">
<pin_list>
<pin id="354" dir="0" index="0" bw="10" slack="3"/>
<pin id="355" dir="1" index="1" bw="64" slack="0"/>
</pin_list>
<bind>
<opcode="zext(34) " fcode="zext"/>
<opset="zext_ln271_2/4 "/>
</bind>
</comp>

<comp id="357" class="1005" name="c_reg_357">
<pin_list>
<pin id="358" dir="0" index="0" bw="7" slack="0"/>
<pin id="359" dir="1" index="1" bw="7" slack="0"/>
</pin_list>
<bind>
<opset="c "/>
</bind>
</comp>

<comp id="364" class="1005" name="t_reg_364">
<pin_list>
<pin id="365" dir="0" index="0" bw="4" slack="0"/>
<pin id="366" dir="1" index="1" bw="4" slack="0"/>
</pin_list>
<bind>
<opset="t "/>
</bind>
</comp>

<comp id="371" class="1005" name="indvar_flatten52_reg_371">
<pin_list>
<pin id="372" dir="0" index="0" bw="10" slack="0"/>
<pin id="373" dir="1" index="1" bw="10" slack="0"/>
</pin_list>
<bind>
<opset="indvar_flatten52 "/>
</bind>
</comp>

<comp id="378" class="1005" name="icmp_ln266_reg_378">
<pin_list>
<pin id="379" dir="0" index="0" bw="1" slack="2"/>
<pin id="380" dir="1" index="1" bw="1" slack="2147483647"/>
</pin_list>
<bind>
<opset="icmp_ln266 "/>
</bind>
</comp>

<comp id="382" class="1005" name="add_ln271_reg_382">
<pin_list>
<pin id="383" dir="0" index="0" bw="10" slack="3"/>
<pin id="384" dir="1" index="1" bw="10" slack="3"/>
</pin_list>
<bind>
<opset="add_ln271 "/>
</bind>
</comp>

<comp id="387" class="1005" name="tmp_5_reg_387">
<pin_list>
<pin id="388" dir="0" index="0" bw="11" slack="2"/>
<pin id="389" dir="1" index="1" bw="11" slack="2"/>
</pin_list>
<bind>
<opset="tmp_5 "/>
</bind>
</comp>

<comp id="392" class="1005" name="tmp_addr_reg_392">
<pin_list>
<pin id="393" dir="0" index="0" bw="11" slack="1"/>
<pin id="394" dir="1" index="1" bw="11" slack="1"/>
</pin_list>
<bind>
<opset="tmp_addr "/>
</bind>
</comp>

<comp id="397" class="1005" name="add_ln270_reg_397">
<pin_list>
<pin id="398" dir="0" index="0" bw="11" slack="2"/>
<pin id="399" dir="1" index="1" bw="11" slack="2"/>
</pin_list>
<bind>
<opset="add_ln270 "/>
</bind>
</comp>

<comp id="402" class="1005" name="tmp_addr_1_reg_402">
<pin_list>
<pin id="403" dir="0" index="0" bw="11" slack="1"/>
<pin id="404" dir="1" index="1" bw="11" slack="1"/>
</pin_list>
<bind>
<opset="tmp_addr_1 "/>
</bind>
</comp>

<comp id="407" class="1005" name="v0_reg_407">
<pin_list>
<pin id="408" dir="0" index="0" bw="32" slack="1"/>
<pin id="409" dir="1" index="1" bw="32" slack="1"/>
</pin_list>
<bind>
<opset="v0 "/>
</bind>
</comp>

<comp id="412" class="1005" name="v1_reg_412">
<pin_list>
<pin id="413" dir="0" index="0" bw="32" slack="1"/>
<pin id="414" dir="1" index="1" bw="32" slack="1"/>
</pin_list>
<bind>
<opset="v1 "/>
</bind>
</comp>

<comp id="417" class="1005" name="icmp_ln271_reg_417">
<pin_list>
<pin id="418" dir="0" index="0" bw="1" slack="1"/>
<pin id="419" dir="1" index="1" bw="1" slack="1"/>
</pin_list>
<bind>
<opset="icmp_ln271 "/>
</bind>
</comp>

<comp id="422" class="1005" name="icmp_ln271_1_reg_422">
<pin_list>
<pin id="423" dir="0" index="0" bw="1" slack="1"/>
<pin id="424" dir="1" index="1" bw="1" slack="1"/>
</pin_list>
<bind>
<opset="icmp_ln271_1 "/>
</bind>
</comp>

<comp id="427" class="1005" name="icmp_ln271_2_reg_427">
<pin_list>
<pin id="428" dir="0" index="0" bw="1" slack="1"/>
<pin id="429" dir="1" index="1" bw="1" slack="1"/>
</pin_list>
<bind>
<opset="icmp_ln271_2 "/>
</bind>
</comp>

<comp id="432" class="1005" name="icmp_ln271_3_reg_432">
<pin_list>
<pin id="433" dir="0" index="0" bw="1" slack="1"/>
<pin id="434" dir="1" index="1" bw="1" slack="1"/>
</pin_list>
<bind>
<opset="icmp_ln271_3 "/>
</bind>
</comp>

<comp id="437" class="1005" name="tmp_addr_2_reg_437">
<pin_list>
<pin id="438" dir="0" index="0" bw="11" slack="1"/>
<pin id="439" dir="1" index="1" bw="11" slack="1"/>
</pin_list>
<bind>
<opset="tmp_addr_2 "/>
</bind>
</comp>

</comp_list>

<net_list>
<net id="57"><net_src comp="4" pin="0"/><net_sink comp="54" pin=0"/></net>

<net id="61"><net_src comp="4" pin="0"/><net_sink comp="58" pin=0"/></net>

<net id="65"><net_src comp="4" pin="0"/><net_sink comp="62" pin=0"/></net>

<net id="71"><net_src comp="0" pin="0"/><net_sink comp="66" pin=0"/></net>

<net id="72"><net_src comp="26" pin="0"/><net_sink comp="66" pin=1"/></net>

<net id="78"><net_src comp="0" pin="0"/><net_sink comp="73" pin=0"/></net>

<net id="79"><net_src comp="26" pin="0"/><net_sink comp="73" pin=1"/></net>

<net id="93"><net_src comp="66" pin="3"/><net_sink comp="80" pin=5"/></net>

<net id="94"><net_src comp="73" pin="3"/><net_sink comp="80" pin=2"/></net>

<net id="100"><net_src comp="0" pin="0"/><net_sink comp="95" pin=0"/></net>

<net id="101"><net_src comp="26" pin="0"/><net_sink comp="95" pin=1"/></net>

<net id="102"><net_src comp="95" pin="3"/><net_sink comp="80" pin=0"/></net>

<net id="108"><net_src comp="2" pin="0"/><net_sink comp="103" pin=0"/></net>

<net id="109"><net_src comp="26" pin="0"/><net_sink comp="103" pin=1"/></net>

<net id="115"><net_src comp="80" pin="3"/><net_sink comp="110" pin=1"/></net>

<net id="116"><net_src comp="103" pin="3"/><net_sink comp="110" pin=0"/></net>

<net id="121"><net_src comp="80" pin="11"/><net_sink comp="117" pin=0"/></net>

<net id="122"><net_src comp="80" pin="7"/><net_sink comp="117" pin=1"/></net>

<net id="127"><net_src comp="6" pin="0"/><net_sink comp="123" pin=0"/></net>

<net id="132"><net_src comp="8" pin="0"/><net_sink comp="128" pin=0"/></net>

<net id="137"><net_src comp="10" pin="0"/><net_sink comp="133" pin=0"/></net>

<net id="145"><net_src comp="138" pin="1"/><net_sink comp="141" pin=0"/></net>

<net id="146"><net_src comp="12" pin="0"/><net_sink comp="141" pin=1"/></net>

<net id="151"><net_src comp="138" pin="1"/><net_sink comp="147" pin=0"/></net>

<net id="152"><net_src comp="14" pin="0"/><net_sink comp="147" pin=1"/></net>

<net id="163"><net_src comp="156" pin="1"/><net_sink comp="159" pin=0"/></net>

<net id="164"><net_src comp="16" pin="0"/><net_sink comp="159" pin=1"/></net>

<net id="169"><net_src comp="153" pin="1"/><net_sink comp="165" pin=0"/></net>

<net id="170"><net_src comp="18" pin="0"/><net_sink comp="165" pin=1"/></net>

<net id="176"><net_src comp="165" pin="2"/><net_sink comp="171" pin=0"/></net>

<net id="177"><net_src comp="10" pin="0"/><net_sink comp="171" pin=1"/></net>

<net id="178"><net_src comp="153" pin="1"/><net_sink comp="171" pin=2"/></net>

<net id="184"><net_src comp="165" pin="2"/><net_sink comp="179" pin=0"/></net>

<net id="185"><net_src comp="159" pin="2"/><net_sink comp="179" pin=1"/></net>

<net id="186"><net_src comp="156" pin="1"/><net_sink comp="179" pin=2"/></net>

<net id="192"><net_src comp="20" pin="0"/><net_sink comp="187" pin=0"/></net>

<net id="193"><net_src comp="179" pin="3"/><net_sink comp="187" pin=1"/></net>

<net id="194"><net_src comp="22" pin="0"/><net_sink comp="187" pin=2"/></net>

<net id="200"><net_src comp="24" pin="0"/><net_sink comp="195" pin=0"/></net>

<net id="201"><net_src comp="179" pin="3"/><net_sink comp="195" pin=1"/></net>

<net id="202"><net_src comp="18" pin="0"/><net_sink comp="195" pin=2"/></net>

<net id="206"><net_src comp="171" pin="3"/><net_sink comp="203" pin=0"/></net>

<net id="210"><net_src comp="171" pin="3"/><net_sink comp="207" pin=0"/></net>

<net id="215"><net_src comp="187" pin="3"/><net_sink comp="211" pin=0"/></net>

<net id="216"><net_src comp="207" pin="1"/><net_sink comp="211" pin=1"/></net>

<net id="222"><net_src comp="24" pin="0"/><net_sink comp="217" pin=0"/></net>

<net id="223"><net_src comp="179" pin="3"/><net_sink comp="217" pin=1"/></net>

<net id="224"><net_src comp="171" pin="3"/><net_sink comp="217" pin=2"/></net>

<net id="228"><net_src comp="217" pin="3"/><net_sink comp="225" pin=0"/></net>

<net id="229"><net_src comp="225" pin="1"/><net_sink comp="66" pin=2"/></net>

<net id="234"><net_src comp="195" pin="3"/><net_sink comp="230" pin=0"/></net>

<net id="235"><net_src comp="203" pin="1"/><net_sink comp="230" pin=1"/></net>

<net id="239"><net_src comp="230" pin="2"/><net_sink comp="236" pin=0"/></net>

<net id="240"><net_src comp="236" pin="1"/><net_sink comp="73" pin=2"/></net>

<net id="245"><net_src comp="171" pin="3"/><net_sink comp="241" pin=0"/></net>

<net id="246"><net_src comp="28" pin="0"/><net_sink comp="241" pin=1"/></net>

<net id="251"><net_src comp="147" pin="2"/><net_sink comp="247" pin=0"/></net>

<net id="256"><net_src comp="179" pin="3"/><net_sink comp="252" pin=0"/></net>

<net id="261"><net_src comp="241" pin="2"/><net_sink comp="257" pin=0"/></net>

<net id="265"><net_src comp="80" pin="11"/><net_sink comp="262" pin=0"/></net>

<net id="272"><net_src comp="30" pin="0"/><net_sink comp="266" pin=0"/></net>

<net id="273"><net_src comp="262" pin="1"/><net_sink comp="266" pin=1"/></net>

<net id="274"><net_src comp="32" pin="0"/><net_sink comp="266" pin=2"/></net>

<net id="275"><net_src comp="34" pin="0"/><net_sink comp="266" pin=3"/></net>

<net id="279"><net_src comp="262" pin="1"/><net_sink comp="276" pin=0"/></net>

<net id="283"><net_src comp="80" pin="7"/><net_sink comp="280" pin=0"/></net>

<net id="290"><net_src comp="30" pin="0"/><net_sink comp="284" pin=0"/></net>

<net id="291"><net_src comp="280" pin="1"/><net_sink comp="284" pin=1"/></net>

<net id="292"><net_src comp="32" pin="0"/><net_sink comp="284" pin=2"/></net>

<net id="293"><net_src comp="34" pin="0"/><net_sink comp="284" pin=3"/></net>

<net id="297"><net_src comp="280" pin="1"/><net_sink comp="294" pin=0"/></net>

<net id="302"><net_src comp="266" pin="4"/><net_sink comp="298" pin=0"/></net>

<net id="303"><net_src comp="36" pin="0"/><net_sink comp="298" pin=1"/></net>

<net id="308"><net_src comp="276" pin="1"/><net_sink comp="304" pin=0"/></net>

<net id="309"><net_src comp="38" pin="0"/><net_sink comp="304" pin=1"/></net>

<net id="314"><net_src comp="284" pin="4"/><net_sink comp="310" pin=0"/></net>

<net id="315"><net_src comp="36" pin="0"/><net_sink comp="310" pin=1"/></net>

<net id="320"><net_src comp="294" pin="1"/><net_sink comp="316" pin=0"/></net>

<net id="321"><net_src comp="38" pin="0"/><net_sink comp="316" pin=1"/></net>

<net id="334"><net_src comp="322" pin="2"/><net_sink comp="330" pin=0"/></net>

<net id="335"><net_src comp="326" pin="2"/><net_sink comp="330" pin=1"/></net>

<net id="340"><net_src comp="330" pin="2"/><net_sink comp="336" pin=0"/></net>

<net id="341"><net_src comp="117" pin="2"/><net_sink comp="336" pin=1"/></net>

<net id="347"><net_src comp="336" pin="2"/><net_sink comp="342" pin=0"/></net>

<net id="351"><net_src comp="342" pin="3"/><net_sink comp="348" pin=0"/></net>

<net id="352"><net_src comp="348" pin="1"/><net_sink comp="95" pin=2"/></net>

<net id="356"><net_src comp="353" pin="1"/><net_sink comp="103" pin=2"/></net>

<net id="360"><net_src comp="54" pin="1"/><net_sink comp="357" pin=0"/></net>

<net id="361"><net_src comp="357" pin="1"/><net_sink comp="133" pin=1"/></net>

<net id="362"><net_src comp="357" pin="1"/><net_sink comp="153" pin=0"/></net>

<net id="363"><net_src comp="357" pin="1"/><net_sink comp="257" pin=1"/></net>

<net id="367"><net_src comp="58" pin="1"/><net_sink comp="364" pin=0"/></net>

<net id="368"><net_src comp="364" pin="1"/><net_sink comp="128" pin=1"/></net>

<net id="369"><net_src comp="364" pin="1"/><net_sink comp="156" pin=0"/></net>

<net id="370"><net_src comp="364" pin="1"/><net_sink comp="252" pin=1"/></net>

<net id="374"><net_src comp="62" pin="1"/><net_sink comp="371" pin=0"/></net>

<net id="375"><net_src comp="371" pin="1"/><net_sink comp="123" pin=1"/></net>

<net id="376"><net_src comp="371" pin="1"/><net_sink comp="138" pin=0"/></net>

<net id="377"><net_src comp="371" pin="1"/><net_sink comp="247" pin=1"/></net>

<net id="381"><net_src comp="141" pin="2"/><net_sink comp="378" pin=0"/></net>

<net id="385"><net_src comp="211" pin="2"/><net_sink comp="382" pin=0"/></net>

<net id="386"><net_src comp="382" pin="1"/><net_sink comp="353" pin=0"/></net>

<net id="390"><net_src comp="217" pin="3"/><net_sink comp="387" pin=0"/></net>

<net id="391"><net_src comp="387" pin="1"/><net_sink comp="342" pin=1"/></net>

<net id="395"><net_src comp="66" pin="3"/><net_sink comp="392" pin=0"/></net>

<net id="396"><net_src comp="392" pin="1"/><net_sink comp="80" pin=5"/></net>

<net id="400"><net_src comp="230" pin="2"/><net_sink comp="397" pin=0"/></net>

<net id="401"><net_src comp="397" pin="1"/><net_sink comp="342" pin=2"/></net>

<net id="405"><net_src comp="73" pin="3"/><net_sink comp="402" pin=0"/></net>

<net id="406"><net_src comp="402" pin="1"/><net_sink comp="80" pin=2"/></net>

<net id="410"><net_src comp="80" pin="11"/><net_sink comp="407" pin=0"/></net>

<net id="411"><net_src comp="407" pin="1"/><net_sink comp="117" pin=0"/></net>

<net id="415"><net_src comp="80" pin="7"/><net_sink comp="412" pin=0"/></net>

<net id="416"><net_src comp="412" pin="1"/><net_sink comp="117" pin=1"/></net>

<net id="420"><net_src comp="298" pin="2"/><net_sink comp="417" pin=0"/></net>

<net id="421"><net_src comp="417" pin="1"/><net_sink comp="322" pin=1"/></net>

<net id="425"><net_src comp="304" pin="2"/><net_sink comp="422" pin=0"/></net>

<net id="426"><net_src comp="422" pin="1"/><net_sink comp="322" pin=0"/></net>

<net id="430"><net_src comp="310" pin="2"/><net_sink comp="427" pin=0"/></net>

<net id="431"><net_src comp="427" pin="1"/><net_sink comp="326" pin=1"/></net>

<net id="435"><net_src comp="316" pin="2"/><net_sink comp="432" pin=0"/></net>

<net id="436"><net_src comp="432" pin="1"/><net_sink comp="326" pin=0"/></net>

<net id="440"><net_src comp="95" pin="3"/><net_sink comp="437" pin=0"/></net>

<net id="441"><net_src comp="437" pin="1"/><net_sink comp="80" pin=0"/></net>

</net_list>

</model> 
---------------- Datapath Model END ------------------

* FSMD analyzer results:
  - Output states:
	Port: s4_out | {4 }
 - Input state : 
	Port: ecg_cnn_top_Pipeline_VITIS_LOOP_266_5_VITIS_LOOP_267_6 : tmp | {1 2 3 4 }
  - Chain level:
	State 1
		store_ln0 : 1
		store_ln266 : 1
		store_ln267 : 1
		indvar_flatten52_load : 1
		icmp_ln266 : 2
		add_ln266_1 : 2
		br_ln266 : 3
		c_load : 1
		t_load : 1
		add_ln266 : 2
		icmp_ln267 : 2
		select_ln266 : 3
		select_ln266_1 : 3
		tmp_s : 4
		tmp_4 : 4
		zext_ln271 : 4
		zext_ln271_1 : 4
		add_ln271 : 5
		tmp_5 : 4
		zext_ln269 : 5
		tmp_addr : 6
		add_ln270 : 5
		zext_ln270 : 6
		tmp_addr_1 : 7
		v0 : 7
		v1 : 8
		add_ln267 : 4
		store_ln266 : 3
		store_ln266 : 4
		store_ln267 : 5
	State 2
		bitcast_ln271 : 1
		tmp_6 : 2
		trunc_ln271 : 2
		bitcast_ln271_1 : 1
		tmp_7 : 2
		trunc_ln271_1 : 2
		icmp_ln271 : 3
		icmp_ln271_1 : 3
		icmp_ln271_2 : 3
		icmp_ln271_3 : 3
		tmp_8 : 1
	State 3
		zext_ln269_1 : 1
		tmp_addr_2 : 2
		empty : 3
	State 4
		s4_out_addr : 1
		store_ln271 : 2


============================================================
+ Verbose Summary: Datapath Resource usage 
============================================================

* Functional unit list:
|----------|-----------------------|---------|---------|
| Operation|    Functional Unit    |    FF   |   LUT   |
|----------|-----------------------|---------|---------|
|          |   icmp_ln266_fu_141   |    0    |    13   |
|          |   icmp_ln267_fu_165   |    0    |    14   |
|   icmp   |   icmp_ln271_fu_298   |    0    |    15   |
|          |  icmp_ln271_1_fu_304  |    0    |    30   |
|          |  icmp_ln271_2_fu_310  |    0    |    15   |
|          |  icmp_ln271_3_fu_316  |    0    |    30   |
|----------|-----------------------|---------|---------|
|          |   add_ln266_1_fu_147  |    0    |    13   |
|          |    add_ln266_fu_159   |    0    |    13   |
|    add   |    add_ln271_fu_211   |    0    |    13   |
|          |    add_ln270_fu_230   |    0    |    12   |
|          |    add_ln267_fu_241   |    0    |    14   |
|----------|-----------------------|---------|---------|
|          |  select_ln266_fu_171  |    0    |    7    |
|  select  | select_ln266_1_fu_179 |    0    |    4    |
|          |  select_ln271_fu_342  |    0    |    11   |
|----------|-----------------------|---------|---------|
|    or    |    or_ln271_fu_322    |    0    |    2    |
|          |   or_ln271_1_fu_326   |    0    |    2    |
|----------|-----------------------|---------|---------|
|    and   |    and_ln271_fu_330   |    0    |    2    |
|          |   and_ln271_1_fu_336  |    0    |    2    |
|----------|-----------------------|---------|---------|
|   fcmp   |       grp_fu_117      |    0    |    0    |
|----------|-----------------------|---------|---------|
|          |      tmp_s_fu_187     |    0    |    0    |
|bitconcatenate|      tmp_4_fu_195     |    0    |    0    |
|          |      tmp_5_fu_217     |    0    |    0    |
|----------|-----------------------|---------|---------|
|          |   zext_ln271_fu_203   |    0    |    0    |
|          |  zext_ln271_1_fu_207  |    0    |    0    |
|   zext   |   zext_ln269_fu_225   |    0    |    0    |
|          |   zext_ln270_fu_236   |    0    |    0    |
|          |  zext_ln269_1_fu_348  |    0    |    0    |
|          |  zext_ln271_2_fu_353  |    0    |    0    |
|----------|-----------------------|---------|---------|
|partselect|      tmp_6_fu_266     |    0    |    0    |
|          |      tmp_7_fu_284     |    0    |    0    |
|----------|-----------------------|---------|---------|
|   trunc  |   trunc_ln271_fu_276  |    0    |    0    |
|          |  trunc_ln271_1_fu_294 |    0    |    0    |
|----------|-----------------------|---------|---------|
|   Total  |                       |    0    |   212   |
|----------|-----------------------|---------|---------|

Memories:
N/A

* Register list:
+------------------------+--------+
|                        |   FF   |
+------------------------+--------+
|    add_ln270_reg_397   |   11   |
|    add_ln271_reg_382   |   10   |
|        c_reg_357       |    7   |
|   icmp_ln266_reg_378   |    1   |
|  icmp_ln271_1_reg_422  |    1   |
|  icmp_ln271_2_reg_427  |    1   |
|  icmp_ln271_3_reg_432  |    1   |
|   icmp_ln271_reg_417   |    1   |
|indvar_flatten52_reg_371|   10   |
|        t_reg_364       |    4   |
|      tmp_5_reg_387     |   11   |
|   tmp_addr_1_reg_402   |   11   |
|   tmp_addr_2_reg_437   |   11   |
|    tmp_addr_reg_392    |   11   |
|       v0_reg_407       |   32   |
|       v1_reg_412       |   32   |
+------------------------+--------+
|          Total         |   155  |
+------------------------+--------+

* Multiplexer (MUX) list: 
|------------------|------|------|------|--------||---------||---------||---------|
|       Comp       |  Pin | Size |  BW  | S x BW ||  Delay  ||    FF   ||   LUT   |
|------------------|------|------|------|--------||---------||---------||---------|
| grp_access_fu_80 |  p0  |   2  |  11  |   22   ||    0    ||    9    |
| grp_access_fu_80 |  p2  |   2  |   0  |    0   ||    0    ||    9    |
| grp_access_fu_80 |  p5  |   2  |  32  |   64   ||    0    ||    9    |
|    grp_fu_117    |  p0  |   2  |  32  |   64   ||    0    ||    9    |
|    grp_fu_117    |  p1  |   2  |  32  |   64   ||    0    ||    9    |
|------------------|------|------|------|--------||---------||---------||---------|
|       Total      |      |      |      |   214  ||   7.94  ||    0    ||    45   |
|------------------|------|------|------|--------||---------||---------||---------|



* Summary:
+-----------+--------+--------+--------+
|           |  Delay |   FF   |   LUT  |
+-----------+--------+--------+--------+
|  Function |    -   |    0   |   212  |
|   Memory  |    -   |    -   |    -   |
|Multiplexer|    7   |    0   |   45   |
|  Register |    -   |   155  |    -   |
+-----------+--------+--------+--------+
|   Total   |    7   |   155  |   257  |
+-----------+--------+--------+--------+
