

================================================================
== Vitis HLS Report for 'ecg_cnn_top_Pipeline_VITIS_LOOP_336_3'
================================================================
* Date:           Tue Mar 31 12:28:01 2026

* Version:        2025.1 (Build 6135595 on May 21 2025)
* Project:        ecg_cnn_top
* Solution:       hls (Vivado IP Flow Target)
* Product family: zynq
* Target device:  xc7z020-clg400-1


================================================================
== Performance Estimates
================================================================
+ Timing: 
    * Summary: 
    +--------+----------+----------+------------+
    |  Clock |  Target  | Estimated| Uncertainty|
    +--------+----------+----------+------------+
    |ap_clk  |  15.00 ns|  8.695 ns|     4.05 ns|
    +--------+----------+----------+------------+

+ Latency: 
    * Summary: 
    +---------+---------+----------+----------+-----+-----+------------------------------------------------+
    |  Latency (cycles) |  Latency (absolute) |  Interval |                    Pipeline                    |
    |   min   |   max   |    min   |    max   | min | max |                      Type                      |
    +---------+---------+----------+----------+-----+-----+------------------------------------------------+
    |       10|       10|  0.150 us|  0.150 us|    9|    9|  loop auto-rewind stp (delay=0 clock cycles(s))|
    +---------+---------+----------+----------+-----+-----+------------------------------------------------+

    + Detail: 
        * Instance: 
        N/A

        * Loop: 
        +--------------------+---------+---------+----------+-----------+-----------+------+----------+
        |                    |  Latency (cycles) | Iteration|  Initiation Interval  | Trip |          |
        |      Loop Name     |   min   |   max   |  Latency |  achieved |   target  | Count| Pipelined|
        +--------------------+---------+---------+----------+-----------+-----------+------+----------+
        |- VITIS_LOOP_336_3  |        8|        8|         2|          2|          1|     4|       yes|
        +--------------------+---------+---------+----------+-----------+-----------+------+----------+

============================================================
+ Verbose Summary: Synthesis Manager
============================================================
InlineROM: 1
ExposeGlobal: 0
============================================================
+ Verbose Summary: CDFG Model
============================================================
IsTopModel: 0
ResetActiveHigh: 1
IsCombinational: 0
IsDatapathOnly: 0
HasWiredReturn: 1
HasMFsm: 2
HasVarLatency: 1
IsPipeline: 0
IsRtlPipelined: 0
IsInstanceOverlapped: 0
IsDontTouch: 0
HasImplIP: 0
IsGatedGlobalClock: 0

+ Individual pipeline summary: 
  * Pipeline-0: initiation interval (II) = 2, depth = 3


============================================================
+ Verbose Summary: Schedule
============================================================
* Number of FSM states : 3
* Pipeline : 1
  Pipeline-0 : II = 2, D = 3, States = { 1 2 3 }
* Dataflow Pipeline: 0

* FSM state transitions: 
1 --> 2 
2 --> 3 
3 --> 

* FSM state operations: 

State 1 <SV = 0> <Delay = 1.58>
ST_1 : Operation 5 [1/1] (0.00ns)   --->   "%mx = alloca i32 1" [cnn.cpp:335->cnn.cpp:398]   --->   Operation 5 'alloca' 'mx' <Predicate = true> <Delay = 0.00>
ST_1 : Operation 6 [1/1] (0.00ns)   --->   "%o = alloca i32 1" [cnn.cpp:336->cnn.cpp:398]   --->   Operation 6 'alloca' 'o' <Predicate = true> <Delay = 0.00>
ST_1 : Operation 7 [1/1] (0.00ns)   --->   "%mux_case_411816011_reload_read = read i32 @_ssdm_op_Read.ap_auto.float, i32 %mux_case_411816011_reload"   --->   Operation 7 'read' 'mux_case_411816011_reload_read' <Predicate = true> <Delay = 0.00>
ST_1 : Operation 8 [1/1] (0.00ns)   --->   "%mux_case_31161559_reload_read = read i32 @_ssdm_op_Read.ap_auto.float, i32 %mux_case_31161559_reload"   --->   Operation 8 'read' 'mux_case_31161559_reload_read' <Predicate = true> <Delay = 0.00>
ST_1 : Operation 9 [1/1] (0.00ns)   --->   "%mux_case_21141507_reload_read = read i32 @_ssdm_op_Read.ap_auto.float, i32 %mux_case_21141507_reload"   --->   Operation 9 'read' 'mux_case_21141507_reload_read' <Predicate = true> <Delay = 0.00>
ST_1 : Operation 10 [1/1] (0.00ns)   --->   "%mux_case_11121455_reload_read = read i32 @_ssdm_op_Read.ap_auto.float, i32 %mux_case_11121455_reload"   --->   Operation 10 'read' 'mux_case_11121455_reload_read' <Predicate = true> <Delay = 0.00>
ST_1 : Operation 11 [1/1] (0.00ns)   --->   "%mx_33_reload_read = read i32 @_ssdm_op_Read.ap_auto.float, i32 %mx_33_reload"   --->   Operation 11 'read' 'mx_33_reload_read' <Predicate = true> <Delay = 0.00>
ST_1 : Operation 12 [1/1] (1.58ns)   --->   "%store_ln336 = store i3 1, i3 %o" [cnn.cpp:336->cnn.cpp:398]   --->   Operation 12 'store' 'store_ln336' <Predicate = true> <Delay = 1.58>
ST_1 : Operation 13 [1/1] (1.58ns)   --->   "%store_ln335 = store i32 %mx_33_reload_read, i32 %mx" [cnn.cpp:335->cnn.cpp:398]   --->   Operation 13 'store' 'store_ln335' <Predicate = true> <Delay = 1.58>
ST_1 : Operation 14 [1/1] (0.00ns)   --->   "%br_ln0 = br void %for.body22.i"   --->   Operation 14 'br' 'br_ln0' <Predicate = true> <Delay = 0.00>

State 2 <SV = 1> <Delay = 7.25>
ST_2 : Operation 15 [1/1] (0.00ns)   --->   "%o_3 = load i3 %o" [cnn.cpp:336->cnn.cpp:398]   --->   Operation 15 'load' 'o_3' <Predicate = true> <Delay = 0.00>
ST_2 : Operation 16 [1/1] (1.65ns)   --->   "%icmp_ln336 = icmp_eq  i3 %o_3, i3 5" [cnn.cpp:336->cnn.cpp:398]   --->   Operation 16 'icmp' 'icmp_ln336' <Predicate = true> <Delay = 1.65> <CoreInst = "Cmp">   --->   Core 9 'Cmp' <Latency = 0> <II = 1> <Delay = 1.65> <FuncUnit> <Opcode : 'seteq' 'setne' 'setle' 'setge' 'setlt' 'setgt'> <InPorts = 2> <OutPorts = 1>
ST_2 : Operation 17 [1/1] (0.00ns)   --->   "%br_ln336 = br i1 %icmp_ln336, void %for.body22.i.split, void %for.inc43.i.preheader.exitStub" [cnn.cpp:336->cnn.cpp:398]   --->   Operation 17 'br' 'br_ln336' <Predicate = true> <Delay = 0.00>
ST_2 : Operation 18 [1/1] (0.00ns)   --->   "%mx_load_1 = load i32 %mx" [cnn.cpp:336->cnn.cpp:398]   --->   Operation 18 'load' 'mx_load_1' <Predicate = (!icmp_ln336)> <Delay = 0.00>
ST_2 : Operation 19 [1/1] (1.82ns)   --->   "%mx_1 = sparsemux i32 @_ssdm_op_SparseMux.ap_auto.4float.float.i3, i3 1, i32 %mux_case_11121455_reload_read, i3 2, i32 %mux_case_21141507_reload_read, i3 3, i32 %mux_case_31161559_reload_read, i3 4, i32 %mux_case_411816011_reload_read, i32 <undef>, i3 %o_3" [cnn.cpp:336->cnn.cpp:398]   --->   Operation 19 'sparsemux' 'mx_1' <Predicate = (!icmp_ln336)> <Delay = 1.82> <CoreInst = "BinarySparseMux_DontCare">   --->   Core 137 'BinarySparseMux_DontCare' <Latency = 0> <II = 1> <Delay = 1.82> <FuncUnit> <Opcode : 'sparsemux'> <InPorts = 2> <OutPorts = 1>
ST_2 : Operation 20 [2/2] (5.43ns)   --->   "%tmp_3 = fcmp_ogt  i32 %mx_1, i32 %mx_load_1" [cnn.cpp:336->cnn.cpp:398]   --->   Operation 20 'fcmp' 'tmp_3' <Predicate = (!icmp_ln336)> <Delay = 5.43> <CoreInst = "FCompare">   --->   Core 19 'FCompare' <Latency = 1> <II = 1> <Delay = 5.43> <FuncUnit> <Opcode : 'fcmp'> <InPorts = 2> <OutPorts = 1>
ST_2 : Operation 21 [1/1] (1.65ns)   --->   "%add_ln336 = add i3 %o_3, i3 1" [cnn.cpp:336->cnn.cpp:398]   --->   Operation 21 'add' 'add_ln336' <Predicate = (!icmp_ln336)> <Delay = 1.65> <CoreInst = "Adder">   --->   Core 1 'Adder' <Latency = 0> <II = 1> <Delay = 1.65> <FuncUnit> <Opcode : 'add' 'sub'> <InPorts = 2> <OutPorts = 1>
ST_2 : Operation 22 [1/1] (1.58ns)   --->   "%store_ln336 = store i3 %add_ln336, i3 %o" [cnn.cpp:336->cnn.cpp:398]   --->   Operation 22 'store' 'store_ln336' <Predicate = (!icmp_ln336)> <Delay = 1.58>
ST_2 : Operation 44 [1/1] (0.00ns)   --->   "%mx_load = load i32 %mx"   --->   Operation 44 'load' 'mx_load' <Predicate = (icmp_ln336)> <Delay = 0.00>
ST_2 : Operation 45 [1/1] (0.00ns)   --->   "%write_ln0 = write void @_ssdm_op_Write.ap_auto.floatP0A, i32 %mx_out, i32 %mx_load"   --->   Operation 45 'write' 'write_ln0' <Predicate = (icmp_ln336)> <Delay = 0.00>
ST_2 : Operation 46 [1/1] (1.58ns)   --->   "%ret_ln0 = ret"   --->   Operation 46 'ret' 'ret_ln0' <Predicate = (icmp_ln336)> <Delay = 1.58>

State 3 <SV = 2> <Delay = 8.69>
ST_3 : Operation 23 [1/1] (0.00ns)   --->   "%specpipeline_ln336 = specpipeline void @_ssdm_op_SpecPipeline, i32 4294967295, i32 0, i32 0, i32 0, void @empty_22" [cnn.cpp:336->cnn.cpp:398]   --->   Operation 23 'specpipeline' 'specpipeline_ln336' <Predicate = true> <Delay = 0.00>
ST_3 : Operation 24 [1/1] (0.00ns)   --->   "%speclooptripcount_ln336 = speclooptripcount void @_ssdm_op_SpecLoopTripCount, i64 4, i64 4, i64 4" [cnn.cpp:336->cnn.cpp:398]   --->   Operation 24 'speclooptripcount' 'speclooptripcount_ln336' <Predicate = true> <Delay = 0.00>
ST_3 : Operation 25 [1/1] (0.00ns)   --->   "%specloopname_ln336 = specloopname void @_ssdm_op_SpecLoopName, void @empty_10" [cnn.cpp:336->cnn.cpp:398]   --->   Operation 25 'specloopname' 'specloopname_ln336' <Predicate = true> <Delay = 0.00>
ST_3 : Operation 26 [1/1] (0.00ns)   --->   "%bitcast_ln336 = bitcast i32 %mx_1" [cnn.cpp:336->cnn.cpp:398]   --->   Operation 26 'bitcast' 'bitcast_ln336' <Predicate = true> <Delay = 0.00>
ST_3 : Operation 27 [1/1] (0.00ns)   --->   "%tmp_s = partselect i8 @_ssdm_op_PartSelect.i8.i32.i32.i32, i32 %bitcast_ln336, i32 23, i32 30" [cnn.cpp:336->cnn.cpp:398]   --->   Operation 27 'partselect' 'tmp_s' <Predicate = true> <Delay = 0.00>
ST_3 : Operation 28 [1/1] (0.00ns)   --->   "%trunc_ln336 = trunc i32 %bitcast_ln336" [cnn.cpp:336->cnn.cpp:398]   --->   Operation 28 'trunc' 'trunc_ln336' <Predicate = true> <Delay = 0.00>
ST_3 : Operation 29 [1/1] (0.00ns)   --->   "%bitcast_ln336_1 = bitcast i32 %mx_load_1" [cnn.cpp:336->cnn.cpp:398]   --->   Operation 29 'bitcast' 'bitcast_ln336_1' <Predicate = true> <Delay = 0.00>
ST_3 : Operation 30 [1/1] (0.00ns)   --->   "%tmp_2 = partselect i8 @_ssdm_op_PartSelect.i8.i32.i32.i32, i32 %bitcast_ln336_1, i32 23, i32 30" [cnn.cpp:336->cnn.cpp:398]   --->   Operation 30 'partselect' 'tmp_2' <Predicate = true> <Delay = 0.00>
ST_3 : Operation 31 [1/1] (0.00ns)   --->   "%trunc_ln336_1 = trunc i32 %bitcast_ln336_1" [cnn.cpp:336->cnn.cpp:398]   --->   Operation 31 'trunc' 'trunc_ln336_1' <Predicate = true> <Delay = 0.00>
ST_3 : Operation 32 [1/1] (1.91ns)   --->   "%icmp_ln336_1 = icmp_ne  i8 %tmp_s, i8 255" [cnn.cpp:336->cnn.cpp:398]   --->   Operation 32 'icmp' 'icmp_ln336_1' <Predicate = true> <Delay = 1.91> <CoreInst = "Cmp">   --->   Core 9 'Cmp' <Latency = 0> <II = 1> <Delay = 1.91> <FuncUnit> <Opcode : 'seteq' 'setne' 'setle' 'setge' 'setlt' 'setgt'> <InPorts = 2> <OutPorts = 1>
ST_3 : Operation 33 [1/1] (2.28ns)   --->   "%icmp_ln336_2 = icmp_eq  i23 %trunc_ln336, i23 0" [cnn.cpp:336->cnn.cpp:398]   --->   Operation 33 'icmp' 'icmp_ln336_2' <Predicate = true> <Delay = 2.28> <CoreInst = "Cmp">   --->   Core 9 'Cmp' <Latency = 0> <II = 1> <Delay = 2.28> <FuncUnit> <Opcode : 'seteq' 'setne' 'setle' 'setge' 'setlt' 'setgt'> <InPorts = 2> <OutPorts = 1>
ST_3 : Operation 34 [1/1] (0.00ns) (grouped into LUT with out node and_ln336_1)   --->   "%or_ln336 = or i1 %icmp_ln336_2, i1 %icmp_ln336_1" [cnn.cpp:336->cnn.cpp:398]   --->   Operation 34 'or' 'or_ln336' <Predicate = true> <Delay = 0.00> <CoreInst = "LogicGate">   --->   Core 74 'LogicGate' <Latency = 0> <II = 1> <Delay = 0.97> <FuncUnit> <Opcode : 'and' 'or' 'xor'> <InPorts = 2> <OutPorts = 1>
ST_3 : Operation 35 [1/1] (1.91ns)   --->   "%icmp_ln336_3 = icmp_ne  i8 %tmp_2, i8 255" [cnn.cpp:336->cnn.cpp:398]   --->   Operation 35 'icmp' 'icmp_ln336_3' <Predicate = true> <Delay = 1.91> <CoreInst = "Cmp">   --->   Core 9 'Cmp' <Latency = 0> <II = 1> <Delay = 1.91> <FuncUnit> <Opcode : 'seteq' 'setne' 'setle' 'setge' 'setlt' 'setgt'> <InPorts = 2> <OutPorts = 1>
ST_3 : Operation 36 [1/1] (2.28ns)   --->   "%icmp_ln336_4 = icmp_eq  i23 %trunc_ln336_1, i23 0" [cnn.cpp:336->cnn.cpp:398]   --->   Operation 36 'icmp' 'icmp_ln336_4' <Predicate = true> <Delay = 2.28> <CoreInst = "Cmp">   --->   Core 9 'Cmp' <Latency = 0> <II = 1> <Delay = 2.28> <FuncUnit> <Opcode : 'seteq' 'setne' 'setle' 'setge' 'setlt' 'setgt'> <InPorts = 2> <OutPorts = 1>
ST_3 : Operation 37 [1/1] (0.00ns) (grouped into LUT with out node and_ln336_1)   --->   "%or_ln336_1 = or i1 %icmp_ln336_4, i1 %icmp_ln336_3" [cnn.cpp:336->cnn.cpp:398]   --->   Operation 37 'or' 'or_ln336_1' <Predicate = true> <Delay = 0.00> <CoreInst = "LogicGate">   --->   Core 74 'LogicGate' <Latency = 0> <II = 1> <Delay = 0.97> <FuncUnit> <Opcode : 'and' 'or' 'xor'> <InPorts = 2> <OutPorts = 1>
ST_3 : Operation 38 [1/2] (5.43ns)   --->   "%tmp_3 = fcmp_ogt  i32 %mx_1, i32 %mx_load_1" [cnn.cpp:336->cnn.cpp:398]   --->   Operation 38 'fcmp' 'tmp_3' <Predicate = true> <Delay = 5.43> <CoreInst = "FCompare">   --->   Core 19 'FCompare' <Latency = 1> <II = 1> <Delay = 5.43> <FuncUnit> <Opcode : 'fcmp'> <InPorts = 2> <OutPorts = 1>
ST_3 : Operation 39 [1/1] (0.00ns) (grouped into LUT with out node and_ln336_1)   --->   "%and_ln336 = and i1 %tmp_3, i1 %or_ln336" [cnn.cpp:336->cnn.cpp:398]   --->   Operation 39 'and' 'and_ln336' <Predicate = true> <Delay = 0.00> <CoreInst = "LogicGate">   --->   Core 74 'LogicGate' <Latency = 0> <II = 1> <Delay = 0.97> <FuncUnit> <Opcode : 'and' 'or' 'xor'> <InPorts = 2> <OutPorts = 1>
ST_3 : Operation 40 [1/1] (0.97ns) (out node of the LUT)   --->   "%and_ln336_1 = and i1 %and_ln336, i1 %or_ln336_1" [cnn.cpp:336->cnn.cpp:398]   --->   Operation 40 'and' 'and_ln336_1' <Predicate = true> <Delay = 0.97> <CoreInst = "LogicGate">   --->   Core 74 'LogicGate' <Latency = 0> <II = 1> <Delay = 0.97> <FuncUnit> <Opcode : 'and' 'or' 'xor'> <InPorts = 2> <OutPorts = 1>
ST_3 : Operation 41 [1/1] (0.69ns) (out node of the LUT)   --->   "%mx_2 = select i1 %and_ln336_1, i32 %mx_1, i32 %mx_load_1" [cnn.cpp:336->cnn.cpp:398]   --->   Operation 41 'select' 'mx_2' <Predicate = true> <Delay = 0.69> <CoreInst = "Sel">   --->   Core 73 'Sel' <Latency = 0> <II = 1> <Delay = 0.69> <FuncUnit> <Opcode : 'select'> <InPorts = 3> <OutPorts = 1>
ST_3 : Operation 42 [1/1] (1.58ns)   --->   "%store_ln335 = store i32 %mx_2, i32 %mx" [cnn.cpp:335->cnn.cpp:398]   --->   Operation 42 'store' 'store_ln335' <Predicate = true> <Delay = 1.58>
ST_3 : Operation 43 [1/1] (0.00ns)   --->   "%br_ln336 = br void %for.body22.i" [cnn.cpp:336->cnn.cpp:398]   --->   Operation 43 'br' 'br_ln336' <Predicate = true> <Delay = 0.00>


============================================================
+ Verbose Summary: Binding
============================================================
STG Binding: 
---------------- STG Properties BEGIN ----------------
- Is combinational: 0
- Is one-state seq: 0
- Is datapath-only: 0
- Is pipelined: 0
- Is top level: 0
Port [ Return ] is wired: 1; IO mode=ap_ctrl_hs:ce=0
Port [ mx_33_reload]:  wired=1; compound=0; hidden=0; nouse=0; global=0; static=0; extern=0; dir=0; type=0; pingpong=0; private_global=0; IO mode=ap_none:ce=0
Port [ mux_case_11121455_reload]:  wired=1; compound=0; hidden=0; nouse=0; global=0; static=0; extern=0; dir=0; type=0; pingpong=0; private_global=0; IO mode=ap_none:ce=0
Port [ mux_case_21141507_reload]:  wired=1; compound=0; hidden=0; nouse=0; global=0; static=0; extern=0; dir=0; type=0; pingpong=0; private_global=0; IO mode=ap_none:ce=0
Port [ mux_case_31161559_reload]:  wired=1; compound=0; hidden=0; nouse=0; global=0; static=0; extern=0; dir=0; type=0; pingpong=0; private_global=0; IO mode=ap_none:ce=0
Port [ mux_case_411816011_reload]:  wired=1; compound=0; hidden=0; nouse=0; global=0; static=0; extern=0; dir=0; type=0; pingpong=0; private_global=0; IO mode=ap_none:ce=0
Port [ mx_out]:  wired=1; compound=0; hidden=0; nouse=0; global=0; static=0; extern=0; dir=1; type=0; pingpong=0; private_global=0; IO mode=ap_vld:ce=0
---------------- STG Properties END ------------------

---------------- Datapath Model BEGIN ----------------

<LifeTime>
<method=bitvector/>
mx                             (alloca           ) [ 0111]
o                              (alloca           ) [ 0110]
mux_case_411816011_reload_read (read             ) [ 0010]
mux_case_31161559_reload_read  (read             ) [ 0010]
mux_case_21141507_reload_read  (read             ) [ 0010]
mux_case_11121455_reload_read  (read             ) [ 0010]
mx_33_reload_read              (read             ) [ 0000]
store_ln336                    (store            ) [ 0000]
store_ln335                    (store            ) [ 0000]
br_ln0                         (br               ) [ 0000]
o_3                            (load             ) [ 0000]
icmp_ln336                     (icmp             ) [ 0010]
br_ln336                       (br               ) [ 0000]
mx_load_1                      (load             ) [ 0101]
mx_1                           (sparsemux        ) [ 0101]
add_ln336                      (add              ) [ 0000]
store_ln336                    (store            ) [ 0000]
specpipeline_ln336             (specpipeline     ) [ 0000]
speclooptripcount_ln336        (speclooptripcount) [ 0000]
specloopname_ln336             (specloopname     ) [ 0000]
bitcast_ln336                  (bitcast          ) [ 0000]
tmp_s                          (partselect       ) [ 0000]
trunc_ln336                    (trunc            ) [ 0000]
bitcast_ln336_1                (bitcast          ) [ 0000]
tmp_2                          (partselect       ) [ 0000]
trunc_ln336_1                  (trunc            ) [ 0000]
icmp_ln336_1                   (icmp             ) [ 0000]
icmp_ln336_2                   (icmp             ) [ 0000]
or_ln336                       (or               ) [ 0000]
icmp_ln336_3                   (icmp             ) [ 0000]
icmp_ln336_4                   (icmp             ) [ 0000]
or_ln336_1                     (or               ) [ 0000]
tmp_3                          (fcmp             ) [ 0000]
and_ln336                      (and              ) [ 0000]
and_ln336_1                    (and              ) [ 0000]
mx_2                           (select           ) [ 0000]
store_ln335                    (store            ) [ 0000]
br_ln336                       (br               ) [ 0000]
mx_load                        (load             ) [ 0000]
write_ln0                      (write            ) [ 0000]
ret_ln0                        (ret              ) [ 0000]
</LifeTime>

<model>

<comp_list>
<comp id="0" class="1000" name="mx_33_reload">
<pin_list>
<pin id="1" dir="1" index="0" bw="1" slack="0"/>
</pin_list>
<bind>
<StgValue><ssdm name="mx_33_reload"/></StgValue>
</bind>
</comp>

<comp id="2" class="1000" name="mux_case_11121455_reload">
<pin_list>
<pin id="3" dir="1" index="0" bw="1" slack="0"/>
</pin_list>
<bind>
<StgValue><ssdm name="mux_case_11121455_reload"/></StgValue>
</bind>
</comp>

<comp id="4" class="1000" name="mux_case_21141507_reload">
<pin_list>
<pin id="5" dir="1" index="0" bw="1" slack="0"/>
</pin_list>
<bind>
<StgValue><ssdm name="mux_case_21141507_reload"/></StgValue>
</bind>
</comp>

<comp id="6" class="1000" name="mux_case_31161559_reload">
<pin_list>
<pin id="7" dir="1" index="0" bw="1" slack="0"/>
</pin_list>
<bind>
<StgValue><ssdm name="mux_case_31161559_reload"/></StgValue>
</bind>
</comp>

<comp id="8" class="1000" name="mux_case_411816011_reload">
<pin_list>
<pin id="9" dir="1" index="0" bw="1" slack="0"/>
</pin_list>
<bind>
<StgValue><ssdm name="mux_case_411816011_reload"/></StgValue>
</bind>
</comp>

<comp id="10" class="1000" name="mx_out">
<pin_list>
<pin id="11" dir="1" index="0" bw="1" slack="0"/>
</pin_list>
<bind>
<StgValue><ssdm name="mx_out"/></StgValue>
</bind>
</comp>

<comp id="12" class="1001" name="const_12">
<pin_list>
<pin id="13" dir="1" index="0" bw="1" slack="0"/>
</pin_list>
<bind>
<StgValue><ssdm name=""/></StgValue>
</bind>
</comp>

<comp id="14" class="1001" name="const_14">
<pin_list>
<pin id="15" dir="1" index="0" bw="1" slack="0"/>
</pin_list>
<bind>
<StgValue><ssdm name="_ssdm_op_Read.ap_auto.float"/></StgValue>
</bind>
</comp>

<comp id="16" class="1001" name="const_16">
<pin_list>
<pin id="17" dir="1" index="0" bw="1" slack="0"/>
</pin_list>
<bind>
<StgValue><ssdm name=""/></StgValue>
</bind>
</comp>

<comp id="18" class="1001" name="const_18">
<pin_list>
<pin id="19" dir="1" index="0" bw="1" slack="0"/>
</pin_list>
<bind>
<StgValue><ssdm name=""/></StgValue>
</bind>
</comp>

<comp id="20" class="1001" name="const_20">
<pin_list>
<pin id="21" dir="1" index="0" bw="1" slack="0"/>
</pin_list>
<bind>
<StgValue><ssdm name="_ssdm_op_SparseMux.ap_auto.4float.float.i3"/></StgValue>
</bind>
</comp>

<comp id="22" class="1001" name="const_22">
<pin_list>
<pin id="23" dir="1" index="0" bw="1" slack="0"/>
</pin_list>
<bind>
<StgValue><ssdm name=""/></StgValue>
</bind>
</comp>

<comp id="24" class="1001" name="const_24">
<pin_list>
<pin id="25" dir="1" index="0" bw="1" slack="0"/>
</pin_list>
<bind>
<StgValue><ssdm name=""/></StgValue>
</bind>
</comp>

<comp id="26" class="1001" name="const_26">
<pin_list>
<pin id="27" dir="1" index="0" bw="1" slack="0"/>
</pin_list>
<bind>
<StgValue><ssdm name=""/></StgValue>
</bind>
</comp>

<comp id="28" class="1001" name="const_28">
<pin_list>
<pin id="29" dir="1" index="0" bw="1" slack="0"/>
</pin_list>
<bind>
<StgValue><ssdm name=""/></StgValue>
</bind>
</comp>

<comp id="30" class="1001" name="const_30">
<pin_list>
<pin id="31" dir="1" index="0" bw="1" slack="2147483647"/>
</pin_list>
<bind>
<StgValue><ssdm name="_ssdm_op_SpecPipeline"/></StgValue>
</bind>
</comp>

<comp id="32" class="1001" name="const_32">
<pin_list>
<pin id="33" dir="1" index="0" bw="1" slack="2147483647"/>
</pin_list>
<bind>
<StgValue><ssdm name=""/></StgValue>
</bind>
</comp>

<comp id="34" class="1001" name="const_34">
<pin_list>
<pin id="35" dir="1" index="0" bw="1" slack="2147483647"/>
</pin_list>
<bind>
<StgValue><ssdm name=""/></StgValue>
</bind>
</comp>

<comp id="36" class="1001" name="const_36">
<pin_list>
<pin id="37" dir="1" index="0" bw="1" slack="2147483647"/>
</pin_list>
<bind>
<StgValue><ssdm name="empty_22"/></StgValue>
</bind>
</comp>

<comp id="38" class="1001" name="const_38">
<pin_list>
<pin id="39" dir="1" index="0" bw="1" slack="2147483647"/>
</pin_list>
<bind>
<StgValue><ssdm name="_ssdm_op_SpecLoopTripCount"/></StgValue>
</bind>
</comp>

<comp id="40" class="1001" name="const_40">
<pin_list>
<pin id="41" dir="1" index="0" bw="1" slack="2147483647"/>
</pin_list>
<bind>
<StgValue><ssdm name=""/></StgValue>
</bind>
</comp>

<comp id="42" class="1001" name="const_42">
<pin_list>
<pin id="43" dir="1" index="0" bw="1" slack="2147483647"/>
</pin_list>
<bind>
<StgValue><ssdm name="_ssdm_op_SpecLoopName"/></StgValue>
</bind>
</comp>

<comp id="44" class="1001" name="const_44">
<pin_list>
<pin id="45" dir="1" index="0" bw="1" slack="2147483647"/>
</pin_list>
<bind>
<StgValue><ssdm name="empty_10"/></StgValue>
</bind>
</comp>

<comp id="46" class="1001" name="const_46">
<pin_list>
<pin id="47" dir="1" index="0" bw="1" slack="0"/>
</pin_list>
<bind>
<StgValue><ssdm name="_ssdm_op_PartSelect.i8.i32.i32.i32"/></StgValue>
</bind>
</comp>

<comp id="48" class="1001" name="const_48">
<pin_list>
<pin id="49" dir="1" index="0" bw="1" slack="0"/>
</pin_list>
<bind>
<StgValue><ssdm name=""/></StgValue>
</bind>
</comp>

<comp id="50" class="1001" name="const_50">
<pin_list>
<pin id="51" dir="1" index="0" bw="1" slack="0"/>
</pin_list>
<bind>
<StgValue><ssdm name=""/></StgValue>
</bind>
</comp>

<comp id="52" class="1001" name="const_52">
<pin_list>
<pin id="53" dir="1" index="0" bw="1" slack="0"/>
</pin_list>
<bind>
<StgValue><ssdm name=""/></StgValue>
</bind>
</comp>

<comp id="54" class="1001" name="const_54">
<pin_list>
<pin id="55" dir="1" index="0" bw="1" slack="0"/>
</pin_list>
<bind>
<StgValue><ssdm name=""/></StgValue>
</bind>
</comp>

<comp id="56" class="1001" name="const_56">
<pin_list>
<pin id="57" dir="1" index="0" bw="1" slack="0"/>
</pin_list>
<bind>
<StgValue><ssdm name="_ssdm_op_Write.ap_auto.floatP0A"/></StgValue>
</bind>
</comp>

<comp id="58" class="1004" name="mx_fu_58">
<pin_list>
<pin id="59" dir="0" index="0" bw="1" slack="0"/>
<pin id="60" dir="1" index="1" bw="32" slack="0"/>
</pin_list>
<bind>
<opcode="alloca(26) " fcode="alloca"/>
<opset="mx/1 "/>
</bind>
</comp>

<comp id="62" class="1004" name="o_fu_62">
<pin_list>
<pin id="63" dir="0" index="0" bw="1" slack="0"/>
<pin id="64" dir="1" index="1" bw="3" slack="0"/>
</pin_list>
<bind>
<opcode="alloca(26) " fcode="alloca"/>
<opset="o/1 "/>
</bind>
</comp>

<comp id="66" class="1004" name="mux_case_411816011_reload_read_read_fu_66">
<pin_list>
<pin id="67" dir="0" index="0" bw="32" slack="0"/>
<pin id="68" dir="0" index="1" bw="32" slack="0"/>
<pin id="69" dir="1" index="2" bw="32" slack="1"/>
</pin_list>
<bind>
<opcode="read(1150) " fcode="read"/>
<opset="mux_case_411816011_reload_read/1 "/>
</bind>
</comp>

<comp id="72" class="1004" name="mux_case_31161559_reload_read_read_fu_72">
<pin_list>
<pin id="73" dir="0" index="0" bw="32" slack="0"/>
<pin id="74" dir="0" index="1" bw="32" slack="0"/>
<pin id="75" dir="1" index="2" bw="32" slack="1"/>
</pin_list>
<bind>
<opcode="read(1150) " fcode="read"/>
<opset="mux_case_31161559_reload_read/1 "/>
</bind>
</comp>

<comp id="78" class="1004" name="mux_case_21141507_reload_read_read_fu_78">
<pin_list>
<pin id="79" dir="0" index="0" bw="32" slack="0"/>
<pin id="80" dir="0" index="1" bw="32" slack="0"/>
<pin id="81" dir="1" index="2" bw="32" slack="1"/>
</pin_list>
<bind>
<opcode="read(1150) " fcode="read"/>
<opset="mux_case_21141507_reload_read/1 "/>
</bind>
</comp>

<comp id="84" class="1004" name="mux_case_11121455_reload_read_read_fu_84">
<pin_list>
<pin id="85" dir="0" index="0" bw="32" slack="0"/>
<pin id="86" dir="0" index="1" bw="32" slack="0"/>
<pin id="87" dir="1" index="2" bw="32" slack="1"/>
</pin_list>
<bind>
<opcode="read(1150) " fcode="read"/>
<opset="mux_case_11121455_reload_read/1 "/>
</bind>
</comp>

<comp id="90" class="1004" name="mx_33_reload_read_read_fu_90">
<pin_list>
<pin id="91" dir="0" index="0" bw="32" slack="0"/>
<pin id="92" dir="0" index="1" bw="32" slack="0"/>
<pin id="93" dir="1" index="2" bw="32" slack="0"/>
</pin_list>
<bind>
<opcode="read(1150) " fcode="read"/>
<opset="mx_33_reload_read/1 "/>
</bind>
</comp>

<comp id="96" class="1004" name="write_ln0_write_fu_96">
<pin_list>
<pin id="97" dir="0" index="0" bw="0" slack="0"/>
<pin id="98" dir="0" index="1" bw="32" slack="0"/>
<pin id="99" dir="0" index="2" bw="32" slack="0"/>
<pin id="100" dir="1" index="3" bw="0" slack="2147483647"/>
</pin_list>
<bind>
<opcode="write(1151) " fcode="write"/>
<opset="write_ln0/2 "/>
</bind>
</comp>

<comp id="103" class="1004" name="grp_fu_103">
<pin_list>
<pin id="104" dir="0" index="0" bw="32" slack="0"/>
<pin id="105" dir="0" index="1" bw="32" slack="0"/>
<pin id="106" dir="1" index="2" bw="1" slack="0"/>
</pin_list>
<bind>
<opcode="fcmp(46) " fcode="fcmp"/>
<opset="tmp_3/2 "/>
</bind>
</comp>

<comp id="107" class="1004" name="store_ln336_store_fu_107">
<pin_list>
<pin id="108" dir="0" index="0" bw="1" slack="0"/>
<pin id="109" dir="0" index="1" bw="3" slack="0"/>
<pin id="110" dir="1" index="2" bw="0" slack="2147483647"/>
</pin_list>
<bind>
<opcode="store(28) " fcode="store"/>
<opset="store_ln336/1 "/>
</bind>
</comp>

<comp id="112" class="1004" name="store_ln335_store_fu_112">
<pin_list>
<pin id="113" dir="0" index="0" bw="32" slack="0"/>
<pin id="114" dir="0" index="1" bw="32" slack="0"/>
<pin id="115" dir="1" index="2" bw="0" slack="2147483647"/>
</pin_list>
<bind>
<opcode="store(28) " fcode="store"/>
<opset="store_ln335/1 "/>
</bind>
</comp>

<comp id="117" class="1004" name="o_3_load_fu_117">
<pin_list>
<pin id="118" dir="0" index="0" bw="3" slack="1"/>
<pin id="119" dir="1" index="1" bw="3" slack="0"/>
</pin_list>
<bind>
<opcode="load(27) " fcode="load"/>
<opset="o_3/2 "/>
</bind>
</comp>

<comp id="120" class="1004" name="icmp_ln336_fu_120">
<pin_list>
<pin id="121" dir="0" index="0" bw="3" slack="0"/>
<pin id="122" dir="0" index="1" bw="3" slack="0"/>
<pin id="123" dir="1" index="2" bw="1" slack="2147483647"/>
</pin_list>
<bind>
<opcode="icmp(45) " fcode="icmp"/>
<opset="icmp_ln336/2 "/>
</bind>
</comp>

<comp id="126" class="1004" name="mx_load_1_load_fu_126">
<pin_list>
<pin id="127" dir="0" index="0" bw="32" slack="1"/>
<pin id="128" dir="1" index="1" bw="32" slack="0"/>
</pin_list>
<bind>
<opcode="load(27) " fcode="load"/>
<opset="mx_load_1/2 "/>
</bind>
</comp>

<comp id="130" class="1004" name="mx_1_fu_130">
<pin_list>
<pin id="131" dir="0" index="0" bw="32" slack="0"/>
<pin id="132" dir="0" index="1" bw="3" slack="0"/>
<pin id="133" dir="0" index="2" bw="32" slack="1"/>
<pin id="134" dir="0" index="3" bw="3" slack="0"/>
<pin id="135" dir="0" index="4" bw="32" slack="1"/>
<pin id="136" dir="0" index="5" bw="3" slack="0"/>
<pin id="137" dir="0" index="6" bw="32" slack="1"/>
<pin id="138" dir="0" index="7" bw="3" slack="0"/>
<pin id="139" dir="0" index="8" bw="32" slack="1"/>
<pin id="140" dir="0" index="9" bw="32" slack="0"/>
<pin id="141" dir="0" index="10" bw="3" slack="0"/>
<pin id="142" dir="1" index="11" bw="32" slack="0"/>
</pin_list>
<bind>
<opcode="sparsemux(1197) " fcode="sparsemux"/>
<opset="mx_1/2 "/>
</bind>
</comp>

<comp id="151" class="1004" name="add_ln336_fu_151">
<pin_list>
<pin id="152" dir="0" index="0" bw="3" slack="0"/>
<pin id="153" dir="0" index="1" bw="1" slack="0"/>
<pin id="154" dir="1" index="2" bw="3" slack="0"/>
</pin_list>
<bind>
<opcode="add(8) " fcode="add"/>
<opset="add_ln336/2 "/>
</bind>
</comp>

<comp id="157" class="1004" name="store_ln336_store_fu_157">
<pin_list>
<pin id="158" dir="0" index="0" bw="3" slack="0"/>
<pin id="159" dir="0" index="1" bw="3" slack="1"/>
<pin id="160" dir="1" index="2" bw="0" slack="2147483647"/>
</pin_list>
<bind>
<opcode="store(28) " fcode="store"/>
<opset="store_ln336/2 "/>
</bind>
</comp>

<comp id="162" class="1004" name="bitcast_ln336_fu_162">
<pin_list>
<pin id="163" dir="0" index="0" bw="32" slack="1"/>
<pin id="164" dir="1" index="1" bw="32" slack="0"/>
</pin_list>
<bind>
<opcode="bitcast(44) " fcode="bitcast"/>
<opset="bitcast_ln336/3 "/>
</bind>
</comp>

<comp id="165" class="1004" name="tmp_s_fu_165">
<pin_list>
<pin id="166" dir="0" index="0" bw="8" slack="0"/>
<pin id="167" dir="0" index="1" bw="32" slack="0"/>
<pin id="168" dir="0" index="2" bw="6" slack="0"/>
<pin id="169" dir="0" index="3" bw="6" slack="0"/>
<pin id="170" dir="1" index="4" bw="8" slack="0"/>
</pin_list>
<bind>
<opcode="partselect(1002) " fcode="partselect"/>
<opset="tmp_s/3 "/>
</bind>
</comp>

<comp id="175" class="1004" name="trunc_ln336_fu_175">
<pin_list>
<pin id="176" dir="0" index="0" bw="32" slack="0"/>
<pin id="177" dir="1" index="1" bw="23" slack="0"/>
</pin_list>
<bind>
<opcode="trunc(33) " fcode="trunc"/>
<opset="trunc_ln336/3 "/>
</bind>
</comp>

<comp id="179" class="1004" name="bitcast_ln336_1_fu_179">
<pin_list>
<pin id="180" dir="0" index="0" bw="32" slack="1"/>
<pin id="181" dir="1" index="1" bw="32" slack="0"/>
</pin_list>
<bind>
<opcode="bitcast(44) " fcode="bitcast"/>
<opset="bitcast_ln336_1/3 "/>
</bind>
</comp>

<comp id="182" class="1004" name="tmp_2_fu_182">
<pin_list>
<pin id="183" dir="0" index="0" bw="8" slack="0"/>
<pin id="184" dir="0" index="1" bw="32" slack="0"/>
<pin id="185" dir="0" index="2" bw="6" slack="0"/>
<pin id="186" dir="0" index="3" bw="6" slack="0"/>
<pin id="187" dir="1" index="4" bw="8" slack="0"/>
</pin_list>
<bind>
<opcode="partselect(1002) " fcode="partselect"/>
<opset="tmp_2/3 "/>
</bind>
</comp>

<comp id="192" class="1004" name="trunc_ln336_1_fu_192">
<pin_list>
<pin id="193" dir="0" index="0" bw="32" slack="0"/>
<pin id="194" dir="1" index="1" bw="23" slack="0"/>
</pin_list>
<bind>
<opcode="trunc(33) " fcode="trunc"/>
<opset="trunc_ln336_1/3 "/>
</bind>
</comp>

<comp id="196" class="1004" name="icmp_ln336_1_fu_196">
<pin_list>
<pin id="197" dir="0" index="0" bw="8" slack="0"/>
<pin id="198" dir="0" index="1" bw="1" slack="0"/>
<pin id="199" dir="1" index="2" bw="1" slack="0"/>
</pin_list>
<bind>
<opcode="icmp(45) " fcode="icmp"/>
<opset="icmp_ln336_1/3 "/>
</bind>
</comp>

<comp id="202" class="1004" name="icmp_ln336_2_fu_202">
<pin_list>
<pin id="203" dir="0" index="0" bw="23" slack="0"/>
<pin id="204" dir="0" index="1" bw="1" slack="0"/>
<pin id="205" dir="1" index="2" bw="1" slack="0"/>
</pin_list>
<bind>
<opcode="icmp(45) " fcode="icmp"/>
<opset="icmp_ln336_2/3 "/>
</bind>
</comp>

<comp id="208" class="1004" name="or_ln336_fu_208">
<pin_list>
<pin id="209" dir="0" index="0" bw="1" slack="0"/>
<pin id="210" dir="0" index="1" bw="1" slack="0"/>
<pin id="211" dir="1" index="2" bw="1" slack="0"/>
</pin_list>
<bind>
<opcode="or(24) " fcode="or"/>
<opset="or_ln336/3 "/>
</bind>
</comp>

<comp id="214" class="1004" name="icmp_ln336_3_fu_214">
<pin_list>
<pin id="215" dir="0" index="0" bw="8" slack="0"/>
<pin id="216" dir="0" index="1" bw="1" slack="0"/>
<pin id="217" dir="1" index="2" bw="1" slack="0"/>
</pin_list>
<bind>
<opcode="icmp(45) " fcode="icmp"/>
<opset="icmp_ln336_3/3 "/>
</bind>
</comp>

<comp id="220" class="1004" name="icmp_ln336_4_fu_220">
<pin_list>
<pin id="221" dir="0" index="0" bw="23" slack="0"/>
<pin id="222" dir="0" index="1" bw="1" slack="0"/>
<pin id="223" dir="1" index="2" bw="1" slack="0"/>
</pin_list>
<bind>
<opcode="icmp(45) " fcode="icmp"/>
<opset="icmp_ln336_4/3 "/>
</bind>
</comp>

<comp id="226" class="1004" name="or_ln336_1_fu_226">
<pin_list>
<pin id="227" dir="0" index="0" bw="1" slack="0"/>
<pin id="228" dir="0" index="1" bw="1" slack="0"/>
<pin id="229" dir="1" index="2" bw="1" slack="0"/>
</pin_list>
<bind>
<opcode="or(24) " fcode="or"/>
<opset="or_ln336_1/3 "/>
</bind>
</comp>

<comp id="232" class="1004" name="and_ln336_fu_232">
<pin_list>
<pin id="233" dir="0" index="0" bw="1" slack="0"/>
<pin id="234" dir="0" index="1" bw="1" slack="0"/>
<pin id="235" dir="1" index="2" bw="1" slack="0"/>
</pin_list>
<bind>
<opcode="and(23) " fcode="and"/>
<opset="and_ln336/3 "/>
</bind>
</comp>

<comp id="238" class="1004" name="and_ln336_1_fu_238">
<pin_list>
<pin id="239" dir="0" index="0" bw="1" slack="0"/>
<pin id="240" dir="0" index="1" bw="1" slack="0"/>
<pin id="241" dir="1" index="2" bw="1" slack="0"/>
</pin_list>
<bind>
<opcode="and(23) " fcode="and"/>
<opset="and_ln336_1/3 "/>
</bind>
</comp>

<comp id="244" class="1004" name="mx_2_fu_244">
<pin_list>
<pin id="245" dir="0" index="0" bw="1" slack="0"/>
<pin id="246" dir="0" index="1" bw="32" slack="1"/>
<pin id="247" dir="0" index="2" bw="32" slack="1"/>
<pin id="248" dir="1" index="3" bw="32" slack="0"/>
</pin_list>
<bind>
<opcode="select(49) " fcode="select"/>
<opset="mx_2/3 "/>
</bind>
</comp>

<comp id="250" class="1004" name="store_ln335_store_fu_250">
<pin_list>
<pin id="251" dir="0" index="0" bw="32" slack="0"/>
<pin id="252" dir="0" index="1" bw="32" slack="2"/>
<pin id="253" dir="1" index="2" bw="0" slack="2147483647"/>
</pin_list>
<bind>
<opcode="store(28) " fcode="store"/>
<opset="store_ln335/3 "/>
</bind>
</comp>

<comp id="255" class="1004" name="mx_load_load_fu_255">
<pin_list>
<pin id="256" dir="0" index="0" bw="32" slack="1"/>
<pin id="257" dir="1" index="1" bw="32" slack="0"/>
</pin_list>
<bind>
<opcode="load(27) " fcode="load"/>
<opset="mx_load/2 "/>
</bind>
</comp>

<comp id="259" class="1005" name="mx_reg_259">
<pin_list>
<pin id="260" dir="0" index="0" bw="32" slack="0"/>
<pin id="261" dir="1" index="1" bw="32" slack="0"/>
</pin_list>
<bind>
<opset="mx "/>
</bind>
</comp>

<comp id="267" class="1005" name="o_reg_267">
<pin_list>
<pin id="268" dir="0" index="0" bw="3" slack="0"/>
<pin id="269" dir="1" index="1" bw="3" slack="0"/>
</pin_list>
<bind>
<opset="o "/>
</bind>
</comp>

<comp id="274" class="1005" name="mux_case_411816011_reload_read_reg_274">
<pin_list>
<pin id="275" dir="0" index="0" bw="32" slack="1"/>
<pin id="276" dir="1" index="1" bw="32" slack="1"/>
</pin_list>
<bind>
<opset="mux_case_411816011_reload_read "/>
</bind>
</comp>

<comp id="279" class="1005" name="mux_case_31161559_reload_read_reg_279">
<pin_list>
<pin id="280" dir="0" index="0" bw="32" slack="1"/>
<pin id="281" dir="1" index="1" bw="32" slack="1"/>
</pin_list>
<bind>
<opset="mux_case_31161559_reload_read "/>
</bind>
</comp>

<comp id="284" class="1005" name="mux_case_21141507_reload_read_reg_284">
<pin_list>
<pin id="285" dir="0" index="0" bw="32" slack="1"/>
<pin id="286" dir="1" index="1" bw="32" slack="1"/>
</pin_list>
<bind>
<opset="mux_case_21141507_reload_read "/>
</bind>
</comp>

<comp id="289" class="1005" name="mux_case_11121455_reload_read_reg_289">
<pin_list>
<pin id="290" dir="0" index="0" bw="32" slack="1"/>
<pin id="291" dir="1" index="1" bw="32" slack="1"/>
</pin_list>
<bind>
<opset="mux_case_11121455_reload_read "/>
</bind>
</comp>

<comp id="297" class="1005" name="mx_load_1_reg_297">
<pin_list>
<pin id="298" dir="0" index="0" bw="32" slack="1"/>
<pin id="299" dir="1" index="1" bw="32" slack="1"/>
</pin_list>
<bind>
<opset="mx_load_1 "/>
</bind>
</comp>

<comp id="304" class="1005" name="mx_1_reg_304">
<pin_list>
<pin id="305" dir="0" index="0" bw="32" slack="1"/>
<pin id="306" dir="1" index="1" bw="32" slack="1"/>
</pin_list>
<bind>
<opset="mx_1 "/>
</bind>
</comp>

</comp_list>

<net_list>
<net id="61"><net_src comp="12" pin="0"/><net_sink comp="58" pin=0"/></net>

<net id="65"><net_src comp="12" pin="0"/><net_sink comp="62" pin=0"/></net>

<net id="70"><net_src comp="14" pin="0"/><net_sink comp="66" pin=0"/></net>

<net id="71"><net_src comp="8" pin="0"/><net_sink comp="66" pin=1"/></net>

<net id="76"><net_src comp="14" pin="0"/><net_sink comp="72" pin=0"/></net>

<net id="77"><net_src comp="6" pin="0"/><net_sink comp="72" pin=1"/></net>

<net id="82"><net_src comp="14" pin="0"/><net_sink comp="78" pin=0"/></net>

<net id="83"><net_src comp="4" pin="0"/><net_sink comp="78" pin=1"/></net>

<net id="88"><net_src comp="14" pin="0"/><net_sink comp="84" pin=0"/></net>

<net id="89"><net_src comp="2" pin="0"/><net_sink comp="84" pin=1"/></net>

<net id="94"><net_src comp="14" pin="0"/><net_sink comp="90" pin=0"/></net>

<net id="95"><net_src comp="0" pin="0"/><net_sink comp="90" pin=1"/></net>

<net id="101"><net_src comp="56" pin="0"/><net_sink comp="96" pin=0"/></net>

<net id="102"><net_src comp="10" pin="0"/><net_sink comp="96" pin=1"/></net>

<net id="111"><net_src comp="16" pin="0"/><net_sink comp="107" pin=0"/></net>

<net id="116"><net_src comp="90" pin="2"/><net_sink comp="112" pin=0"/></net>

<net id="124"><net_src comp="117" pin="1"/><net_sink comp="120" pin=0"/></net>

<net id="125"><net_src comp="18" pin="0"/><net_sink comp="120" pin=1"/></net>

<net id="129"><net_src comp="126" pin="1"/><net_sink comp="103" pin=1"/></net>

<net id="143"><net_src comp="20" pin="0"/><net_sink comp="130" pin=0"/></net>

<net id="144"><net_src comp="16" pin="0"/><net_sink comp="130" pin=1"/></net>

<net id="145"><net_src comp="22" pin="0"/><net_sink comp="130" pin=3"/></net>

<net id="146"><net_src comp="24" pin="0"/><net_sink comp="130" pin=5"/></net>

<net id="147"><net_src comp="26" pin="0"/><net_sink comp="130" pin=7"/></net>

<net id="148"><net_src comp="28" pin="0"/><net_sink comp="130" pin=9"/></net>

<net id="149"><net_src comp="117" pin="1"/><net_sink comp="130" pin=10"/></net>

<net id="150"><net_src comp="130" pin="11"/><net_sink comp="103" pin=0"/></net>

<net id="155"><net_src comp="117" pin="1"/><net_sink comp="151" pin=0"/></net>

<net id="156"><net_src comp="16" pin="0"/><net_sink comp="151" pin=1"/></net>

<net id="161"><net_src comp="151" pin="2"/><net_sink comp="157" pin=0"/></net>

<net id="171"><net_src comp="46" pin="0"/><net_sink comp="165" pin=0"/></net>

<net id="172"><net_src comp="162" pin="1"/><net_sink comp="165" pin=1"/></net>

<net id="173"><net_src comp="48" pin="0"/><net_sink comp="165" pin=2"/></net>

<net id="174"><net_src comp="50" pin="0"/><net_sink comp="165" pin=3"/></net>

<net id="178"><net_src comp="162" pin="1"/><net_sink comp="175" pin=0"/></net>

<net id="188"><net_src comp="46" pin="0"/><net_sink comp="182" pin=0"/></net>

<net id="189"><net_src comp="179" pin="1"/><net_sink comp="182" pin=1"/></net>

<net id="190"><net_src comp="48" pin="0"/><net_sink comp="182" pin=2"/></net>

<net id="191"><net_src comp="50" pin="0"/><net_sink comp="182" pin=3"/></net>

<net id="195"><net_src comp="179" pin="1"/><net_sink comp="192" pin=0"/></net>

<net id="200"><net_src comp="165" pin="4"/><net_sink comp="196" pin=0"/></net>

<net id="201"><net_src comp="52" pin="0"/><net_sink comp="196" pin=1"/></net>

<net id="206"><net_src comp="175" pin="1"/><net_sink comp="202" pin=0"/></net>

<net id="207"><net_src comp="54" pin="0"/><net_sink comp="202" pin=1"/></net>

<net id="212"><net_src comp="202" pin="2"/><net_sink comp="208" pin=0"/></net>

<net id="213"><net_src comp="196" pin="2"/><net_sink comp="208" pin=1"/></net>

<net id="218"><net_src comp="182" pin="4"/><net_sink comp="214" pin=0"/></net>

<net id="219"><net_src comp="52" pin="0"/><net_sink comp="214" pin=1"/></net>

<net id="224"><net_src comp="192" pin="1"/><net_sink comp="220" pin=0"/></net>

<net id="225"><net_src comp="54" pin="0"/><net_sink comp="220" pin=1"/></net>

<net id="230"><net_src comp="220" pin="2"/><net_sink comp="226" pin=0"/></net>

<net id="231"><net_src comp="214" pin="2"/><net_sink comp="226" pin=1"/></net>

<net id="236"><net_src comp="103" pin="2"/><net_sink comp="232" pin=0"/></net>

<net id="237"><net_src comp="208" pin="2"/><net_sink comp="232" pin=1"/></net>

<net id="242"><net_src comp="232" pin="2"/><net_sink comp="238" pin=0"/></net>

<net id="243"><net_src comp="226" pin="2"/><net_sink comp="238" pin=1"/></net>

<net id="249"><net_src comp="238" pin="2"/><net_sink comp="244" pin=0"/></net>

<net id="254"><net_src comp="244" pin="3"/><net_sink comp="250" pin=0"/></net>

<net id="258"><net_src comp="255" pin="1"/><net_sink comp="96" pin=2"/></net>

<net id="262"><net_src comp="58" pin="1"/><net_sink comp="259" pin=0"/></net>

<net id="263"><net_src comp="259" pin="1"/><net_sink comp="112" pin=1"/></net>

<net id="264"><net_src comp="259" pin="1"/><net_sink comp="126" pin=0"/></net>

<net id="265"><net_src comp="259" pin="1"/><net_sink comp="250" pin=1"/></net>

<net id="266"><net_src comp="259" pin="1"/><net_sink comp="255" pin=0"/></net>

<net id="270"><net_src comp="62" pin="1"/><net_sink comp="267" pin=0"/></net>

<net id="271"><net_src comp="267" pin="1"/><net_sink comp="107" pin=1"/></net>

<net id="272"><net_src comp="267" pin="1"/><net_sink comp="117" pin=0"/></net>

<net id="273"><net_src comp="267" pin="1"/><net_sink comp="157" pin=1"/></net>

<net id="277"><net_src comp="66" pin="2"/><net_sink comp="274" pin=0"/></net>

<net id="278"><net_src comp="274" pin="1"/><net_sink comp="130" pin=8"/></net>

<net id="282"><net_src comp="72" pin="2"/><net_sink comp="279" pin=0"/></net>

<net id="283"><net_src comp="279" pin="1"/><net_sink comp="130" pin=6"/></net>

<net id="287"><net_src comp="78" pin="2"/><net_sink comp="284" pin=0"/></net>

<net id="288"><net_src comp="284" pin="1"/><net_sink comp="130" pin=4"/></net>

<net id="292"><net_src comp="84" pin="2"/><net_sink comp="289" pin=0"/></net>

<net id="293"><net_src comp="289" pin="1"/><net_sink comp="130" pin=2"/></net>

<net id="300"><net_src comp="126" pin="1"/><net_sink comp="297" pin=0"/></net>

<net id="301"><net_src comp="297" pin="1"/><net_sink comp="179" pin=0"/></net>

<net id="302"><net_src comp="297" pin="1"/><net_sink comp="103" pin=1"/></net>

<net id="303"><net_src comp="297" pin="1"/><net_sink comp="244" pin=2"/></net>

<net id="307"><net_src comp="130" pin="11"/><net_sink comp="304" pin=0"/></net>

<net id="308"><net_src comp="304" pin="1"/><net_sink comp="162" pin=0"/></net>

<net id="309"><net_src comp="304" pin="1"/><net_sink comp="103" pin=0"/></net>

<net id="310"><net_src comp="304" pin="1"/><net_sink comp="244" pin=1"/></net>

</net_list>

</model> 
---------------- Datapath Model END ------------------

* FSMD analyzer results:
  - Output states:
	Port: mx_out | {2 }
 - Input state : 
	Port: ecg_cnn_top_Pipeline_VITIS_LOOP_336_3 : mx_33_reload | {1 }
	Port: ecg_cnn_top_Pipeline_VITIS_LOOP_336_3 : mux_case_11121455_reload | {1 }
	Port: ecg_cnn_top_Pipeline_VITIS_LOOP_336_3 : mux_case_21141507_reload | {1 }
	Port: ecg_cnn_top_Pipeline_VITIS_LOOP_336_3 : mux_case_31161559_reload | {1 }
	Port: ecg_cnn_top_Pipeline_VITIS_LOOP_336_3 : mux_case_411816011_reload | {1 }
  - Chain level:
	State 1
		store_ln336 : 1
	State 2
		icmp_ln336 : 1
		br_ln336 : 2
		mx_1 : 1
		tmp_3 : 2
		add_ln336 : 1
		store_ln336 : 2
		write_ln0 : 1
	State 3
		tmp_s : 1
		trunc_ln336 : 1
		tmp_2 : 1
		trunc_ln336_1 : 1
		icmp_ln336_1 : 2
		icmp_ln336_2 : 2
		or_ln336 : 3
		icmp_ln336_3 : 2
		icmp_ln336_4 : 2
		or_ln336_1 : 3
		and_ln336 : 3
		and_ln336_1 : 3
		mx_2 : 3
		store_ln335 : 4


============================================================
+ Verbose Summary: Datapath Resource usage 
============================================================

* Functional unit list:
|----------|-------------------------------------------|---------|---------|
| Operation|              Functional Unit              |    FF   |   LUT   |
|----------|-------------------------------------------|---------|---------|
|          |             icmp_ln336_fu_120             |    0    |    11   |
|          |            icmp_ln336_1_fu_196            |    0    |    15   |
|   icmp   |            icmp_ln336_2_fu_202            |    0    |    30   |
|          |            icmp_ln336_3_fu_214            |    0    |    15   |
|          |            icmp_ln336_4_fu_220            |    0    |    30   |
|----------|-------------------------------------------|---------|---------|
|  select  |                mx_2_fu_244                |    0    |    32   |
|----------|-------------------------------------------|---------|---------|
| sparsemux|                mx_1_fu_130                |    0    |    20   |
|----------|-------------------------------------------|---------|---------|
|    add   |              add_ln336_fu_151             |    0    |    11   |
|----------|-------------------------------------------|---------|---------|
|    or    |              or_ln336_fu_208              |    0    |    2    |
|          |             or_ln336_1_fu_226             |    0    |    2    |
|----------|-------------------------------------------|---------|---------|
|    and   |              and_ln336_fu_232             |    0    |    2    |
|          |             and_ln336_1_fu_238            |    0    |    2    |
|----------|-------------------------------------------|---------|---------|
|          | mux_case_411816011_reload_read_read_fu_66 |    0    |    0    |
|          |  mux_case_31161559_reload_read_read_fu_72 |    0    |    0    |
|   read   |  mux_case_21141507_reload_read_read_fu_78 |    0    |    0    |
|          |  mux_case_11121455_reload_read_read_fu_84 |    0    |    0    |
|          |        mx_33_reload_read_read_fu_90       |    0    |    0    |
|----------|-------------------------------------------|---------|---------|
|   write  |           write_ln0_write_fu_96           |    0    |    0    |
|----------|-------------------------------------------|---------|---------|
|   fcmp   |                 grp_fu_103                |    0    |    0    |
|----------|-------------------------------------------|---------|---------|
|partselect|                tmp_s_fu_165               |    0    |    0    |
|          |                tmp_2_fu_182               |    0    |    0    |
|----------|-------------------------------------------|---------|---------|
|   trunc  |             trunc_ln336_fu_175            |    0    |    0    |
|          |            trunc_ln336_1_fu_192           |    0    |    0    |
|----------|-------------------------------------------|---------|---------|
|   Total  |                                           |    0    |   172   |
|----------|-------------------------------------------|---------|---------|

Memories:
N/A

* Register list:
+--------------------------------------+--------+
|                                      |   FF   |
+--------------------------------------+--------+
| mux_case_11121455_reload_read_reg_289|   32   |
| mux_case_21141507_reload_read_reg_284|   32   |
| mux_case_31161559_reload_read_reg_279|   32   |
|mux_case_411816011_reload_read_reg_274|   32   |
|             mx_1_reg_304             |   32   |
|           mx_load_1_reg_297          |   32   |
|              mx_reg_259              |   32   |
|               o_reg_267              |    3   |
+--------------------------------------+--------+
|                 Total                |   227  |
+--------------------------------------+--------+

* Multiplexer (MUX) list: 
|------------|------|------|------|--------||---------||---------||---------|
|    Comp    |  Pin | Size |  BW  | S x BW ||  Delay  ||    FF   ||   LUT   |
|------------|------|------|------|--------||---------||---------||---------|
| grp_fu_103 |  p0  |   2  |  32  |   64   ||    0    ||    9    |
| grp_fu_103 |  p1  |   2  |  32  |   64   ||    0    ||    9    |
|------------|------|------|------|--------||---------||---------||---------|
|    Total   |      |      |      |   128  ||  3.176  ||    0    ||    18   |
|------------|------|------|------|--------||---------||---------||---------|



* Summary:
+-----------+--------+--------+--------+
|           |  Delay |   FF   |   LUT  |
+-----------+--------+--------+--------+
|  Function |    -   |    0   |   172  |
|   Memory  |    -   |    -   |    -   |
|Multiplexer|    3   |    0   |   18   |
|  Register |    -   |   227  |    -   |
+-----------+--------+--------+--------+
|   Total   |    3   |   227  |   190  |
+-----------+--------+--------+--------+
