

================================================================
== Vitis HLS Report for 'ecg_cnn_top_Pipeline_VITIS_LOOP_254_4'
================================================================
* Date:           Tue Mar 31 12:27:53 2026

* Version:        2025.1 (Build 6135595 on May 21 2025)
* Project:        ecg_cnn_top
* Solution:       hls (Vivado IP Flow Target)
* Product family: zynq
* Target device:  xc7z020-clg400-1


================================================================
== Performance Estimates
================================================================
+ Timing: 
    * Summary: 
    +--------+----------+-----------+------------+
    |  Clock |  Target  | Estimated | Uncertainty|
    +--------+----------+-----------+------------+
    |ap_clk  |  15.00 ns|  12.121 ns|     4.05 ns|
    +--------+----------+-----------+------------+

+ Latency: 
    * Summary: 
    +---------+---------+----------+----------+-----+-----+------------------------------------------------+
    |  Latency (cycles) |  Latency (absolute) |  Interval |                    Pipeline                    |
    |   min   |   max   |    min   |    max   | min | max |                      Type                      |
    +---------+---------+----------+----------+-----+-----+------------------------------------------------+
    |      111|      111|  1.665 us|  1.665 us|   99|   99|  loop auto-rewind stp (delay=0 clock cycles(s))|
    +---------+---------+----------+----------+-----+-----+------------------------------------------------+

    + Detail: 
        * Instance: 
        N/A

        * Loop: 
        +--------------------+---------+---------+----------+-----------+-----------+------+----------+
        |                    |  Latency (cycles) | Iteration|  Initiation Interval  | Trip |          |
        |      Loop Name     |   min   |   max   |  Latency |  achieved |   target  | Count| Pipelined|
        +--------------------+---------+---------+----------+-----------+-----------+------+----------+
        |- VITIS_LOOP_254_4  |      109|      109|        17|          3|          1|    32|       yes|
        +--------------------+---------+---------+----------+-----------+-----------+------+----------+

============================================================
+ Verbose Summary: Synthesis Manager
============================================================
InlineROM: 1
ExposeGlobal: 0
============================================================
+ Verbose Summary: CDFG Model
============================================================
IsTopModel: 0
ResetActiveHigh: 1
IsCombinational: 0
IsDatapathOnly: 0
HasWiredReturn: 1
HasMFsm: 2
HasVarLatency: 1
IsPipeline: 0
IsRtlPipelined: 0
IsInstanceOverlapped: 0
IsDontTouch: 0
HasImplIP: 0
IsGatedGlobalClock: 0

+ Individual pipeline summary: 
  * Pipeline-0: initiation interval (II) = 3, depth = 17


============================================================
+ Verbose Summary: Schedule
============================================================
* Number of FSM states : 17
* Pipeline : 1
  Pipeline-0 : II = 3, D = 17, States = { 1 2 3 4 5 6 7 8 9 10 11 12 13 14 15 16 17 }
* Dataflow Pipeline: 0

* FSM state transitions: 
1 --> 2 
2 --> 3 
3 --> 4 
4 --> 5 
5 --> 6 
6 --> 7 
7 --> 8 
8 --> 9 
9 --> 10 
10 --> 11 
11 --> 12 
12 --> 13 
13 --> 14 
14 --> 15 
15 --> 16 
16 --> 17 
17 --> 

* FSM state operations: 

State 1 <SV = 0> <Delay = 6.75>
ST_1 : Operation 20 [1/1] (0.00ns)   --->   "%acc = alloca i32 1" [cnn.cpp:250->cnn.cpp:394]   --->   Operation 20 'alloca' 'acc' <Predicate = true> <Delay = 0.00>
ST_1 : Operation 21 [1/1] (0.00ns)   --->   "%ic = alloca i32 1" [cnn.cpp:254->cnn.cpp:394]   --->   Operation 21 'alloca' 'ic' <Predicate = true> <Delay = 0.00>
ST_1 : Operation 22 [1/1] (0.00ns)   --->   "%zext_ln249_read = read i6 @_ssdm_op_Read.ap_auto.i6, i6 %zext_ln249"   --->   Operation 22 'read' 'zext_ln249_read' <Predicate = true> <Delay = 0.00>
ST_1 : Operation 23 [1/1] (0.00ns)   --->   "%zext_ln257_read = read i8 @_ssdm_op_Read.ap_auto.i8, i8 %zext_ln257"   --->   Operation 23 'read' 'zext_ln257_read' <Predicate = true> <Delay = 0.00>
ST_1 : Operation 24 [1/1] (0.00ns)   --->   "%zext_ln256_read = read i10 @_ssdm_op_Read.ap_auto.i10, i10 %zext_ln256"   --->   Operation 24 'read' 'zext_ln256_read' <Predicate = true> <Delay = 0.00>
ST_1 : Operation 25 [1/1] (0.00ns)   --->   "%acc_23_read = read i32 @_ssdm_op_Read.ap_auto.float, i32 %acc_23"   --->   Operation 25 'read' 'acc_23_read' <Predicate = true> <Delay = 0.00>
ST_1 : Operation 26 [1/1] (1.58ns)   --->   "%store_ln254 = store i6 0, i6 %ic" [cnn.cpp:254->cnn.cpp:394]   --->   Operation 26 'store' 'store_ln254' <Predicate = true> <Delay = 1.58>
ST_1 : Operation 27 [1/1] (1.58ns)   --->   "%store_ln250 = store i32 %acc_23_read, i32 %acc" [cnn.cpp:250->cnn.cpp:394]   --->   Operation 27 'store' 'store_ln250' <Predicate = true> <Delay = 1.58>
ST_1 : Operation 28 [1/1] (0.00ns)   --->   "%br_ln0 = br void %for.inc.i224"   --->   Operation 28 'br' 'br_ln0' <Predicate = true> <Delay = 0.00>
ST_1 : Operation 29 [1/1] (0.00ns)   --->   "%ic_3 = load i6 %ic" [cnn.cpp:254->cnn.cpp:394]   --->   Operation 29 'load' 'ic_3' <Predicate = true> <Delay = 0.00>
ST_1 : Operation 30 [1/1] (1.82ns)   --->   "%icmp_ln254 = icmp_eq  i6 %ic_3, i6 32" [cnn.cpp:254->cnn.cpp:394]   --->   Operation 30 'icmp' 'icmp_ln254' <Predicate = true> <Delay = 1.82> <CoreInst = "Cmp">   --->   Core 9 'Cmp' <Latency = 0> <II = 1> <Delay = 1.82> <FuncUnit> <Opcode : 'seteq' 'setne' 'setle' 'setge' 'setlt' 'setgt'> <InPorts = 2> <OutPorts = 1>
ST_1 : Operation 31 [1/1] (1.82ns)   --->   "%add_ln254 = add i6 %ic_3, i6 1" [cnn.cpp:254->cnn.cpp:394]   --->   Operation 31 'add' 'add_ln254' <Predicate = true> <Delay = 1.82> <CoreInst = "Adder">   --->   Core 1 'Adder' <Latency = 0> <II = 1> <Delay = 1.82> <FuncUnit> <Opcode : 'add' 'sub'> <InPorts = 2> <OutPorts = 1>
ST_1 : Operation 32 [1/1] (0.00ns)   --->   "%br_ln254 = br i1 %icmp_ln254, void %for.inc.i224.split, void %for.inc24.i229.loopexit.exitStub" [cnn.cpp:254->cnn.cpp:394]   --->   Operation 32 'br' 'br_ln254' <Predicate = true> <Delay = 0.00>
ST_1 : Operation 33 [1/1] (0.00ns)   --->   "%zext_ln256_1 = zext i6 %ic_3" [cnn.cpp:256->cnn.cpp:394]   --->   Operation 33 'zext' 'zext_ln256_1' <Predicate = (!icmp_ln254)> <Delay = 0.00>
ST_1 : Operation 34 [1/1] (1.91ns)   --->   "%add_ln257 = add i8 %zext_ln257_read, i8 %zext_ln256_1" [cnn.cpp:257->cnn.cpp:394]   --->   Operation 34 'add' 'add_ln257' <Predicate = (!icmp_ln254)> <Delay = 1.91> <CoreInst = "Adder">   --->   Core 1 'Adder' <Latency = 0> <II = 1> <Delay = 1.91> <FuncUnit> <Opcode : 'add' 'sub'> <InPorts = 2> <OutPorts = 1>
ST_1 : Operation 35 [1/1] (0.00ns)   --->   "%add_ln257_1 = bitconcatenate i14 @_ssdm_op_BitConcatenate.i14.i8.i6, i8 %add_ln257, i6 %zext_ln249_read" [cnn.cpp:257->cnn.cpp:394]   --->   Operation 35 'bitconcatenate' 'add_ln257_1' <Predicate = (!icmp_ln254)> <Delay = 0.00>
ST_1 : Operation 36 [1/1] (0.00ns)   --->   "%zext_ln257_1 = zext i14 %add_ln257_1" [cnn.cpp:257->cnn.cpp:394]   --->   Operation 36 'zext' 'zext_ln257_1' <Predicate = (!icmp_ln254)> <Delay = 0.00>
ST_1 : Operation 37 [1/1] (0.00ns)   --->   "%s4_conv_w_addr = getelementptr i8 %s4_conv_w, i64 0, i64 %zext_ln257_1" [cnn.cpp:257->cnn.cpp:394]   --->   Operation 37 'getelementptr' 's4_conv_w_addr' <Predicate = (!icmp_ln254)> <Delay = 0.00>
ST_1 : Operation 38 [2/2] (3.25ns)   --->   "%s4_conv_w_load = load i14 %s4_conv_w_addr" [cnn.cpp:257->cnn.cpp:394]   --->   Operation 38 'load' 's4_conv_w_load' <Predicate = (!icmp_ln254)> <Delay = 3.25> <CoreInst = "ROM">   --->   Core 94 'ROM' <Latency = 1> <II = 1> <Delay = 3.25> <Storage> <Opcode : 'load'> <Ports = 0> <Width = 8> <Depth = 10240> <ROM>
ST_1 : Operation 39 [1/1] (1.58ns)   --->   "%store_ln254 = store i6 %add_ln254, i6 %ic" [cnn.cpp:254->cnn.cpp:394]   --->   Operation 39 'store' 'store_ln254' <Predicate = (!icmp_ln254)> <Delay = 1.58>

State 2 <SV = 1> <Delay = 5.16>
ST_2 : Operation 40 [1/2] ( I:3.25ns O:3.25ns )   --->   "%s4_conv_w_load = load i14 %s4_conv_w_addr" [cnn.cpp:257->cnn.cpp:394]   --->   Operation 40 'load' 's4_conv_w_load' <Predicate = (!icmp_ln254)> <Delay = 3.25> <CoreInst = "ROM">   --->   Core 94 'ROM' <Latency = 1> <II = 1> <Delay = 3.25> <Storage> <Opcode : 'load'> <Ports = 0> <Width = 8> <Depth = 10240> <ROM>
ST_2 : Operation 41 [1/1] (0.00ns)   --->   "%sext_ln38 = sext i8 %s4_conv_w_load" [cnn.cpp:38->cnn.cpp:257->cnn.cpp:394]   --->   Operation 41 'sext' 'sext_ln38' <Predicate = (!icmp_ln254)> <Delay = 0.00>
ST_2 : Operation 42 [1/1] (1.91ns)   --->   "%add_ln38 = add i9 %sext_ln38, i9 479" [cnn.cpp:38->cnn.cpp:257->cnn.cpp:394]   --->   Operation 42 'add' 'add_ln38' <Predicate = (!icmp_ln254)> <Delay = 1.91> <CoreInst = "Adder">   --->   Core 1 'Adder' <Latency = 0> <II = 1> <Delay = 1.91> <FuncUnit> <Opcode : 'add' 'sub'> <InPorts = 2> <OutPorts = 1>

State 3 <SV = 2> <Delay = 10.6>
ST_3 : Operation 43 [1/1] (0.00ns)   --->   "%sext_ln38_8 = sext i9 %add_ln38" [cnn.cpp:38->cnn.cpp:257->cnn.cpp:394]   --->   Operation 43 'sext' 'sext_ln38_8' <Predicate = (!icmp_ln254)> <Delay = 0.00>
ST_3 : Operation 44 [4/4] (10.6ns)   --->   "%conv1_i_i7 = sitofp i32 %sext_ln38_8" [cnn.cpp:38->cnn.cpp:257->cnn.cpp:394]   --->   Operation 44 'sitofp' 'conv1_i_i7' <Predicate = (!icmp_ln254)> <Delay = 10.6> <CoreInst = "Int2Float">   --->   Core 62 'Int2Float' <Latency = 3> <II = 1> <Delay = 10.6> <FuncUnit> <Opcode : 'uitofp' 'sitofp'> <InPorts = 1> <OutPorts = 1>

State 4 <SV = 3> <Delay = 10.6>
ST_4 : Operation 45 [3/4] (10.6ns)   --->   "%conv1_i_i7 = sitofp i32 %sext_ln38_8" [cnn.cpp:38->cnn.cpp:257->cnn.cpp:394]   --->   Operation 45 'sitofp' 'conv1_i_i7' <Predicate = true> <Delay = 10.6> <CoreInst = "Int2Float">   --->   Core 62 'Int2Float' <Latency = 3> <II = 1> <Delay = 10.6> <FuncUnit> <Opcode : 'uitofp' 'sitofp'> <InPorts = 1> <OutPorts = 1>

State 5 <SV = 4> <Delay = 10.6>
ST_5 : Operation 46 [2/4] (10.6ns)   --->   "%conv1_i_i7 = sitofp i32 %sext_ln38_8" [cnn.cpp:38->cnn.cpp:257->cnn.cpp:394]   --->   Operation 46 'sitofp' 'conv1_i_i7' <Predicate = true> <Delay = 10.6> <CoreInst = "Int2Float">   --->   Core 62 'Int2Float' <Latency = 3> <II = 1> <Delay = 10.6> <FuncUnit> <Opcode : 'uitofp' 'sitofp'> <InPorts = 1> <OutPorts = 1>

State 6 <SV = 5> <Delay = 10.6>
ST_6 : Operation 47 [1/4] (10.6ns)   --->   "%conv1_i_i7 = sitofp i32 %sext_ln38_8" [cnn.cpp:38->cnn.cpp:257->cnn.cpp:394]   --->   Operation 47 'sitofp' 'conv1_i_i7' <Predicate = true> <Delay = 10.6> <CoreInst = "Int2Float">   --->   Core 62 'Int2Float' <Latency = 3> <II = 1> <Delay = 10.6> <FuncUnit> <Opcode : 'uitofp' 'sitofp'> <InPorts = 1> <OutPorts = 1>

State 7 <SV = 6> <Delay = 10.3>
ST_7 : Operation 48 [1/1] (0.00ns)   --->   "%zext_ln256_2 = zext i6 %ic_3" [cnn.cpp:256->cnn.cpp:394]   --->   Operation 48 'zext' 'zext_ln256_2' <Predicate = true> <Delay = 0.00>
ST_7 : Operation 49 [1/1] (1.73ns)   --->   "%add_ln256 = add i10 %zext_ln256_read, i10 %zext_ln256_2" [cnn.cpp:256->cnn.cpp:394]   --->   Operation 49 'add' 'add_ln256' <Predicate = true> <Delay = 1.73> <CoreInst = "Adder">   --->   Core 1 'Adder' <Latency = 0> <II = 1> <Delay = 1.73> <FuncUnit> <Opcode : 'add' 'sub'> <InPorts = 2> <OutPorts = 1>
ST_7 : Operation 50 [1/1] (0.00ns)   --->   "%zext_ln256_3 = zext i10 %add_ln256" [cnn.cpp:256->cnn.cpp:394]   --->   Operation 50 'zext' 'zext_ln256_3' <Predicate = true> <Delay = 0.00>
ST_7 : Operation 51 [1/1] (0.00ns)   --->   "%s3_out_addr = getelementptr i32 %s3_out, i64 0, i64 %zext_ln256_3" [cnn.cpp:256->cnn.cpp:394]   --->   Operation 51 'getelementptr' 's3_out_addr' <Predicate = true> <Delay = 0.00>
ST_7 : Operation 52 [2/2] (3.25ns)   --->   "%s3_out_load = load i10 %s3_out_addr" [cnn.cpp:256->cnn.cpp:394]   --->   Operation 52 'load' 's3_out_load' <Predicate = true> <Delay = 3.25> <CoreInst = "RAM">   --->   Core 81 'RAM' <Latency = 1> <II = 1> <Delay = 3.25> <Storage> <Opcode : 'load' 'store'> <Ports = 2> <Width = 32> <Depth = 736> <RAM>
ST_7 : Operation 53 [3/3] (10.3ns)   --->   "%mul_i_i7 = fmul i32 %conv1_i_i7, i32 0.0150244" [cnn.cpp:38->cnn.cpp:257->cnn.cpp:394]   --->   Operation 53 'fmul' 'mul_i_i7' <Predicate = true> <Delay = 10.3> <CoreInst = "FMul_maxdsp">   --->   Core 30 'FMul_maxdsp' <Latency = 2> <II = 1> <Delay = 10.3> <FuncUnit> <Opcode : 'fmul'> <InPorts = 2> <OutPorts = 1>

State 8 <SV = 7> <Delay = 10.3>
ST_8 : Operation 54 [1/2] ( I:3.25ns O:3.25ns )   --->   "%s3_out_load = load i10 %s3_out_addr" [cnn.cpp:256->cnn.cpp:394]   --->   Operation 54 'load' 's3_out_load' <Predicate = true> <Delay = 3.25> <CoreInst = "RAM">   --->   Core 81 'RAM' <Latency = 1> <II = 1> <Delay = 3.25> <Storage> <Opcode : 'load' 'store'> <Ports = 2> <Width = 32> <Depth = 736> <RAM>
ST_8 : Operation 55 [2/3] (10.3ns)   --->   "%mul_i_i7 = fmul i32 %conv1_i_i7, i32 0.0150244" [cnn.cpp:38->cnn.cpp:257->cnn.cpp:394]   --->   Operation 55 'fmul' 'mul_i_i7' <Predicate = true> <Delay = 10.3> <CoreInst = "FMul_maxdsp">   --->   Core 30 'FMul_maxdsp' <Latency = 2> <II = 1> <Delay = 10.3> <FuncUnit> <Opcode : 'fmul'> <InPorts = 2> <OutPorts = 1>

State 9 <SV = 8> <Delay = 10.3>
ST_9 : Operation 56 [1/3] (10.3ns)   --->   "%mul_i_i7 = fmul i32 %conv1_i_i7, i32 0.0150244" [cnn.cpp:38->cnn.cpp:257->cnn.cpp:394]   --->   Operation 56 'fmul' 'mul_i_i7' <Predicate = true> <Delay = 10.3> <CoreInst = "FMul_maxdsp">   --->   Core 30 'FMul_maxdsp' <Latency = 2> <II = 1> <Delay = 10.3> <FuncUnit> <Opcode : 'fmul'> <InPorts = 2> <OutPorts = 1>

State 10 <SV = 9> <Delay = 0.00>

State 11 <SV = 10> <Delay = 10.3>
ST_11 : Operation 57 [3/3] (10.3ns)   --->   "%mul_i7 = fmul i32 %s3_out_load, i32 %mul_i_i7" [cnn.cpp:256->cnn.cpp:394]   --->   Operation 57 'fmul' 'mul_i7' <Predicate = true> <Delay = 10.3> <CoreInst = "FMul_maxdsp">   --->   Core 30 'FMul_maxdsp' <Latency = 2> <II = 1> <Delay = 10.3> <FuncUnit> <Opcode : 'fmul'> <InPorts = 2> <OutPorts = 1>

State 12 <SV = 11> <Delay = 10.3>
ST_12 : Operation 58 [2/3] (10.3ns)   --->   "%mul_i7 = fmul i32 %s3_out_load, i32 %mul_i_i7" [cnn.cpp:256->cnn.cpp:394]   --->   Operation 58 'fmul' 'mul_i7' <Predicate = true> <Delay = 10.3> <CoreInst = "FMul_maxdsp">   --->   Core 30 'FMul_maxdsp' <Latency = 2> <II = 1> <Delay = 10.3> <FuncUnit> <Opcode : 'fmul'> <InPorts = 2> <OutPorts = 1>

State 13 <SV = 12> <Delay = 10.3>
ST_13 : Operation 59 [1/3] (10.3ns)   --->   "%mul_i7 = fmul i32 %s3_out_load, i32 %mul_i_i7" [cnn.cpp:256->cnn.cpp:394]   --->   Operation 59 'fmul' 'mul_i7' <Predicate = true> <Delay = 10.3> <CoreInst = "FMul_maxdsp">   --->   Core 30 'FMul_maxdsp' <Latency = 2> <II = 1> <Delay = 10.3> <FuncUnit> <Opcode : 'fmul'> <InPorts = 2> <OutPorts = 1>

State 14 <SV = 13> <Delay = 10.5>
ST_14 : Operation 60 [1/1] (0.00ns)   --->   "%acc_load_5 = load i32 %acc" [cnn.cpp:256->cnn.cpp:394]   --->   Operation 60 'load' 'acc_load_5' <Predicate = true> <Delay = 0.00>
ST_14 : Operation 61 [4/4] (10.5ns)   --->   "%acc_7 = fadd i32 %acc_load_5, i32 %mul_i7" [cnn.cpp:256->cnn.cpp:394]   --->   Operation 61 'fadd' 'acc_7' <Predicate = true> <Delay = 10.5> <CoreInst = "FAddSub_fulldsp">   --->   Core 18 'FAddSub_fulldsp' <Latency = 3> <II = 1> <Delay = 10.5> <FuncUnit> <Opcode : 'fadd' 'fsub'> <InPorts = 2> <OutPorts = 1>
ST_14 : Operation 70 [1/1] (0.00ns)   --->   "%acc_load = load i32 %acc"   --->   Operation 70 'load' 'acc_load' <Predicate = (icmp_ln254)> <Delay = 0.00>
ST_14 : Operation 71 [1/1] (0.00ns)   --->   "%write_ln0 = write void @_ssdm_op_Write.ap_auto.floatP0A, i32 %acc_28_out, i32 %acc_load"   --->   Operation 71 'write' 'write_ln0' <Predicate = (icmp_ln254)> <Delay = 0.00>
ST_14 : Operation 72 [1/1] (1.58ns)   --->   "%ret_ln0 = ret"   --->   Operation 72 'ret' 'ret_ln0' <Predicate = (icmp_ln254)> <Delay = 1.58>

State 15 <SV = 14> <Delay = 10.5>
ST_15 : Operation 62 [3/4] (10.5ns)   --->   "%acc_7 = fadd i32 %acc_load_5, i32 %mul_i7" [cnn.cpp:256->cnn.cpp:394]   --->   Operation 62 'fadd' 'acc_7' <Predicate = true> <Delay = 10.5> <CoreInst = "FAddSub_fulldsp">   --->   Core 18 'FAddSub_fulldsp' <Latency = 3> <II = 1> <Delay = 10.5> <FuncUnit> <Opcode : 'fadd' 'fsub'> <InPorts = 2> <OutPorts = 1>

State 16 <SV = 15> <Delay = 10.5>
ST_16 : Operation 63 [2/4] (10.5ns)   --->   "%acc_7 = fadd i32 %acc_load_5, i32 %mul_i7" [cnn.cpp:256->cnn.cpp:394]   --->   Operation 63 'fadd' 'acc_7' <Predicate = true> <Delay = 10.5> <CoreInst = "FAddSub_fulldsp">   --->   Core 18 'FAddSub_fulldsp' <Latency = 3> <II = 1> <Delay = 10.5> <FuncUnit> <Opcode : 'fadd' 'fsub'> <InPorts = 2> <OutPorts = 1>

State 17 <SV = 16> <Delay = 12.1>
ST_17 : Operation 64 [1/1] (0.00ns)   --->   "%specpipeline_ln255 = specpipeline void @_ssdm_op_SpecPipeline, i32 1, i32 0, i32 0, i32 0, void @empty_22" [cnn.cpp:255->cnn.cpp:394]   --->   Operation 64 'specpipeline' 'specpipeline_ln255' <Predicate = true> <Delay = 0.00>
ST_17 : Operation 65 [1/1] (0.00ns)   --->   "%speclooptripcount_ln254 = speclooptripcount void @_ssdm_op_SpecLoopTripCount, i64 32, i64 32, i64 32" [cnn.cpp:254->cnn.cpp:394]   --->   Operation 65 'speclooptripcount' 'speclooptripcount_ln254' <Predicate = true> <Delay = 0.00>
ST_17 : Operation 66 [1/1] (0.00ns)   --->   "%specloopname_ln254 = specloopname void @_ssdm_op_SpecLoopName, void @empty_41" [cnn.cpp:254->cnn.cpp:394]   --->   Operation 66 'specloopname' 'specloopname_ln254' <Predicate = true> <Delay = 0.00>
ST_17 : Operation 67 [1/4] (10.5ns)   --->   "%acc_7 = fadd i32 %acc_load_5, i32 %mul_i7" [cnn.cpp:256->cnn.cpp:394]   --->   Operation 67 'fadd' 'acc_7' <Predicate = true> <Delay = 10.5> <CoreInst = "FAddSub_fulldsp">   --->   Core 18 'FAddSub_fulldsp' <Latency = 3> <II = 1> <Delay = 10.5> <FuncUnit> <Opcode : 'fadd' 'fsub'> <InPorts = 2> <OutPorts = 1>
ST_17 : Operation 68 [1/1] (1.58ns)   --->   "%store_ln250 = store i32 %acc_7, i32 %acc" [cnn.cpp:250->cnn.cpp:394]   --->   Operation 68 'store' 'store_ln250' <Predicate = true> <Delay = 1.58>
ST_17 : Operation 69 [1/1] (0.00ns)   --->   "%br_ln254 = br void %for.inc.i224" [cnn.cpp:254->cnn.cpp:394]   --->   Operation 69 'br' 'br_ln254' <Predicate = true> <Delay = 0.00>


============================================================
+ Verbose Summary: Binding
============================================================
STG Binding: 
---------------- STG Properties BEGIN ----------------
- Is combinational: 0
- Is one-state seq: 0
- Is datapath-only: 0
- Is pipelined: 0
- Is top level: 0
Port [ Return ] is wired: 1; IO mode=ap_ctrl_hs:ce=0
Port [ acc_23]:  wired=1; compound=0; hidden=0; nouse=0; global=0; static=0; extern=0; dir=0; type=0; pingpong=0; private_global=0; IO mode=ap_none:ce=0
Port [ zext_ln256]:  wired=1; compound=0; hidden=0; nouse=0; global=0; static=0; extern=0; dir=0; type=0; pingpong=0; private_global=0; IO mode=ap_none:ce=0
Port [ zext_ln257]:  wired=1; compound=0; hidden=0; nouse=0; global=0; static=0; extern=0; dir=0; type=0; pingpong=0; private_global=0; IO mode=ap_none:ce=0
Port [ zext_ln249]:  wired=1; compound=0; hidden=0; nouse=0; global=0; static=0; extern=0; dir=0; type=0; pingpong=0; private_global=0; IO mode=ap_none:ce=0
Port [ acc_28_out]:  wired=1; compound=0; hidden=0; nouse=0; global=0; static=0; extern=0; dir=1; type=0; pingpong=0; private_global=0; IO mode=ap_vld:ce=0
Port [ s3_out]:  wired=1; compound=1; hidden=0; nouse=0; global=1; static=1; extern=0; dir=0; type=1; pingpong=0; private_global=0; MemPort=[13]; IO mode=ap_memory:ce=0
Port [ s4_conv_w]:  wired=0; compound=1; hidden=1; nouse=0; global=1; static=1; extern=0; dir=0; type=1; pingpong=0; private_global=1; MemPort=[1]; IO mode=ap_memory:ce=0
---------------- STG Properties END ------------------

---------------- Datapath Model BEGIN ----------------

<LifeTime>
<method=bitvector/>
acc                     (alloca           ) [ 011111111111111111]
ic                      (alloca           ) [ 010000000000000000]
zext_ln249_read         (read             ) [ 000000000000000000]
zext_ln257_read         (read             ) [ 000000000000000000]
zext_ln256_read         (read             ) [ 011111110000000000]
acc_23_read             (read             ) [ 000000000000000000]
store_ln254             (store            ) [ 000000000000000000]
store_ln250             (store            ) [ 000000000000000000]
br_ln0                  (br               ) [ 000000000000000000]
ic_3                    (load             ) [ 011111110000000000]
icmp_ln254              (icmp             ) [ 011111111111111000]
add_ln254               (add              ) [ 000000000000000000]
br_ln254                (br               ) [ 000000000000000000]
zext_ln256_1            (zext             ) [ 000000000000000000]
add_ln257               (add              ) [ 000000000000000000]
add_ln257_1             (bitconcatenate   ) [ 000000000000000000]
zext_ln257_1            (zext             ) [ 000000000000000000]
s4_conv_w_addr          (getelementptr    ) [ 001000000000000000]
store_ln254             (store            ) [ 000000000000000000]
s4_conv_w_load          (load             ) [ 000000000000000000]
sext_ln38               (sext             ) [ 000000000000000000]
add_ln38                (add              ) [ 000100000000000000]
sext_ln38_8             (sext             ) [ 011111100000000000]
conv1_i_i7              (sitofp           ) [ 011100011100000000]
zext_ln256_2            (zext             ) [ 000000000000000000]
add_ln256               (add              ) [ 000000000000000000]
zext_ln256_3            (zext             ) [ 000000000000000000]
s3_out_addr             (getelementptr    ) [ 001000001000000000]
s3_out_load             (load             ) [ 011100000111110000]
mul_i_i7                (fmul             ) [ 011100000011110000]
mul_i7                  (fmul             ) [ 011100000000001111]
acc_load_5              (load             ) [ 011100000000000111]
specpipeline_ln255      (specpipeline     ) [ 000000000000000000]
speclooptripcount_ln254 (speclooptripcount) [ 000000000000000000]
specloopname_ln254      (specloopname     ) [ 000000000000000000]
acc_7                   (fadd             ) [ 000000000000000000]
store_ln250             (store            ) [ 000000000000000000]
br_ln254                (br               ) [ 000000000000000000]
acc_load                (load             ) [ 000000000000000000]
write_ln0               (write            ) [ 000000000000000000]
ret_ln0                 (ret              ) [ 000000000000000000]
</LifeTime>

<model>

<comp_list>
<comp id="0" class="1000" name="acc_23">
<pin_list>
<pin id="1" dir="1" index="0" bw="1" slack="0"/>
</pin_list>
<bind>
<StgValue><ssdm name="acc_23"/></StgValue>
</bind>
</comp>

<comp id="2" class="1000" name="zext_ln256">
<pin_list>
<pin id="3" dir="1" index="0" bw="1" slack="0"/>
</pin_list>
<bind>
<StgValue><ssdm name="zext_ln256"/></StgValue>
</bind>
</comp>

<comp id="4" class="1000" name="zext_ln257">
<pin_list>
<pin id="5" dir="1" index="0" bw="1" slack="0"/>
</pin_list>
<bind>
<StgValue><ssdm name="zext_ln257"/></StgValue>
</bind>
</comp>

<comp id="6" class="1000" name="zext_ln249">
<pin_list>
<pin id="7" dir="1" index="0" bw="1" slack="0"/>
</pin_list>
<bind>
<StgValue><ssdm name="zext_ln249"/></StgValue>
</bind>
</comp>

<comp id="8" class="1000" name="acc_28_out">
<pin_list>
<pin id="9" dir="1" index="0" bw="1" slack="0"/>
</pin_list>
<bind>
<StgValue><ssdm name="acc_28_out"/></StgValue>
</bind>
</comp>

<comp id="10" class="1000" name="s3_out">
<pin_list>
<pin id="11" dir="1" index="0" bw="1" slack="0"/>
</pin_list>
<bind>
<StgValue><ssdm name="s3_out"/><MemPortTyVec>1 3 </MemPortTyVec>
</StgValue>
</bind>
</comp>

<comp id="12" class="1000" name="s4_conv_w">
<pin_list>
<pin id="13" dir="1" index="0" bw="1" slack="0"/>
</pin_list>
<bind>
<StgValue><ssdm name="s4_conv_w"/><MemPortTyVec>1 </MemPortTyVec>
</StgValue>
</bind>
</comp>

<comp id="14" class="1001" name="const_14">
<pin_list>
<pin id="15" dir="1" index="0" bw="1" slack="0"/>
</pin_list>
<bind>
<StgValue><ssdm name=""/></StgValue>
</bind>
</comp>

<comp id="16" class="1001" name="const_16">
<pin_list>
<pin id="17" dir="1" index="0" bw="1" slack="0"/>
</pin_list>
<bind>
<StgValue><ssdm name="_ssdm_op_Read.ap_auto.i6"/></StgValue>
</bind>
</comp>

<comp id="18" class="1001" name="const_18">
<pin_list>
<pin id="19" dir="1" index="0" bw="1" slack="0"/>
</pin_list>
<bind>
<StgValue><ssdm name="_ssdm_op_Read.ap_auto.i8"/></StgValue>
</bind>
</comp>

<comp id="20" class="1001" name="const_20">
<pin_list>
<pin id="21" dir="1" index="0" bw="1" slack="0"/>
</pin_list>
<bind>
<StgValue><ssdm name="_ssdm_op_Read.ap_auto.i10"/></StgValue>
</bind>
</comp>

<comp id="22" class="1001" name="const_22">
<pin_list>
<pin id="23" dir="1" index="0" bw="1" slack="0"/>
</pin_list>
<bind>
<StgValue><ssdm name="_ssdm_op_Read.ap_auto.float"/></StgValue>
</bind>
</comp>

<comp id="24" class="1001" name="const_24">
<pin_list>
<pin id="25" dir="1" index="0" bw="1" slack="0"/>
</pin_list>
<bind>
<StgValue><ssdm name=""/></StgValue>
</bind>
</comp>

<comp id="26" class="1001" name="const_26">
<pin_list>
<pin id="27" dir="1" index="0" bw="1" slack="0"/>
</pin_list>
<bind>
<StgValue><ssdm name=""/></StgValue>
</bind>
</comp>

<comp id="28" class="1001" name="const_28">
<pin_list>
<pin id="29" dir="1" index="0" bw="1" slack="0"/>
</pin_list>
<bind>
<StgValue><ssdm name=""/></StgValue>
</bind>
</comp>

<comp id="30" class="1001" name="const_30">
<pin_list>
<pin id="31" dir="1" index="0" bw="1" slack="0"/>
</pin_list>
<bind>
<StgValue><ssdm name="_ssdm_op_BitConcatenate.i14.i8.i6"/></StgValue>
</bind>
</comp>

<comp id="32" class="1001" name="const_32">
<pin_list>
<pin id="33" dir="1" index="0" bw="1" slack="0"/>
</pin_list>
<bind>
<StgValue><ssdm name=""/></StgValue>
</bind>
</comp>

<comp id="34" class="1001" name="const_34">
<pin_list>
<pin id="35" dir="1" index="0" bw="1" slack="0"/>
</pin_list>
<bind>
<StgValue><ssdm name=""/></StgValue>
</bind>
</comp>

<comp id="36" class="1001" name="const_36">
<pin_list>
<pin id="37" dir="1" index="0" bw="1" slack="0"/>
</pin_list>
<bind>
<StgValue><ssdm name=""/></StgValue>
</bind>
</comp>

<comp id="38" class="1001" name="const_38">
<pin_list>
<pin id="39" dir="1" index="0" bw="1" slack="2147483647"/>
</pin_list>
<bind>
<StgValue><ssdm name="_ssdm_op_SpecPipeline"/></StgValue>
</bind>
</comp>

<comp id="40" class="1001" name="const_40">
<pin_list>
<pin id="41" dir="1" index="0" bw="1" slack="2147483647"/>
</pin_list>
<bind>
<StgValue><ssdm name=""/></StgValue>
</bind>
</comp>

<comp id="42" class="1001" name="const_42">
<pin_list>
<pin id="43" dir="1" index="0" bw="1" slack="2147483647"/>
</pin_list>
<bind>
<StgValue><ssdm name="empty_22"/></StgValue>
</bind>
</comp>

<comp id="44" class="1001" name="const_44">
<pin_list>
<pin id="45" dir="1" index="0" bw="1" slack="2147483647"/>
</pin_list>
<bind>
<StgValue><ssdm name="_ssdm_op_SpecLoopTripCount"/></StgValue>
</bind>
</comp>

<comp id="46" class="1001" name="const_46">
<pin_list>
<pin id="47" dir="1" index="0" bw="1" slack="2147483647"/>
</pin_list>
<bind>
<StgValue><ssdm name=""/></StgValue>
</bind>
</comp>

<comp id="48" class="1001" name="const_48">
<pin_list>
<pin id="49" dir="1" index="0" bw="1" slack="2147483647"/>
</pin_list>
<bind>
<StgValue><ssdm name="_ssdm_op_SpecLoopName"/></StgValue>
</bind>
</comp>

<comp id="50" class="1001" name="const_50">
<pin_list>
<pin id="51" dir="1" index="0" bw="1" slack="2147483647"/>
</pin_list>
<bind>
<StgValue><ssdm name="empty_41"/></StgValue>
</bind>
</comp>

<comp id="52" class="1001" name="const_52">
<pin_list>
<pin id="53" dir="1" index="0" bw="1" slack="0"/>
</pin_list>
<bind>
<StgValue><ssdm name="_ssdm_op_Write.ap_auto.floatP0A"/></StgValue>
</bind>
</comp>

<comp id="54" class="1004" name="acc_fu_54">
<pin_list>
<pin id="55" dir="0" index="0" bw="1" slack="0"/>
<pin id="56" dir="1" index="1" bw="32" slack="0"/>
</pin_list>
<bind>
<opcode="alloca(26) " fcode="alloca"/>
<opset="acc/1 "/>
</bind>
</comp>

<comp id="58" class="1004" name="ic_fu_58">
<pin_list>
<pin id="59" dir="0" index="0" bw="1" slack="0"/>
<pin id="60" dir="1" index="1" bw="6" slack="0"/>
</pin_list>
<bind>
<opcode="alloca(26) " fcode="alloca"/>
<opset="ic/1 "/>
</bind>
</comp>

<comp id="62" class="1004" name="zext_ln249_read_read_fu_62">
<pin_list>
<pin id="63" dir="0" index="0" bw="6" slack="0"/>
<pin id="64" dir="0" index="1" bw="6" slack="0"/>
<pin id="65" dir="1" index="2" bw="6" slack="0"/>
</pin_list>
<bind>
<opcode="read(1150) " fcode="read"/>
<opset="zext_ln249_read/1 "/>
</bind>
</comp>

<comp id="68" class="1004" name="zext_ln257_read_read_fu_68">
<pin_list>
<pin id="69" dir="0" index="0" bw="8" slack="0"/>
<pin id="70" dir="0" index="1" bw="8" slack="0"/>
<pin id="71" dir="1" index="2" bw="8" slack="0"/>
</pin_list>
<bind>
<opcode="read(1150) " fcode="read"/>
<opset="zext_ln257_read/1 "/>
</bind>
</comp>

<comp id="74" class="1004" name="zext_ln256_read_read_fu_74">
<pin_list>
<pin id="75" dir="0" index="0" bw="10" slack="0"/>
<pin id="76" dir="0" index="1" bw="10" slack="0"/>
<pin id="77" dir="1" index="2" bw="10" slack="6"/>
</pin_list>
<bind>
<opcode="read(1150) " fcode="read"/>
<opset="zext_ln256_read/1 "/>
</bind>
</comp>

<comp id="80" class="1004" name="acc_23_read_read_fu_80">
<pin_list>
<pin id="81" dir="0" index="0" bw="32" slack="0"/>
<pin id="82" dir="0" index="1" bw="32" slack="0"/>
<pin id="83" dir="1" index="2" bw="32" slack="0"/>
</pin_list>
<bind>
<opcode="read(1150) " fcode="read"/>
<opset="acc_23_read/1 "/>
</bind>
</comp>

<comp id="86" class="1004" name="write_ln0_write_fu_86">
<pin_list>
<pin id="87" dir="0" index="0" bw="0" slack="0"/>
<pin id="88" dir="0" index="1" bw="32" slack="0"/>
<pin id="89" dir="0" index="2" bw="32" slack="0"/>
<pin id="90" dir="1" index="3" bw="0" slack="2147483647"/>
</pin_list>
<bind>
<opcode="write(1151) " fcode="write"/>
<opset="write_ln0/14 "/>
</bind>
</comp>

<comp id="93" class="1004" name="s4_conv_w_addr_gep_fu_93">
<pin_list>
<pin id="94" dir="0" index="0" bw="8" slack="0"/>
<pin id="95" dir="0" index="1" bw="1" slack="0"/>
<pin id="96" dir="0" index="2" bw="14" slack="0"/>
<pin id="97" dir="1" index="3" bw="14" slack="0"/>
</pin_list>
<bind>
<opcode="getelementptr(29) " fcode="getelementptr"/>
<opset="s4_conv_w_addr/1 "/>
</bind>
</comp>

<comp id="100" class="1004" name="grp_access_fu_100">
<pin_list>
<pin id="101" dir="0" index="0" bw="14" slack="0"/>
<pin id="102" dir="0" index="1" bw="8" slack="2147483647"/>
<pin id="103" dir="0" index="2" bw="0" slack="2147483647"/>
<pin id="104" dir="1" index="3" bw="8" slack="0"/>
</pin_list>
<bind>
<opcode="load(27) " fcode="load"/>
<opset="s4_conv_w_load/1 "/>
</bind>
</comp>

<comp id="106" class="1004" name="s3_out_addr_gep_fu_106">
<pin_list>
<pin id="107" dir="0" index="0" bw="32" slack="0"/>
<pin id="108" dir="0" index="1" bw="1" slack="0"/>
<pin id="109" dir="0" index="2" bw="10" slack="0"/>
<pin id="110" dir="1" index="3" bw="10" slack="0"/>
</pin_list>
<bind>
<opcode="getelementptr(29) " fcode="getelementptr"/>
<opset="s3_out_addr/7 "/>
</bind>
</comp>

<comp id="113" class="1004" name="grp_access_fu_113">
<pin_list>
<pin id="114" dir="0" index="0" bw="10" slack="0"/>
<pin id="115" dir="0" index="1" bw="32" slack="2147483647"/>
<pin id="116" dir="0" index="2" bw="0" slack="2147483647"/>
<pin id="117" dir="1" index="3" bw="32" slack="3"/>
</pin_list>
<bind>
<opcode="load(27) " fcode="load"/>
<opset="s3_out_load/7 "/>
</bind>
</comp>

<comp id="119" class="1004" name="grp_fu_119">
<pin_list>
<pin id="120" dir="0" index="0" bw="32" slack="0"/>
<pin id="121" dir="0" index="1" bw="32" slack="1"/>
<pin id="122" dir="1" index="2" bw="32" slack="0"/>
</pin_list>
<bind>
<opcode="fadd(9) " fcode="fadd"/>
<opset="acc_7/14 "/>
</bind>
</comp>

<comp id="123" class="1004" name="grp_fu_123">
<pin_list>
<pin id="124" dir="0" index="0" bw="32" slack="1"/>
<pin id="125" dir="0" index="1" bw="32" slack="0"/>
<pin id="126" dir="1" index="2" bw="32" slack="1"/>
</pin_list>
<bind>
<opcode="fmul(13) " fcode="fmul"/>
<opset="mul_i_i7/7 mul_i7/11 "/>
</bind>
</comp>

<comp id="128" class="1004" name="grp_fu_128">
<pin_list>
<pin id="129" dir="0" index="0" bw="9" slack="0"/>
<pin id="130" dir="1" index="1" bw="32" slack="1"/>
</pin_list>
<bind>
<opcode="sitofp(39) " fcode="sitofp"/>
<opset="conv1_i_i7/3 "/>
</bind>
</comp>

<comp id="131" class="1004" name="store_ln254_store_fu_131">
<pin_list>
<pin id="132" dir="0" index="0" bw="1" slack="0"/>
<pin id="133" dir="0" index="1" bw="6" slack="0"/>
<pin id="134" dir="1" index="2" bw="0" slack="2147483647"/>
</pin_list>
<bind>
<opcode="store(28) " fcode="store"/>
<opset="store_ln254/1 "/>
</bind>
</comp>

<comp id="136" class="1004" name="store_ln250_store_fu_136">
<pin_list>
<pin id="137" dir="0" index="0" bw="32" slack="0"/>
<pin id="138" dir="0" index="1" bw="32" slack="0"/>
<pin id="139" dir="1" index="2" bw="0" slack="2147483647"/>
</pin_list>
<bind>
<opcode="store(28) " fcode="store"/>
<opset="store_ln250/1 "/>
</bind>
</comp>

<comp id="141" class="1004" name="ic_3_load_fu_141">
<pin_list>
<pin id="142" dir="0" index="0" bw="6" slack="0"/>
<pin id="143" dir="1" index="1" bw="6" slack="0"/>
</pin_list>
<bind>
<opcode="load(27) " fcode="load"/>
<opset="ic_3/1 "/>
</bind>
</comp>

<comp id="144" class="1004" name="icmp_ln254_fu_144">
<pin_list>
<pin id="145" dir="0" index="0" bw="6" slack="0"/>
<pin id="146" dir="0" index="1" bw="6" slack="0"/>
<pin id="147" dir="1" index="2" bw="1" slack="1"/>
</pin_list>
<bind>
<opcode="icmp(45) " fcode="icmp"/>
<opset="icmp_ln254/1 "/>
</bind>
</comp>

<comp id="150" class="1004" name="add_ln254_fu_150">
<pin_list>
<pin id="151" dir="0" index="0" bw="6" slack="0"/>
<pin id="152" dir="0" index="1" bw="1" slack="0"/>
<pin id="153" dir="1" index="2" bw="6" slack="0"/>
</pin_list>
<bind>
<opcode="add(8) " fcode="add"/>
<opset="add_ln254/1 "/>
</bind>
</comp>

<comp id="156" class="1004" name="zext_ln256_1_fu_156">
<pin_list>
<pin id="157" dir="0" index="0" bw="6" slack="0"/>
<pin id="158" dir="1" index="1" bw="8" slack="0"/>
</pin_list>
<bind>
<opcode="zext(34) " fcode="zext"/>
<opset="zext_ln256_1/1 "/>
</bind>
</comp>

<comp id="160" class="1004" name="add_ln257_fu_160">
<pin_list>
<pin id="161" dir="0" index="0" bw="8" slack="0"/>
<pin id="162" dir="0" index="1" bw="6" slack="0"/>
<pin id="163" dir="1" index="2" bw="8" slack="0"/>
</pin_list>
<bind>
<opcode="add(8) " fcode="add"/>
<opset="add_ln257/1 "/>
</bind>
</comp>

<comp id="166" class="1004" name="add_ln257_1_fu_166">
<pin_list>
<pin id="167" dir="0" index="0" bw="14" slack="0"/>
<pin id="168" dir="0" index="1" bw="8" slack="0"/>
<pin id="169" dir="0" index="2" bw="6" slack="0"/>
<pin id="170" dir="1" index="3" bw="14" slack="0"/>
</pin_list>
<bind>
<opcode="bitconcatenate(1004) " fcode="bitconcatenate"/>
<opset="add_ln257_1/1 "/>
</bind>
</comp>

<comp id="174" class="1004" name="zext_ln257_1_fu_174">
<pin_list>
<pin id="175" dir="0" index="0" bw="14" slack="0"/>
<pin id="176" dir="1" index="1" bw="64" slack="0"/>
</pin_list>
<bind>
<opcode="zext(34) " fcode="zext"/>
<opset="zext_ln257_1/1 "/>
</bind>
</comp>

<comp id="179" class="1004" name="store_ln254_store_fu_179">
<pin_list>
<pin id="180" dir="0" index="0" bw="6" slack="0"/>
<pin id="181" dir="0" index="1" bw="6" slack="0"/>
<pin id="182" dir="1" index="2" bw="0" slack="2147483647"/>
</pin_list>
<bind>
<opcode="store(28) " fcode="store"/>
<opset="store_ln254/1 "/>
</bind>
</comp>

<comp id="184" class="1004" name="sext_ln38_fu_184">
<pin_list>
<pin id="185" dir="0" index="0" bw="8" slack="0"/>
<pin id="186" dir="1" index="1" bw="9" slack="0"/>
</pin_list>
<bind>
<opcode="sext(35) " fcode="sext"/>
<opset="sext_ln38/2 "/>
</bind>
</comp>

<comp id="188" class="1004" name="add_ln38_fu_188">
<pin_list>
<pin id="189" dir="0" index="0" bw="8" slack="0"/>
<pin id="190" dir="0" index="1" bw="7" slack="0"/>
<pin id="191" dir="1" index="2" bw="9" slack="1"/>
</pin_list>
<bind>
<opcode="add(8) " fcode="add"/>
<opset="add_ln38/2 "/>
</bind>
</comp>

<comp id="194" class="1004" name="sext_ln38_8_fu_194">
<pin_list>
<pin id="195" dir="0" index="0" bw="9" slack="1"/>
<pin id="196" dir="1" index="1" bw="32" slack="0"/>
</pin_list>
<bind>
<opcode="sext(35) " fcode="sext"/>
<opset="sext_ln38_8/3 "/>
</bind>
</comp>

<comp id="198" class="1004" name="zext_ln256_2_fu_198">
<pin_list>
<pin id="199" dir="0" index="0" bw="6" slack="6"/>
<pin id="200" dir="1" index="1" bw="10" slack="0"/>
</pin_list>
<bind>
<opcode="zext(34) " fcode="zext"/>
<opset="zext_ln256_2/7 "/>
</bind>
</comp>

<comp id="201" class="1004" name="add_ln256_fu_201">
<pin_list>
<pin id="202" dir="0" index="0" bw="10" slack="6"/>
<pin id="203" dir="0" index="1" bw="6" slack="0"/>
<pin id="204" dir="1" index="2" bw="10" slack="0"/>
</pin_list>
<bind>
<opcode="add(8) " fcode="add"/>
<opset="add_ln256/7 "/>
</bind>
</comp>

<comp id="206" class="1004" name="zext_ln256_3_fu_206">
<pin_list>
<pin id="207" dir="0" index="0" bw="10" slack="0"/>
<pin id="208" dir="1" index="1" bw="64" slack="0"/>
</pin_list>
<bind>
<opcode="zext(34) " fcode="zext"/>
<opset="zext_ln256_3/7 "/>
</bind>
</comp>

<comp id="211" class="1004" name="acc_load_5_load_fu_211">
<pin_list>
<pin id="212" dir="0" index="0" bw="32" slack="13"/>
<pin id="213" dir="1" index="1" bw="32" slack="0"/>
</pin_list>
<bind>
<opcode="load(27) " fcode="load"/>
<opset="acc_load_5/14 "/>
</bind>
</comp>

<comp id="215" class="1004" name="store_ln250_store_fu_215">
<pin_list>
<pin id="216" dir="0" index="0" bw="32" slack="0"/>
<pin id="217" dir="0" index="1" bw="32" slack="16"/>
<pin id="218" dir="1" index="2" bw="0" slack="2147483647"/>
</pin_list>
<bind>
<opcode="store(28) " fcode="store"/>
<opset="store_ln250/17 "/>
</bind>
</comp>

<comp id="220" class="1004" name="acc_load_load_fu_220">
<pin_list>
<pin id="221" dir="0" index="0" bw="32" slack="13"/>
<pin id="222" dir="1" index="1" bw="32" slack="0"/>
</pin_list>
<bind>
<opcode="load(27) " fcode="load"/>
<opset="acc_load/14 "/>
</bind>
</comp>

<comp id="224" class="1005" name="acc_reg_224">
<pin_list>
<pin id="225" dir="0" index="0" bw="32" slack="0"/>
<pin id="226" dir="1" index="1" bw="32" slack="0"/>
</pin_list>
<bind>
<opset="acc "/>
</bind>
</comp>

<comp id="232" class="1005" name="ic_reg_232">
<pin_list>
<pin id="233" dir="0" index="0" bw="6" slack="0"/>
<pin id="234" dir="1" index="1" bw="6" slack="0"/>
</pin_list>
<bind>
<opset="ic "/>
</bind>
</comp>

<comp id="239" class="1005" name="zext_ln256_read_reg_239">
<pin_list>
<pin id="240" dir="0" index="0" bw="10" slack="6"/>
<pin id="241" dir="1" index="1" bw="10" slack="6"/>
</pin_list>
<bind>
<opset="zext_ln256_read "/>
</bind>
</comp>

<comp id="244" class="1005" name="ic_3_reg_244">
<pin_list>
<pin id="245" dir="0" index="0" bw="6" slack="6"/>
<pin id="246" dir="1" index="1" bw="6" slack="6"/>
</pin_list>
<bind>
<opset="ic_3 "/>
</bind>
</comp>

<comp id="249" class="1005" name="icmp_ln254_reg_249">
<pin_list>
<pin id="250" dir="0" index="0" bw="1" slack="1"/>
<pin id="251" dir="1" index="1" bw="1" slack="2147483647"/>
</pin_list>
<bind>
<opset="icmp_ln254 "/>
</bind>
</comp>

<comp id="253" class="1005" name="s4_conv_w_addr_reg_253">
<pin_list>
<pin id="254" dir="0" index="0" bw="14" slack="1"/>
<pin id="255" dir="1" index="1" bw="14" slack="1"/>
</pin_list>
<bind>
<opset="s4_conv_w_addr "/>
</bind>
</comp>

<comp id="258" class="1005" name="add_ln38_reg_258">
<pin_list>
<pin id="259" dir="0" index="0" bw="9" slack="1"/>
<pin id="260" dir="1" index="1" bw="9" slack="1"/>
</pin_list>
<bind>
<opset="add_ln38 "/>
</bind>
</comp>

<comp id="263" class="1005" name="sext_ln38_8_reg_263">
<pin_list>
<pin id="264" dir="0" index="0" bw="32" slack="1"/>
<pin id="265" dir="1" index="1" bw="32" slack="1"/>
</pin_list>
<bind>
<opset="sext_ln38_8 "/>
</bind>
</comp>

<comp id="268" class="1005" name="conv1_i_i7_reg_268">
<pin_list>
<pin id="269" dir="0" index="0" bw="32" slack="1"/>
<pin id="270" dir="1" index="1" bw="32" slack="1"/>
</pin_list>
<bind>
<opset="conv1_i_i7 "/>
</bind>
</comp>

<comp id="273" class="1005" name="s3_out_addr_reg_273">
<pin_list>
<pin id="274" dir="0" index="0" bw="10" slack="1"/>
<pin id="275" dir="1" index="1" bw="10" slack="1"/>
</pin_list>
<bind>
<opset="s3_out_addr "/>
</bind>
</comp>

<comp id="278" class="1005" name="s3_out_load_reg_278">
<pin_list>
<pin id="279" dir="0" index="0" bw="32" slack="3"/>
<pin id="280" dir="1" index="1" bw="32" slack="3"/>
</pin_list>
<bind>
<opset="s3_out_load "/>
</bind>
</comp>

<comp id="283" class="1005" name="mul_i_i7_reg_283">
<pin_list>
<pin id="284" dir="0" index="0" bw="32" slack="2"/>
<pin id="285" dir="1" index="1" bw="32" slack="2"/>
</pin_list>
<bind>
<opset="mul_i_i7 "/>
</bind>
</comp>

<comp id="288" class="1005" name="mul_i7_reg_288">
<pin_list>
<pin id="289" dir="0" index="0" bw="32" slack="1"/>
<pin id="290" dir="1" index="1" bw="32" slack="1"/>
</pin_list>
<bind>
<opset="mul_i7 "/>
</bind>
</comp>

<comp id="293" class="1005" name="acc_load_5_reg_293">
<pin_list>
<pin id="294" dir="0" index="0" bw="32" slack="1"/>
<pin id="295" dir="1" index="1" bw="32" slack="1"/>
</pin_list>
<bind>
<opset="acc_load_5 "/>
</bind>
</comp>

</comp_list>

<net_list>
<net id="57"><net_src comp="14" pin="0"/><net_sink comp="54" pin=0"/></net>

<net id="61"><net_src comp="14" pin="0"/><net_sink comp="58" pin=0"/></net>

<net id="66"><net_src comp="16" pin="0"/><net_sink comp="62" pin=0"/></net>

<net id="67"><net_src comp="6" pin="0"/><net_sink comp="62" pin=1"/></net>

<net id="72"><net_src comp="18" pin="0"/><net_sink comp="68" pin=0"/></net>

<net id="73"><net_src comp="4" pin="0"/><net_sink comp="68" pin=1"/></net>

<net id="78"><net_src comp="20" pin="0"/><net_sink comp="74" pin=0"/></net>

<net id="79"><net_src comp="2" pin="0"/><net_sink comp="74" pin=1"/></net>

<net id="84"><net_src comp="22" pin="0"/><net_sink comp="80" pin=0"/></net>

<net id="85"><net_src comp="0" pin="0"/><net_sink comp="80" pin=1"/></net>

<net id="91"><net_src comp="52" pin="0"/><net_sink comp="86" pin=0"/></net>

<net id="92"><net_src comp="8" pin="0"/><net_sink comp="86" pin=1"/></net>

<net id="98"><net_src comp="12" pin="0"/><net_sink comp="93" pin=0"/></net>

<net id="99"><net_src comp="32" pin="0"/><net_sink comp="93" pin=1"/></net>

<net id="105"><net_src comp="93" pin="3"/><net_sink comp="100" pin=0"/></net>

<net id="111"><net_src comp="10" pin="0"/><net_sink comp="106" pin=0"/></net>

<net id="112"><net_src comp="32" pin="0"/><net_sink comp="106" pin=1"/></net>

<net id="118"><net_src comp="106" pin="3"/><net_sink comp="113" pin=0"/></net>

<net id="127"><net_src comp="36" pin="0"/><net_sink comp="123" pin=1"/></net>

<net id="135"><net_src comp="24" pin="0"/><net_sink comp="131" pin=0"/></net>

<net id="140"><net_src comp="80" pin="2"/><net_sink comp="136" pin=0"/></net>

<net id="148"><net_src comp="141" pin="1"/><net_sink comp="144" pin=0"/></net>

<net id="149"><net_src comp="26" pin="0"/><net_sink comp="144" pin=1"/></net>

<net id="154"><net_src comp="141" pin="1"/><net_sink comp="150" pin=0"/></net>

<net id="155"><net_src comp="28" pin="0"/><net_sink comp="150" pin=1"/></net>

<net id="159"><net_src comp="141" pin="1"/><net_sink comp="156" pin=0"/></net>

<net id="164"><net_src comp="68" pin="2"/><net_sink comp="160" pin=0"/></net>

<net id="165"><net_src comp="156" pin="1"/><net_sink comp="160" pin=1"/></net>

<net id="171"><net_src comp="30" pin="0"/><net_sink comp="166" pin=0"/></net>

<net id="172"><net_src comp="160" pin="2"/><net_sink comp="166" pin=1"/></net>

<net id="173"><net_src comp="62" pin="2"/><net_sink comp="166" pin=2"/></net>

<net id="177"><net_src comp="166" pin="3"/><net_sink comp="174" pin=0"/></net>

<net id="178"><net_src comp="174" pin="1"/><net_sink comp="93" pin=2"/></net>

<net id="183"><net_src comp="150" pin="2"/><net_sink comp="179" pin=0"/></net>

<net id="187"><net_src comp="100" pin="3"/><net_sink comp="184" pin=0"/></net>

<net id="192"><net_src comp="184" pin="1"/><net_sink comp="188" pin=0"/></net>

<net id="193"><net_src comp="34" pin="0"/><net_sink comp="188" pin=1"/></net>

<net id="197"><net_src comp="194" pin="1"/><net_sink comp="128" pin=0"/></net>

<net id="205"><net_src comp="198" pin="1"/><net_sink comp="201" pin=1"/></net>

<net id="209"><net_src comp="201" pin="2"/><net_sink comp="206" pin=0"/></net>

<net id="210"><net_src comp="206" pin="1"/><net_sink comp="106" pin=2"/></net>

<net id="214"><net_src comp="211" pin="1"/><net_sink comp="119" pin=0"/></net>

<net id="219"><net_src comp="119" pin="2"/><net_sink comp="215" pin=0"/></net>

<net id="223"><net_src comp="220" pin="1"/><net_sink comp="86" pin=2"/></net>

<net id="227"><net_src comp="54" pin="1"/><net_sink comp="224" pin=0"/></net>

<net id="228"><net_src comp="224" pin="1"/><net_sink comp="136" pin=1"/></net>

<net id="229"><net_src comp="224" pin="1"/><net_sink comp="211" pin=0"/></net>

<net id="230"><net_src comp="224" pin="1"/><net_sink comp="215" pin=1"/></net>

<net id="231"><net_src comp="224" pin="1"/><net_sink comp="220" pin=0"/></net>

<net id="235"><net_src comp="58" pin="1"/><net_sink comp="232" pin=0"/></net>

<net id="236"><net_src comp="232" pin="1"/><net_sink comp="131" pin=1"/></net>

<net id="237"><net_src comp="232" pin="1"/><net_sink comp="141" pin=0"/></net>

<net id="238"><net_src comp="232" pin="1"/><net_sink comp="179" pin=1"/></net>

<net id="242"><net_src comp="74" pin="2"/><net_sink comp="239" pin=0"/></net>

<net id="243"><net_src comp="239" pin="1"/><net_sink comp="201" pin=0"/></net>

<net id="247"><net_src comp="141" pin="1"/><net_sink comp="244" pin=0"/></net>

<net id="248"><net_src comp="244" pin="1"/><net_sink comp="198" pin=0"/></net>

<net id="252"><net_src comp="144" pin="2"/><net_sink comp="249" pin=0"/></net>

<net id="256"><net_src comp="93" pin="3"/><net_sink comp="253" pin=0"/></net>

<net id="257"><net_src comp="253" pin="1"/><net_sink comp="100" pin=0"/></net>

<net id="261"><net_src comp="188" pin="2"/><net_sink comp="258" pin=0"/></net>

<net id="262"><net_src comp="258" pin="1"/><net_sink comp="194" pin=0"/></net>

<net id="266"><net_src comp="194" pin="1"/><net_sink comp="263" pin=0"/></net>

<net id="267"><net_src comp="263" pin="1"/><net_sink comp="128" pin=0"/></net>

<net id="271"><net_src comp="128" pin="1"/><net_sink comp="268" pin=0"/></net>

<net id="272"><net_src comp="268" pin="1"/><net_sink comp="123" pin=0"/></net>

<net id="276"><net_src comp="106" pin="3"/><net_sink comp="273" pin=0"/></net>

<net id="277"><net_src comp="273" pin="1"/><net_sink comp="113" pin=0"/></net>

<net id="281"><net_src comp="113" pin="3"/><net_sink comp="278" pin=0"/></net>

<net id="282"><net_src comp="278" pin="1"/><net_sink comp="123" pin=0"/></net>

<net id="286"><net_src comp="123" pin="2"/><net_sink comp="283" pin=0"/></net>

<net id="287"><net_src comp="283" pin="1"/><net_sink comp="123" pin=1"/></net>

<net id="291"><net_src comp="123" pin="2"/><net_sink comp="288" pin=0"/></net>

<net id="292"><net_src comp="288" pin="1"/><net_sink comp="119" pin=1"/></net>

<net id="296"><net_src comp="211" pin="1"/><net_sink comp="293" pin=0"/></net>

<net id="297"><net_src comp="293" pin="1"/><net_sink comp="119" pin=0"/></net>

</net_list>

</model> 
---------------- Datapath Model END ------------------

* FSMD analyzer results:
  - Output states:
	Port: acc_28_out | {14 }
 - Input state : 
	Port: ecg_cnn_top_Pipeline_VITIS_LOOP_254_4 : acc_23 | {1 }
	Port: ecg_cnn_top_Pipeline_VITIS_LOOP_254_4 : zext_ln256 | {1 }
	Port: ecg_cnn_top_Pipeline_VITIS_LOOP_254_4 : zext_ln257 | {1 }
	Port: ecg_cnn_top_Pipeline_VITIS_LOOP_254_4 : zext_ln249 | {1 }
	Port: ecg_cnn_top_Pipeline_VITIS_LOOP_254_4 : s3_out | {7 8 }
	Port: ecg_cnn_top_Pipeline_VITIS_LOOP_254_4 : s4_conv_w | {1 2 }
  - Chain level:
	State 1
		store_ln254 : 1
		ic_3 : 1
		icmp_ln254 : 2
		add_ln254 : 2
		br_ln254 : 3
		zext_ln256_1 : 2
		add_ln257 : 3
		add_ln257_1 : 4
		zext_ln257_1 : 5
		s4_conv_w_addr : 6
		s4_conv_w_load : 7
		store_ln254 : 3
	State 2
		sext_ln38 : 1
		add_ln38 : 2
	State 3
		conv1_i_i7 : 1
	State 4
	State 5
	State 6
	State 7
		add_ln256 : 1
		zext_ln256_3 : 2
		s3_out_addr : 3
		s3_out_load : 4
	State 8
	State 9
	State 10
	State 11
	State 12
	State 13
	State 14
		acc_7 : 1
		write_ln0 : 1
	State 15
	State 16
	State 17
		store_ln250 : 1


============================================================
+ Verbose Summary: Datapath Resource usage 
============================================================

* Functional unit list:
|----------|----------------------------|---------|---------|---------|
| Operation|       Functional Unit      |   DSP   |    FF   |   LUT   |
|----------|----------------------------|---------|---------|---------|
|   fadd   |         grp_fu_119         |    2    |   227   |   403   |
|----------|----------------------------|---------|---------|---------|
|   fmul   |         grp_fu_123         |    3    |   128   |   320   |
|----------|----------------------------|---------|---------|---------|
|          |      add_ln254_fu_150      |    0    |    0    |    14   |
|    add   |      add_ln257_fu_160      |    0    |    0    |    15   |
|          |       add_ln38_fu_188      |    0    |    0    |    15   |
|          |      add_ln256_fu_201      |    0    |    0    |    13   |
|----------|----------------------------|---------|---------|---------|
|   icmp   |      icmp_ln254_fu_144     |    0    |    0    |    14   |
|----------|----------------------------|---------|---------|---------|
|          | zext_ln249_read_read_fu_62 |    0    |    0    |    0    |
|   read   | zext_ln257_read_read_fu_68 |    0    |    0    |    0    |
|          | zext_ln256_read_read_fu_74 |    0    |    0    |    0    |
|          |   acc_23_read_read_fu_80   |    0    |    0    |    0    |
|----------|----------------------------|---------|---------|---------|
|   write  |    write_ln0_write_fu_86   |    0    |    0    |    0    |
|----------|----------------------------|---------|---------|---------|
|  sitofp  |         grp_fu_128         |    0    |    0    |    0    |
|----------|----------------------------|---------|---------|---------|
|          |     zext_ln256_1_fu_156    |    0    |    0    |    0    |
|   zext   |     zext_ln257_1_fu_174    |    0    |    0    |    0    |
|          |     zext_ln256_2_fu_198    |    0    |    0    |    0    |
|          |     zext_ln256_3_fu_206    |    0    |    0    |    0    |
|----------|----------------------------|---------|---------|---------|
|bitconcatenate|     add_ln257_1_fu_166     |    0    |    0    |    0    |
|----------|----------------------------|---------|---------|---------|
|   sext   |      sext_ln38_fu_184      |    0    |    0    |    0    |
|          |     sext_ln38_8_fu_194     |    0    |    0    |    0    |
|----------|----------------------------|---------|---------|---------|
|   Total  |                            |    5    |   355   |   794   |
|----------|----------------------------|---------|---------|---------|

Memories:
N/A

* Register list:
+-----------------------+--------+
|                       |   FF   |
+-----------------------+--------+
|   acc_load_5_reg_293  |   32   |
|      acc_reg_224      |   32   |
|    add_ln38_reg_258   |    9   |
|   conv1_i_i7_reg_268  |   32   |
|      ic_3_reg_244     |    6   |
|       ic_reg_232      |    6   |
|   icmp_ln254_reg_249  |    1   |
|     mul_i7_reg_288    |   32   |
|    mul_i_i7_reg_283   |   32   |
|  s3_out_addr_reg_273  |   10   |
|  s3_out_load_reg_278  |   32   |
| s4_conv_w_addr_reg_253|   14   |
|  sext_ln38_8_reg_263  |   32   |
|zext_ln256_read_reg_239|   10   |
+-----------------------+--------+
|         Total         |   280  |
+-----------------------+--------+

* Multiplexer (MUX) list: 
|-------------------|------|------|------|--------||---------||---------||---------|
|        Comp       |  Pin | Size |  BW  | S x BW ||  Delay  ||    FF   ||   LUT   |
|-------------------|------|------|------|--------||---------||---------||---------|
| grp_access_fu_100 |  p0  |   2  |  14  |   28   ||    0    ||    9    |
| grp_access_fu_113 |  p0  |   2  |  10  |   20   ||    0    ||    9    |
|     grp_fu_119    |  p0  |   2  |  32  |   64   ||    0    ||    9    |
|     grp_fu_123    |  p0  |   2  |  32  |   64   ||    0    ||    9    |
|     grp_fu_123    |  p1  |   2  |  32  |   64   ||    0    ||    9    |
|     grp_fu_128    |  p0  |   2  |   9  |   18   ||    0    ||    9    |
|-------------------|------|------|------|--------||---------||---------||---------|
|       Total       |      |      |      |   258  ||  9.528  ||    0    ||    54   |
|-------------------|------|------|------|--------||---------||---------||---------|



* Summary:
+-----------+--------+--------+--------+--------+
|           |   DSP  |  Delay |   FF   |   LUT  |
+-----------+--------+--------+--------+--------+
|  Function |    5   |    -   |   355  |   794  |
|   Memory  |    -   |    -   |    -   |    -   |
|Multiplexer|    -   |    9   |    0   |   54   |
|  Register |    -   |    -   |   280  |    -   |
+-----------+--------+--------+--------+--------+
|   Total   |    5   |    9   |   635  |   848  |
+-----------+--------+--------+--------+--------+
