

================================================================
== Vitis HLS Report for 'ecg_cnn_top_Pipeline_VITIS_LOOP_310_2'
================================================================
* Date:           Tue Mar 31 12:27:59 2026

* Version:        2025.1 (Build 6135595 on May 21 2025)
* Project:        ecg_cnn_top
* Solution:       hls (Vivado IP Flow Target)
* Product family: zynq
* Target device:  xc7z020-clg400-1


================================================================
== Performance Estimates
================================================================
+ Timing: 
    * Summary: 
    +--------+----------+-----------+------------+
    |  Clock |  Target  | Estimated | Uncertainty|
    +--------+----------+-----------+------------+
    |ap_clk  |  15.00 ns|  12.121 ns|     4.05 ns|
    +--------+----------+-----------+------------+

+ Latency: 
    * Summary: 
    +---------+---------+----------+----------+-----+-----+------------------------------------------------+
    |  Latency (cycles) |  Latency (absolute) |  Interval |                    Pipeline                    |
    |   min   |   max   |    min   |    max   | min | max |                      Type                      |
    +---------+---------+----------+----------+-----+-----+------------------------------------------------+
    |      207|      207|  3.105 us|  3.105 us|  195|  195|  loop auto-rewind stp (delay=0 clock cycles(s))|
    +---------+---------+----------+----------+-----+-----+------------------------------------------------+

    + Detail: 
        * Instance: 
        N/A

        * Loop: 
        +--------------------+---------+---------+----------+-----------+-----------+------+----------+
        |                    |  Latency (cycles) | Iteration|  Initiation Interval  | Trip |          |
        |      Loop Name     |   min   |   max   |  Latency |  achieved |   target  | Count| Pipelined|
        +--------------------+---------+---------+----------+-----------+-----------+------+----------+
        |- VITIS_LOOP_310_2  |      205|      205|        17|          3|          1|    64|       yes|
        +--------------------+---------+---------+----------+-----------+-----------+------+----------+

============================================================
+ Verbose Summary: Synthesis Manager
============================================================
InlineROM: 1
ExposeGlobal: 0
============================================================
+ Verbose Summary: CDFG Model
============================================================
IsTopModel: 0
ResetActiveHigh: 1
IsCombinational: 0
IsDatapathOnly: 0
HasWiredReturn: 1
HasMFsm: 2
HasVarLatency: 1
IsPipeline: 0
IsRtlPipelined: 0
IsInstanceOverlapped: 0
IsDontTouch: 0
HasImplIP: 0
IsGatedGlobalClock: 0

+ Individual pipeline summary: 
  * Pipeline-0: initiation interval (II) = 3, depth = 17


============================================================
+ Verbose Summary: Schedule
============================================================
* Number of FSM states : 17
* Pipeline : 1
  Pipeline-0 : II = 3, D = 17, States = { 1 2 3 4 5 6 7 8 9 10 11 12 13 14 15 16 17 }
* Dataflow Pipeline: 0

* FSM state transitions: 
1 --> 2 
2 --> 3 
3 --> 4 
4 --> 5 
5 --> 6 
6 --> 7 
7 --> 8 
8 --> 9 
9 --> 10 
10 --> 11 
11 --> 12 
12 --> 13 
13 --> 14 
14 --> 15 
15 --> 16 
16 --> 17 
17 --> 

* FSM state operations: 

State 1 <SV = 0> <Delay = 5.04>
ST_1 : Operation 20 [1/1] (0.00ns)   --->   "%acc = alloca i32 1" [cnn.cpp:309->cnn.cpp:397]   --->   Operation 20 'alloca' 'acc' <Predicate = true> <Delay = 0.00>
ST_1 : Operation 21 [1/1] (0.00ns)   --->   "%i = alloca i32 1" [cnn.cpp:310->cnn.cpp:397]   --->   Operation 21 'alloca' 'i' <Predicate = true> <Delay = 0.00>
ST_1 : Operation 22 [1/1] (0.00ns)   --->   "%ecg_mulmulcnn_top_float_float_fc1_out_lo_signed_char_double_read = read i32 @_ssdm_op_Read.ap_auto.float, i32 %ecg_cnn_top_float_float_fc1_out"   --->   Operation 22 'read' 'ecg_mulmulcnn_top_float_float_fc1_out_lo_signed_char_double_read' <Predicate = true> <Delay = 0.00>
ST_1 : Operation 23 [1/1] (0.00ns)   --->   "%ecg_mulmulcnn_top_float_float_fc1_out_l_unsigned_int128_signed_char_double_read = read i32 @_ssdm_op_Read.ap_auto.float, i32 %ecg_cnn_top_float_float_fc1_out_92"   --->   Operation 23 'read' 'ecg_mulmulcnn_top_float_float_fc1_out_l_unsigned_int128_signed_char_double_read' <Predicate = true> <Delay = 0.00>
ST_1 : Operation 24 [1/1] (0.00ns)   --->   "%ecg_mulmulcnn_top_float_float_fc1_out_long_unsigned_int128_signed_char_double_read = read i32 @_ssdm_op_Read.ap_auto.float, i32 %ecg_cnn_top_float_float_fc1_out_91"   --->   Operation 24 'read' 'ecg_mulmulcnn_top_float_float_fc1_out_long_unsigned_int128_signed_char_double_read' <Predicate = true> <Delay = 0.00>
ST_1 : Operation 25 [1/1] (0.00ns)   --->   "%p_ZZ11ecg_cnn_topPfS_E7fc1_out_60_load_read = read i32 @_ssdm_op_Read.ap_auto.float, i32 %p_ZZ11ecg_cnn_topPfS_E7fc1_out_60_load"   --->   Operation 25 'read' 'p_ZZ11ecg_cnn_topPfS_E7fc1_out_60_load_read' <Predicate = true> <Delay = 0.00>
ST_1 : Operation 26 [1/1] (0.00ns)   --->   "%ecg_cnn_top_float_float_fc1_out_134 = read i32 @_ssdm_op_Read.ap_auto.float, i32 %p_ZZ11ecg_cnn_topPfS_E7fc1_out_59_load"   --->   Operation 26 'read' 'ecg_cnn_top_float_float_fc1_out_134' <Predicate = true> <Delay = 0.00>
ST_1 : Operation 27 [1/1] (0.00ns)   --->   "%ecg_cnn_top_float_float_fc1_out_135 = read i32 @_ssdm_op_Read.ap_auto.float, i32 %p_ZZ11ecg_cnn_topPfS_E7fc1_out_58_load"   --->   Operation 27 'read' 'ecg_cnn_top_float_float_fc1_out_135' <Predicate = true> <Delay = 0.00>
ST_1 : Operation 28 [1/1] (0.00ns)   --->   "%ecg_cnn_top_float_float_fc1_out_136 = read i32 @_ssdm_op_Read.ap_auto.float, i32 %p_ZZ11ecg_cnn_topPfS_E7fc1_out_57_load"   --->   Operation 28 'read' 'ecg_cnn_top_float_float_fc1_out_136' <Predicate = true> <Delay = 0.00>
ST_1 : Operation 29 [1/1] (0.00ns)   --->   "%ecg_cnn_top_float_float_fc1_out_137 = read i32 @_ssdm_op_Read.ap_auto.float, i32 %p_ZZ11ecg_cnn_topPfS_E7fc1_out_56_load"   --->   Operation 29 'read' 'ecg_cnn_top_float_float_fc1_out_137' <Predicate = true> <Delay = 0.00>
ST_1 : Operation 30 [1/1] (0.00ns)   --->   "%ecg_mulmulcnn_top_float_float_fc1_out_load_read = read i32 @_ssdm_op_Read.ap_auto.float, i32 %ecg_cnn_top_float_float_fc1_out_90"   --->   Operation 30 'read' 'ecg_mulmulcnn_top_float_float_fc1_out_load_read' <Predicate = true> <Delay = 0.00>
ST_1 : Operation 31 [1/1] (0.00ns)   --->   "%ecg_mulmulcnn_top_float_float_fc1_out_loa_double_read = read i32 @_ssdm_op_Read.ap_auto.float, i32 %ecg_cnn_top_float_float_fc1_out_89"   --->   Operation 31 'read' 'ecg_mulmulcnn_top_float_float_fc1_out_loa_double_read' <Predicate = true> <Delay = 0.00>
ST_1 : Operation 32 [1/1] (0.00ns)   --->   "%ecg_mulmulcnn_top_float_float_fc1_out_lo_signed_char_double_read_138 = read i32 @_ssdm_op_Read.ap_auto.float, i32 %ecg_cnn_top_float_float_fc1_out_88"   --->   Operation 32 'read' 'ecg_mulmulcnn_top_float_float_fc1_out_lo_signed_char_double_read_138' <Predicate = true> <Delay = 0.00>
ST_1 : Operation 33 [1/1] (0.00ns)   --->   "%ecg_mulmulcnn_top_float_float_fc1_out_l_unsigned_int128_signed_char_double_read_139 = read i32 @_ssdm_op_Read.ap_auto.float, i32 %ecg_cnn_top_float_float_fc1_out_87"   --->   Operation 33 'read' 'ecg_mulmulcnn_top_float_float_fc1_out_l_unsigned_int128_signed_char_double_read_139' <Predicate = true> <Delay = 0.00>
ST_1 : Operation 34 [1/1] (0.00ns)   --->   "%ecg_mulmulcnn_top_float_float_fc1_out_long_unsigned_int128_signed_char_double_read_140 = read i32 @_ssdm_op_Read.ap_auto.float, i32 %ecg_cnn_top_float_float_fc1_out_86"   --->   Operation 34 'read' 'ecg_mulmulcnn_top_float_float_fc1_out_long_unsigned_int128_signed_char_double_read_140' <Predicate = true> <Delay = 0.00>
ST_1 : Operation 35 [1/1] (0.00ns)   --->   "%p_ZZ11ecg_cnn_topPfS_E7fc1_out_50_load_read = read i32 @_ssdm_op_Read.ap_auto.float, i32 %p_ZZ11ecg_cnn_topPfS_E7fc1_out_50_load"   --->   Operation 35 'read' 'p_ZZ11ecg_cnn_topPfS_E7fc1_out_50_load_read' <Predicate = true> <Delay = 0.00>
ST_1 : Operation 36 [1/1] (0.00ns)   --->   "%ecg_cnn_top_float_float_fc1_out_141 = read i32 @_ssdm_op_Read.ap_auto.float, i32 %p_ZZ11ecg_cnn_topPfS_E7fc1_out_49_load"   --->   Operation 36 'read' 'ecg_cnn_top_float_float_fc1_out_141' <Predicate = true> <Delay = 0.00>
ST_1 : Operation 37 [1/1] (0.00ns)   --->   "%ecg_cnn_top_float_float_fc1_out_142 = read i32 @_ssdm_op_Read.ap_auto.float, i32 %p_ZZ11ecg_cnn_topPfS_E7fc1_out_48_load"   --->   Operation 37 'read' 'ecg_cnn_top_float_float_fc1_out_142' <Predicate = true> <Delay = 0.00>
ST_1 : Operation 38 [1/1] (0.00ns)   --->   "%ecg_cnn_top_float_float_fc1_out_143 = read i32 @_ssdm_op_Read.ap_auto.float, i32 %p_ZZ11ecg_cnn_topPfS_E7fc1_out_47_load"   --->   Operation 38 'read' 'ecg_cnn_top_float_float_fc1_out_143' <Predicate = true> <Delay = 0.00>
ST_1 : Operation 39 [1/1] (0.00ns)   --->   "%ecg_cnn_top_float_float_fc1_out_144 = read i32 @_ssdm_op_Read.ap_auto.float, i32 %p_ZZ11ecg_cnn_topPfS_E7fc1_out_46_load"   --->   Operation 39 'read' 'ecg_cnn_top_float_float_fc1_out_144' <Predicate = true> <Delay = 0.00>
ST_1 : Operation 40 [1/1] (0.00ns)   --->   "%ecg_mulmulcnn_top_float_float_fc1_out_load_read_145 = read i32 @_ssdm_op_Read.ap_auto.float, i32 %ecg_cnn_top_float_float_fc1_out_85"   --->   Operation 40 'read' 'ecg_mulmulcnn_top_float_float_fc1_out_load_read_145' <Predicate = true> <Delay = 0.00>
ST_1 : Operation 41 [1/1] (0.00ns)   --->   "%ecg_mulmulcnn_top_float_float_fc1_out_loa_double_read_146 = read i32 @_ssdm_op_Read.ap_auto.float, i32 %ecg_cnn_top_float_float_fc1_out_84"   --->   Operation 41 'read' 'ecg_mulmulcnn_top_float_float_fc1_out_loa_double_read_146' <Predicate = true> <Delay = 0.00>
ST_1 : Operation 42 [1/1] (0.00ns)   --->   "%ecg_mulmulcnn_top_float_float_fc1_out_lo_signed_char_double_read_147 = read i32 @_ssdm_op_Read.ap_auto.float, i32 %ecg_cnn_top_float_float_fc1_out_83"   --->   Operation 42 'read' 'ecg_mulmulcnn_top_float_float_fc1_out_lo_signed_char_double_read_147' <Predicate = true> <Delay = 0.00>
ST_1 : Operation 43 [1/1] (0.00ns)   --->   "%ecg_mulmulcnn_top_float_float_fc1_out_l_unsigned_int128_signed_char_double_read_148 = read i32 @_ssdm_op_Read.ap_auto.float, i32 %ecg_cnn_top_float_float_fc1_out_82"   --->   Operation 43 'read' 'ecg_mulmulcnn_top_float_float_fc1_out_l_unsigned_int128_signed_char_double_read_148' <Predicate = true> <Delay = 0.00>
ST_1 : Operation 44 [1/1] (0.00ns)   --->   "%ecg_mulmulcnn_top_float_float_fc1_out_long_unsigned_int128_signed_char_double_read_149 = read i32 @_ssdm_op_Read.ap_auto.float, i32 %ecg_cnn_top_float_float_fc1_out_81"   --->   Operation 44 'read' 'ecg_mulmulcnn_top_float_float_fc1_out_long_unsigned_int128_signed_char_double_read_149' <Predicate = true> <Delay = 0.00>
ST_1 : Operation 45 [1/1] (0.00ns)   --->   "%p_ZZ11ecg_cnn_topPfS_E7fc1_out_40_load_read = read i32 @_ssdm_op_Read.ap_auto.float, i32 %p_ZZ11ecg_cnn_topPfS_E7fc1_out_40_load"   --->   Operation 45 'read' 'p_ZZ11ecg_cnn_topPfS_E7fc1_out_40_load_read' <Predicate = true> <Delay = 0.00>
ST_1 : Operation 46 [1/1] (0.00ns)   --->   "%ecg_cnn_top_float_float_fc1_out_150 = read i32 @_ssdm_op_Read.ap_auto.float, i32 %p_ZZ11ecg_cnn_topPfS_E7fc1_out_39_load"   --->   Operation 46 'read' 'ecg_cnn_top_float_float_fc1_out_150' <Predicate = true> <Delay = 0.00>
ST_1 : Operation 47 [1/1] (0.00ns)   --->   "%ecg_cnn_top_float_float_fc1_out_151 = read i32 @_ssdm_op_Read.ap_auto.float, i32 %p_ZZ11ecg_cnn_topPfS_E7fc1_out_38_load"   --->   Operation 47 'read' 'ecg_cnn_top_float_float_fc1_out_151' <Predicate = true> <Delay = 0.00>
ST_1 : Operation 48 [1/1] (0.00ns)   --->   "%ecg_cnn_top_float_float_fc1_out_152 = read i32 @_ssdm_op_Read.ap_auto.float, i32 %p_ZZ11ecg_cnn_topPfS_E7fc1_out_37_load"   --->   Operation 48 'read' 'ecg_cnn_top_float_float_fc1_out_152' <Predicate = true> <Delay = 0.00>
ST_1 : Operation 49 [1/1] (0.00ns)   --->   "%ecg_cnn_top_float_float_fc1_out_153 = read i32 @_ssdm_op_Read.ap_auto.float, i32 %p_ZZ11ecg_cnn_topPfS_E7fc1_out_36_load"   --->   Operation 49 'read' 'ecg_cnn_top_float_float_fc1_out_153' <Predicate = true> <Delay = 0.00>
ST_1 : Operation 50 [1/1] (0.00ns)   --->   "%ecg_mulmulcnn_top_float_float_fc1_out_load_read_154 = read i32 @_ssdm_op_Read.ap_auto.float, i32 %ecg_cnn_top_float_float_fc1_out_80"   --->   Operation 50 'read' 'ecg_mulmulcnn_top_float_float_fc1_out_load_read_154' <Predicate = true> <Delay = 0.00>
ST_1 : Operation 51 [1/1] (0.00ns)   --->   "%ecg_mulmulcnn_top_float_float_fc1_out_loa_double_read_155 = read i32 @_ssdm_op_Read.ap_auto.float, i32 %ecg_cnn_top_float_float_fc1_out_79"   --->   Operation 51 'read' 'ecg_mulmulcnn_top_float_float_fc1_out_loa_double_read_155' <Predicate = true> <Delay = 0.00>
ST_1 : Operation 52 [1/1] (0.00ns)   --->   "%ecg_mulmulcnn_top_float_float_fc1_out_lo_signed_char_double_read_156 = read i32 @_ssdm_op_Read.ap_auto.float, i32 %ecg_cnn_top_float_float_fc1_out_78"   --->   Operation 52 'read' 'ecg_mulmulcnn_top_float_float_fc1_out_lo_signed_char_double_read_156' <Predicate = true> <Delay = 0.00>
ST_1 : Operation 53 [1/1] (0.00ns)   --->   "%ecg_mulmulcnn_top_float_float_fc1_out_l_unsigned_int128_signed_char_double_read_157 = read i32 @_ssdm_op_Read.ap_auto.float, i32 %ecg_cnn_top_float_float_fc1_out_77"   --->   Operation 53 'read' 'ecg_mulmulcnn_top_float_float_fc1_out_l_unsigned_int128_signed_char_double_read_157' <Predicate = true> <Delay = 0.00>
ST_1 : Operation 54 [1/1] (0.00ns)   --->   "%ecg_mulmulcnn_top_float_float_fc1_out_long_unsigned_int128_signed_char_double_read_158 = read i32 @_ssdm_op_Read.ap_auto.float, i32 %ecg_cnn_top_float_float_fc1_out_76"   --->   Operation 54 'read' 'ecg_mulmulcnn_top_float_float_fc1_out_long_unsigned_int128_signed_char_double_read_158' <Predicate = true> <Delay = 0.00>
ST_1 : Operation 55 [1/1] (0.00ns)   --->   "%p_ZZ11ecg_cnn_topPfS_E7fc1_out_30_load_read = read i32 @_ssdm_op_Read.ap_auto.float, i32 %p_ZZ11ecg_cnn_topPfS_E7fc1_out_30_load"   --->   Operation 55 'read' 'p_ZZ11ecg_cnn_topPfS_E7fc1_out_30_load_read' <Predicate = true> <Delay = 0.00>
ST_1 : Operation 56 [1/1] (0.00ns)   --->   "%ecg_cnn_top_float_float_fc1_out_159 = read i32 @_ssdm_op_Read.ap_auto.float, i32 %p_ZZ11ecg_cnn_topPfS_E7fc1_out_29_load"   --->   Operation 56 'read' 'ecg_cnn_top_float_float_fc1_out_159' <Predicate = true> <Delay = 0.00>
ST_1 : Operation 57 [1/1] (0.00ns)   --->   "%ecg_cnn_top_float_float_fc1_out_160 = read i32 @_ssdm_op_Read.ap_auto.float, i32 %p_ZZ11ecg_cnn_topPfS_E7fc1_out_28_load"   --->   Operation 57 'read' 'ecg_cnn_top_float_float_fc1_out_160' <Predicate = true> <Delay = 0.00>
ST_1 : Operation 58 [1/1] (0.00ns)   --->   "%ecg_cnn_top_float_float_fc1_out_161 = read i32 @_ssdm_op_Read.ap_auto.float, i32 %p_ZZ11ecg_cnn_topPfS_E7fc1_out_27_load"   --->   Operation 58 'read' 'ecg_cnn_top_float_float_fc1_out_161' <Predicate = true> <Delay = 0.00>
ST_1 : Operation 59 [1/1] (0.00ns)   --->   "%ecg_cnn_top_float_float_fc1_out_162 = read i32 @_ssdm_op_Read.ap_auto.float, i32 %p_ZZ11ecg_cnn_topPfS_E7fc1_out_26_load"   --->   Operation 59 'read' 'ecg_cnn_top_float_float_fc1_out_162' <Predicate = true> <Delay = 0.00>
ST_1 : Operation 60 [1/1] (0.00ns)   --->   "%ecg_mulmulcnn_top_float_float_fc1_out_load_read_163 = read i32 @_ssdm_op_Read.ap_auto.float, i32 %ecg_cnn_top_float_float_fc1_out_75"   --->   Operation 60 'read' 'ecg_mulmulcnn_top_float_float_fc1_out_load_read_163' <Predicate = true> <Delay = 0.00>
ST_1 : Operation 61 [1/1] (0.00ns)   --->   "%ecg_mulmulcnn_top_float_float_fc1_out_loa_double_read_164 = read i32 @_ssdm_op_Read.ap_auto.float, i32 %ecg_cnn_top_float_float_fc1_out_74"   --->   Operation 61 'read' 'ecg_mulmulcnn_top_float_float_fc1_out_loa_double_read_164' <Predicate = true> <Delay = 0.00>
ST_1 : Operation 62 [1/1] (0.00ns)   --->   "%ecg_mulmulcnn_top_float_float_fc1_out_lo_signed_char_double_read_165 = read i32 @_ssdm_op_Read.ap_auto.float, i32 %ecg_cnn_top_float_float_fc1_out_73"   --->   Operation 62 'read' 'ecg_mulmulcnn_top_float_float_fc1_out_lo_signed_char_double_read_165' <Predicate = true> <Delay = 0.00>
ST_1 : Operation 63 [1/1] (0.00ns)   --->   "%ecg_mulmulcnn_top_float_float_fc1_out_l_unsigned_int128_signed_char_double_read_166 = read i32 @_ssdm_op_Read.ap_auto.float, i32 %ecg_cnn_top_float_float_fc1_out_72"   --->   Operation 63 'read' 'ecg_mulmulcnn_top_float_float_fc1_out_l_unsigned_int128_signed_char_double_read_166' <Predicate = true> <Delay = 0.00>
ST_1 : Operation 64 [1/1] (0.00ns)   --->   "%ecg_mulmulcnn_top_float_float_fc1_out_long_unsigned_int128_signed_char_double_read_167 = read i32 @_ssdm_op_Read.ap_auto.float, i32 %ecg_cnn_top_float_float_fc1_out_71"   --->   Operation 64 'read' 'ecg_mulmulcnn_top_float_float_fc1_out_long_unsigned_int128_signed_char_double_read_167' <Predicate = true> <Delay = 0.00>
ST_1 : Operation 65 [1/1] (0.00ns)   --->   "%p_ZZ11ecg_cnn_topPfS_E7fc1_out_20_load_read = read i32 @_ssdm_op_Read.ap_auto.float, i32 %p_ZZ11ecg_cnn_topPfS_E7fc1_out_20_load"   --->   Operation 65 'read' 'p_ZZ11ecg_cnn_topPfS_E7fc1_out_20_load_read' <Predicate = true> <Delay = 0.00>
ST_1 : Operation 66 [1/1] (0.00ns)   --->   "%ecg_cnn_top_float_float_fc1_out_168 = read i32 @_ssdm_op_Read.ap_auto.float, i32 %p_ZZ11ecg_cnn_topPfS_E7fc1_out_19_load"   --->   Operation 66 'read' 'ecg_cnn_top_float_float_fc1_out_168' <Predicate = true> <Delay = 0.00>
ST_1 : Operation 67 [1/1] (0.00ns)   --->   "%ecg_cnn_top_float_float_fc1_out_169 = read i32 @_ssdm_op_Read.ap_auto.float, i32 %p_ZZ11ecg_cnn_topPfS_E7fc1_out_18_load"   --->   Operation 67 'read' 'ecg_cnn_top_float_float_fc1_out_169' <Predicate = true> <Delay = 0.00>
ST_1 : Operation 68 [1/1] (0.00ns)   --->   "%ecg_cnn_top_float_float_fc1_out_170 = read i32 @_ssdm_op_Read.ap_auto.float, i32 %p_ZZ11ecg_cnn_topPfS_E7fc1_out_17_load"   --->   Operation 68 'read' 'ecg_cnn_top_float_float_fc1_out_170' <Predicate = true> <Delay = 0.00>
ST_1 : Operation 69 [1/1] (0.00ns)   --->   "%ecg_cnn_top_float_float_fc1_out_171 = read i32 @_ssdm_op_Read.ap_auto.float, i32 %p_ZZ11ecg_cnn_topPfS_E7fc1_out_16_load"   --->   Operation 69 'read' 'ecg_cnn_top_float_float_fc1_out_171' <Predicate = true> <Delay = 0.00>
ST_1 : Operation 70 [1/1] (0.00ns)   --->   "%ecg_mulmulcnn_top_float_float_fc1_out_load_read_172 = read i32 @_ssdm_op_Read.ap_auto.float, i32 %ecg_cnn_top_float_float_fc1_out_70"   --->   Operation 70 'read' 'ecg_mulmulcnn_top_float_float_fc1_out_load_read_172' <Predicate = true> <Delay = 0.00>
ST_1 : Operation 71 [1/1] (0.00ns)   --->   "%ecg_mulmulcnn_top_float_float_fc1_out_loa_double_read_173 = read i32 @_ssdm_op_Read.ap_auto.float, i32 %ecg_cnn_top_float_float_fc1_out_69"   --->   Operation 71 'read' 'ecg_mulmulcnn_top_float_float_fc1_out_loa_double_read_173' <Predicate = true> <Delay = 0.00>
ST_1 : Operation 72 [1/1] (0.00ns)   --->   "%ecg_mulmulcnn_top_float_float_fc1_out_lo_signed_char_double_read_174 = read i32 @_ssdm_op_Read.ap_auto.float, i32 %ecg_cnn_top_float_float_fc1_out_68"   --->   Operation 72 'read' 'ecg_mulmulcnn_top_float_float_fc1_out_lo_signed_char_double_read_174' <Predicate = true> <Delay = 0.00>
ST_1 : Operation 73 [1/1] (0.00ns)   --->   "%ecg_mulmulcnn_top_float_float_fc1_out_l_unsigned_int128_signed_char_double_read_175 = read i32 @_ssdm_op_Read.ap_auto.float, i32 %ecg_cnn_top_float_float_fc1_out_67"   --->   Operation 73 'read' 'ecg_mulmulcnn_top_float_float_fc1_out_l_unsigned_int128_signed_char_double_read_175' <Predicate = true> <Delay = 0.00>
ST_1 : Operation 74 [1/1] (0.00ns)   --->   "%ecg_mulmulcnn_top_float_float_fc1_out_long_unsigned_int128_signed_char_double_read_176 = read i32 @_ssdm_op_Read.ap_auto.float, i32 %ecg_cnn_top_float_float_fc1_out_66"   --->   Operation 74 'read' 'ecg_mulmulcnn_top_float_float_fc1_out_long_unsigned_int128_signed_char_double_read_176' <Predicate = true> <Delay = 0.00>
ST_1 : Operation 75 [1/1] (0.00ns)   --->   "%p_ZZ11ecg_cnn_topPfS_E7fc1_out_10_load_read = read i32 @_ssdm_op_Read.ap_auto.float, i32 %p_ZZ11ecg_cnn_topPfS_E7fc1_out_10_load"   --->   Operation 75 'read' 'p_ZZ11ecg_cnn_topPfS_E7fc1_out_10_load_read' <Predicate = true> <Delay = 0.00>
ST_1 : Operation 76 [1/1] (0.00ns)   --->   "%ecg_cnn_top_float_float_fc1_out_18_load_read = read i32 @_ssdm_op_Read.ap_auto.float, i32 %ecg_cnn_top_float_float_fc1_out_18_load"   --->   Operation 76 'read' 'ecg_cnn_top_float_float_fc1_out_18_load_read' <Predicate = true> <Delay = 0.00>
ST_1 : Operation 77 [1/1] (0.00ns)   --->   "%ecg_cnn_top_float_float_fc1_out_17_load_read = read i32 @_ssdm_op_Read.ap_auto.float, i32 %ecg_cnn_top_float_float_fc1_out_17_load"   --->   Operation 77 'read' 'ecg_cnn_top_float_float_fc1_out_17_load_read' <Predicate = true> <Delay = 0.00>
ST_1 : Operation 78 [1/1] (0.00ns)   --->   "%ecg_cnn_top_float_float_fc1_out_16_load_read = read i32 @_ssdm_op_Read.ap_auto.float, i32 %ecg_cnn_top_float_float_fc1_out_16_load"   --->   Operation 78 'read' 'ecg_cnn_top_float_float_fc1_out_16_load_read' <Predicate = true> <Delay = 0.00>
ST_1 : Operation 79 [1/1] (0.00ns)   --->   "%ecg_cnn_top_float_float_fc1_out_15_load_read = read i32 @_ssdm_op_Read.ap_auto.float, i32 %ecg_cnn_top_float_float_fc1_out_15_load"   --->   Operation 79 'read' 'ecg_cnn_top_float_float_fc1_out_15_load_read' <Predicate = true> <Delay = 0.00>
ST_1 : Operation 80 [1/1] (0.00ns)   --->   "%ecg_cnn_top_float_float_fc1_out_14_load_read = read i32 @_ssdm_op_Read.ap_auto.float, i32 %ecg_cnn_top_float_float_fc1_out_14_load"   --->   Operation 80 'read' 'ecg_cnn_top_float_float_fc1_out_14_load_read' <Predicate = true> <Delay = 0.00>
ST_1 : Operation 81 [1/1] (0.00ns)   --->   "%ecg_cnn_top_float_float_fc1_out_13_load_read = read i32 @_ssdm_op_Read.ap_auto.float, i32 %ecg_cnn_top_float_float_fc1_out_13_load"   --->   Operation 81 'read' 'ecg_cnn_top_float_float_fc1_out_13_load_read' <Predicate = true> <Delay = 0.00>
ST_1 : Operation 82 [1/1] (0.00ns)   --->   "%ecg_cnn_top_float_float_fc1_out_12_load_read = read i32 @_ssdm_op_Read.ap_auto.float, i32 %ecg_cnn_top_float_float_fc1_out_12_load"   --->   Operation 82 'read' 'ecg_cnn_top_float_float_fc1_out_12_load_read' <Predicate = true> <Delay = 0.00>
ST_1 : Operation 83 [1/1] (0.00ns)   --->   "%ecg_cnn_top_float_float_fc1_out_11_load_read = read i32 @_ssdm_op_Read.ap_auto.float, i32 %ecg_cnn_top_float_float_fc1_out_11_load"   --->   Operation 83 'read' 'ecg_cnn_top_float_float_fc1_out_11_load_read' <Predicate = true> <Delay = 0.00>
ST_1 : Operation 84 [1/1] (0.00ns)   --->   "%ecg_cnn_top_float_float_fc1_out_10_load_read = read i32 @_ssdm_op_Read.ap_auto.float, i32 %ecg_cnn_top_float_float_fc1_out_10_load"   --->   Operation 84 'read' 'ecg_cnn_top_float_float_fc1_out_10_load_read' <Predicate = true> <Delay = 0.00>
ST_1 : Operation 85 [1/1] (0.00ns)   --->   "%ecg_cnn_top_float_float_fc1_out_load_read = read i32 @_ssdm_op_Read.ap_auto.float, i32 %ecg_cnn_top_float_float_fc1_out_load"   --->   Operation 85 'read' 'ecg_cnn_top_float_float_fc1_out_load_read' <Predicate = true> <Delay = 0.00>
ST_1 : Operation 86 [1/1] (0.00ns)   --->   "%zext_ln308_read = read i5 @_ssdm_op_Read.ap_auto.i5, i5 %zext_ln308"   --->   Operation 86 'read' 'zext_ln308_read' <Predicate = true> <Delay = 0.00>
ST_1 : Operation 87 [1/1] (0.00ns)   --->   "%acc_30_read = read i32 @_ssdm_op_Read.ap_auto.float, i32 %acc_30"   --->   Operation 87 'read' 'acc_30_read' <Predicate = true> <Delay = 0.00>
ST_1 : Operation 88 [1/1] (1.58ns)   --->   "%store_ln310 = store i7 0, i7 %i" [cnn.cpp:310->cnn.cpp:397]   --->   Operation 88 'store' 'store_ln310' <Predicate = true> <Delay = 1.58>
ST_1 : Operation 89 [1/1] (1.58ns)   --->   "%store_ln309 = store i32 %acc_30_read, i32 %acc" [cnn.cpp:309->cnn.cpp:397]   --->   Operation 89 'store' 'store_ln309' <Predicate = true> <Delay = 1.58>
ST_1 : Operation 90 [1/1] (0.00ns)   --->   "%br_ln0 = br void %for.inc.i295"   --->   Operation 90 'br' 'br_ln0' <Predicate = true> <Delay = 0.00>
ST_1 : Operation 91 [1/1] (0.00ns)   --->   "%i_1 = load i7 %i" [cnn.cpp:310->cnn.cpp:397]   --->   Operation 91 'load' 'i_1' <Predicate = true> <Delay = 0.00>
ST_1 : Operation 92 [1/1] (1.87ns)   --->   "%icmp_ln310 = icmp_eq  i7 %i_1, i7 64" [cnn.cpp:310->cnn.cpp:397]   --->   Operation 92 'icmp' 'icmp_ln310' <Predicate = true> <Delay = 1.87> <CoreInst = "Cmp">   --->   Core 9 'Cmp' <Latency = 0> <II = 1> <Delay = 1.87> <FuncUnit> <Opcode : 'seteq' 'setne' 'setle' 'setge' 'setlt' 'setgt'> <InPorts = 2> <OutPorts = 1>
ST_1 : Operation 93 [1/1] (1.87ns)   --->   "%add_ln310 = add i7 %i_1, i7 1" [cnn.cpp:310->cnn.cpp:397]   --->   Operation 93 'add' 'add_ln310' <Predicate = true> <Delay = 1.87> <CoreInst = "Adder">   --->   Core 1 'Adder' <Latency = 0> <II = 1> <Delay = 1.87> <FuncUnit> <Opcode : 'add' 'sub'> <InPorts = 2> <OutPorts = 1>
ST_1 : Operation 94 [1/1] (0.00ns)   --->   "%br_ln310 = br i1 %icmp_ln310, void %for.inc.i295.split, void %for.inc20.i305.exitStub" [cnn.cpp:310->cnn.cpp:397]   --->   Operation 94 'br' 'br_ln310' <Predicate = true> <Delay = 0.00>
ST_1 : Operation 95 [1/1] (0.00ns)   --->   "%trunc_ln310 = trunc i7 %i_1" [cnn.cpp:310->cnn.cpp:397]   --->   Operation 95 'trunc' 'trunc_ln310' <Predicate = (!icmp_ln310)> <Delay = 0.00>
ST_1 : Operation 96 [1/1] (0.00ns)   --->   "%add_ln = bitconcatenate i11 @_ssdm_op_BitConcatenate.i11.i6.i5, i6 %trunc_ln310, i5 %zext_ln308_read" [cnn.cpp:312->cnn.cpp:397]   --->   Operation 96 'bitconcatenate' 'add_ln' <Predicate = (!icmp_ln310)> <Delay = 0.00>
ST_1 : Operation 97 [1/1] (0.00ns)   --->   "%zext_ln312 = zext i11 %add_ln" [cnn.cpp:312->cnn.cpp:397]   --->   Operation 97 'zext' 'zext_ln312' <Predicate = (!icmp_ln310)> <Delay = 0.00>
ST_1 : Operation 98 [1/1] (0.00ns)   --->   "%fc2_w_addr = getelementptr i8 %fc2_w, i64 0, i64 %zext_ln312" [cnn.cpp:312->cnn.cpp:397]   --->   Operation 98 'getelementptr' 'fc2_w_addr' <Predicate = (!icmp_ln310)> <Delay = 0.00>
ST_1 : Operation 99 [1/1] (3.13ns)   --->   "%tmp_3 = sparsemux i32 @_ssdm_op_SparseMux.ap_auto.64float.float.i6, i6 0, i32 %ecg_cnn_top_float_float_fc1_out_load_read, i6 1, i32 %ecg_cnn_top_float_float_fc1_out_10_load_read, i6 2, i32 %ecg_cnn_top_float_float_fc1_out_11_load_read, i6 3, i32 %ecg_cnn_top_float_float_fc1_out_12_load_read, i6 4, i32 %ecg_cnn_top_float_float_fc1_out_13_load_read, i6 5, i32 %ecg_cnn_top_float_float_fc1_out_14_load_read, i6 6, i32 %ecg_cnn_top_float_float_fc1_out_15_load_read, i6 7, i32 %ecg_cnn_top_float_float_fc1_out_16_load_read, i6 8, i32 %ecg_cnn_top_float_float_fc1_out_17_load_read, i6 9, i32 %ecg_cnn_top_float_float_fc1_out_18_load_read, i6 10, i32 %p_ZZ11ecg_cnn_topPfS_E7fc1_out_10_load_read, i6 11, i32 %ecg_mulmulcnn_top_float_float_fc1_out_long_unsigned_int128_signed_char_double_read_176, i6 12, i32 %ecg_mulmulcnn_top_float_float_fc1_out_l_unsigned_int128_signed_char_double_read_175, i6 13, i32 %ecg_mulmulcnn_top_float_float_fc1_out_lo_signed_char_double_read_174, i6 14, i32 %ecg_mulmulcnn_top_float_float_fc1_out_loa_double_read_173, i6 15, i32 %ecg_mulmulcnn_top_float_float_fc1_out_load_read_172, i6 16, i32 %ecg_cnn_top_float_float_fc1_out_171, i6 17, i32 %ecg_cnn_top_float_float_fc1_out_170, i6 18, i32 %ecg_cnn_top_float_float_fc1_out_169, i6 19, i32 %ecg_cnn_top_float_float_fc1_out_168, i6 20, i32 %p_ZZ11ecg_cnn_topPfS_E7fc1_out_20_load_read, i6 21, i32 %ecg_mulmulcnn_top_float_float_fc1_out_long_unsigned_int128_signed_char_double_read_167, i6 22, i32 %ecg_mulmulcnn_top_float_float_fc1_out_l_unsigned_int128_signed_char_double_read_166, i6 23, i32 %ecg_mulmulcnn_top_float_float_fc1_out_lo_signed_char_double_read_165, i6 24, i32 %ecg_mulmulcnn_top_float_float_fc1_out_loa_double_read_164, i6 25, i32 %ecg_mulmulcnn_top_float_float_fc1_out_load_read_163, i6 26, i32 %ecg_cnn_top_float_float_fc1_out_162, i6 27, i32 %ecg_cnn_top_float_float_fc1_out_161, i6 28, i32 %ecg_cnn_top_float_float_fc1_out_160, i6 29, i32 %ecg_cnn_top_float_float_fc1_out_159, i6 30, i32 %p_ZZ11ecg_cnn_topPfS_E7fc1_out_30_load_read, i6 31, i32 %ecg_mulmulcnn_top_float_float_fc1_out_long_unsigned_int128_signed_char_double_read_158, i6 32, i32 %ecg_mulmulcnn_top_float_float_fc1_out_l_unsigned_int128_signed_char_double_read_157, i6 33, i32 %ecg_mulmulcnn_top_float_float_fc1_out_lo_signed_char_double_read_156, i6 34, i32 %ecg_mulmulcnn_top_float_float_fc1_out_loa_double_read_155, i6 35, i32 %ecg_mulmulcnn_top_float_float_fc1_out_load_read_154, i6 36, i32 %ecg_cnn_top_float_float_fc1_out_153, i6 37, i32 %ecg_cnn_top_float_float_fc1_out_152, i6 38, i32 %ecg_cnn_top_float_float_fc1_out_151, i6 39, i32 %ecg_cnn_top_float_float_fc1_out_150, i6 40, i32 %p_ZZ11ecg_cnn_topPfS_E7fc1_out_40_load_read, i6 41, i32 %ecg_mulmulcnn_top_float_float_fc1_out_long_unsigned_int128_signed_char_double_read_149, i6 42, i32 %ecg_mulmulcnn_top_float_float_fc1_out_l_unsigned_int128_signed_char_double_read_148, i6 43, i32 %ecg_mulmulcnn_top_float_float_fc1_out_lo_signed_char_double_read_147, i6 44, i32 %ecg_mulmulcnn_top_float_float_fc1_out_loa_double_read_146, i6 45, i32 %ecg_mulmulcnn_top_float_float_fc1_out_load_read_145, i6 46, i32 %ecg_cnn_top_float_float_fc1_out_144, i6 47, i32 %ecg_cnn_top_float_float_fc1_out_143, i6 48, i32 %ecg_cnn_top_float_float_fc1_out_142, i6 49, i32 %ecg_cnn_top_float_float_fc1_out_141, i6 50, i32 %p_ZZ11ecg_cnn_topPfS_E7fc1_out_50_load_read, i6 51, i32 %ecg_mulmulcnn_top_float_float_fc1_out_long_unsigned_int128_signed_char_double_read_140, i6 52, i32 %ecg_mulmulcnn_top_float_float_fc1_out_l_unsigned_int128_signed_char_double_read_139, i6 53, i32 %ecg_mulmulcnn_top_float_float_fc1_out_lo_signed_char_double_read_138, i6 54, i32 %ecg_mulmulcnn_top_float_float_fc1_out_loa_double_read, i6 55, i32 %ecg_mulmulcnn_top_float_float_fc1_out_load_read, i6 56, i32 %ecg_cnn_top_float_float_fc1_out_137, i6 57, i32 %ecg_cnn_top_float_float_fc1_out_136, i6 58, i32 %ecg_cnn_top_float_float_fc1_out_135, i6 59, i32 %ecg_cnn_top_float_float_fc1_out_134, i6 60, i32 %p_ZZ11ecg_cnn_topPfS_E7fc1_out_60_load_read, i6 61, i32 %ecg_mulmulcnn_top_float_float_fc1_out_long_unsigned_int128_signed_char_double_read, i6 62, i32 %ecg_mulmulcnn_top_float_float_fc1_out_l_unsigned_int128_signed_char_double_read, i6 63, i32 %ecg_mulmulcnn_top_float_float_fc1_out_lo_signed_char_double_read, i32 <undef>, i6 %trunc_ln310" [cnn.cpp:312->cnn.cpp:397]   --->   Operation 99 'sparsemux' 'tmp_3' <Predicate = (!icmp_ln310)> <Delay = 3.13> <CoreInst = "BinarySparseMux_DontCare">   --->   Core 137 'BinarySparseMux_DontCare' <Latency = 0> <II = 1> <Delay = 3.13> <FuncUnit> <Opcode : 'sparsemux'> <InPorts = 2> <OutPorts = 1>
ST_1 : Operation 100 [2/2] (3.25ns)   --->   "%fc2_w_load = load i11 %fc2_w_addr" [cnn.cpp:312->cnn.cpp:397]   --->   Operation 100 'load' 'fc2_w_load' <Predicate = (!icmp_ln310)> <Delay = 3.25> <CoreInst = "ROM">   --->   Core 94 'ROM' <Latency = 1> <II = 1> <Delay = 3.25> <Storage> <Opcode : 'load'> <Ports = 0> <Width = 8> <Depth = 2048> <ROM>
ST_1 : Operation 101 [1/1] (1.58ns)   --->   "%store_ln310 = store i7 %add_ln310, i7 %i" [cnn.cpp:310->cnn.cpp:397]   --->   Operation 101 'store' 'store_ln310' <Predicate = (!icmp_ln310)> <Delay = 1.58>

State 2 <SV = 1> <Delay = 5.16>
ST_2 : Operation 102 [1/2] ( I:3.25ns O:3.25ns )   --->   "%fc2_w_load = load i11 %fc2_w_addr" [cnn.cpp:312->cnn.cpp:397]   --->   Operation 102 'load' 'fc2_w_load' <Predicate = (!icmp_ln310)> <Delay = 3.25> <CoreInst = "ROM">   --->   Core 94 'ROM' <Latency = 1> <II = 1> <Delay = 3.25> <Storage> <Opcode : 'load'> <Ports = 0> <Width = 8> <Depth = 2048> <ROM>
ST_2 : Operation 103 [1/1] (0.00ns)   --->   "%sext_ln38 = sext i8 %fc2_w_load" [cnn.cpp:38->cnn.cpp:312->cnn.cpp:397]   --->   Operation 103 'sext' 'sext_ln38' <Predicate = (!icmp_ln310)> <Delay = 0.00>
ST_2 : Operation 104 [1/1] (1.91ns)   --->   "%add_ln38 = add i9 %sext_ln38, i9 471" [cnn.cpp:38->cnn.cpp:312->cnn.cpp:397]   --->   Operation 104 'add' 'add_ln38' <Predicate = (!icmp_ln310)> <Delay = 1.91> <CoreInst = "Adder">   --->   Core 1 'Adder' <Latency = 0> <II = 1> <Delay = 1.91> <FuncUnit> <Opcode : 'add' 'sub'> <InPorts = 2> <OutPorts = 1>

State 3 <SV = 2> <Delay = 10.6>
ST_3 : Operation 105 [1/1] (0.00ns)   --->   "%sext_ln38_6 = sext i9 %add_ln38" [cnn.cpp:38->cnn.cpp:312->cnn.cpp:397]   --->   Operation 105 'sext' 'sext_ln38_6' <Predicate = (!icmp_ln310)> <Delay = 0.00>
ST_3 : Operation 106 [4/4] (10.6ns)   --->   "%conv1_i12_i1 = sitofp i32 %sext_ln38_6" [cnn.cpp:38->cnn.cpp:312->cnn.cpp:397]   --->   Operation 106 'sitofp' 'conv1_i12_i1' <Predicate = (!icmp_ln310)> <Delay = 10.6> <CoreInst = "Int2Float">   --->   Core 62 'Int2Float' <Latency = 3> <II = 1> <Delay = 10.6> <FuncUnit> <Opcode : 'uitofp' 'sitofp'> <InPorts = 1> <OutPorts = 1>

State 4 <SV = 3> <Delay = 10.6>
ST_4 : Operation 107 [3/4] (10.6ns)   --->   "%conv1_i12_i1 = sitofp i32 %sext_ln38_6" [cnn.cpp:38->cnn.cpp:312->cnn.cpp:397]   --->   Operation 107 'sitofp' 'conv1_i12_i1' <Predicate = true> <Delay = 10.6> <CoreInst = "Int2Float">   --->   Core 62 'Int2Float' <Latency = 3> <II = 1> <Delay = 10.6> <FuncUnit> <Opcode : 'uitofp' 'sitofp'> <InPorts = 1> <OutPorts = 1>

State 5 <SV = 4> <Delay = 10.6>
ST_5 : Operation 108 [2/4] (10.6ns)   --->   "%conv1_i12_i1 = sitofp i32 %sext_ln38_6" [cnn.cpp:38->cnn.cpp:312->cnn.cpp:397]   --->   Operation 108 'sitofp' 'conv1_i12_i1' <Predicate = true> <Delay = 10.6> <CoreInst = "Int2Float">   --->   Core 62 'Int2Float' <Latency = 3> <II = 1> <Delay = 10.6> <FuncUnit> <Opcode : 'uitofp' 'sitofp'> <InPorts = 1> <OutPorts = 1>

State 6 <SV = 5> <Delay = 10.6>
ST_6 : Operation 109 [1/4] (10.6ns)   --->   "%conv1_i12_i1 = sitofp i32 %sext_ln38_6" [cnn.cpp:38->cnn.cpp:312->cnn.cpp:397]   --->   Operation 109 'sitofp' 'conv1_i12_i1' <Predicate = true> <Delay = 10.6> <CoreInst = "Int2Float">   --->   Core 62 'Int2Float' <Latency = 3> <II = 1> <Delay = 10.6> <FuncUnit> <Opcode : 'uitofp' 'sitofp'> <InPorts = 1> <OutPorts = 1>

State 7 <SV = 6> <Delay = 10.3>
ST_7 : Operation 110 [3/3] (10.3ns)   --->   "%mul_i13_i1 = fmul i32 %conv1_i12_i1, i32 0.0134775" [cnn.cpp:38->cnn.cpp:312->cnn.cpp:397]   --->   Operation 110 'fmul' 'mul_i13_i1' <Predicate = true> <Delay = 10.3> <CoreInst = "FMul_maxdsp">   --->   Core 30 'FMul_maxdsp' <Latency = 2> <II = 1> <Delay = 10.3> <FuncUnit> <Opcode : 'fmul'> <InPorts = 2> <OutPorts = 1>

State 8 <SV = 7> <Delay = 10.3>
ST_8 : Operation 111 [2/3] (10.3ns)   --->   "%mul_i13_i1 = fmul i32 %conv1_i12_i1, i32 0.0134775" [cnn.cpp:38->cnn.cpp:312->cnn.cpp:397]   --->   Operation 111 'fmul' 'mul_i13_i1' <Predicate = true> <Delay = 10.3> <CoreInst = "FMul_maxdsp">   --->   Core 30 'FMul_maxdsp' <Latency = 2> <II = 1> <Delay = 10.3> <FuncUnit> <Opcode : 'fmul'> <InPorts = 2> <OutPorts = 1>

State 9 <SV = 8> <Delay = 10.3>
ST_9 : Operation 112 [1/3] (10.3ns)   --->   "%mul_i13_i1 = fmul i32 %conv1_i12_i1, i32 0.0134775" [cnn.cpp:38->cnn.cpp:312->cnn.cpp:397]   --->   Operation 112 'fmul' 'mul_i13_i1' <Predicate = true> <Delay = 10.3> <CoreInst = "FMul_maxdsp">   --->   Core 30 'FMul_maxdsp' <Latency = 2> <II = 1> <Delay = 10.3> <FuncUnit> <Opcode : 'fmul'> <InPorts = 2> <OutPorts = 1>

State 10 <SV = 9> <Delay = 0.00>

State 11 <SV = 10> <Delay = 10.3>
ST_11 : Operation 113 [3/3] (10.3ns)   --->   "%mul_i9 = fmul i32 %tmp_3, i32 %mul_i13_i1" [cnn.cpp:312->cnn.cpp:397]   --->   Operation 113 'fmul' 'mul_i9' <Predicate = true> <Delay = 10.3> <CoreInst = "FMul_maxdsp">   --->   Core 30 'FMul_maxdsp' <Latency = 2> <II = 1> <Delay = 10.3> <FuncUnit> <Opcode : 'fmul'> <InPorts = 2> <OutPorts = 1>

State 12 <SV = 11> <Delay = 10.3>
ST_12 : Operation 114 [2/3] (10.3ns)   --->   "%mul_i9 = fmul i32 %tmp_3, i32 %mul_i13_i1" [cnn.cpp:312->cnn.cpp:397]   --->   Operation 114 'fmul' 'mul_i9' <Predicate = true> <Delay = 10.3> <CoreInst = "FMul_maxdsp">   --->   Core 30 'FMul_maxdsp' <Latency = 2> <II = 1> <Delay = 10.3> <FuncUnit> <Opcode : 'fmul'> <InPorts = 2> <OutPorts = 1>

State 13 <SV = 12> <Delay = 10.3>
ST_13 : Operation 115 [1/3] (10.3ns)   --->   "%mul_i9 = fmul i32 %tmp_3, i32 %mul_i13_i1" [cnn.cpp:312->cnn.cpp:397]   --->   Operation 115 'fmul' 'mul_i9' <Predicate = true> <Delay = 10.3> <CoreInst = "FMul_maxdsp">   --->   Core 30 'FMul_maxdsp' <Latency = 2> <II = 1> <Delay = 10.3> <FuncUnit> <Opcode : 'fmul'> <InPorts = 2> <OutPorts = 1>

State 14 <SV = 13> <Delay = 10.5>
ST_14 : Operation 116 [1/1] (0.00ns)   --->   "%acc_load_3 = load i32 %acc" [cnn.cpp:312->cnn.cpp:397]   --->   Operation 116 'load' 'acc_load_3' <Predicate = true> <Delay = 0.00>
ST_14 : Operation 117 [4/4] (10.5ns)   --->   "%acc_5 = fadd i32 %acc_load_3, i32 %mul_i9" [cnn.cpp:312->cnn.cpp:397]   --->   Operation 117 'fadd' 'acc_5' <Predicate = true> <Delay = 10.5> <CoreInst = "FAddSub_fulldsp">   --->   Core 18 'FAddSub_fulldsp' <Latency = 3> <II = 1> <Delay = 10.5> <FuncUnit> <Opcode : 'fadd' 'fsub'> <InPorts = 2> <OutPorts = 1>
ST_14 : Operation 126 [1/1] (0.00ns)   --->   "%acc_load = load i32 %acc"   --->   Operation 126 'load' 'acc_load' <Predicate = (icmp_ln310)> <Delay = 0.00>
ST_14 : Operation 127 [1/1] (0.00ns)   --->   "%write_ln0 = write void @_ssdm_op_Write.ap_auto.floatP0A, i32 %acc_34_out, i32 %acc_load"   --->   Operation 127 'write' 'write_ln0' <Predicate = (icmp_ln310)> <Delay = 0.00>
ST_14 : Operation 128 [1/1] (1.58ns)   --->   "%ret_ln0 = ret"   --->   Operation 128 'ret' 'ret_ln0' <Predicate = (icmp_ln310)> <Delay = 1.58>

State 15 <SV = 14> <Delay = 10.5>
ST_15 : Operation 118 [3/4] (10.5ns)   --->   "%acc_5 = fadd i32 %acc_load_3, i32 %mul_i9" [cnn.cpp:312->cnn.cpp:397]   --->   Operation 118 'fadd' 'acc_5' <Predicate = true> <Delay = 10.5> <CoreInst = "FAddSub_fulldsp">   --->   Core 18 'FAddSub_fulldsp' <Latency = 3> <II = 1> <Delay = 10.5> <FuncUnit> <Opcode : 'fadd' 'fsub'> <InPorts = 2> <OutPorts = 1>

State 16 <SV = 15> <Delay = 10.5>
ST_16 : Operation 119 [2/4] (10.5ns)   --->   "%acc_5 = fadd i32 %acc_load_3, i32 %mul_i9" [cnn.cpp:312->cnn.cpp:397]   --->   Operation 119 'fadd' 'acc_5' <Predicate = true> <Delay = 10.5> <CoreInst = "FAddSub_fulldsp">   --->   Core 18 'FAddSub_fulldsp' <Latency = 3> <II = 1> <Delay = 10.5> <FuncUnit> <Opcode : 'fadd' 'fsub'> <InPorts = 2> <OutPorts = 1>

State 17 <SV = 16> <Delay = 12.1>
ST_17 : Operation 120 [1/1] (0.00ns)   --->   "%specpipeline_ln311 = specpipeline void @_ssdm_op_SpecPipeline, i32 1, i32 0, i32 0, i32 0, void @empty_22" [cnn.cpp:311->cnn.cpp:397]   --->   Operation 120 'specpipeline' 'specpipeline_ln311' <Predicate = true> <Delay = 0.00>
ST_17 : Operation 121 [1/1] (0.00ns)   --->   "%speclooptripcount_ln309 = speclooptripcount void @_ssdm_op_SpecLoopTripCount, i64 64, i64 64, i64 64" [cnn.cpp:309->cnn.cpp:397]   --->   Operation 121 'speclooptripcount' 'speclooptripcount_ln309' <Predicate = true> <Delay = 0.00>
ST_17 : Operation 122 [1/1] (0.00ns)   --->   "%specloopname_ln310 = specloopname void @_ssdm_op_SpecLoopName, void @empty_11" [cnn.cpp:310->cnn.cpp:397]   --->   Operation 122 'specloopname' 'specloopname_ln310' <Predicate = true> <Delay = 0.00>
ST_17 : Operation 123 [1/4] (10.5ns)   --->   "%acc_5 = fadd i32 %acc_load_3, i32 %mul_i9" [cnn.cpp:312->cnn.cpp:397]   --->   Operation 123 'fadd' 'acc_5' <Predicate = true> <Delay = 10.5> <CoreInst = "FAddSub_fulldsp">   --->   Core 18 'FAddSub_fulldsp' <Latency = 3> <II = 1> <Delay = 10.5> <FuncUnit> <Opcode : 'fadd' 'fsub'> <InPorts = 2> <OutPorts = 1>
ST_17 : Operation 124 [1/1] (1.58ns)   --->   "%store_ln309 = store i32 %acc_5, i32 %acc" [cnn.cpp:309->cnn.cpp:397]   --->   Operation 124 'store' 'store_ln309' <Predicate = true> <Delay = 1.58>
ST_17 : Operation 125 [1/1] (0.00ns)   --->   "%br_ln310 = br void %for.inc.i295" [cnn.cpp:310->cnn.cpp:397]   --->   Operation 125 'br' 'br_ln310' <Predicate = true> <Delay = 0.00>


============================================================
+ Verbose Summary: Timing violations
============================================================
Target clock period: 15.000ns, clock uncertainty: 4.050ns.

 <State 1>: 5.046ns
The critical path consists of the following:
	'store' operation 0 bit ('store_ln310', cnn.cpp:310->cnn.cpp:397) of constant 0 on local variable 'i', cnn.cpp:310->cnn.cpp:397 [137]  (1.588 ns)
	'load' operation 7 bit ('i', cnn.cpp:310->cnn.cpp:397) on local variable 'i', cnn.cpp:310->cnn.cpp:397 [141]  (0.000 ns)
	'icmp' operation 1 bit ('icmp_ln310', cnn.cpp:310->cnn.cpp:397) [142]  (1.870 ns)
	'store' operation 0 bit ('store_ln310', cnn.cpp:310->cnn.cpp:397) of variable 'add_ln310', cnn.cpp:310->cnn.cpp:397 on local variable 'i', cnn.cpp:310->cnn.cpp:397 [163]  (1.588 ns)

 <State 2>: 5.169ns
The critical path consists of the following:
	'load' operation 8 bit ('w', cnn.cpp:312->cnn.cpp:397) on array 'fc2_w' [155]  (3.254 ns)
	'add' operation 9 bit ('add_ln38', cnn.cpp:38->cnn.cpp:312->cnn.cpp:397) [157]  (1.915 ns)

 <State 3>: 10.669ns
The critical path consists of the following:
	'sitofp' operation 32 bit ('conv1_i12_i1', cnn.cpp:38->cnn.cpp:312->cnn.cpp:397) [159]  (10.669 ns)

 <State 4>: 10.669ns
The critical path consists of the following:
	'sitofp' operation 32 bit ('conv1_i12_i1', cnn.cpp:38->cnn.cpp:312->cnn.cpp:397) [159]  (10.669 ns)

 <State 5>: 10.669ns
The critical path consists of the following:
	'sitofp' operation 32 bit ('conv1_i12_i1', cnn.cpp:38->cnn.cpp:312->cnn.cpp:397) [159]  (10.669 ns)

 <State 6>: 10.669ns
The critical path consists of the following:
	'sitofp' operation 32 bit ('conv1_i12_i1', cnn.cpp:38->cnn.cpp:312->cnn.cpp:397) [159]  (10.669 ns)

 <State 7>: 10.319ns
The critical path consists of the following:
	'fmul' operation 32 bit ('mul_i13_i1', cnn.cpp:38->cnn.cpp:312->cnn.cpp:397) [160]  (10.319 ns)

 <State 8>: 10.319ns
The critical path consists of the following:
	'fmul' operation 32 bit ('mul_i13_i1', cnn.cpp:38->cnn.cpp:312->cnn.cpp:397) [160]  (10.319 ns)

 <State 9>: 10.319ns
The critical path consists of the following:
	'fmul' operation 32 bit ('mul_i13_i1', cnn.cpp:38->cnn.cpp:312->cnn.cpp:397) [160]  (10.319 ns)

 <State 10>: 0.000ns
The critical path consists of the following:

 <State 11>: 10.319ns
The critical path consists of the following:
	'fmul' operation 32 bit ('mul_i9', cnn.cpp:312->cnn.cpp:397) [161]  (10.319 ns)

 <State 12>: 10.319ns
The critical path consists of the following:
	'fmul' operation 32 bit ('mul_i9', cnn.cpp:312->cnn.cpp:397) [161]  (10.319 ns)

 <State 13>: 10.319ns
The critical path consists of the following:
	'fmul' operation 32 bit ('mul_i9', cnn.cpp:312->cnn.cpp:397) [161]  (10.319 ns)

 <State 14>: 10.533ns
The critical path consists of the following:
	'load' operation 32 bit ('acc_load_3', cnn.cpp:312->cnn.cpp:397) on local variable 'acc', cnn.cpp:309->cnn.cpp:397 [146]  (0.000 ns)
	'fadd' operation 32 bit ('acc', cnn.cpp:312->cnn.cpp:397) [162]  (10.533 ns)

 <State 15>: 10.533ns
The critical path consists of the following:
	'fadd' operation 32 bit ('acc', cnn.cpp:312->cnn.cpp:397) [162]  (10.533 ns)

 <State 16>: 10.533ns
The critical path consists of the following:
	'fadd' operation 32 bit ('acc', cnn.cpp:312->cnn.cpp:397) [162]  (10.533 ns)

 <State 17>: 12.121ns
The critical path consists of the following:
	'fadd' operation 32 bit ('acc', cnn.cpp:312->cnn.cpp:397) [162]  (10.533 ns)
	'store' operation 0 bit ('store_ln309', cnn.cpp:309->cnn.cpp:397) of variable 'acc', cnn.cpp:312->cnn.cpp:397 on local variable 'acc', cnn.cpp:309->cnn.cpp:397 [164]  (1.588 ns)


============================================================
+ Verbose Summary: Binding
============================================================
N/A
* FSMD analyzer results:
  - Output states:
 - Input state : 
  - Chain level:
	State 1
	State 2
	State 3
	State 4
	State 5
	State 6
	State 7
	State 8
	State 9
	State 10
	State 11
	State 12
	State 13
	State 14
	State 15
	State 16
	State 17


============================================================
+ Verbose Summary: Datapath Resource usage 
============================================================
N/A
