

================================================================
== Vitis HLS Report for 'ecg_cnn_top_Pipeline_VITIS_LOOP_336_3'
================================================================
* Date:           Tue Mar 31 12:28:01 2026

* Version:        2025.1 (Build 6135595 on May 21 2025)
* Project:        ecg_cnn_top
* Solution:       hls (Vivado IP Flow Target)
* Product family: zynq
* Target device:  xc7z020-clg400-1


================================================================
== Performance Estimates
================================================================
+ Timing: 
    * Summary: 
    +--------+----------+----------+------------+
    |  Clock |  Target  | Estimated| Uncertainty|
    +--------+----------+----------+------------+
    |ap_clk  |  15.00 ns|  8.695 ns|     4.05 ns|
    +--------+----------+----------+------------+

+ Latency: 
    * Summary: 
    +---------+---------+----------+----------+-----+-----+------------------------------------------------+
    |  Latency (cycles) |  Latency (absolute) |  Interval |                    Pipeline                    |
    |   min   |   max   |    min   |    max   | min | max |                      Type                      |
    +---------+---------+----------+----------+-----+-----+------------------------------------------------+
    |       10|       10|  0.150 us|  0.150 us|    9|    9|  loop auto-rewind stp (delay=0 clock cycles(s))|
    +---------+---------+----------+----------+-----+-----+------------------------------------------------+

    + Detail: 
        * Instance: 
        N/A

        * Loop: 
        +--------------------+---------+---------+----------+-----------+-----------+------+----------+
        |                    |  Latency (cycles) | Iteration|  Initiation Interval  | Trip |          |
        |      Loop Name     |   min   |   max   |  Latency |  achieved |   target  | Count| Pipelined|
        +--------------------+---------+---------+----------+-----------+-----------+------+----------+
        |- VITIS_LOOP_336_3  |        8|        8|         2|          2|          1|     4|       yes|
        +--------------------+---------+---------+----------+-----------+-----------+------+----------+

============================================================
+ Verbose Summary: Synthesis Manager
============================================================
InlineROM: 1
ExposeGlobal: 0
============================================================
+ Verbose Summary: CDFG Model
============================================================
IsTopModel: 0
ResetActiveHigh: 1
IsCombinational: 0
IsDatapathOnly: 0
HasWiredReturn: 1
HasMFsm: 2
HasVarLatency: 1
IsPipeline: 0
IsRtlPipelined: 0
IsInstanceOverlapped: 0
IsDontTouch: 0
HasImplIP: 0
IsGatedGlobalClock: 0

+ Individual pipeline summary: 
  * Pipeline-0: initiation interval (II) = 2, depth = 3


============================================================
+ Verbose Summary: Schedule
============================================================
* Number of FSM states : 3
* Pipeline : 1
  Pipeline-0 : II = 2, D = 3, States = { 1 2 3 }
* Dataflow Pipeline: 0

* FSM state transitions: 
1 --> 2 
2 --> 3 
3 --> 

* FSM state operations: 

State 1 <SV = 0> <Delay = 1.58>
ST_1 : Operation 5 [1/1] (0.00ns)   --->   "%mx = alloca i32 1" [cnn.cpp:335->cnn.cpp:398]   --->   Operation 5 'alloca' 'mx' <Predicate = true> <Delay = 0.00>
ST_1 : Operation 6 [1/1] (0.00ns)   --->   "%o = alloca i32 1" [cnn.cpp:336->cnn.cpp:398]   --->   Operation 6 'alloca' 'o' <Predicate = true> <Delay = 0.00>
ST_1 : Operation 7 [1/1] (0.00ns)   --->   "%mux_case_411816011_reload_read = read i32 @_ssdm_op_Read.ap_auto.float, i32 %mux_case_411816011_reload"   --->   Operation 7 'read' 'mux_case_411816011_reload_read' <Predicate = true> <Delay = 0.00>
ST_1 : Operation 8 [1/1] (0.00ns)   --->   "%mux_case_31161559_reload_read = read i32 @_ssdm_op_Read.ap_auto.float, i32 %mux_case_31161559_reload"   --->   Operation 8 'read' 'mux_case_31161559_reload_read' <Predicate = true> <Delay = 0.00>
ST_1 : Operation 9 [1/1] (0.00ns)   --->   "%mux_case_21141507_reload_read = read i32 @_ssdm_op_Read.ap_auto.float, i32 %mux_case_21141507_reload"   --->   Operation 9 'read' 'mux_case_21141507_reload_read' <Predicate = true> <Delay = 0.00>
ST_1 : Operation 10 [1/1] (0.00ns)   --->   "%mux_case_11121455_reload_read = read i32 @_ssdm_op_Read.ap_auto.float, i32 %mux_case_11121455_reload"   --->   Operation 10 'read' 'mux_case_11121455_reload_read' <Predicate = true> <Delay = 0.00>
ST_1 : Operation 11 [1/1] (0.00ns)   --->   "%mx_33_reload_read = read i32 @_ssdm_op_Read.ap_auto.float, i32 %mx_33_reload"   --->   Operation 11 'read' 'mx_33_reload_read' <Predicate = true> <Delay = 0.00>
ST_1 : Operation 12 [1/1] (1.58ns)   --->   "%store_ln336 = store i3 1, i3 %o" [cnn.cpp:336->cnn.cpp:398]   --->   Operation 12 'store' 'store_ln336' <Predicate = true> <Delay = 1.58>
ST_1 : Operation 13 [1/1] (1.58ns)   --->   "%store_ln335 = store i32 %mx_33_reload_read, i32 %mx" [cnn.cpp:335->cnn.cpp:398]   --->   Operation 13 'store' 'store_ln335' <Predicate = true> <Delay = 1.58>
ST_1 : Operation 14 [1/1] (0.00ns)   --->   "%br_ln0 = br void %for.body22.i"   --->   Operation 14 'br' 'br_ln0' <Predicate = true> <Delay = 0.00>

State 2 <SV = 1> <Delay = 7.25>
ST_2 : Operation 15 [1/1] (0.00ns)   --->   "%o_3 = load i3 %o" [cnn.cpp:336->cnn.cpp:398]   --->   Operation 15 'load' 'o_3' <Predicate = true> <Delay = 0.00>
ST_2 : Operation 16 [1/1] (1.65ns)   --->   "%icmp_ln336 = icmp_eq  i3 %o_3, i3 5" [cnn.cpp:336->cnn.cpp:398]   --->   Operation 16 'icmp' 'icmp_ln336' <Predicate = true> <Delay = 1.65> <CoreInst = "Cmp">   --->   Core 9 'Cmp' <Latency = 0> <II = 1> <Delay = 1.65> <FuncUnit> <Opcode : 'seteq' 'setne' 'setle' 'setge' 'setlt' 'setgt'> <InPorts = 2> <OutPorts = 1>
ST_2 : Operation 17 [1/1] (0.00ns)   --->   "%br_ln336 = br i1 %icmp_ln336, void %for.body22.i.split, void %for.inc43.i.preheader.exitStub" [cnn.cpp:336->cnn.cpp:398]   --->   Operation 17 'br' 'br_ln336' <Predicate = true> <Delay = 0.00>
ST_2 : Operation 18 [1/1] (0.00ns)   --->   "%mx_load_1 = load i32 %mx" [cnn.cpp:336->cnn.cpp:398]   --->   Operation 18 'load' 'mx_load_1' <Predicate = (!icmp_ln336)> <Delay = 0.00>
ST_2 : Operation 19 [1/1] (1.82ns)   --->   "%mx_1 = sparsemux i32 @_ssdm_op_SparseMux.ap_auto.4float.float.i3, i3 1, i32 %mux_case_11121455_reload_read, i3 2, i32 %mux_case_21141507_reload_read, i3 3, i32 %mux_case_31161559_reload_read, i3 4, i32 %mux_case_411816011_reload_read, i32 <undef>, i3 %o_3" [cnn.cpp:336->cnn.cpp:398]   --->   Operation 19 'sparsemux' 'mx_1' <Predicate = (!icmp_ln336)> <Delay = 1.82> <CoreInst = "BinarySparseMux_DontCare">   --->   Core 137 'BinarySparseMux_DontCare' <Latency = 0> <II = 1> <Delay = 1.82> <FuncUnit> <Opcode : 'sparsemux'> <InPorts = 2> <OutPorts = 1>
ST_2 : Operation 20 [2/2] (5.43ns)   --->   "%tmp_3 = fcmp_ogt  i32 %mx_1, i32 %mx_load_1" [cnn.cpp:336->cnn.cpp:398]   --->   Operation 20 'fcmp' 'tmp_3' <Predicate = (!icmp_ln336)> <Delay = 5.43> <CoreInst = "FCompare">   --->   Core 19 'FCompare' <Latency = 1> <II = 1> <Delay = 5.43> <FuncUnit> <Opcode : 'fcmp'> <InPorts = 2> <OutPorts = 1>
ST_2 : Operation 21 [1/1] (1.65ns)   --->   "%add_ln336 = add i3 %o_3, i3 1" [cnn.cpp:336->cnn.cpp:398]   --->   Operation 21 'add' 'add_ln336' <Predicate = (!icmp_ln336)> <Delay = 1.65> <CoreInst = "Adder">   --->   Core 1 'Adder' <Latency = 0> <II = 1> <Delay = 1.65> <FuncUnit> <Opcode : 'add' 'sub'> <InPorts = 2> <OutPorts = 1>
ST_2 : Operation 22 [1/1] (1.58ns)   --->   "%store_ln336 = store i3 %add_ln336, i3 %o" [cnn.cpp:336->cnn.cpp:398]   --->   Operation 22 'store' 'store_ln336' <Predicate = (!icmp_ln336)> <Delay = 1.58>
ST_2 : Operation 44 [1/1] (0.00ns)   --->   "%mx_load = load i32 %mx"   --->   Operation 44 'load' 'mx_load' <Predicate = (icmp_ln336)> <Delay = 0.00>
ST_2 : Operation 45 [1/1] (0.00ns)   --->   "%write_ln0 = write void @_ssdm_op_Write.ap_auto.floatP0A, i32 %mx_out, i32 %mx_load"   --->   Operation 45 'write' 'write_ln0' <Predicate = (icmp_ln336)> <Delay = 0.00>
ST_2 : Operation 46 [1/1] (1.58ns)   --->   "%ret_ln0 = ret"   --->   Operation 46 'ret' 'ret_ln0' <Predicate = (icmp_ln336)> <Delay = 1.58>

State 3 <SV = 2> <Delay = 8.69>
ST_3 : Operation 23 [1/1] (0.00ns)   --->   "%specpipeline_ln336 = specpipeline void @_ssdm_op_SpecPipeline, i32 4294967295, i32 0, i32 0, i32 0, void @empty_22" [cnn.cpp:336->cnn.cpp:398]   --->   Operation 23 'specpipeline' 'specpipeline_ln336' <Predicate = true> <Delay = 0.00>
ST_3 : Operation 24 [1/1] (0.00ns)   --->   "%speclooptripcount_ln336 = speclooptripcount void @_ssdm_op_SpecLoopTripCount, i64 4, i64 4, i64 4" [cnn.cpp:336->cnn.cpp:398]   --->   Operation 24 'speclooptripcount' 'speclooptripcount_ln336' <Predicate = true> <Delay = 0.00>
ST_3 : Operation 25 [1/1] (0.00ns)   --->   "%specloopname_ln336 = specloopname void @_ssdm_op_SpecLoopName, void @empty_10" [cnn.cpp:336->cnn.cpp:398]   --->   Operation 25 'specloopname' 'specloopname_ln336' <Predicate = true> <Delay = 0.00>
ST_3 : Operation 26 [1/1] (0.00ns)   --->   "%bitcast_ln336 = bitcast i32 %mx_1" [cnn.cpp:336->cnn.cpp:398]   --->   Operation 26 'bitcast' 'bitcast_ln336' <Predicate = true> <Delay = 0.00>
ST_3 : Operation 27 [1/1] (0.00ns)   --->   "%tmp_s = partselect i8 @_ssdm_op_PartSelect.i8.i32.i32.i32, i32 %bitcast_ln336, i32 23, i32 30" [cnn.cpp:336->cnn.cpp:398]   --->   Operation 27 'partselect' 'tmp_s' <Predicate = true> <Delay = 0.00>
ST_3 : Operation 28 [1/1] (0.00ns)   --->   "%trunc_ln336 = trunc i32 %bitcast_ln336" [cnn.cpp:336->cnn.cpp:398]   --->   Operation 28 'trunc' 'trunc_ln336' <Predicate = true> <Delay = 0.00>
ST_3 : Operation 29 [1/1] (0.00ns)   --->   "%bitcast_ln336_1 = bitcast i32 %mx_load_1" [cnn.cpp:336->cnn.cpp:398]   --->   Operation 29 'bitcast' 'bitcast_ln336_1' <Predicate = true> <Delay = 0.00>
ST_3 : Operation 30 [1/1] (0.00ns)   --->   "%tmp_2 = partselect i8 @_ssdm_op_PartSelect.i8.i32.i32.i32, i32 %bitcast_ln336_1, i32 23, i32 30" [cnn.cpp:336->cnn.cpp:398]   --->   Operation 30 'partselect' 'tmp_2' <Predicate = true> <Delay = 0.00>
ST_3 : Operation 31 [1/1] (0.00ns)   --->   "%trunc_ln336_1 = trunc i32 %bitcast_ln336_1" [cnn.cpp:336->cnn.cpp:398]   --->   Operation 31 'trunc' 'trunc_ln336_1' <Predicate = true> <Delay = 0.00>
ST_3 : Operation 32 [1/1] (1.91ns)   --->   "%icmp_ln336_1 = icmp_ne  i8 %tmp_s, i8 255" [cnn.cpp:336->cnn.cpp:398]   --->   Operation 32 'icmp' 'icmp_ln336_1' <Predicate = true> <Delay = 1.91> <CoreInst = "Cmp">   --->   Core 9 'Cmp' <Latency = 0> <II = 1> <Delay = 1.91> <FuncUnit> <Opcode : 'seteq' 'setne' 'setle' 'setge' 'setlt' 'setgt'> <InPorts = 2> <OutPorts = 1>
ST_3 : Operation 33 [1/1] (2.28ns)   --->   "%icmp_ln336_2 = icmp_eq  i23 %trunc_ln336, i23 0" [cnn.cpp:336->cnn.cpp:398]   --->   Operation 33 'icmp' 'icmp_ln336_2' <Predicate = true> <Delay = 2.28> <CoreInst = "Cmp">   --->   Core 9 'Cmp' <Latency = 0> <II = 1> <Delay = 2.28> <FuncUnit> <Opcode : 'seteq' 'setne' 'setle' 'setge' 'setlt' 'setgt'> <InPorts = 2> <OutPorts = 1>
ST_3 : Operation 34 [1/1] (0.00ns) (grouped into LUT with out node and_ln336_1)   --->   "%or_ln336 = or i1 %icmp_ln336_2, i1 %icmp_ln336_1" [cnn.cpp:336->cnn.cpp:398]   --->   Operation 34 'or' 'or_ln336' <Predicate = true> <Delay = 0.00> <CoreInst = "LogicGate">   --->   Core 74 'LogicGate' <Latency = 0> <II = 1> <Delay = 0.97> <FuncUnit> <Opcode : 'and' 'or' 'xor'> <InPorts = 2> <OutPorts = 1>
ST_3 : Operation 35 [1/1] (1.91ns)   --->   "%icmp_ln336_3 = icmp_ne  i8 %tmp_2, i8 255" [cnn.cpp:336->cnn.cpp:398]   --->   Operation 35 'icmp' 'icmp_ln336_3' <Predicate = true> <Delay = 1.91> <CoreInst = "Cmp">   --->   Core 9 'Cmp' <Latency = 0> <II = 1> <Delay = 1.91> <FuncUnit> <Opcode : 'seteq' 'setne' 'setle' 'setge' 'setlt' 'setgt'> <InPorts = 2> <OutPorts = 1>
ST_3 : Operation 36 [1/1] (2.28ns)   --->   "%icmp_ln336_4 = icmp_eq  i23 %trunc_ln336_1, i23 0" [cnn.cpp:336->cnn.cpp:398]   --->   Operation 36 'icmp' 'icmp_ln336_4' <Predicate = true> <Delay = 2.28> <CoreInst = "Cmp">   --->   Core 9 'Cmp' <Latency = 0> <II = 1> <Delay = 2.28> <FuncUnit> <Opcode : 'seteq' 'setne' 'setle' 'setge' 'setlt' 'setgt'> <InPorts = 2> <OutPorts = 1>
ST_3 : Operation 37 [1/1] (0.00ns) (grouped into LUT with out node and_ln336_1)   --->   "%or_ln336_1 = or i1 %icmp_ln336_4, i1 %icmp_ln336_3" [cnn.cpp:336->cnn.cpp:398]   --->   Operation 37 'or' 'or_ln336_1' <Predicate = true> <Delay = 0.00> <CoreInst = "LogicGate">   --->   Core 74 'LogicGate' <Latency = 0> <II = 1> <Delay = 0.97> <FuncUnit> <Opcode : 'and' 'or' 'xor'> <InPorts = 2> <OutPorts = 1>
ST_3 : Operation 38 [1/2] (5.43ns)   --->   "%tmp_3 = fcmp_ogt  i32 %mx_1, i32 %mx_load_1" [cnn.cpp:336->cnn.cpp:398]   --->   Operation 38 'fcmp' 'tmp_3' <Predicate = true> <Delay = 5.43> <CoreInst = "FCompare">   --->   Core 19 'FCompare' <Latency = 1> <II = 1> <Delay = 5.43> <FuncUnit> <Opcode : 'fcmp'> <InPorts = 2> <OutPorts = 1>
ST_3 : Operation 39 [1/1] (0.00ns) (grouped into LUT with out node and_ln336_1)   --->   "%and_ln336 = and i1 %tmp_3, i1 %or_ln336" [cnn.cpp:336->cnn.cpp:398]   --->   Operation 39 'and' 'and_ln336' <Predicate = true> <Delay = 0.00> <CoreInst = "LogicGate">   --->   Core 74 'LogicGate' <Latency = 0> <II = 1> <Delay = 0.97> <FuncUnit> <Opcode : 'and' 'or' 'xor'> <InPorts = 2> <OutPorts = 1>
ST_3 : Operation 40 [1/1] (0.97ns) (out node of the LUT)   --->   "%and_ln336_1 = and i1 %and_ln336, i1 %or_ln336_1" [cnn.cpp:336->cnn.cpp:398]   --->   Operation 40 'and' 'and_ln336_1' <Predicate = true> <Delay = 0.97> <CoreInst = "LogicGate">   --->   Core 74 'LogicGate' <Latency = 0> <II = 1> <Delay = 0.97> <FuncUnit> <Opcode : 'and' 'or' 'xor'> <InPorts = 2> <OutPorts = 1>
ST_3 : Operation 41 [1/1] (0.69ns) (out node of the LUT)   --->   "%mx_2 = select i1 %and_ln336_1, i32 %mx_1, i32 %mx_load_1" [cnn.cpp:336->cnn.cpp:398]   --->   Operation 41 'select' 'mx_2' <Predicate = true> <Delay = 0.69> <CoreInst = "Sel">   --->   Core 73 'Sel' <Latency = 0> <II = 1> <Delay = 0.69> <FuncUnit> <Opcode : 'select'> <InPorts = 3> <OutPorts = 1>
ST_3 : Operation 42 [1/1] (1.58ns)   --->   "%store_ln335 = store i32 %mx_2, i32 %mx" [cnn.cpp:335->cnn.cpp:398]   --->   Operation 42 'store' 'store_ln335' <Predicate = true> <Delay = 1.58>
ST_3 : Operation 43 [1/1] (0.00ns)   --->   "%br_ln336 = br void %for.body22.i" [cnn.cpp:336->cnn.cpp:398]   --->   Operation 43 'br' 'br_ln336' <Predicate = true> <Delay = 0.00>


============================================================
+ Verbose Summary: Timing violations
============================================================
Target clock period: 15.000ns, clock uncertainty: 4.050ns.

 <State 1>: 1.588ns
The critical path consists of the following:
	'alloca' operation 3 bit ('o', cnn.cpp:336->cnn.cpp:398) [8]  (0.000 ns)
	'store' operation 0 bit ('store_ln336', cnn.cpp:336->cnn.cpp:398) of constant 1 on local variable 'o', cnn.cpp:336->cnn.cpp:398 [14]  (1.588 ns)

 <State 2>: 7.258ns
The critical path consists of the following:
	'load' operation 3 bit ('o', cnn.cpp:336->cnn.cpp:398) on local variable 'o', cnn.cpp:336->cnn.cpp:398 [18]  (0.000 ns)
	'sparsemux' operation 32 bit ('mx', cnn.cpp:336->cnn.cpp:398) [26]  (1.827 ns)
	'fcmp' operation 1 bit ('tmp_3', cnn.cpp:336->cnn.cpp:398) [39]  (5.431 ns)

 <State 3>: 8.695ns
The critical path consists of the following:
	'fcmp' operation 1 bit ('tmp_3', cnn.cpp:336->cnn.cpp:398) [39]  (5.431 ns)
	'and' operation 1 bit ('and_ln336', cnn.cpp:336->cnn.cpp:398) [40]  (0.000 ns)
	'and' operation 1 bit ('and_ln336_1', cnn.cpp:336->cnn.cpp:398) [41]  (0.978 ns)
	'select' operation 32 bit ('mx', cnn.cpp:336->cnn.cpp:398) [42]  (0.698 ns)
	'store' operation 0 bit ('store_ln335', cnn.cpp:335->cnn.cpp:398) of variable 'mx', cnn.cpp:336->cnn.cpp:398 on local variable 'mx', cnn.cpp:335->cnn.cpp:398 [45]  (1.588 ns)


============================================================
+ Verbose Summary: Binding
============================================================
N/A
* FSMD analyzer results:
  - Output states:
 - Input state : 
  - Chain level:
	State 1
	State 2
	State 3


============================================================
+ Verbose Summary: Datapath Resource usage 
============================================================
N/A
