

================================================================
== Vitis HLS Report for 'ecg_cnn_top_Pipeline_VITIS_LOOP_325_1_VITIS_LOOP_327_2'
================================================================
* Date:           Tue Mar 31 12:28:01 2026

* Version:        2025.1 (Build 6135595 on May 21 2025)
* Project:        ecg_cnn_top
* Solution:       hls (Vivado IP Flow Target)
* Product family: zynq
* Target device:  xc7z020-clg400-1


================================================================
== Performance Estimates
================================================================
+ Timing: 
    * Summary: 
    +--------+----------+-----------+------------+
    |  Clock |  Target  | Estimated | Uncertainty|
    +--------+----------+-----------+------------+
    |ap_clk  |  15.00 ns|  12.121 ns|     4.05 ns|
    +--------+----------+-----------+------------+

+ Latency: 
    * Summary: 
    +---------+---------+----------+----------+-----+-----+------------------------------------------------+
    |  Latency (cycles) |  Latency (absolute) |  Interval |                    Pipeline                    |
    |   min   |   max   |    min   |    max   | min | max |                      Type                      |
    +---------+---------+----------+----------+-----+-----+------------------------------------------------+
    |      496|      496|  7.440 us|  7.440 us|  483|  483|  loop auto-rewind stp (delay=0 clock cycles(s))|
    +---------+---------+----------+----------+-----+-----+------------------------------------------------+

    + Detail: 
        * Instance: 
        N/A

        * Loop: 
        +-------------------------------------+---------+---------+----------+-----------+-----------+------+----------+
        |                                     |  Latency (cycles) | Iteration|  Initiation Interval  | Trip |          |
        |              Loop Name              |   min   |   max   |  Latency |  achieved |   target  | Count| Pipelined|
        +-------------------------------------+---------+---------+----------+-----------+-----------+------+----------+
        |- VITIS_LOOP_325_1_VITIS_LOOP_327_2  |      494|      494|        18|          3|          1|   160|       yes|
        +-------------------------------------+---------+---------+----------+-----------+-----------+------+----------+

============================================================
+ Verbose Summary: Synthesis Manager
============================================================
InlineROM: 1
ExposeGlobal: 0
============================================================
+ Verbose Summary: CDFG Model
============================================================
IsTopModel: 0
ResetActiveHigh: 1
IsCombinational: 0
IsDatapathOnly: 0
HasWiredReturn: 1
HasMFsm: 2
HasVarLatency: 1
IsPipeline: 0
IsRtlPipelined: 0
IsInstanceOverlapped: 0
IsDontTouch: 0
HasImplIP: 0
IsGatedGlobalClock: 0

+ Individual pipeline summary: 
  * Pipeline-0: initiation interval (II) = 3, depth = 18


============================================================
+ Verbose Summary: Schedule
============================================================
* Number of FSM states : 18
* Pipeline : 1
  Pipeline-0 : II = 3, D = 18, States = { 1 2 3 4 5 6 7 8 9 10 11 12 13 14 15 16 17 18 }
* Dataflow Pipeline: 0

* FSM state transitions: 
1 --> 2 
2 --> 3 
3 --> 4 
4 --> 5 
5 --> 6 
6 --> 7 
7 --> 8 
8 --> 9 
9 --> 10 
10 --> 11 
11 --> 12 
12 --> 13 
13 --> 14 
14 --> 15 
15 --> 16 
16 --> 17 
17 --> 18 
18 --> 

* FSM state operations: 

State 1 <SV = 0> <Delay = 11.5>
ST_1 : Operation 21 [1/1] (0.00ns)   --->   "%i = alloca i32 1" [cnn.cpp:327->cnn.cpp:398]   --->   Operation 21 'alloca' 'i' <Predicate = true> <Delay = 0.00>
ST_1 : Operation 22 [1/1] (0.00ns)   --->   "%o_2 = alloca i32 1" [cnn.cpp:325->cnn.cpp:398]   --->   Operation 22 'alloca' 'o_2' <Predicate = true> <Delay = 0.00>
ST_1 : Operation 23 [1/1] (0.00ns)   --->   "%empty = alloca i32 1"   --->   Operation 23 'alloca' 'empty' <Predicate = true> <Delay = 0.00>
ST_1 : Operation 24 [1/1] (0.00ns)   --->   "%mux_case_1112144 = alloca i32 1"   --->   Operation 24 'alloca' 'mux_case_1112144' <Predicate = true> <Delay = 0.00>
ST_1 : Operation 25 [1/1] (0.00ns)   --->   "%mux_case_2114149 = alloca i32 1"   --->   Operation 25 'alloca' 'mux_case_2114149' <Predicate = true> <Delay = 0.00>
ST_1 : Operation 26 [1/1] (0.00ns)   --->   "%mux_case_3116154 = alloca i32 1"   --->   Operation 26 'alloca' 'mux_case_3116154' <Predicate = true> <Delay = 0.00>
ST_1 : Operation 27 [1/1] (0.00ns)   --->   "%mux_case_4118159 = alloca i32 1"   --->   Operation 27 'alloca' 'mux_case_4118159' <Predicate = true> <Delay = 0.00>
ST_1 : Operation 28 [1/1] (0.00ns)   --->   "%indvar_flatten59 = alloca i32 1"   --->   Operation 28 'alloca' 'indvar_flatten59' <Predicate = true> <Delay = 0.00>
ST_1 : Operation 29 [1/1] (0.00ns)   --->   "%acc = alloca i32 1" [cnn.cpp:326->cnn.cpp:398]   --->   Operation 29 'alloca' 'acc' <Predicate = true> <Delay = 0.00>
ST_1 : Operation 30 [1/1] (0.00ns)   --->   "%mx_33 = alloca i32 1"   --->   Operation 30 'alloca' 'mx_33' <Predicate = true> <Delay = 0.00>
ST_1 : Operation 31 [1/1] (0.00ns)   --->   "%mux_case_11121455 = alloca i32 1"   --->   Operation 31 'alloca' 'mux_case_11121455' <Predicate = true> <Delay = 0.00>
ST_1 : Operation 32 [1/1] (0.00ns)   --->   "%mux_case_21141507 = alloca i32 1"   --->   Operation 32 'alloca' 'mux_case_21141507' <Predicate = true> <Delay = 0.00>
ST_1 : Operation 33 [1/1] (0.00ns)   --->   "%mux_case_31161559 = alloca i32 1"   --->   Operation 33 'alloca' 'mux_case_31161559' <Predicate = true> <Delay = 0.00>
ST_1 : Operation 34 [1/1] (0.00ns)   --->   "%mux_case_411816011 = alloca i32 1"   --->   Operation 34 'alloca' 'mux_case_411816011' <Predicate = true> <Delay = 0.00>
ST_1 : Operation 35 [1/1] (0.00ns)   --->   "%ecg_mulmulcnn_top_float_float_fc2_out_long_unsigned_int128_signed_char_double_read = read i32 @_ssdm_op_Read.ap_auto.float, i32 %ecg_cnn_top_float_float_fc2_out"   --->   Operation 35 'read' 'ecg_mulmulcnn_top_float_float_fc2_out_long_unsigned_int128_signed_char_double_read' <Predicate = true> <Delay = 0.00>
ST_1 : Operation 36 [1/1] (0.00ns)   --->   "%p_ZZ11ecg_cnn_topPfS_E7fc2_out_30_load_read = read i32 @_ssdm_op_Read.ap_auto.float, i32 %p_ZZ11ecg_cnn_topPfS_E7fc2_out_30_load"   --->   Operation 36 'read' 'p_ZZ11ecg_cnn_topPfS_E7fc2_out_30_load_read' <Predicate = true> <Delay = 0.00>
ST_1 : Operation 37 [1/1] (0.00ns)   --->   "%ecg_cnn_top_float_float_fc2_out_120 = read i32 @_ssdm_op_Read.ap_auto.float, i32 %p_ZZ11ecg_cnn_topPfS_E7fc2_out_29_load"   --->   Operation 37 'read' 'ecg_cnn_top_float_float_fc2_out_120' <Predicate = true> <Delay = 0.00>
ST_1 : Operation 38 [1/1] (0.00ns)   --->   "%ecg_cnn_top_float_float_fc2_out_121 = read i32 @_ssdm_op_Read.ap_auto.float, i32 %p_ZZ11ecg_cnn_topPfS_E7fc2_out_28_load"   --->   Operation 38 'read' 'ecg_cnn_top_float_float_fc2_out_121' <Predicate = true> <Delay = 0.00>
ST_1 : Operation 39 [1/1] (0.00ns)   --->   "%ecg_cnn_top_float_float_fc2_out_122 = read i32 @_ssdm_op_Read.ap_auto.float, i32 %p_ZZ11ecg_cnn_topPfS_E7fc2_out_27_load"   --->   Operation 39 'read' 'ecg_cnn_top_float_float_fc2_out_122' <Predicate = true> <Delay = 0.00>
ST_1 : Operation 40 [1/1] (0.00ns)   --->   "%ecg_cnn_top_float_float_fc2_out_123 = read i32 @_ssdm_op_Read.ap_auto.float, i32 %p_ZZ11ecg_cnn_topPfS_E7fc2_out_26_load"   --->   Operation 40 'read' 'ecg_cnn_top_float_float_fc2_out_123' <Predicate = true> <Delay = 0.00>
ST_1 : Operation 41 [1/1] (0.00ns)   --->   "%ecg_mulmulcnn_top_float_float_fc2_out_load_read = read i32 @_ssdm_op_Read.ap_auto.float, i32 %ecg_cnn_top_float_float_fc2_out_65"   --->   Operation 41 'read' 'ecg_mulmulcnn_top_float_float_fc2_out_load_read' <Predicate = true> <Delay = 0.00>
ST_1 : Operation 42 [1/1] (0.00ns)   --->   "%ecg_mulmulcnn_top_float_float_fc2_out_loa_double_read = read i32 @_ssdm_op_Read.ap_auto.float, i32 %ecg_cnn_top_float_float_fc2_out_64"   --->   Operation 42 'read' 'ecg_mulmulcnn_top_float_float_fc2_out_loa_double_read' <Predicate = true> <Delay = 0.00>
ST_1 : Operation 43 [1/1] (0.00ns)   --->   "%ecg_mulmulcnn_top_float_float_fc2_out_lo_signed_char_double_read = read i32 @_ssdm_op_Read.ap_auto.float, i32 %ecg_cnn_top_float_float_fc2_out_63"   --->   Operation 43 'read' 'ecg_mulmulcnn_top_float_float_fc2_out_lo_signed_char_double_read' <Predicate = true> <Delay = 0.00>
ST_1 : Operation 44 [1/1] (0.00ns)   --->   "%ecg_mulmulcnn_top_float_float_fc2_out_l_unsigned_int128_signed_char_double_read = read i32 @_ssdm_op_Read.ap_auto.float, i32 %ecg_cnn_top_float_float_fc2_out_62"   --->   Operation 44 'read' 'ecg_mulmulcnn_top_float_float_fc2_out_l_unsigned_int128_signed_char_double_read' <Predicate = true> <Delay = 0.00>
ST_1 : Operation 45 [1/1] (0.00ns)   --->   "%ecg_mulmulcnn_top_float_float_fc2_out_long_unsigned_int128_signed_char_double_read_124 = read i32 @_ssdm_op_Read.ap_auto.float, i32 %ecg_cnn_top_float_float_fc2_out_61"   --->   Operation 45 'read' 'ecg_mulmulcnn_top_float_float_fc2_out_long_unsigned_int128_signed_char_double_read_124' <Predicate = true> <Delay = 0.00>
ST_1 : Operation 46 [1/1] (0.00ns)   --->   "%p_ZZ11ecg_cnn_topPfS_E7fc2_out_20_load_read = read i32 @_ssdm_op_Read.ap_auto.float, i32 %p_ZZ11ecg_cnn_topPfS_E7fc2_out_20_load"   --->   Operation 46 'read' 'p_ZZ11ecg_cnn_topPfS_E7fc2_out_20_load_read' <Predicate = true> <Delay = 0.00>
ST_1 : Operation 47 [1/1] (0.00ns)   --->   "%ecg_cnn_top_float_float_fc2_out_125 = read i32 @_ssdm_op_Read.ap_auto.float, i32 %p_ZZ11ecg_cnn_topPfS_E7fc2_out_19_load"   --->   Operation 47 'read' 'ecg_cnn_top_float_float_fc2_out_125' <Predicate = true> <Delay = 0.00>
ST_1 : Operation 48 [1/1] (0.00ns)   --->   "%ecg_cnn_top_float_float_fc2_out_126 = read i32 @_ssdm_op_Read.ap_auto.float, i32 %p_ZZ11ecg_cnn_topPfS_E7fc2_out_18_load"   --->   Operation 48 'read' 'ecg_cnn_top_float_float_fc2_out_126' <Predicate = true> <Delay = 0.00>
ST_1 : Operation 49 [1/1] (0.00ns)   --->   "%ecg_cnn_top_float_float_fc2_out_127 = read i32 @_ssdm_op_Read.ap_auto.float, i32 %p_ZZ11ecg_cnn_topPfS_E7fc2_out_17_load"   --->   Operation 49 'read' 'ecg_cnn_top_float_float_fc2_out_127' <Predicate = true> <Delay = 0.00>
ST_1 : Operation 50 [1/1] (0.00ns)   --->   "%ecg_cnn_top_float_float_fc2_out_128 = read i32 @_ssdm_op_Read.ap_auto.float, i32 %p_ZZ11ecg_cnn_topPfS_E7fc2_out_16_load"   --->   Operation 50 'read' 'ecg_cnn_top_float_float_fc2_out_128' <Predicate = true> <Delay = 0.00>
ST_1 : Operation 51 [1/1] (0.00ns)   --->   "%ecg_mulmulcnn_top_float_float_fc2_out_load_read_129 = read i32 @_ssdm_op_Read.ap_auto.float, i32 %ecg_cnn_top_float_float_fc2_out_60"   --->   Operation 51 'read' 'ecg_mulmulcnn_top_float_float_fc2_out_load_read_129' <Predicate = true> <Delay = 0.00>
ST_1 : Operation 52 [1/1] (0.00ns)   --->   "%ecg_mulmulcnn_top_float_float_fc2_out_loa_double_read_130 = read i32 @_ssdm_op_Read.ap_auto.float, i32 %ecg_cnn_top_float_float_fc2_out_59"   --->   Operation 52 'read' 'ecg_mulmulcnn_top_float_float_fc2_out_loa_double_read_130' <Predicate = true> <Delay = 0.00>
ST_1 : Operation 53 [1/1] (0.00ns)   --->   "%ecg_mulmulcnn_top_float_float_fc2_out_lo_signed_char_double_read_131 = read i32 @_ssdm_op_Read.ap_auto.float, i32 %ecg_cnn_top_float_float_fc2_out_58"   --->   Operation 53 'read' 'ecg_mulmulcnn_top_float_float_fc2_out_lo_signed_char_double_read_131' <Predicate = true> <Delay = 0.00>
ST_1 : Operation 54 [1/1] (0.00ns)   --->   "%ecg_mulmulcnn_top_float_float_fc2_out_l_unsigned_int128_signed_char_double_read_132 = read i32 @_ssdm_op_Read.ap_auto.float, i32 %ecg_cnn_top_float_float_fc2_out_57"   --->   Operation 54 'read' 'ecg_mulmulcnn_top_float_float_fc2_out_l_unsigned_int128_signed_char_double_read_132' <Predicate = true> <Delay = 0.00>
ST_1 : Operation 55 [1/1] (0.00ns)   --->   "%ecg_mulmulcnn_top_float_float_fc2_out_long_unsigned_int128_signed_char_double_read_133 = read i32 @_ssdm_op_Read.ap_auto.float, i32 %ecg_cnn_top_float_float_fc2_out_56"   --->   Operation 55 'read' 'ecg_mulmulcnn_top_float_float_fc2_out_long_unsigned_int128_signed_char_double_read_133' <Predicate = true> <Delay = 0.00>
ST_1 : Operation 56 [1/1] (0.00ns)   --->   "%p_ZZ11ecg_cnn_topPfS_E7fc2_out_10_load_read = read i32 @_ssdm_op_Read.ap_auto.float, i32 %p_ZZ11ecg_cnn_topPfS_E7fc2_out_10_load"   --->   Operation 56 'read' 'p_ZZ11ecg_cnn_topPfS_E7fc2_out_10_load_read' <Predicate = true> <Delay = 0.00>
ST_1 : Operation 57 [1/1] (0.00ns)   --->   "%ecg_cnn_top_float_float_fc2_out_27_load_read = read i32 @_ssdm_op_Read.ap_auto.float, i32 %ecg_cnn_top_float_float_fc2_out_27_load"   --->   Operation 57 'read' 'ecg_cnn_top_float_float_fc2_out_27_load_read' <Predicate = true> <Delay = 0.00>
ST_1 : Operation 58 [1/1] (0.00ns)   --->   "%ecg_cnn_top_float_float_fc2_out_26_load_read = read i32 @_ssdm_op_Read.ap_auto.float, i32 %ecg_cnn_top_float_float_fc2_out_26_load"   --->   Operation 58 'read' 'ecg_cnn_top_float_float_fc2_out_26_load_read' <Predicate = true> <Delay = 0.00>
ST_1 : Operation 59 [1/1] (0.00ns)   --->   "%ecg_cnn_top_float_float_fc2_out_25_load_read = read i32 @_ssdm_op_Read.ap_auto.float, i32 %ecg_cnn_top_float_float_fc2_out_25_load"   --->   Operation 59 'read' 'ecg_cnn_top_float_float_fc2_out_25_load_read' <Predicate = true> <Delay = 0.00>
ST_1 : Operation 60 [1/1] (0.00ns)   --->   "%ecg_cnn_top_float_float_fc2_out_24_load_read = read i32 @_ssdm_op_Read.ap_auto.float, i32 %ecg_cnn_top_float_float_fc2_out_24_load"   --->   Operation 60 'read' 'ecg_cnn_top_float_float_fc2_out_24_load_read' <Predicate = true> <Delay = 0.00>
ST_1 : Operation 61 [1/1] (0.00ns)   --->   "%ecg_cnn_top_float_float_fc2_out_23_load_read = read i32 @_ssdm_op_Read.ap_auto.float, i32 %ecg_cnn_top_float_float_fc2_out_23_load"   --->   Operation 61 'read' 'ecg_cnn_top_float_float_fc2_out_23_load_read' <Predicate = true> <Delay = 0.00>
ST_1 : Operation 62 [1/1] (0.00ns)   --->   "%ecg_cnn_top_float_float_fc2_out_22_load_read = read i32 @_ssdm_op_Read.ap_auto.float, i32 %ecg_cnn_top_float_float_fc2_out_22_load"   --->   Operation 62 'read' 'ecg_cnn_top_float_float_fc2_out_22_load_read' <Predicate = true> <Delay = 0.00>
ST_1 : Operation 63 [1/1] (0.00ns)   --->   "%ecg_cnn_top_float_float_fc2_out_21_load_read = read i32 @_ssdm_op_Read.ap_auto.float, i32 %ecg_cnn_top_float_float_fc2_out_21_load"   --->   Operation 63 'read' 'ecg_cnn_top_float_float_fc2_out_21_load_read' <Predicate = true> <Delay = 0.00>
ST_1 : Operation 64 [1/1] (0.00ns)   --->   "%ecg_cnn_top_float_float_fc2_out_20_load_read = read i32 @_ssdm_op_Read.ap_auto.float, i32 %ecg_cnn_top_float_float_fc2_out_20_load"   --->   Operation 64 'read' 'ecg_cnn_top_float_float_fc2_out_20_load_read' <Predicate = true> <Delay = 0.00>
ST_1 : Operation 65 [1/1] (0.00ns)   --->   "%ecg_cnn_top_float_float_fc2_out_19_load_read = read i32 @_ssdm_op_Read.ap_auto.float, i32 %ecg_cnn_top_float_float_fc2_out_19_load"   --->   Operation 65 'read' 'ecg_cnn_top_float_float_fc2_out_19_load_read' <Predicate = true> <Delay = 0.00>
ST_1 : Operation 66 [1/1] (0.00ns)   --->   "%ecg_cnn_top_float_float_fc2_out_load_read = read i32 @_ssdm_op_Read.ap_auto.float, i32 %ecg_cnn_top_float_float_fc2_out_load"   --->   Operation 66 'read' 'ecg_cnn_top_float_float_fc2_out_load_read' <Predicate = true> <Delay = 0.00>
ST_1 : Operation 67 [1/1] (1.58ns)   --->   "%store_ln0 = store i8 0, i8 %indvar_flatten59"   --->   Operation 67 'store' 'store_ln0' <Predicate = true> <Delay = 1.58>
ST_1 : Operation 68 [1/1] (1.58ns)   --->   "%store_ln0 = store i32 0, i32 %mux_case_4118159"   --->   Operation 68 'store' 'store_ln0' <Predicate = true> <Delay = 1.58>
ST_1 : Operation 69 [1/1] (1.58ns)   --->   "%store_ln0 = store i32 0, i32 %mux_case_3116154"   --->   Operation 69 'store' 'store_ln0' <Predicate = true> <Delay = 1.58>
ST_1 : Operation 70 [1/1] (1.58ns)   --->   "%store_ln0 = store i32 0, i32 %mux_case_2114149"   --->   Operation 70 'store' 'store_ln0' <Predicate = true> <Delay = 1.58>
ST_1 : Operation 71 [1/1] (1.58ns)   --->   "%store_ln0 = store i32 0, i32 %mux_case_1112144"   --->   Operation 71 'store' 'store_ln0' <Predicate = true> <Delay = 1.58>
ST_1 : Operation 72 [1/1] (1.58ns)   --->   "%store_ln0 = store i32 0, i32 %empty"   --->   Operation 72 'store' 'store_ln0' <Predicate = true> <Delay = 1.58>
ST_1 : Operation 73 [1/1] (1.58ns)   --->   "%store_ln325 = store i3 0, i3 %o_2" [cnn.cpp:325->cnn.cpp:398]   --->   Operation 73 'store' 'store_ln325' <Predicate = true> <Delay = 1.58>
ST_1 : Operation 74 [1/1] (1.58ns)   --->   "%store_ln327 = store i6 0, i6 %i" [cnn.cpp:327->cnn.cpp:398]   --->   Operation 74 'store' 'store_ln327' <Predicate = true> <Delay = 1.58>
ST_1 : Operation 75 [1/1] (0.00ns)   --->   "%br_ln0 = br void %for.inc.i316"   --->   Operation 75 'br' 'br_ln0' <Predicate = true> <Delay = 0.00>
ST_1 : Operation 76 [1/1] (0.00ns)   --->   "%indvar_flatten59_load = load i8 %indvar_flatten59" [cnn.cpp:325->cnn.cpp:398]   --->   Operation 76 'load' 'indvar_flatten59_load' <Predicate = true> <Delay = 0.00>
ST_1 : Operation 77 [1/1] (1.91ns)   --->   "%icmp_ln325 = icmp_eq  i8 %indvar_flatten59_load, i8 160" [cnn.cpp:325->cnn.cpp:398]   --->   Operation 77 'icmp' 'icmp_ln325' <Predicate = true> <Delay = 1.91> <CoreInst = "Cmp">   --->   Core 9 'Cmp' <Latency = 0> <II = 1> <Delay = 1.91> <FuncUnit> <Opcode : 'seteq' 'setne' 'setle' 'setge' 'setlt' 'setgt'> <InPorts = 2> <OutPorts = 1>
ST_1 : Operation 78 [1/1] (1.91ns)   --->   "%add_ln325_1 = add i8 %indvar_flatten59_load, i8 1" [cnn.cpp:325->cnn.cpp:398]   --->   Operation 78 'add' 'add_ln325_1' <Predicate = true> <Delay = 1.91> <CoreInst = "Adder">   --->   Core 1 'Adder' <Latency = 0> <II = 1> <Delay = 1.91> <FuncUnit> <Opcode : 'add' 'sub'> <InPorts = 2> <OutPorts = 1>
ST_1 : Operation 79 [1/1] (0.00ns)   --->   "%br_ln325 = br i1 %icmp_ln325, void %for.inc14.i, void %for.body22.i.preheader.exitStub" [cnn.cpp:325->cnn.cpp:398]   --->   Operation 79 'br' 'br_ln325' <Predicate = true> <Delay = 0.00>
ST_1 : Operation 80 [1/1] (0.00ns)   --->   "%i_load = load i6 %i" [cnn.cpp:327->cnn.cpp:398]   --->   Operation 80 'load' 'i_load' <Predicate = (!icmp_ln325)> <Delay = 0.00>
ST_1 : Operation 81 [1/1] (0.00ns)   --->   "%o_2_load = load i3 %o_2" [cnn.cpp:325->cnn.cpp:398]   --->   Operation 81 'load' 'o_2_load' <Predicate = (!icmp_ln325)> <Delay = 0.00>
ST_1 : Operation 82 [1/1] (1.65ns)   --->   "%add_ln325 = add i3 %o_2_load, i3 1" [cnn.cpp:325->cnn.cpp:398]   --->   Operation 82 'add' 'add_ln325' <Predicate = (!icmp_ln325)> <Delay = 1.65> <CoreInst = "Adder">   --->   Core 1 'Adder' <Latency = 0> <II = 1> <Delay = 1.65> <FuncUnit> <Opcode : 'add' 'sub'> <InPorts = 2> <OutPorts = 1>
ST_1 : Operation 83 [1/1] (1.82ns)   --->   "%icmp_ln327 = icmp_eq  i6 %i_load, i6 32" [cnn.cpp:327->cnn.cpp:398]   --->   Operation 83 'icmp' 'icmp_ln327' <Predicate = (!icmp_ln325)> <Delay = 1.82> <CoreInst = "Cmp">   --->   Core 9 'Cmp' <Latency = 0> <II = 1> <Delay = 1.82> <FuncUnit> <Opcode : 'seteq' 'setne' 'setle' 'setge' 'setlt' 'setgt'> <InPorts = 2> <OutPorts = 1>
ST_1 : Operation 84 [1/1] (1.18ns)   --->   "%select_ln325 = select i1 %icmp_ln327, i6 0, i6 %i_load" [cnn.cpp:325->cnn.cpp:398]   --->   Operation 84 'select' 'select_ln325' <Predicate = (!icmp_ln325)> <Delay = 1.18> <CoreInst = "Sel">   --->   Core 73 'Sel' <Latency = 0> <II = 1> <Delay = 1.18> <FuncUnit> <Opcode : 'select'> <InPorts = 3> <OutPorts = 1>
ST_1 : Operation 85 [1/1] (0.98ns)   --->   "%select_ln325_6 = select i1 %icmp_ln327, i3 %add_ln325, i3 %o_2_load" [cnn.cpp:325->cnn.cpp:398]   --->   Operation 85 'select' 'select_ln325_6' <Predicate = (!icmp_ln325)> <Delay = 0.98> <CoreInst = "Sel">   --->   Core 73 'Sel' <Latency = 0> <II = 1> <Delay = 0.98> <FuncUnit> <Opcode : 'select'> <InPorts = 3> <OutPorts = 1>
ST_1 : Operation 86 [1/1] (1.82ns)   --->   "%first_iter_6 = icmp_eq  i6 %select_ln325, i6 0" [cnn.cpp:325->cnn.cpp:398]   --->   Operation 86 'icmp' 'first_iter_6' <Predicate = (!icmp_ln325)> <Delay = 1.82> <CoreInst = "Cmp">   --->   Core 9 'Cmp' <Latency = 0> <II = 1> <Delay = 1.82> <FuncUnit> <Opcode : 'seteq' 'setne' 'setle' 'setge' 'setlt' 'setgt'> <InPorts = 2> <OutPorts = 1>
ST_1 : Operation 87 [1/1] (0.00ns)   --->   "%zext_ln325 = zext i3 %select_ln325_6" [cnn.cpp:325->cnn.cpp:398]   --->   Operation 87 'zext' 'zext_ln325' <Predicate = (!icmp_ln325)> <Delay = 0.00>
ST_1 : Operation 88 [1/1] (0.00ns)   --->   "%zext_ln326 = zext i3 %select_ln325_6" [cnn.cpp:326->cnn.cpp:398]   --->   Operation 88 'zext' 'zext_ln326' <Predicate = (!icmp_ln325)> <Delay = 0.00>
ST_1 : Operation 89 [1/1] (0.00ns)   --->   "%output_b_addr = getelementptr i8 %output_b, i64 0, i64 %zext_ln325" [cnn.cpp:326->cnn.cpp:398]   --->   Operation 89 'getelementptr' 'output_b_addr' <Predicate = (!icmp_ln325)> <Delay = 0.00>
ST_1 : Operation 90 [2/2] (2.32ns)   --->   "%output_b_load = load i3 %output_b_addr" [cnn.cpp:326->cnn.cpp:398]   --->   Operation 90 'load' 'output_b_load' <Predicate = (!icmp_ln325)> <Delay = 2.32> <CoreInst = "ROM">   --->   Core 94 'ROM' <Latency = 1> <II = 1> <Delay = 2.32> <Storage> <Opcode : 'load'> <Ports = 0> <Width = 8> <Depth = 5> <ROM>
ST_1 : Operation 91 [1/1] (0.00ns)   --->   "%br_ln327 = br i1 %first_iter_6, void %for.inc.i316.split, void %for.first.iter.for.inc.i316" [cnn.cpp:327->cnn.cpp:398]   --->   Operation 91 'br' 'br_ln327' <Predicate = (!icmp_ln325)> <Delay = 0.00>
ST_1 : Operation 92 [1/1] (0.00ns)   --->   "%zext_ln329 = zext i6 %select_ln325" [cnn.cpp:329->cnn.cpp:398]   --->   Operation 92 'zext' 'zext_ln329' <Predicate = (!icmp_ln325)> <Delay = 0.00>
ST_1 : Operation 93 [1/1] (0.00ns)   --->   "%tmp = bitconcatenate i8 @_ssdm_op_BitConcatenate.i8.i6.i2, i6 %select_ln325, i2 0" [cnn.cpp:329->cnn.cpp:398]   --->   Operation 93 'bitconcatenate' 'tmp' <Predicate = (!icmp_ln325)> <Delay = 0.00>
ST_1 : Operation 94 [1/1] (0.00ns) (grouped into TernaryAdder)   --->   "%add_ln329_1 = add i8 %tmp, i8 %zext_ln329" [cnn.cpp:329->cnn.cpp:398]   --->   Operation 94 'add' 'add_ln329_1' <Predicate = (!icmp_ln325)> <Delay = 0.00> <CoreInst = "TAddSub">   --->   Core 10 'TAddSub' <Latency = 0> <II = 1> <Delay = 1.83> <IPBlock> <Opcode : 'add' 'sub'> <InPorts = 3> <OutPorts = 1> <Sync> <CReg>
ST_1 : Operation 95 [1/1] (3.66ns) (root node of TernaryAdder)   --->   "%add_ln329 = add i8 %add_ln329_1, i8 %zext_ln326" [cnn.cpp:329->cnn.cpp:398]   --->   Operation 95 'add' 'add_ln329' <Predicate = (!icmp_ln325)> <Delay = 3.66> <CoreInst = "TAddSub">   --->   Core 10 'TAddSub' <Latency = 0> <II = 1> <Delay = 1.83> <IPBlock> <Opcode : 'add' 'sub'> <InPorts = 3> <OutPorts = 1> <Sync> <CReg>
ST_1 : Operation 96 [1/1] (0.00ns)   --->   "%zext_ln329_1 = zext i8 %add_ln329" [cnn.cpp:329->cnn.cpp:398]   --->   Operation 96 'zext' 'zext_ln329_1' <Predicate = (!icmp_ln325)> <Delay = 0.00>
ST_1 : Operation 97 [1/1] (0.00ns)   --->   "%output_w_addr = getelementptr i8 %output_w, i64 0, i64 %zext_ln329_1" [cnn.cpp:329->cnn.cpp:398]   --->   Operation 97 'getelementptr' 'output_w_addr' <Predicate = (!icmp_ln325)> <Delay = 0.00>
ST_1 : Operation 98 [1/1] (0.00ns)   --->   "%trunc_ln327 = trunc i6 %select_ln325" [cnn.cpp:327->cnn.cpp:398]   --->   Operation 98 'trunc' 'trunc_ln327' <Predicate = (!icmp_ln325)> <Delay = 0.00>
ST_1 : Operation 99 [1/1] (3.20ns)   --->   "%tmp_5 = sparsemux i32 @_ssdm_op_SparseMux.ap_auto.32float.float.i5, i5 0, i32 %ecg_cnn_top_float_float_fc2_out_load_read, i5 1, i32 %ecg_cnn_top_float_float_fc2_out_19_load_read, i5 2, i32 %ecg_cnn_top_float_float_fc2_out_20_load_read, i5 3, i32 %ecg_cnn_top_float_float_fc2_out_21_load_read, i5 4, i32 %ecg_cnn_top_float_float_fc2_out_22_load_read, i5 5, i32 %ecg_cnn_top_float_float_fc2_out_23_load_read, i5 6, i32 %ecg_cnn_top_float_float_fc2_out_24_load_read, i5 7, i32 %ecg_cnn_top_float_float_fc2_out_25_load_read, i5 8, i32 %ecg_cnn_top_float_float_fc2_out_26_load_read, i5 9, i32 %ecg_cnn_top_float_float_fc2_out_27_load_read, i5 10, i32 %p_ZZ11ecg_cnn_topPfS_E7fc2_out_10_load_read, i5 11, i32 %ecg_mulmulcnn_top_float_float_fc2_out_long_unsigned_int128_signed_char_double_read_133, i5 12, i32 %ecg_mulmulcnn_top_float_float_fc2_out_l_unsigned_int128_signed_char_double_read_132, i5 13, i32 %ecg_mulmulcnn_top_float_float_fc2_out_lo_signed_char_double_read_131, i5 14, i32 %ecg_mulmulcnn_top_float_float_fc2_out_loa_double_read_130, i5 15, i32 %ecg_mulmulcnn_top_float_float_fc2_out_load_read_129, i5 16, i32 %ecg_cnn_top_float_float_fc2_out_128, i5 17, i32 %ecg_cnn_top_float_float_fc2_out_127, i5 18, i32 %ecg_cnn_top_float_float_fc2_out_126, i5 19, i32 %ecg_cnn_top_float_float_fc2_out_125, i5 20, i32 %p_ZZ11ecg_cnn_topPfS_E7fc2_out_20_load_read, i5 21, i32 %ecg_mulmulcnn_top_float_float_fc2_out_long_unsigned_int128_signed_char_double_read_124, i5 22, i32 %ecg_mulmulcnn_top_float_float_fc2_out_l_unsigned_int128_signed_char_double_read, i5 23, i32 %ecg_mulmulcnn_top_float_float_fc2_out_lo_signed_char_double_read, i5 24, i32 %ecg_mulmulcnn_top_float_float_fc2_out_loa_double_read, i5 25, i32 %ecg_mulmulcnn_top_float_float_fc2_out_load_read, i5 26, i32 %ecg_cnn_top_float_float_fc2_out_123, i5 27, i32 %ecg_cnn_top_float_float_fc2_out_122, i5 28, i32 %ecg_cnn_top_float_float_fc2_out_121, i5 29, i32 %ecg_cnn_top_float_float_fc2_out_120, i5 30, i32 %p_ZZ11ecg_cnn_topPfS_E7fc2_out_30_load_read, i5 31, i32 %ecg_mulmulcnn_top_float_float_fc2_out_long_unsigned_int128_signed_char_double_read, i32 <undef>, i5 %trunc_ln327" [cnn.cpp:329->cnn.cpp:398]   --->   Operation 99 'sparsemux' 'tmp_5' <Predicate = (!icmp_ln325)> <Delay = 3.20> <CoreInst = "BinarySparseMux_DontCare">   --->   Core 137 'BinarySparseMux_DontCare' <Latency = 0> <II = 1> <Delay = 3.20> <FuncUnit> <Opcode : 'sparsemux'> <InPorts = 2> <OutPorts = 1>
ST_1 : Operation 100 [2/2] (3.25ns)   --->   "%output_w_load = load i8 %output_w_addr" [cnn.cpp:329->cnn.cpp:398]   --->   Operation 100 'load' 'output_w_load' <Predicate = (!icmp_ln325)> <Delay = 3.25> <CoreInst = "ROM">   --->   Core 94 'ROM' <Latency = 1> <II = 1> <Delay = 3.25> <Storage> <Opcode : 'load'> <Ports = 0> <Width = 8> <Depth = 160> <ROM>
ST_1 : Operation 101 [1/1] (1.82ns)   --->   "%add_ln327 = add i6 %select_ln325, i6 1" [cnn.cpp:327->cnn.cpp:398]   --->   Operation 101 'add' 'add_ln327' <Predicate = (!icmp_ln325)> <Delay = 1.82> <CoreInst = "Adder">   --->   Core 1 'Adder' <Latency = 0> <II = 1> <Delay = 1.82> <FuncUnit> <Opcode : 'add' 'sub'> <InPorts = 2> <OutPorts = 1>
ST_1 : Operation 102 [1/1] (1.82ns)   --->   "%icmp_ln327_1 = icmp_eq  i6 %add_ln327, i6 32" [cnn.cpp:327->cnn.cpp:398]   --->   Operation 102 'icmp' 'icmp_ln327_1' <Predicate = (!icmp_ln325)> <Delay = 1.82> <CoreInst = "Cmp">   --->   Core 9 'Cmp' <Latency = 0> <II = 1> <Delay = 1.82> <FuncUnit> <Opcode : 'seteq' 'setne' 'setle' 'setge' 'setlt' 'setgt'> <InPorts = 2> <OutPorts = 1>
ST_1 : Operation 103 [1/1] (0.00ns)   --->   "%br_ln327 = br i1 %icmp_ln327_1, void %new.latch.for.inc.i316.split, void %last.iter.for.inc.i316.split" [cnn.cpp:327->cnn.cpp:398]   --->   Operation 103 'br' 'br_ln327' <Predicate = (!icmp_ln325)> <Delay = 0.00>
ST_1 : Operation 104 [1/1] (1.65ns)   --->   "%switch_ln331 = switch i3 %select_ln325_6, void %arrayidx13.i317.case.4, i3 0, void %last.iter.for.inc.i316.split.new.latch.for.inc.i316.split_crit_edge, i3 1, void %arrayidx13.i317.case.1, i3 2, void %arrayidx13.i317.case.2, i3 3, void %arrayidx13.i317.case.3" [cnn.cpp:331->cnn.cpp:398]   --->   Operation 104 'switch' 'switch_ln331' <Predicate = (!icmp_ln325 & icmp_ln327_1)> <Delay = 1.65>
ST_1 : Operation 105 [1/1] (1.58ns)   --->   "%store_ln325 = store i8 %add_ln325_1, i8 %indvar_flatten59" [cnn.cpp:325->cnn.cpp:398]   --->   Operation 105 'store' 'store_ln325' <Predicate = (!icmp_ln325)> <Delay = 1.58>
ST_1 : Operation 106 [1/1] (1.58ns)   --->   "%store_ln325 = store i3 %select_ln325_6, i3 %o_2" [cnn.cpp:325->cnn.cpp:398]   --->   Operation 106 'store' 'store_ln325' <Predicate = (!icmp_ln325)> <Delay = 1.58>
ST_1 : Operation 107 [1/1] (1.58ns)   --->   "%store_ln327 = store i6 %add_ln327, i6 %i" [cnn.cpp:327->cnn.cpp:398]   --->   Operation 107 'store' 'store_ln327' <Predicate = (!icmp_ln325)> <Delay = 1.58>

State 2 <SV = 1> <Delay = 5.16>
ST_2 : Operation 108 [1/2] ( I:2.32ns O:2.32ns )   --->   "%output_b_load = load i3 %output_b_addr" [cnn.cpp:326->cnn.cpp:398]   --->   Operation 108 'load' 'output_b_load' <Predicate = (!icmp_ln325)> <Delay = 2.32> <CoreInst = "ROM">   --->   Core 94 'ROM' <Latency = 1> <II = 1> <Delay = 2.32> <Storage> <Opcode : 'load'> <Ports = 0> <Width = 8> <Depth = 5> <ROM>
ST_2 : Operation 109 [1/2] ( I:3.25ns O:3.25ns )   --->   "%output_w_load = load i8 %output_w_addr" [cnn.cpp:329->cnn.cpp:398]   --->   Operation 109 'load' 'output_w_load' <Predicate = (!icmp_ln325)> <Delay = 3.25> <CoreInst = "ROM">   --->   Core 94 'ROM' <Latency = 1> <II = 1> <Delay = 3.25> <Storage> <Opcode : 'load'> <Ports = 0> <Width = 8> <Depth = 160> <ROM>
ST_2 : Operation 110 [1/1] (0.00ns)   --->   "%sext_ln38_4 = sext i8 %output_w_load" [cnn.cpp:38->cnn.cpp:329->cnn.cpp:398]   --->   Operation 110 'sext' 'sext_ln38_4' <Predicate = (!icmp_ln325)> <Delay = 0.00>
ST_2 : Operation 111 [1/1] (1.91ns)   --->   "%add_ln38_1 = add i9 %sext_ln38_4, i9 493" [cnn.cpp:38->cnn.cpp:329->cnn.cpp:398]   --->   Operation 111 'add' 'add_ln38_1' <Predicate = (!icmp_ln325)> <Delay = 1.91> <CoreInst = "Adder">   --->   Core 1 'Adder' <Latency = 0> <II = 1> <Delay = 1.91> <FuncUnit> <Opcode : 'add' 'sub'> <InPorts = 2> <OutPorts = 1>

State 3 <SV = 2> <Delay = 10.6>
ST_3 : Operation 112 [1/1] (0.00ns)   --->   "%sext_ln38 = sext i8 %output_b_load" [cnn.cpp:38->cnn.cpp:326->cnn.cpp:398]   --->   Operation 112 'sext' 'sext_ln38' <Predicate = (!icmp_ln325)> <Delay = 0.00>
ST_3 : Operation 113 [1/1] (1.91ns)   --->   "%add_ln38 = add i9 %sext_ln38, i9 8" [cnn.cpp:38->cnn.cpp:326->cnn.cpp:398]   --->   Operation 113 'add' 'add_ln38' <Predicate = (!icmp_ln325)> <Delay = 1.91> <CoreInst = "Adder">   --->   Core 1 'Adder' <Latency = 0> <II = 1> <Delay = 1.91> <FuncUnit> <Opcode : 'add' 'sub'> <InPorts = 2> <OutPorts = 1>
ST_3 : Operation 114 [1/1] (0.00ns)   --->   "%sext_ln38_5 = sext i9 %add_ln38_1" [cnn.cpp:38->cnn.cpp:329->cnn.cpp:398]   --->   Operation 114 'sext' 'sext_ln38_5' <Predicate = (!icmp_ln325)> <Delay = 0.00>
ST_3 : Operation 115 [4/4] (10.6ns)   --->   "%conv1_i26_i = sitofp i32 %sext_ln38_5" [cnn.cpp:38->cnn.cpp:329->cnn.cpp:398]   --->   Operation 115 'sitofp' 'conv1_i26_i' <Predicate = (!icmp_ln325)> <Delay = 10.6> <CoreInst = "Int2Float">   --->   Core 62 'Int2Float' <Latency = 3> <II = 1> <Delay = 10.6> <FuncUnit> <Opcode : 'uitofp' 'sitofp'> <InPorts = 1> <OutPorts = 1>

State 4 <SV = 3> <Delay = 10.6>
ST_4 : Operation 116 [1/1] (0.00ns)   --->   "%sext_ln38_3 = sext i9 %add_ln38" [cnn.cpp:38->cnn.cpp:326->cnn.cpp:398]   --->   Operation 116 'sext' 'sext_ln38_3' <Predicate = true> <Delay = 0.00>
ST_4 : Operation 117 [4/4] (10.6ns)   --->   "%conv1_i_i = sitofp i32 %sext_ln38_3" [cnn.cpp:38->cnn.cpp:326->cnn.cpp:398]   --->   Operation 117 'sitofp' 'conv1_i_i' <Predicate = true> <Delay = 10.6> <CoreInst = "Int2Float">   --->   Core 62 'Int2Float' <Latency = 3> <II = 1> <Delay = 10.6> <FuncUnit> <Opcode : 'uitofp' 'sitofp'> <InPorts = 1> <OutPorts = 1>
ST_4 : Operation 118 [3/4] (10.6ns)   --->   "%conv1_i26_i = sitofp i32 %sext_ln38_5" [cnn.cpp:38->cnn.cpp:329->cnn.cpp:398]   --->   Operation 118 'sitofp' 'conv1_i26_i' <Predicate = true> <Delay = 10.6> <CoreInst = "Int2Float">   --->   Core 62 'Int2Float' <Latency = 3> <II = 1> <Delay = 10.6> <FuncUnit> <Opcode : 'uitofp' 'sitofp'> <InPorts = 1> <OutPorts = 1>

State 5 <SV = 4> <Delay = 10.6>
ST_5 : Operation 119 [3/4] (10.6ns)   --->   "%conv1_i_i = sitofp i32 %sext_ln38_3" [cnn.cpp:38->cnn.cpp:326->cnn.cpp:398]   --->   Operation 119 'sitofp' 'conv1_i_i' <Predicate = true> <Delay = 10.6> <CoreInst = "Int2Float">   --->   Core 62 'Int2Float' <Latency = 3> <II = 1> <Delay = 10.6> <FuncUnit> <Opcode : 'uitofp' 'sitofp'> <InPorts = 1> <OutPorts = 1>
ST_5 : Operation 120 [2/4] (10.6ns)   --->   "%conv1_i26_i = sitofp i32 %sext_ln38_5" [cnn.cpp:38->cnn.cpp:329->cnn.cpp:398]   --->   Operation 120 'sitofp' 'conv1_i26_i' <Predicate = true> <Delay = 10.6> <CoreInst = "Int2Float">   --->   Core 62 'Int2Float' <Latency = 3> <II = 1> <Delay = 10.6> <FuncUnit> <Opcode : 'uitofp' 'sitofp'> <InPorts = 1> <OutPorts = 1>

State 6 <SV = 5> <Delay = 10.6>
ST_6 : Operation 121 [2/4] (10.6ns)   --->   "%conv1_i_i = sitofp i32 %sext_ln38_3" [cnn.cpp:38->cnn.cpp:326->cnn.cpp:398]   --->   Operation 121 'sitofp' 'conv1_i_i' <Predicate = true> <Delay = 10.6> <CoreInst = "Int2Float">   --->   Core 62 'Int2Float' <Latency = 3> <II = 1> <Delay = 10.6> <FuncUnit> <Opcode : 'uitofp' 'sitofp'> <InPorts = 1> <OutPorts = 1>
ST_6 : Operation 122 [1/4] (10.6ns)   --->   "%conv1_i26_i = sitofp i32 %sext_ln38_5" [cnn.cpp:38->cnn.cpp:329->cnn.cpp:398]   --->   Operation 122 'sitofp' 'conv1_i26_i' <Predicate = true> <Delay = 10.6> <CoreInst = "Int2Float">   --->   Core 62 'Int2Float' <Latency = 3> <II = 1> <Delay = 10.6> <FuncUnit> <Opcode : 'uitofp' 'sitofp'> <InPorts = 1> <OutPorts = 1>

State 7 <SV = 6> <Delay = 10.6>
ST_7 : Operation 123 [1/4] (10.6ns)   --->   "%conv1_i_i = sitofp i32 %sext_ln38_3" [cnn.cpp:38->cnn.cpp:326->cnn.cpp:398]   --->   Operation 123 'sitofp' 'conv1_i_i' <Predicate = true> <Delay = 10.6> <CoreInst = "Int2Float">   --->   Core 62 'Int2Float' <Latency = 3> <II = 1> <Delay = 10.6> <FuncUnit> <Opcode : 'uitofp' 'sitofp'> <InPorts = 1> <OutPorts = 1>
ST_7 : Operation 124 [3/3] (10.3ns)   --->   "%mul_i27_i = fmul i32 %conv1_i26_i, i32 0.00473378" [cnn.cpp:38->cnn.cpp:329->cnn.cpp:398]   --->   Operation 124 'fmul' 'mul_i27_i' <Predicate = true> <Delay = 10.3> <CoreInst = "FMul_maxdsp">   --->   Core 30 'FMul_maxdsp' <Latency = 2> <II = 1> <Delay = 10.3> <FuncUnit> <Opcode : 'fmul'> <InPorts = 2> <OutPorts = 1>

State 8 <SV = 7> <Delay = 10.3>
ST_8 : Operation 125 [3/3] (10.3ns)   --->   "%acc_3 = fmul i32 %conv1_i_i, i32 0.00155171" [cnn.cpp:38->cnn.cpp:326->cnn.cpp:398]   --->   Operation 125 'fmul' 'acc_3' <Predicate = (first_iter_6)> <Delay = 10.3> <CoreInst = "FMul_maxdsp">   --->   Core 30 'FMul_maxdsp' <Latency = 2> <II = 1> <Delay = 10.3> <FuncUnit> <Opcode : 'fmul'> <InPorts = 2> <OutPorts = 1>
ST_8 : Operation 126 [2/3] (10.3ns)   --->   "%mul_i27_i = fmul i32 %conv1_i26_i, i32 0.00473378" [cnn.cpp:38->cnn.cpp:329->cnn.cpp:398]   --->   Operation 126 'fmul' 'mul_i27_i' <Predicate = true> <Delay = 10.3> <CoreInst = "FMul_maxdsp">   --->   Core 30 'FMul_maxdsp' <Latency = 2> <II = 1> <Delay = 10.3> <FuncUnit> <Opcode : 'fmul'> <InPorts = 2> <OutPorts = 1>

State 9 <SV = 8> <Delay = 10.3>
ST_9 : Operation 127 [2/3] (10.3ns)   --->   "%acc_3 = fmul i32 %conv1_i_i, i32 0.00155171" [cnn.cpp:38->cnn.cpp:326->cnn.cpp:398]   --->   Operation 127 'fmul' 'acc_3' <Predicate = (first_iter_6)> <Delay = 10.3> <CoreInst = "FMul_maxdsp">   --->   Core 30 'FMul_maxdsp' <Latency = 2> <II = 1> <Delay = 10.3> <FuncUnit> <Opcode : 'fmul'> <InPorts = 2> <OutPorts = 1>
ST_9 : Operation 128 [1/3] (10.3ns)   --->   "%mul_i27_i = fmul i32 %conv1_i26_i, i32 0.00473378" [cnn.cpp:38->cnn.cpp:329->cnn.cpp:398]   --->   Operation 128 'fmul' 'mul_i27_i' <Predicate = true> <Delay = 10.3> <CoreInst = "FMul_maxdsp">   --->   Core 30 'FMul_maxdsp' <Latency = 2> <II = 1> <Delay = 10.3> <FuncUnit> <Opcode : 'fmul'> <InPorts = 2> <OutPorts = 1>

State 10 <SV = 9> <Delay = 10.3>
ST_10 : Operation 129 [1/3] (10.3ns)   --->   "%acc_3 = fmul i32 %conv1_i_i, i32 0.00155171" [cnn.cpp:38->cnn.cpp:326->cnn.cpp:398]   --->   Operation 129 'fmul' 'acc_3' <Predicate = (first_iter_6)> <Delay = 10.3> <CoreInst = "FMul_maxdsp">   --->   Core 30 'FMul_maxdsp' <Latency = 2> <II = 1> <Delay = 10.3> <FuncUnit> <Opcode : 'fmul'> <InPorts = 2> <OutPorts = 1>

State 11 <SV = 10> <Delay = 0.00>

State 12 <SV = 11> <Delay = 10.3>
ST_12 : Operation 130 [3/3] (10.3ns)   --->   "%mul_i = fmul i32 %tmp_5, i32 %mul_i27_i" [cnn.cpp:329->cnn.cpp:398]   --->   Operation 130 'fmul' 'mul_i' <Predicate = true> <Delay = 10.3> <CoreInst = "FMul_maxdsp">   --->   Core 30 'FMul_maxdsp' <Latency = 2> <II = 1> <Delay = 10.3> <FuncUnit> <Opcode : 'fmul'> <InPorts = 2> <OutPorts = 1>

State 13 <SV = 12> <Delay = 10.3>
ST_13 : Operation 131 [2/3] (10.3ns)   --->   "%mul_i = fmul i32 %tmp_5, i32 %mul_i27_i" [cnn.cpp:329->cnn.cpp:398]   --->   Operation 131 'fmul' 'mul_i' <Predicate = true> <Delay = 10.3> <CoreInst = "FMul_maxdsp">   --->   Core 30 'FMul_maxdsp' <Latency = 2> <II = 1> <Delay = 10.3> <FuncUnit> <Opcode : 'fmul'> <InPorts = 2> <OutPorts = 1>

State 14 <SV = 13> <Delay = 10.3>
ST_14 : Operation 132 [1/3] (10.3ns)   --->   "%mul_i = fmul i32 %tmp_5, i32 %mul_i27_i" [cnn.cpp:329->cnn.cpp:398]   --->   Operation 132 'fmul' 'mul_i' <Predicate = true> <Delay = 10.3> <CoreInst = "FMul_maxdsp">   --->   Core 30 'FMul_maxdsp' <Latency = 2> <II = 1> <Delay = 10.3> <FuncUnit> <Opcode : 'fmul'> <InPorts = 2> <OutPorts = 1>

State 15 <SV = 14> <Delay = 12.1>
ST_15 : Operation 133 [1/1] (1.58ns)   --->   "%store_ln326 = store i32 %acc_3, i32 %acc" [cnn.cpp:326->cnn.cpp:398]   --->   Operation 133 'store' 'store_ln326' <Predicate = (first_iter_6)> <Delay = 1.58>
ST_15 : Operation 134 [1/1] (0.00ns)   --->   "%br_ln327 = br void %for.inc.i316.split" [cnn.cpp:327->cnn.cpp:398]   --->   Operation 134 'br' 'br_ln327' <Predicate = (first_iter_6)> <Delay = 0.00>
ST_15 : Operation 135 [1/1] (0.00ns)   --->   "%acc_load = load i32 %acc" [cnn.cpp:329->cnn.cpp:398]   --->   Operation 135 'load' 'acc_load' <Predicate = true> <Delay = 0.00>
ST_15 : Operation 136 [4/4] (10.5ns)   --->   "%logits = fadd i32 %acc_load, i32 %mul_i" [cnn.cpp:329->cnn.cpp:398]   --->   Operation 136 'fadd' 'logits' <Predicate = true> <Delay = 10.5> <CoreInst = "FAddSub_fulldsp">   --->   Core 18 'FAddSub_fulldsp' <Latency = 3> <II = 1> <Delay = 10.5> <FuncUnit> <Opcode : 'fadd' 'fsub'> <InPorts = 2> <OutPorts = 1>
ST_15 : Operation 195 [1/1] (0.00ns)   --->   "%mx_33_load = load i32 %mx_33"   --->   Operation 195 'load' 'mx_33_load' <Predicate = (icmp_ln325)> <Delay = 0.00>
ST_15 : Operation 196 [1/1] (0.00ns)   --->   "%mux_case_11121455_load = load i32 %mux_case_11121455"   --->   Operation 196 'load' 'mux_case_11121455_load' <Predicate = (icmp_ln325)> <Delay = 0.00>
ST_15 : Operation 197 [1/1] (0.00ns)   --->   "%mux_case_21141507_load = load i32 %mux_case_21141507"   --->   Operation 197 'load' 'mux_case_21141507_load' <Predicate = (icmp_ln325)> <Delay = 0.00>
ST_15 : Operation 198 [1/1] (0.00ns)   --->   "%mux_case_31161559_load = load i32 %mux_case_31161559"   --->   Operation 198 'load' 'mux_case_31161559_load' <Predicate = (icmp_ln325)> <Delay = 0.00>
ST_15 : Operation 199 [1/1] (0.00ns)   --->   "%mux_case_411816011_load = load i32 %mux_case_411816011"   --->   Operation 199 'load' 'mux_case_411816011_load' <Predicate = (icmp_ln325)> <Delay = 0.00>
ST_15 : Operation 200 [1/1] (0.00ns)   --->   "%write_ln0 = write void @_ssdm_op_Write.ap_auto.floatP0A, i32 %mux_case_411816011_out, i32 %mux_case_411816011_load"   --->   Operation 200 'write' 'write_ln0' <Predicate = (icmp_ln325)> <Delay = 0.00>
ST_15 : Operation 201 [1/1] (0.00ns)   --->   "%write_ln0 = write void @_ssdm_op_Write.ap_auto.floatP0A, i32 %mux_case_31161559_out, i32 %mux_case_31161559_load"   --->   Operation 201 'write' 'write_ln0' <Predicate = (icmp_ln325)> <Delay = 0.00>
ST_15 : Operation 202 [1/1] (0.00ns)   --->   "%write_ln0 = write void @_ssdm_op_Write.ap_auto.floatP0A, i32 %mux_case_21141507_out, i32 %mux_case_21141507_load"   --->   Operation 202 'write' 'write_ln0' <Predicate = (icmp_ln325)> <Delay = 0.00>
ST_15 : Operation 203 [1/1] (0.00ns)   --->   "%write_ln0 = write void @_ssdm_op_Write.ap_auto.floatP0A, i32 %mux_case_11121455_out, i32 %mux_case_11121455_load"   --->   Operation 203 'write' 'write_ln0' <Predicate = (icmp_ln325)> <Delay = 0.00>
ST_15 : Operation 204 [1/1] (0.00ns)   --->   "%write_ln0 = write void @_ssdm_op_Write.ap_auto.floatP0A, i32 %mx_33_out, i32 %mx_33_load"   --->   Operation 204 'write' 'write_ln0' <Predicate = (icmp_ln325)> <Delay = 0.00>
ST_15 : Operation 205 [1/1] (1.58ns)   --->   "%ret_ln0 = ret"   --->   Operation 205 'ret' 'ret_ln0' <Predicate = (icmp_ln325)> <Delay = 1.58>

State 16 <SV = 15> <Delay = 10.5>
ST_16 : Operation 137 [1/1] (0.00ns)   --->   "%p_load = load i32 %empty" [cnn.cpp:325->cnn.cpp:398]   --->   Operation 137 'load' 'p_load' <Predicate = (!icmp_ln327)> <Delay = 0.00>
ST_16 : Operation 138 [1/1] (0.00ns)   --->   "%mux_case_1112144_load = load i32 %mux_case_1112144" [cnn.cpp:325->cnn.cpp:398]   --->   Operation 138 'load' 'mux_case_1112144_load' <Predicate = (!icmp_ln327)> <Delay = 0.00>
ST_16 : Operation 139 [1/1] (0.00ns)   --->   "%mux_case_2114149_load = load i32 %mux_case_2114149" [cnn.cpp:325->cnn.cpp:398]   --->   Operation 139 'load' 'mux_case_2114149_load' <Predicate = (!icmp_ln327)> <Delay = 0.00>
ST_16 : Operation 140 [1/1] (0.00ns)   --->   "%mux_case_3116154_load = load i32 %mux_case_3116154" [cnn.cpp:325->cnn.cpp:398]   --->   Operation 140 'load' 'mux_case_3116154_load' <Predicate = (!icmp_ln327)> <Delay = 0.00>
ST_16 : Operation 141 [1/1] (0.00ns)   --->   "%mux_case_4118159_load = load i32 %mux_case_4118159" [cnn.cpp:325->cnn.cpp:398]   --->   Operation 141 'load' 'mux_case_4118159_load' <Predicate = (!icmp_ln327)> <Delay = 0.00>
ST_16 : Operation 142 [1/1] (0.00ns)   --->   "%mx_33_load_1 = load i32 %mx_33" [cnn.cpp:325->cnn.cpp:398]   --->   Operation 142 'load' 'mx_33_load_1' <Predicate = (icmp_ln327)> <Delay = 0.00>
ST_16 : Operation 143 [1/1] (0.00ns)   --->   "%mux_case_11121455_load_1 = load i32 %mux_case_11121455" [cnn.cpp:325->cnn.cpp:398]   --->   Operation 143 'load' 'mux_case_11121455_load_1' <Predicate = (icmp_ln327)> <Delay = 0.00>
ST_16 : Operation 144 [1/1] (0.00ns)   --->   "%mux_case_21141507_load_1 = load i32 %mux_case_21141507" [cnn.cpp:325->cnn.cpp:398]   --->   Operation 144 'load' 'mux_case_21141507_load_1' <Predicate = (icmp_ln327)> <Delay = 0.00>
ST_16 : Operation 145 [1/1] (0.00ns)   --->   "%mux_case_31161559_load_1 = load i32 %mux_case_31161559" [cnn.cpp:325->cnn.cpp:398]   --->   Operation 145 'load' 'mux_case_31161559_load_1' <Predicate = (icmp_ln327)> <Delay = 0.00>
ST_16 : Operation 146 [1/1] (0.00ns)   --->   "%mux_case_411816011_load_1 = load i32 %mux_case_411816011" [cnn.cpp:325->cnn.cpp:398]   --->   Operation 146 'load' 'mux_case_411816011_load_1' <Predicate = (icmp_ln327)> <Delay = 0.00>
ST_16 : Operation 147 [1/1] (0.00ns)   --->   "%specloopname_ln0 = specloopname void @_ssdm_op_SpecLoopName, void @VITIS_LOOP_325_1_VITIS_LOOP_327_2_str"   --->   Operation 147 'specloopname' 'specloopname_ln0' <Predicate = true> <Delay = 0.00>
ST_16 : Operation 148 [1/1] (0.00ns)   --->   "%speclooptripcount_ln0 = speclooptripcount void @_ssdm_op_SpecLoopTripCount, i64 160, i64 160, i64 160"   --->   Operation 148 'speclooptripcount' 'speclooptripcount_ln0' <Predicate = true> <Delay = 0.00>
ST_16 : Operation 149 [1/1] (0.69ns)   --->   "%select_ln325_1 = select i1 %icmp_ln327, i32 %mux_case_411816011_load_1, i32 %mux_case_4118159_load" [cnn.cpp:325->cnn.cpp:398]   --->   Operation 149 'select' 'select_ln325_1' <Predicate = true> <Delay = 0.69> <CoreInst = "Sel">   --->   Core 73 'Sel' <Latency = 0> <II = 1> <Delay = 0.69> <FuncUnit> <Opcode : 'select'> <InPorts = 3> <OutPorts = 1>
ST_16 : Operation 150 [1/1] (0.69ns)   --->   "%select_ln325_2 = select i1 %icmp_ln327, i32 %mux_case_31161559_load_1, i32 %mux_case_3116154_load" [cnn.cpp:325->cnn.cpp:398]   --->   Operation 150 'select' 'select_ln325_2' <Predicate = true> <Delay = 0.69> <CoreInst = "Sel">   --->   Core 73 'Sel' <Latency = 0> <II = 1> <Delay = 0.69> <FuncUnit> <Opcode : 'select'> <InPorts = 3> <OutPorts = 1>
ST_16 : Operation 151 [1/1] (0.69ns)   --->   "%select_ln325_3 = select i1 %icmp_ln327, i32 %mux_case_21141507_load_1, i32 %mux_case_2114149_load" [cnn.cpp:325->cnn.cpp:398]   --->   Operation 151 'select' 'select_ln325_3' <Predicate = true> <Delay = 0.69> <CoreInst = "Sel">   --->   Core 73 'Sel' <Latency = 0> <II = 1> <Delay = 0.69> <FuncUnit> <Opcode : 'select'> <InPorts = 3> <OutPorts = 1>
ST_16 : Operation 152 [1/1] (0.69ns)   --->   "%select_ln325_4 = select i1 %icmp_ln327, i32 %mux_case_11121455_load_1, i32 %mux_case_1112144_load" [cnn.cpp:325->cnn.cpp:398]   --->   Operation 152 'select' 'select_ln325_4' <Predicate = true> <Delay = 0.69> <CoreInst = "Sel">   --->   Core 73 'Sel' <Latency = 0> <II = 1> <Delay = 0.69> <FuncUnit> <Opcode : 'select'> <InPorts = 3> <OutPorts = 1>
ST_16 : Operation 153 [1/1] (0.69ns)   --->   "%select_ln325_5 = select i1 %icmp_ln327, i32 %mx_33_load_1, i32 %p_load" [cnn.cpp:325->cnn.cpp:398]   --->   Operation 153 'select' 'select_ln325_5' <Predicate = true> <Delay = 0.69> <CoreInst = "Sel">   --->   Core 73 'Sel' <Latency = 0> <II = 1> <Delay = 0.69> <FuncUnit> <Opcode : 'select'> <InPorts = 3> <OutPorts = 1>
ST_16 : Operation 154 [3/4] (10.5ns)   --->   "%logits = fadd i32 %acc_load, i32 %mul_i" [cnn.cpp:329->cnn.cpp:398]   --->   Operation 154 'fadd' 'logits' <Predicate = true> <Delay = 10.5> <CoreInst = "FAddSub_fulldsp">   --->   Core 18 'FAddSub_fulldsp' <Latency = 3> <II = 1> <Delay = 10.5> <FuncUnit> <Opcode : 'fadd' 'fsub'> <InPorts = 2> <OutPorts = 1>
ST_16 : Operation 155 [1/1] (1.58ns)   --->   "%store_ln325 = store i32 %select_ln325_1, i32 %mux_case_411816011" [cnn.cpp:325->cnn.cpp:398]   --->   Operation 155 'store' 'store_ln325' <Predicate = (icmp_ln327_1 & select_ln325_6 == 3)> <Delay = 1.58>
ST_16 : Operation 156 [1/1] (1.58ns)   --->   "%store_ln325 = store i32 %select_ln325_3, i32 %mux_case_21141507" [cnn.cpp:325->cnn.cpp:398]   --->   Operation 156 'store' 'store_ln325' <Predicate = (icmp_ln327_1 & select_ln325_6 == 3)> <Delay = 1.58>
ST_16 : Operation 157 [1/1] (1.58ns)   --->   "%store_ln325 = store i32 %select_ln325_4, i32 %mux_case_11121455" [cnn.cpp:325->cnn.cpp:398]   --->   Operation 157 'store' 'store_ln325' <Predicate = (icmp_ln327_1 & select_ln325_6 == 3)> <Delay = 1.58>
ST_16 : Operation 158 [1/1] (1.58ns)   --->   "%store_ln325 = store i32 %select_ln325_5, i32 %mx_33" [cnn.cpp:325->cnn.cpp:398]   --->   Operation 158 'store' 'store_ln325' <Predicate = (icmp_ln327_1 & select_ln325_6 == 3)> <Delay = 1.58>
ST_16 : Operation 159 [1/1] (1.58ns)   --->   "%store_ln325 = store i32 %select_ln325_1, i32 %mux_case_411816011" [cnn.cpp:325->cnn.cpp:398]   --->   Operation 159 'store' 'store_ln325' <Predicate = (icmp_ln327_1 & select_ln325_6 == 2)> <Delay = 1.58>
ST_16 : Operation 160 [1/1] (1.58ns)   --->   "%store_ln325 = store i32 %select_ln325_2, i32 %mux_case_31161559" [cnn.cpp:325->cnn.cpp:398]   --->   Operation 160 'store' 'store_ln325' <Predicate = (icmp_ln327_1 & select_ln325_6 == 2)> <Delay = 1.58>
ST_16 : Operation 161 [1/1] (1.58ns)   --->   "%store_ln325 = store i32 %select_ln325_4, i32 %mux_case_11121455" [cnn.cpp:325->cnn.cpp:398]   --->   Operation 161 'store' 'store_ln325' <Predicate = (icmp_ln327_1 & select_ln325_6 == 2)> <Delay = 1.58>
ST_16 : Operation 162 [1/1] (1.58ns)   --->   "%store_ln325 = store i32 %select_ln325_5, i32 %mx_33" [cnn.cpp:325->cnn.cpp:398]   --->   Operation 162 'store' 'store_ln325' <Predicate = (icmp_ln327_1 & select_ln325_6 == 2)> <Delay = 1.58>
ST_16 : Operation 163 [1/1] (1.58ns)   --->   "%store_ln325 = store i32 %select_ln325_1, i32 %mux_case_411816011" [cnn.cpp:325->cnn.cpp:398]   --->   Operation 163 'store' 'store_ln325' <Predicate = (icmp_ln327_1 & select_ln325_6 == 1)> <Delay = 1.58>
ST_16 : Operation 164 [1/1] (1.58ns)   --->   "%store_ln325 = store i32 %select_ln325_2, i32 %mux_case_31161559" [cnn.cpp:325->cnn.cpp:398]   --->   Operation 164 'store' 'store_ln325' <Predicate = (icmp_ln327_1 & select_ln325_6 == 1)> <Delay = 1.58>
ST_16 : Operation 165 [1/1] (1.58ns)   --->   "%store_ln325 = store i32 %select_ln325_3, i32 %mux_case_21141507" [cnn.cpp:325->cnn.cpp:398]   --->   Operation 165 'store' 'store_ln325' <Predicate = (icmp_ln327_1 & select_ln325_6 == 1)> <Delay = 1.58>
ST_16 : Operation 166 [1/1] (1.58ns)   --->   "%store_ln325 = store i32 %select_ln325_5, i32 %mx_33" [cnn.cpp:325->cnn.cpp:398]   --->   Operation 166 'store' 'store_ln325' <Predicate = (icmp_ln327_1 & select_ln325_6 == 1)> <Delay = 1.58>
ST_16 : Operation 167 [1/1] (1.58ns)   --->   "%store_ln325 = store i32 %select_ln325_1, i32 %mux_case_411816011" [cnn.cpp:325->cnn.cpp:398]   --->   Operation 167 'store' 'store_ln325' <Predicate = (icmp_ln327_1 & select_ln325_6 == 0)> <Delay = 1.58>
ST_16 : Operation 168 [1/1] (1.58ns)   --->   "%store_ln325 = store i32 %select_ln325_2, i32 %mux_case_31161559" [cnn.cpp:325->cnn.cpp:398]   --->   Operation 168 'store' 'store_ln325' <Predicate = (icmp_ln327_1 & select_ln325_6 == 0)> <Delay = 1.58>
ST_16 : Operation 169 [1/1] (1.58ns)   --->   "%store_ln325 = store i32 %select_ln325_3, i32 %mux_case_21141507" [cnn.cpp:325->cnn.cpp:398]   --->   Operation 169 'store' 'store_ln325' <Predicate = (icmp_ln327_1 & select_ln325_6 == 0)> <Delay = 1.58>
ST_16 : Operation 170 [1/1] (1.58ns)   --->   "%store_ln325 = store i32 %select_ln325_4, i32 %mux_case_11121455" [cnn.cpp:325->cnn.cpp:398]   --->   Operation 170 'store' 'store_ln325' <Predicate = (icmp_ln327_1 & select_ln325_6 == 0)> <Delay = 1.58>
ST_16 : Operation 171 [1/1] (1.58ns)   --->   "%store_ln325 = store i32 %select_ln325_2, i32 %mux_case_31161559" [cnn.cpp:325->cnn.cpp:398]   --->   Operation 171 'store' 'store_ln325' <Predicate = (icmp_ln327_1 & select_ln325_6 != 0 & select_ln325_6 != 1 & select_ln325_6 != 2 & select_ln325_6 != 3)> <Delay = 1.58>
ST_16 : Operation 172 [1/1] (1.58ns)   --->   "%store_ln325 = store i32 %select_ln325_3, i32 %mux_case_21141507" [cnn.cpp:325->cnn.cpp:398]   --->   Operation 172 'store' 'store_ln325' <Predicate = (icmp_ln327_1 & select_ln325_6 != 0 & select_ln325_6 != 1 & select_ln325_6 != 2 & select_ln325_6 != 3)> <Delay = 1.58>
ST_16 : Operation 173 [1/1] (1.58ns)   --->   "%store_ln325 = store i32 %select_ln325_4, i32 %mux_case_11121455" [cnn.cpp:325->cnn.cpp:398]   --->   Operation 173 'store' 'store_ln325' <Predicate = (icmp_ln327_1 & select_ln325_6 != 0 & select_ln325_6 != 1 & select_ln325_6 != 2 & select_ln325_6 != 3)> <Delay = 1.58>
ST_16 : Operation 174 [1/1] (1.58ns)   --->   "%store_ln325 = store i32 %select_ln325_5, i32 %mx_33" [cnn.cpp:325->cnn.cpp:398]   --->   Operation 174 'store' 'store_ln325' <Predicate = (icmp_ln327_1 & select_ln325_6 != 0 & select_ln325_6 != 1 & select_ln325_6 != 2 & select_ln325_6 != 3)> <Delay = 1.58>
ST_16 : Operation 175 [1/1] (1.58ns)   --->   "%store_ln325 = store i32 %select_ln325_1, i32 %mux_case_4118159" [cnn.cpp:325->cnn.cpp:398]   --->   Operation 175 'store' 'store_ln325' <Predicate = true> <Delay = 1.58>
ST_16 : Operation 176 [1/1] (1.58ns)   --->   "%store_ln325 = store i32 %select_ln325_2, i32 %mux_case_3116154" [cnn.cpp:325->cnn.cpp:398]   --->   Operation 176 'store' 'store_ln325' <Predicate = true> <Delay = 1.58>
ST_16 : Operation 177 [1/1] (1.58ns)   --->   "%store_ln325 = store i32 %select_ln325_3, i32 %mux_case_2114149" [cnn.cpp:325->cnn.cpp:398]   --->   Operation 177 'store' 'store_ln325' <Predicate = true> <Delay = 1.58>
ST_16 : Operation 178 [1/1] (1.58ns)   --->   "%store_ln325 = store i32 %select_ln325_4, i32 %mux_case_1112144" [cnn.cpp:325->cnn.cpp:398]   --->   Operation 178 'store' 'store_ln325' <Predicate = true> <Delay = 1.58>
ST_16 : Operation 179 [1/1] (1.58ns)   --->   "%store_ln325 = store i32 %select_ln325_5, i32 %empty" [cnn.cpp:325->cnn.cpp:398]   --->   Operation 179 'store' 'store_ln325' <Predicate = true> <Delay = 1.58>

State 17 <SV = 16> <Delay = 10.5>
ST_17 : Operation 180 [2/4] (10.5ns)   --->   "%logits = fadd i32 %acc_load, i32 %mul_i" [cnn.cpp:329->cnn.cpp:398]   --->   Operation 180 'fadd' 'logits' <Predicate = true> <Delay = 10.5> <CoreInst = "FAddSub_fulldsp">   --->   Core 18 'FAddSub_fulldsp' <Latency = 3> <II = 1> <Delay = 10.5> <FuncUnit> <Opcode : 'fadd' 'fsub'> <InPorts = 2> <OutPorts = 1>

State 18 <SV = 17> <Delay = 12.1>
ST_18 : Operation 181 [1/1] (0.00ns)   --->   "%specpipeline_ln328 = specpipeline void @_ssdm_op_SpecPipeline, i32 1, i32 0, i32 0, i32 0, void @empty_22" [cnn.cpp:328->cnn.cpp:398]   --->   Operation 181 'specpipeline' 'specpipeline_ln328' <Predicate = true> <Delay = 0.00>
ST_18 : Operation 182 [1/4] (10.5ns)   --->   "%logits = fadd i32 %acc_load, i32 %mul_i" [cnn.cpp:329->cnn.cpp:398]   --->   Operation 182 'fadd' 'logits' <Predicate = true> <Delay = 10.5> <CoreInst = "FAddSub_fulldsp">   --->   Core 18 'FAddSub_fulldsp' <Latency = 3> <II = 1> <Delay = 10.5> <FuncUnit> <Opcode : 'fadd' 'fsub'> <InPorts = 2> <OutPorts = 1>
ST_18 : Operation 183 [1/1] (1.58ns)   --->   "%store_ln329 = store i32 %logits, i32 %mux_case_31161559" [cnn.cpp:329->cnn.cpp:398]   --->   Operation 183 'store' 'store_ln329' <Predicate = (icmp_ln327_1 & select_ln325_6 == 3)> <Delay = 1.58>
ST_18 : Operation 184 [1/1] (0.00ns)   --->   "%br_ln331 = br void %new.latch.for.inc.i316.split" [cnn.cpp:331->cnn.cpp:398]   --->   Operation 184 'br' 'br_ln331' <Predicate = (icmp_ln327_1 & select_ln325_6 == 3)> <Delay = 0.00>
ST_18 : Operation 185 [1/1] (1.58ns)   --->   "%store_ln329 = store i32 %logits, i32 %mux_case_21141507" [cnn.cpp:329->cnn.cpp:398]   --->   Operation 185 'store' 'store_ln329' <Predicate = (icmp_ln327_1 & select_ln325_6 == 2)> <Delay = 1.58>
ST_18 : Operation 186 [1/1] (0.00ns)   --->   "%br_ln331 = br void %new.latch.for.inc.i316.split" [cnn.cpp:331->cnn.cpp:398]   --->   Operation 186 'br' 'br_ln331' <Predicate = (icmp_ln327_1 & select_ln325_6 == 2)> <Delay = 0.00>
ST_18 : Operation 187 [1/1] (1.58ns)   --->   "%store_ln329 = store i32 %logits, i32 %mux_case_11121455" [cnn.cpp:329->cnn.cpp:398]   --->   Operation 187 'store' 'store_ln329' <Predicate = (icmp_ln327_1 & select_ln325_6 == 1)> <Delay = 1.58>
ST_18 : Operation 188 [1/1] (0.00ns)   --->   "%br_ln331 = br void %new.latch.for.inc.i316.split" [cnn.cpp:331->cnn.cpp:398]   --->   Operation 188 'br' 'br_ln331' <Predicate = (icmp_ln327_1 & select_ln325_6 == 1)> <Delay = 0.00>
ST_18 : Operation 189 [1/1] (1.58ns)   --->   "%store_ln329 = store i32 %logits, i32 %mx_33" [cnn.cpp:329->cnn.cpp:398]   --->   Operation 189 'store' 'store_ln329' <Predicate = (icmp_ln327_1 & select_ln325_6 == 0)> <Delay = 1.58>
ST_18 : Operation 190 [1/1] (0.00ns)   --->   "%br_ln331 = br void %new.latch.for.inc.i316.split" [cnn.cpp:331->cnn.cpp:398]   --->   Operation 190 'br' 'br_ln331' <Predicate = (icmp_ln327_1 & select_ln325_6 == 0)> <Delay = 0.00>
ST_18 : Operation 191 [1/1] (1.58ns)   --->   "%store_ln329 = store i32 %logits, i32 %mux_case_411816011" [cnn.cpp:329->cnn.cpp:398]   --->   Operation 191 'store' 'store_ln329' <Predicate = (icmp_ln327_1 & select_ln325_6 != 0 & select_ln325_6 != 1 & select_ln325_6 != 2 & select_ln325_6 != 3)> <Delay = 1.58>
ST_18 : Operation 192 [1/1] (0.00ns)   --->   "%br_ln331 = br void %new.latch.for.inc.i316.split" [cnn.cpp:331->cnn.cpp:398]   --->   Operation 192 'br' 'br_ln331' <Predicate = (icmp_ln327_1 & select_ln325_6 != 0 & select_ln325_6 != 1 & select_ln325_6 != 2 & select_ln325_6 != 3)> <Delay = 0.00>
ST_18 : Operation 193 [1/1] (1.58ns)   --->   "%store_ln326 = store i32 %logits, i32 %acc" [cnn.cpp:326->cnn.cpp:398]   --->   Operation 193 'store' 'store_ln326' <Predicate = true> <Delay = 1.58>
ST_18 : Operation 194 [1/1] (0.00ns)   --->   "%br_ln327 = br void %for.inc.i316" [cnn.cpp:327->cnn.cpp:398]   --->   Operation 194 'br' 'br_ln327' <Predicate = true> <Delay = 0.00>


============================================================
+ Verbose Summary: Timing violations
============================================================
Target clock period: 15.000ns, clock uncertainty: 4.050ns.

 <State 1>: 11.524ns
The critical path consists of the following:
	'store' operation 0 bit ('store_ln327', cnn.cpp:327->cnn.cpp:398) of constant 0 on local variable 'i', cnn.cpp:327->cnn.cpp:398 [93]  (1.588 ns)
	'load' operation 6 bit ('i_load', cnn.cpp:327->cnn.cpp:398) on local variable 'i', cnn.cpp:327->cnn.cpp:398 [101]  (0.000 ns)
	'icmp' operation 1 bit ('icmp_ln327', cnn.cpp:327->cnn.cpp:398) [116]  (1.825 ns)
	'select' operation 6 bit ('select_ln325', cnn.cpp:325->cnn.cpp:398) [117]  (1.188 ns)
	'add' operation 8 bit ('add_ln329_1', cnn.cpp:329->cnn.cpp:398) [142]  (0.000 ns)
	'add' operation 8 bit ('add_ln329', cnn.cpp:329->cnn.cpp:398) [143]  (3.669 ns)
	'getelementptr' operation 8 bit ('output_w_addr', cnn.cpp:329->cnn.cpp:398) [145]  (0.000 ns)
	'load' operation 8 bit ('w', cnn.cpp:329->cnn.cpp:398) on array 'output_w' [149]  (3.254 ns)

 <State 2>: 5.169ns
The critical path consists of the following:
	'load' operation 8 bit ('w', cnn.cpp:329->cnn.cpp:398) on array 'output_w' [149]  (3.254 ns)
	'add' operation 9 bit ('add_ln38_1', cnn.cpp:38->cnn.cpp:329->cnn.cpp:398) [151]  (1.915 ns)

 <State 3>: 10.669ns
The critical path consists of the following:
	'sitofp' operation 32 bit ('conv1_i26_i', cnn.cpp:38->cnn.cpp:329->cnn.cpp:398) [153]  (10.669 ns)

 <State 4>: 10.669ns
The critical path consists of the following:
	'sitofp' operation 32 bit ('conv1_i26_i', cnn.cpp:38->cnn.cpp:329->cnn.cpp:398) [153]  (10.669 ns)

 <State 5>: 10.669ns
The critical path consists of the following:
	'sitofp' operation 32 bit ('conv1_i26_i', cnn.cpp:38->cnn.cpp:329->cnn.cpp:398) [153]  (10.669 ns)

 <State 6>: 10.669ns
The critical path consists of the following:
	'sitofp' operation 32 bit ('conv1_i26_i', cnn.cpp:38->cnn.cpp:329->cnn.cpp:398) [153]  (10.669 ns)

 <State 7>: 10.669ns
The critical path consists of the following:
	'sitofp' operation 32 bit ('conv1_i_i', cnn.cpp:38->cnn.cpp:326->cnn.cpp:398) [132]  (10.669 ns)

 <State 8>: 10.319ns
The critical path consists of the following:
	'fmul' operation 32 bit ('acc', cnn.cpp:38->cnn.cpp:326->cnn.cpp:398) [135]  (10.319 ns)

 <State 9>: 10.319ns
The critical path consists of the following:
	'fmul' operation 32 bit ('acc', cnn.cpp:38->cnn.cpp:326->cnn.cpp:398) [135]  (10.319 ns)

 <State 10>: 10.319ns
The critical path consists of the following:
	'fmul' operation 32 bit ('acc', cnn.cpp:38->cnn.cpp:326->cnn.cpp:398) [135]  (10.319 ns)

 <State 11>: 0.000ns
The critical path consists of the following:

 <State 12>: 10.319ns
The critical path consists of the following:
	'fmul' operation 32 bit ('mul_i', cnn.cpp:329->cnn.cpp:398) [155]  (10.319 ns)

 <State 13>: 10.319ns
The critical path consists of the following:
	'fmul' operation 32 bit ('mul_i', cnn.cpp:329->cnn.cpp:398) [155]  (10.319 ns)

 <State 14>: 10.319ns
The critical path consists of the following:
	'fmul' operation 32 bit ('mul_i', cnn.cpp:329->cnn.cpp:398) [155]  (10.319 ns)

 <State 15>: 12.121ns
The critical path consists of the following:
	'store' operation 0 bit ('store_ln326', cnn.cpp:326->cnn.cpp:398) of variable 'acc', cnn.cpp:38->cnn.cpp:326->cnn.cpp:398 on local variable 'acc', cnn.cpp:326->cnn.cpp:398 [136]  (1.588 ns)
	'load' operation 32 bit ('acc_load', cnn.cpp:329->cnn.cpp:398) on local variable 'acc', cnn.cpp:326->cnn.cpp:398 [139]  (0.000 ns)
	'fadd' operation 32 bit ('logits', cnn.cpp:329->cnn.cpp:398) [156]  (10.533 ns)

 <State 16>: 10.533ns
The critical path consists of the following:
	'fadd' operation 32 bit ('logits', cnn.cpp:329->cnn.cpp:398) [156]  (10.533 ns)

 <State 17>: 10.533ns
The critical path consists of the following:
	'fadd' operation 32 bit ('logits', cnn.cpp:329->cnn.cpp:398) [156]  (10.533 ns)

 <State 18>: 12.121ns
The critical path consists of the following:
	'fadd' operation 32 bit ('logits', cnn.cpp:329->cnn.cpp:398) [156]  (10.533 ns)
	'store' operation 0 bit ('store_ln329', cnn.cpp:329->cnn.cpp:398) of variable 'logits', cnn.cpp:329->cnn.cpp:398 on local variable 'mux_case_411816011' [191]  (1.588 ns)


============================================================
+ Verbose Summary: Binding
============================================================
N/A
* FSMD analyzer results:
  - Output states:
 - Input state : 
  - Chain level:
	State 1
	State 2
	State 3
	State 4
	State 5
	State 6
	State 7
	State 8
	State 9
	State 10
	State 11
	State 12
	State 13
	State 14
	State 15
	State 16
	State 17
	State 18


============================================================
+ Verbose Summary: Datapath Resource usage 
============================================================
N/A
