

================================================================
== Vitis HLS Report for 'ecg_cnn_top_Pipeline_VITIS_LOOP_133_4'
================================================================
* Date:           Tue Mar 31 12:27:45 2026

* Version:        2025.1 (Build 6135595 on May 21 2025)
* Project:        ecg_cnn_top
* Solution:       hls (Vivado IP Flow Target)
* Product family: zynq
* Target device:  xc7z020-clg400-1


================================================================
== Performance Estimates
================================================================
+ Timing: 
    * Summary: 
    +--------+----------+-----------+------------+
    |  Clock |  Target  | Estimated | Uncertainty|
    +--------+----------+-----------+------------+
    |ap_clk  |  15.00 ns|  12.121 ns|     4.05 ns|
    +--------+----------+-----------+------------+

+ Latency: 
    * Summary: 
    +---------+---------+----------+----------+-----+-----+------------------------------------------------+
    |  Latency (cycles) |  Latency (absolute) |  Interval |                    Pipeline                    |
    |   min   |   max   |    min   |    max   | min | max |                      Type                      |
    +---------+---------+----------+----------+-----+-----+------------------------------------------------+
    |       39|       39|  0.585 us|  0.585 us|   27|   27|  loop auto-rewind stp (delay=0 clock cycles(s))|
    +---------+---------+----------+----------+-----+-----+------------------------------------------------+

    + Detail: 
        * Instance: 
        N/A

        * Loop: 
        +--------------------+---------+---------+----------+-----------+-----------+------+----------+
        |                    |  Latency (cycles) | Iteration|  Initiation Interval  | Trip |          |
        |      Loop Name     |   min   |   max   |  Latency |  achieved |   target  | Count| Pipelined|
        +--------------------+---------+---------+----------+-----------+-----------+------+----------+
        |- VITIS_LOOP_133_4  |       37|       37|        17|          3|          1|     8|       yes|
        +--------------------+---------+---------+----------+-----------+-----------+------+----------+

============================================================
+ Verbose Summary: Synthesis Manager
============================================================
InlineROM: 1
ExposeGlobal: 0
============================================================
+ Verbose Summary: CDFG Model
============================================================
IsTopModel: 0
ResetActiveHigh: 1
IsCombinational: 0
IsDatapathOnly: 0
HasWiredReturn: 1
HasMFsm: 2
HasVarLatency: 1
IsPipeline: 0
IsRtlPipelined: 0
IsInstanceOverlapped: 0
IsDontTouch: 0
HasImplIP: 0
IsGatedGlobalClock: 0

+ Individual pipeline summary: 
  * Pipeline-0: initiation interval (II) = 3, depth = 17


============================================================
+ Verbose Summary: Schedule
============================================================
* Number of FSM states : 17
* Pipeline : 1
  Pipeline-0 : II = 3, D = 17, States = { 1 2 3 4 5 6 7 8 9 10 11 12 13 14 15 16 17 }
* Dataflow Pipeline: 0

* FSM state transitions: 
1 --> 2 
2 --> 3 
3 --> 4 
4 --> 5 
5 --> 6 
6 --> 7 
7 --> 8 
8 --> 9 
9 --> 10 
10 --> 11 
11 --> 12 
12 --> 13 
13 --> 14 
14 --> 15 
15 --> 16 
16 --> 17 
17 --> 

* FSM state operations: 

State 1 <SV = 0> <Delay = 6.66>
ST_1 : Operation 20 [1/1] (0.00ns)   --->   "%acc = alloca i32 1" [cnn.cpp:129->cnn.cpp:388]   --->   Operation 20 'alloca' 'acc' <Predicate = true> <Delay = 0.00>
ST_1 : Operation 21 [1/1] (0.00ns)   --->   "%ic_2 = alloca i32 1" [cnn.cpp:133->cnn.cpp:388]   --->   Operation 21 'alloca' 'ic_2' <Predicate = true> <Delay = 0.00>
ST_1 : Operation 22 [1/1] (0.00ns)   --->   "%zext_ln128_read = read i4 @_ssdm_op_Read.ap_auto.i4, i4 %zext_ln128"   --->   Operation 22 'read' 'zext_ln128_read' <Predicate = true> <Delay = 0.00>
ST_1 : Operation 23 [1/1] (0.00ns)   --->   "%zext_ln136_read = read i6 @_ssdm_op_Read.ap_auto.i6, i6 %zext_ln136"   --->   Operation 23 'read' 'zext_ln136_read' <Predicate = true> <Delay = 0.00>
ST_1 : Operation 24 [1/1] (0.00ns)   --->   "%zext_ln135_read = read i10 @_ssdm_op_Read.ap_auto.i10, i10 %zext_ln135"   --->   Operation 24 'read' 'zext_ln135_read' <Predicate = true> <Delay = 0.00>
ST_1 : Operation 25 [1/1] (0.00ns)   --->   "%acc_7_read = read i32 @_ssdm_op_Read.ap_auto.float, i32 %acc_7"   --->   Operation 25 'read' 'acc_7_read' <Predicate = true> <Delay = 0.00>
ST_1 : Operation 26 [1/1] (1.58ns)   --->   "%store_ln133 = store i4 0, i4 %ic_2" [cnn.cpp:133->cnn.cpp:388]   --->   Operation 26 'store' 'store_ln133' <Predicate = true> <Delay = 1.58>
ST_1 : Operation 27 [1/1] (1.58ns)   --->   "%store_ln129 = store i32 %acc_7_read, i32 %acc" [cnn.cpp:129->cnn.cpp:388]   --->   Operation 27 'store' 'store_ln129' <Predicate = true> <Delay = 1.58>
ST_1 : Operation 28 [1/1] (0.00ns)   --->   "%br_ln0 = br void %for.inc.i77"   --->   Operation 28 'br' 'br_ln0' <Predicate = true> <Delay = 0.00>
ST_1 : Operation 29 [1/1] (0.00ns)   --->   "%ic = load i4 %ic_2" [cnn.cpp:133->cnn.cpp:388]   --->   Operation 29 'load' 'ic' <Predicate = true> <Delay = 0.00>
ST_1 : Operation 30 [1/1] (1.73ns)   --->   "%icmp_ln133 = icmp_eq  i4 %ic, i4 8" [cnn.cpp:133->cnn.cpp:388]   --->   Operation 30 'icmp' 'icmp_ln133' <Predicate = true> <Delay = 1.73> <CoreInst = "Cmp">   --->   Core 9 'Cmp' <Latency = 0> <II = 1> <Delay = 1.73> <FuncUnit> <Opcode : 'seteq' 'setne' 'setle' 'setge' 'setlt' 'setgt'> <InPorts = 2> <OutPorts = 1>
ST_1 : Operation 31 [1/1] (1.73ns)   --->   "%add_ln133 = add i4 %ic, i4 1" [cnn.cpp:133->cnn.cpp:388]   --->   Operation 31 'add' 'add_ln133' <Predicate = true> <Delay = 1.73> <CoreInst = "Adder">   --->   Core 1 'Adder' <Latency = 0> <II = 1> <Delay = 1.73> <FuncUnit> <Opcode : 'add' 'sub'> <InPorts = 2> <OutPorts = 1>
ST_1 : Operation 32 [1/1] (0.00ns)   --->   "%br_ln133 = br i1 %icmp_ln133, void %for.inc.i77.split, void %for.inc24.i82.loopexit.exitStub" [cnn.cpp:133->cnn.cpp:388]   --->   Operation 32 'br' 'br_ln133' <Predicate = true> <Delay = 0.00>
ST_1 : Operation 33 [1/1] (0.00ns)   --->   "%zext_ln135_1 = zext i4 %ic" [cnn.cpp:135->cnn.cpp:388]   --->   Operation 33 'zext' 'zext_ln135_1' <Predicate = (!icmp_ln133)> <Delay = 0.00>
ST_1 : Operation 34 [1/1] (1.82ns)   --->   "%add_ln136 = add i6 %zext_ln136_read, i6 %zext_ln135_1" [cnn.cpp:136->cnn.cpp:388]   --->   Operation 34 'add' 'add_ln136' <Predicate = (!icmp_ln133)> <Delay = 1.82> <CoreInst = "Adder">   --->   Core 1 'Adder' <Latency = 0> <II = 1> <Delay = 1.82> <FuncUnit> <Opcode : 'add' 'sub'> <InPorts = 2> <OutPorts = 1>
ST_1 : Operation 35 [1/1] (0.00ns)   --->   "%add_ln136_1 = bitconcatenate i10 @_ssdm_op_BitConcatenate.i10.i6.i4, i6 %add_ln136, i4 %zext_ln128_read" [cnn.cpp:136->cnn.cpp:388]   --->   Operation 35 'bitconcatenate' 'add_ln136_1' <Predicate = (!icmp_ln133)> <Delay = 0.00>
ST_1 : Operation 36 [1/1] (0.00ns)   --->   "%zext_ln136_1 = zext i10 %add_ln136_1" [cnn.cpp:136->cnn.cpp:388]   --->   Operation 36 'zext' 'zext_ln136_1' <Predicate = (!icmp_ln133)> <Delay = 0.00>
ST_1 : Operation 37 [1/1] (0.00ns)   --->   "%s2_conv_seq_w_addr = getelementptr i8 %s2_conv_seq_w, i64 0, i64 %zext_ln136_1" [cnn.cpp:136->cnn.cpp:388]   --->   Operation 37 'getelementptr' 's2_conv_seq_w_addr' <Predicate = (!icmp_ln133)> <Delay = 0.00>
ST_1 : Operation 38 [2/2] (3.25ns)   --->   "%s2_conv_seq_w_load = load i10 %s2_conv_seq_w_addr" [cnn.cpp:136->cnn.cpp:388]   --->   Operation 38 'load' 's2_conv_seq_w_load' <Predicate = (!icmp_ln133)> <Delay = 3.25> <CoreInst = "ROM">   --->   Core 94 'ROM' <Latency = 1> <II = 1> <Delay = 3.25> <Storage> <Opcode : 'load'> <Ports = 0> <Width = 8> <Depth = 896> <ROM>
ST_1 : Operation 39 [1/1] (1.58ns)   --->   "%store_ln133 = store i4 %add_ln133, i4 %ic_2" [cnn.cpp:133->cnn.cpp:388]   --->   Operation 39 'store' 'store_ln133' <Predicate = (!icmp_ln133)> <Delay = 1.58>

State 2 <SV = 1> <Delay = 5.16>
ST_2 : Operation 40 [1/2] ( I:3.25ns O:3.25ns )   --->   "%s2_conv_seq_w_load = load i10 %s2_conv_seq_w_addr" [cnn.cpp:136->cnn.cpp:388]   --->   Operation 40 'load' 's2_conv_seq_w_load' <Predicate = (!icmp_ln133)> <Delay = 3.25> <CoreInst = "ROM">   --->   Core 94 'ROM' <Latency = 1> <II = 1> <Delay = 3.25> <Storage> <Opcode : 'load'> <Ports = 0> <Width = 8> <Depth = 896> <ROM>
ST_2 : Operation 41 [1/1] (0.00ns)   --->   "%sext_ln38_3 = sext i8 %s2_conv_seq_w_load" [cnn.cpp:38->cnn.cpp:136->cnn.cpp:388]   --->   Operation 41 'sext' 'sext_ln38_3' <Predicate = (!icmp_ln133)> <Delay = 0.00>
ST_2 : Operation 42 [1/1] (1.91ns)   --->   "%add_ln38 = add i9 %sext_ln38_3, i9 503" [cnn.cpp:38->cnn.cpp:136->cnn.cpp:388]   --->   Operation 42 'add' 'add_ln38' <Predicate = (!icmp_ln133)> <Delay = 1.91> <CoreInst = "Adder">   --->   Core 1 'Adder' <Latency = 0> <II = 1> <Delay = 1.91> <FuncUnit> <Opcode : 'add' 'sub'> <InPorts = 2> <OutPorts = 1>

State 3 <SV = 2> <Delay = 10.6>
ST_3 : Operation 43 [1/1] (0.00ns)   --->   "%sext_ln38 = sext i9 %add_ln38" [cnn.cpp:38->cnn.cpp:136->cnn.cpp:388]   --->   Operation 43 'sext' 'sext_ln38' <Predicate = (!icmp_ln133)> <Delay = 0.00>
ST_3 : Operation 44 [4/4] (10.6ns)   --->   "%conv1_i_i2 = sitofp i32 %sext_ln38" [cnn.cpp:38->cnn.cpp:136->cnn.cpp:388]   --->   Operation 44 'sitofp' 'conv1_i_i2' <Predicate = (!icmp_ln133)> <Delay = 10.6> <CoreInst = "Int2Float">   --->   Core 62 'Int2Float' <Latency = 3> <II = 1> <Delay = 10.6> <FuncUnit> <Opcode : 'uitofp' 'sitofp'> <InPorts = 1> <OutPorts = 1>

State 4 <SV = 3> <Delay = 10.6>
ST_4 : Operation 45 [3/4] (10.6ns)   --->   "%conv1_i_i2 = sitofp i32 %sext_ln38" [cnn.cpp:38->cnn.cpp:136->cnn.cpp:388]   --->   Operation 45 'sitofp' 'conv1_i_i2' <Predicate = true> <Delay = 10.6> <CoreInst = "Int2Float">   --->   Core 62 'Int2Float' <Latency = 3> <II = 1> <Delay = 10.6> <FuncUnit> <Opcode : 'uitofp' 'sitofp'> <InPorts = 1> <OutPorts = 1>

State 5 <SV = 4> <Delay = 10.6>
ST_5 : Operation 46 [2/4] (10.6ns)   --->   "%conv1_i_i2 = sitofp i32 %sext_ln38" [cnn.cpp:38->cnn.cpp:136->cnn.cpp:388]   --->   Operation 46 'sitofp' 'conv1_i_i2' <Predicate = true> <Delay = 10.6> <CoreInst = "Int2Float">   --->   Core 62 'Int2Float' <Latency = 3> <II = 1> <Delay = 10.6> <FuncUnit> <Opcode : 'uitofp' 'sitofp'> <InPorts = 1> <OutPorts = 1>

State 6 <SV = 5> <Delay = 10.6>
ST_6 : Operation 47 [1/4] (10.6ns)   --->   "%conv1_i_i2 = sitofp i32 %sext_ln38" [cnn.cpp:38->cnn.cpp:136->cnn.cpp:388]   --->   Operation 47 'sitofp' 'conv1_i_i2' <Predicate = true> <Delay = 10.6> <CoreInst = "Int2Float">   --->   Core 62 'Int2Float' <Latency = 3> <II = 1> <Delay = 10.6> <FuncUnit> <Opcode : 'uitofp' 'sitofp'> <InPorts = 1> <OutPorts = 1>

State 7 <SV = 6> <Delay = 10.3>
ST_7 : Operation 48 [1/1] (0.00ns)   --->   "%zext_ln135_2 = zext i4 %ic" [cnn.cpp:135->cnn.cpp:388]   --->   Operation 48 'zext' 'zext_ln135_2' <Predicate = true> <Delay = 0.00>
ST_7 : Operation 49 [1/1] (1.73ns)   --->   "%add_ln135 = add i10 %zext_ln135_read, i10 %zext_ln135_2" [cnn.cpp:135->cnn.cpp:388]   --->   Operation 49 'add' 'add_ln135' <Predicate = true> <Delay = 1.73> <CoreInst = "Adder">   --->   Core 1 'Adder' <Latency = 0> <II = 1> <Delay = 1.73> <FuncUnit> <Opcode : 'add' 'sub'> <InPorts = 2> <OutPorts = 1>
ST_7 : Operation 50 [1/1] (0.00ns)   --->   "%zext_ln135_3 = zext i10 %add_ln135" [cnn.cpp:135->cnn.cpp:388]   --->   Operation 50 'zext' 'zext_ln135_3' <Predicate = true> <Delay = 0.00>
ST_7 : Operation 51 [1/1] (0.00ns)   --->   "%s1_pool_addr = getelementptr i32 %s1_pool, i64 0, i64 %zext_ln135_3" [cnn.cpp:135->cnn.cpp:388]   --->   Operation 51 'getelementptr' 's1_pool_addr' <Predicate = true> <Delay = 0.00>
ST_7 : Operation 52 [2/2] (3.25ns)   --->   "%s1_pool_load = load i10 %s1_pool_addr" [cnn.cpp:135->cnn.cpp:388]   --->   Operation 52 'load' 's1_pool_load' <Predicate = true> <Delay = 3.25> <CoreInst = "RAM">   --->   Core 81 'RAM' <Latency = 1> <II = 1> <Delay = 3.25> <Storage> <Opcode : 'load' 'store'> <Ports = 2> <Width = 32> <Depth = 744> <RAM>
ST_7 : Operation 53 [3/3] (10.3ns)   --->   "%mul_i_i2 = fmul i32 %conv1_i_i2, i32 0.0178385" [cnn.cpp:38->cnn.cpp:136->cnn.cpp:388]   --->   Operation 53 'fmul' 'mul_i_i2' <Predicate = true> <Delay = 10.3> <CoreInst = "FMul_maxdsp">   --->   Core 30 'FMul_maxdsp' <Latency = 2> <II = 1> <Delay = 10.3> <FuncUnit> <Opcode : 'fmul'> <InPorts = 2> <OutPorts = 1>

State 8 <SV = 7> <Delay = 10.3>
ST_8 : Operation 54 [1/2] ( I:3.25ns O:3.25ns )   --->   "%s1_pool_load = load i10 %s1_pool_addr" [cnn.cpp:135->cnn.cpp:388]   --->   Operation 54 'load' 's1_pool_load' <Predicate = true> <Delay = 3.25> <CoreInst = "RAM">   --->   Core 81 'RAM' <Latency = 1> <II = 1> <Delay = 3.25> <Storage> <Opcode : 'load' 'store'> <Ports = 2> <Width = 32> <Depth = 744> <RAM>
ST_8 : Operation 55 [2/3] (10.3ns)   --->   "%mul_i_i2 = fmul i32 %conv1_i_i2, i32 0.0178385" [cnn.cpp:38->cnn.cpp:136->cnn.cpp:388]   --->   Operation 55 'fmul' 'mul_i_i2' <Predicate = true> <Delay = 10.3> <CoreInst = "FMul_maxdsp">   --->   Core 30 'FMul_maxdsp' <Latency = 2> <II = 1> <Delay = 10.3> <FuncUnit> <Opcode : 'fmul'> <InPorts = 2> <OutPorts = 1>

State 9 <SV = 8> <Delay = 10.3>
ST_9 : Operation 56 [1/3] (10.3ns)   --->   "%mul_i_i2 = fmul i32 %conv1_i_i2, i32 0.0178385" [cnn.cpp:38->cnn.cpp:136->cnn.cpp:388]   --->   Operation 56 'fmul' 'mul_i_i2' <Predicate = true> <Delay = 10.3> <CoreInst = "FMul_maxdsp">   --->   Core 30 'FMul_maxdsp' <Latency = 2> <II = 1> <Delay = 10.3> <FuncUnit> <Opcode : 'fmul'> <InPorts = 2> <OutPorts = 1>

State 10 <SV = 9> <Delay = 0.00>

State 11 <SV = 10> <Delay = 10.3>
ST_11 : Operation 57 [3/3] (10.3ns)   --->   "%mul_i3 = fmul i32 %s1_pool_load, i32 %mul_i_i2" [cnn.cpp:135->cnn.cpp:388]   --->   Operation 57 'fmul' 'mul_i3' <Predicate = true> <Delay = 10.3> <CoreInst = "FMul_maxdsp">   --->   Core 30 'FMul_maxdsp' <Latency = 2> <II = 1> <Delay = 10.3> <FuncUnit> <Opcode : 'fmul'> <InPorts = 2> <OutPorts = 1>

State 12 <SV = 11> <Delay = 10.3>
ST_12 : Operation 58 [2/3] (10.3ns)   --->   "%mul_i3 = fmul i32 %s1_pool_load, i32 %mul_i_i2" [cnn.cpp:135->cnn.cpp:388]   --->   Operation 58 'fmul' 'mul_i3' <Predicate = true> <Delay = 10.3> <CoreInst = "FMul_maxdsp">   --->   Core 30 'FMul_maxdsp' <Latency = 2> <II = 1> <Delay = 10.3> <FuncUnit> <Opcode : 'fmul'> <InPorts = 2> <OutPorts = 1>

State 13 <SV = 12> <Delay = 10.3>
ST_13 : Operation 59 [1/3] (10.3ns)   --->   "%mul_i3 = fmul i32 %s1_pool_load, i32 %mul_i_i2" [cnn.cpp:135->cnn.cpp:388]   --->   Operation 59 'fmul' 'mul_i3' <Predicate = true> <Delay = 10.3> <CoreInst = "FMul_maxdsp">   --->   Core 30 'FMul_maxdsp' <Latency = 2> <II = 1> <Delay = 10.3> <FuncUnit> <Opcode : 'fmul'> <InPorts = 2> <OutPorts = 1>

State 14 <SV = 13> <Delay = 10.5>
ST_14 : Operation 60 [1/1] (0.00ns)   --->   "%acc_load_9 = load i32 %acc" [cnn.cpp:135->cnn.cpp:388]   --->   Operation 60 'load' 'acc_load_9' <Predicate = true> <Delay = 0.00>
ST_14 : Operation 61 [4/4] (10.5ns)   --->   "%acc_11 = fadd i32 %acc_load_9, i32 %mul_i3" [cnn.cpp:135->cnn.cpp:388]   --->   Operation 61 'fadd' 'acc_11' <Predicate = true> <Delay = 10.5> <CoreInst = "FAddSub_fulldsp">   --->   Core 18 'FAddSub_fulldsp' <Latency = 3> <II = 1> <Delay = 10.5> <FuncUnit> <Opcode : 'fadd' 'fsub'> <InPorts = 2> <OutPorts = 1>
ST_14 : Operation 70 [1/1] (0.00ns)   --->   "%acc_load = load i32 %acc"   --->   Operation 70 'load' 'acc_load' <Predicate = (icmp_ln133)> <Delay = 0.00>
ST_14 : Operation 71 [1/1] (0.00ns)   --->   "%write_ln0 = write void @_ssdm_op_Write.ap_auto.floatP0A, i32 %acc_13_out, i32 %acc_load"   --->   Operation 71 'write' 'write_ln0' <Predicate = (icmp_ln133)> <Delay = 0.00>
ST_14 : Operation 72 [1/1] (1.58ns)   --->   "%ret_ln0 = ret"   --->   Operation 72 'ret' 'ret_ln0' <Predicate = (icmp_ln133)> <Delay = 1.58>

State 15 <SV = 14> <Delay = 10.5>
ST_15 : Operation 62 [3/4] (10.5ns)   --->   "%acc_11 = fadd i32 %acc_load_9, i32 %mul_i3" [cnn.cpp:135->cnn.cpp:388]   --->   Operation 62 'fadd' 'acc_11' <Predicate = true> <Delay = 10.5> <CoreInst = "FAddSub_fulldsp">   --->   Core 18 'FAddSub_fulldsp' <Latency = 3> <II = 1> <Delay = 10.5> <FuncUnit> <Opcode : 'fadd' 'fsub'> <InPorts = 2> <OutPorts = 1>

State 16 <SV = 15> <Delay = 10.5>
ST_16 : Operation 63 [2/4] (10.5ns)   --->   "%acc_11 = fadd i32 %acc_load_9, i32 %mul_i3" [cnn.cpp:135->cnn.cpp:388]   --->   Operation 63 'fadd' 'acc_11' <Predicate = true> <Delay = 10.5> <CoreInst = "FAddSub_fulldsp">   --->   Core 18 'FAddSub_fulldsp' <Latency = 3> <II = 1> <Delay = 10.5> <FuncUnit> <Opcode : 'fadd' 'fsub'> <InPorts = 2> <OutPorts = 1>

State 17 <SV = 16> <Delay = 12.1>
ST_17 : Operation 64 [1/1] (0.00ns)   --->   "%specpipeline_ln134 = specpipeline void @_ssdm_op_SpecPipeline, i32 1, i32 0, i32 0, i32 0, void @empty_22" [cnn.cpp:134->cnn.cpp:388]   --->   Operation 64 'specpipeline' 'specpipeline_ln134' <Predicate = true> <Delay = 0.00>
ST_17 : Operation 65 [1/1] (0.00ns)   --->   "%speclooptripcount_ln129 = speclooptripcount void @_ssdm_op_SpecLoopTripCount, i64 8, i64 8, i64 8" [cnn.cpp:129->cnn.cpp:388]   --->   Operation 65 'speclooptripcount' 'speclooptripcount_ln129' <Predicate = true> <Delay = 0.00>
ST_17 : Operation 66 [1/1] (0.00ns)   --->   "%specloopname_ln133 = specloopname void @_ssdm_op_SpecLoopName, void @empty" [cnn.cpp:133->cnn.cpp:388]   --->   Operation 66 'specloopname' 'specloopname_ln133' <Predicate = true> <Delay = 0.00>
ST_17 : Operation 67 [1/4] (10.5ns)   --->   "%acc_11 = fadd i32 %acc_load_9, i32 %mul_i3" [cnn.cpp:135->cnn.cpp:388]   --->   Operation 67 'fadd' 'acc_11' <Predicate = true> <Delay = 10.5> <CoreInst = "FAddSub_fulldsp">   --->   Core 18 'FAddSub_fulldsp' <Latency = 3> <II = 1> <Delay = 10.5> <FuncUnit> <Opcode : 'fadd' 'fsub'> <InPorts = 2> <OutPorts = 1>
ST_17 : Operation 68 [1/1] (1.58ns)   --->   "%store_ln129 = store i32 %acc_11, i32 %acc" [cnn.cpp:129->cnn.cpp:388]   --->   Operation 68 'store' 'store_ln129' <Predicate = true> <Delay = 1.58>
ST_17 : Operation 69 [1/1] (0.00ns)   --->   "%br_ln133 = br void %for.inc.i77" [cnn.cpp:133->cnn.cpp:388]   --->   Operation 69 'br' 'br_ln133' <Predicate = true> <Delay = 0.00>


============================================================
+ Verbose Summary: Timing violations
============================================================
Target clock period: 15.000ns, clock uncertainty: 4.050ns.

 <State 1>: 6.667ns
The critical path consists of the following:
	'store' operation 0 bit ('store_ln133', cnn.cpp:133->cnn.cpp:388) of constant 0 on local variable 'ic', cnn.cpp:133->cnn.cpp:388 [14]  (1.588 ns)
	'load' operation 4 bit ('ic', cnn.cpp:133->cnn.cpp:388) on local variable 'ic', cnn.cpp:133->cnn.cpp:388 [18]  (0.000 ns)
	'add' operation 6 bit ('add_ln136', cnn.cpp:136->cnn.cpp:388) [29]  (1.825 ns)
	'getelementptr' operation 10 bit ('s2_conv_seq_w_addr', cnn.cpp:136->cnn.cpp:388) [32]  (0.000 ns)
	'load' operation 8 bit ('w', cnn.cpp:136->cnn.cpp:388) on array 's2_conv_seq_w' [37]  (3.254 ns)

 <State 2>: 5.169ns
The critical path consists of the following:
	'load' operation 8 bit ('w', cnn.cpp:136->cnn.cpp:388) on array 's2_conv_seq_w' [37]  (3.254 ns)
	'add' operation 9 bit ('add_ln38', cnn.cpp:38->cnn.cpp:136->cnn.cpp:388) [39]  (1.915 ns)

 <State 3>: 10.669ns
The critical path consists of the following:
	'sitofp' operation 32 bit ('conv1_i_i2', cnn.cpp:38->cnn.cpp:136->cnn.cpp:388) [41]  (10.669 ns)

 <State 4>: 10.669ns
The critical path consists of the following:
	'sitofp' operation 32 bit ('conv1_i_i2', cnn.cpp:38->cnn.cpp:136->cnn.cpp:388) [41]  (10.669 ns)

 <State 5>: 10.669ns
The critical path consists of the following:
	'sitofp' operation 32 bit ('conv1_i_i2', cnn.cpp:38->cnn.cpp:136->cnn.cpp:388) [41]  (10.669 ns)

 <State 6>: 10.669ns
The critical path consists of the following:
	'sitofp' operation 32 bit ('conv1_i_i2', cnn.cpp:38->cnn.cpp:136->cnn.cpp:388) [41]  (10.669 ns)

 <State 7>: 10.319ns
The critical path consists of the following:
	'fmul' operation 32 bit ('mul_i_i2', cnn.cpp:38->cnn.cpp:136->cnn.cpp:388) [42]  (10.319 ns)

 <State 8>: 10.319ns
The critical path consists of the following:
	'fmul' operation 32 bit ('mul_i_i2', cnn.cpp:38->cnn.cpp:136->cnn.cpp:388) [42]  (10.319 ns)

 <State 9>: 10.319ns
The critical path consists of the following:
	'fmul' operation 32 bit ('mul_i_i2', cnn.cpp:38->cnn.cpp:136->cnn.cpp:388) [42]  (10.319 ns)

 <State 10>: 0.000ns
The critical path consists of the following:

 <State 11>: 10.319ns
The critical path consists of the following:
	'fmul' operation 32 bit ('mul_i3', cnn.cpp:135->cnn.cpp:388) [43]  (10.319 ns)

 <State 12>: 10.319ns
The critical path consists of the following:
	'fmul' operation 32 bit ('mul_i3', cnn.cpp:135->cnn.cpp:388) [43]  (10.319 ns)

 <State 13>: 10.319ns
The critical path consists of the following:
	'fmul' operation 32 bit ('mul_i3', cnn.cpp:135->cnn.cpp:388) [43]  (10.319 ns)

 <State 14>: 10.533ns
The critical path consists of the following:
	'load' operation 32 bit ('acc_load_9', cnn.cpp:135->cnn.cpp:388) on local variable 'acc', cnn.cpp:129->cnn.cpp:388 [23]  (0.000 ns)
	'fadd' operation 32 bit ('acc', cnn.cpp:135->cnn.cpp:388) [44]  (10.533 ns)

 <State 15>: 10.533ns
The critical path consists of the following:
	'fadd' operation 32 bit ('acc', cnn.cpp:135->cnn.cpp:388) [44]  (10.533 ns)

 <State 16>: 10.533ns
The critical path consists of the following:
	'fadd' operation 32 bit ('acc', cnn.cpp:135->cnn.cpp:388) [44]  (10.533 ns)

 <State 17>: 12.121ns
The critical path consists of the following:
	'fadd' operation 32 bit ('acc', cnn.cpp:135->cnn.cpp:388) [44]  (10.533 ns)
	'store' operation 0 bit ('store_ln129', cnn.cpp:129->cnn.cpp:388) of variable 'acc', cnn.cpp:135->cnn.cpp:388 on local variable 'acc', cnn.cpp:129->cnn.cpp:388 [46]  (1.588 ns)


============================================================
+ Verbose Summary: Binding
============================================================
N/A
* FSMD analyzer results:
  - Output states:
 - Input state : 
  - Chain level:
	State 1
	State 2
	State 3
	State 4
	State 5
	State 6
	State 7
	State 8
	State 9
	State 10
	State 11
	State 12
	State 13
	State 14
	State 15
	State 16
	State 17


============================================================
+ Verbose Summary: Datapath Resource usage 
============================================================
N/A
