

================================================================
== Vitis HLS Report for 'ecg_cnn_top_Pipeline_VITIS_LOOP_47_1_VITIS_LOOP_48_2_VITIS_LOOP_50_3'
================================================================
* Date:           Tue Mar 31 12:27:39 2026

* Version:        2025.1 (Build 6135595 on May 21 2025)
* Project:        ecg_cnn_top
* Solution:       hls (Vivado IP Flow Target)
* Product family: zynq
* Target device:  xc7z020-clg400-1


================================================================
== Performance Estimates
================================================================
+ Timing: 
    * Summary: 
    +--------+----------+-----------+------------+
    |  Clock |  Target  | Estimated | Uncertainty|
    +--------+----------+-----------+------------+
    |ap_clk  |  15.00 ns|  12.121 ns|     4.05 ns|
    +--------+----------+-----------+------------+

+ Latency: 
    * Summary: 
    +---------+---------+----------+----------+-------+-------+------------------------------------------------+
    |  Latency (cycles) |  Latency (absolute) |    Interval   |                    Pipeline                    |
    |   min   |   max   |    min   |    max   |  min  |  max  |                      Type                      |
    +---------+---------+----------+----------+-------+-------+------------------------------------------------+
    |    31272|    31272|  0.469 ms|  0.469 ms|  31251|  31251|  loop auto-rewind stp (delay=0 clock cycles(s))|
    +---------+---------+----------+----------+-------+-------+------------------------------------------------+

    + Detail: 
        * Instance: 
        N/A

        * Loop: 
        +---------------------------------------------------+---------+---------+----------+-----------+-----------+-------+----------+
        |                                                   |  Latency (cycles) | Iteration|  Initiation Interval  |  Trip |          |
        |                     Loop Name                     |   min   |   max   |  Latency |  achieved |   target  | Count | Pipelined|
        +---------------------------------------------------+---------+---------+----------+-----------+-----------+-------+----------+
        |- VITIS_LOOP_47_1_VITIS_LOOP_48_2_VITIS_LOOP_50_3  |    31270|    31270|        26|          3|          1|  10416|       yes|
        +---------------------------------------------------+---------+---------+----------+-----------+-----------+-------+----------+

============================================================
+ Verbose Summary: Synthesis Manager
============================================================
InlineROM: 1
ExposeGlobal: 0
============================================================
+ Verbose Summary: CDFG Model
============================================================
IsTopModel: 0
ResetActiveHigh: 1
IsCombinational: 0
IsDatapathOnly: 0
HasWiredReturn: 1
HasMFsm: 2
HasVarLatency: 1
IsPipeline: 0
IsRtlPipelined: 0
IsInstanceOverlapped: 0
IsDontTouch: 0
HasImplIP: 0
IsGatedGlobalClock: 0

+ Individual pipeline summary: 
  * Pipeline-0: initiation interval (II) = 3, depth = 26


============================================================
+ Verbose Summary: Schedule
============================================================
* Number of FSM states : 26
* Pipeline : 1
  Pipeline-0 : II = 3, D = 26, States = { 1 2 3 4 5 6 7 8 9 10 11 12 13 14 15 16 17 18 19 20 21 22 23 24 25 26 }
* Dataflow Pipeline: 0

* FSM state transitions: 
1 --> 2 
2 --> 3 
3 --> 4 
4 --> 5 
5 --> 6 
6 --> 7 
7 --> 8 
8 --> 9 
9 --> 10 
10 --> 11 
11 --> 12 
12 --> 13 
13 --> 14 
14 --> 15 
15 --> 16 
16 --> 17 
17 --> 18 
18 --> 19 
19 --> 20 
20 --> 21 
21 --> 22 
22 --> 23 
23 --> 24 
24 --> 25 
25 --> 26 
26 --> 

* FSM state operations: 

State 1 <SV = 0> <Delay = 11.3>
ST_1 : Operation 29 [1/1] (0.00ns)   --->   "%acc = alloca i32 1" [cnn.cpp:49->cnn.cpp:383]   --->   Operation 29 'alloca' 'acc' <Predicate = true> <Delay = 0.00>
ST_1 : Operation 30 [1/1] (0.00ns)   --->   "%k = alloca i32 1" [cnn.cpp:50->cnn.cpp:383]   --->   Operation 30 'alloca' 'k' <Predicate = true> <Delay = 0.00>
ST_1 : Operation 31 [1/1] (0.00ns)   --->   "%oc = alloca i32 1" [cnn.cpp:48->cnn.cpp:383]   --->   Operation 31 'alloca' 'oc' <Predicate = true> <Delay = 0.00>
ST_1 : Operation 32 [1/1] (0.00ns)   --->   "%indvar_flatten = alloca i32 1"   --->   Operation 32 'alloca' 'indvar_flatten' <Predicate = true> <Delay = 0.00>
ST_1 : Operation 33 [1/1] (0.00ns)   --->   "%t = alloca i32 1" [cnn.cpp:47->cnn.cpp:383]   --->   Operation 33 'alloca' 't' <Predicate = true> <Delay = 0.00>
ST_1 : Operation 34 [1/1] (0.00ns)   --->   "%indvar_flatten24 = alloca i32 1"   --->   Operation 34 'alloca' 'indvar_flatten24' <Predicate = true> <Delay = 0.00>
ST_1 : Operation 35 [1/1] (1.58ns)   --->   "%store_ln0 = store i14 0, i14 %indvar_flatten24"   --->   Operation 35 'store' 'store_ln0' <Predicate = true> <Delay = 1.58>
ST_1 : Operation 36 [1/1] (1.58ns)   --->   "%store_ln47 = store i8 0, i8 %t" [cnn.cpp:47->cnn.cpp:383]   --->   Operation 36 'store' 'store_ln47' <Predicate = true> <Delay = 1.58>
ST_1 : Operation 37 [1/1] (1.58ns)   --->   "%store_ln0 = store i7 0, i7 %indvar_flatten"   --->   Operation 37 'store' 'store_ln0' <Predicate = true> <Delay = 1.58>
ST_1 : Operation 38 [1/1] (1.58ns)   --->   "%store_ln48 = store i4 0, i4 %oc" [cnn.cpp:48->cnn.cpp:383]   --->   Operation 38 'store' 'store_ln48' <Predicate = true> <Delay = 1.58>
ST_1 : Operation 39 [1/1] (1.58ns)   --->   "%store_ln50 = store i3 0, i3 %k" [cnn.cpp:50->cnn.cpp:383]   --->   Operation 39 'store' 'store_ln50' <Predicate = true> <Delay = 1.58>
ST_1 : Operation 40 [1/1] (1.58ns)   --->   "%store_ln49 = store i32 0, i32 %acc" [cnn.cpp:49->cnn.cpp:383]   --->   Operation 40 'store' 'store_ln49' <Predicate = true> <Delay = 1.58>
ST_1 : Operation 41 [1/1] (0.00ns)   --->   "%br_ln0 = br void %for.body8.i"   --->   Operation 41 'br' 'br_ln0' <Predicate = true> <Delay = 0.00>
ST_1 : Operation 42 [1/1] (0.00ns)   --->   "%indvar_flatten_load = load i7 %indvar_flatten" [cnn.cpp:48->cnn.cpp:383]   --->   Operation 42 'load' 'indvar_flatten_load' <Predicate = true> <Delay = 0.00>
ST_1 : Operation 43 [1/1] (0.00ns)   --->   "%indvar_flatten24_load = load i14 %indvar_flatten24" [cnn.cpp:47->cnn.cpp:383]   --->   Operation 43 'load' 'indvar_flatten24_load' <Predicate = true> <Delay = 0.00>
ST_1 : Operation 44 [1/1] (1.81ns)   --->   "%icmp_ln47 = icmp_eq  i14 %indvar_flatten24_load, i14 10416" [cnn.cpp:47->cnn.cpp:383]   --->   Operation 44 'icmp' 'icmp_ln47' <Predicate = true> <Delay = 1.81> <CoreInst = "Cmp">   --->   Core 9 'Cmp' <Latency = 0> <II = 1> <Delay = 1.81> <FuncUnit> <Opcode : 'seteq' 'setne' 'setle' 'setge' 'setlt' 'setgt'> <InPorts = 2> <OutPorts = 1>
ST_1 : Operation 45 [1/1] (1.81ns)   --->   "%add_ln47_1 = add i14 %indvar_flatten24_load, i14 1" [cnn.cpp:47->cnn.cpp:383]   --->   Operation 45 'add' 'add_ln47_1' <Predicate = true> <Delay = 1.81> <CoreInst = "Adder">   --->   Core 1 'Adder' <Latency = 0> <II = 1> <Delay = 1.81> <FuncUnit> <Opcode : 'add' 'sub'> <InPorts = 2> <OutPorts = 1>
ST_1 : Operation 46 [1/1] (0.00ns)   --->   "%br_ln47 = br i1 %icmp_ln47, void %for.inc31.i, void %VITIS_LOOP_68_2.i.preheader.exitStub" [cnn.cpp:47->cnn.cpp:383]   --->   Operation 46 'br' 'br_ln47' <Predicate = true> <Delay = 0.00>
ST_1 : Operation 47 [1/1] (0.00ns)   --->   "%k_load = load i3 %k" [cnn.cpp:50->cnn.cpp:383]   --->   Operation 47 'load' 'k_load' <Predicate = (!icmp_ln47)> <Delay = 0.00>
ST_1 : Operation 48 [1/1] (0.00ns)   --->   "%oc_load = load i4 %oc" [cnn.cpp:47->cnn.cpp:383]   --->   Operation 48 'load' 'oc_load' <Predicate = (!icmp_ln47)> <Delay = 0.00>
ST_1 : Operation 49 [1/1] (1.87ns)   --->   "%icmp_ln48 = icmp_eq  i7 %indvar_flatten_load, i7 56" [cnn.cpp:48->cnn.cpp:383]   --->   Operation 49 'icmp' 'icmp_ln48' <Predicate = (!icmp_ln47)> <Delay = 1.87> <CoreInst = "Cmp">   --->   Core 9 'Cmp' <Latency = 0> <II = 1> <Delay = 1.87> <FuncUnit> <Opcode : 'seteq' 'setne' 'setle' 'setge' 'setlt' 'setgt'> <InPorts = 2> <OutPorts = 1>
ST_1 : Operation 50 [1/1] (1.02ns)   --->   "%select_ln47 = select i1 %icmp_ln48, i4 0, i4 %oc_load" [cnn.cpp:47->cnn.cpp:383]   --->   Operation 50 'select' 'select_ln47' <Predicate = (!icmp_ln47)> <Delay = 1.02> <CoreInst = "Sel">   --->   Core 73 'Sel' <Latency = 0> <II = 1> <Delay = 1.02> <FuncUnit> <Opcode : 'select'> <InPorts = 3> <OutPorts = 1>
ST_1 : Operation 51 [1/1] (0.00ns) (grouped into LUT with out node and_ln47)   --->   "%xor_ln47 = xor i1 %icmp_ln48, i1 1" [cnn.cpp:47->cnn.cpp:383]   --->   Operation 51 'xor' 'xor_ln47' <Predicate = (!icmp_ln47)> <Delay = 0.00> <CoreInst = "LogicGate">   --->   Core 74 'LogicGate' <Latency = 0> <II = 1> <Delay = 0.97> <FuncUnit> <Opcode : 'and' 'or' 'xor'> <InPorts = 2> <OutPorts = 1>
ST_1 : Operation 52 [1/1] (1.65ns)   --->   "%icmp_ln50 = icmp_eq  i3 %k_load, i3 7" [cnn.cpp:50->cnn.cpp:383]   --->   Operation 52 'icmp' 'icmp_ln50' <Predicate = (!icmp_ln47)> <Delay = 1.65> <CoreInst = "Cmp">   --->   Core 9 'Cmp' <Latency = 0> <II = 1> <Delay = 1.65> <FuncUnit> <Opcode : 'seteq' 'setne' 'setle' 'setge' 'setlt' 'setgt'> <InPorts = 2> <OutPorts = 1>
ST_1 : Operation 53 [1/1] (0.97ns) (out node of the LUT)   --->   "%and_ln47 = and i1 %icmp_ln50, i1 %xor_ln47" [cnn.cpp:47->cnn.cpp:383]   --->   Operation 53 'and' 'and_ln47' <Predicate = (!icmp_ln47)> <Delay = 0.97> <CoreInst = "LogicGate">   --->   Core 74 'LogicGate' <Latency = 0> <II = 1> <Delay = 0.97> <FuncUnit> <Opcode : 'and' 'or' 'xor'> <InPorts = 2> <OutPorts = 1>
ST_1 : Operation 54 [1/1] (1.73ns)   --->   "%add_ln48 = add i4 %select_ln47, i4 1" [cnn.cpp:48->cnn.cpp:383]   --->   Operation 54 'add' 'add_ln48' <Predicate = (!icmp_ln47)> <Delay = 1.73> <CoreInst = "Adder">   --->   Core 1 'Adder' <Latency = 0> <II = 1> <Delay = 1.73> <FuncUnit> <Opcode : 'add' 'sub'> <InPorts = 2> <OutPorts = 1>
ST_1 : Operation 55 [1/1] (0.97ns)   --->   "%empty = or i1 %and_ln47, i1 %icmp_ln48" [cnn.cpp:47->cnn.cpp:383]   --->   Operation 55 'or' 'empty' <Predicate = (!icmp_ln47)> <Delay = 0.97> <CoreInst = "LogicGate">   --->   Core 74 'LogicGate' <Latency = 0> <II = 1> <Delay = 0.97> <FuncUnit> <Opcode : 'and' 'or' 'xor'> <InPorts = 2> <OutPorts = 1>
ST_1 : Operation 56 [1/1] (0.98ns)   --->   "%k_mid2 = select i1 %empty, i3 0, i3 %k_load" [cnn.cpp:47->cnn.cpp:383]   --->   Operation 56 'select' 'k_mid2' <Predicate = (!icmp_ln47)> <Delay = 0.98> <CoreInst = "Sel">   --->   Core 73 'Sel' <Latency = 0> <II = 1> <Delay = 0.98> <FuncUnit> <Opcode : 'select'> <InPorts = 3> <OutPorts = 1>
ST_1 : Operation 57 [1/1] (1.02ns)   --->   "%select_ln48 = select i1 %and_ln47, i4 %add_ln48, i4 %select_ln47" [cnn.cpp:48->cnn.cpp:383]   --->   Operation 57 'select' 'select_ln48' <Predicate = (!icmp_ln47)> <Delay = 1.02> <CoreInst = "Sel">   --->   Core 73 'Sel' <Latency = 0> <II = 1> <Delay = 1.02> <FuncUnit> <Opcode : 'select'> <InPorts = 3> <OutPorts = 1>
ST_1 : Operation 58 [1/1] (0.00ns)   --->   "%zext_ln57 = zext i4 %select_ln48" [cnn.cpp:57->cnn.cpp:383]   --->   Operation 58 'zext' 'zext_ln57' <Predicate = (!icmp_ln47)> <Delay = 0.00>
ST_1 : Operation 59 [1/1] (0.00ns)   --->   "%tmp_1 = bitconcatenate i6 @_ssdm_op_BitConcatenate.i6.i3.i3, i3 %k_mid2, i3 0" [cnn.cpp:54->cnn.cpp:383]   --->   Operation 59 'bitconcatenate' 'tmp_1' <Predicate = (!icmp_ln47)> <Delay = 0.00>
ST_1 : Operation 60 [1/1] (1.82ns)   --->   "%add_ln54 = add i6 %tmp_1, i6 %zext_ln57" [cnn.cpp:54->cnn.cpp:383]   --->   Operation 60 'add' 'add_ln54' <Predicate = (!icmp_ln47)> <Delay = 1.82> <CoreInst = "Adder">   --->   Core 1 'Adder' <Latency = 0> <II = 1> <Delay = 1.82> <FuncUnit> <Opcode : 'add' 'sub'> <InPorts = 2> <OutPorts = 1>
ST_1 : Operation 61 [1/1] (0.00ns)   --->   "%zext_ln54 = zext i6 %add_ln54" [cnn.cpp:54->cnn.cpp:383]   --->   Operation 61 'zext' 'zext_ln54' <Predicate = (!icmp_ln47)> <Delay = 0.00>
ST_1 : Operation 62 [1/1] (0.00ns)   --->   "%s1_conv_seq_w_3_addr = getelementptr i8 %s1_conv_seq_w_3, i64 0, i64 %zext_ln54" [cnn.cpp:54->cnn.cpp:383]   --->   Operation 62 'getelementptr' 's1_conv_seq_w_3_addr' <Predicate = (!icmp_ln47)> <Delay = 0.00>
ST_1 : Operation 63 [2/2] (2.32ns)   --->   "%s1_conv_seq_w_3_load = load i6 %s1_conv_seq_w_3_addr" [cnn.cpp:54->cnn.cpp:383]   --->   Operation 63 'load' 's1_conv_seq_w_3_load' <Predicate = (!icmp_ln47)> <Delay = 2.32> <CoreInst = "ROM">   --->   Core 94 'ROM' <Latency = 1> <II = 1> <Delay = 2.32> <Storage> <Opcode : 'load'> <Ports = 0> <Width = 8> <Depth = 56> <ROM>
ST_1 : Operation 64 [1/1] (1.65ns)   --->   "%add_ln50 = add i3 %k_mid2, i3 1" [cnn.cpp:50->cnn.cpp:383]   --->   Operation 64 'add' 'add_ln50' <Predicate = (!icmp_ln47)> <Delay = 1.65> <CoreInst = "Adder">   --->   Core 1 'Adder' <Latency = 0> <II = 1> <Delay = 1.65> <FuncUnit> <Opcode : 'add' 'sub'> <InPorts = 2> <OutPorts = 1>
ST_1 : Operation 65 [1/1] (1.65ns)   --->   "%icmp_ln50_1 = icmp_eq  i3 %add_ln50, i3 7" [cnn.cpp:50->cnn.cpp:383]   --->   Operation 65 'icmp' 'icmp_ln50_1' <Predicate = (!icmp_ln47)> <Delay = 1.65> <CoreInst = "Cmp">   --->   Core 9 'Cmp' <Latency = 0> <II = 1> <Delay = 1.65> <FuncUnit> <Opcode : 'seteq' 'setne' 'setle' 'setge' 'setlt' 'setgt'> <InPorts = 2> <OutPorts = 1>
ST_1 : Operation 66 [1/1] (0.00ns)   --->   "%br_ln50 = br i1 %icmp_ln50_1, void %new.latch.for.body8.i.split_ifconv, void %last.iter.for.body8.i.split_ifconv" [cnn.cpp:50->cnn.cpp:383]   --->   Operation 66 'br' 'br_ln50' <Predicate = (!icmp_ln47)> <Delay = 0.00>
ST_1 : Operation 67 [1/1] (1.87ns)   --->   "%add_ln48_1 = add i7 %indvar_flatten_load, i7 1" [cnn.cpp:48->cnn.cpp:383]   --->   Operation 67 'add' 'add_ln48_1' <Predicate = (!icmp_ln47)> <Delay = 1.87> <CoreInst = "Adder">   --->   Core 1 'Adder' <Latency = 0> <II = 1> <Delay = 1.87> <FuncUnit> <Opcode : 'add' 'sub'> <InPorts = 2> <OutPorts = 1>
ST_1 : Operation 68 [1/1] (0.99ns)   --->   "%select_ln48_1 = select i1 %icmp_ln48, i7 1, i7 %add_ln48_1" [cnn.cpp:48->cnn.cpp:383]   --->   Operation 68 'select' 'select_ln48_1' <Predicate = (!icmp_ln47)> <Delay = 0.99> <CoreInst = "Sel">   --->   Core 73 'Sel' <Latency = 0> <II = 1> <Delay = 0.99> <FuncUnit> <Opcode : 'select'> <InPorts = 3> <OutPorts = 1>
ST_1 : Operation 69 [1/1] (1.58ns)   --->   "%store_ln47 = store i14 %add_ln47_1, i14 %indvar_flatten24" [cnn.cpp:47->cnn.cpp:383]   --->   Operation 69 'store' 'store_ln47' <Predicate = (!icmp_ln47)> <Delay = 1.58>
ST_1 : Operation 70 [1/1] (1.58ns)   --->   "%store_ln48 = store i7 %select_ln48_1, i7 %indvar_flatten" [cnn.cpp:48->cnn.cpp:383]   --->   Operation 70 'store' 'store_ln48' <Predicate = (!icmp_ln47)> <Delay = 1.58>
ST_1 : Operation 71 [1/1] (1.58ns)   --->   "%store_ln48 = store i4 %select_ln48, i4 %oc" [cnn.cpp:48->cnn.cpp:383]   --->   Operation 71 'store' 'store_ln48' <Predicate = (!icmp_ln47)> <Delay = 1.58>
ST_1 : Operation 72 [1/1] (1.58ns)   --->   "%store_ln50 = store i3 %add_ln50, i3 %k" [cnn.cpp:50->cnn.cpp:383]   --->   Operation 72 'store' 'store_ln50' <Predicate = (!icmp_ln47)> <Delay = 1.58>

State 2 <SV = 1> <Delay = 4.23>
ST_2 : Operation 73 [1/2] ( I:2.32ns O:2.32ns )   --->   "%s1_conv_seq_w_3_load = load i6 %s1_conv_seq_w_3_addr" [cnn.cpp:54->cnn.cpp:383]   --->   Operation 73 'load' 's1_conv_seq_w_3_load' <Predicate = (!icmp_ln47)> <Delay = 2.32> <CoreInst = "ROM">   --->   Core 94 'ROM' <Latency = 1> <II = 1> <Delay = 2.32> <Storage> <Opcode : 'load'> <Ports = 0> <Width = 8> <Depth = 56> <ROM>
ST_2 : Operation 74 [1/1] (0.00ns)   --->   "%sext_ln38 = sext i8 %s1_conv_seq_w_3_load" [cnn.cpp:38->cnn.cpp:54->cnn.cpp:383]   --->   Operation 74 'sext' 'sext_ln38' <Predicate = (!icmp_ln47)> <Delay = 0.00>
ST_2 : Operation 75 [1/1] (1.91ns)   --->   "%add_ln38 = add i9 %sext_ln38, i9 457" [cnn.cpp:38->cnn.cpp:54->cnn.cpp:383]   --->   Operation 75 'add' 'add_ln38' <Predicate = (!icmp_ln47)> <Delay = 1.91> <CoreInst = "Adder">   --->   Core 1 'Adder' <Latency = 0> <II = 1> <Delay = 1.91> <FuncUnit> <Opcode : 'add' 'sub'> <InPorts = 2> <OutPorts = 1>

State 3 <SV = 2> <Delay = 10.6>
ST_3 : Operation 76 [1/1] (0.00ns)   --->   "%sext_ln38_2 = sext i9 %add_ln38" [cnn.cpp:38->cnn.cpp:54->cnn.cpp:383]   --->   Operation 76 'sext' 'sext_ln38_2' <Predicate = (!icmp_ln47)> <Delay = 0.00>
ST_3 : Operation 77 [4/4] (10.6ns)   --->   "%conv1_i_i = sitofp i32 %sext_ln38_2" [cnn.cpp:38->cnn.cpp:54->cnn.cpp:383]   --->   Operation 77 'sitofp' 'conv1_i_i' <Predicate = (!icmp_ln47)> <Delay = 10.6> <CoreInst = "Int2Float">   --->   Core 62 'Int2Float' <Latency = 3> <II = 1> <Delay = 10.6> <FuncUnit> <Opcode : 'uitofp' 'sitofp'> <InPorts = 1> <OutPorts = 1>

State 4 <SV = 3> <Delay = 10.6>
ST_4 : Operation 78 [3/4] (10.6ns)   --->   "%conv1_i_i = sitofp i32 %sext_ln38_2" [cnn.cpp:38->cnn.cpp:54->cnn.cpp:383]   --->   Operation 78 'sitofp' 'conv1_i_i' <Predicate = true> <Delay = 10.6> <CoreInst = "Int2Float">   --->   Core 62 'Int2Float' <Latency = 3> <II = 1> <Delay = 10.6> <FuncUnit> <Opcode : 'uitofp' 'sitofp'> <InPorts = 1> <OutPorts = 1>

State 5 <SV = 4> <Delay = 10.6>
ST_5 : Operation 79 [2/4] (10.6ns)   --->   "%conv1_i_i = sitofp i32 %sext_ln38_2" [cnn.cpp:38->cnn.cpp:54->cnn.cpp:383]   --->   Operation 79 'sitofp' 'conv1_i_i' <Predicate = true> <Delay = 10.6> <CoreInst = "Int2Float">   --->   Core 62 'Int2Float' <Latency = 3> <II = 1> <Delay = 10.6> <FuncUnit> <Opcode : 'uitofp' 'sitofp'> <InPorts = 1> <OutPorts = 1>

State 6 <SV = 5> <Delay = 10.6>
ST_6 : Operation 80 [1/4] (10.6ns)   --->   "%conv1_i_i = sitofp i32 %sext_ln38_2" [cnn.cpp:38->cnn.cpp:54->cnn.cpp:383]   --->   Operation 80 'sitofp' 'conv1_i_i' <Predicate = true> <Delay = 10.6> <CoreInst = "Int2Float">   --->   Core 62 'Int2Float' <Latency = 3> <II = 1> <Delay = 10.6> <FuncUnit> <Opcode : 'uitofp' 'sitofp'> <InPorts = 1> <OutPorts = 1>

State 7 <SV = 6> <Delay = 10.3>
ST_7 : Operation 81 [3/3] (10.3ns)   --->   "%mul_i_i = fmul i32 %conv1_i_i, i32 0.00928567" [cnn.cpp:38->cnn.cpp:54->cnn.cpp:383]   --->   Operation 81 'fmul' 'mul_i_i' <Predicate = true> <Delay = 10.3> <CoreInst = "FMul_maxdsp">   --->   Core 30 'FMul_maxdsp' <Latency = 2> <II = 1> <Delay = 10.3> <FuncUnit> <Opcode : 'fmul'> <InPorts = 2> <OutPorts = 1>

State 8 <SV = 7> <Delay = 10.3>
ST_8 : Operation 82 [1/1] (0.00ns)   --->   "%t_load = load i8 %t" [cnn.cpp:47->cnn.cpp:383]   --->   Operation 82 'load' 't_load' <Predicate = true> <Delay = 0.00>
ST_8 : Operation 83 [1/1] (1.91ns)   --->   "%add_ln47 = add i8 %t_load, i8 1" [cnn.cpp:47->cnn.cpp:383]   --->   Operation 83 'add' 'add_ln47' <Predicate = (icmp_ln48)> <Delay = 1.91> <CoreInst = "Adder">   --->   Core 1 'Adder' <Latency = 0> <II = 1> <Delay = 1.91> <FuncUnit> <Opcode : 'add' 'sub'> <InPorts = 2> <OutPorts = 1>
ST_8 : Operation 84 [1/1] (1.24ns)   --->   "%select_ln47_1 = select i1 %icmp_ln48, i8 %add_ln47, i8 %t_load" [cnn.cpp:47->cnn.cpp:383]   --->   Operation 84 'select' 'select_ln47_1' <Predicate = true> <Delay = 1.24> <CoreInst = "Sel">   --->   Core 73 'Sel' <Latency = 0> <II = 1> <Delay = 1.24> <FuncUnit> <Opcode : 'select'> <InPorts = 3> <OutPorts = 1>
ST_8 : Operation 85 [1/1] (0.00ns)   --->   "%zext_ln47 = zext i8 %select_ln47_1" [cnn.cpp:47->cnn.cpp:383]   --->   Operation 85 'zext' 'zext_ln47' <Predicate = true> <Delay = 0.00>
ST_8 : Operation 86 [1/1] (1.65ns)   --->   "%add_ln52 = add i3 %k_mid2, i3 5" [cnn.cpp:52->cnn.cpp:383]   --->   Operation 86 'add' 'add_ln52' <Predicate = true> <Delay = 1.65> <CoreInst = "Adder">   --->   Core 1 'Adder' <Latency = 0> <II = 1> <Delay = 1.65> <FuncUnit> <Opcode : 'add' 'sub'> <InPorts = 2> <OutPorts = 1>
ST_8 : Operation 87 [1/1] (0.00ns)   --->   "%sext_ln52 = sext i3 %add_ln52" [cnn.cpp:52->cnn.cpp:383]   --->   Operation 87 'sext' 'sext_ln52' <Predicate = true> <Delay = 0.00>
ST_8 : Operation 88 [1/1] (1.91ns)   --->   "%add_ln52_1 = add i9 %sext_ln52, i9 %zext_ln47" [cnn.cpp:52->cnn.cpp:383]   --->   Operation 88 'add' 'add_ln52_1' <Predicate = true> <Delay = 1.91> <CoreInst = "Adder">   --->   Core 1 'Adder' <Latency = 0> <II = 1> <Delay = 1.91> <FuncUnit> <Opcode : 'add' 'sub'> <InPorts = 2> <OutPorts = 1>
ST_8 : Operation 89 [1/1] (0.00ns)   --->   "%zext_ln53 = zext i9 %add_ln52_1" [cnn.cpp:53->cnn.cpp:383]   --->   Operation 89 'zext' 'zext_ln53' <Predicate = true> <Delay = 0.00>
ST_8 : Operation 90 [1/1] (1.82ns)   --->   "%icmp_ln53 = icmp_ult  i9 %add_ln52_1, i9 186" [cnn.cpp:53->cnn.cpp:383]   --->   Operation 90 'icmp' 'icmp_ln53' <Predicate = true> <Delay = 1.82> <CoreInst = "Cmp">   --->   Core 9 'Cmp' <Latency = 0> <II = 1> <Delay = 1.82> <FuncUnit> <Opcode : 'seteq' 'setne' 'setle' 'setge' 'setlt' 'setgt'> <InPorts = 2> <OutPorts = 1>
ST_8 : Operation 91 [1/1] (0.00ns)   --->   "%ecg_cnn_top_float_float_in_2d_2_addr = getelementptr i32 %ecg_cnn_top_float_float_in_2d_2, i64 0, i64 %zext_ln53" [cnn.cpp:53->cnn.cpp:383]   --->   Operation 91 'getelementptr' 'ecg_cnn_top_float_float_in_2d_2_addr' <Predicate = true> <Delay = 0.00>
ST_8 : Operation 92 [2/2] (3.25ns)   --->   "%ecg_cnn_top_float_float_in_2d_2_load = load i8 %ecg_cnn_top_float_float_in_2d_2_addr" [cnn.cpp:53->cnn.cpp:383]   --->   Operation 92 'load' 'ecg_cnn_top_float_float_in_2d_2_load' <Predicate = true> <Delay = 3.25> <CoreInst = "RAM">   --->   Core 81 'RAM' <Latency = 1> <II = 1> <Delay = 3.25> <Storage> <Opcode : 'load' 'store'> <Ports = 2> <Width = 32> <Depth = 186> <RAM>
ST_8 : Operation 93 [2/3] (10.3ns)   --->   "%mul_i_i = fmul i32 %conv1_i_i, i32 0.00928567" [cnn.cpp:38->cnn.cpp:54->cnn.cpp:383]   --->   Operation 93 'fmul' 'mul_i_i' <Predicate = true> <Delay = 10.3> <CoreInst = "FMul_maxdsp">   --->   Core 30 'FMul_maxdsp' <Latency = 2> <II = 1> <Delay = 10.3> <FuncUnit> <Opcode : 'fmul'> <InPorts = 2> <OutPorts = 1>
ST_8 : Operation 94 [1/1] (1.58ns)   --->   "%store_ln47 = store i8 %select_ln47_1, i8 %t" [cnn.cpp:47->cnn.cpp:383]   --->   Operation 94 'store' 'store_ln47' <Predicate = true> <Delay = 1.58>

State 9 <SV = 8> <Delay = 10.3>
ST_9 : Operation 95 [1/2] ( I:3.25ns O:3.25ns )   --->   "%ecg_cnn_top_float_float_in_2d_2_load = load i8 %ecg_cnn_top_float_float_in_2d_2_addr" [cnn.cpp:53->cnn.cpp:383]   --->   Operation 95 'load' 'ecg_cnn_top_float_float_in_2d_2_load' <Predicate = true> <Delay = 3.25> <CoreInst = "RAM">   --->   Core 81 'RAM' <Latency = 1> <II = 1> <Delay = 3.25> <Storage> <Opcode : 'load' 'store'> <Ports = 2> <Width = 32> <Depth = 186> <RAM>
ST_9 : Operation 96 [1/1] (0.69ns)   --->   "%v = select i1 %icmp_ln53, i32 %ecg_cnn_top_float_float_in_2d_2_load, i32 0" [cnn.cpp:53->cnn.cpp:383]   --->   Operation 96 'select' 'v' <Predicate = true> <Delay = 0.69> <CoreInst = "Sel">   --->   Core 73 'Sel' <Latency = 0> <II = 1> <Delay = 0.69> <FuncUnit> <Opcode : 'select'> <InPorts = 3> <OutPorts = 1>
ST_9 : Operation 97 [1/3] (10.3ns)   --->   "%mul_i_i = fmul i32 %conv1_i_i, i32 0.00928567" [cnn.cpp:38->cnn.cpp:54->cnn.cpp:383]   --->   Operation 97 'fmul' 'mul_i_i' <Predicate = true> <Delay = 10.3> <CoreInst = "FMul_maxdsp">   --->   Core 30 'FMul_maxdsp' <Latency = 2> <II = 1> <Delay = 10.3> <FuncUnit> <Opcode : 'fmul'> <InPorts = 2> <OutPorts = 1>

State 10 <SV = 9> <Delay = 0.00>

State 11 <SV = 10> <Delay = 10.3>
ST_11 : Operation 98 [3/3] (10.3ns)   --->   "%mul_i = fmul i32 %v, i32 %mul_i_i" [cnn.cpp:54->cnn.cpp:383]   --->   Operation 98 'fmul' 'mul_i' <Predicate = true> <Delay = 10.3> <CoreInst = "FMul_maxdsp">   --->   Core 30 'FMul_maxdsp' <Latency = 2> <II = 1> <Delay = 10.3> <FuncUnit> <Opcode : 'fmul'> <InPorts = 2> <OutPorts = 1>

State 12 <SV = 11> <Delay = 10.3>
ST_12 : Operation 99 [2/3] (10.3ns)   --->   "%mul_i = fmul i32 %v, i32 %mul_i_i" [cnn.cpp:54->cnn.cpp:383]   --->   Operation 99 'fmul' 'mul_i' <Predicate = true> <Delay = 10.3> <CoreInst = "FMul_maxdsp">   --->   Core 30 'FMul_maxdsp' <Latency = 2> <II = 1> <Delay = 10.3> <FuncUnit> <Opcode : 'fmul'> <InPorts = 2> <OutPorts = 1>

State 13 <SV = 12> <Delay = 10.3>
ST_13 : Operation 100 [1/3] (10.3ns)   --->   "%mul_i = fmul i32 %v, i32 %mul_i_i" [cnn.cpp:54->cnn.cpp:383]   --->   Operation 100 'fmul' 'mul_i' <Predicate = true> <Delay = 10.3> <CoreInst = "FMul_maxdsp">   --->   Core 30 'FMul_maxdsp' <Latency = 2> <II = 1> <Delay = 10.3> <FuncUnit> <Opcode : 'fmul'> <InPorts = 2> <OutPorts = 1>

State 14 <SV = 13> <Delay = 11.2>
ST_14 : Operation 101 [1/1] (0.00ns)   --->   "%acc_load = load i32 %acc"   --->   Operation 101 'load' 'acc_load' <Predicate = (!empty)> <Delay = 0.00>
ST_14 : Operation 102 [1/1] (0.69ns)   --->   "%acc_mid2 = select i1 %empty, i32 0, i32 %acc_load" [cnn.cpp:47->cnn.cpp:383]   --->   Operation 102 'select' 'acc_mid2' <Predicate = true> <Delay = 0.69> <CoreInst = "Sel">   --->   Core 73 'Sel' <Latency = 0> <II = 1> <Delay = 0.69> <FuncUnit> <Opcode : 'select'> <InPorts = 3> <OutPorts = 1>
ST_14 : Operation 103 [4/4] (10.5ns)   --->   "%acc_2 = fadd i32 %acc_mid2, i32 %mul_i" [cnn.cpp:54->cnn.cpp:383]   --->   Operation 103 'fadd' 'acc_2' <Predicate = true> <Delay = 10.5> <CoreInst = "FAddSub_fulldsp">   --->   Core 18 'FAddSub_fulldsp' <Latency = 3> <II = 1> <Delay = 10.5> <FuncUnit> <Opcode : 'fadd' 'fsub'> <InPorts = 2> <OutPorts = 1>

State 15 <SV = 14> <Delay = 10.5>
ST_15 : Operation 104 [3/4] (10.5ns)   --->   "%acc_2 = fadd i32 %acc_mid2, i32 %mul_i" [cnn.cpp:54->cnn.cpp:383]   --->   Operation 104 'fadd' 'acc_2' <Predicate = true> <Delay = 10.5> <CoreInst = "FAddSub_fulldsp">   --->   Core 18 'FAddSub_fulldsp' <Latency = 3> <II = 1> <Delay = 10.5> <FuncUnit> <Opcode : 'fadd' 'fsub'> <InPorts = 2> <OutPorts = 1>

State 16 <SV = 15> <Delay = 10.5>
ST_16 : Operation 105 [1/1] (0.00ns)   --->   "%tmp_s = bitconcatenate i11 @_ssdm_op_BitConcatenate.i11.i8.i3, i8 %select_ln47_1, i3 0" [cnn.cpp:57->cnn.cpp:383]   --->   Operation 105 'bitconcatenate' 'tmp_s' <Predicate = true> <Delay = 0.00>
ST_16 : Operation 106 [1/1] (0.00ns)   --->   "%zext_ln48 = zext i4 %select_ln48" [cnn.cpp:48->cnn.cpp:383]   --->   Operation 106 'zext' 'zext_ln48' <Predicate = true> <Delay = 0.00>
ST_16 : Operation 107 [1/1] (0.00ns)   --->   "%zext_ln57_1 = zext i4 %select_ln48" [cnn.cpp:57->cnn.cpp:383]   --->   Operation 107 'zext' 'zext_ln57_1' <Predicate = true> <Delay = 0.00>
ST_16 : Operation 108 [1/1] (1.63ns)   --->   "%add_ln57 = add i11 %tmp_s, i11 %zext_ln57_1" [cnn.cpp:57->cnn.cpp:383]   --->   Operation 108 'add' 'add_ln57' <Predicate = true> <Delay = 1.63> <CoreInst = "Adder">   --->   Core 1 'Adder' <Latency = 0> <II = 1> <Delay = 1.63> <FuncUnit> <Opcode : 'add' 'sub'> <InPorts = 2> <OutPorts = 1>
ST_16 : Operation 109 [2/4] (10.5ns)   --->   "%acc_2 = fadd i32 %acc_mid2, i32 %mul_i" [cnn.cpp:54->cnn.cpp:383]   --->   Operation 109 'fadd' 'acc_2' <Predicate = true> <Delay = 10.5> <CoreInst = "FAddSub_fulldsp">   --->   Core 18 'FAddSub_fulldsp' <Latency = 3> <II = 1> <Delay = 10.5> <FuncUnit> <Opcode : 'fadd' 'fsub'> <InPorts = 2> <OutPorts = 1>
ST_16 : Operation 110 [1/1] (0.00ns)   --->   "%s1_bn_seq_scale_addr = getelementptr i32 %s1_bn_seq_scale, i64 0, i64 %zext_ln48" [cnn.cpp:57->cnn.cpp:383]   --->   Operation 110 'getelementptr' 's1_bn_seq_scale_addr' <Predicate = true> <Delay = 0.00>
ST_16 : Operation 111 [2/2] (2.32ns)   --->   "%s1_bn_seq_scale_load = load i3 %s1_bn_seq_scale_addr" [cnn.cpp:57->cnn.cpp:383]   --->   Operation 111 'load' 's1_bn_seq_scale_load' <Predicate = true> <Delay = 2.32> <CoreInst = "ROM">   --->   Core 94 'ROM' <Latency = 1> <II = 1> <Delay = 2.32> <Storage> <Opcode : 'load'> <Ports = 0> <Width = 32> <Depth = 8> <ROM>

State 17 <SV = 16> <Delay = 12.1>
ST_17 : Operation 112 [1/4] (10.5ns)   --->   "%acc_2 = fadd i32 %acc_mid2, i32 %mul_i" [cnn.cpp:54->cnn.cpp:383]   --->   Operation 112 'fadd' 'acc_2' <Predicate = true> <Delay = 10.5> <CoreInst = "FAddSub_fulldsp">   --->   Core 18 'FAddSub_fulldsp' <Latency = 3> <II = 1> <Delay = 10.5> <FuncUnit> <Opcode : 'fadd' 'fsub'> <InPorts = 2> <OutPorts = 1>
ST_17 : Operation 113 [1/2] ( I:2.32ns O:2.32ns )   --->   "%s1_bn_seq_scale_load = load i3 %s1_bn_seq_scale_addr" [cnn.cpp:57->cnn.cpp:383]   --->   Operation 113 'load' 's1_bn_seq_scale_load' <Predicate = true> <Delay = 2.32> <CoreInst = "ROM">   --->   Core 94 'ROM' <Latency = 1> <II = 1> <Delay = 2.32> <Storage> <Opcode : 'load'> <Ports = 0> <Width = 32> <Depth = 8> <ROM>
ST_17 : Operation 114 [1/1] (1.58ns)   --->   "%store_ln49 = store i32 %acc_2, i32 %acc" [cnn.cpp:49->cnn.cpp:383]   --->   Operation 114 'store' 'store_ln49' <Predicate = true> <Delay = 1.58>
ST_17 : Operation 115 [1/1] (0.00ns)   --->   "%br_ln50 = br void %for.body8.i" [cnn.cpp:50->cnn.cpp:383]   --->   Operation 115 'br' 'br_ln50' <Predicate = true> <Delay = 0.00>

State 18 <SV = 17> <Delay = 10.3>
ST_18 : Operation 116 [3/3] (10.3ns)   --->   "%mul_i19_i = fmul i32 %acc_2, i32 %s1_bn_seq_scale_load" [cnn.cpp:40->cnn.cpp:57->cnn.cpp:383]   --->   Operation 116 'fmul' 'mul_i19_i' <Predicate = true> <Delay = 10.3> <CoreInst = "FMul_maxdsp">   --->   Core 30 'FMul_maxdsp' <Latency = 2> <II = 1> <Delay = 10.3> <FuncUnit> <Opcode : 'fmul'> <InPorts = 2> <OutPorts = 1>

State 19 <SV = 18> <Delay = 10.3>
ST_19 : Operation 117 [1/1] (0.00ns)   --->   "%s1_bn_seq_bias_addr = getelementptr i32 %s1_bn_seq_bias, i64 0, i64 %zext_ln48" [cnn.cpp:58->cnn.cpp:383]   --->   Operation 117 'getelementptr' 's1_bn_seq_bias_addr' <Predicate = true> <Delay = 0.00>
ST_19 : Operation 118 [2/2] (2.32ns)   --->   "%s1_bn_seq_bias_load = load i3 %s1_bn_seq_bias_addr" [cnn.cpp:58->cnn.cpp:383]   --->   Operation 118 'load' 's1_bn_seq_bias_load' <Predicate = true> <Delay = 2.32> <CoreInst = "ROM">   --->   Core 94 'ROM' <Latency = 1> <II = 1> <Delay = 2.32> <Storage> <Opcode : 'load'> <Ports = 0> <Width = 32> <Depth = 8> <ROM>
ST_19 : Operation 119 [2/3] (10.3ns)   --->   "%mul_i19_i = fmul i32 %acc_2, i32 %s1_bn_seq_scale_load" [cnn.cpp:40->cnn.cpp:57->cnn.cpp:383]   --->   Operation 119 'fmul' 'mul_i19_i' <Predicate = true> <Delay = 10.3> <CoreInst = "FMul_maxdsp">   --->   Core 30 'FMul_maxdsp' <Latency = 2> <II = 1> <Delay = 10.3> <FuncUnit> <Opcode : 'fmul'> <InPorts = 2> <OutPorts = 1>

State 20 <SV = 19> <Delay = 10.3>
ST_20 : Operation 120 [1/2] ( I:2.32ns O:2.32ns )   --->   "%s1_bn_seq_bias_load = load i3 %s1_bn_seq_bias_addr" [cnn.cpp:58->cnn.cpp:383]   --->   Operation 120 'load' 's1_bn_seq_bias_load' <Predicate = true> <Delay = 2.32> <CoreInst = "ROM">   --->   Core 94 'ROM' <Latency = 1> <II = 1> <Delay = 2.32> <Storage> <Opcode : 'load'> <Ports = 0> <Width = 32> <Depth = 8> <ROM>
ST_20 : Operation 121 [1/3] (10.3ns)   --->   "%mul_i19_i = fmul i32 %acc_2, i32 %s1_bn_seq_scale_load" [cnn.cpp:40->cnn.cpp:57->cnn.cpp:383]   --->   Operation 121 'fmul' 'mul_i19_i' <Predicate = true> <Delay = 10.3> <CoreInst = "FMul_maxdsp">   --->   Core 30 'FMul_maxdsp' <Latency = 2> <II = 1> <Delay = 10.3> <FuncUnit> <Opcode : 'fmul'> <InPorts = 2> <OutPorts = 1>

State 21 <SV = 20> <Delay = 10.5>
ST_21 : Operation 122 [4/4] (10.5ns)   --->   "%x_assign_1 = fadd i32 %mul_i19_i, i32 %s1_bn_seq_bias_load" [cnn.cpp:40->cnn.cpp:57->cnn.cpp:383]   --->   Operation 122 'fadd' 'x_assign_1' <Predicate = true> <Delay = 10.5> <CoreInst = "FAddSub_fulldsp">   --->   Core 18 'FAddSub_fulldsp' <Latency = 3> <II = 1> <Delay = 10.5> <FuncUnit> <Opcode : 'fadd' 'fsub'> <InPorts = 2> <OutPorts = 1>

State 22 <SV = 21> <Delay = 10.5>
ST_22 : Operation 123 [3/4] (10.5ns)   --->   "%x_assign_1 = fadd i32 %mul_i19_i, i32 %s1_bn_seq_bias_load" [cnn.cpp:40->cnn.cpp:57->cnn.cpp:383]   --->   Operation 123 'fadd' 'x_assign_1' <Predicate = true> <Delay = 10.5> <CoreInst = "FAddSub_fulldsp">   --->   Core 18 'FAddSub_fulldsp' <Latency = 3> <II = 1> <Delay = 10.5> <FuncUnit> <Opcode : 'fadd' 'fsub'> <InPorts = 2> <OutPorts = 1>

State 23 <SV = 22> <Delay = 10.5>
ST_23 : Operation 124 [2/4] (10.5ns)   --->   "%x_assign_1 = fadd i32 %mul_i19_i, i32 %s1_bn_seq_bias_load" [cnn.cpp:40->cnn.cpp:57->cnn.cpp:383]   --->   Operation 124 'fadd' 'x_assign_1' <Predicate = true> <Delay = 10.5> <CoreInst = "FAddSub_fulldsp">   --->   Core 18 'FAddSub_fulldsp' <Latency = 3> <II = 1> <Delay = 10.5> <FuncUnit> <Opcode : 'fadd' 'fsub'> <InPorts = 2> <OutPorts = 1>
ST_23 : Operation 143 [1/1] (1.58ns)   --->   "%ret_ln0 = ret"   --->   Operation 143 'ret' 'ret_ln0' <Predicate = (icmp_ln47)> <Delay = 1.58>

State 24 <SV = 23> <Delay = 10.5>
ST_24 : Operation 125 [1/4] (10.5ns)   --->   "%x_assign_1 = fadd i32 %mul_i19_i, i32 %s1_bn_seq_bias_load" [cnn.cpp:40->cnn.cpp:57->cnn.cpp:383]   --->   Operation 125 'fadd' 'x_assign_1' <Predicate = true> <Delay = 10.5> <CoreInst = "FAddSub_fulldsp">   --->   Core 18 'FAddSub_fulldsp' <Latency = 3> <II = 1> <Delay = 10.5> <FuncUnit> <Opcode : 'fadd' 'fsub'> <InPorts = 2> <OutPorts = 1>

State 25 <SV = 24> <Delay = 5.43>
ST_25 : Operation 126 [2/2] (5.43ns)   --->   "%tmp_7 = fcmp_ogt  i32 %x_assign_1, i32 0" [cnn.cpp:36->cnn.cpp:57->cnn.cpp:383]   --->   Operation 126 'fcmp' 'tmp_7' <Predicate = true> <Delay = 5.43> <CoreInst = "FCompare">   --->   Core 19 'FCompare' <Latency = 1> <II = 1> <Delay = 5.43> <FuncUnit> <Opcode : 'fcmp'> <InPorts = 2> <OutPorts = 1>

State 26 <SV = 25> <Delay = 9.66>
ST_26 : Operation 127 [1/1] (0.00ns)   --->   "%specloopname_ln0 = specloopname void @_ssdm_op_SpecLoopName, void @VITIS_LOOP_47_1_VITIS_LOOP_48_2_VITIS_LOOP_50_3_str"   --->   Operation 127 'specloopname' 'specloopname_ln0' <Predicate = true> <Delay = 0.00>
ST_26 : Operation 128 [1/1] (0.00ns)   --->   "%speclooptripcount_ln0 = speclooptripcount void @_ssdm_op_SpecLoopTripCount, i64 10416, i64 10416, i64 10416"   --->   Operation 128 'speclooptripcount' 'speclooptripcount_ln0' <Predicate = true> <Delay = 0.00>
ST_26 : Operation 129 [1/1] (0.00ns)   --->   "%zext_ln57_2 = zext i11 %add_ln57" [cnn.cpp:57->cnn.cpp:383]   --->   Operation 129 'zext' 'zext_ln57_2' <Predicate = true> <Delay = 0.00>
ST_26 : Operation 130 [1/1] (0.00ns)   --->   "%s1_seq_out_addr = getelementptr i32 %s1_seq_out, i64 0, i64 %zext_ln57_2" [cnn.cpp:57->cnn.cpp:383]   --->   Operation 130 'getelementptr' 's1_seq_out_addr' <Predicate = true> <Delay = 0.00>
ST_26 : Operation 131 [1/1] (0.00ns)   --->   "%specpipeline_ln51 = specpipeline void @_ssdm_op_SpecPipeline, i32 1, i32 0, i32 0, i32 0, void @empty_22" [cnn.cpp:51->cnn.cpp:383]   --->   Operation 131 'specpipeline' 'specpipeline_ln51' <Predicate = true> <Delay = 0.00>
ST_26 : Operation 132 [1/1] (0.00ns)   --->   "%bitcast_ln36 = bitcast i32 %x_assign_1" [cnn.cpp:36->cnn.cpp:57->cnn.cpp:383]   --->   Operation 132 'bitcast' 'bitcast_ln36' <Predicate = true> <Delay = 0.00>
ST_26 : Operation 133 [1/1] (0.00ns)   --->   "%tmp_4 = partselect i8 @_ssdm_op_PartSelect.i8.i32.i32.i32, i32 %bitcast_ln36, i32 23, i32 30" [cnn.cpp:36->cnn.cpp:57->cnn.cpp:383]   --->   Operation 133 'partselect' 'tmp_4' <Predicate = true> <Delay = 0.00>
ST_26 : Operation 134 [1/1] (0.00ns)   --->   "%trunc_ln36 = trunc i32 %bitcast_ln36" [cnn.cpp:36->cnn.cpp:57->cnn.cpp:383]   --->   Operation 134 'trunc' 'trunc_ln36' <Predicate = true> <Delay = 0.00>
ST_26 : Operation 135 [1/1] (1.91ns)   --->   "%icmp_ln36 = icmp_ne  i8 %tmp_4, i8 255" [cnn.cpp:36->cnn.cpp:57->cnn.cpp:383]   --->   Operation 135 'icmp' 'icmp_ln36' <Predicate = true> <Delay = 1.91> <CoreInst = "Cmp">   --->   Core 9 'Cmp' <Latency = 0> <II = 1> <Delay = 1.91> <FuncUnit> <Opcode : 'seteq' 'setne' 'setle' 'setge' 'setlt' 'setgt'> <InPorts = 2> <OutPorts = 1>
ST_26 : Operation 136 [1/1] (2.28ns)   --->   "%icmp_ln36_1 = icmp_eq  i23 %trunc_ln36, i23 0" [cnn.cpp:36->cnn.cpp:57->cnn.cpp:383]   --->   Operation 136 'icmp' 'icmp_ln36_1' <Predicate = true> <Delay = 2.28> <CoreInst = "Cmp">   --->   Core 9 'Cmp' <Latency = 0> <II = 1> <Delay = 2.28> <FuncUnit> <Opcode : 'seteq' 'setne' 'setle' 'setge' 'setlt' 'setgt'> <InPorts = 2> <OutPorts = 1>
ST_26 : Operation 137 [1/1] (0.00ns) (grouped into LUT with out node select_ln36)   --->   "%or_ln36 = or i1 %icmp_ln36_1, i1 %icmp_ln36" [cnn.cpp:36->cnn.cpp:57->cnn.cpp:383]   --->   Operation 137 'or' 'or_ln36' <Predicate = true> <Delay = 0.00> <CoreInst = "LogicGate">   --->   Core 74 'LogicGate' <Latency = 0> <II = 1> <Delay = 0.97> <FuncUnit> <Opcode : 'and' 'or' 'xor'> <InPorts = 2> <OutPorts = 1>
ST_26 : Operation 138 [1/2] (5.43ns)   --->   "%tmp_7 = fcmp_ogt  i32 %x_assign_1, i32 0" [cnn.cpp:36->cnn.cpp:57->cnn.cpp:383]   --->   Operation 138 'fcmp' 'tmp_7' <Predicate = true> <Delay = 5.43> <CoreInst = "FCompare">   --->   Core 19 'FCompare' <Latency = 1> <II = 1> <Delay = 5.43> <FuncUnit> <Opcode : 'fcmp'> <InPorts = 2> <OutPorts = 1>
ST_26 : Operation 139 [1/1] (0.00ns) (grouped into LUT with out node select_ln36)   --->   "%and_ln36 = and i1 %or_ln36, i1 %tmp_7" [cnn.cpp:36->cnn.cpp:57->cnn.cpp:383]   --->   Operation 139 'and' 'and_ln36' <Predicate = true> <Delay = 0.00> <CoreInst = "LogicGate">   --->   Core 74 'LogicGate' <Latency = 0> <II = 1> <Delay = 0.97> <FuncUnit> <Opcode : 'and' 'or' 'xor'> <InPorts = 2> <OutPorts = 1>
ST_26 : Operation 140 [1/1] (0.97ns) (out node of the LUT)   --->   "%select_ln36 = select i1 %and_ln36, i32 %x_assign_1, i32 0" [cnn.cpp:36->cnn.cpp:57->cnn.cpp:383]   --->   Operation 140 'select' 'select_ln36' <Predicate = true> <Delay = 0.97> <CoreInst = "Sel">   --->   Core 73 'Sel' <Latency = 0> <II = 1> <Delay = 0.69> <FuncUnit> <Opcode : 'select'> <InPorts = 3> <OutPorts = 1>
ST_26 : Operation 141 [1/1] ( I:3.25ns O:3.25ns )   --->   "%store_ln57 = store i32 %select_ln36, i11 %s1_seq_out_addr" [cnn.cpp:57->cnn.cpp:383]   --->   Operation 141 'store' 'store_ln57' <Predicate = (icmp_ln50_1)> <Delay = 3.25> <CoreInst = "RAM">   --->   Core 81 'RAM' <Latency = 1> <II = 1> <Delay = 3.25> <Storage> <Opcode : 'load' 'store'> <Ports = 2> <Width = 32> <Depth = 1488> <RAM>
ST_26 : Operation 142 [1/1] (0.00ns)   --->   "%br_ln50 = br void %new.latch.for.body8.i.split_ifconv" [cnn.cpp:50->cnn.cpp:383]   --->   Operation 142 'br' 'br_ln50' <Predicate = (icmp_ln50_1)> <Delay = 0.00>


============================================================
+ Verbose Summary: Timing violations
============================================================
Target clock period: 15.000ns, clock uncertainty: 4.050ns.

 <State 1>: 11.388ns
The critical path consists of the following:
	'store' operation 0 bit ('store_ln0') of constant 0 on local variable 'indvar_flatten' [14]  (1.588 ns)
	'load' operation 7 bit ('indvar_flatten_load', cnn.cpp:48->cnn.cpp:383) on local variable 'indvar_flatten' [20]  (0.000 ns)
	'icmp' operation 1 bit ('icmp_ln48', cnn.cpp:48->cnn.cpp:383) [33]  (1.870 ns)
	'select' operation 4 bit ('select_ln47', cnn.cpp:47->cnn.cpp:383) [34]  (1.024 ns)
	'add' operation 4 bit ('add_ln48', cnn.cpp:48->cnn.cpp:383) [39]  (1.735 ns)
	'select' operation 4 bit ('select_ln48', cnn.cpp:48->cnn.cpp:383) [43]  (1.024 ns)
	'add' operation 6 bit ('add_ln54', cnn.cpp:54->cnn.cpp:383) [53]  (1.825 ns)
	'getelementptr' operation 6 bit ('s1_conv_seq_w_3_addr', cnn.cpp:54->cnn.cpp:383) [55]  (0.000 ns)
	'load' operation 8 bit ('w', cnn.cpp:54->cnn.cpp:383) on array 's1_conv_seq_w_3' [65]  (2.322 ns)

 <State 2>: 4.237ns
The critical path consists of the following:
	'load' operation 8 bit ('w', cnn.cpp:54->cnn.cpp:383) on array 's1_conv_seq_w_3' [65]  (2.322 ns)
	'add' operation 9 bit ('add_ln38', cnn.cpp:38->cnn.cpp:54->cnn.cpp:383) [67]  (1.915 ns)

 <State 3>: 10.669ns
The critical path consists of the following:
	'sitofp' operation 32 bit ('conv1_i_i', cnn.cpp:38->cnn.cpp:54->cnn.cpp:383) [69]  (10.669 ns)

 <State 4>: 10.669ns
The critical path consists of the following:
	'sitofp' operation 32 bit ('conv1_i_i', cnn.cpp:38->cnn.cpp:54->cnn.cpp:383) [69]  (10.669 ns)

 <State 5>: 10.669ns
The critical path consists of the following:
	'sitofp' operation 32 bit ('conv1_i_i', cnn.cpp:38->cnn.cpp:54->cnn.cpp:383) [69]  (10.669 ns)

 <State 6>: 10.669ns
The critical path consists of the following:
	'sitofp' operation 32 bit ('conv1_i_i', cnn.cpp:38->cnn.cpp:54->cnn.cpp:383) [69]  (10.669 ns)

 <State 7>: 10.319ns
The critical path consists of the following:
	'fmul' operation 32 bit ('mul_i_i', cnn.cpp:38->cnn.cpp:54->cnn.cpp:383) [70]  (10.319 ns)

 <State 8>: 10.319ns
The critical path consists of the following:
	'fmul' operation 32 bit ('mul_i_i', cnn.cpp:38->cnn.cpp:54->cnn.cpp:383) [70]  (10.319 ns)

 <State 9>: 10.319ns
The critical path consists of the following:
	'fmul' operation 32 bit ('mul_i_i', cnn.cpp:38->cnn.cpp:54->cnn.cpp:383) [70]  (10.319 ns)

 <State 10>: 0.000ns
The critical path consists of the following:

 <State 11>: 10.319ns
The critical path consists of the following:
	'fmul' operation 32 bit ('mul_i', cnn.cpp:54->cnn.cpp:383) [71]  (10.319 ns)

 <State 12>: 10.319ns
The critical path consists of the following:
	'fmul' operation 32 bit ('mul_i', cnn.cpp:54->cnn.cpp:383) [71]  (10.319 ns)

 <State 13>: 10.319ns
The critical path consists of the following:
	'fmul' operation 32 bit ('mul_i', cnn.cpp:54->cnn.cpp:383) [71]  (10.319 ns)

 <State 14>: 11.231ns
The critical path consists of the following:
	'load' operation 32 bit ('acc_load') on local variable 'acc', cnn.cpp:49->cnn.cpp:383 [26]  (0.000 ns)
	'select' operation 32 bit ('acc_mid2', cnn.cpp:47->cnn.cpp:383) [42]  (0.698 ns)
	'fadd' operation 32 bit ('acc', cnn.cpp:54->cnn.cpp:383) [72]  (10.533 ns)

 <State 15>: 10.533ns
The critical path consists of the following:
	'fadd' operation 32 bit ('acc', cnn.cpp:54->cnn.cpp:383) [72]  (10.533 ns)

 <State 16>: 10.533ns
The critical path consists of the following:
	'fadd' operation 32 bit ('acc', cnn.cpp:54->cnn.cpp:383) [72]  (10.533 ns)

 <State 17>: 12.121ns
The critical path consists of the following:
	'fadd' operation 32 bit ('acc', cnn.cpp:54->cnn.cpp:383) [72]  (10.533 ns)
	'store' operation 0 bit ('store_ln49', cnn.cpp:49->cnn.cpp:383) of variable 'acc', cnn.cpp:54->cnn.cpp:383 on local variable 'acc', cnn.cpp:49->cnn.cpp:383 [102]  (1.588 ns)

 <State 18>: 10.319ns
The critical path consists of the following:
	'fmul' operation 32 bit ('mul_i19_i', cnn.cpp:40->cnn.cpp:57->cnn.cpp:383) [79]  (10.319 ns)

 <State 19>: 10.319ns
The critical path consists of the following:
	'fmul' operation 32 bit ('mul_i19_i', cnn.cpp:40->cnn.cpp:57->cnn.cpp:383) [79]  (10.319 ns)

 <State 20>: 10.319ns
The critical path consists of the following:
	'fmul' operation 32 bit ('mul_i19_i', cnn.cpp:40->cnn.cpp:57->cnn.cpp:383) [79]  (10.319 ns)

 <State 21>: 10.533ns
The critical path consists of the following:
	'fadd' operation 32 bit ('x', cnn.cpp:40->cnn.cpp:57->cnn.cpp:383) [80]  (10.533 ns)

 <State 22>: 10.533ns
The critical path consists of the following:
	'fadd' operation 32 bit ('x', cnn.cpp:40->cnn.cpp:57->cnn.cpp:383) [80]  (10.533 ns)

 <State 23>: 10.533ns
The critical path consists of the following:
	'fadd' operation 32 bit ('x', cnn.cpp:40->cnn.cpp:57->cnn.cpp:383) [80]  (10.533 ns)

 <State 24>: 10.533ns
The critical path consists of the following:
	'fadd' operation 32 bit ('x', cnn.cpp:40->cnn.cpp:57->cnn.cpp:383) [80]  (10.533 ns)

 <State 25>: 5.431ns
The critical path consists of the following:
	'fcmp' operation 1 bit ('tmp_7', cnn.cpp:36->cnn.cpp:57->cnn.cpp:383) [87]  (5.431 ns)

 <State 26>: 9.663ns
The critical path consists of the following:
	'fcmp' operation 1 bit ('tmp_7', cnn.cpp:36->cnn.cpp:57->cnn.cpp:383) [87]  (5.431 ns)
	'and' operation 1 bit ('and_ln36', cnn.cpp:36->cnn.cpp:57->cnn.cpp:383) [88]  (0.000 ns)
	'select' operation 32 bit ('select_ln36', cnn.cpp:36->cnn.cpp:57->cnn.cpp:383) [89]  (0.978 ns)
	'store' operation 0 bit ('store_ln57', cnn.cpp:57->cnn.cpp:383) of variable 'select_ln36', cnn.cpp:36->cnn.cpp:57->cnn.cpp:383 on array 's1_seq_out' [92]  (3.254 ns)


============================================================
+ Verbose Summary: Binding
============================================================
N/A
* FSMD analyzer results:
  - Output states:
 - Input state : 
  - Chain level:
	State 1
	State 2
	State 3
	State 4
	State 5
	State 6
	State 7
	State 8
	State 9
	State 10
	State 11
	State 12
	State 13
	State 14
	State 15
	State 16
	State 17
	State 18
	State 19
	State 20
	State 21
	State 22
	State 23
	State 24
	State 25
	State 26


============================================================
+ Verbose Summary: Datapath Resource usage 
============================================================
N/A
