

================================================================
== Vitis HLS Report for 'ecg_cnn_top_Pipeline_VITIS_LOOP_341_5'
================================================================
* Date:           Tue Mar 31 12:28:03 2026

* Version:        2025.1 (Build 6135595 on May 21 2025)
* Project:        ecg_cnn_top
* Solution:       hls (Vivado IP Flow Target)
* Product family: zynq
* Target device:  xc7z020-clg400-1


================================================================
== Performance Estimates
================================================================
+ Timing: 
    * Summary: 
    +--------+----------+-----------+------------+
    |  Clock |  Target  | Estimated | Uncertainty|
    +--------+----------+-----------+------------+
    |ap_clk  |  15.00 ns|  10.950 ns|     4.05 ns|
    +--------+----------+-----------+------------+

+ Latency: 
    * Summary: 
    +---------+---------+----------+----------+-----+-----+------------------------------------------------+
    |  Latency (cycles) |  Latency (absolute) |  Interval |                    Pipeline                    |
    |   min   |   max   |    min   |    max   | min | max |                      Type                      |
    +---------+---------+----------+----------+-----+-----+------------------------------------------------+
    |       19|       19|  0.285 us|  0.285 us|    6|    6|  loop auto-rewind stp (delay=0 clock cycles(s))|
    +---------+---------+----------+----------+-----+-----+------------------------------------------------+

    + Detail: 
        * Instance: 
        N/A

        * Loop: 
        +--------------------+---------+---------+----------+-----------+-----------+------+----------+
        |                    |  Latency (cycles) | Iteration|  Initiation Interval  | Trip |          |
        |      Loop Name     |   min   |   max   |  Latency |  achieved |   target  | Count| Pipelined|
        +--------------------+---------+---------+----------+-----------+-----------+------+----------+
        |- VITIS_LOOP_341_5  |       17|       17|        14|          1|          1|     5|       yes|
        +--------------------+---------+---------+----------+-----------+-----------+------+----------+

============================================================
+ Verbose Summary: Synthesis Manager
============================================================
InlineROM: 1
ExposeGlobal: 0
============================================================
+ Verbose Summary: CDFG Model
============================================================
IsTopModel: 0
ResetActiveHigh: 1
IsCombinational: 0
IsDatapathOnly: 0
HasWiredReturn: 1
HasMFsm: 2
HasVarLatency: 1
IsPipeline: 0
IsRtlPipelined: 0
IsInstanceOverlapped: 0
IsDontTouch: 0
HasImplIP: 0
IsGatedGlobalClock: 0

+ Individual pipeline summary: 
  * Pipeline-0: initiation interval (II) = 1, depth = 14


============================================================
+ Verbose Summary: Schedule
============================================================
* Number of FSM states : 14
* Pipeline : 1
  Pipeline-0 : II = 1, D = 14, States = { 1 2 3 4 5 6 7 8 9 10 11 12 13 14 }
* Dataflow Pipeline: 0

* FSM state transitions: 
1 --> 2 
2 --> 3 
3 --> 4 
4 --> 5 
5 --> 6 
6 --> 7 
7 --> 8 
8 --> 9 
9 --> 10 
10 --> 11 
11 --> 12 
12 --> 13 
13 --> 14 
14 --> 

* FSM state operations: 

State 1 <SV = 0> <Delay = 4.82>
ST_1 : Operation 17 [1/1] (0.00ns)   --->   "%o = alloca i32 1" [cnn.cpp:341->cnn.cpp:398]   --->   Operation 17 'alloca' 'o' <Predicate = true> <Delay = 0.00>
ST_1 : Operation 18 [1/1] (0.00ns)   --->   "%se_reload_read = read i32 @_ssdm_op_Read.ap_auto.float, i32 %se_reload"   --->   Operation 18 'read' 'se_reload_read' <Predicate = true> <Delay = 0.00>
ST_1 : Operation 19 [1/1] (0.00ns)   --->   "%mux_case_4143181_reload_read = read i32 @_ssdm_op_Read.ap_auto.float, i32 %mux_case_4143181_reload"   --->   Operation 19 'read' 'mux_case_4143181_reload_read' <Predicate = true> <Delay = 0.00>
ST_1 : Operation 20 [1/1] (0.00ns)   --->   "%mux_case_3141178_reload_read = read i32 @_ssdm_op_Read.ap_auto.float, i32 %mux_case_3141178_reload"   --->   Operation 20 'read' 'mux_case_3141178_reload_read' <Predicate = true> <Delay = 0.00>
ST_1 : Operation 21 [1/1] (0.00ns)   --->   "%mux_case_2139175_reload_read = read i32 @_ssdm_op_Read.ap_auto.float, i32 %mux_case_2139175_reload"   --->   Operation 21 'read' 'mux_case_2139175_reload_read' <Predicate = true> <Delay = 0.00>
ST_1 : Operation 22 [1/1] (0.00ns)   --->   "%mux_case_1137172_reload_read = read i32 @_ssdm_op_Read.ap_auto.float, i32 %mux_case_1137172_reload"   --->   Operation 22 'read' 'mux_case_1137172_reload_read' <Predicate = true> <Delay = 0.00>
ST_1 : Operation 23 [1/1] (0.00ns)   --->   "%mux_case_0135169_reload_read = read i32 @_ssdm_op_Read.ap_auto.float, i32 %mux_case_0135169_reload"   --->   Operation 23 'read' 'mux_case_0135169_reload_read' <Predicate = true> <Delay = 0.00>
ST_1 : Operation 24 [1/1] (0.00ns)   --->   "%sext_ln341_read = read i62 @_ssdm_op_Read.ap_auto.i62, i62 %sext_ln341"   --->   Operation 24 'read' 'sext_ln341_read' <Predicate = true> <Delay = 0.00>
ST_1 : Operation 25 [1/1] (0.00ns)   --->   "%sext_ln341_cast = sext i62 %sext_ln341_read"   --->   Operation 25 'sext' 'sext_ln341_cast' <Predicate = true> <Delay = 0.00>
ST_1 : Operation 26 [1/1] (0.00ns)   --->   "%specinterface_ln0 = specinterface void @_ssdm_op_SpecInterface, i32 %OUTPUT_BUS, void @empty_15, i32 0, i32 0, void @empty_22, i32 0, i32 5, void @empty_19, void @empty_17, void @empty_22, i32 16, i32 16, i32 16, i32 16, void @empty_22, void @empty_22, i32 4294967295, i32 0, i32 0"   --->   Operation 26 'specinterface' 'specinterface_ln0' <Predicate = true> <Delay = 0.00>
ST_1 : Operation 27 [1/1] (1.58ns)   --->   "%store_ln341 = store i3 0, i3 %o" [cnn.cpp:341->cnn.cpp:398]   --->   Operation 27 'store' 'store_ln341' <Predicate = true> <Delay = 1.58>
ST_1 : Operation 28 [1/1] (0.00ns)   --->   "%br_ln0 = br void %for.inc55.i"   --->   Operation 28 'br' 'br_ln0' <Predicate = true> <Delay = 0.00>
ST_1 : Operation 29 [1/1] (0.00ns)   --->   "%o_1 = load i3 %o" [cnn.cpp:341->cnn.cpp:398]   --->   Operation 29 'load' 'o_1' <Predicate = true> <Delay = 0.00>
ST_1 : Operation 30 [1/1] (0.00ns)   --->   "%specbitsmap_ln0 = specbitsmap void @_ssdm_op_SpecBitsMap, i32 %OUTPUT_BUS"   --->   Operation 30 'specbitsmap' 'specbitsmap_ln0' <Predicate = true> <Delay = 0.00>
ST_1 : Operation 31 [1/1] (1.65ns)   --->   "%icmp_ln341 = icmp_eq  i3 %o_1, i3 5" [cnn.cpp:341->cnn.cpp:398]   --->   Operation 31 'icmp' 'icmp_ln341' <Predicate = true> <Delay = 1.65> <CoreInst = "Cmp">   --->   Core 9 'Cmp' <Latency = 0> <II = 1> <Delay = 1.65> <FuncUnit> <Opcode : 'seteq' 'setne' 'setle' 'setge' 'setlt' 'setgt'> <InPorts = 2> <OutPorts = 1>
ST_1 : Operation 32 [1/1] (1.65ns)   --->   "%add_ln341 = add i3 %o_1, i3 1" [cnn.cpp:341->cnn.cpp:398]   --->   Operation 32 'add' 'add_ln341' <Predicate = true> <Delay = 1.65> <CoreInst = "Adder">   --->   Core 1 'Adder' <Latency = 0> <II = 1> <Delay = 1.65> <FuncUnit> <Opcode : 'add' 'sub'> <InPorts = 2> <OutPorts = 1>
ST_1 : Operation 33 [1/1] (0.00ns)   --->   "%br_ln341 = br i1 %icmp_ln341, void %for.inc55.i.split, void %_Z12output_layerPfS_.exit.exitStub" [cnn.cpp:341->cnn.cpp:398]   --->   Operation 33 'br' 'br_ln341' <Predicate = true> <Delay = 0.00>
ST_1 : Operation 34 [1/1] (1.58ns)   --->   "%store_ln341 = store i3 %add_ln341, i3 %o" [cnn.cpp:341->cnn.cpp:398]   --->   Operation 34 'store' 'store_ln341' <Predicate = (!icmp_ln341)> <Delay = 1.58>

State 2 <SV = 1> <Delay = 10.6>
ST_2 : Operation 35 [1/1] (1.94ns)   --->   "%tmp_8 = sparsemux i32 @_ssdm_op_SparseMux.ap_auto.5float.float.i3, i3 0, i32 %mux_case_0135169_reload_read, i3 1, i32 %mux_case_1137172_reload_read, i3 2, i32 %mux_case_2139175_reload_read, i3 3, i32 %mux_case_3141178_reload_read, i3 4, i32 %mux_case_4143181_reload_read, i32 <undef>, i3 %o_1" [cnn.cpp:341->cnn.cpp:398]   --->   Operation 35 'sparsemux' 'tmp_8' <Predicate = true> <Delay = 1.94> <CoreInst = "BinarySparseMux_DontCare">   --->   Core 137 'BinarySparseMux_DontCare' <Latency = 0> <II = 1> <Delay = 1.94> <FuncUnit> <Opcode : 'sparsemux'> <InPorts = 2> <OutPorts = 1>
ST_2 : Operation 36 [12/12] (8.75ns)   --->   "%div_i1 = fdiv i32 %tmp_8, i32 %se_reload_read" [cnn.cpp:341->cnn.cpp:398]   --->   Operation 36 'fdiv' 'div_i1' <Predicate = true> <Delay = 8.75> <CoreInst = "FDiv">   --->   Core 20 'FDiv' <Latency = 11> <II = 1> <Delay = 8.75> <FuncUnit> <Opcode : 'fdiv' 'frem'> <InPorts = 2> <OutPorts = 1>

State 3 <SV = 2> <Delay = 8.75>
ST_3 : Operation 37 [11/12] (8.75ns)   --->   "%div_i1 = fdiv i32 %tmp_8, i32 %se_reload_read" [cnn.cpp:341->cnn.cpp:398]   --->   Operation 37 'fdiv' 'div_i1' <Predicate = true> <Delay = 8.75> <CoreInst = "FDiv">   --->   Core 20 'FDiv' <Latency = 11> <II = 1> <Delay = 8.75> <FuncUnit> <Opcode : 'fdiv' 'frem'> <InPorts = 2> <OutPorts = 1>

State 4 <SV = 3> <Delay = 8.75>
ST_4 : Operation 38 [10/12] (8.75ns)   --->   "%div_i1 = fdiv i32 %tmp_8, i32 %se_reload_read" [cnn.cpp:341->cnn.cpp:398]   --->   Operation 38 'fdiv' 'div_i1' <Predicate = true> <Delay = 8.75> <CoreInst = "FDiv">   --->   Core 20 'FDiv' <Latency = 11> <II = 1> <Delay = 8.75> <FuncUnit> <Opcode : 'fdiv' 'frem'> <InPorts = 2> <OutPorts = 1>

State 5 <SV = 4> <Delay = 8.75>
ST_5 : Operation 39 [9/12] (8.75ns)   --->   "%div_i1 = fdiv i32 %tmp_8, i32 %se_reload_read" [cnn.cpp:341->cnn.cpp:398]   --->   Operation 39 'fdiv' 'div_i1' <Predicate = true> <Delay = 8.75> <CoreInst = "FDiv">   --->   Core 20 'FDiv' <Latency = 11> <II = 1> <Delay = 8.75> <FuncUnit> <Opcode : 'fdiv' 'frem'> <InPorts = 2> <OutPorts = 1>

State 6 <SV = 5> <Delay = 8.75>
ST_6 : Operation 40 [8/12] (8.75ns)   --->   "%div_i1 = fdiv i32 %tmp_8, i32 %se_reload_read" [cnn.cpp:341->cnn.cpp:398]   --->   Operation 40 'fdiv' 'div_i1' <Predicate = true> <Delay = 8.75> <CoreInst = "FDiv">   --->   Core 20 'FDiv' <Latency = 11> <II = 1> <Delay = 8.75> <FuncUnit> <Opcode : 'fdiv' 'frem'> <InPorts = 2> <OutPorts = 1>

State 7 <SV = 6> <Delay = 8.75>
ST_7 : Operation 41 [7/12] (8.75ns)   --->   "%div_i1 = fdiv i32 %tmp_8, i32 %se_reload_read" [cnn.cpp:341->cnn.cpp:398]   --->   Operation 41 'fdiv' 'div_i1' <Predicate = true> <Delay = 8.75> <CoreInst = "FDiv">   --->   Core 20 'FDiv' <Latency = 11> <II = 1> <Delay = 8.75> <FuncUnit> <Opcode : 'fdiv' 'frem'> <InPorts = 2> <OutPorts = 1>

State 8 <SV = 7> <Delay = 8.75>
ST_8 : Operation 42 [6/12] (8.75ns)   --->   "%div_i1 = fdiv i32 %tmp_8, i32 %se_reload_read" [cnn.cpp:341->cnn.cpp:398]   --->   Operation 42 'fdiv' 'div_i1' <Predicate = true> <Delay = 8.75> <CoreInst = "FDiv">   --->   Core 20 'FDiv' <Latency = 11> <II = 1> <Delay = 8.75> <FuncUnit> <Opcode : 'fdiv' 'frem'> <InPorts = 2> <OutPorts = 1>

State 9 <SV = 8> <Delay = 8.75>
ST_9 : Operation 43 [5/12] (8.75ns)   --->   "%div_i1 = fdiv i32 %tmp_8, i32 %se_reload_read" [cnn.cpp:341->cnn.cpp:398]   --->   Operation 43 'fdiv' 'div_i1' <Predicate = true> <Delay = 8.75> <CoreInst = "FDiv">   --->   Core 20 'FDiv' <Latency = 11> <II = 1> <Delay = 8.75> <FuncUnit> <Opcode : 'fdiv' 'frem'> <InPorts = 2> <OutPorts = 1>

State 10 <SV = 9> <Delay = 8.75>
ST_10 : Operation 44 [4/12] (8.75ns)   --->   "%div_i1 = fdiv i32 %tmp_8, i32 %se_reload_read" [cnn.cpp:341->cnn.cpp:398]   --->   Operation 44 'fdiv' 'div_i1' <Predicate = true> <Delay = 8.75> <CoreInst = "FDiv">   --->   Core 20 'FDiv' <Latency = 11> <II = 1> <Delay = 8.75> <FuncUnit> <Opcode : 'fdiv' 'frem'> <InPorts = 2> <OutPorts = 1>

State 11 <SV = 10> <Delay = 8.75>
ST_11 : Operation 45 [3/12] (8.75ns)   --->   "%div_i1 = fdiv i32 %tmp_8, i32 %se_reload_read" [cnn.cpp:341->cnn.cpp:398]   --->   Operation 45 'fdiv' 'div_i1' <Predicate = true> <Delay = 8.75> <CoreInst = "FDiv">   --->   Core 20 'FDiv' <Latency = 11> <II = 1> <Delay = 8.75> <FuncUnit> <Opcode : 'fdiv' 'frem'> <InPorts = 2> <OutPorts = 1>

State 12 <SV = 11> <Delay = 8.75>
ST_12 : Operation 46 [2/12] (8.75ns)   --->   "%div_i1 = fdiv i32 %tmp_8, i32 %se_reload_read" [cnn.cpp:341->cnn.cpp:398]   --->   Operation 46 'fdiv' 'div_i1' <Predicate = true> <Delay = 8.75> <CoreInst = "FDiv">   --->   Core 20 'FDiv' <Latency = 11> <II = 1> <Delay = 8.75> <FuncUnit> <Opcode : 'fdiv' 'frem'> <InPorts = 2> <OutPorts = 1>

State 13 <SV = 12> <Delay = 8.75>
ST_13 : Operation 47 [1/12] (8.75ns)   --->   "%div_i1 = fdiv i32 %tmp_8, i32 %se_reload_read" [cnn.cpp:341->cnn.cpp:398]   --->   Operation 47 'fdiv' 'div_i1' <Predicate = true> <Delay = 8.75> <CoreInst = "FDiv">   --->   Core 20 'FDiv' <Latency = 11> <II = 1> <Delay = 8.75> <FuncUnit> <Opcode : 'fdiv' 'frem'> <InPorts = 2> <OutPorts = 1>
ST_13 : Operation 55 [1/1] (1.58ns)   --->   "%ret_ln0 = ret"   --->   Operation 55 'ret' 'ret_ln0' <Predicate = (icmp_ln341)> <Delay = 1.58>

State 14 <SV = 13> <Delay = 10.9>
ST_14 : Operation 48 [1/1] (0.00ns)   --->   "%OUTPUT_BUS_addr = getelementptr i32 %OUTPUT_BUS, i64 %sext_ln341_cast" [cnn.cpp:341->cnn.cpp:398]   --->   Operation 48 'getelementptr' 'OUTPUT_BUS_addr' <Predicate = true> <Delay = 0.00>
ST_14 : Operation 49 [1/1] (0.00ns)   --->   "%specpipeline_ln341 = specpipeline void @_ssdm_op_SpecPipeline, i32 4294967295, i32 0, i32 0, i32 0, void @empty_22" [cnn.cpp:341->cnn.cpp:398]   --->   Operation 49 'specpipeline' 'specpipeline_ln341' <Predicate = true> <Delay = 0.00>
ST_14 : Operation 50 [1/1] (0.00ns)   --->   "%speclooptripcount_ln341 = speclooptripcount void @_ssdm_op_SpecLoopTripCount, i64 5, i64 5, i64 5" [cnn.cpp:341->cnn.cpp:398]   --->   Operation 50 'speclooptripcount' 'speclooptripcount_ln341' <Predicate = true> <Delay = 0.00>
ST_14 : Operation 51 [1/1] (0.00ns)   --->   "%specloopname_ln341 = specloopname void @_ssdm_op_SpecLoopName, void @empty_44" [cnn.cpp:341->cnn.cpp:398]   --->   Operation 51 'specloopname' 'specloopname_ln341' <Predicate = true> <Delay = 0.00>
ST_14 : Operation 52 [1/1] (0.00ns)   --->   "%bitcast_ln341 = bitcast i32 %div_i1" [cnn.cpp:341->cnn.cpp:398]   --->   Operation 52 'bitcast' 'bitcast_ln341' <Predicate = true> <Delay = 0.00>
ST_14 : Operation 53 [1/1] (10.9ns)   --->   "%write_ln341 = write void @_ssdm_op_Write.m_axi.p1i32, i32 %OUTPUT_BUS_addr, i32 %bitcast_ln341, i4 15" [cnn.cpp:341->cnn.cpp:398]   --->   Operation 53 'write' 'write_ln341' <Predicate = true> <Delay = 10.9> <CoreInst = "m_axi">   --->   Core 111 'm_axi' <Latency = 5> <II = 1> <Delay = 1.00> <Adapter> <Opcode : 'read' 'write' 'readreq' 'writereq' 'writeresp'>
ST_14 : Operation 54 [1/1] (0.00ns)   --->   "%br_ln341 = br void %for.inc55.i" [cnn.cpp:341->cnn.cpp:398]   --->   Operation 54 'br' 'br_ln341' <Predicate = true> <Delay = 0.00>


============================================================
+ Verbose Summary: Binding
============================================================
STG Binding: 
---------------- STG Properties BEGIN ----------------
- Is combinational: 0
- Is one-state seq: 0
- Is datapath-only: 0
- Is pipelined: 0
- Is top level: 0
Port [ Return ] is wired: 1; IO mode=ap_ctrl_hs:ce=0
Port [ OUTPUT_BUS]:  wired=1; compound=1; hidden=0; nouse=0; global=0; static=0; extern=0; dir=1; type=4; pingpong=0; private_global=0; IO mode=m_axi:ce=0
Port [ sext_ln341]:  wired=1; compound=0; hidden=0; nouse=0; global=0; static=0; extern=0; dir=0; type=0; pingpong=0; private_global=0; IO mode=ap_none:ce=0
Port [ mux_case_0135169_reload]:  wired=1; compound=0; hidden=0; nouse=0; global=0; static=0; extern=0; dir=0; type=0; pingpong=0; private_global=0; IO mode=ap_none:ce=0
Port [ mux_case_1137172_reload]:  wired=1; compound=0; hidden=0; nouse=0; global=0; static=0; extern=0; dir=0; type=0; pingpong=0; private_global=0; IO mode=ap_none:ce=0
Port [ mux_case_2139175_reload]:  wired=1; compound=0; hidden=0; nouse=0; global=0; static=0; extern=0; dir=0; type=0; pingpong=0; private_global=0; IO mode=ap_none:ce=0
Port [ mux_case_3141178_reload]:  wired=1; compound=0; hidden=0; nouse=0; global=0; static=0; extern=0; dir=0; type=0; pingpong=0; private_global=0; IO mode=ap_none:ce=0
Port [ mux_case_4143181_reload]:  wired=1; compound=0; hidden=0; nouse=0; global=0; static=0; extern=0; dir=0; type=0; pingpong=0; private_global=0; IO mode=ap_none:ce=0
Port [ se_reload]:  wired=1; compound=0; hidden=0; nouse=0; global=0; static=0; extern=0; dir=0; type=0; pingpong=0; private_global=0; IO mode=ap_none:ce=0
---------------- STG Properties END ------------------

---------------- Datapath Model BEGIN ----------------

<LifeTime>
<method=bitvector/>
o                            (alloca           ) [ 010000000000000]
se_reload_read               (read             ) [ 011111111111110]
mux_case_4143181_reload_read (read             ) [ 011000000000000]
mux_case_3141178_reload_read (read             ) [ 011000000000000]
mux_case_2139175_reload_read (read             ) [ 011000000000000]
mux_case_1137172_reload_read (read             ) [ 011000000000000]
mux_case_0135169_reload_read (read             ) [ 011000000000000]
sext_ln341_read              (read             ) [ 000000000000000]
sext_ln341_cast              (sext             ) [ 011111111111111]
specinterface_ln0            (specinterface    ) [ 000000000000000]
store_ln341                  (store            ) [ 000000000000000]
br_ln0                       (br               ) [ 000000000000000]
o_1                          (load             ) [ 011000000000000]
specbitsmap_ln0              (specbitsmap      ) [ 000000000000000]
icmp_ln341                   (icmp             ) [ 011111111111110]
add_ln341                    (add              ) [ 000000000000000]
br_ln341                     (br               ) [ 000000000000000]
store_ln341                  (store            ) [ 000000000000000]
tmp_8                        (sparsemux        ) [ 010111111111110]
div_i1                       (fdiv             ) [ 010000000000001]
OUTPUT_BUS_addr              (getelementptr    ) [ 000000000000000]
specpipeline_ln341           (specpipeline     ) [ 000000000000000]
speclooptripcount_ln341      (speclooptripcount) [ 000000000000000]
specloopname_ln341           (specloopname     ) [ 000000000000000]
bitcast_ln341                (bitcast          ) [ 000000000000000]
write_ln341                  (write            ) [ 000000000000000]
br_ln341                     (br               ) [ 000000000000000]
ret_ln0                      (ret              ) [ 000000000000000]
</LifeTime>

<model>

<comp_list>
<comp id="0" class="1000" name="OUTPUT_BUS">
<pin_list>
<pin id="1" dir="1" index="0" bw="1" slack="0"/>
</pin_list>
<bind>
<StgValue><ssdm name="OUTPUT_BUS"/><MemPortTyVec>1 </MemPortTyVec>
</StgValue>
</bind>
</comp>

<comp id="2" class="1000" name="sext_ln341">
<pin_list>
<pin id="3" dir="1" index="0" bw="1" slack="0"/>
</pin_list>
<bind>
<StgValue><ssdm name="sext_ln341"/></StgValue>
</bind>
</comp>

<comp id="4" class="1000" name="mux_case_0135169_reload">
<pin_list>
<pin id="5" dir="1" index="0" bw="1" slack="0"/>
</pin_list>
<bind>
<StgValue><ssdm name="mux_case_0135169_reload"/></StgValue>
</bind>
</comp>

<comp id="6" class="1000" name="mux_case_1137172_reload">
<pin_list>
<pin id="7" dir="1" index="0" bw="1" slack="0"/>
</pin_list>
<bind>
<StgValue><ssdm name="mux_case_1137172_reload"/></StgValue>
</bind>
</comp>

<comp id="8" class="1000" name="mux_case_2139175_reload">
<pin_list>
<pin id="9" dir="1" index="0" bw="1" slack="0"/>
</pin_list>
<bind>
<StgValue><ssdm name="mux_case_2139175_reload"/></StgValue>
</bind>
</comp>

<comp id="10" class="1000" name="mux_case_3141178_reload">
<pin_list>
<pin id="11" dir="1" index="0" bw="1" slack="0"/>
</pin_list>
<bind>
<StgValue><ssdm name="mux_case_3141178_reload"/></StgValue>
</bind>
</comp>

<comp id="12" class="1000" name="mux_case_4143181_reload">
<pin_list>
<pin id="13" dir="1" index="0" bw="1" slack="0"/>
</pin_list>
<bind>
<StgValue><ssdm name="mux_case_4143181_reload"/></StgValue>
</bind>
</comp>

<comp id="14" class="1000" name="se_reload">
<pin_list>
<pin id="15" dir="1" index="0" bw="1" slack="0"/>
</pin_list>
<bind>
<StgValue><ssdm name="se_reload"/></StgValue>
</bind>
</comp>

<comp id="16" class="1001" name="const_16">
<pin_list>
<pin id="17" dir="1" index="0" bw="1" slack="0"/>
</pin_list>
<bind>
<StgValue><ssdm name=""/></StgValue>
</bind>
</comp>

<comp id="18" class="1001" name="const_18">
<pin_list>
<pin id="19" dir="1" index="0" bw="1" slack="0"/>
</pin_list>
<bind>
<StgValue><ssdm name="_ssdm_op_Read.ap_auto.float"/></StgValue>
</bind>
</comp>

<comp id="20" class="1001" name="const_20">
<pin_list>
<pin id="21" dir="1" index="0" bw="1" slack="0"/>
</pin_list>
<bind>
<StgValue><ssdm name="_ssdm_op_Read.ap_auto.i62"/></StgValue>
</bind>
</comp>

<comp id="22" class="1001" name="const_22">
<pin_list>
<pin id="23" dir="1" index="0" bw="1" slack="2147483647"/>
</pin_list>
<bind>
<StgValue><ssdm name="_ssdm_op_SpecInterface"/></StgValue>
</bind>
</comp>

<comp id="24" class="1001" name="const_24">
<pin_list>
<pin id="25" dir="1" index="0" bw="1" slack="2147483647"/>
</pin_list>
<bind>
<StgValue><ssdm name="empty_15"/></StgValue>
</bind>
</comp>

<comp id="26" class="1001" name="const_26">
<pin_list>
<pin id="27" dir="1" index="0" bw="1" slack="2147483647"/>
</pin_list>
<bind>
<StgValue><ssdm name=""/></StgValue>
</bind>
</comp>

<comp id="28" class="1001" name="const_28">
<pin_list>
<pin id="29" dir="1" index="0" bw="1" slack="2147483647"/>
</pin_list>
<bind>
<StgValue><ssdm name="empty_22"/></StgValue>
</bind>
</comp>

<comp id="30" class="1001" name="const_30">
<pin_list>
<pin id="31" dir="1" index="0" bw="1" slack="2147483647"/>
</pin_list>
<bind>
<StgValue><ssdm name=""/></StgValue>
</bind>
</comp>

<comp id="32" class="1001" name="const_32">
<pin_list>
<pin id="33" dir="1" index="0" bw="1" slack="2147483647"/>
</pin_list>
<bind>
<StgValue><ssdm name="empty_19"/></StgValue>
</bind>
</comp>

<comp id="34" class="1001" name="const_34">
<pin_list>
<pin id="35" dir="1" index="0" bw="1" slack="2147483647"/>
</pin_list>
<bind>
<StgValue><ssdm name="empty_17"/></StgValue>
</bind>
</comp>

<comp id="36" class="1001" name="const_36">
<pin_list>
<pin id="37" dir="1" index="0" bw="1" slack="2147483647"/>
</pin_list>
<bind>
<StgValue><ssdm name=""/></StgValue>
</bind>
</comp>

<comp id="38" class="1001" name="const_38">
<pin_list>
<pin id="39" dir="1" index="0" bw="1" slack="2147483647"/>
</pin_list>
<bind>
<StgValue><ssdm name=""/></StgValue>
</bind>
</comp>

<comp id="40" class="1001" name="const_40">
<pin_list>
<pin id="41" dir="1" index="0" bw="1" slack="0"/>
</pin_list>
<bind>
<StgValue><ssdm name=""/></StgValue>
</bind>
</comp>

<comp id="42" class="1001" name="const_42">
<pin_list>
<pin id="43" dir="1" index="0" bw="1" slack="2147483647"/>
</pin_list>
<bind>
<StgValue><ssdm name="_ssdm_op_SpecBitsMap"/></StgValue>
</bind>
</comp>

<comp id="44" class="1001" name="const_44">
<pin_list>
<pin id="45" dir="1" index="0" bw="1" slack="0"/>
</pin_list>
<bind>
<StgValue><ssdm name=""/></StgValue>
</bind>
</comp>

<comp id="46" class="1001" name="const_46">
<pin_list>
<pin id="47" dir="1" index="0" bw="1" slack="0"/>
</pin_list>
<bind>
<StgValue><ssdm name=""/></StgValue>
</bind>
</comp>

<comp id="48" class="1001" name="const_48">
<pin_list>
<pin id="49" dir="1" index="0" bw="1" slack="0"/>
</pin_list>
<bind>
<StgValue><ssdm name="_ssdm_op_SparseMux.ap_auto.5float.float.i3"/></StgValue>
</bind>
</comp>

<comp id="50" class="1001" name="const_50">
<pin_list>
<pin id="51" dir="1" index="0" bw="1" slack="0"/>
</pin_list>
<bind>
<StgValue><ssdm name=""/></StgValue>
</bind>
</comp>

<comp id="52" class="1001" name="const_52">
<pin_list>
<pin id="53" dir="1" index="0" bw="1" slack="0"/>
</pin_list>
<bind>
<StgValue><ssdm name=""/></StgValue>
</bind>
</comp>

<comp id="54" class="1001" name="const_54">
<pin_list>
<pin id="55" dir="1" index="0" bw="1" slack="0"/>
</pin_list>
<bind>
<StgValue><ssdm name=""/></StgValue>
</bind>
</comp>

<comp id="56" class="1001" name="const_56">
<pin_list>
<pin id="57" dir="1" index="0" bw="1" slack="0"/>
</pin_list>
<bind>
<StgValue><ssdm name=""/></StgValue>
</bind>
</comp>

<comp id="58" class="1001" name="const_58">
<pin_list>
<pin id="59" dir="1" index="0" bw="1" slack="2147483647"/>
</pin_list>
<bind>
<StgValue><ssdm name="_ssdm_op_SpecPipeline"/></StgValue>
</bind>
</comp>

<comp id="60" class="1001" name="const_60">
<pin_list>
<pin id="61" dir="1" index="0" bw="1" slack="2147483647"/>
</pin_list>
<bind>
<StgValue><ssdm name="_ssdm_op_SpecLoopTripCount"/></StgValue>
</bind>
</comp>

<comp id="62" class="1001" name="const_62">
<pin_list>
<pin id="63" dir="1" index="0" bw="1" slack="2147483647"/>
</pin_list>
<bind>
<StgValue><ssdm name=""/></StgValue>
</bind>
</comp>

<comp id="64" class="1001" name="const_64">
<pin_list>
<pin id="65" dir="1" index="0" bw="1" slack="2147483647"/>
</pin_list>
<bind>
<StgValue><ssdm name="_ssdm_op_SpecLoopName"/></StgValue>
</bind>
</comp>

<comp id="66" class="1001" name="const_66">
<pin_list>
<pin id="67" dir="1" index="0" bw="1" slack="2147483647"/>
</pin_list>
<bind>
<StgValue><ssdm name="empty_44"/></StgValue>
</bind>
</comp>

<comp id="68" class="1001" name="const_68">
<pin_list>
<pin id="69" dir="1" index="0" bw="1" slack="0"/>
</pin_list>
<bind>
<StgValue><ssdm name="_ssdm_op_Write.m_axi.p1i32"/></StgValue>
</bind>
</comp>

<comp id="70" class="1001" name="const_70">
<pin_list>
<pin id="71" dir="1" index="0" bw="1" slack="0"/>
</pin_list>
<bind>
<StgValue><ssdm name=""/></StgValue>
</bind>
</comp>

<comp id="72" class="1004" name="o_fu_72">
<pin_list>
<pin id="73" dir="0" index="0" bw="1" slack="0"/>
<pin id="74" dir="1" index="1" bw="3" slack="0"/>
</pin_list>
<bind>
<opcode="alloca(26) " fcode="alloca"/>
<opset="o/1 "/>
</bind>
</comp>

<comp id="76" class="1004" name="se_reload_read_read_fu_76">
<pin_list>
<pin id="77" dir="0" index="0" bw="32" slack="0"/>
<pin id="78" dir="0" index="1" bw="32" slack="0"/>
<pin id="79" dir="1" index="2" bw="32" slack="1"/>
</pin_list>
<bind>
<opcode="read(1150) " fcode="read"/>
<opset="se_reload_read/1 "/>
</bind>
</comp>

<comp id="82" class="1004" name="mux_case_4143181_reload_read_read_fu_82">
<pin_list>
<pin id="83" dir="0" index="0" bw="32" slack="0"/>
<pin id="84" dir="0" index="1" bw="32" slack="0"/>
<pin id="85" dir="1" index="2" bw="32" slack="1"/>
</pin_list>
<bind>
<opcode="read(1150) " fcode="read"/>
<opset="mux_case_4143181_reload_read/1 "/>
</bind>
</comp>

<comp id="88" class="1004" name="mux_case_3141178_reload_read_read_fu_88">
<pin_list>
<pin id="89" dir="0" index="0" bw="32" slack="0"/>
<pin id="90" dir="0" index="1" bw="32" slack="0"/>
<pin id="91" dir="1" index="2" bw="32" slack="1"/>
</pin_list>
<bind>
<opcode="read(1150) " fcode="read"/>
<opset="mux_case_3141178_reload_read/1 "/>
</bind>
</comp>

<comp id="94" class="1004" name="mux_case_2139175_reload_read_read_fu_94">
<pin_list>
<pin id="95" dir="0" index="0" bw="32" slack="0"/>
<pin id="96" dir="0" index="1" bw="32" slack="0"/>
<pin id="97" dir="1" index="2" bw="32" slack="1"/>
</pin_list>
<bind>
<opcode="read(1150) " fcode="read"/>
<opset="mux_case_2139175_reload_read/1 "/>
</bind>
</comp>

<comp id="100" class="1004" name="mux_case_1137172_reload_read_read_fu_100">
<pin_list>
<pin id="101" dir="0" index="0" bw="32" slack="0"/>
<pin id="102" dir="0" index="1" bw="32" slack="0"/>
<pin id="103" dir="1" index="2" bw="32" slack="1"/>
</pin_list>
<bind>
<opcode="read(1150) " fcode="read"/>
<opset="mux_case_1137172_reload_read/1 "/>
</bind>
</comp>

<comp id="106" class="1004" name="mux_case_0135169_reload_read_read_fu_106">
<pin_list>
<pin id="107" dir="0" index="0" bw="32" slack="0"/>
<pin id="108" dir="0" index="1" bw="32" slack="0"/>
<pin id="109" dir="1" index="2" bw="32" slack="1"/>
</pin_list>
<bind>
<opcode="read(1150) " fcode="read"/>
<opset="mux_case_0135169_reload_read/1 "/>
</bind>
</comp>

<comp id="112" class="1004" name="sext_ln341_read_read_fu_112">
<pin_list>
<pin id="113" dir="0" index="0" bw="62" slack="0"/>
<pin id="114" dir="0" index="1" bw="62" slack="0"/>
<pin id="115" dir="1" index="2" bw="62" slack="0"/>
</pin_list>
<bind>
<opcode="read(1150) " fcode="read"/>
<opset="sext_ln341_read/1 "/>
</bind>
</comp>

<comp id="118" class="1004" name="write_ln341_write_fu_118">
<pin_list>
<pin id="119" dir="0" index="0" bw="0" slack="0"/>
<pin id="120" dir="0" index="1" bw="32" slack="0"/>
<pin id="121" dir="0" index="2" bw="32" slack="0"/>
<pin id="122" dir="0" index="3" bw="1" slack="0"/>
<pin id="123" dir="1" index="4" bw="0" slack="2147483647"/>
</pin_list>
<bind>
<opcode="write(1151) " fcode="write"/>
<opset="write_ln341/14 "/>
</bind>
</comp>

<comp id="126" class="1004" name="grp_fu_126">
<pin_list>
<pin id="127" dir="0" index="0" bw="32" slack="0"/>
<pin id="128" dir="0" index="1" bw="32" slack="1"/>
<pin id="129" dir="1" index="2" bw="32" slack="1"/>
</pin_list>
<bind>
<opcode="fdiv(16) " fcode="fdiv"/>
<opset="div_i1/2 "/>
</bind>
</comp>

<comp id="130" class="1004" name="sext_ln341_cast_fu_130">
<pin_list>
<pin id="131" dir="0" index="0" bw="62" slack="0"/>
<pin id="132" dir="1" index="1" bw="64" slack="13"/>
</pin_list>
<bind>
<opcode="sext(35) " fcode="sext"/>
<opset="sext_ln341_cast/1 "/>
</bind>
</comp>

<comp id="134" class="1004" name="store_ln341_store_fu_134">
<pin_list>
<pin id="135" dir="0" index="0" bw="1" slack="0"/>
<pin id="136" dir="0" index="1" bw="3" slack="0"/>
<pin id="137" dir="1" index="2" bw="0" slack="2147483647"/>
</pin_list>
<bind>
<opcode="store(28) " fcode="store"/>
<opset="store_ln341/1 "/>
</bind>
</comp>

<comp id="139" class="1004" name="o_1_load_fu_139">
<pin_list>
<pin id="140" dir="0" index="0" bw="3" slack="0"/>
<pin id="141" dir="1" index="1" bw="3" slack="0"/>
</pin_list>
<bind>
<opcode="load(27) " fcode="load"/>
<opset="o_1/1 "/>
</bind>
</comp>

<comp id="142" class="1004" name="icmp_ln341_fu_142">
<pin_list>
<pin id="143" dir="0" index="0" bw="3" slack="0"/>
<pin id="144" dir="0" index="1" bw="3" slack="0"/>
<pin id="145" dir="1" index="2" bw="1" slack="12"/>
</pin_list>
<bind>
<opcode="icmp(45) " fcode="icmp"/>
<opset="icmp_ln341/1 "/>
</bind>
</comp>

<comp id="148" class="1004" name="add_ln341_fu_148">
<pin_list>
<pin id="149" dir="0" index="0" bw="3" slack="0"/>
<pin id="150" dir="0" index="1" bw="1" slack="0"/>
<pin id="151" dir="1" index="2" bw="3" slack="0"/>
</pin_list>
<bind>
<opcode="add(8) " fcode="add"/>
<opset="add_ln341/1 "/>
</bind>
</comp>

<comp id="154" class="1004" name="store_ln341_store_fu_154">
<pin_list>
<pin id="155" dir="0" index="0" bw="3" slack="0"/>
<pin id="156" dir="0" index="1" bw="3" slack="0"/>
<pin id="157" dir="1" index="2" bw="0" slack="2147483647"/>
</pin_list>
<bind>
<opcode="store(28) " fcode="store"/>
<opset="store_ln341/1 "/>
</bind>
</comp>

<comp id="159" class="1004" name="tmp_8_fu_159">
<pin_list>
<pin id="160" dir="0" index="0" bw="32" slack="0"/>
<pin id="161" dir="0" index="1" bw="3" slack="0"/>
<pin id="162" dir="0" index="2" bw="32" slack="1"/>
<pin id="163" dir="0" index="3" bw="3" slack="0"/>
<pin id="164" dir="0" index="4" bw="32" slack="1"/>
<pin id="165" dir="0" index="5" bw="3" slack="0"/>
<pin id="166" dir="0" index="6" bw="32" slack="1"/>
<pin id="167" dir="0" index="7" bw="3" slack="0"/>
<pin id="168" dir="0" index="8" bw="32" slack="1"/>
<pin id="169" dir="0" index="9" bw="3" slack="0"/>
<pin id="170" dir="0" index="10" bw="32" slack="1"/>
<pin id="171" dir="0" index="11" bw="32" slack="0"/>
<pin id="172" dir="0" index="12" bw="3" slack="1"/>
<pin id="173" dir="1" index="13" bw="32" slack="0"/>
</pin_list>
<bind>
<opcode="sparsemux(1197) " fcode="sparsemux"/>
<opset="tmp_8/2 "/>
</bind>
</comp>

<comp id="182" class="1004" name="OUTPUT_BUS_addr_fu_182">
<pin_list>
<pin id="183" dir="0" index="0" bw="32" slack="0"/>
<pin id="184" dir="0" index="1" bw="62" slack="13"/>
<pin id="185" dir="1" index="2" bw="32" slack="0"/>
</pin_list>
<bind>
<opcode="getelementptr(29) " fcode="getelementptr"/>
<opset="OUTPUT_BUS_addr/14 "/>
</bind>
</comp>

<comp id="188" class="1004" name="bitcast_ln341_fu_188">
<pin_list>
<pin id="189" dir="0" index="0" bw="32" slack="1"/>
<pin id="190" dir="1" index="1" bw="32" slack="0"/>
</pin_list>
<bind>
<opcode="bitcast(44) " fcode="bitcast"/>
<opset="bitcast_ln341/14 "/>
</bind>
</comp>

<comp id="192" class="1005" name="o_reg_192">
<pin_list>
<pin id="193" dir="0" index="0" bw="3" slack="0"/>
<pin id="194" dir="1" index="1" bw="3" slack="0"/>
</pin_list>
<bind>
<opset="o "/>
</bind>
</comp>

<comp id="199" class="1005" name="se_reload_read_reg_199">
<pin_list>
<pin id="200" dir="0" index="0" bw="32" slack="1"/>
<pin id="201" dir="1" index="1" bw="32" slack="1"/>
</pin_list>
<bind>
<opset="se_reload_read "/>
</bind>
</comp>

<comp id="204" class="1005" name="mux_case_4143181_reload_read_reg_204">
<pin_list>
<pin id="205" dir="0" index="0" bw="32" slack="1"/>
<pin id="206" dir="1" index="1" bw="32" slack="1"/>
</pin_list>
<bind>
<opset="mux_case_4143181_reload_read "/>
</bind>
</comp>

<comp id="209" class="1005" name="mux_case_3141178_reload_read_reg_209">
<pin_list>
<pin id="210" dir="0" index="0" bw="32" slack="1"/>
<pin id="211" dir="1" index="1" bw="32" slack="1"/>
</pin_list>
<bind>
<opset="mux_case_3141178_reload_read "/>
</bind>
</comp>

<comp id="214" class="1005" name="mux_case_2139175_reload_read_reg_214">
<pin_list>
<pin id="215" dir="0" index="0" bw="32" slack="1"/>
<pin id="216" dir="1" index="1" bw="32" slack="1"/>
</pin_list>
<bind>
<opset="mux_case_2139175_reload_read "/>
</bind>
</comp>

<comp id="219" class="1005" name="mux_case_1137172_reload_read_reg_219">
<pin_list>
<pin id="220" dir="0" index="0" bw="32" slack="1"/>
<pin id="221" dir="1" index="1" bw="32" slack="1"/>
</pin_list>
<bind>
<opset="mux_case_1137172_reload_read "/>
</bind>
</comp>

<comp id="224" class="1005" name="mux_case_0135169_reload_read_reg_224">
<pin_list>
<pin id="225" dir="0" index="0" bw="32" slack="1"/>
<pin id="226" dir="1" index="1" bw="32" slack="1"/>
</pin_list>
<bind>
<opset="mux_case_0135169_reload_read "/>
</bind>
</comp>

<comp id="229" class="1005" name="sext_ln341_cast_reg_229">
<pin_list>
<pin id="230" dir="0" index="0" bw="64" slack="13"/>
<pin id="231" dir="1" index="1" bw="64" slack="13"/>
</pin_list>
<bind>
<opset="sext_ln341_cast "/>
</bind>
</comp>

<comp id="234" class="1005" name="o_1_reg_234">
<pin_list>
<pin id="235" dir="0" index="0" bw="3" slack="1"/>
<pin id="236" dir="1" index="1" bw="3" slack="1"/>
</pin_list>
<bind>
<opset="o_1 "/>
</bind>
</comp>

<comp id="239" class="1005" name="icmp_ln341_reg_239">
<pin_list>
<pin id="240" dir="0" index="0" bw="1" slack="12"/>
<pin id="241" dir="1" index="1" bw="1" slack="2147483647"/>
</pin_list>
<bind>
<opset="icmp_ln341 "/>
</bind>
</comp>

<comp id="243" class="1005" name="tmp_8_reg_243">
<pin_list>
<pin id="244" dir="0" index="0" bw="32" slack="1"/>
<pin id="245" dir="1" index="1" bw="32" slack="1"/>
</pin_list>
<bind>
<opset="tmp_8 "/>
</bind>
</comp>

<comp id="248" class="1005" name="div_i1_reg_248">
<pin_list>
<pin id="249" dir="0" index="0" bw="32" slack="1"/>
<pin id="250" dir="1" index="1" bw="32" slack="1"/>
</pin_list>
<bind>
<opset="div_i1 "/>
</bind>
</comp>

</comp_list>

<net_list>
<net id="75"><net_src comp="16" pin="0"/><net_sink comp="72" pin=0"/></net>

<net id="80"><net_src comp="18" pin="0"/><net_sink comp="76" pin=0"/></net>

<net id="81"><net_src comp="14" pin="0"/><net_sink comp="76" pin=1"/></net>

<net id="86"><net_src comp="18" pin="0"/><net_sink comp="82" pin=0"/></net>

<net id="87"><net_src comp="12" pin="0"/><net_sink comp="82" pin=1"/></net>

<net id="92"><net_src comp="18" pin="0"/><net_sink comp="88" pin=0"/></net>

<net id="93"><net_src comp="10" pin="0"/><net_sink comp="88" pin=1"/></net>

<net id="98"><net_src comp="18" pin="0"/><net_sink comp="94" pin=0"/></net>

<net id="99"><net_src comp="8" pin="0"/><net_sink comp="94" pin=1"/></net>

<net id="104"><net_src comp="18" pin="0"/><net_sink comp="100" pin=0"/></net>

<net id="105"><net_src comp="6" pin="0"/><net_sink comp="100" pin=1"/></net>

<net id="110"><net_src comp="18" pin="0"/><net_sink comp="106" pin=0"/></net>

<net id="111"><net_src comp="4" pin="0"/><net_sink comp="106" pin=1"/></net>

<net id="116"><net_src comp="20" pin="0"/><net_sink comp="112" pin=0"/></net>

<net id="117"><net_src comp="2" pin="0"/><net_sink comp="112" pin=1"/></net>

<net id="124"><net_src comp="68" pin="0"/><net_sink comp="118" pin=0"/></net>

<net id="125"><net_src comp="70" pin="0"/><net_sink comp="118" pin=3"/></net>

<net id="133"><net_src comp="112" pin="2"/><net_sink comp="130" pin=0"/></net>

<net id="138"><net_src comp="40" pin="0"/><net_sink comp="134" pin=0"/></net>

<net id="146"><net_src comp="139" pin="1"/><net_sink comp="142" pin=0"/></net>

<net id="147"><net_src comp="44" pin="0"/><net_sink comp="142" pin=1"/></net>

<net id="152"><net_src comp="139" pin="1"/><net_sink comp="148" pin=0"/></net>

<net id="153"><net_src comp="46" pin="0"/><net_sink comp="148" pin=1"/></net>

<net id="158"><net_src comp="148" pin="2"/><net_sink comp="154" pin=0"/></net>

<net id="174"><net_src comp="48" pin="0"/><net_sink comp="159" pin=0"/></net>

<net id="175"><net_src comp="40" pin="0"/><net_sink comp="159" pin=1"/></net>

<net id="176"><net_src comp="46" pin="0"/><net_sink comp="159" pin=3"/></net>

<net id="177"><net_src comp="50" pin="0"/><net_sink comp="159" pin=5"/></net>

<net id="178"><net_src comp="52" pin="0"/><net_sink comp="159" pin=7"/></net>

<net id="179"><net_src comp="54" pin="0"/><net_sink comp="159" pin=9"/></net>

<net id="180"><net_src comp="56" pin="0"/><net_sink comp="159" pin=11"/></net>

<net id="181"><net_src comp="159" pin="13"/><net_sink comp="126" pin=0"/></net>

<net id="186"><net_src comp="0" pin="0"/><net_sink comp="182" pin=0"/></net>

<net id="187"><net_src comp="182" pin="2"/><net_sink comp="118" pin=1"/></net>

<net id="191"><net_src comp="188" pin="1"/><net_sink comp="118" pin=2"/></net>

<net id="195"><net_src comp="72" pin="1"/><net_sink comp="192" pin=0"/></net>

<net id="196"><net_src comp="192" pin="1"/><net_sink comp="134" pin=1"/></net>

<net id="197"><net_src comp="192" pin="1"/><net_sink comp="139" pin=0"/></net>

<net id="198"><net_src comp="192" pin="1"/><net_sink comp="154" pin=1"/></net>

<net id="202"><net_src comp="76" pin="2"/><net_sink comp="199" pin=0"/></net>

<net id="203"><net_src comp="199" pin="1"/><net_sink comp="126" pin=1"/></net>

<net id="207"><net_src comp="82" pin="2"/><net_sink comp="204" pin=0"/></net>

<net id="208"><net_src comp="204" pin="1"/><net_sink comp="159" pin=10"/></net>

<net id="212"><net_src comp="88" pin="2"/><net_sink comp="209" pin=0"/></net>

<net id="213"><net_src comp="209" pin="1"/><net_sink comp="159" pin=8"/></net>

<net id="217"><net_src comp="94" pin="2"/><net_sink comp="214" pin=0"/></net>

<net id="218"><net_src comp="214" pin="1"/><net_sink comp="159" pin=6"/></net>

<net id="222"><net_src comp="100" pin="2"/><net_sink comp="219" pin=0"/></net>

<net id="223"><net_src comp="219" pin="1"/><net_sink comp="159" pin=4"/></net>

<net id="227"><net_src comp="106" pin="2"/><net_sink comp="224" pin=0"/></net>

<net id="228"><net_src comp="224" pin="1"/><net_sink comp="159" pin=2"/></net>

<net id="232"><net_src comp="130" pin="1"/><net_sink comp="229" pin=0"/></net>

<net id="233"><net_src comp="229" pin="1"/><net_sink comp="182" pin=1"/></net>

<net id="237"><net_src comp="139" pin="1"/><net_sink comp="234" pin=0"/></net>

<net id="238"><net_src comp="234" pin="1"/><net_sink comp="159" pin=12"/></net>

<net id="242"><net_src comp="142" pin="2"/><net_sink comp="239" pin=0"/></net>

<net id="246"><net_src comp="159" pin="13"/><net_sink comp="243" pin=0"/></net>

<net id="247"><net_src comp="243" pin="1"/><net_sink comp="126" pin=0"/></net>

<net id="251"><net_src comp="126" pin="2"/><net_sink comp="248" pin=0"/></net>

<net id="252"><net_src comp="248" pin="1"/><net_sink comp="188" pin=0"/></net>

</net_list>

</model> 
---------------- Datapath Model END ------------------

* FSMD analyzer results:
  - Output states:
	Port: OUTPUT_BUS | {14 }
 - Input state : 
	Port: ecg_cnn_top_Pipeline_VITIS_LOOP_341_5 : sext_ln341 | {1 }
	Port: ecg_cnn_top_Pipeline_VITIS_LOOP_341_5 : mux_case_0135169_reload | {1 }
	Port: ecg_cnn_top_Pipeline_VITIS_LOOP_341_5 : mux_case_1137172_reload | {1 }
	Port: ecg_cnn_top_Pipeline_VITIS_LOOP_341_5 : mux_case_2139175_reload | {1 }
	Port: ecg_cnn_top_Pipeline_VITIS_LOOP_341_5 : mux_case_3141178_reload | {1 }
	Port: ecg_cnn_top_Pipeline_VITIS_LOOP_341_5 : mux_case_4143181_reload | {1 }
	Port: ecg_cnn_top_Pipeline_VITIS_LOOP_341_5 : se_reload | {1 }
  - Chain level:
	State 1
		store_ln341 : 1
		o_1 : 1
		icmp_ln341 : 2
		add_ln341 : 2
		br_ln341 : 3
		store_ln341 : 3
	State 2
		div_i1 : 1
	State 3
	State 4
	State 5
	State 6
	State 7
	State 8
	State 9
	State 10
	State 11
	State 12
	State 13
	State 14
		write_ln341 : 1


============================================================
+ Verbose Summary: Datapath Resource usage 
============================================================

* Functional unit list:
|----------|------------------------------------------|---------|---------|
| Operation|              Functional Unit             |    FF   |   LUT   |
|----------|------------------------------------------|---------|---------|
| sparsemux|               tmp_8_fu_159               |    0    |    25   |
|----------|------------------------------------------|---------|---------|
|   icmp   |             icmp_ln341_fu_142            |    0    |    11   |
|----------|------------------------------------------|---------|---------|
|    add   |             add_ln341_fu_148             |    0    |    11   |
|----------|------------------------------------------|---------|---------|
|          |         se_reload_read_read_fu_76        |    0    |    0    |
|          |  mux_case_4143181_reload_read_read_fu_82 |    0    |    0    |
|          |  mux_case_3141178_reload_read_read_fu_88 |    0    |    0    |
|   read   |  mux_case_2139175_reload_read_read_fu_94 |    0    |    0    |
|          | mux_case_1137172_reload_read_read_fu_100 |    0    |    0    |
|          | mux_case_0135169_reload_read_read_fu_106 |    0    |    0    |
|          |        sext_ln341_read_read_fu_112       |    0    |    0    |
|----------|------------------------------------------|---------|---------|
|   write  |         write_ln341_write_fu_118         |    0    |    0    |
|----------|------------------------------------------|---------|---------|
|   fdiv   |                grp_fu_126                |    0    |    0    |
|----------|------------------------------------------|---------|---------|
|   sext   |          sext_ln341_cast_fu_130          |    0    |    0    |
|----------|------------------------------------------|---------|---------|
|   Total  |                                          |    0    |    47   |
|----------|------------------------------------------|---------|---------|

Memories:
N/A

* Register list:
+------------------------------------+--------+
|                                    |   FF   |
+------------------------------------+--------+
|           div_i1_reg_248           |   32   |
|         icmp_ln341_reg_239         |    1   |
|mux_case_0135169_reload_read_reg_224|   32   |
|mux_case_1137172_reload_read_reg_219|   32   |
|mux_case_2139175_reload_read_reg_214|   32   |
|mux_case_3141178_reload_read_reg_209|   32   |
|mux_case_4143181_reload_read_reg_204|   32   |
|             o_1_reg_234            |    3   |
|              o_reg_192             |    3   |
|       se_reload_read_reg_199       |   32   |
|       sext_ln341_cast_reg_229      |   64   |
|            tmp_8_reg_243           |   32   |
+------------------------------------+--------+
|                Total               |   327  |
+------------------------------------+--------+

* Multiplexer (MUX) list: 
|------------|------|------|------|--------||---------||---------||---------|
|    Comp    |  Pin | Size |  BW  | S x BW ||  Delay  ||    FF   ||   LUT   |
|------------|------|------|------|--------||---------||---------||---------|
| grp_fu_126 |  p0  |   2  |  32  |   64   ||    0    ||    9    |
|------------|------|------|------|--------||---------||---------||---------|
|    Total   |      |      |      |   64   ||  1.588  ||    0    ||    9    |
|------------|------|------|------|--------||---------||---------||---------|



* Summary:
+-----------+--------+--------+--------+
|           |  Delay |   FF   |   LUT  |
+-----------+--------+--------+--------+
|  Function |    -   |    0   |   47   |
|   Memory  |    -   |    -   |    -   |
|Multiplexer|    1   |    0   |    9   |
|  Register |    -   |   327  |    -   |
+-----------+--------+--------+--------+
|   Total   |    1   |   327  |   56   |
+-----------+--------+--------+--------+
